06:51:37 INFO Waiting for model:
  test-imfd6kbc/0 [idle] active: 
06:51:53 INFO Current reconcile ID: 8c058b89-4a38-4ecf-868e-7635e9e3c162
06:52:54 INFO Current reconcile ID: bebf6f89-84ef-4b1a-83e8-55bf562fe528
06:52:56 INFO Model status:

Model                      Controller           Cloud/Region         Version  SLA          Timestamp
test-charm-no-runner-gor0  github-pr-c6dfb-lxd  localhost/localhost  3.6.8    unsupported  06:52:56Z

App                                   Version  Status  Scale  Charm                        Channel      Rev  Exposed  Message
github-runner-image-builder-imfd6kbc           active      1  github-runner-image-builder  latest/edge  100  no       
test-imfd6kbc                                  active      1  github-runner                               0  no       

Unit                                     Workload  Agent  Machine  Public address  Ports  Message
github-runner-image-builder-imfd6kbc/0*  active    idle   0        10.69.67.47            
test-imfd6kbc/0*                         active    idle   1        10.69.67.171           

Machine  State    Address       Inst id        Base          AZ  Message
0        started  10.69.67.47   juju-adbfdf-0  ubuntu@22.04      Running
1        started  10.69.67.171  juju-adbfdf-1  ubuntu@22.04      Running

06:52:56 INFO Juju error logs:

machine-1: 06:27:48 ERROR juju.worker.dependency "kvm-container-provisioner" manifold worker returned unexpected error: container types not yet available
machine-1: 06:27:48 ERROR juju.worker.dependency "lxd-container-provisioner" manifold worker returned unexpected error: container types not yet available
unit-test-imfd6kbc-0: 06:27:48 ERROR juju.worker.meterstatus error running "meter-status-changed": charm missing from disk
machine-0: 06:27:54 ERROR juju.worker.dependency "kvm-container-provisioner" manifold worker returned unexpected error: container types not yet available
machine-0: 06:27:54 ERROR juju.worker.dependency "lxd-container-provisioner" manifold worker returned unexpected error: container types not yet available
unit-github-runner-image-builder-imfd6kbc-0: 06:27:55 ERROR juju.worker.meterstatus error running "meter-status-changed": charm missing from disk
unit-github-runner-image-builder-imfd6kbc-0: 06:28:53 ERROR unit.github-runner-image-builder-imfd6kbc/0.juju-log Pipx command failed, code: 1, out: None, err: None
unit-test-imfd6kbc-0: 06:29:20 ERROR unit.test-imfd6kbc/0.juju-log Missing image integration.
Traceback (most recent call last):
  File "/var/lib/juju/agents/unit-test-imfd6kbc-0/charm/./src/charm.py", line 118, in func_with_catch_errors
    func(self, event)
  File "/var/lib/juju/agents/unit-test-imfd6kbc-0/charm/./src/charm.py", line 342, in _on_config_changed
    self._check_image_ready()
  File "/var/lib/juju/agents/unit-test-imfd6kbc-0/charm/./src/charm.py", line 512, in _check_image_ready
    raise ImageIntegrationMissingError("No image integration found")
errors.ImageIntegrationMissingError: No image integration found
unit-test-imfd6kbc-0: 06:29:23 ERROR unit.test-imfd6kbc/0.juju-log Missing image integration.
Traceback (most recent call last):
  File "/var/lib/juju/agents/unit-test-imfd6kbc-0/charm/./src/charm.py", line 118, in func_with_catch_errors
    func(self, event)
  File "/var/lib/juju/agents/unit-test-imfd6kbc-0/charm/./src/charm.py", line 313, in _on_start
    self._check_image_ready()
  File "/var/lib/juju/agents/unit-test-imfd6kbc-0/charm/./src/charm.py", line 512, in _check_image_ready
    raise ImageIntegrationMissingError("No image integration found")
errors.ImageIntegrationMissingError: No image integration found
unit-test-imfd6kbc-0: 06:31:04 ERROR unit.test-imfd6kbc/0.juju-log image:0: Missing image in image integration.
Traceback (most recent call last):
  File "/var/lib/juju/agents/unit-test-imfd6kbc-0/charm/./src/charm.py", line 118, in func_with_catch_errors
    func(self, event)
  File "/var/lib/juju/agents/unit-test-imfd6kbc-0/charm/./src/charm.py", line 477, in _on_image_relation_changed
    self._check_image_ready()
  File "/var/lib/juju/agents/unit-test-imfd6kbc-0/charm/./src/charm.py", line 514, in _check_image_ready
    raise ImageNotFoundError("No image found in the image integration")
errors.ImageNotFoundError: No image found in the image integration

06:52:56 INFO Forgetting model main...