06:27:27 WARNING unexpected facade SSHServer received from the controller
06:27:27 INFO Adding model github-pr-a94c6-lxd:test-charm-fork-repo-nqhc on cloud localhost
06:27:27 WARNING unexpected facade SSHServer received from the controller
06:27:27 WARNING unexpected facade SSHSession received from the controller
06:27:27 WARNING unexpected facade SSHTunneler received from the controller
06:27:28 INFO Deploying ch:amd64/jammy/github-runner-image-builder-128
06:27:41 INFO Deploying local:jammy/github-runner-0
06:27:41 INFO Waiting for model:
  test-fb5hy5f8/0 [allocating] waiting: waiting for machine
  github-runner-image-builder-fb5hy5f8/0 [allocating] waiting: waiting for machine
06:28:11 INFO Waiting for model:
  test-fb5hy5f8/0 [allocating] waiting: waiting for machine
  github-runner-image-builder-fb5hy5f8/0 [allocating] waiting: waiting for machine
06:28:42 INFO Waiting for model:
  test-fb5hy5f8/0 [executing] maintenance: installing charm software
  github-runner-image-builder-fb5hy5f8/0 [executing] maintenance: Setting up Builder.
06:29:12 INFO Waiting for model:
  test-fb5hy5f8/0 [executing] maintenance: installing charm software
  github-runner-image-builder-fb5hy5f8/0 [executing] maintenance: Setting up Builder.
06:29:42 INFO Waiting for model:
  test-fb5hy5f8/0 [idle] blocked: Please provide image integration.
  github-runner-image-builder-fb5hy5f8/0 [executing] maintenance: Setting up Builder.
06:30:12 INFO Waiting for model:
  test-fb5hy5f8/0 [idle] blocked: Please provide image integration.
  github-runner-image-builder-fb5hy5f8/0 [executing] maintenance: Setting up Builder.
06:30:43 INFO Waiting for model:
  test-fb5hy5f8/0 [idle] waiting: Waiting for image over integration.
  github-runner-image-builder-fb5hy5f8/0 [executing] active: Building image.
06:31:13 INFO Waiting for model:
  test-fb5hy5f8/0 [idle] waiting: Waiting for image over integration.
  github-runner-image-builder-fb5hy5f8/0 [executing] active: Building image.
06:31:44 INFO Waiting for model:
  test-fb5hy5f8/0 [idle] waiting: Waiting for image over integration.
  github-runner-image-builder-fb5hy5f8/0 [executing] active: Building image.
06:32:14 INFO Waiting for model:
  test-fb5hy5f8/0 [idle] waiting: Waiting for image over integration.
  github-runner-image-builder-fb5hy5f8/0 [executing] active: Building image.
06:32:44 INFO Waiting for model:
  test-fb5hy5f8/0 [idle] waiting: Waiting for image over integration.
  github-runner-image-builder-fb5hy5f8/0 [executing] active: Building image.
06:33:15 INFO Waiting for model:
  test-fb5hy5f8/0 [idle] waiting: Waiting for image over integration.
  github-runner-image-builder-fb5hy5f8/0 [executing] active: Building image.
06:33:45 INFO Waiting for model:
  test-fb5hy5f8/0 [idle] waiting: Waiting for image over integration.
  github-runner-image-builder-fb5hy5f8/0 [executing] active: Building image.
06:34:15 INFO Waiting for model:
  test-fb5hy5f8/0 [idle] waiting: Waiting for image over integration.
  github-runner-image-builder-fb5hy5f8/0 [executing] active: Building image.
06:34:46 INFO Waiting for model:
  test-fb5hy5f8/0 [idle] waiting: Waiting for image over integration.
  github-runner-image-builder-fb5hy5f8/0 [executing] active: Building image.
06:35:16 INFO Waiting for model:
  test-fb5hy5f8/0 [idle] waiting: Waiting for image over integration.
  github-runner-image-builder-fb5hy5f8/0 [executing] active: Building image.
06:35:47 INFO Waiting for model:
  test-fb5hy5f8/0 [idle] waiting: Waiting for image over integration.
  github-runner-image-builder-fb5hy5f8/0 [executing] active: Building image.
06:36:17 INFO Waiting for model:
  test-fb5hy5f8/0 [idle] waiting: Waiting for image over integration.
  github-runner-image-builder-fb5hy5f8/0 [executing] active: Building image.
06:36:47 INFO Waiting for model:
  test-fb5hy5f8/0 [idle] waiting: Waiting for image over integration.
  github-runner-image-builder-fb5hy5f8/0 [executing] active: Building image.
06:37:18 INFO Waiting for model:
  test-fb5hy5f8/0 [idle] waiting: Waiting for image over integration.
  github-runner-image-builder-fb5hy5f8/0 [executing] active: Building image.
06:37:48 INFO Waiting for model:
  test-fb5hy5f8/0 [idle] waiting: Waiting for image over integration.
  github-runner-image-builder-fb5hy5f8/0 [executing] active: Building image.
06:38:18 INFO Waiting for model:
  test-fb5hy5f8/0 [idle] waiting: Waiting for image over integration.
  github-runner-image-builder-fb5hy5f8/0 [executing] active: Building image.
06:38:49 INFO Waiting for model:
  test-fb5hy5f8/0 [idle] waiting: Waiting for image over integration.
  github-runner-image-builder-fb5hy5f8/0 [executing] active: Building image.
06:39:19 INFO Waiting for model:
  test-fb5hy5f8/0 [idle] waiting: Waiting for image over integration.
  github-runner-image-builder-fb5hy5f8/0 [executing] active: Building image.
06:39:50 INFO Waiting for model:
  test-fb5hy5f8/0 [idle] waiting: Waiting for image over integration.
  github-runner-image-builder-fb5hy5f8/0 [executing] active: Building image.
06:40:20 INFO Waiting for model:
  test-fb5hy5f8/0 [idle] waiting: Waiting for image over integration.
  github-runner-image-builder-fb5hy5f8/0 [executing] active: Building image.
06:40:51 INFO Waiting for model:
  test-fb5hy5f8/0 [idle] waiting: Waiting for image over integration.
  github-runner-image-builder-fb5hy5f8/0 [executing] active: Building image.
06:41:21 INFO Waiting for model:
  test-fb5hy5f8/0 [idle] waiting: Waiting for image over integration.
  github-runner-image-builder-fb5hy5f8/0 [executing] active: Building image.
06:41:51 INFO Waiting for model:
  test-fb5hy5f8/0 [idle] waiting: Waiting for image over integration.
  github-runner-image-builder-fb5hy5f8/0 [executing] active: Building image.
06:42:22 INFO Waiting for model:
  test-fb5hy5f8/0 [idle] waiting: Waiting for image over integration.
  github-runner-image-builder-fb5hy5f8/0 [executing] active: Building image.
06:42:52 INFO Waiting for model:
  test-fb5hy5f8/0 [idle] waiting: Waiting for image over integration.
  github-runner-image-builder-fb5hy5f8/0 [executing] active: Building image.
06:43:22 INFO Waiting for model:
  test-fb5hy5f8/0 [idle] waiting: Waiting for image over integration.
  github-runner-image-builder-fb5hy5f8/0 [executing] active: Building image.
06:43:52 INFO Waiting for model:
  test-fb5hy5f8/0 [idle] waiting: Waiting for image over integration.
  github-runner-image-builder-fb5hy5f8/0 [executing] active: Building image.
06:44:22 INFO Waiting for model:
  test-fb5hy5f8/0 [idle] waiting: Waiting for image over integration.
  github-runner-image-builder-fb5hy5f8/0 [executing] active: Building image.
06:44:53 INFO Waiting for model:
  test-fb5hy5f8/0 [idle] waiting: Waiting for image over integration.
  github-runner-image-builder-fb5hy5f8/0 [executing] active: Building image.
06:45:23 INFO Waiting for model:
  test-fb5hy5f8/0 [executing] maintenance: Update image for runners
  github-runner-image-builder-fb5hy5f8/0 [idle] active: 
06:45:50 INFO GitHub token rate limit: Rate(reset=2025-11-10 07:40:35+00:00, remaining=4978, limit=5000)
06:46:40 INFO Waiting for model:
  test-fb5hy5f8/0 [idle] active: 
06:47:10 INFO Waiting for model:
  test-fb5hy5f8/0 [idle] active: 
06:47:13 INFO Current reconcile ID: 5fa6be4a-5bfb-4f77-87c5-55e05d45e380
06:47:13 INFO Waiting for reconcile ID: 5fa6be4a-5bfb-4f77-87c5-55e05d45e380
06:48:14 INFO Current reconcile ID: 5fa6be4a-5bfb-4f77-87c5-55e05d45e380
06:48:14 INFO Current reconcile ID: 5fa6be4a-5bfb-4f77-87c5-55e05d45e380, expected reconcile ID: 5fa6be4a-5bfb-4f77-87c5-55e05d45e380
06:48:14 INFO Waiting for reconcile ID: 5fa6be4a-5bfb-4f77-87c5-55e05d45e380
06:49:15 INFO Current reconcile ID: 3a3aeb0b-e127-49a3-90d3-816e58007df7
06:49:15 INFO Current reconcile ID: 3a3aeb0b-e127-49a3-90d3-816e58007df7, expected reconcile ID: 5fa6be4a-5bfb-4f77-87c5-55e05d45e380
06:49:18 INFO [TEST SETUP] Exposing port 8080 on test-fb5hy5f8-0-n-13fba0311097
06:49:18 WARNING dict_values([[{'version': 4, 'addr': '10.151.122.203', 'OS-EXT-IPS:type': 'fixed', 'OS-EXT-IPS-MAC:mac_addr': 'fa:16:3e:1a:bf:72'}]])
06:49:19 INFO ssh tunnel command ssh -fNT -R 8080:localhost:8080 -i /home/runner-manager/.ssh/test-fb5hy5f8-0-n-13fba0311097.key -o "StrictHostKeyChecking no" -o "ControlPersist yes" ubuntu@10.151.122.203 &
06:49:20 INFO ssh tunnel result 0 None Warning: Permanently added '10.151.122.203' (ED25519) to the list of known hosts.

06:49:22 INFO [TEST SETUP] Run command nc -z localhost 8080 on test-fb5hy5f8-0-n-13fba0311097
06:49:22 WARNING dict_values([[{'version': 4, 'addr': '10.151.122.203', 'OS-EXT-IPS:type': 'fixed', 'OS-EXT-IPS-MAC:mac_addr': 'fa:16:3e:1a:bf:72'}]])
06:49:23 WARNING ssh_cmd: su - ubuntu -c 'ssh -i /home/runner-manager/.ssh/test-fb5hy5f8-0-n-13fba0311097.key -o "StrictHostKeyChecking no" ubuntu@10.151.122.203 nc -z localhost 8080'
06:49:24 INFO Run command 'nc -z localhost 8080' in runner with result 0: 'None' 'Connection to localhost (127.0.0.1) 8080 port [tcp/http-alt] succeeded!
'
06:49:25 INFO [TEST SETUP] Run command curl http://localhost:8080 on test-fb5hy5f8-0-n-13fba0311097
06:49:25 WARNING dict_values([[{'version': 4, 'addr': '10.151.122.203', 'OS-EXT-IPS:type': 'fixed', 'OS-EXT-IPS-MAC:mac_addr': 'fa:16:3e:1a:bf:72'}]])
06:49:26 WARNING ssh_cmd: su - ubuntu -c 'ssh -i /home/runner-manager/.ssh/test-fb5hy5f8-0-n-13fba0311097.key -o "StrictHostKeyChecking no" ubuntu@10.151.122.203 curl http://localhost:8080'
06:49:27 INFO Run command 'curl http://localhost:8080' in runner with result 0: '<!doctype html>
<html lang=en>
<title>404 Not Found</title>
<h1>Not Found</h1>
<p>The requested URL was not found on the server. If you entered the URL manually please check your spelling and try again.</p>
' '  % Total    % Received % Xferd  Average Speed   Time    Time     Time  Current
                                 Dload  Upload   Total   Spent    Left  Speed
  0     0    0     0    0     0      0      0 --:--:-- --:--:-- --:--:--     0100   207  100   207    0     0   122k      0 --:--:-- --:--:-- --:--:--  202k
'
06:49:29 INFO Wait for condition not met, sleeping 10
06:49:39 INFO Wait for condition not met, sleeping 60
06:50:45 INFO Model status:

Model                      Controller           Cloud/Region         Version  SLA          Timestamp
test-charm-fork-repo-nqhc  github-pr-a94c6-lxd  localhost/localhost  3.6.11   unsupported  06:50:45Z

App                                   Version  Status  Scale  Charm                        Channel      Rev  Exposed  Message
github-runner-image-builder-fb5hy5f8           active      1  github-runner-image-builder  latest/edge  128  no       
test-fb5hy5f8                                  active      1  github-runner                               0  yes      

Unit                                     Workload  Agent  Machine  Public address  Ports     Message
github-runner-image-builder-fb5hy5f8/0*  active    idle   0        10.235.71.95              
test-fb5hy5f8/0*                         active    idle   1        10.235.71.248   8080/tcp  

Machine  State    Address        Inst id        Base          AZ             Message
0        started  10.235.71.95   juju-4813f7-0  ubuntu@22.04  github-runner  Running
1        started  10.235.71.248  juju-4813f7-1  ubuntu@22.04  github-runner  Running

06:50:45 INFO Juju error logs:

machine-0: 06:28:18 ERROR juju.worker.dependency "lxd-container-provisioner" manifold worker returned unexpected error: container types not yet available
machine-0: 06:28:18 ERROR juju.worker.dependency "kvm-container-provisioner" manifold worker returned unexpected error: container types not yet available
machine-1: 06:28:18 ERROR juju.worker.dependency "kvm-container-provisioner" manifold worker returned unexpected error: container types not yet available
machine-1: 06:28:18 ERROR juju.worker.dependency "lxd-container-provisioner" manifold worker returned unexpected error: container types not yet available
unit-github-runner-image-builder-fb5hy5f8-0: 06:28:59 ERROR unit.github-runner-image-builder-fb5hy5f8/0.juju-log Pipx command failed, code: 1, out: None, err: None
unit-test-fb5hy5f8-0: 06:29:13 ERROR unit.test-fb5hy5f8/0.juju-log Missing image integration.
Traceback (most recent call last):
  File "/var/lib/juju/agents/unit-test-fb5hy5f8-0/charm/./src/charm.py", line 118, in func_with_catch_errors
    func(self, event)
  File "/var/lib/juju/agents/unit-test-fb5hy5f8-0/charm/./src/charm.py", line 342, in _on_config_changed
    self._check_image_ready()
  File "/var/lib/juju/agents/unit-test-fb5hy5f8-0/charm/./src/charm.py", line 512, in _check_image_ready
    raise ImageIntegrationMissingError("No image integration found")
errors.ImageIntegrationMissingError: No image integration found
unit-test-fb5hy5f8-0: 06:29:14 ERROR unit.test-fb5hy5f8/0.juju-log Missing image integration.
Traceback (most recent call last):
  File "/var/lib/juju/agents/unit-test-fb5hy5f8-0/charm/./src/charm.py", line 118, in func_with_catch_errors
    func(self, event)
  File "/var/lib/juju/agents/unit-test-fb5hy5f8-0/charm/./src/charm.py", line 313, in _on_start
    self._check_image_ready()
  File "/var/lib/juju/agents/unit-test-fb5hy5f8-0/charm/./src/charm.py", line 512, in _check_image_ready
    raise ImageIntegrationMissingError("No image integration found")
errors.ImageIntegrationMissingError: No image integration found
unit-test-fb5hy5f8-0: 06:30:15 ERROR unit.test-fb5hy5f8/0.juju-log image:0: Missing image in image integration.
Traceback (most recent call last):
  File "/var/lib/juju/agents/unit-test-fb5hy5f8-0/charm/./src/charm.py", line 118, in func_with_catch_errors
    func(self, event)
  File "/var/lib/juju/agents/unit-test-fb5hy5f8-0/charm/./src/charm.py", line 477, in _on_image_relation_changed
    self._check_image_ready()
  File "/var/lib/juju/agents/unit-test-fb5hy5f8-0/charm/./src/charm.py", line 514, in _check_image_ready
    raise ImageNotFoundError("No image found in the image integration")
errors.ImageNotFoundError: No image found in the image integration

06:50:45 INFO Forgetting model main...