06:27:44 WARNING unexpected facade SSHServer received from the controller
06:27:44 INFO Adding model github-pr-54d54-lxd:test-charm-upgrade-utsc on cloud localhost
06:27:44 WARNING unexpected facade SSHServer received from the controller
06:27:44 WARNING unexpected facade SSHSession received from the controller
06:27:44 WARNING unexpected facade SSHTunneler received from the controller
06:27:46 INFO Deploying ch:amd64/jammy/github-runner-image-builder-100
06:28:05 INFO Deploying local:jammy/github-runner-0
06:28:06 INFO Waiting for model:
  test-etvkl80r/0 [allocating] waiting: waiting for machine
  github-runner-image-builder-etvkl80r/0 [allocating] waiting: waiting for machine
06:28:36 INFO Waiting for model:
  test-etvkl80r/0 [allocating] waiting: waiting for machine
  github-runner-image-builder-etvkl80r/0 [allocating] waiting: waiting for machine
06:29:06 INFO Waiting for model:
  test-etvkl80r/0 [allocating] waiting: agent initialising
  github-runner-image-builder-etvkl80r/0 [executing] maintenance: Setting up Builder.
06:29:36 INFO Waiting for model:
  test-etvkl80r/0 [executing] maintenance: installing charm software
  github-runner-image-builder-etvkl80r/0 [executing] maintenance: Setting up Builder.
06:30:06 INFO Waiting for model:
  test-etvkl80r/0 [idle] blocked: Please provide image integration.
  github-runner-image-builder-etvkl80r/0 [executing] maintenance: Setting up Builder.
06:30:36 INFO Waiting for model:
  test-etvkl80r/0 [idle] blocked: Please provide image integration.
  github-runner-image-builder-etvkl80r/0 [executing] maintenance: Setting up Builder.
06:31:06 INFO Waiting for model:
  test-etvkl80r/0 [idle] blocked: Please provide image integration.
  github-runner-image-builder-etvkl80r/0 [executing] maintenance: Setting up Builder.
06:31:36 INFO Waiting for model:
  test-etvkl80r/0 [idle] blocked: Please provide image integration.
  github-runner-image-builder-etvkl80r/0 [executing] maintenance: Setting up Builder.
06:32:06 INFO Waiting for model:
  test-etvkl80r/0 [idle] waiting: Waiting for image over integration.
  github-runner-image-builder-etvkl80r/0 [executing] active: Building image.
06:32:36 INFO Waiting for model:
  test-etvkl80r/0 [idle] waiting: Waiting for image over integration.
  github-runner-image-builder-etvkl80r/0 [executing] active: Building image.
06:33:06 INFO Waiting for model:
  test-etvkl80r/0 [idle] waiting: Waiting for image over integration.
  github-runner-image-builder-etvkl80r/0 [executing] active: Building image.
06:33:36 INFO Waiting for model:
  test-etvkl80r/0 [idle] waiting: Waiting for image over integration.
  github-runner-image-builder-etvkl80r/0 [executing] active: Building image.
06:34:06 INFO Waiting for model:
  test-etvkl80r/0 [idle] waiting: Waiting for image over integration.
  github-runner-image-builder-etvkl80r/0 [executing] active: Building image.
06:34:36 INFO Waiting for model:
  test-etvkl80r/0 [idle] waiting: Waiting for image over integration.
  github-runner-image-builder-etvkl80r/0 [executing] active: Building image.
06:35:06 INFO Waiting for model:
  test-etvkl80r/0 [idle] waiting: Waiting for image over integration.
  github-runner-image-builder-etvkl80r/0 [executing] active: Building image.
06:35:36 INFO Waiting for model:
  test-etvkl80r/0 [idle] waiting: Waiting for image over integration.
  github-runner-image-builder-etvkl80r/0 [executing] active: Building image.
06:36:06 INFO Waiting for model:
  test-etvkl80r/0 [idle] waiting: Waiting for image over integration.
  github-runner-image-builder-etvkl80r/0 [executing] active: Building image.
06:36:36 INFO Waiting for model:
  test-etvkl80r/0 [idle] waiting: Waiting for image over integration.
  github-runner-image-builder-etvkl80r/0 [executing] active: Building image.
06:37:06 INFO Waiting for model:
  test-etvkl80r/0 [idle] waiting: Waiting for image over integration.
  github-runner-image-builder-etvkl80r/0 [executing] active: Building image.
06:37:36 INFO Waiting for model:
  test-etvkl80r/0 [idle] waiting: Waiting for image over integration.
  github-runner-image-builder-etvkl80r/0 [executing] active: Building image.
06:38:06 INFO Waiting for model:
  test-etvkl80r/0 [idle] waiting: Waiting for image over integration.
  github-runner-image-builder-etvkl80r/0 [executing] active: Building image.
06:38:36 INFO Waiting for model:
  test-etvkl80r/0 [idle] waiting: Waiting for image over integration.
  github-runner-image-builder-etvkl80r/0 [executing] active: Building image.
06:39:07 INFO Waiting for model:
  test-etvkl80r/0 [idle] waiting: Waiting for image over integration.
  github-runner-image-builder-etvkl80r/0 [executing] active: Building image.
06:39:37 INFO Waiting for model:
  test-etvkl80r/0 [idle] waiting: Waiting for image over integration.
  github-runner-image-builder-etvkl80r/0 [executing] active: Building image.
06:40:07 INFO Waiting for model:
  test-etvkl80r/0 [idle] waiting: Waiting for image over integration.
  github-runner-image-builder-etvkl80r/0 [executing] active: Building image.
06:40:37 INFO Waiting for model:
  test-etvkl80r/0 [idle] waiting: Waiting for image over integration.
  github-runner-image-builder-etvkl80r/0 [executing] active: Building image.
06:41:07 INFO Waiting for model:
  test-etvkl80r/0 [idle] waiting: Waiting for image over integration.
  github-runner-image-builder-etvkl80r/0 [executing] active: Building image.
06:41:37 INFO Waiting for model:
  test-etvkl80r/0 [idle] waiting: Waiting for image over integration.
  github-runner-image-builder-etvkl80r/0 [executing] active: Building image.
06:42:07 INFO Waiting for model:
  test-etvkl80r/0 [idle] waiting: Waiting for image over integration.
  github-runner-image-builder-etvkl80r/0 [executing] active: Building image.
06:42:37 INFO Waiting for model:
  test-etvkl80r/0 [executing] maintenance: Update image for runners
  github-runner-image-builder-etvkl80r/0 [idle] active: 
06:43:07 INFO Waiting for model:
  test-etvkl80r/0 [idle] active: 
06:45:25 INFO Waiting for model:
  test-etvkl80r/0 [idle] active:
06:45:56 INFO Model status:

Model                    Controller           Cloud/Region         Version  SLA          Timestamp
test-charm-upgrade-utsc  github-pr-54d54-lxd  localhost/localhost  3.6.8    unsupported  06:45:56Z

App                                   Version  Status  Scale  Charm                        Channel      Rev  Exposed  Message
github-runner-image-builder-etvkl80r           active      1  github-runner-image-builder  latest/edge  100  no       
test-etvkl80r                                  active      1  github-runner                               1  no       

Unit                                     Workload  Agent  Machine  Public address  Ports  Message
github-runner-image-builder-etvkl80r/0*  active    idle   0        10.149.144.97          
test-etvkl80r/0*                         active    idle   1        10.149.144.185         

Machine  State    Address         Inst id        Base          AZ  Message
0        started  10.149.144.97   juju-4f315b-0  ubuntu@22.04      Running
1        started  10.149.144.185  juju-4f315b-1  ubuntu@22.04      Running

06:45:56 INFO Juju error logs:

unit-github-runner-image-builder-etvkl80r-0: 06:28:51 ERROR juju.worker.meterstatus error running "meter-status-changed": charm missing from disk
machine-0: 06:28:51 ERROR juju.worker.dependency "lxd-container-provisioner" manifold worker returned unexpected error: container types not yet available
machine-0: 06:28:51 ERROR juju.worker.dependency "kvm-container-provisioner" manifold worker returned unexpected error: container types not yet available
machine-1: 06:28:57 ERROR juju.worker.dependency "lxd-container-provisioner" manifold worker returned unexpected error: container types not yet available
machine-1: 06:28:57 ERROR juju.worker.dependency "kvm-container-provisioner" manifold worker returned unexpected error: container types not yet available
unit-test-etvkl80r-0: 06:28:57 ERROR juju.worker.meterstatus error running "meter-status-changed": charm missing from disk
unit-github-runner-image-builder-etvkl80r-0: 06:29:34 ERROR unit.github-runner-image-builder-etvkl80r/0.juju-log Pipx command failed, code: 1, out: None, err: None
unit-test-etvkl80r-0: 06:30:03 ERROR unit.test-etvkl80r/0.juju-log Missing image integration.
Traceback (most recent call last):
  File "/var/lib/juju/agents/unit-test-etvkl80r-0/charm/./src/charm.py", line 118, in func_with_catch_errors
    func(self, event)
  File "/var/lib/juju/agents/unit-test-etvkl80r-0/charm/./src/charm.py", line 342, in _on_config_changed
    self._check_image_ready()
  File "/var/lib/juju/agents/unit-test-etvkl80r-0/charm/./src/charm.py", line 512, in _check_image_ready
    raise ImageIntegrationMissingError("No image integration found")
errors.ImageIntegrationMissingError: No image integration found
unit-test-etvkl80r-0: 06:30:05 ERROR unit.test-etvkl80r/0.juju-log Missing image integration.
Traceback (most recent call last):
  File "/var/lib/juju/agents/unit-test-etvkl80r-0/charm/./src/charm.py", line 118, in func_with_catch_errors
    func(self, event)
  File "/var/lib/juju/agents/unit-test-etvkl80r-0/charm/./src/charm.py", line 313, in _on_start
    self._check_image_ready()
  File "/var/lib/juju/agents/unit-test-etvkl80r-0/charm/./src/charm.py", line 512, in _check_image_ready
    raise ImageIntegrationMissingError("No image integration found")
errors.ImageIntegrationMissingError: No image integration found
unit-test-etvkl80r-0: 06:31:50 ERROR unit.test-etvkl80r/0.juju-log image:0: Missing image in image integration.
Traceback (most recent call last):
  File "/var/lib/juju/agents/unit-test-etvkl80r-0/charm/./src/charm.py", line 118, in func_with_catch_errors
    func(self, event)
  File "/var/lib/juju/agents/unit-test-etvkl80r-0/charm/./src/charm.py", line 477, in _on_image_relation_changed
    self._check_image_ready()
  File "/var/lib/juju/agents/unit-test-etvkl80r-0/charm/./src/charm.py", line 514, in _check_image_ready
    raise ImageNotFoundError("No image found in the image integration")
errors.ImageNotFoundError: No image found in the image integration

06:45:56 INFO Forgetting model main...