18:30:48 INFO OpenStack servers: []
18:30:48 INFO Model status:

Model                      Controller           Cloud/Region         Version  SLA          Timestamp
test-charm-no-runner-dzq3  github-pr-e1eb1-lxd  localhost/localhost  3.6.9    unsupported  18:30:48Z

App                                   Version  Status   Scale  Charm                        Channel      Rev  Exposed  Message
github-runner-image-builder-uoqpzwkc           error        1  github-runner-image-builder  latest/edge  125  no       hook failed: "image-relation-changed"
test-uoqpzwkc                                  waiting      1  github-runner                               0  no       Waiting for image over integration.

Unit                                     Workload  Agent  Machine  Public address  Ports  Message
github-runner-image-builder-uoqpzwkc/0*  error     idle   0        10.157.212.25          hook failed: "image-relation-changed"
test-uoqpzwkc/0*                         waiting   idle   1        10.157.212.65          Waiting for image over integration.

Machine  State    Address        Inst id        Base          AZ             Message
0        started  10.157.212.25  juju-12b98b-0  ubuntu@22.04  github-runner  Running
1        started  10.157.212.65  juju-12b98b-1  ubuntu@22.04  github-runner  Running

18:30:48 INFO Juju error logs:

machine-0: 18:27:02 ERROR juju.worker.dependency "kvm-container-provisioner" manifold worker returned unexpected error: container types not yet available
machine-0: 18:27:02 ERROR juju.worker.dependency "lxd-container-provisioner" manifold worker returned unexpected error: container types not yet available
unit-github-runner-image-builder-uoqpzwkc-0: 18:27:02 ERROR juju.worker.meterstatus error running "meter-status-changed": charm missing from disk
machine-1: 18:27:04 ERROR juju.worker.dependency "kvm-container-provisioner" manifold worker returned unexpected error: container types not yet available
machine-1: 18:27:04 ERROR juju.worker.dependency "lxd-container-provisioner" manifold worker returned unexpected error: container types not yet available
unit-test-uoqpzwkc-0: 18:27:04 ERROR juju.worker.meterstatus error running "meter-status-changed": charm missing from disk
unit-github-runner-image-builder-uoqpzwkc-0: 18:27:41 ERROR unit.github-runner-image-builder-uoqpzwkc/0.juju-log Pipx command failed, code: 1, out: None, err: None
unit-test-uoqpzwkc-0: 18:27:55 ERROR unit.test-uoqpzwkc/0.juju-log Missing image integration.
Traceback (most recent call last):
  File "/var/lib/juju/agents/unit-test-uoqpzwkc-0/charm/./src/charm.py", line 118, in func_with_catch_errors
    func(self, event)
  File "/var/lib/juju/agents/unit-test-uoqpzwkc-0/charm/./src/charm.py", line 342, in _on_config_changed
    self._check_image_ready()
  File "/var/lib/juju/agents/unit-test-uoqpzwkc-0/charm/./src/charm.py", line 512, in _check_image_ready
    raise ImageIntegrationMissingError("No image integration found")
errors.ImageIntegrationMissingError: No image integration found
unit-test-uoqpzwkc-0: 18:27:56 ERROR unit.test-uoqpzwkc/0.juju-log Missing image integration.
Traceback (most recent call last):
  File "/var/lib/juju/agents/unit-test-uoqpzwkc-0/charm/./src/charm.py", line 118, in func_with_catch_errors
    func(self, event)
  File "/var/lib/juju/agents/unit-test-uoqpzwkc-0/charm/./src/charm.py", line 313, in _on_start
    self._check_image_ready()
  File "/var/lib/juju/agents/unit-test-uoqpzwkc-0/charm/./src/charm.py", line 512, in _check_image_ready
    raise ImageIntegrationMissingError("No image integration found")
errors.ImageIntegrationMissingError: No image integration found
unit-test-uoqpzwkc-0: 18:29:33 ERROR unit.test-uoqpzwkc/0.juju-log image:0: Missing image in image integration.
Traceback (most recent call last):
  File "/var/lib/juju/agents/unit-test-uoqpzwkc-0/charm/./src/charm.py", line 118, in func_with_catch_errors
    func(self, event)
  File "/var/lib/juju/agents/unit-test-uoqpzwkc-0/charm/./src/charm.py", line 477, in _on_image_relation_changed
    self._check_image_ready()
  File "/var/lib/juju/agents/unit-test-uoqpzwkc-0/charm/./src/charm.py", line 514, in _check_image_ready
    raise ImageNotFoundError("No image found in the image integration")
errors.ImageNotFoundError: No image found in the image integration
unit-github-runner-image-builder-uoqpzwkc-0: 18:30:03 ERROR unit.github-runner-image-builder-uoqpzwkc/0.juju-log image:0: Image build failed, code: 1, out: , err: None, stdout: 
unit-github-runner-image-builder-uoqpzwkc-0: 18:30:11 ERROR unit.github-runner-image-builder-uoqpzwkc/0.juju-log image:0: Image build failed, code: 1, out: , err: None, stdout: 
unit-github-runner-image-builder-uoqpzwkc-0: 18:30:18 ERROR unit.github-runner-image-builder-uoqpzwkc/0.juju-log image:0: Image build failed, code: 1, out: , err: None, stdout: 
unit-github-runner-image-builder-uoqpzwkc-0: 18:30:28 ERROR unit.github-runner-image-builder-uoqpzwkc/0.juju-log image:0: Image build failed, code: 1, out: , err: None, stdout: 

18:30:48 INFO Forgetting model main...