18:24:53 WARNING unexpected facade SSHServer received from the controller
18:24:53 INFO Adding model github-pr-b51b1-lxd:test-charm-fork-path-change-4cf1 on cloud localhost
18:24:53 WARNING unexpected facade SSHServer received from the controller
18:24:53 WARNING unexpected facade SSHSession received from the controller
18:24:53 WARNING unexpected facade SSHTunneler received from the controller
18:24:54 INFO Deploying ch:amd64/jammy/github-runner-image-builder-68
18:25:13 INFO Deploying local:jammy/github-runner-0
18:25:13 INFO Waiting for model:
  test-t4med6n8/0 [allocating] waiting: waiting for machine
  github-runner-image-builder-t4med6n8/0 [allocating] waiting: waiting for machine
18:25:43 INFO Waiting for model:
  test-t4med6n8/0 [allocating] waiting: waiting for machine
  github-runner-image-builder-t4med6n8/0 [allocating] waiting: waiting for machine
18:26:14 INFO Waiting for model:
  test-t4med6n8/0 [allocating] waiting: agent initialising
  github-runner-image-builder-t4med6n8/0 [executing] maintenance: Setting up Builder.
18:26:44 INFO Waiting for model:
  test-t4med6n8/0 [executing] maintenance: installing charm software
  github-runner-image-builder-t4med6n8/0 [executing] maintenance: Setting up Builder.
18:27:14 INFO Waiting for model:
  test-t4med6n8/0 [idle] blocked: Please provide image integration.
  github-runner-image-builder-t4med6n8/0 [executing] maintenance: Setting up Builder.
18:27:44 INFO Waiting for model:
  test-t4med6n8/0 [idle] blocked: Please provide image integration.
  github-runner-image-builder-t4med6n8/0 [executing] maintenance: Setting up Builder.
18:28:15 INFO Waiting for model:
  test-t4med6n8/0 [idle] blocked: Please provide image integration.
  github-runner-image-builder-t4med6n8/0 [executing] maintenance: Setting up Builder.
18:28:45 INFO Waiting for model:
  test-t4med6n8/0 [idle] waiting: Waiting for image over integration.
  github-runner-image-builder-t4med6n8/0 [executing] active: Building image.
18:29:16 INFO Waiting for model:
  test-t4med6n8/0 [idle] waiting: Waiting for image over integration.
  github-runner-image-builder-t4med6n8/0 [executing] active: Building image.
18:29:46 INFO Waiting for model:
  test-t4med6n8/0 [idle] waiting: Waiting for image over integration.
  github-runner-image-builder-t4med6n8/0 [executing] active: Building image.
18:30:16 INFO Waiting for model:
  test-t4med6n8/0 [idle] waiting: Waiting for image over integration.
  github-runner-image-builder-t4med6n8/0 [executing] active: Building image.
18:30:47 INFO Waiting for model:
  test-t4med6n8/0 [idle] waiting: Waiting for image over integration.
  github-runner-image-builder-t4med6n8/0 [executing] active: Building image.
18:31:17 INFO Waiting for model:
  test-t4med6n8/0 [idle] waiting: Waiting for image over integration.
  github-runner-image-builder-t4med6n8/0 [executing] active: Building image.
18:31:48 INFO Waiting for model:
  test-t4med6n8/0 [idle] waiting: Waiting for image over integration.
  github-runner-image-builder-t4med6n8/0 [executing] active: Building image.
18:32:18 INFO Waiting for model:
  test-t4med6n8/0 [idle] waiting: Waiting for image over integration.
  github-runner-image-builder-t4med6n8/0 [executing] active: Building image.
18:32:49 INFO Waiting for model:
  test-t4med6n8/0 [idle] waiting: Waiting for image over integration.
  github-runner-image-builder-t4med6n8/0 [executing] active: Building image.
18:33:19 INFO Waiting for model:
  test-t4med6n8/0 [idle] waiting: Waiting for image over integration.
  github-runner-image-builder-t4med6n8/0 [executing] active: Building image.
18:33:50 INFO Waiting for model:
  test-t4med6n8/0 [idle] waiting: Waiting for image over integration.
  github-runner-image-builder-t4med6n8/0 [executing] active: Building image.
18:34:20 INFO Waiting for model:
  test-t4med6n8/0 [idle] waiting: Waiting for image over integration.
  github-runner-image-builder-t4med6n8/0 [executing] active: Building image.
18:34:50 INFO Waiting for model:
  test-t4med6n8/0 [idle] waiting: Waiting for image over integration.
  github-runner-image-builder-t4med6n8/0 [executing] active: Building image.
18:35:20 INFO Waiting for model:
  test-t4med6n8/0 [idle] waiting: Waiting for image over integration.
  github-runner-image-builder-t4med6n8/0 [executing] active: Building image.
18:35:50 INFO Waiting for model:
  test-t4med6n8/0 [idle] waiting: Waiting for image over integration.
  github-runner-image-builder-t4med6n8/0 [executing] active: Building image.
18:36:20 INFO Waiting for model:
  test-t4med6n8/0 [idle] waiting: Waiting for image over integration.
  github-runner-image-builder-t4med6n8/0 [executing] active: Building image.
18:36:51 INFO Waiting for model:
  test-t4med6n8/0 [idle] waiting: Waiting for image over integration.
  github-runner-image-builder-t4med6n8/0 [executing] active: Building image.
18:37:21 INFO Waiting for model:
  test-t4med6n8/0 [idle] waiting: Waiting for image over integration.
  github-runner-image-builder-t4med6n8/0 [executing] active: Building image.
18:37:51 INFO Waiting for model:
  test-t4med6n8/0 [idle] waiting: Waiting for image over integration.
  github-runner-image-builder-t4med6n8/0 [executing] active: Building image.
18:38:21 INFO Waiting for model:
  test-t4med6n8/0 [executing] maintenance: Update image for runners
  github-runner-image-builder-t4med6n8/0 [idle] active: 
18:38:51 INFO Waiting for model:
  test-t4med6n8/0 [idle] active: 
18:39:03 INFO GitHub token rate limit: Rate(reset=2025-05-01 19:25:27+00:00, remaining=4980, limit=5000)
18:39:14 INFO test_path_config_change
18:39:14 INFO Waiting for model:
  test-t4med6n8/0 [idle] active: 
18:39:45 INFO Waiting for model:
  test-t4med6n8/0 [executing] maintenance: Reconciling runners
18:40:15 INFO Waiting for model:
  test-t4med6n8/0 [idle] active: 
18:40:36 INFO Ensure there is a runner (this calls reconcile)
18:46:04 INFO Waiting for model:
  test-t4med6n8/0 [executing] active: 
18:46:34 INFO Waiting for model:
  test-t4med6n8/0 [idle] active: 
18:46:34 INFO Reconciling (again)
18:47:25 INFO Waiting for model:
  test-t4med6n8/0 [executing] active: 
18:47:55 INFO Waiting for model:
  test-t4med6n8/0 [idle] active: 
18:47:58 INFO runners: ['test-t4med6n8-0-n-2892456303a3']
18:47:59 INFO runners in github repo: [SelfHostedActionsRunner(name="os-amd-jammy-staging-ps6-2-n-328e95268acc"), SelfHostedActionsRunner(name="os-amd-jammy-staging-ps6-2-n-36f148bcda0b"), SelfHostedActionsRunner(name="os-amd-jammy-staging-ps6-2-n-3b1f1cd196c9"), SelfHostedActionsRunner(name="os-amd-jammy-staging-ps6-2-n-6b29669d34cf"), SelfHostedActionsRunner(name="os-amd-jammy-staging-ps6-2-n-6df098355561"), SelfHostedActionsRunner(name="os-amd-jammy-staging-ps6-2-n-a0ee20fb7e29"), SelfHostedActionsRunner(name="os-amd-jammy-staging-ps6-2-n-bc4322e501f4"), SelfHostedActionsRunner(name="os-amd-jammy-staging-ps6-2-n-e7f187f486a1"), SelfHostedActionsRunner(name="os-amd-jammy-staging-ps6-2-n-fda87507736b"), SelfHostedActionsRunner(name="os-amd-jammy-staging-ps7-0-n-5d3a98d3bc3f"), SelfHostedActionsRunner(name="test-ag2ufx7h-0-n-d6b82f0190e3"), SelfHostedActionsRunner(name="test-ar0lmup1-0-n-06b684215398"), SelfHostedActionsRunner(name="test-c3iyfz5b-0-n-0085904637e3"), SelfHostedActionsRunner(name="test-cwi3lyq3-0-n-48b3f378a140"), SelfHostedActionsRunner(name="test-dk90h12p-0-n-3762dacb6cda"), SelfHostedActionsRunner(name="test-ffa20a1e-0-n-f879c13275b3"), SelfHostedActionsRunner(name="test-ftteb13v-0-n-38c7f2e10f03"), SelfHostedActionsRunner(name="test-g9dtoe7n-0-n-bfd42257a7f6"), SelfHostedActionsRunner(name="test-gejn51yk-0-n-31eec2ac3527"), SelfHostedActionsRunner(name="test-gejn51yk-0-n-3230c2ce6aff"), SelfHostedActionsRunner(name="test-gejn51yk-0-n-aab7c8e74fd9"), SelfHostedActionsRunner(name="test-gejn51yk-0-n-f14e083d9d9d"), SelfHostedActionsRunner(name="test-gejn51yk-0-n-fe66798edfac"), SelfHostedActionsRunner(name="test-hmnpmeu6-0-n-53ca90645224"), SelfHostedActionsRunner(name="test-hmnpmeu6-0-n-b14136d16fa9"), SelfHostedActionsRunner(name="test-ibw58npi-0-n-93a8dc8884d6"), SelfHostedActionsRunner(name="test-ibw58npi-0-n-b94ccba36eb2"), SelfHostedActionsRunner(name="test-iei8qrq3-0-n-5cc16a4a140c"), SelfHostedActionsRunner(name="test-ifn7bie6-0-n-5053389892dc"), SelfHostedActionsRunner(name="test-jej5gwc6-0-n-51bcc8e8e1f9"), SelfHostedActionsRunner(name="test-k2r01wsq-0-n-7640624e4ed7"), SelfHostedActionsRunner(name="test-kk2cz9id-0-n-ca8fee2a9bf4"), SelfHostedActionsRunner(name="test-kt0plmo7-0-n-6a2b11cea753"), SelfHostedActionsRunner(name="test-mdiyqlnv-0-n-ffea88c821f9"), SelfHostedActionsRunner(name="test-nn63uyzx-0-n-1b98b47e49f7"), SelfHostedActionsRunner(name="test-nn63uyzx-0-n-f491aa3eb655"), SelfHostedActionsRunner(name="test-riaeyrkg-0-n-5bd261d8e1b0"), SelfHostedActionsRunner(name="test-riaeyrkg-0-n-62de2c1465cf"), SelfHostedActionsRunner(name="test-rtp6c2wx-0-n-2cca4618fe68"), SelfHostedActionsRunner(name="test-s0bb4b5c-0-n-140e8e7039a1"), SelfHostedActionsRunner(name="test-sjg5fh5l-0-n-bc2120b8ee6f"), SelfHostedActionsRunner(name="test-sjg5fh5l-0-n-eec64b7cea3d"), SelfHostedActionsRunner(name="test-sv0dxjvx-0-n-001e4535d403"), SelfHostedActionsRunner(name="test-sv0dxjvx-0-n-b6e8eb270e52"), SelfHostedActionsRunner(name="test-sy5w6jk6-0-n-e951c70a6d9b"), SelfHostedActionsRunner(name="test-t1dk5qpt-0-n-45a5d5f14ef9"), SelfHostedActionsRunner(name="test-t1dk5qpt-0-n-5b183ebd6b97"), SelfHostedActionsRunner(name="test-tj693kia-0-n-f264ac287f6f"), SelfHostedActionsRunner(name="test-u2wrdczi-0-n-91ea0fac8391"), SelfHostedActionsRunner(name="test-y7ahdsg2-0-n-78d407b506f1"), SelfHostedActionsRunner(name="test-yev3f8mz-0-n-edb5de259f31"), SelfHostedActionsRunner(name="test-yqbokuh7-0-n-f1aa6c247c5d"), SelfHostedActionsRunner(name="test-z20c8xsr-0-n-5ab52c67ee21"), SelfHostedActionsRunner(name="test-zi4izkkj-0-n-ea19341ac76f"), SelfHostedActionsRunner(name="test-zwspvmuq-0-n-0ef076a43733")]
18:48:00 INFO Model status:

Model                             Controller           Cloud/Region         Version  SLA          Timestamp
test-charm-fork-path-change-4cf1  github-pr-b51b1-lxd  localhost/localhost  3.6.5    unsupported  18:48:00Z

App                                   Version  Status  Scale  Charm                        Channel      Rev  Exposed  Message
github-runner-image-builder-t4med6n8           active      1  github-runner-image-builder  latest/edge   68  no       
test-t4med6n8                                  active      1  github-runner                               0  no       

Unit                                     Workload  Agent  Machine  Public address  Ports  Message
github-runner-image-builder-t4med6n8/0*  active    idle   0        10.85.19.140           
test-t4med6n8/0*                         active    idle   1        10.85.19.110           

Machine  State    Address       Inst id        Base          AZ  Message
0        started  10.85.19.140  juju-ecbc9b-0  ubuntu@22.04      Running
1        started  10.85.19.110  juju-ecbc9b-1  ubuntu@22.04      Running

18:48:00 INFO Juju error logs:

machine-0: 18:25:59 ERROR juju.worker.dependency "lxd-container-provisioner" manifold worker returned unexpected error: container types not yet available
machine-0: 18:25:59 ERROR juju.worker.dependency "kvm-container-provisioner" manifold worker returned unexpected error: container types not yet available
unit-github-runner-image-builder-t4med6n8-0: 18:25:59 ERROR juju.worker.meterstatus error running "meter-status-changed": charm missing from disk
machine-1: 18:26:00 ERROR juju.worker.dependency "kvm-container-provisioner" manifold worker returned unexpected error: container types not yet available
machine-1: 18:26:00 ERROR juju.worker.dependency "lxd-container-provisioner" manifold worker returned unexpected error: container types not yet available
unit-test-t4med6n8-0: 18:26:00 ERROR juju.worker.meterstatus error running "meter-status-changed": charm missing from disk
unit-github-runner-image-builder-t4med6n8-0: 18:26:38 ERROR unit.github-runner-image-builder-t4med6n8/0.juju-log Pipx command failed, code: 1, out: None, err: None
unit-test-t4med6n8-0: 18:26:39 ERROR unit.test-t4med6n8/0.juju-log Command python3 -m pip uninstall github_runner_manager failed with code 2: b'ERROR: Exception:\nTraceback (most recent call last):\n  File "/usr/local/lib/python3.10/dist-packages/pip/_internal/cli/base_command.py", line 105, in _run_wrapper\n    status = _inner_run()\n  File "/usr/local/lib/python3.10/dist-packages/pip/_internal/cli/base_command.py", line 96, in _inner_run\n    return self.run(options, args)\n  File "/usr/local/lib/python3.10/dist-packages/pip/_internal/commands/uninstall.py", line 106, in run\n    uninstall_pathset = req.uninstall(\n  File "/usr/local/lib/python3.10/dist-packages/pip/_internal/req/req_install.py", line 723, in uninstall\n    uninstalled_pathset.remove(auto_confirm, verbose)\n  File "/usr/local/lib/python3.10/dist-packages/pip/_internal/req/req_uninstall.py", line 364, in remove\n    if auto_confirm or self._allowed_to_proceed(verbose):\n  File "/usr/local/lib/python3.10/dist-packages/pip/_internal/req/req_uninstall.py", line 404, in _allowed_to_proceed\n    return ask("Proceed (Y/n)? ", ("y", "n", "")) != "n"\n  File "/usr/local/lib/python3.10/dist-packages/pip/_internal/utils/misc.py", line 227, in ask\n    response = input(message)\nEOFError: EOF when reading a line\n'
unit-test-t4med6n8-0: 18:45:57 ERROR unit.test-t4med6n8/0.juju-log Timeout creating openstack server test-t4med6n8-0-n-2892456303a3
Traceback (most recent call last):
  File "/var/lib/juju/agents/unit-test-t4med6n8-0/charm/venv/github_runner_manager/openstack_cloud/openstack_cloud.py", line 245, in launch_instance
    server = conn.create_server(
  File "/var/lib/juju/agents/unit-test-t4med6n8-0/charm/venv/decorator.py", line 235, in fun
    return caller(func, *(extras + args), **kw)
  File "/var/lib/juju/agents/unit-test-t4med6n8-0/charm/venv/openstack/cloud/_utils.py", line 225, in func_wrapper
    return func(*args, **kwargs)
  File "/var/lib/juju/agents/unit-test-t4med6n8-0/charm/venv/openstack/cloud/_compute.py", line 1004, in create_server
    server = self.wait_for_server(
  File "/var/lib/juju/agents/unit-test-t4med6n8-0/charm/venv/openstack/cloud/_compute.py", line 1143, in wait_for_server
    for count in utils.iterate_timeout(
  File "/var/lib/juju/agents/unit-test-t4med6n8-0/charm/venv/openstack/utils.py", line 88, in iterate_timeout
    raise exceptions.ResourceTimeout(message)
openstack.exceptions.ResourceTimeout: Timeout waiting for the server to come up.
unit-test-t4med6n8-0: 18:46:00 ERROR unit.test-t4med6n8/0.juju-log Failed to spawn a runner.
Traceback (most recent call last):
  File "/var/lib/juju/agents/unit-test-t4med6n8-0/charm/venv/github_runner_manager/openstack_cloud/openstack_cloud.py", line 245, in launch_instance
    server = conn.create_server(
  File "/var/lib/juju/agents/unit-test-t4med6n8-0/charm/venv/decorator.py", line 235, in fun
    return caller(func, *(extras + args), **kw)
  File "/var/lib/juju/agents/unit-test-t4med6n8-0/charm/venv/openstack/cloud/_utils.py", line 225, in func_wrapper
    return func(*args, **kwargs)
  File "/var/lib/juju/agents/unit-test-t4med6n8-0/charm/venv/openstack/cloud/_compute.py", line 1004, in create_server
    server = self.wait_for_server(
  File "/var/lib/juju/agents/unit-test-t4med6n8-0/charm/venv/openstack/cloud/_compute.py", line 1143, in wait_for_server
    for count in utils.iterate_timeout(
  File "/var/lib/juju/agents/unit-test-t4med6n8-0/charm/venv/openstack/utils.py", line 88, in iterate_timeout
    raise exceptions.ResourceTimeout(message)
openstack.exceptions.ResourceTimeout: Timeout waiting for the server to come up.

The above exception was the direct cause of the following exception:

Traceback (most recent call last):
  File "/var/lib/juju/agents/unit-test-t4med6n8-0/charm/venv/github_runner_manager/openstack_cloud/openstack_runner_manager.py", line 148, in create_runner
    instance = self._openstack_cloud.launch_instance(
  File "/var/lib/juju/agents/unit-test-t4med6n8-0/charm/venv/github_runner_manager/openstack_cloud/openstack_cloud.py", line 142, in exception_handling_wrapper
    return func(*args, **kwargs)
  File "/var/lib/juju/agents/unit-test-t4med6n8-0/charm/venv/github_runner_manager/openstack_cloud/openstack_cloud.py", line 265, in launch_instance
    raise OpenStackError(f"Timeout creating openstack server {instance_id}") from err
github_runner_manager.errors.OpenStackError: Timeout creating openstack server test-t4med6n8-0-n-2892456303a3

The above exception was the direct cause of the following exception:

Traceback (most recent call last):
  File "/var/lib/juju/agents/unit-test-t4med6n8-0/charm/venv/github_runner_manager/manager/runner_manager.py", line 336, in _spawn_runners
    return (RunnerManager._create_runner(create_runner_args_sequence[0]),)
  File "/var/lib/juju/agents/unit-test-t4med6n8-0/charm/venv/github_runner_manager/manager/runner_manager.py", line 486, in _create_runner
    cloud_instance = args.cloud_runner_manager.create_runner(
  File "/var/lib/juju/agents/unit-test-t4med6n8-0/charm/venv/github_runner_manager/openstack_cloud/openstack_runner_manager.py", line 156, in create_runner
    raise RunnerCreateError(f"Failed to create {instance_id} openstack runner") from err
github_runner_manager.errors.RunnerCreateError: Failed to create test-t4med6n8-0-n-2892456303a3 openstack runner
unit-test-t4med6n8-0: 18:46:47 ERROR unit.test-t4med6n8/0.juju-log Health check failed due to unable to find keyfile for test-t4med6n8-0-n-2892456303a3
Traceback (most recent call last):
  File "/var/lib/juju/agents/unit-test-t4med6n8-0/charm/venv/github_runner_manager/openstack_cloud/openstack_runner_manager.py", line 460, in _check_state_and_flush
    ssh_conn = self._openstack_cloud.get_ssh_connection(instance)
  File "/var/lib/juju/agents/unit-test-t4med6n8-0/charm/venv/github_runner_manager/openstack_cloud/openstack_cloud.py", line 142, in exception_handling_wrapper
    return func(*args, **kwargs)
  File "/var/lib/juju/agents/unit-test-t4med6n8-0/charm/venv/github_runner_manager/openstack_cloud/openstack_cloud.py", line 341, in get_ssh_connection
    raise KeyfileError(
github_runner_manager.errors.KeyfileError: Missing keyfile for server: test-t4med6n8-0-n-2892456303a3, key path: /home/runner-manager/.ssh/test-t4med6n8-0-n-2892456303a3.key

18:48:00 INFO Forgetting model main...