INFO     pytest_operator.plugin:plugin.py:745 Adding model lxd:test-charm-scheduled-events-trzh on cloud localhost
WARNING  juju.client.connection:connection.py:893 unexpected facade AgentLifeFlag received from the controller
WARNING  juju.client.connection:connection.py:909 unknown common facade version for AgentLifeFlag,
versions known to client : [2, 3]
versions known to controller : [1]
WARNING  juju.client.connection:connection.py:893 unexpected facade SecretsDrain received from the controller
INFO     juju.model:model.py:1988 Deploying ch:amd64/github-runner-image-builder-2
INFO     juju.model:model.py:2641 Waiting for model:
  github-runner-image-builder (not enough units yet - 0/1)
INFO     juju.model:model.py:2641 Waiting for model:
  github-runner-image-builder/0 [allocating] waiting: waiting for machine
INFO     juju.model:model.py:2641 Waiting for model:
  github-runner-image-builder/0 [allocating] waiting: waiting for machine
INFO     juju.model:model.py:2641 Waiting for model:
  github-runner-image-builder/0 [allocating] waiting: waiting for machine
INFO     juju.model:model.py:2641 Waiting for model:
  github-runner-image-builder/0 [allocating] waiting: agent initialising
INFO     juju.model:model.py:2641 Waiting for model:
  github-runner-image-builder/0 [executing] maintenance: Setting up Builder.
INFO     juju.model:model.py:2641 Waiting for model:
  github-runner-image-builder/0 [executing] maintenance: Setting up Builder.
INFO     juju.model:model.py:2641 Waiting for model:
  github-runner-image-builder/0 [executing] maintenance: Setting up Builder.
INFO     juju.model:model.py:1988 Deploying local:jammy/github-runner-0
INFO     juju.model:model.py:2641 Waiting for model:
  test-v090f15n/0 [allocating] waiting: waiting for machine
INFO     juju.model:model.py:2641 Waiting for model:
  test-v090f15n/0 [allocating] waiting: waiting for machine
INFO     juju.model:model.py:2641 Waiting for model:
  test-v090f15n/0 [executing] blocked: Please provide image integration.
INFO     juju.model:model.py:2641 Waiting for model:
  test-v090f15n/0 [executing] maintenance: Reconciling runners
INFO     juju.model:model.py:2641 Waiting for model:
  test-v090f15n/0 [idle] active: 
INFO     juju.model:model.py:2641 Waiting for model:
  test-v090f15n/0 [idle] active: 
INFO     juju.model:model.py:2641 Waiting for model:
  test-v090f15n/0 [idle] active:
INFO     pytest_operator.plugin:plugin.py:929 Model status:

Model                             Controller  Cloud/Region         Version  SLA          Timestamp
test-charm-scheduled-events-trzh  lxd         localhost/localhost  3.1.10   unsupported  18:30:19Z

App                          Version  Status  Scale  Charm                        Channel      Rev  Exposed  Message
github-runner-image-builder           active      1  github-runner-image-builder  latest/edge    2  no       
test-v090f15n                         active      1  github-runner                               0  no       

Unit                            Workload  Agent  Machine  Public address  Ports  Message
github-runner-image-builder/0*  active    idle   0        10.36.19.43            
test-v090f15n/0*                active    idle   1        10.36.19.117           

Machine  State    Address       Inst id        Base          AZ  Message
0        started  10.36.19.43   juju-f540df-0  ubuntu@22.04      Running
1        started  10.36.19.117  juju-f540df-1  ubuntu@22.04      Running

INFO     pytest_operator.plugin:plugin.py:935 Juju error logs:

machine-0: 18:24:46 ERROR juju.worker.dependency "kvm-container-provisioner" manifold worker returned unexpected error: container types not yet available
machine-0: 18:24:46 ERROR juju.worker.dependency "lxd-container-provisioner" manifold worker returned unexpected error: container types not yet available
machine-0: 18:24:46 ERROR juju.worker.dependency "broker-tracker" manifold worker returned unexpected error: no container types determined
unit-github-runner-image-builder-0: 18:24:46 ERROR juju.worker.meterstatus error running "meter-status-changed": charm missing from disk
machine-1: 18:27:37 ERROR juju.worker.dependency "kvm-container-provisioner" manifold worker returned unexpected error: container types not yet available
machine-1: 18:27:37 ERROR juju.worker.dependency "broker-tracker" manifold worker returned unexpected error: no container types determined
machine-1: 18:27:37 ERROR juju.worker.dependency "lxd-container-provisioner" manifold worker returned unexpected error: container types not yet available
unit-test-v090f15n-0: 18:27:37 ERROR juju.worker.meterstatus error running "meter-status-changed": charm missing from disk
unit-test-v090f15n-0: 18:27:51 CRITICAL unit.test-v090f15n/0.juju-log test mode is enabled
unit-test-v090f15n-0: 18:27:53 CRITICAL unit.test-v090f15n/0.juju-log test mode is enabled
unit-test-v090f15n-0: 18:27:56 CRITICAL unit.test-v090f15n/0.juju-log image:0: test mode is enabled
unit-test-v090f15n-0: 18:27:57 CRITICAL unit.test-v090f15n/0.juju-log test mode is enabled
unit-test-v090f15n-0: 18:27:58 CRITICAL unit.test-v090f15n/0.juju-log test mode is enabled
unit-test-v090f15n-0: 18:27:59 CRITICAL unit.test-v090f15n/0.juju-log test mode is enabled
unit-test-v090f15n-0: 18:28:01 CRITICAL unit.test-v090f15n/0.juju-log test mode is enabled
unit-test-v090f15n-0: 18:28:01 CRITICAL unit.test-v090f15n/0.juju-log image:0: test mode is enabled
unit-test-v090f15n-0: 18:28:02 CRITICAL unit.test-v090f15n/0.juju-log image:0: test mode is enabled
unit-test-v090f15n-0: 18:28:58 CRITICAL unit.test-v090f15n/0.juju-log test mode is enabled
unit-test-v090f15n-0: 18:28:59 CRITICAL unit.test-v090f15n/0.juju-log test mode is enabled
unit-test-v090f15n-0: 18:29:17 ERROR unit.test-v090f15n/0.juju-log OpenStack API call failure
unit-test-v090f15n-0: 18:29:17 ERROR unit.test-v090f15n/0.juju-log Failed to spawn a runner.
Traceback (most recent call last):
  File "/var/lib/juju/agents/unit-test-v090f15n-0/charm/venv/github_runner_manager/openstack_cloud/openstack_cloud.py", line 138, in exception_handling_wrapper
    return func(*args, **kwargs)
  File "/var/lib/juju/agents/unit-test-v090f15n-0/charm/venv/github_runner_manager/openstack_cloud/openstack_cloud.py", line 224, in launch_instance
    keypair = self._setup_keypair(conn, full_name)
  File "/var/lib/juju/agents/unit-test-v090f15n-0/charm/venv/github_runner_manager/openstack_cloud/openstack_cloud.py", line 536, in _setup_keypair
    keypair = conn.create_keypair(name=name)
  File "/var/lib/juju/agents/unit-test-v090f15n-0/charm/venv/openstack/cloud/_compute.py", line 601, in create_keypair
    return self.compute.create_keypair(**keypair)
  File "/var/lib/juju/agents/unit-test-v090f15n-0/charm/venv/openstack/compute/v2/_proxy.py", line 631, in create_keypair
    return self._create(_keypair.Keypair, **attrs)
  File "/var/lib/juju/agents/unit-test-v090f15n-0/charm/venv/openstack/proxy.py", line 643, in _create
    return res.create(self, base_path=base_path)
  File "/var/lib/juju/agents/unit-test-v090f15n-0/charm/venv/openstack/resource.py", line 1533, in create
    self._translate_response(response, **response_kwargs)
  File "/var/lib/juju/agents/unit-test-v090f15n-0/charm/venv/openstack/resource.py", line 1285, in _translate_response
    exceptions.raise_from_response(response, error_message=error_message)
  File "/var/lib/juju/agents/unit-test-v090f15n-0/charm/venv/openstack/exceptions.py", line 247, in raise_from_response
    raise cls(
openstack.exceptions.ForbiddenException: ForbiddenException: 403: Client Error for url: https://nova.ps6.canonical.com:8774/v2.1/os-keypairs, Quota exceeded, too many key pairs.

The above exception was the direct cause of the following exception:

Traceback (most recent call last):
  File "/var/lib/juju/agents/unit-test-v090f15n-0/charm/venv/github_runner_manager/openstack_cloud/openstack_runner_manager.py", line 209, in create_runner
    instance = self._openstack_cloud.launch_instance(
  File "/var/lib/juju/agents/unit-test-v090f15n-0/charm/venv/github_runner_manager/openstack_cloud/openstack_cloud.py", line 144, in exception_handling_wrapper
    raise OpenStackError("Failed OpenStack API call") from exc
github_runner_manager.errors.OpenStackError: Failed OpenStack API call

The above exception was the direct cause of the following exception:

Traceback (most recent call last):
  File "/var/lib/juju/agents/unit-test-v090f15n-0/charm/venv/github_runner_manager/manager/runner_manager.py", line 276, in _spawn_runners
    return (RunnerManager._create_runner(create_runner_args_sequence[0]),)
  File "/var/lib/juju/agents/unit-test-v090f15n-0/charm/venv/github_runner_manager/manager/runner_manager.py", line 404, in _create_runner
    return args.cloud_runner_manager.create_runner(registration_token=args.registration_token)
  File "/var/lib/juju/agents/unit-test-v090f15n-0/charm/venv/github_runner_manager/openstack_cloud/openstack_runner_manager.py", line 217, in create_runner
    raise RunnerCreateError(f"Failed to create {instance_name} openstack runner") from err
github_runner_manager.errors.RunnerCreateError: Failed to create test-v090f15n-0-3a62df9e74a4 openstack runner
unit-test-v090f15n-0: 18:29:37 CRITICAL unit.test-v090f15n/0.juju-log test mode is enabled
unit-test-v090f15n-0: 18:29:54 ERROR unit.test-v090f15n/0.juju-log OpenStack API call failure
unit-test-v090f15n-0: 18:29:54 ERROR unit.test-v090f15n/0.juju-log Failed to spawn a runner.
Traceback (most recent call last):
  File "/var/lib/juju/agents/unit-test-v090f15n-0/charm/venv/github_runner_manager/openstack_cloud/openstack_cloud.py", line 138, in exception_handling_wrapper
    return func(*args, **kwargs)
  File "/var/lib/juju/agents/unit-test-v090f15n-0/charm/venv/github_runner_manager/openstack_cloud/openstack_cloud.py", line 224, in launch_instance
    keypair = self._setup_keypair(conn, full_name)
  File "/var/lib/juju/agents/unit-test-v090f15n-0/charm/venv/github_runner_manager/openstack_cloud/openstack_cloud.py", line 536, in _setup_keypair
    keypair = conn.create_keypair(name=name)
  File "/var/lib/juju/agents/unit-test-v090f15n-0/charm/venv/openstack/cloud/_compute.py", line 601, in create_keypair
    return self.compute.create_keypair(**keypair)
  File "/var/lib/juju/agents/unit-test-v090f15n-0/charm/venv/openstack/compute/v2/_proxy.py", line 631, in create_keypair
    return self._create(_keypair.Keypair, **attrs)
  File "/var/lib/juju/agents/unit-test-v090f15n-0/charm/venv/openstack/proxy.py", line 643, in _create
    return res.create(self, base_path=base_path)
  File "/var/lib/juju/agents/unit-test-v090f15n-0/charm/venv/openstack/resource.py", line 1533, in create
    self._translate_response(response, **response_kwargs)
  File "/var/lib/juju/agents/unit-test-v090f15n-0/charm/venv/openstack/resource.py", line 1285, in _translate_response
    exceptions.raise_from_response(response, error_message=error_message)
  File "/var/lib/juju/agents/unit-test-v090f15n-0/charm/venv/openstack/exceptions.py", line 247, in raise_from_response
    raise cls(
openstack.exceptions.ForbiddenException: ForbiddenException: 403: Client Error for url: https://nova.ps6.canonical.com:8774/v2.1/os-keypairs, Quota exceeded, too many key pairs.

The above exception was the direct cause of the following exception:

Traceback (most recent call last):
  File "/var/lib/juju/agents/unit-test-v090f15n-0/charm/venv/github_runner_manager/openstack_cloud/openstack_runner_manager.py", line 209, in create_runner
    instance = self._openstack_cloud.launch_instance(
  File "/var/lib/juju/agents/unit-test-v090f15n-0/charm/venv/github_runner_manager/openstack_cloud/openstack_cloud.py", line 144, in exception_handling_wrapper
    raise OpenStackError("Failed OpenStack API call") from exc
github_runner_manager.errors.OpenStackError: Failed OpenStack API call

The above exception was the direct cause of the following exception:

Traceback (most recent call last):
  File "/var/lib/juju/agents/unit-test-v090f15n-0/charm/venv/github_runner_manager/manager/runner_manager.py", line 276, in _spawn_runners
    return (RunnerManager._create_runner(create_runner_args_sequence[0]),)
  File "/var/lib/juju/agents/unit-test-v090f15n-0/charm/venv/github_runner_manager/manager/runner_manager.py", line 404, in _create_runner
    return args.cloud_runner_manager.create_runner(registration_token=args.registration_token)
  File "/var/lib/juju/agents/unit-test-v090f15n-0/charm/venv/github_runner_manager/openstack_cloud/openstack_runner_manager.py", line 217, in create_runner
    raise RunnerCreateError(f"Failed to create {instance_name} openstack runner") from err
github_runner_manager.errors.RunnerCreateError: Failed to create test-v090f15n-0-f523a8d20435 openstack runner

INFO     pytest_operator.plugin:plugin.py:1017 Forgetting model main...