18:26:08 WARNING unexpected facade SSHServer received from the controller
18:26:08 INFO Adding model github-pr-c6dfb-lxd:test-charm-upgrade-69w5 on cloud localhost
18:26:08 WARNING unexpected facade SSHServer received from the controller
18:26:08 WARNING unexpected facade SSHSession received from the controller
18:26:08 WARNING unexpected facade SSHTunneler received from the controller
18:26:10 INFO Deploying ch:amd64/jammy/github-runner-image-builder-100
18:26:40 INFO Deploying local:jammy/github-runner-0
18:26:40 INFO Waiting for model:
  test-p3133zst/0 [allocating] waiting: waiting for machine
  github-runner-image-builder-p3133zst/0 [allocating] waiting: waiting for machine
18:27:10 INFO Waiting for model:
  test-p3133zst/0 [allocating] waiting: waiting for machine
  github-runner-image-builder-p3133zst/0 [allocating] waiting: waiting for machine
18:27:40 INFO Waiting for model:
  test-p3133zst/0 [allocating] waiting: waiting for machine
  github-runner-image-builder-p3133zst/0 [allocating] waiting: waiting for machine
18:28:11 INFO Waiting for model:
  test-p3133zst/0 [allocating] waiting: agent initialising
  github-runner-image-builder-p3133zst/0 [executing] maintenance: Setting up Builder.
18:28:41 INFO Waiting for model:
  test-p3133zst/0 [executing] maintenance: installing charm software
  github-runner-image-builder-p3133zst/0 [executing] maintenance: Setting up Builder.
18:29:11 INFO Waiting for model:
  test-p3133zst/0 [executing] maintenance: installing charm software
  github-runner-image-builder-p3133zst/0 [executing] maintenance: Setting up Builder.
18:29:41 INFO Waiting for model:
  test-p3133zst/0 [idle] blocked: Please provide image integration.
  github-runner-image-builder-p3133zst/0 [executing] maintenance: Setting up Builder.
18:30:11 INFO Waiting for model:
  test-p3133zst/0 [idle] blocked: Please provide image integration.
  github-runner-image-builder-p3133zst/0 [executing] maintenance: Setting up Builder.
18:30:41 INFO Waiting for model:
  test-p3133zst/0 [idle] blocked: Please provide image integration.
  github-runner-image-builder-p3133zst/0 [executing] maintenance: Setting up Builder.
18:31:11 INFO Waiting for model:
  test-p3133zst/0 [idle] blocked: Please provide image integration.
  github-runner-image-builder-p3133zst/0 [executing] maintenance: Setting up Builder.
18:31:41 INFO Waiting for model:
  test-p3133zst/0 [idle] waiting: Waiting for image over integration.
  github-runner-image-builder-p3133zst/0 [executing] active: Building image.
18:32:11 INFO Waiting for model:
  test-p3133zst/0 [idle] waiting: Waiting for image over integration.
  github-runner-image-builder-p3133zst/0 [executing] active: Building image.
18:32:41 INFO Waiting for model:
  test-p3133zst/0 [idle] waiting: Waiting for image over integration.
  github-runner-image-builder-p3133zst/0 [executing] active: Building image.
18:33:11 INFO Waiting for model:
  test-p3133zst/0 [idle] waiting: Waiting for image over integration.
  github-runner-image-builder-p3133zst/0 [executing] active: Building image.
18:33:41 INFO Waiting for model:
  test-p3133zst/0 [idle] waiting: Waiting for image over integration.
  github-runner-image-builder-p3133zst/0 [executing] active: Building image.
18:34:11 INFO Waiting for model:
  test-p3133zst/0 [idle] waiting: Waiting for image over integration.
  github-runner-image-builder-p3133zst/0 [executing] active: Building image.
18:34:41 INFO Waiting for model:
  test-p3133zst/0 [idle] waiting: Waiting for image over integration.
  github-runner-image-builder-p3133zst/0 [executing] active: Building image.
18:35:11 INFO Waiting for model:
  test-p3133zst/0 [idle] waiting: Waiting for image over integration.
  github-runner-image-builder-p3133zst/0 [executing] active: Building image.
18:35:41 INFO Waiting for model:
  test-p3133zst/0 [idle] waiting: Waiting for image over integration.
  github-runner-image-builder-p3133zst/0 [executing] active: Building image.
18:36:12 INFO Waiting for model:
  test-p3133zst/0 [idle] waiting: Waiting for image over integration.
  github-runner-image-builder-p3133zst/0 [executing] active: Building image.
18:36:42 INFO Waiting for model:
  test-p3133zst/0 [idle] waiting: Waiting for image over integration.
  github-runner-image-builder-p3133zst/0 [executing] active: Building image.
18:37:12 INFO Waiting for model:
  test-p3133zst/0 [idle] waiting: Waiting for image over integration.
  github-runner-image-builder-p3133zst/0 [executing] active: Building image.
18:37:42 INFO Waiting for model:
  test-p3133zst/0 [idle] waiting: Waiting for image over integration.
  github-runner-image-builder-p3133zst/0 [executing] active: Building image.
18:38:12 INFO Waiting for model:
  test-p3133zst/0 [idle] waiting: Waiting for image over integration.
  github-runner-image-builder-p3133zst/0 [executing] active: Building image.
18:38:42 INFO Waiting for model:
  test-p3133zst/0 [idle] waiting: Waiting for image over integration.
  github-runner-image-builder-p3133zst/0 [executing] active: Building image.
18:39:12 INFO Waiting for model:
  test-p3133zst/0 [idle] waiting: Waiting for image over integration.
  github-runner-image-builder-p3133zst/0 [executing] active: Building image.
18:39:42 INFO Waiting for model:
  test-p3133zst/0 [idle] waiting: Waiting for image over integration.
  github-runner-image-builder-p3133zst/0 [executing] active: Building image.
18:40:12 INFO Waiting for model:
  test-p3133zst/0 [idle] waiting: Waiting for image over integration.
  github-runner-image-builder-p3133zst/0 [executing] active: Building image.
18:40:42 INFO Waiting for model:
  test-p3133zst/0 [idle] waiting: Waiting for image over integration.
  github-runner-image-builder-p3133zst/0 [executing] active: Building image.
18:41:12 INFO Waiting for model:
  test-p3133zst/0 [idle] waiting: Waiting for image over integration.
  github-runner-image-builder-p3133zst/0 [executing] active: Building image.
18:41:42 INFO Waiting for model:
  test-p3133zst/0 [idle] waiting: Waiting for image over integration.
  github-runner-image-builder-p3133zst/0 [executing] active: Building image.
18:42:12 INFO Waiting for model:
  test-p3133zst/0 [idle] waiting: Waiting for image over integration.
  github-runner-image-builder-p3133zst/0 [executing] active: Building image.
18:42:42 INFO Waiting for model:
  test-p3133zst/0 [idle] waiting: Waiting for image over integration.
  github-runner-image-builder-p3133zst/0 [executing] active: Building image.
18:43:12 INFO Waiting for model:
  test-p3133zst/0 [idle] waiting: Waiting for image over integration.
  github-runner-image-builder-p3133zst/0 [executing] active: Building image.
18:43:43 INFO Waiting for model:
  test-p3133zst/0 [idle] waiting: Waiting for image over integration.
  github-runner-image-builder-p3133zst/0 [executing] active: Building image.
18:44:13 INFO Waiting for model:
  test-p3133zst/0 [idle] waiting: Waiting for image over integration.
  github-runner-image-builder-p3133zst/0 [executing] active: Building image.
18:44:43 INFO Waiting for model:
  test-p3133zst/0 [idle] waiting: Waiting for image over integration.
  github-runner-image-builder-p3133zst/0 [executing] active: Building image.
18:45:13 INFO Waiting for model:
  test-p3133zst/0 [idle] waiting: Waiting for image over integration.
  github-runner-image-builder-p3133zst/0 [executing] active: Building image.
18:45:43 INFO Waiting for model:
  test-p3133zst/0 [idle] waiting: Waiting for image over integration.
  github-runner-image-builder-p3133zst/0 [executing] active: Building image.
18:46:13 INFO Waiting for model:
  test-p3133zst/0 [idle] waiting: Waiting for image over integration.
  github-runner-image-builder-p3133zst/0 [executing] active: Building image.
18:46:43 INFO Waiting for model:
  test-p3133zst/0 [idle] waiting: Waiting for image over integration.
  github-runner-image-builder-p3133zst/0 [executing] active: Building image.
18:47:13 INFO Waiting for model:
  test-p3133zst/0 [idle] waiting: Waiting for image over integration.
  github-runner-image-builder-p3133zst/0 [executing] active: Building image.
18:47:43 INFO Waiting for model:
  test-p3133zst/0 [idle] waiting: Waiting for image over integration.
  github-runner-image-builder-p3133zst/0 [executing] active: Building image.
18:48:13 INFO Waiting for model:
  test-p3133zst/0 [idle] waiting: Waiting for image over integration.
  github-runner-image-builder-p3133zst/0 [executing] active: Building image.
18:48:43 INFO Waiting for model:
  test-p3133zst/0 [executing] maintenance: Update image for runners
  github-runner-image-builder-p3133zst/0 [idle] active: 
18:49:13 INFO Waiting for model:
  test-p3133zst/0 [idle] active: 
18:52:33 INFO Waiting for model:
  test-p3133zst/0 [idle] active:
18:53:05 INFO Model status:

Model                    Controller           Cloud/Region         Version  SLA          Timestamp
test-charm-upgrade-69w5  github-pr-c6dfb-lxd  localhost/localhost  3.6.8    unsupported  18:53:05Z

App                                   Version  Status  Scale  Charm                        Channel      Rev  Exposed  Message
github-runner-image-builder-p3133zst           active      1  github-runner-image-builder  latest/edge  100  no       
test-p3133zst                                  active      1  github-runner                               1  no       

Unit                                     Workload  Agent  Machine  Public address  Ports  Message
github-runner-image-builder-p3133zst/0*  active    idle   0        10.107.55.128          
test-p3133zst/0*                         active    idle   1        10.107.55.176          

Machine  State    Address        Inst id        Base          AZ  Message
0        started  10.107.55.128  juju-c0425d-0  ubuntu@22.04      Running
1        started  10.107.55.176  juju-c0425d-1  ubuntu@22.04      Running

18:53:05 INFO Juju error logs:

machine-0: 18:27:51 ERROR juju.worker.dependency "lxd-container-provisioner" manifold worker returned unexpected error: container types not yet available
machine-0: 18:27:51 ERROR juju.worker.dependency "kvm-container-provisioner" manifold worker returned unexpected error: container types not yet available
unit-github-runner-image-builder-p3133zst-0: 18:27:51 ERROR juju.worker.meterstatus error running "meter-status-changed": charm missing from disk
machine-1: 18:27:59 ERROR juju.worker.dependency "lxd-container-provisioner" manifold worker returned unexpected error: container types not yet available
machine-1: 18:27:59 ERROR juju.worker.dependency "kvm-container-provisioner" manifold worker returned unexpected error: container types not yet available
unit-test-p3133zst-0: 18:27:59 ERROR juju.worker.meterstatus error running "meter-status-changed": charm missing from disk
unit-github-runner-image-builder-p3133zst-0: 18:28:48 ERROR unit.github-runner-image-builder-p3133zst/0.juju-log Pipx command failed, code: 1, out: None, err: None
unit-test-p3133zst-0: 18:29:33 ERROR unit.test-p3133zst/0.juju-log Missing image integration.
Traceback (most recent call last):
  File "/var/lib/juju/agents/unit-test-p3133zst-0/charm/./src/charm.py", line 118, in func_with_catch_errors
    func(self, event)
  File "/var/lib/juju/agents/unit-test-p3133zst-0/charm/./src/charm.py", line 342, in _on_config_changed
    self._check_image_ready()
  File "/var/lib/juju/agents/unit-test-p3133zst-0/charm/./src/charm.py", line 512, in _check_image_ready
    raise ImageIntegrationMissingError("No image integration found")
errors.ImageIntegrationMissingError: No image integration found
unit-test-p3133zst-0: 18:29:36 ERROR unit.test-p3133zst/0.juju-log Missing image integration.
Traceback (most recent call last):
  File "/var/lib/juju/agents/unit-test-p3133zst-0/charm/./src/charm.py", line 118, in func_with_catch_errors
    func(self, event)
  File "/var/lib/juju/agents/unit-test-p3133zst-0/charm/./src/charm.py", line 313, in _on_start
    self._check_image_ready()
  File "/var/lib/juju/agents/unit-test-p3133zst-0/charm/./src/charm.py", line 512, in _check_image_ready
    raise ImageIntegrationMissingError("No image integration found")
errors.ImageIntegrationMissingError: No image integration found
unit-test-p3133zst-0: 18:31:23 ERROR unit.test-p3133zst/0.juju-log image:0: Missing image in image integration.
Traceback (most recent call last):
  File "/var/lib/juju/agents/unit-test-p3133zst-0/charm/./src/charm.py", line 118, in func_with_catch_errors
    func(self, event)
  File "/var/lib/juju/agents/unit-test-p3133zst-0/charm/./src/charm.py", line 477, in _on_image_relation_changed
    self._check_image_ready()
  File "/var/lib/juju/agents/unit-test-p3133zst-0/charm/./src/charm.py", line 514, in _check_image_ready
    raise ImageNotFoundError("No image found in the image integration")
errors.ImageNotFoundError: No image found in the image integration

18:53:05 INFO Forgetting model main...