06:56:37 WARNING unexpected facade SSHServer received from the controller
06:56:37 INFO Adding model github-pr-2102c-lxd:test-charm-upgrade-9sn7 on cloud localhost
06:56:38 WARNING unexpected facade SSHServer received from the controller
06:56:38 WARNING unexpected facade SSHSession received from the controller
06:56:38 WARNING unexpected facade SSHTunneler received from the controller
06:56:39 INFO Deploying ch:amd64/jammy/github-runner-image-builder-106
06:56:59 INFO Deploying local:jammy/github-runner-0
06:56:59 INFO Waiting for model:
  test-sn41hi5g/0 [allocating] waiting: waiting for machine
  github-runner-image-builder-sn41hi5g/0 [allocating] waiting: waiting for machine
06:57:29 INFO Waiting for model:
  test-sn41hi5g/0 [allocating] waiting: waiting for machine
  github-runner-image-builder-sn41hi5g/0 [allocating] waiting: waiting for machine
06:57:59 INFO Waiting for model:
  test-sn41hi5g/0 [allocating] waiting: waiting for machine
  github-runner-image-builder-sn41hi5g/0 [allocating] waiting: waiting for machine
06:58:29 INFO Waiting for model:
  test-sn41hi5g/0 [executing] maintenance: installing charm software
  github-runner-image-builder-sn41hi5g/0 [executing] maintenance: Setting up Builder.
06:59:00 INFO Waiting for model:
  test-sn41hi5g/0 [executing] maintenance: installing charm software
  github-runner-image-builder-sn41hi5g/0 [executing] maintenance: Setting up Builder.
06:59:30 INFO Waiting for model:
  test-sn41hi5g/0 [idle] blocked: Please provide image integration.
  github-runner-image-builder-sn41hi5g/0 [executing] maintenance: Setting up Builder.
07:00:00 INFO Waiting for model:
  test-sn41hi5g/0 [idle] blocked: Please provide image integration.
  github-runner-image-builder-sn41hi5g/0 [executing] maintenance: Setting up Builder.
07:00:30 INFO Waiting for model:
  test-sn41hi5g/0 [idle] blocked: Please provide image integration.
  github-runner-image-builder-sn41hi5g/0 [executing] maintenance: Setting up Builder.
07:01:00 INFO Waiting for model:
  test-sn41hi5g/0 [idle] waiting: Waiting for image over integration.
  github-runner-image-builder-sn41hi5g/0 [executing] active: Building image.
07:01:30 INFO Waiting for model:
  test-sn41hi5g/0 [idle] waiting: Waiting for image over integration.
  github-runner-image-builder-sn41hi5g/0 [executing] active: Building image.
07:02:00 INFO Waiting for model:
  test-sn41hi5g/0 [idle] waiting: Waiting for image over integration.
  github-runner-image-builder-sn41hi5g/0 [executing] active: Building image.
07:02:30 INFO Waiting for model:
  test-sn41hi5g/0 [idle] waiting: Waiting for image over integration.
  github-runner-image-builder-sn41hi5g/0 [executing] active: Building image.
07:03:00 INFO Waiting for model:
  test-sn41hi5g/0 [idle] waiting: Waiting for image over integration.
  github-runner-image-builder-sn41hi5g/0 [executing] active: Building image.
07:03:30 INFO Waiting for model:
  test-sn41hi5g/0 [idle] waiting: Waiting for image over integration.
  github-runner-image-builder-sn41hi5g/0 [executing] active: Building image.
07:04:00 INFO Waiting for model:
  test-sn41hi5g/0 [idle] waiting: Waiting for image over integration.
  github-runner-image-builder-sn41hi5g/0 [executing] active: Building image.
07:04:30 INFO Waiting for model:
  test-sn41hi5g/0 [idle] waiting: Waiting for image over integration.
  github-runner-image-builder-sn41hi5g/0 [executing] active: Building image.
07:05:00 INFO Waiting for model:
  test-sn41hi5g/0 [idle] waiting: Waiting for image over integration.
  github-runner-image-builder-sn41hi5g/0 [executing] active: Building image.
07:05:30 INFO Waiting for model:
  test-sn41hi5g/0 [idle] waiting: Waiting for image over integration.
  github-runner-image-builder-sn41hi5g/0 [executing] active: Building image.
07:06:00 INFO Waiting for model:
  test-sn41hi5g/0 [idle] waiting: Waiting for image over integration.
  github-runner-image-builder-sn41hi5g/0 [executing] active: Building image.
07:06:30 INFO Waiting for model:
  test-sn41hi5g/0 [idle] waiting: Waiting for image over integration.
  github-runner-image-builder-sn41hi5g/0 [executing] active: Building image.
07:07:00 INFO Waiting for model:
  test-sn41hi5g/0 [idle] waiting: Waiting for image over integration.
  github-runner-image-builder-sn41hi5g/0 [executing] active: Building image.
07:07:30 INFO Waiting for model:
  test-sn41hi5g/0 [idle] waiting: Waiting for image over integration.
  github-runner-image-builder-sn41hi5g/0 [executing] active: Building image.
07:08:00 INFO Waiting for model:
  test-sn41hi5g/0 [idle] waiting: Waiting for image over integration.
  github-runner-image-builder-sn41hi5g/0 [executing] active: Building image.
07:08:30 INFO Waiting for model:
  test-sn41hi5g/0 [idle] waiting: Waiting for image over integration.
  github-runner-image-builder-sn41hi5g/0 [executing] active: Building image.
07:09:00 INFO Waiting for model:
  test-sn41hi5g/0 [idle] waiting: Waiting for image over integration.
  github-runner-image-builder-sn41hi5g/0 [executing] active: Building image.
07:09:30 INFO Waiting for model:
  test-sn41hi5g/0 [idle] waiting: Waiting for image over integration.
  github-runner-image-builder-sn41hi5g/0 [executing] active: Building image.
07:10:00 INFO Waiting for model:
  test-sn41hi5g/0 [idle] waiting: Waiting for image over integration.
  github-runner-image-builder-sn41hi5g/0 [executing] active: Building image.
07:10:31 INFO Waiting for model:
  test-sn41hi5g/0 [idle] waiting: Waiting for image over integration.
  github-runner-image-builder-sn41hi5g/0 [executing] active: Building image.
07:11:01 INFO Waiting for model:
  test-sn41hi5g/0 [idle] waiting: Waiting for image over integration.
  github-runner-image-builder-sn41hi5g/0 [executing] active: Building image.
07:11:31 INFO Waiting for model:
  test-sn41hi5g/0 [idle] waiting: Waiting for image over integration.
  github-runner-image-builder-sn41hi5g/0 [executing] active: Building image.
07:12:01 INFO Waiting for model:
  test-sn41hi5g/0 [idle] waiting: Waiting for image over integration.
  github-runner-image-builder-sn41hi5g/0 [executing] active: Building image.
07:12:31 INFO Waiting for model:
  test-sn41hi5g/0 [idle] active: 
  github-runner-image-builder-sn41hi5g/0 [idle] active: 
07:14:42 INFO Waiting for model:
  test-sn41hi5g/0 [idle] active:
07:15:14 INFO Model status:

Model                    Controller           Cloud/Region         Version  SLA          Timestamp
test-charm-upgrade-9sn7  github-pr-2102c-lxd  localhost/localhost  3.6.9    unsupported  07:15:14Z

App                                   Version  Status  Scale  Charm                        Channel      Rev  Exposed  Message
github-runner-image-builder-sn41hi5g           active      1  github-runner-image-builder  latest/edge  106  no       
test-sn41hi5g                                  active      1  github-runner                               1  no       

Unit                                     Workload  Agent  Machine  Public address  Ports  Message
github-runner-image-builder-sn41hi5g/0*  active    idle   0        10.101.38.214          
test-sn41hi5g/0*                         active    idle   1        10.101.38.140          

Machine  State    Address        Inst id        Base          AZ             Message
0        started  10.101.38.214  juju-da1568-0  ubuntu@22.04  github-runner  Running
1        started  10.101.38.140  juju-da1568-1  ubuntu@22.04  github-runner  Running

07:15:14 INFO Juju error logs:

machine-0: 06:58:08 ERROR juju.worker.dependency "kvm-container-provisioner" manifold worker returned unexpected error: container types not yet available
machine-0: 06:58:08 ERROR juju.worker.dependency "lxd-container-provisioner" manifold worker returned unexpected error: container types not yet available
unit-github-runner-image-builder-sn41hi5g-0: 06:58:08 ERROR juju.worker.meterstatus error running "meter-status-changed": charm missing from disk
machine-1: 06:58:13 ERROR juju.worker.dependency "kvm-container-provisioner" manifold worker returned unexpected error: container types not yet available
machine-1: 06:58:13 ERROR juju.worker.dependency "lxd-container-provisioner" manifold worker returned unexpected error: container types not yet available
unit-test-sn41hi5g-0: 06:58:13 ERROR juju.worker.meterstatus error running "meter-status-changed": charm missing from disk
unit-github-runner-image-builder-sn41hi5g-0: 06:58:45 ERROR unit.github-runner-image-builder-sn41hi5g/0.juju-log Pipx command failed, code: 1, out: None, err: None
unit-test-sn41hi5g-0: 06:59:17 ERROR unit.test-sn41hi5g/0.juju-log Missing image integration.
Traceback (most recent call last):
  File "/var/lib/juju/agents/unit-test-sn41hi5g-0/charm/./src/charm.py", line 118, in func_with_catch_errors
    func(self, event)
  File "/var/lib/juju/agents/unit-test-sn41hi5g-0/charm/./src/charm.py", line 342, in _on_config_changed
    self._check_image_ready()
  File "/var/lib/juju/agents/unit-test-sn41hi5g-0/charm/./src/charm.py", line 512, in _check_image_ready
    raise ImageIntegrationMissingError("No image integration found")
errors.ImageIntegrationMissingError: No image integration found
unit-test-sn41hi5g-0: 06:59:19 ERROR unit.test-sn41hi5g/0.juju-log Missing image integration.
Traceback (most recent call last):
  File "/var/lib/juju/agents/unit-test-sn41hi5g-0/charm/./src/charm.py", line 118, in func_with_catch_errors
    func(self, event)
  File "/var/lib/juju/agents/unit-test-sn41hi5g-0/charm/./src/charm.py", line 313, in _on_start
    self._check_image_ready()
  File "/var/lib/juju/agents/unit-test-sn41hi5g-0/charm/./src/charm.py", line 512, in _check_image_ready
    raise ImageIntegrationMissingError("No image integration found")
errors.ImageIntegrationMissingError: No image integration found
unit-test-sn41hi5g-0: 07:00:34 ERROR unit.test-sn41hi5g/0.juju-log image:0: Missing image in image integration.
Traceback (most recent call last):
  File "/var/lib/juju/agents/unit-test-sn41hi5g-0/charm/./src/charm.py", line 118, in func_with_catch_errors
    func(self, event)
  File "/var/lib/juju/agents/unit-test-sn41hi5g-0/charm/./src/charm.py", line 477, in _on_image_relation_changed
    self._check_image_ready()
  File "/var/lib/juju/agents/unit-test-sn41hi5g-0/charm/./src/charm.py", line 514, in _check_image_ready
    raise ImageNotFoundError("No image found in the image integration")
errors.ImageNotFoundError: No image found in the image integration

07:15:14 INFO Forgetting model main...