06:25:43 WARNING unexpected facade SSHServer received from the controller
06:25:43 INFO Adding model github-pr-2102c-lxd:test-charm-fork-path-change-8x9a on cloud localhost
06:25:43 WARNING unexpected facade SSHServer received from the controller
06:25:43 WARNING unexpected facade SSHSession received from the controller
06:25:43 WARNING unexpected facade SSHTunneler received from the controller
06:25:45 INFO Deploying ch:amd64/jammy/github-runner-image-builder-106
06:26:04 INFO Deploying local:jammy/github-runner-0
06:26:04 INFO Waiting for model:
  test-nokfyh5o/0 [allocating] waiting: waiting for machine
  github-runner-image-builder-nokfyh5o/0 [allocating] waiting: waiting for machine
06:26:35 INFO Waiting for model:
  test-nokfyh5o/0 [allocating] waiting: waiting for machine
  github-runner-image-builder-nokfyh5o/0 [allocating] waiting: waiting for machine
06:27:05 INFO Waiting for model:
  test-nokfyh5o/0 [allocating] waiting: waiting for machine
  github-runner-image-builder-nokfyh5o/0 [allocating] waiting: waiting for machine
06:27:35 INFO Waiting for model:
  test-nokfyh5o/0 [allocating] waiting: agent initialising
  github-runner-image-builder-nokfyh5o/0 [allocating] waiting: agent initialising
06:28:05 INFO Waiting for model:
  test-nokfyh5o/0 [executing] maintenance: installing charm software
  github-runner-image-builder-nokfyh5o/0 [executing] maintenance: Setting up Builder.
06:28:36 INFO Waiting for model:
  test-nokfyh5o/0 [executing] maintenance: installing charm software
  github-runner-image-builder-nokfyh5o/0 [executing] maintenance: Setting up Builder.
06:29:06 INFO Waiting for model:
  test-nokfyh5o/0 [idle] blocked: Please provide image integration.
  github-runner-image-builder-nokfyh5o/0 [executing] maintenance: Setting up Builder.
06:29:36 INFO Waiting for model:
  test-nokfyh5o/0 [idle] blocked: Please provide image integration.
  github-runner-image-builder-nokfyh5o/0 [executing] maintenance: Setting up Builder.
06:30:06 INFO Waiting for model:
  test-nokfyh5o/0 [executing] blocked: Please provide image integration.
  github-runner-image-builder-nokfyh5o/0 [executing] active: Waiting for first image.
06:30:37 INFO Waiting for model:
  test-nokfyh5o/0 [idle] waiting: Waiting for image over integration.
  github-runner-image-builder-nokfyh5o/0 [executing] active: Building image.
06:31:07 INFO Waiting for model:
  test-nokfyh5o/0 [idle] waiting: Waiting for image over integration.
  github-runner-image-builder-nokfyh5o/0 [executing] active: Building image.
06:31:38 INFO Waiting for model:
  test-nokfyh5o/0 [idle] waiting: Waiting for image over integration.
  github-runner-image-builder-nokfyh5o/0 [executing] active: Building image.
06:32:08 INFO Waiting for model:
  test-nokfyh5o/0 [idle] waiting: Waiting for image over integration.
  github-runner-image-builder-nokfyh5o/0 [executing] active: Building image.
06:32:39 INFO Waiting for model:
  test-nokfyh5o/0 [idle] waiting: Waiting for image over integration.
  github-runner-image-builder-nokfyh5o/0 [executing] active: Building image.
06:33:09 INFO Waiting for model:
  test-nokfyh5o/0 [idle] waiting: Waiting for image over integration.
  github-runner-image-builder-nokfyh5o/0 [executing] active: Building image.
06:33:40 INFO Waiting for model:
  test-nokfyh5o/0 [idle] waiting: Waiting for image over integration.
  github-runner-image-builder-nokfyh5o/0 [executing] active: Building image.
06:34:10 INFO Waiting for model:
  test-nokfyh5o/0 [idle] waiting: Waiting for image over integration.
  github-runner-image-builder-nokfyh5o/0 [executing] active: Building image.
06:34:40 INFO Waiting for model:
  test-nokfyh5o/0 [idle] waiting: Waiting for image over integration.
  github-runner-image-builder-nokfyh5o/0 [executing] active: Building image.
06:35:10 INFO Waiting for model:
  test-nokfyh5o/0 [idle] waiting: Waiting for image over integration.
  github-runner-image-builder-nokfyh5o/0 [executing] active: Building image.
06:35:41 INFO Waiting for model:
  test-nokfyh5o/0 [idle] waiting: Waiting for image over integration.
  github-runner-image-builder-nokfyh5o/0 [executing] active: Building image.
06:36:11 INFO Waiting for model:
  test-nokfyh5o/0 [idle] waiting: Waiting for image over integration.
  github-runner-image-builder-nokfyh5o/0 [executing] active: Building image.
06:36:42 INFO Waiting for model:
  test-nokfyh5o/0 [idle] waiting: Waiting for image over integration.
  github-runner-image-builder-nokfyh5o/0 [executing] active: Building image.
06:37:12 INFO Waiting for model:
  test-nokfyh5o/0 [idle] waiting: Waiting for image over integration.
  github-runner-image-builder-nokfyh5o/0 [executing] active: Building image.
06:37:43 INFO Waiting for model:
  test-nokfyh5o/0 [idle] waiting: Waiting for image over integration.
  github-runner-image-builder-nokfyh5o/0 [executing] active: Building image.
06:38:13 INFO Waiting for model:
  test-nokfyh5o/0 [idle] waiting: Waiting for image over integration.
  github-runner-image-builder-nokfyh5o/0 [executing] active: Building image.
06:38:44 INFO Waiting for model:
  test-nokfyh5o/0 [idle] waiting: Waiting for image over integration.
  github-runner-image-builder-nokfyh5o/0 [executing] active: Building image.
06:39:14 INFO Waiting for model:
  test-nokfyh5o/0 [idle] waiting: Waiting for image over integration.
  github-runner-image-builder-nokfyh5o/0 [executing] active: Building image.
06:39:44 INFO Waiting for model:
  test-nokfyh5o/0 [idle] waiting: Waiting for image over integration.
  github-runner-image-builder-nokfyh5o/0 [executing] active: Building image.
06:40:14 INFO Waiting for model:
  test-nokfyh5o/0 [idle] waiting: Waiting for image over integration.
  github-runner-image-builder-nokfyh5o/0 [executing] active: Building image.
06:40:44 INFO Waiting for model:
  test-nokfyh5o/0 [idle] waiting: Waiting for image over integration.
  github-runner-image-builder-nokfyh5o/0 [executing] active: Building image.
06:41:14 INFO Waiting for model:
  test-nokfyh5o/0 [idle] waiting: Waiting for image over integration.
  github-runner-image-builder-nokfyh5o/0 [executing] active: Building image.
06:41:45 INFO Waiting for model:
  test-nokfyh5o/0 [idle] waiting: Waiting for image over integration.
  github-runner-image-builder-nokfyh5o/0 [executing] active: Building image.
06:42:15 INFO Waiting for model:
  test-nokfyh5o/0 [idle] waiting: Waiting for image over integration.
  github-runner-image-builder-nokfyh5o/0 [executing] active: Building image.
06:42:45 INFO Waiting for model:
  test-nokfyh5o/0 [idle] waiting: Waiting for image over integration.
  github-runner-image-builder-nokfyh5o/0 [executing] active: Building image.
06:43:16 INFO Waiting for model:
  test-nokfyh5o/0 [executing] maintenance: Update image for runners
  github-runner-image-builder-nokfyh5o/0 [idle] active: 
06:43:46 INFO Waiting for model:
  test-nokfyh5o/0 [idle] active: 
06:43:56 INFO GitHub token rate limit: Rate(reset=2025-08-26 06:54:30+00:00, remaining=4487, limit=5000)
06:44:08 INFO test_path_config_change
06:44:08 INFO Waiting for model:
  test-nokfyh5o/0 [idle] active: 
06:44:38 INFO Waiting for model:
  test-nokfyh5o/0 [idle] active: 
06:45:04 INFO Ensure there is a runner (this calls reconcile)
06:45:04 INFO Waiting for model:
  test-nokfyh5o/0 [idle] active: 
06:45:35 INFO Waiting for model:
  test-nokfyh5o/0 [idle] active: 
06:45:38 INFO Current reconcile ID: c22d8c1d-09f4-4459-b490-6556dcebce68
06:45:38 INFO Waiting for reconcile ID: c22d8c1d-09f4-4459-b490-6556dcebce68
06:46:39 INFO Current reconcile ID: c22d8c1d-09f4-4459-b490-6556dcebce68
06:46:39 INFO Current reconcile ID: c22d8c1d-09f4-4459-b490-6556dcebce68, expected reconcile ID: c22d8c1d-09f4-4459-b490-6556dcebce68
06:46:39 INFO Waiting for reconcile ID: c22d8c1d-09f4-4459-b490-6556dcebce68
06:47:40 INFO Current reconcile ID: 5c86e48a-9dd7-4282-a91a-21ce53228fbd
06:47:40 INFO Current reconcile ID: 5c86e48a-9dd7-4282-a91a-21ce53228fbd, expected reconcile ID: c22d8c1d-09f4-4459-b490-6556dcebce68
06:47:44 INFO Reconciling (again)
06:47:44 INFO Waiting for model:
  test-nokfyh5o/0 [idle] active: 
06:48:14 INFO Waiting for model:
  test-nokfyh5o/0 [idle] active: 
06:48:24 INFO Current reconcile ID: 4defa11b-49ec-4db9-9e55-cee89bde3b85
06:48:24 INFO Waiting for reconcile ID: 4defa11b-49ec-4db9-9e55-cee89bde3b85
06:49:25 INFO Current reconcile ID: 4defa11b-49ec-4db9-9e55-cee89bde3b85
06:49:25 INFO Current reconcile ID: 4defa11b-49ec-4db9-9e55-cee89bde3b85, expected reconcile ID: 4defa11b-49ec-4db9-9e55-cee89bde3b85
06:49:25 INFO Waiting for reconcile ID: 4defa11b-49ec-4db9-9e55-cee89bde3b85
06:50:26 INFO Current reconcile ID: f7cc9e90-8936-4c22-8fd6-1c15dda4b412
06:50:26 INFO Current reconcile ID: f7cc9e90-8936-4c22-8fd6-1c15dda4b412, expected reconcile ID: 4defa11b-49ec-4db9-9e55-cee89bde3b85
06:51:44 INFO runners: ['test-nokfyh5o-0-n-913ae48f8446']
06:51:46 INFO runners in github repo: [SelfHostedActionsRunner(name="amd-jammy-stg-private-endpoint-ps7-0-n-6c4dfb4e6097"), SelfHostedActionsRunner(name="os-amd-jammy-staging-ps6-4-n-409a877fe912"), SelfHostedActionsRunner(name="os-amd-jammy-staging-ps6-4-n-4737e7cef526"), SelfHostedActionsRunner(name="os-amd-jammy-staging-ps6-4-n-4ba5d1c17b2a"), SelfHostedActionsRunner(name="os-amd-jammy-staging-ps6-4-n-5a0506c6525a"), SelfHostedActionsRunner(name="os-amd-jammy-staging-ps6-4-n-6dd20b17bd45"), SelfHostedActionsRunner(name="os-amd-jammy-staging-ps6-4-n-a969edf22cb3"), SelfHostedActionsRunner(name="os-amd-jammy-staging-ps6-4-n-b0f735c7b74e"), SelfHostedActionsRunner(name="os-amd-jammy-staging-ps6-4-n-d38a8326c226"), SelfHostedActionsRunner(name="os-amd-jammy-staging-ps6-4-n-db67b937a67b"), SelfHostedActionsRunner(name="os-amd-jammy-staging-ps6-4-n-e1524ae7a9f6"), SelfHostedActionsRunner(name="os-amd-jammy-staging-ps6-4-n-e8d2cf837db7"), SelfHostedActionsRunner(name="os-amd-jammy-staging-ps7-0-n-92f7852e9c7b"), SelfHostedActionsRunner(name="reactive-amd64-pfe-ci-ps7-3-n-aca3b0b97593"), SelfHostedActionsRunner(name="test-bnimpx2n-0-n-ce927bececd7"), SelfHostedActionsRunner(name="test-dhco0be2-0-n-4c27e08e3c9f"), SelfHostedActionsRunner(name="test-dmlvpfjs-0-n-b72375f7d2fa"), SelfHostedActionsRunner(name="test-dr4quok3-0-n-9f1d98910576"), SelfHostedActionsRunner(name="test-dtqlxh93-0-n-d4169c959546"), SelfHostedActionsRunner(name="test-eaiz95pu-0-n-42ede3c2a826"), SelfHostedActionsRunner(name="test-ebuqncah-0-n-ba63db9f577a"), SelfHostedActionsRunner(name="test-eprn8lrk-0-n-885edbf89e60"), SelfHostedActionsRunner(name="test-fs9qvg0l-0-n-ad5787ba618a"), SelfHostedActionsRunner(name="test-fzl6rcpp-0-n-234a8b03ac59"), SelfHostedActionsRunner(name="test-i5vlwfqt-0-n-d8f1e5b98a8d"), SelfHostedActionsRunner(name="test-ixaw9wsg-0-n-9673eb0eeea9"), SelfHostedActionsRunner(name="test-j2t9obdt-0-n-596d82230f67"), SelfHostedActionsRunner(name="test-j6yaw5rl-0-n-23b7763b062b"), SelfHostedActionsRunner(name="test-jfp75tas-0-n-661616cf0171"), SelfHostedActionsRunner(name="test-jz7fbbck-0-n-2d93d4e9f750"), SelfHostedActionsRunner(name="test-k3zzozbo-0-n-73f6cb1c0c30"), SelfHostedActionsRunner(name="test-kod87bd3-0-n-ac590f96cc07"), SelfHostedActionsRunner(name="test-l6jfi9p7-0-n-60b77bdf03b6"), SelfHostedActionsRunner(name="test-lt0ff5ko-0-n-89dedf2514f8"), SelfHostedActionsRunner(name="test-mrwum5xg-0-n-f3c7f45594d5"), SelfHostedActionsRunner(name="test-n04dq7ta-0-n-b3c0c100ef8b"), SelfHostedActionsRunner(name="test-nokfyh5o-0-n-913ae48f8446"), SelfHostedActionsRunner(name="test-otlrxaws-0-n-68e68d4fc534"), SelfHostedActionsRunner(name="test-p42aowo1-0-n-13b6d0b34561"), SelfHostedActionsRunner(name="test-p8691pfc-0-n-9f35f627a236"), SelfHostedActionsRunner(name="test-pcghs0at-0-n-a30762b6c6d4"), SelfHostedActionsRunner(name="test-rb0i5zl7-0-n-d160432c6169"), SelfHostedActionsRunner(name="test-tkyr8zyg-0-n-89f4716321c7"), SelfHostedActionsRunner(name="test-u3u2a6kf-0-n-25b7421c756d"), SelfHostedActionsRunner(name="test-vopo76tc-0-n-9a5ebcad1105"), SelfHostedActionsRunner(name="test-wn22i3cp-0-n-5b837e56f85b"), SelfHostedActionsRunner(name="test-ws5caohf-0-n-577e0191f06b"), SelfHostedActionsRunner(name="test-xbb3hdob-0-n-228d9721df7a"), SelfHostedActionsRunner(name="test-xn4uhxer-0-n-303363033ad6"), SelfHostedActionsRunner(name="test-xrug6vbt-0-n-9765bd43ca40"), SelfHostedActionsRunner(name="test-xw16opu2-0-n-1e48cbb7e21e"), SelfHostedActionsRunner(name="test-yhdfx057-0-n-9825a59f4f5a"), SelfHostedActionsRunner(name="test-zgiwmis8-0-n-bf1a2b875e98"), SelfHostedActionsRunner(name="test-znejr5yi-0-n-4f90c8e91230"), SelfHostedActionsRunner(name="test-zvyc96fc-0-n-d75009a53432")]
06:51:47 INFO Model status:

Model                             Controller           Cloud/Region         Version  SLA          Timestamp
test-charm-fork-path-change-8x9a  github-pr-2102c-lxd  localhost/localhost  3.6.9    unsupported  06:51:47Z

App                                   Version  Status  Scale  Charm                        Channel      Rev  Exposed  Message
github-runner-image-builder-nokfyh5o           active      1  github-runner-image-builder  latest/edge  106  no       
test-nokfyh5o                                  active      1  github-runner                               0  no       

Unit                                     Workload  Agent  Machine  Public address  Ports  Message
github-runner-image-builder-nokfyh5o/0*  active    idle   0        10.183.74.59           
test-nokfyh5o/0*                         active    idle   1        10.183.74.75           

Machine  State    Address       Inst id        Base          AZ             Message
0        started  10.183.74.59  juju-5c3bd7-0  ubuntu@22.04  github-runner  Running
1        started  10.183.74.75  juju-5c3bd7-1  ubuntu@22.04  github-runner  Running

06:51:47 INFO Juju error logs:

machine-1: 06:27:25 ERROR juju.worker.dependency "lxd-container-provisioner" manifold worker returned unexpected error: container types not yet available
machine-1: 06:27:25 ERROR juju.worker.dependency "kvm-container-provisioner" manifold worker returned unexpected error: container types not yet available
unit-test-nokfyh5o-0: 06:27:26 ERROR juju.worker.meterstatus error running "meter-status-changed": charm missing from disk
machine-0: 06:27:26 ERROR juju.worker.dependency "kvm-container-provisioner" manifold worker returned unexpected error: container types not yet available
machine-0: 06:27:26 ERROR juju.worker.dependency "lxd-container-provisioner" manifold worker returned unexpected error: container types not yet available
unit-github-runner-image-builder-nokfyh5o-0: 06:27:26 ERROR juju.worker.meterstatus error running "meter-status-changed": charm missing from disk
unit-github-runner-image-builder-nokfyh5o-0: 06:28:19 ERROR unit.github-runner-image-builder-nokfyh5o/0.juju-log Pipx command failed, code: 1, out: None, err: None
unit-test-nokfyh5o-0: 06:28:37 ERROR unit.test-nokfyh5o/0.juju-log Missing image integration.
Traceback (most recent call last):
  File "/var/lib/juju/agents/unit-test-nokfyh5o-0/charm/./src/charm.py", line 118, in func_with_catch_errors
    func(self, event)
  File "/var/lib/juju/agents/unit-test-nokfyh5o-0/charm/./src/charm.py", line 342, in _on_config_changed
    self._check_image_ready()
  File "/var/lib/juju/agents/unit-test-nokfyh5o-0/charm/./src/charm.py", line 512, in _check_image_ready
    raise ImageIntegrationMissingError("No image integration found")
errors.ImageIntegrationMissingError: No image integration found
unit-test-nokfyh5o-0: 06:28:40 ERROR unit.test-nokfyh5o/0.juju-log Missing image integration.
Traceback (most recent call last):
  File "/var/lib/juju/agents/unit-test-nokfyh5o-0/charm/./src/charm.py", line 118, in func_with_catch_errors
    func(self, event)
  File "/var/lib/juju/agents/unit-test-nokfyh5o-0/charm/./src/charm.py", line 313, in _on_start
    self._check_image_ready()
  File "/var/lib/juju/agents/unit-test-nokfyh5o-0/charm/./src/charm.py", line 512, in _check_image_ready
    raise ImageIntegrationMissingError("No image integration found")
errors.ImageIntegrationMissingError: No image integration found
unit-test-nokfyh5o-0: 06:30:08 ERROR unit.test-nokfyh5o/0.juju-log image:0: Missing image in image integration.
Traceback (most recent call last):
  File "/var/lib/juju/agents/unit-test-nokfyh5o-0/charm/./src/charm.py", line 118, in func_with_catch_errors
    func(self, event)
  File "/var/lib/juju/agents/unit-test-nokfyh5o-0/charm/./src/charm.py", line 477, in _on_image_relation_changed
    self._check_image_ready()
  File "/var/lib/juju/agents/unit-test-nokfyh5o-0/charm/./src/charm.py", line 514, in _check_image_ready
    raise ImageNotFoundError("No image found in the image integration")
errors.ImageNotFoundError: No image found in the image integration

06:51:47 INFO Forgetting model main...