06:21:34 WARNING unexpected facade SSHServer received from the controller
06:21:34 INFO Adding model github-pr-f3a53-lxd:test-charm-upgrade-ysp4 on cloud localhost
06:21:34 WARNING unexpected facade SSHServer received from the controller
06:21:34 WARNING unexpected facade SSHSession received from the controller
06:21:34 WARNING unexpected facade SSHTunneler received from the controller
06:21:34 INFO Deploying fake image builder via any-charm for image ID 1ad6e456-fa35-47ef-988f-1e793a60f258
06:21:36 INFO Deploying ch:amd64/noble/any-charm-124
06:21:56 INFO Deploying local:jammy/github-runner-0
06:21:56 INFO Waiting for model:
  test-ts7w3klh/0 [allocating] waiting: waiting for machine
  github-runner-image-builder-ts7w3klh/0 [allocating] waiting: waiting for machine
06:22:26 INFO Waiting for model:
  test-ts7w3klh/0 [allocating] waiting: waiting for machine
  github-runner-image-builder-ts7w3klh/0 [allocating] waiting: waiting for machine
06:22:56 INFO Waiting for model:
  test-ts7w3klh/0 [allocating] waiting: waiting for machine
  github-runner-image-builder-ts7w3klh/0 [idle] active: 
06:23:26 INFO Waiting for model:
  test-ts7w3klh/0 [allocating] waiting: waiting for machine
06:23:56 INFO Waiting for model:
  test-ts7w3klh/0 [allocating] waiting: agent initialising
06:24:26 INFO Waiting for model:
  test-ts7w3klh/0 [executing] maintenance: installing charm software
06:24:56 INFO Waiting for model:
  test-ts7w3klh/0 [executing] blocked: Please provide image integration.
06:25:26 INFO Waiting for model:
  test-ts7w3klh/0 [idle] active: 
06:27:32 INFO Waiting for model:
  test-ts7w3klh/0 [idle] active:
06:28:03 INFO Model status:

Model                    Controller           Cloud/Region         Version  SLA          Timestamp
test-charm-upgrade-ysp4  github-pr-f3a53-lxd  localhost/localhost  3.6.12   unsupported  06:28:03Z

App                                   Version  Status  Scale  Charm          Channel      Rev  Exposed  Message
github-runner-image-builder-ts7w3klh           active      1  any-charm      latest/beta  124  no       
test-ts7w3klh                                  active      1  github-runner                 1  no       

Unit                                     Workload  Agent  Machine  Public address  Ports  Message
github-runner-image-builder-ts7w3klh/0*  active    idle   0        10.79.134.50           
test-ts7w3klh/0*                         active    idle   1        10.79.134.192          

Machine  State    Address        Inst id        Base          AZ             Message
0        started  10.79.134.50   juju-c70fe6-0  ubuntu@24.04  github-runner  Running
1        started  10.79.134.192  juju-c70fe6-1  ubuntu@22.04  github-runner  Running

06:28:03 INFO Juju error logs:

machine-0: 06:22:36 ERROR juju.worker.dependency "kvm-container-provisioner" manifold worker returned unexpected error: container types not yet available
machine-0: 06:22:36 ERROR juju.worker.dependency "lxd-container-provisioner" manifold worker returned unexpected error: container types not yet available
machine-1: 06:23:47 ERROR juju.worker.dependency "lxd-container-provisioner" manifold worker returned unexpected error: container types not yet available
machine-1: 06:23:47 ERROR juju.worker.dependency "kvm-container-provisioner" manifold worker returned unexpected error: container types not yet available
unit-test-ts7w3klh-0: 06:24:54 ERROR unit.test-ts7w3klh/0.juju-log Missing image integration.
Traceback (most recent call last):
  File "/var/lib/juju/agents/unit-test-ts7w3klh-0/charm/./src/charm.py", line 119, in func_with_catch_errors
    func(self, event)
  File "/var/lib/juju/agents/unit-test-ts7w3klh-0/charm/./src/charm.py", line 354, in _on_config_changed
    self._check_image_ready()
  File "/var/lib/juju/agents/unit-test-ts7w3klh-0/charm/./src/charm.py", line 524, in _check_image_ready
    raise ImageIntegrationMissingError("No image integration found")
errors.ImageIntegrationMissingError: No image integration found
unit-test-ts7w3klh-0: 06:24:56 ERROR unit.test-ts7w3klh/0.juju-log Missing image integration.
Traceback (most recent call last):
  File "/var/lib/juju/agents/unit-test-ts7w3klh-0/charm/./src/charm.py", line 119, in func_with_catch_errors
    func(self, event)
  File "/var/lib/juju/agents/unit-test-ts7w3klh-0/charm/./src/charm.py", line 317, in _on_start
    self._check_image_ready()
  File "/var/lib/juju/agents/unit-test-ts7w3klh-0/charm/./src/charm.py", line 524, in _check_image_ready
    raise ImageIntegrationMissingError("No image integration found")
errors.ImageIntegrationMissingError: No image integration found

06:28:03 INFO Forgetting model main...