06:31:23 INFO Creating 2 runners
06:36:32 ERROR Failed to spawn a runner.
multiprocessing.pool.RemoteTraceback: 
"""
Traceback (most recent call last):
  File "/home/ubuntu/actions-runner/_work/github-runner-operator/github-runner-operator/.tox/integration-juju3.6/lib/python3.10/site-packages/github_runner_manager/openstack_cloud/openstack_cloud.py", line 245, in launch_instance
    server = conn.create_server(
  File "/home/ubuntu/actions-runner/_work/github-runner-operator/github-runner-operator/.tox/integration-juju3.6/lib/python3.10/site-packages/decorator.py", line 235, in fun
    return caller(func, *(extras + args), **kw)
  File "/home/ubuntu/actions-runner/_work/github-runner-operator/github-runner-operator/.tox/integration-juju3.6/lib/python3.10/site-packages/openstack/cloud/_utils.py", line 233, in func_wrapper
    return func(*args, **kwargs)
  File "/home/ubuntu/actions-runner/_work/github-runner-operator/github-runner-operator/.tox/integration-juju3.6/lib/python3.10/site-packages/openstack/cloud/_compute.py", line 1104, in create_server
    server = self.wait_for_server(
  File "/home/ubuntu/actions-runner/_work/github-runner-operator/github-runner-operator/.tox/integration-juju3.6/lib/python3.10/site-packages/openstack/cloud/_compute.py", line 1243, in wait_for_server
    for count in utils.iterate_timeout(
  File "/home/ubuntu/actions-runner/_work/github-runner-operator/github-runner-operator/.tox/integration-juju3.6/lib/python3.10/site-packages/openstack/utils.py", line 88, in iterate_timeout
    raise exceptions.ResourceTimeout(message)
openstack.exceptions.ResourceTimeout: Timeout waiting for the server to come up.

The above exception was the direct cause of the following exception:

Traceback (most recent call last):
  File "/home/ubuntu/actions-runner/_work/github-runner-operator/github-runner-operator/.tox/integration-juju3.6/lib/python3.10/site-packages/github_runner_manager/openstack_cloud/openstack_runner_manager.py", line 140, in create_runner
    instance = self._openstack_cloud.launch_instance(
  File "/home/ubuntu/actions-runner/_work/github-runner-operator/github-runner-operator/.tox/integration-juju3.6/lib/python3.10/site-packages/github_runner_manager/openstack_cloud/openstack_cloud.py", line 144, in exception_handling_wrapper
    return func(*args, **kwargs)
  File "/home/ubuntu/actions-runner/_work/github-runner-operator/github-runner-operator/.tox/integration-juju3.6/lib/python3.10/site-packages/github_runner_manager/openstack_cloud/openstack_cloud.py", line 265, in launch_instance
    raise OpenStackError(f"Timeout creating openstack server {instance_id}") from err
github_runner_manager.errors.OpenStackError: Timeout creating openstack server test-i0y8s3hp-0-n-1d39ec1e00ca

The above exception was the direct cause of the following exception:

Traceback (most recent call last):
  File "/usr/lib/python3.10/multiprocessing/pool.py", line 125, in worker
    result = (True, func(*args, **kwds))
  File "/home/ubuntu/actions-runner/_work/github-runner-operator/github-runner-operator/.tox/integration-juju3.6/lib/python3.10/site-packages/github_runner_manager/manager/runner_manager.py", line 521, in _create_runner
    args.cloud_runner_manager.create_runner(
  File "/home/ubuntu/actions-runner/_work/github-runner-operator/github-runner-operator/.tox/integration-juju3.6/lib/python3.10/site-packages/github_runner_manager/openstack_cloud/openstack_runner_manager.py", line 147, in create_runner
    raise RunnerCreateError(
github_runner_manager.errors.RunnerCreateError: Failed to create RunnerIdentity(instance_id=InstanceID('test-i0y8s3hp-0-n-1d39ec1e00ca'), metadata=RunnerMetadata(platform_name='github', runner_id='108414', url=None)) openstack runner
"""

The above exception was the direct cause of the following exception:

Traceback (most recent call last):
  File "/home/ubuntu/actions-runner/_work/github-runner-operator/github-runner-operator/.tox/integration-juju3.6/lib/python3.10/site-packages/github_runner_manager/manager/runner_manager.py", line 421, in _spawn_runners_using_multiprocessing
    instance_id = next(jobs)
  File "/usr/lib/python3.10/multiprocessing/pool.py", line 873, in next
    raise value
github_runner_manager.errors.RunnerCreateError: Failed to create RunnerIdentity(instance_id=InstanceID('test-i0y8s3hp-0-n-1d39ec1e00ca'), metadata=RunnerMetadata(platform_name='github', runner_id='108414', url=None)) openstack runner