06:54:53 INFO Waiting for model:
  test-o8qr6od3/0 [idle] active: 
06:55:23 INFO Waiting for model:
  test-o8qr6od3/0 [idle] active: 
06:55:27 INFO Current reconcile ID: bde8c7a6-a947-40ac-bac1-2233d99bb6ab
06:56:28 INFO Current reconcile ID: bde8c7a6-a947-40ac-bac1-2233d99bb6ab
06:57:29 INFO Current reconcile ID: 7c647e1a-a9cb-4cf6-9ebd-93cf81292a9b
06:57:29 INFO Waiting for model:
  test-o8qr6od3/0 [idle] active: 
06:57:59 INFO Waiting for model:
  test-o8qr6od3/0 [idle] active: 
06:58:11 INFO Current reconcile ID: a668bd67-566f-4dfd-b5c5-01051f63d2b1
06:59:12 INFO Current reconcile ID: a668bd67-566f-4dfd-b5c5-01051f63d2b1
07:00:13 INFO Current reconcile ID: 93af67c1-8bdf-4859-98d6-86048ab8a390
07:00:23 INFO Wait for condition not met, sleeping 30
07:01:06 INFO [TEST SETUP] Run command pkill -9 run.sh on test-o8qr6od3-0-n-327bef7d9a66
07:01:06 WARNING dict_values([[{'version': 4, 'addr': '10.145.193.70', 'OS-EXT-IPS:type': 'fixed', 'OS-EXT-IPS-MAC:mac_addr': 'fa:16:3e:05:58:2e'}]])
07:01:07 WARNING ssh_cmd: su - ubuntu -c 'ssh -i /home/runner-manager/.ssh/test-o8qr6od3-0-n-327bef7d9a66.key -o "StrictHostKeyChecking no" ubuntu@10.145.193.70 pkill -9 run.sh'
07:01:08 INFO Run command 'pkill -9 run.sh' in runner with result 0: 'None' 'Warning: Permanently added '10.145.193.70' (ED25519) to the list of known hosts.
'
07:01:12 INFO Runner test-o8qr6od3-0-n-327bef7d9a66 status: online
07:01:12 INFO Runner still marked as online, waiting for it to be marked offline
07:02:13 INFO Waiting for model:
  test-o8qr6od3/0 [idle] active: 
07:02:43 INFO Waiting for model:
  test-o8qr6od3/0 [idle] active: 
07:02:46 INFO Current reconcile ID: 0e454b26-c089-4a07-bf96-2cd3fe6ce6f4
07:03:47 INFO Current reconcile ID: 0e454b26-c089-4a07-bf96-2cd3fe6ce6f4
07:04:48 INFO Current reconcile ID: 7a1f6c3d-a58a-4365-8fdd-0afe2e97039e
07:04:49 INFO File content of /var/log/github-runner-metrics.log: {"timestamp": 1754895306.0776267, "event": "reconciliation", "flavor": "test-o8qr6od3", "crashed_runners": 0, "idle_runners": 0, "active_runners": 0, "expected_runners": 0, "duration": 10.05414080619812}
{"timestamp": 1754895435.9049306, "event": "reconciliation", "flavor": "test-o8qr6od3", "crashed_runners": 0, "idle_runners": 0, "active_runners": 0, "expected_runners": 0, "duration": 9.646404027938843}
{"timestamp": 1754895464.9985766, "event": "reconciliation", "flavor": "test-o8qr6od3", "crashed_runners": 0, "idle_runners": 0, "active_runners": 0, "expected_runners": 1, "duration": 13.676684617996216}
{"timestamp": 1754895595.3765817, "event": "reconciliation", "flavor": "test-o8qr6od3", "crashed_runners": 0, "idle_runners": 1, "active_runners": 0, "expected_runners": 1, "duration": 10.30810284614563}
{"timestamp": 1754895500.0, "event": "runner_installed", "flavor": "test-o8qr6od3", "duration": 39.0}
{"timestamp": 1754895625.0, "event": "runner_start", "flavor": "test-o8qr6od3", "workflow": "Workflow Dispatch Crash Tests", "repo": "canonical/github-runner-operator", "github_event": "workflow_dispatch", "idle": 125.0, "queue_duration": 1.0}
{"timestamp": 1754895668.0, "event": "runner_stop", "flavor": "test-o8qr6od3", "workflow": "Workflow Dispatch Crash Tests", "repo": "canonical/github-runner-operator", "github_event": "workflow_dispatch", "status": "abnormal", "status_info": {"code": 137}, "job_duration": 43.0, "job_conclusion": "cancelled"}
{"timestamp": 1754895733.9217567, "event": "reconciliation", "flavor": "test-o8qr6od3", "crashed_runners": 0, "idle_runners": 0, "active_runners": 0, "expected_runners": 1, "duration": 18.440759658813477}
{"timestamp": 1754895748.1137643, "event": "reconciliation", "flavor": "test-o8qr6od3", "crashed_runners": 0, "idle_runners": 0, "active_runners": 0, "expected_runners": 0, "duration": 12.515568971633911}
{"timestamp": 1754895879.0414312, "event": "reconciliation", "flavor": "test-o8qr6od3", "crashed_runners": 0, "idle_runners": 0, "active_runners": 0, "expected_runners": 0, "duration": 10.800582647323608}
07:04:50 INFO Model status:

Model                            Controller           Cloud/Region         Version  SLA          Timestamp
test-charm-metrics-failure-77cr  github-pr-196a7-lxd  localhost/localhost  3.6.8    unsupported  07:04:50Z

App                                   Version  Status  Scale  Charm                        Channel      Rev  Exposed  Message
github-runner-image-builder-o8qr6od3           active      1  github-runner-image-builder  latest/edge  100  no       
test-o8qr6od3                                  active      1  github-runner                               0  yes      

Unit                                     Workload  Agent  Machine  Public address  Ports     Message
github-runner-image-builder-o8qr6od3/0*  active    idle   0        10.61.203.209             
test-o8qr6od3/0*                         active    idle   1        10.61.203.59    8080/tcp  

Machine  State    Address        Inst id        Base          AZ  Message
0        started  10.61.203.209  juju-e2dda1-0  ubuntu@22.04      Running
1        started  10.61.203.59   juju-e2dda1-1  ubuntu@22.04      Running

07:04:51 INFO Juju error logs:

machine-0: 06:28:14 ERROR juju.worker.dependency "kvm-container-provisioner" manifold worker returned unexpected error: container types not yet available
machine-0: 06:28:14 ERROR juju.worker.dependency "lxd-container-provisioner" manifold worker returned unexpected error: container types not yet available
unit-github-runner-image-builder-o8qr6od3-0: 06:28:15 ERROR juju.worker.meterstatus error running "meter-status-changed": charm missing from disk
machine-1: 06:28:25 ERROR juju.worker.dependency "lxd-container-provisioner" manifold worker returned unexpected error: container types not yet available
machine-1: 06:28:25 ERROR juju.worker.dependency "kvm-container-provisioner" manifold worker returned unexpected error: container types not yet available
unit-test-o8qr6od3-0: 06:28:25 ERROR juju.worker.meterstatus error running "meter-status-changed": charm missing from disk
unit-github-runner-image-builder-o8qr6od3-0: 06:29:04 ERROR unit.github-runner-image-builder-o8qr6od3/0.juju-log Pipx command failed, code: 1, out: None, err: None
unit-test-o8qr6od3-0: 06:29:48 ERROR unit.test-o8qr6od3/0.juju-log Missing image integration.
Traceback (most recent call last):
  File "/var/lib/juju/agents/unit-test-o8qr6od3-0/charm/./src/charm.py", line 118, in func_with_catch_errors
    func(self, event)
  File "/var/lib/juju/agents/unit-test-o8qr6od3-0/charm/./src/charm.py", line 342, in _on_config_changed
    self._check_image_ready()
  File "/var/lib/juju/agents/unit-test-o8qr6od3-0/charm/./src/charm.py", line 512, in _check_image_ready
    raise ImageIntegrationMissingError("No image integration found")
errors.ImageIntegrationMissingError: No image integration found
unit-test-o8qr6od3-0: 06:29:51 ERROR unit.test-o8qr6od3/0.juju-log Missing image integration.
Traceback (most recent call last):
  File "/var/lib/juju/agents/unit-test-o8qr6od3-0/charm/./src/charm.py", line 118, in func_with_catch_errors
    func(self, event)
  File "/var/lib/juju/agents/unit-test-o8qr6od3-0/charm/./src/charm.py", line 313, in _on_start
    self._check_image_ready()
  File "/var/lib/juju/agents/unit-test-o8qr6od3-0/charm/./src/charm.py", line 512, in _check_image_ready
    raise ImageIntegrationMissingError("No image integration found")
errors.ImageIntegrationMissingError: No image integration found
unit-test-o8qr6od3-0: 06:30:56 ERROR unit.test-o8qr6od3/0.juju-log image:0: Missing image in image integration.
Traceback (most recent call last):
  File "/var/lib/juju/agents/unit-test-o8qr6od3-0/charm/./src/charm.py", line 118, in func_with_catch_errors
    func(self, event)
  File "/var/lib/juju/agents/unit-test-o8qr6od3-0/charm/./src/charm.py", line 477, in _on_image_relation_changed
    self._check_image_ready()
  File "/var/lib/juju/agents/unit-test-o8qr6od3-0/charm/./src/charm.py", line 514, in _check_image_ready
    raise ImageNotFoundError("No image found in the image integration")
errors.ImageNotFoundError: No image found in the image integration

07:04:51 INFO Forgetting model main...