07:03:25 INFO Waiting for model:
  test-auonrdl9/0 [idle] active: 
07:03:55 INFO Waiting for model:
  test-auonrdl9/0 [executing] active: 
07:04:18 INFO Current reconcile ID: 9271602d-7685-45d4-bf85-9520438de3d3
07:05:19 INFO Current reconcile ID: 9271602d-7685-45d4-bf85-9520438de3d3
07:06:21 INFO Current reconcile ID: ddbc07f7-0719-4824-a665-1ec7d752b64d
07:06:28 INFO [TEST SETUP] Exposing port 8080 on test-auonrdl9-0-n-aeb81d2d24a7
07:06:28 WARNING dict_values([[{'version': 4, 'addr': '10.145.193.149', 'OS-EXT-IPS:type': 'fixed', 'OS-EXT-IPS-MAC:mac_addr': 'fa:16:3e:8e:80:1f'}]])
07:06:29 INFO ssh tunnel command ssh -fNT -R 8080:localhost:8080 -i /home/runner-manager/.ssh/test-auonrdl9-0-n-aeb81d2d24a7.key -o "StrictHostKeyChecking no" -o "ControlPersist yes" ubuntu@10.145.193.149 &
07:06:30 INFO ssh tunnel result 0 None Warning: Permanently added '10.145.193.149' (ED25519) to the list of known hosts.

07:06:32 INFO [TEST SETUP] Run command nc -z localhost 8080 on test-auonrdl9-0-n-aeb81d2d24a7
07:06:32 WARNING dict_values([[{'version': 4, 'addr': '10.145.193.149', 'OS-EXT-IPS:type': 'fixed', 'OS-EXT-IPS-MAC:mac_addr': 'fa:16:3e:8e:80:1f'}]])
07:06:33 WARNING ssh_cmd: su - ubuntu -c 'ssh -i /home/runner-manager/.ssh/test-auonrdl9-0-n-aeb81d2d24a7.key -o "StrictHostKeyChecking no" ubuntu@10.145.193.149 nc -z localhost 8080'
07:06:34 INFO Run command 'nc -z localhost 8080' in runner with result 0: 'None' 'Connection to localhost (127.0.0.1) 8080 port [tcp/http-alt] succeeded!
'
07:06:35 INFO [TEST SETUP] Run command curl http://localhost:8080 on test-auonrdl9-0-n-aeb81d2d24a7
07:06:35 WARNING dict_values([[{'version': 4, 'addr': '10.145.193.149', 'OS-EXT-IPS:type': 'fixed', 'OS-EXT-IPS-MAC:mac_addr': 'fa:16:3e:8e:80:1f'}]])
07:06:36 WARNING ssh_cmd: su - ubuntu -c 'ssh -i /home/runner-manager/.ssh/test-auonrdl9-0-n-aeb81d2d24a7.key -o "StrictHostKeyChecking no" ubuntu@10.145.193.149 curl http://localhost:8080'
07:06:37 INFO Run command 'curl http://localhost:8080' in runner with result 0: '<!doctype html>
<html lang=en>
<title>404 Not Found</title>
<h1>Not Found</h1>
<p>The requested URL was not found on the server. If you entered the URL manually please check your spelling and try again.</p>
' '  % Total    % Received % Xferd  Average Speed   Time    Time     Time  Current
                                 Dload  Upload   Total   Spent    Left  Speed
  0     0    0     0    0     0      0      0 --:--:-- --:--:-- --:--:--     0100   207  100   207    0     0  51530      0 --:--:-- --:--:-- --:--:-- 69000
'
07:06:39 INFO Wait for condition not met, sleeping 10
07:06:50 INFO Waiting for model:
  test-auonrdl9/0 [idle] active: 
07:07:21 INFO Waiting for model:
  test-auonrdl9/0 [idle] active: 
07:07:24 INFO Current reconcile ID: db35f573-af94-4d4c-aa4f-3cdd19f6bf46
07:08:25 INFO Current reconcile ID: db35f573-af94-4d4c-aa4f-3cdd19f6bf46
07:09:26 INFO Current reconcile ID: 5fc284e5-15f4-4093-9d05-aee09092202a
07:09:27 INFO Model status:

Model                   Controller           Cloud/Region         Version  SLA          Timestamp
test-charm-runner-gbg0  github-pr-196a7-lxd  localhost/localhost  3.6.8    unsupported  07:09:27Z

App                                   Version  Status  Scale  Charm                        Channel      Rev  Exposed  Message
github-runner-image-builder-auonrdl9           active      1  github-runner-image-builder  latest/edge  100  no       
test-auonrdl9                                  active      1  github-runner                               0  yes      

Unit                                     Workload  Agent  Machine  Public address  Ports     Message
github-runner-image-builder-auonrdl9/0*  active    idle   0        10.142.6.146              
test-auonrdl9/0*                         active    idle   1        10.142.6.193    8080/tcp  

Machine  State    Address       Inst id        Base          AZ  Message
0        started  10.142.6.146  juju-0d9cdd-0  ubuntu@22.04      Running
1        started  10.142.6.193  juju-0d9cdd-1  ubuntu@22.04      Running

07:09:28 INFO Juju error logs:

machine-0: 06:28:04 ERROR juju.worker.dependency "kvm-container-provisioner" manifold worker returned unexpected error: container types not yet available
machine-0: 06:28:04 ERROR juju.worker.dependency "lxd-container-provisioner" manifold worker returned unexpected error: container types not yet available
unit-github-runner-image-builder-auonrdl9-0: 06:28:04 ERROR juju.worker.meterstatus error running "meter-status-changed": charm missing from disk
machine-1: 06:28:13 ERROR juju.worker.dependency "kvm-container-provisioner" manifold worker returned unexpected error: container types not yet available
machine-1: 06:28:13 ERROR juju.worker.dependency "lxd-container-provisioner" manifold worker returned unexpected error: container types not yet available
unit-test-auonrdl9-0: 06:28:13 ERROR juju.worker.meterstatus error running "meter-status-changed": charm missing from disk
unit-github-runner-image-builder-auonrdl9-0: 06:28:53 ERROR unit.github-runner-image-builder-auonrdl9/0.juju-log Pipx command failed, code: 1, out: None, err: None
unit-test-auonrdl9-0: 06:29:30 ERROR unit.test-auonrdl9/0.juju-log Missing image integration.
Traceback (most recent call last):
  File "/var/lib/juju/agents/unit-test-auonrdl9-0/charm/./src/charm.py", line 118, in func_with_catch_errors
    func(self, event)
  File "/var/lib/juju/agents/unit-test-auonrdl9-0/charm/./src/charm.py", line 342, in _on_config_changed
    self._check_image_ready()
  File "/var/lib/juju/agents/unit-test-auonrdl9-0/charm/./src/charm.py", line 512, in _check_image_ready
    raise ImageIntegrationMissingError("No image integration found")
errors.ImageIntegrationMissingError: No image integration found
unit-test-auonrdl9-0: 06:29:32 ERROR unit.test-auonrdl9/0.juju-log Missing image integration.
Traceback (most recent call last):
  File "/var/lib/juju/agents/unit-test-auonrdl9-0/charm/./src/charm.py", line 118, in func_with_catch_errors
    func(self, event)
  File "/var/lib/juju/agents/unit-test-auonrdl9-0/charm/./src/charm.py", line 313, in _on_start
    self._check_image_ready()
  File "/var/lib/juju/agents/unit-test-auonrdl9-0/charm/./src/charm.py", line 512, in _check_image_ready
    raise ImageIntegrationMissingError("No image integration found")
errors.ImageIntegrationMissingError: No image integration found
unit-test-auonrdl9-0: 06:30:44 ERROR unit.test-auonrdl9/0.juju-log image:0: Missing image in image integration.
Traceback (most recent call last):
  File "/var/lib/juju/agents/unit-test-auonrdl9-0/charm/./src/charm.py", line 118, in func_with_catch_errors
    func(self, event)
  File "/var/lib/juju/agents/unit-test-auonrdl9-0/charm/./src/charm.py", line 477, in _on_image_relation_changed
    self._check_image_ready()
  File "/var/lib/juju/agents/unit-test-auonrdl9-0/charm/./src/charm.py", line 514, in _check_image_ready
    raise ImageNotFoundError("No image found in the image integration")
errors.ImageNotFoundError: No image found in the image integration

07:09:28 INFO Forgetting model main...