06:44:56 INFO Waiting for model:
  test-k2xtkx4u/0 [idle] active:
06:47:19 INFO Model status:

Model                      Controller           Cloud/Region         Version  SLA          Timestamp
test-charm-no-runner-6qmj  github-pr-7a194-lxd  localhost/localhost  3.6.7    unsupported  06:47:19Z

App                                   Version  Status  Scale  Charm                        Channel      Rev  Exposed  Message
github-runner-image-builder-k2xtkx4u           active      1  github-runner-image-builder  latest/edge   87  no       
test-k2xtkx4u                                  active      1  github-runner                               0  no       

Unit                                     Workload  Agent  Machine  Public address  Ports  Message
github-runner-image-builder-k2xtkx4u/0*  active    idle   0        10.126.186.147         
test-k2xtkx4u/0*                         active    idle   1        10.126.186.113         

Machine  State    Address         Inst id        Base          AZ  Message
0        started  10.126.186.147  juju-de0b3d-0  ubuntu@22.04      Running
1        started  10.126.186.113  juju-de0b3d-1  ubuntu@22.04      Running

06:47:19 INFO Juju error logs:

machine-1: 06:26:35 ERROR juju.worker.dependency "lxd-container-provisioner" manifold worker returned unexpected error: container types not yet available
machine-1: 06:26:35 ERROR juju.worker.dependency "kvm-container-provisioner" manifold worker returned unexpected error: container types not yet available
unit-test-k2xtkx4u-0: 06:26:35 ERROR juju.worker.meterstatus error running "meter-status-changed": charm missing from disk
machine-0: 06:26:35 ERROR juju.worker.dependency "lxd-container-provisioner" manifold worker returned unexpected error: container types not yet available
machine-0: 06:26:35 ERROR juju.worker.dependency "kvm-container-provisioner" manifold worker returned unexpected error: container types not yet available
unit-github-runner-image-builder-k2xtkx4u-0: 06:26:36 ERROR juju.worker.meterstatus error running "meter-status-changed": charm missing from disk
unit-github-runner-image-builder-k2xtkx4u-0: 06:27:16 ERROR unit.github-runner-image-builder-k2xtkx4u/0.juju-log Pipx command failed, code: 1, out: None, err: None
unit-test-k2xtkx4u-0: 06:27:51 ERROR unit.test-k2xtkx4u/0.juju-log Missing image integration.
Traceback (most recent call last):
  File "/var/lib/juju/agents/unit-test-k2xtkx4u-0/charm/./src/charm.py", line 119, in func_with_catch_errors
    func(self, event)
  File "/var/lib/juju/agents/unit-test-k2xtkx4u-0/charm/./src/charm.py", line 329, in _on_config_changed
    self._check_image_ready()
  File "/var/lib/juju/agents/unit-test-k2xtkx4u-0/charm/./src/charm.py", line 481, in _check_image_ready
    raise ImageIntegrationMissingError("No image integration found")
errors.ImageIntegrationMissingError: No image integration found
unit-test-k2xtkx4u-0: 06:27:53 ERROR unit.test-k2xtkx4u/0.juju-log Missing image integration.
Traceback (most recent call last):
  File "/var/lib/juju/agents/unit-test-k2xtkx4u-0/charm/./src/charm.py", line 119, in func_with_catch_errors
    func(self, event)
  File "/var/lib/juju/agents/unit-test-k2xtkx4u-0/charm/./src/charm.py", line 304, in _on_start
    self._check_image_ready()
  File "/var/lib/juju/agents/unit-test-k2xtkx4u-0/charm/./src/charm.py", line 481, in _check_image_ready
    raise ImageIntegrationMissingError("No image integration found")
errors.ImageIntegrationMissingError: No image integration found
unit-test-k2xtkx4u-0: 06:29:03 ERROR unit.test-k2xtkx4u/0.juju-log image:0: Missing image in image integration.
Traceback (most recent call last):
  File "/var/lib/juju/agents/unit-test-k2xtkx4u-0/charm/./src/charm.py", line 119, in func_with_catch_errors
    func(self, event)
  File "/var/lib/juju/agents/unit-test-k2xtkx4u-0/charm/./src/charm.py", line 464, in _on_image_relation_changed
    self._check_image_ready()
  File "/var/lib/juju/agents/unit-test-k2xtkx4u-0/charm/./src/charm.py", line 483, in _check_image_ready
    raise ImageNotFoundError("No image found in the image integration")
errors.ImageNotFoundError: No image found in the image integration

06:47:19 INFO Forgetting model main...