18:18:38 WARNING unexpected facade SSHServer received from the controller
18:18:38 INFO Adding model github-pr-fe65c-lxd:test-charm-fork-path-change-e5gu on cloud localhost
18:18:39 WARNING unexpected facade SSHServer received from the controller
18:18:39 WARNING unexpected facade SSHSession received from the controller
18:18:39 WARNING unexpected facade SSHTunneler received from the controller
18:18:39 INFO Deploying fake image builder via any-charm for image ID 1ad6e456-fa35-47ef-988f-1e793a60f258
18:18:40 INFO Deploying ch:amd64/noble/any-charm-124
18:18:54 INFO Deploying local:jammy/github-runner-0
18:18:54 INFO Waiting for model:
  test-go98votw/0 [allocating] waiting: waiting for machine
  github-runner-image-builder-go98votw/0 [allocating] waiting: waiting for machine
18:19:24 INFO Waiting for model:
  test-go98votw/0 [allocating] waiting: waiting for machine
  github-runner-image-builder-go98votw/0 [executing] maintenance: installing charm software
18:19:54 INFO Waiting for model:
  test-go98votw/0 [allocating] waiting: waiting for machine
18:20:24 INFO Waiting for model:
  test-go98votw/0 [allocating] waiting: waiting for machine
18:20:55 INFO Waiting for model:
  test-go98votw/0 [allocating] waiting: agent initialising
18:21:25 INFO Waiting for model:
  test-go98votw/0 [executing] maintenance: installing charm software
18:21:55 INFO Waiting for model:
  test-go98votw/0 [executing] maintenance: Update image for runners
18:22:20 INFO GitHub token rate limit: Rate(reset=2026-01-10 19:00:48+00:00, remaining=4891, limit=5000)
18:22:31 INFO test_path_config_change
18:22:31 INFO Waiting for model:
  test-go98votw/0 [idle] active: 
18:23:01 INFO Waiting for model:
  test-go98votw/0 [idle] active: 
18:23:23 INFO Ensure there is a runner (this calls reconcile)
18:23:23 INFO Waiting for model:
  test-go98votw/0 [idle] active: 
18:23:53 INFO Waiting for model:
  test-go98votw/0 [idle] active: 
18:23:56 INFO Current reconcile ID: 1a41ef38-cb6f-4d98-94bd-3b914bf5f9ec
18:23:56 INFO Waiting for reconcile ID: 1a41ef38-cb6f-4d98-94bd-3b914bf5f9ec
18:24:57 INFO Current reconcile ID: 1a41ef38-cb6f-4d98-94bd-3b914bf5f9ec
18:24:57 INFO Current reconcile ID: 1a41ef38-cb6f-4d98-94bd-3b914bf5f9ec, expected reconcile ID: 1a41ef38-cb6f-4d98-94bd-3b914bf5f9ec
18:24:57 INFO Waiting for reconcile ID: 1a41ef38-cb6f-4d98-94bd-3b914bf5f9ec
18:25:58 INFO Current reconcile ID: 4e51a1d8-763a-4eec-8341-1a036ea23659
18:25:58 INFO Current reconcile ID: 4e51a1d8-763a-4eec-8341-1a036ea23659, expected reconcile ID: 1a41ef38-cb6f-4d98-94bd-3b914bf5f9ec
18:26:34 INFO Reconciling (again)
18:26:34 INFO Waiting for model:
  test-go98votw/0 [idle] active: 
18:27:04 INFO Waiting for model:
  test-go98votw/0 [idle] active: 
18:27:11 INFO Current reconcile ID: 18135289-91df-44be-9202-b1878d42f68a
18:27:11 INFO Waiting for reconcile ID: 18135289-91df-44be-9202-b1878d42f68a
18:28:12 INFO Current reconcile ID: 18135289-91df-44be-9202-b1878d42f68a
18:28:12 INFO Current reconcile ID: 18135289-91df-44be-9202-b1878d42f68a, expected reconcile ID: 18135289-91df-44be-9202-b1878d42f68a
18:28:12 INFO Waiting for reconcile ID: 18135289-91df-44be-9202-b1878d42f68a
18:29:13 INFO Current reconcile ID: 73c8302d-8fcc-4188-b1b3-2daa80f0e4c6
18:29:13 INFO Current reconcile ID: 73c8302d-8fcc-4188-b1b3-2daa80f0e4c6, expected reconcile ID: 18135289-91df-44be-9202-b1878d42f68a
18:30:23 INFO runners: ['test-go98votw-0-n-13b5caecdca6']
18:30:23 INFO runners in github repo: [SelfHostedActionsRunner(name="amd-noble-stg-private-endpoint-ps7-1-n-901d30a2efa6"), SelfHostedActionsRunner(name="os-amd-noble-staging-ps7-1-n-e030059bab16"), SelfHostedActionsRunner(name="test-a2u79f5f-0-n-badfb7c53bf1"), SelfHostedActionsRunner(name="test-afcn6tw7-0-n-e4480b9dcb45"), SelfHostedActionsRunner(name="test-b2rpwygx-0-n-aa4cb0e1066f"), SelfHostedActionsRunner(name="test-go98votw-0-n-13b5caecdca6"), SelfHostedActionsRunner(name="test-hh9q5o5s-0-n-797ff0404fda"), SelfHostedActionsRunner(name="test-ssghe7i5-0-n-82c2bb532301"), SelfHostedActionsRunner(name="test-u7d1ugnd-0-n-340f0c528439"), SelfHostedActionsRunner(name="test-wvcbgd9v-0-n-81965268cc04"), SelfHostedActionsRunner(name="test-ww79bfg7-0-n-139721411802")]
18:30:24 INFO Model status:

Model                             Controller           Cloud/Region         Version  SLA          Timestamp
test-charm-fork-path-change-e5gu  github-pr-fe65c-lxd  localhost/localhost  3.6.12   unsupported  18:30:24Z

App                                   Version  Status  Scale  Charm          Channel      Rev  Exposed  Message
github-runner-image-builder-go98votw           active      1  any-charm      latest/beta  124  no       
test-go98votw                                  active      1  github-runner                 0  no       

Unit                                     Workload  Agent  Machine  Public address  Ports  Message
github-runner-image-builder-go98votw/0*  active    idle   0        10.80.155.46           
test-go98votw/0*                         active    idle   1        10.80.155.169          

Machine  State    Address        Inst id        Base          AZ             Message
0        started  10.80.155.46   juju-8fb0e4-0  ubuntu@24.04  github-runner  Running
1        started  10.80.155.169  juju-8fb0e4-1  ubuntu@22.04  github-runner  Running

18:30:24 INFO Juju error logs:

machine-0: 18:19:18 ERROR juju.worker.dependency "lxd-container-provisioner" manifold worker returned unexpected error: container types not yet available
machine-0: 18:19:18 ERROR juju.worker.dependency "kvm-container-provisioner" manifold worker returned unexpected error: container types not yet available
machine-1: 18:20:44 ERROR juju.worker.dependency "kvm-container-provisioner" manifold worker returned unexpected error: container types not yet available
machine-1: 18:20:44 ERROR juju.worker.dependency "lxd-container-provisioner" manifold worker returned unexpected error: container types not yet available
unit-test-go98votw-0: 18:21:40 ERROR unit.test-go98votw/0.juju-log Missing image integration.
Traceback (most recent call last):
  File "/var/lib/juju/agents/unit-test-go98votw-0/charm/./src/charm.py", line 119, in func_with_catch_errors
    func(self, event)
  File "/var/lib/juju/agents/unit-test-go98votw-0/charm/./src/charm.py", line 354, in _on_config_changed
    self._check_image_ready()
  File "/var/lib/juju/agents/unit-test-go98votw-0/charm/./src/charm.py", line 524, in _check_image_ready
    raise ImageIntegrationMissingError("No image integration found")
errors.ImageIntegrationMissingError: No image integration found
unit-test-go98votw-0: 18:21:42 ERROR unit.test-go98votw/0.juju-log Missing image integration.
Traceback (most recent call last):
  File "/var/lib/juju/agents/unit-test-go98votw-0/charm/./src/charm.py", line 119, in func_with_catch_errors
    func(self, event)
  File "/var/lib/juju/agents/unit-test-go98votw-0/charm/./src/charm.py", line 317, in _on_start
    self._check_image_ready()
  File "/var/lib/juju/agents/unit-test-go98votw-0/charm/./src/charm.py", line 524, in _check_image_ready
    raise ImageIntegrationMissingError("No image integration found")
errors.ImageIntegrationMissingError: No image integration found

18:30:24 INFO Forgetting model main...