06:20:39 WARNING unexpected facade SSHServer received from the controller
06:20:39 INFO Adding model github-pr-f69fb-lxd:test-charm-fork-repo-sf6x on cloud localhost
06:20:39 WARNING unexpected facade SSHServer received from the controller
06:20:39 WARNING unexpected facade SSHSession received from the controller
06:20:39 WARNING unexpected facade SSHTunneler received from the controller
06:20:39 INFO Deploying fake image builder via any-charm for image ID 1ad6e456-fa35-47ef-988f-1e793a60f258
06:20:42 INFO Deploying ch:amd64/noble/any-charm-124
06:21:00 INFO Deploying local:jammy/github-runner-0
06:21:00 INFO Waiting for model:
  test-fzv9aute/0 [allocating] waiting: waiting for machine
  github-runner-image-builder-fzv9aute/0 [allocating] waiting: waiting for machine
06:21:30 INFO Waiting for model:
  test-fzv9aute/0 [allocating] waiting: waiting for machine
  github-runner-image-builder-fzv9aute/0 [allocating] waiting: waiting for machine
06:22:01 INFO Waiting for model:
  test-fzv9aute/0 [allocating] waiting: waiting for machine
  github-runner-image-builder-fzv9aute/0 [executing] maintenance: installing charm software
06:22:31 INFO Waiting for model:
  test-fzv9aute/0 [allocating] waiting: agent initialising
06:23:01 INFO Waiting for model:
  test-fzv9aute/0 [executing] maintenance: installing charm software
06:23:31 INFO Waiting for model:
  test-fzv9aute/0 [executing] maintenance: Update image for runners
  github-runner-image-builder-fzv9aute/0 [idle] active: 
06:24:02 INFO Waiting for model:
  test-fzv9aute/0 [idle] active: 
06:24:06 INFO GitHub token rate limit: Rate(reset=2026-01-27 07:23:19+00:00, remaining=4887, limit=5000)
06:25:00 INFO Waiting for model:
  test-fzv9aute/0 [idle] active: 
06:25:30 INFO Waiting for model:
  test-fzv9aute/0 [idle] active: 
06:25:33 INFO Current reconcile ID: 737f7ebe-b794-4e4b-97d9-4258c1224d3d
06:25:33 INFO Waiting for reconcile ID: 737f7ebe-b794-4e4b-97d9-4258c1224d3d
06:26:34 INFO Current reconcile ID: 737f7ebe-b794-4e4b-97d9-4258c1224d3d
06:26:34 INFO Current reconcile ID: 737f7ebe-b794-4e4b-97d9-4258c1224d3d, expected reconcile ID: 737f7ebe-b794-4e4b-97d9-4258c1224d3d
06:26:34 INFO Waiting for reconcile ID: 737f7ebe-b794-4e4b-97d9-4258c1224d3d
06:27:35 INFO Current reconcile ID: e0631fc7-191f-4d00-8866-3e2cdf4e0efe
06:27:35 INFO Current reconcile ID: e0631fc7-191f-4d00-8866-3e2cdf4e0efe, expected reconcile ID: 737f7ebe-b794-4e4b-97d9-4258c1224d3d
06:27:39 INFO [TEST SETUP] Exposing port 8080 on test-fzv9aute-0-n-1c23a37950f3
06:27:39 WARNING dict_values([[{'version': 4, 'addr': '10.151.122.150', 'OS-EXT-IPS:type': 'fixed', 'OS-EXT-IPS-MAC:mac_addr': 'fa:16:3e:93:48:2d'}]])
06:27:40 INFO ssh tunnel command ssh -fNT -R 8080:localhost:8080 -i /home/runner-manager/.ssh/test-fzv9aute-0-n-1c23a37950f3.key -o "StrictHostKeyChecking no" -o "ControlPersist yes" ubuntu@10.151.122.150 &
06:27:41 INFO ssh tunnel result 0 None Warning: Permanently added '10.151.122.150' (ED25519) to the list of known hosts.

06:27:43 INFO [TEST SETUP] Run command nc -z localhost 8080 on test-fzv9aute-0-n-1c23a37950f3
06:27:43 WARNING dict_values([[{'version': 4, 'addr': '10.151.122.150', 'OS-EXT-IPS:type': 'fixed', 'OS-EXT-IPS-MAC:mac_addr': 'fa:16:3e:93:48:2d'}]])
06:27:44 WARNING ssh_cmd: su - ubuntu -c 'ssh -i /home/runner-manager/.ssh/test-fzv9aute-0-n-1c23a37950f3.key -o "StrictHostKeyChecking no" ubuntu@10.151.122.150 nc -z localhost 8080'
06:27:45 INFO Run command 'nc -z localhost 8080' in runner with result 0: 'None' 'Connection to localhost (127.0.0.1) 8080 port [tcp/http-alt] succeeded!
'
06:27:46 INFO [TEST SETUP] Run command curl http://localhost:8080 on test-fzv9aute-0-n-1c23a37950f3
06:27:46 WARNING dict_values([[{'version': 4, 'addr': '10.151.122.150', 'OS-EXT-IPS:type': 'fixed', 'OS-EXT-IPS-MAC:mac_addr': 'fa:16:3e:93:48:2d'}]])
06:27:47 WARNING ssh_cmd: su - ubuntu -c 'ssh -i /home/runner-manager/.ssh/test-fzv9aute-0-n-1c23a37950f3.key -o "StrictHostKeyChecking no" ubuntu@10.151.122.150 curl http://localhost:8080'
06:27:48 INFO Run command 'curl http://localhost:8080' in runner with result 0: '<!doctype html>
<html lang=en>
<title>404 Not Found</title>
<h1>Not Found</h1>
<p>The requested URL was not found on the server. If you entered the URL manually please check your spelling and try again.</p>
' '  % Total    % Received % Xferd  Average Speed   Time    Time     Time  Current
                                 Dload  Upload   Total   Spent    Left  Speed
  0     0    0     0    0     0      0      0 --:--:-- --:--:-- --:--:--     0100   207  100   207    0     0  85999      0 --:--:-- --:--:-- --:--:--  101k
'
06:27:51 INFO Wait for condition not met, sleeping 10
06:28:02 INFO Wait for condition not met, sleeping 60
06:29:05 INFO Model status:

Model                      Controller           Cloud/Region         Version  SLA          Timestamp
test-charm-fork-repo-sf6x  github-pr-f69fb-lxd  localhost/localhost  3.6.13   unsupported  06:29:05Z

App                                   Version  Status  Scale  Charm          Channel      Rev  Exposed  Message
github-runner-image-builder-fzv9aute           active      1  any-charm      latest/beta  124  no       
test-fzv9aute                                  active      1  github-runner                 0  yes      

Unit                                     Workload  Agent  Machine  Public address  Ports     Message
github-runner-image-builder-fzv9aute/0*  active    idle   0        10.113.194.243            
test-fzv9aute/0*                         active    idle   1        10.113.194.196  8080/tcp  

Machine  State    Address         Inst id        Base          AZ             Message
0        started  10.113.194.243  juju-bec8ba-0  ubuntu@24.04  github-runner  Running
1        started  10.113.194.196  juju-bec8ba-1  ubuntu@22.04  github-runner  Running

06:29:05 INFO Juju error logs:

machine-0: 06:21:56 ERROR juju.worker.dependency "kvm-container-provisioner" manifold worker returned unexpected error: container types not yet available
machine-0: 06:21:56 ERROR juju.worker.dependency "lxd-container-provisioner" manifold worker returned unexpected error: container types not yet available
machine-1: 06:22:21 ERROR juju.worker.dependency "kvm-container-provisioner" manifold worker returned unexpected error: container types not yet available
machine-1: 06:22:21 ERROR juju.worker.dependency "lxd-container-provisioner" manifold worker returned unexpected error: container types not yet available
unit-test-fzv9aute-0: 06:23:26 ERROR unit.test-fzv9aute/0.juju-log Missing image integration.
Traceback (most recent call last):
  File "/var/lib/juju/agents/unit-test-fzv9aute-0/charm/./src/charm.py", line 120, in func_with_catch_errors
    func(self, event)
  File "/var/lib/juju/agents/unit-test-fzv9aute-0/charm/./src/charm.py", line 366, in _on_config_changed
    self._check_image_ready()
  File "/var/lib/juju/agents/unit-test-fzv9aute-0/charm/./src/charm.py", line 536, in _check_image_ready
    raise ImageIntegrationMissingError("No image integration found")
errors.ImageIntegrationMissingError: No image integration found
unit-test-fzv9aute-0: 06:23:27 ERROR unit.test-fzv9aute/0.juju-log Missing image integration.
Traceback (most recent call last):
  File "/var/lib/juju/agents/unit-test-fzv9aute-0/charm/./src/charm.py", line 120, in func_with_catch_errors
    func(self, event)
  File "/var/lib/juju/agents/unit-test-fzv9aute-0/charm/./src/charm.py", line 329, in _on_start
    self._check_image_ready()
  File "/var/lib/juju/agents/unit-test-fzv9aute-0/charm/./src/charm.py", line 536, in _check_image_ready
    raise ImageIntegrationMissingError("No image integration found")
errors.ImageIntegrationMissingError: No image integration found

06:29:05 INFO Forgetting model main...