20:29:12 INFO Waiting for model:
  test-sq1izehp/0 [executing] active: 
20:29:42 INFO Waiting for model:
  test-sq1izehp/0 [idle] active:
20:30:16 INFO Waiting for model:
  test-sq1izehp/0 [executing] maintenance: Reconciling runners
20:30:47 INFO Waiting for model:
  test-sq1izehp/0 [idle] active: 
20:30:55 INFO Wait for condition not met, sleeping 10
20:31:07 INFO Wait for condition not met, sleeping 10
20:31:17 INFO Wait for condition not met, sleeping 10
20:31:28 INFO Wait for condition not met, sleeping 10
20:31:38 INFO Wait for condition not met, sleeping 10
20:31:49 INFO Wait for condition not met, sleeping 10
20:31:59 INFO Wait for condition not met, sleeping 10
20:33:00 INFO Waiting for model:
  test-sq1izehp/0 [executing] active: 
20:33:30 INFO Waiting for model:
  test-sq1izehp/0 [idle] active: 
20:33:36 INFO Wait for condition not met, sleeping 60
20:34:36 INFO Wait for condition not met, sleeping 60
20:35:37 INFO Wait for condition not met, sleeping 60
20:36:37 INFO Wait for condition not met, sleeping 60
20:37:38 INFO Wait for condition not met, sleeping 60
20:38:38 INFO Wait for condition not met, sleeping 60
20:39:39 INFO Wait for condition not met, sleeping 60
20:40:39 INFO Wait for condition not met, sleeping 60
20:41:40 INFO Wait for condition not met, sleeping 60
20:42:40 INFO Wait for condition not met, sleeping 60
20:43:43 INFO Wait for condition not met, sleeping 10
20:44:18 INFO Waiting for model:
  test-sq1izehp/0 [idle] active:
20:44:53 INFO Waiting for model:
  test-sq1izehp/0 [idle] active: 
20:45:10 INFO Model status:

Model               Controller  Cloud/Region         Version  SLA          Timestamp
test-reactive-52xd  lxd         localhost/localhost  3.6.4    unsupported  20:45:10Z

App                                   Version  Status  Scale  Charm                        Channel      Rev  Exposed  Message
github-runner-image-builder-sq1izehp           active      1  github-runner-image-builder  latest/edge   61  no       
mongodb                               6.0.6    active      1  mongodb                      6/edge       212  no       
test-sq1izehp                                  active      1  github-runner                               0  no       

Unit                                     Workload  Agent  Machine  Public address  Ports      Message
github-runner-image-builder-sq1izehp/0*  active    idle   0        10.194.113.106             
mongodb/0*                               active    idle   2        10.194.113.80   27017/tcp  Primary
test-sq1izehp/0*                         active    idle   1        10.194.113.14              

Machine  State    Address         Inst id        Base          AZ  Message
0        started  10.194.113.106  juju-093079-0  ubuntu@22.04      Running
1        started  10.194.113.14   juju-093079-1  ubuntu@22.04      Running
2        started  10.194.113.80   juju-093079-2  ubuntu@22.04      Running

20:45:10 INFO Juju error logs:

machine-2: 20:18:37 ERROR juju.worker.dependency "kvm-container-provisioner" manifold worker returned unexpected error: container types not yet available
machine-2: 20:18:37 ERROR juju.worker.dependency "lxd-container-provisioner" manifold worker returned unexpected error: container types not yet available
unit-mongodb-0: 20:18:37 ERROR juju.worker.meterstatus error running "meter-status-changed": charm missing from disk
unit-mongodb-0: 20:19:09 ERROR unit.mongodb/0.juju-log Unable to set params: ['vm.max_map_count']
unit-mongodb-0: 20:19:09 ERROR unit.mongodb/0.juju-log Error setting values on sysctl: Unable to set params: ['vm.max_map_count']
unit-test-sq1izehp-0: 20:22:31 ERROR unit.test-sq1izehp/0.juju-log SSH connection failure with test-sq1izehp-0-r-f28de533874d during flushing
Traceback (most recent call last):
  File "/var/lib/juju/agents/unit-test-sq1izehp-0/charm/venv/github_runner_manager/openstack_cloud/openstack_runner_manager.py", line 476, in _check_state_and_flush
    ssh_conn = self._openstack_cloud.get_ssh_connection(instance)
  File "/var/lib/juju/agents/unit-test-sq1izehp-0/charm/venv/github_runner_manager/openstack_cloud/openstack_cloud.py", line 106, in exception_handling_wrapper
    return func(*args, **kwargs)
  File "/var/lib/juju/agents/unit-test-sq1izehp-0/charm/venv/github_runner_manager/openstack_cloud/openstack_cloud.py", line 292, in get_ssh_connection
    raise SSHError(f"No addresses found for OpenStack server {instance.instance_id.name}")
github_runner_manager.errors.SSHError: No addresses found for OpenStack server test-sq1izehp-0-r-f28de533874d
unit-test-sq1izehp-0: 20:22:36 ERROR unit.test-sq1izehp/0.juju-log SSH connection failure with test-sq1izehp-0-r-f28de533874d during flushing
Traceback (most recent call last):
  File "/var/lib/juju/agents/unit-test-sq1izehp-0/charm/venv/github_runner_manager/openstack_cloud/openstack_runner_manager.py", line 476, in _check_state_and_flush
    ssh_conn = self._openstack_cloud.get_ssh_connection(instance)
  File "/var/lib/juju/agents/unit-test-sq1izehp-0/charm/venv/github_runner_manager/openstack_cloud/openstack_cloud.py", line 106, in exception_handling_wrapper
    return func(*args, **kwargs)
  File "/var/lib/juju/agents/unit-test-sq1izehp-0/charm/venv/github_runner_manager/openstack_cloud/openstack_cloud.py", line 292, in get_ssh_connection
    raise SSHError(f"No addresses found for OpenStack server {instance.instance_id.name}")
github_runner_manager.errors.SSHError: No addresses found for OpenStack server test-sq1izehp-0-r-f28de533874d
unit-test-sq1izehp-0: 20:22:46 ERROR unit.test-sq1izehp/0.juju-log SSH connection failure with test-sq1izehp-0-r-f28de533874d during flushing
Traceback (most recent call last):
  File "/var/lib/juju/agents/unit-test-sq1izehp-0/charm/venv/github_runner_manager/openstack_cloud/openstack_runner_manager.py", line 476, in _check_state_and_flush
    ssh_conn = self._openstack_cloud.get_ssh_connection(instance)
  File "/var/lib/juju/agents/unit-test-sq1izehp-0/charm/venv/github_runner_manager/openstack_cloud/openstack_cloud.py", line 106, in exception_handling_wrapper
    return func(*args, **kwargs)
  File "/var/lib/juju/agents/unit-test-sq1izehp-0/charm/venv/github_runner_manager/openstack_cloud/openstack_cloud.py", line 292, in get_ssh_connection
    raise SSHError(f"No addresses found for OpenStack server {instance.instance_id.name}")
github_runner_manager.errors.SSHError: No addresses found for OpenStack server test-sq1izehp-0-r-f28de533874d
unit-test-sq1izehp-0: 20:22:46 ERROR unit.test-sq1izehp/0.juju-log Retry limit of 3 exceed: No addresses found for OpenStack server test-sq1izehp-0-r-f28de533874d
Traceback (most recent call last):
  File "/var/lib/juju/agents/unit-test-sq1izehp-0/charm/venv/github_runner_manager/utilities.py", line 77, in fn_with_retry
    return func(*args, **kwargs)
  File "/var/lib/juju/agents/unit-test-sq1izehp-0/charm/venv/github_runner_manager/openstack_cloud/openstack_runner_manager.py", line 476, in _check_state_and_flush
    ssh_conn = self._openstack_cloud.get_ssh_connection(instance)
  File "/var/lib/juju/agents/unit-test-sq1izehp-0/charm/venv/github_runner_manager/openstack_cloud/openstack_cloud.py", line 106, in exception_handling_wrapper
    return func(*args, **kwargs)
  File "/var/lib/juju/agents/unit-test-sq1izehp-0/charm/venv/github_runner_manager/openstack_cloud/openstack_cloud.py", line 292, in get_ssh_connection
    raise SSHError(f"No addresses found for OpenStack server {instance.instance_id.name}")
github_runner_manager.errors.SSHError: No addresses found for OpenStack server test-sq1izehp-0-r-f28de533874d

20:45:10 INFO Forgetting model main...