18:19:23 WARNING unexpected facade SSHServer received from the controller
18:19:23 INFO Adding model github-pr-a2a3a-lxd:test-charm-upgrade-rtgm on cloud localhost
18:19:23 WARNING unexpected facade SSHServer received from the controller
18:19:23 WARNING unexpected facade SSHSession received from the controller
18:19:23 WARNING unexpected facade SSHTunneler received from the controller
18:19:23 INFO Deploying fake image builder via any-charm for image ID 1ad6e456-fa35-47ef-988f-1e793a60f258
18:19:25 INFO Deploying ch:amd64/noble/any-charm-124
18:19:43 INFO Deploying local:jammy/github-runner-0
18:19:43 INFO Waiting for model:
  test-ahz8noec/0 [allocating] waiting: waiting for machine
  github-runner-image-builder-ahz8noec/0 [allocating] waiting: waiting for machine
18:20:13 INFO Waiting for model:
  test-ahz8noec/0 [allocating] waiting: waiting for machine
  github-runner-image-builder-ahz8noec/0 [executing] maintenance: installing charm software
18:20:43 INFO Waiting for model:
  test-ahz8noec/0 [allocating] waiting: waiting for machine
  github-runner-image-builder-ahz8noec/0 [idle] active: 
18:21:13 INFO Waiting for model:
  test-ahz8noec/0 [allocating] waiting: waiting for machine
18:21:43 INFO Waiting for model:
  test-ahz8noec/0 [allocating] waiting: agent initialising
18:22:13 INFO Waiting for model:
  test-ahz8noec/0 [executing] maintenance: installing charm software
18:22:43 INFO Waiting for model:
  test-ahz8noec/0 [executing] maintenance: Update image for runners
18:23:13 INFO Waiting for model:
  test-ahz8noec/0 [executing] maintenance: Update image for runners
18:23:43 INFO Waiting for model:
  test-ahz8noec/0 [executing] maintenance: Update image for runners
18:24:13 INFO Waiting for model:
  test-ahz8noec/0 [executing] maintenance: Update image for runners
18:24:43 INFO Waiting for model:
  test-ahz8noec/0 [idle] error: hook failed: "image-relation-changed"
18:25:13 INFO Waiting for model:
  test-ahz8noec/0 [idle] error: hook failed: "image-relation-changed"
18:25:43 INFO Waiting for model:
  test-ahz8noec/0 [idle] error: hook failed: "image-relation-changed"
18:26:13 INFO Waiting for model:
  test-ahz8noec/0 [idle] error: hook failed: "image-relation-changed"
18:26:43 INFO Waiting for model:
  test-ahz8noec/0 [idle] error: hook failed: "image-relation-changed"
18:27:13 INFO Waiting for model:
  test-ahz8noec/0 [idle] error: hook failed: "image-relation-changed"
18:27:44 INFO Waiting for model:
  test-ahz8noec/0 [idle] error: hook failed: "image-relation-changed"
18:28:14 INFO Waiting for model:
  test-ahz8noec/0 [idle] error: hook failed: "image-relation-changed"
18:28:44 INFO Waiting for model:
  test-ahz8noec/0 [idle] error: hook failed: "image-relation-changed"
18:29:14 INFO Waiting for model:
  test-ahz8noec/0 [idle] error: hook failed: "image-relation-changed"
18:29:44 INFO Waiting for model:
  test-ahz8noec/0 [idle] error: hook failed: "image-relation-changed"
18:30:14 INFO Waiting for model:
  test-ahz8noec/0 [idle] error: hook failed: "image-relation-changed"
18:30:44 INFO Waiting for model:
  test-ahz8noec/0 [idle] error: hook failed: "image-relation-changed"
18:31:14 INFO Waiting for model:
  test-ahz8noec/0 [idle] error: hook failed: "image-relation-changed"
18:31:44 INFO Waiting for model:
  test-ahz8noec/0 [idle] error: hook failed: "image-relation-changed"
18:32:14 INFO Waiting for model:
  test-ahz8noec/0 [idle] error: hook failed: "image-relation-changed"
18:32:44 INFO Waiting for model:
  test-ahz8noec/0 [idle] error: hook failed: "image-relation-changed"
18:33:14 INFO Waiting for model:
  test-ahz8noec/0 [idle] error: hook failed: "image-relation-changed"
18:33:44 INFO Waiting for model:
  test-ahz8noec/0 [idle] error: hook failed: "image-relation-changed"
18:34:14 INFO Waiting for model:
  test-ahz8noec/0 [idle] error: hook failed: "image-relation-changed"
18:34:44 INFO Waiting for model:
  test-ahz8noec/0 [idle] error: hook failed: "image-relation-changed"
18:35:14 INFO Waiting for model:
  test-ahz8noec/0 [idle] error: hook failed: "image-relation-changed"
18:35:44 INFO Waiting for model:
  test-ahz8noec/0 [idle] error: hook failed: "image-relation-changed"
18:36:14 INFO Waiting for model:
  test-ahz8noec/0 [idle] error: hook failed: "image-relation-changed"
18:36:44 INFO Waiting for model:
  test-ahz8noec/0 [idle] error: hook failed: "image-relation-changed"
18:37:14 INFO Waiting for model:
  test-ahz8noec/0 [idle] error: hook failed: "image-relation-changed"
18:37:44 INFO Waiting for model:
  test-ahz8noec/0 [idle] error: hook failed: "image-relation-changed"
18:38:14 INFO Waiting for model:
  test-ahz8noec/0 [idle] error: hook failed: "image-relation-changed"
18:38:44 INFO Waiting for model:
  test-ahz8noec/0 [idle] error: hook failed: "image-relation-changed"
18:39:14 INFO Waiting for model:
  test-ahz8noec/0 [idle] error: hook failed: "image-relation-changed"
18:39:44 INFO Waiting for model:
  test-ahz8noec/0 [idle] error: hook failed: "image-relation-changed"
18:40:14 INFO Waiting for model:
  test-ahz8noec/0 [idle] error: hook failed: "image-relation-changed"
18:40:45 INFO Waiting for model:
  test-ahz8noec/0 [idle] error: hook failed: "image-relation-changed"
18:41:15 INFO Waiting for model:
  test-ahz8noec/0 [idle] error: hook failed: "image-relation-changed"
18:41:45 INFO Waiting for model:
  test-ahz8noec/0 [idle] error: hook failed: "image-relation-changed"
18:42:15 INFO Waiting for model:
  test-ahz8noec/0 [idle] error: hook failed: "image-relation-changed"
18:42:45 INFO Waiting for model:
  test-ahz8noec/0 [idle] error: hook failed: "image-relation-changed"
18:43:15 INFO Waiting for model:
  test-ahz8noec/0 [idle] error: hook failed: "image-relation-changed"
18:43:45 INFO Waiting for model:
  test-ahz8noec/0 [idle] error: hook failed: "image-relation-changed"
18:44:15 INFO Waiting for model:
  test-ahz8noec/0 [idle] error: hook failed: "image-relation-changed"
18:44:45 INFO OpenStack servers: []
18:44:45 INFO Model status:

Model                    Controller           Cloud/Region         Version  SLA          Timestamp
test-charm-upgrade-rtgm  github-pr-a2a3a-lxd  localhost/localhost  3.6.13   unsupported  18:44:45Z

App                                   Version  Status  Scale  Charm          Channel      Rev  Exposed  Message
github-runner-image-builder-ahz8noec           active      1  any-charm      latest/beta  124  no       
test-ahz8noec                                  error       1  github-runner                 0  no       hook failed: "image-relation-changed"

Unit                                     Workload  Agent  Machine  Public address  Ports  Message
github-runner-image-builder-ahz8noec/0*  active    idle   0        10.245.39.176          
test-ahz8noec/0*                         error     idle   1        10.245.39.5            hook failed: "image-relation-changed"

Machine  State    Address        Inst id        Base          AZ             Message
0        started  10.245.39.176  juju-db5ad7-0  ubuntu@24.04  github-runner  Running
1        started  10.245.39.5    juju-db5ad7-1  ubuntu@22.04  github-runner  Running

18:44:46 INFO Juju error logs:

machine-0: 18:20:10 ERROR juju.worker.dependency "kvm-container-provisioner" manifold worker returned unexpected error: container types not yet available
machine-0: 18:20:10 ERROR juju.worker.dependency "lxd-container-provisioner" manifold worker returned unexpected error: container types not yet available
machine-1: 18:21:33 ERROR juju.worker.dependency "lxd-container-provisioner" manifold worker returned unexpected error: container types not yet available
machine-1: 18:21:33 ERROR juju.worker.dependency "kvm-container-provisioner" manifold worker returned unexpected error: container types not yet available
unit-test-ahz8noec-0: 18:22:37 ERROR unit.test-ahz8noec/0.juju-log Missing image integration.
Traceback (most recent call last):
  File "/var/lib/juju/agents/unit-test-ahz8noec-0/charm/./src/charm.py", line 119, in func_with_catch_errors
    func(self, event)
  File "/var/lib/juju/agents/unit-test-ahz8noec-0/charm/./src/charm.py", line 354, in _on_config_changed
    self._check_image_ready()
  File "/var/lib/juju/agents/unit-test-ahz8noec-0/charm/./src/charm.py", line 524, in _check_image_ready
    raise ImageIntegrationMissingError("No image integration found")
errors.ImageIntegrationMissingError: No image integration found
unit-test-ahz8noec-0: 18:22:38 ERROR unit.test-ahz8noec/0.juju-log Missing image integration.
Traceback (most recent call last):
  File "/var/lib/juju/agents/unit-test-ahz8noec-0/charm/./src/charm.py", line 119, in func_with_catch_errors
    func(self, event)
  File "/var/lib/juju/agents/unit-test-ahz8noec-0/charm/./src/charm.py", line 317, in _on_start
    self._check_image_ready()
  File "/var/lib/juju/agents/unit-test-ahz8noec-0/charm/./src/charm.py", line 524, in _check_image_ready
    raise ImageIntegrationMissingError("No image integration found")
errors.ImageIntegrationMissingError: No image integration found
unit-test-ahz8noec-0: 18:24:41 ERROR unit.test-ahz8noec/0.juju-log image:1: Uncaught exception while in charm code:
Traceback (most recent call last):
  File "/var/lib/juju/agents/unit-test-ahz8noec-0/charm/venv/urllib3/connection.py", line 204, in _new_conn
    sock = connection.create_connection(
  File "/var/lib/juju/agents/unit-test-ahz8noec-0/charm/venv/urllib3/util/connection.py", line 85, in create_connection
    raise err
  File "/var/lib/juju/agents/unit-test-ahz8noec-0/charm/venv/urllib3/util/connection.py", line 73, in create_connection
    sock.connect(sa)
ConnectionRefusedError: [Errno 111] Connection refused

The above exception was the direct cause of the following exception:

Traceback (most recent call last):
  File "/var/lib/juju/agents/unit-test-ahz8noec-0/charm/venv/urllib3/connectionpool.py", line 787, in urlopen
    response = self._make_request(
  File "/var/lib/juju/agents/unit-test-ahz8noec-0/charm/venv/urllib3/connectionpool.py", line 493, in _make_request
    conn.request(
  File "/var/lib/juju/agents/unit-test-ahz8noec-0/charm/venv/urllib3/connection.py", line 500, in request
    self.endheaders()
  File "/usr/lib/python3.10/http/client.py", line 1298, in endheaders
    self._send_output(message_body, encode_chunked=encode_chunked)
  File "/usr/lib/python3.10/http/client.py", line 1058, in _send_output
    self.send(msg)
  File "/usr/lib/python3.10/http/client.py", line 996, in send
    self.connect()
  File "/var/lib/juju/agents/unit-test-ahz8noec-0/charm/venv/urllib3/connection.py", line 331, in connect
    self.sock = self._new_conn()
  File "/var/lib/juju/agents/unit-test-ahz8noec-0/charm/venv/urllib3/connection.py", line 219, in _new_conn
    raise NewConnectionError(
urllib3.exceptions.NewConnectionError: HTTPConnection(host='127.0.0.1', port=55555): Failed to establish a new connection: [Errno 111] Connection refused

The above exception was the direct cause of the following exception:

Traceback (most recent call last):
  File "/var/lib/juju/agents/unit-test-ahz8noec-0/charm/venv/requests/adapters.py", line 644, in send
    resp = conn.urlopen(
  File "/var/lib/juju/agents/unit-test-ahz8noec-0/charm/venv/urllib3/connectionpool.py", line 841, in urlopen
    retries = retries.increment(
  File "/var/lib/juju/agents/unit-test-ahz8noec-0/charm/venv/urllib3/util/retry.py", line 535, in increment
    raise MaxRetryError(_pool, url, reason) from reason  # type: ignore[arg-type]
urllib3.exceptions.MaxRetryError: HTTPConnectionPool(host='127.0.0.1', port=55555): Max retries exceeded with url: /health (Caused by NewConnectionError("HTTPConnection(host='127.0.0.1', port=55555): Failed to establish a new connection: [Errno 111] Connection refused"))

During handling of the above exception, another exception occurred:

Traceback (most recent call last):
  File "/var/lib/juju/agents/unit-test-ahz8noec-0/charm/src/manager_client.py", line 161, in health_check
    response = self._request(_HTTPMethod.GET, "/health", timeout=READ_TIMEOUT)
  File "/var/lib/juju/agents/unit-test-ahz8noec-0/charm/src/manager_client.py", line 120, in _request
    response = self._requests.request(method, url, *args, **kwargs)
  File "/var/lib/juju/agents/unit-test-ahz8noec-0/charm/venv/requests/sessions.py", line 589, in request
    resp = self.send(prep, **send_kwargs)
  File "/var/lib/juju/agents/unit-test-ahz8noec-0/charm/venv/requests/sessions.py", line 703, in send
    r = adapter.send(request, **kwargs)
  File "/var/lib/juju/agents/unit-test-ahz8noec-0/charm/venv/requests/adapters.py", line 677, in send
    raise ConnectionError(e, request=request)
requests.exceptions.ConnectionError: HTTPConnectionPool(host='127.0.0.1', port=55555): Max retries exceeded with url: /health (Caused by NewConnectionError("HTTPConnection(host='127.0.0.1', port=55555): Failed to establish a new connection: [Errno 111] Connection refused"))

The above exception was the direct cause of the following exception:

Traceback (most recent call last):
  File "/var/lib/juju/agents/unit-test-ahz8noec-0/charm/./src/charm.py", line 616, in <module>
    ops.main(GithubRunnerCharm)
  File "/var/lib/juju/agents/unit-test-ahz8noec-0/charm/venv/ops/__init__.py", line 360, in __call__
    return _main.main(charm_class=charm_class, use_juju_for_storage=use_juju_for_storage)
  File "/var/lib/juju/agents/unit-test-ahz8noec-0/charm/venv/ops/_main.py", line 507, in main
    manager.run()
  File "/var/lib/juju/agents/unit-test-ahz8noec-0/charm/venv/ops/_main.py", line 491, in run
    self._emit()
  File "/var/lib/juju/agents/unit-test-ahz8noec-0/charm/venv/ops/_main.py", line 426, in _emit
    self._emit_charm_event(self.dispatcher.event_name)
  File "/var/lib/juju/agents/unit-test-ahz8noec-0/charm/venv/ops/_main.py", line 470, in _emit_charm_event
    event_to_emit.emit(*args, **kwargs)
  File "/var/lib/juju/agents/unit-test-ahz8noec-0/charm/venv/ops/framework.py", line 337, in emit
    framework._emit(event)
  File "/var/lib/juju/agents/unit-test-ahz8noec-0/charm/venv/ops/framework.py", line 910, in _emit
    self._reemit(event_path)
  File "/var/lib/juju/agents/unit-test-ahz8noec-0/charm/venv/ops/framework.py", line 1028, in _reemit
    custom_handler(event)
  File "/var/lib/juju/agents/unit-test-ahz8noec-0/charm/./src/charm.py", line 119, in func_with_catch_errors
    func(self, event)
  File "/var/lib/juju/agents/unit-test-ahz8noec-0/charm/./src/charm.py", line 492, in _on_image_relation_changed
    self._setup_service(state)
  File "/var/lib/juju/agents/unit-test-ahz8noec-0/charm/./src/charm.py", line 398, in _setup_service
    self._manager_client.wait_till_ready()
  File "/var/lib/juju/agents/unit-test-ahz8noec-0/charm/src/manager_client.py", line 181, in wait_till_ready
    self.health_check()
  File "/var/lib/juju/agents/unit-test-ahz8noec-0/charm/src/manager_client.py", line 165, in health_check
    raise RunnerManagerServiceNotReadyError(NOT_READY_ERROR_MESSAGE) from err
errors.RunnerManagerServiceNotReadyError: GitHub runner manager service not ready
unit-test-ahz8noec-0: 18:24:41 ERROR juju.worker.uniter.operation hook "image-relation-changed" (via hook dispatching script: dispatch) failed: exit status 1

18:44:46 INFO Forgetting model main...