18:26:24 WARNING unexpected facade SSHServer received from the controller
18:26:24 INFO Adding model github-pr-a29fc-lxd:test-charm-fork-repo-8qik on cloud localhost
18:26:24 WARNING unexpected facade SSHServer received from the controller
18:26:24 WARNING unexpected facade SSHSession received from the controller
18:26:24 WARNING unexpected facade SSHTunneler received from the controller
18:26:26 INFO Deploying ch:amd64/jammy/github-runner-image-builder-100
18:26:51 INFO Deploying local:jammy/github-runner-0
18:26:52 INFO Waiting for model:
  test-gqsa29h3/0 [allocating] waiting: waiting for machine
  github-runner-image-builder-gqsa29h3/0 [allocating] waiting: waiting for machine
18:27:22 INFO Waiting for model:
  test-gqsa29h3/0 [allocating] waiting: waiting for machine
  github-runner-image-builder-gqsa29h3/0 [allocating] waiting: waiting for machine
18:27:52 INFO Waiting for model:
  test-gqsa29h3/0 [allocating] waiting: waiting for machine
  github-runner-image-builder-gqsa29h3/0 [allocating] waiting: agent initialising
18:28:22 INFO Waiting for model:
  test-gqsa29h3/0 [executing] maintenance: installing charm software
  github-runner-image-builder-gqsa29h3/0 [executing] maintenance: Setting up Builder.
18:28:52 INFO Waiting for model:
  test-gqsa29h3/0 [executing] maintenance: installing charm software
  github-runner-image-builder-gqsa29h3/0 [executing] maintenance: Setting up Builder.
18:29:23 INFO Waiting for model:
  test-gqsa29h3/0 [executing] maintenance: installing charm software
  github-runner-image-builder-gqsa29h3/0 [executing] maintenance: Setting up Builder.
18:29:53 INFO Waiting for model:
  test-gqsa29h3/0 [idle] blocked: Please provide image integration.
  github-runner-image-builder-gqsa29h3/0 [executing] maintenance: Setting up Builder.
18:30:23 INFO Waiting for model:
  test-gqsa29h3/0 [idle] blocked: Please provide image integration.
  github-runner-image-builder-gqsa29h3/0 [executing] maintenance: Setting up Builder.
18:30:53 INFO Waiting for model:
  test-gqsa29h3/0 [idle] waiting: Waiting for image over integration.
  github-runner-image-builder-gqsa29h3/0 [executing] blocked: image integration required.
18:31:23 INFO Waiting for model:
  test-gqsa29h3/0 [idle] waiting: Waiting for image over integration.
  github-runner-image-builder-gqsa29h3/0 [executing] active: Building image.
18:31:54 INFO Waiting for model:
  test-gqsa29h3/0 [idle] waiting: Waiting for image over integration.
  github-runner-image-builder-gqsa29h3/0 [executing] active: Building image.
18:32:24 INFO Waiting for model:
  test-gqsa29h3/0 [idle] waiting: Waiting for image over integration.
  github-runner-image-builder-gqsa29h3/0 [executing] active: Building image.
18:32:54 INFO Waiting for model:
  test-gqsa29h3/0 [idle] waiting: Waiting for image over integration.
  github-runner-image-builder-gqsa29h3/0 [executing] active: Building image.
18:33:24 INFO Waiting for model:
  test-gqsa29h3/0 [idle] waiting: Waiting for image over integration.
  github-runner-image-builder-gqsa29h3/0 [executing] active: Building image.
18:33:55 INFO Waiting for model:
  test-gqsa29h3/0 [idle] waiting: Waiting for image over integration.
  github-runner-image-builder-gqsa29h3/0 [executing] active: Building image.
18:34:26 INFO Waiting for model:
  test-gqsa29h3/0 [idle] waiting: Waiting for image over integration.
  github-runner-image-builder-gqsa29h3/0 [executing] active: Building image.
18:34:56 INFO Waiting for model:
  test-gqsa29h3/0 [idle] waiting: Waiting for image over integration.
  github-runner-image-builder-gqsa29h3/0 [executing] active: Building image.
18:35:27 INFO Waiting for model:
  test-gqsa29h3/0 [idle] waiting: Waiting for image over integration.
  github-runner-image-builder-gqsa29h3/0 [executing] active: Building image.
18:35:57 INFO Waiting for model:
  test-gqsa29h3/0 [idle] waiting: Waiting for image over integration.
  github-runner-image-builder-gqsa29h3/0 [executing] active: Building image.
18:36:27 INFO Waiting for model:
  test-gqsa29h3/0 [idle] waiting: Waiting for image over integration.
  github-runner-image-builder-gqsa29h3/0 [executing] active: Building image.
18:36:57 INFO Waiting for model:
  test-gqsa29h3/0 [idle] waiting: Waiting for image over integration.
  github-runner-image-builder-gqsa29h3/0 [executing] active: Building image.
18:37:27 INFO Waiting for model:
  test-gqsa29h3/0 [idle] waiting: Waiting for image over integration.
  github-runner-image-builder-gqsa29h3/0 [executing] active: Building image.
18:37:58 INFO Waiting for model:
  test-gqsa29h3/0 [idle] waiting: Waiting for image over integration.
  github-runner-image-builder-gqsa29h3/0 [executing] active: Building image.
18:38:28 INFO Waiting for model:
  test-gqsa29h3/0 [idle] waiting: Waiting for image over integration.
  github-runner-image-builder-gqsa29h3/0 [executing] active: Building image.
18:38:58 INFO Waiting for model:
  test-gqsa29h3/0 [idle] waiting: Waiting for image over integration.
  github-runner-image-builder-gqsa29h3/0 [executing] active: Building image.
18:39:29 INFO Waiting for model:
  test-gqsa29h3/0 [idle] waiting: Waiting for image over integration.
  github-runner-image-builder-gqsa29h3/0 [executing] active: Building image.
18:39:59 INFO Waiting for model:
  test-gqsa29h3/0 [idle] waiting: Waiting for image over integration.
  github-runner-image-builder-gqsa29h3/0 [executing] active: Building image.
18:40:30 INFO Waiting for model:
  test-gqsa29h3/0 [idle] waiting: Waiting for image over integration.
  github-runner-image-builder-gqsa29h3/0 [executing] active: Building image.
18:41:00 INFO Waiting for model:
  test-gqsa29h3/0 [idle] waiting: Waiting for image over integration.
  github-runner-image-builder-gqsa29h3/0 [executing] active: Building image.
18:41:30 INFO Waiting for model:
  test-gqsa29h3/0 [idle] waiting: Waiting for image over integration.
  github-runner-image-builder-gqsa29h3/0 [executing] active: Building image.
18:42:00 INFO Waiting for model:
  test-gqsa29h3/0 [idle] waiting: Waiting for image over integration.
  github-runner-image-builder-gqsa29h3/0 [executing] active: Building image.
18:42:31 INFO Waiting for model:
  test-gqsa29h3/0 [idle] waiting: Waiting for image over integration.
  github-runner-image-builder-gqsa29h3/0 [executing] active: Building image.
18:43:01 INFO Waiting for model:
  test-gqsa29h3/0 [idle] waiting: Waiting for image over integration.
  github-runner-image-builder-gqsa29h3/0 [executing] active: Building image.
18:43:31 INFO Waiting for model:
  test-gqsa29h3/0 [idle] waiting: Waiting for image over integration.
  github-runner-image-builder-gqsa29h3/0 [executing] active: Building image.
18:44:02 INFO Waiting for model:
  test-gqsa29h3/0 [executing] maintenance: Update image for runners
  github-runner-image-builder-gqsa29h3/0 [idle] active: 
18:44:32 INFO Waiting for model:
  test-gqsa29h3/0 [idle] active: 
18:44:44 INFO GitHub token rate limit: Rate(reset=2025-08-07 19:03:13+00:00, remaining=4896, limit=5000)
18:45:50 INFO Waiting for model:
  test-gqsa29h3/0 [idle] active: 
18:46:21 INFO Waiting for model:
  test-gqsa29h3/0 [idle] active: 
18:46:24 INFO Current reconcile ID: 120ceba0-5a59-41e0-bb7a-27e674bd085d
18:47:25 INFO Current reconcile ID: 120ceba0-5a59-41e0-bb7a-27e674bd085d
18:48:26 INFO Current reconcile ID: dbc91298-4f4c-4107-acea-96b113ac3528
18:48:33 INFO [TEST SETUP] Exposing port 8080 on test-gqsa29h3-0-n-ac7532d94c0b
18:48:33 WARNING dict_values([[{'version': 4, 'addr': '10.145.193.109', 'OS-EXT-IPS:type': 'fixed', 'OS-EXT-IPS-MAC:mac_addr': 'fa:16:3e:78:07:6b'}]])
18:48:34 INFO ssh tunnel command ssh -fNT -R 8080:localhost:8080 -i /home/runner-manager/.ssh/test-gqsa29h3-0-n-ac7532d94c0b.key -o "StrictHostKeyChecking no" -o "ControlPersist yes" ubuntu@10.145.193.109 &
18:48:35 INFO ssh tunnel result 0 None Warning: Permanently added '10.145.193.109' (ED25519) to the list of known hosts.

18:48:37 INFO [TEST SETUP] Run command nc -z localhost 8080 on test-gqsa29h3-0-n-ac7532d94c0b
18:48:37 WARNING dict_values([[{'version': 4, 'addr': '10.145.193.109', 'OS-EXT-IPS:type': 'fixed', 'OS-EXT-IPS-MAC:mac_addr': 'fa:16:3e:78:07:6b'}]])
18:48:38 WARNING ssh_cmd: su - ubuntu -c 'ssh -i /home/runner-manager/.ssh/test-gqsa29h3-0-n-ac7532d94c0b.key -o "StrictHostKeyChecking no" ubuntu@10.145.193.109 nc -z localhost 8080'
18:48:39 INFO Run command 'nc -z localhost 8080' in runner with result 0: 'None' 'Connection to localhost (127.0.0.1) 8080 port [tcp/http-alt] succeeded!
'
18:48:40 INFO [TEST SETUP] Run command curl http://localhost:8080 on test-gqsa29h3-0-n-ac7532d94c0b
18:48:40 WARNING dict_values([[{'version': 4, 'addr': '10.145.193.109', 'OS-EXT-IPS:type': 'fixed', 'OS-EXT-IPS-MAC:mac_addr': 'fa:16:3e:78:07:6b'}]])
18:48:41 WARNING ssh_cmd: su - ubuntu -c 'ssh -i /home/runner-manager/.ssh/test-gqsa29h3-0-n-ac7532d94c0b.key -o "StrictHostKeyChecking no" ubuntu@10.145.193.109 curl http://localhost:8080'
18:48:42 INFO Run command 'curl http://localhost:8080' in runner with result 0: '<!doctype html>
<html lang=en>
<title>404 Not Found</title>
<h1>Not Found</h1>
<p>The requested URL was not found on the server. If you entered the URL manually please check your spelling and try again.</p>
' '  % Total    % Received % Xferd  Average Speed   Time    Time     Time  Current
                                 Dload  Upload   Total   Spent    Left  Speed
  0     0    0     0    0     0      0      0 --:--:-- --:--:-- --:--:--     0100   207  100   207    0     0  54819      0 --:--:-- --:--:-- --:--:-- 69000
'
18:48:45 INFO Wait for condition not met, sleeping 10
18:49:01 INFO Model status:

Model                      Controller           Cloud/Region         Version  SLA          Timestamp
test-charm-fork-repo-8qik  github-pr-a29fc-lxd  localhost/localhost  3.6.8    unsupported  18:49:01Z

App                                   Version  Status  Scale  Charm                        Channel      Rev  Exposed  Message
github-runner-image-builder-gqsa29h3           active      1  github-runner-image-builder  latest/edge  100  no       
test-gqsa29h3                                  active      1  github-runner                               0  yes      

Unit                                     Workload  Agent  Machine  Public address  Ports     Message
github-runner-image-builder-gqsa29h3/0*  active    idle   0        10.226.123.242            
test-gqsa29h3/0*                         active    idle   1        10.226.123.130  8080/tcp  

Machine  State    Address         Inst id        Base          AZ  Message
0        started  10.226.123.242  juju-6067b9-0  ubuntu@22.04      Running
1        started  10.226.123.130  juju-6067b9-1  ubuntu@22.04      Running

18:49:01 INFO Juju error logs:

machine-0: 18:27:45 ERROR juju.worker.dependency "kvm-container-provisioner" manifold worker returned unexpected error: container types not yet available
machine-0: 18:27:45 ERROR juju.worker.dependency "lxd-container-provisioner" manifold worker returned unexpected error: container types not yet available
unit-github-runner-image-builder-gqsa29h3-0: 18:27:45 ERROR juju.worker.meterstatus error running "meter-status-changed": charm missing from disk
machine-1: 18:27:54 ERROR juju.worker.dependency "lxd-container-provisioner" manifold worker returned unexpected error: container types not yet available
machine-1: 18:27:54 ERROR juju.worker.dependency "kvm-container-provisioner" manifold worker returned unexpected error: container types not yet available
unit-test-gqsa29h3-0: 18:27:54 ERROR juju.worker.meterstatus error running "meter-status-changed": charm missing from disk
unit-github-runner-image-builder-gqsa29h3-0: 18:28:36 ERROR unit.github-runner-image-builder-gqsa29h3/0.juju-log Pipx command failed, code: 1, out: None, err: None
unit-test-gqsa29h3-0: 18:29:24 ERROR unit.test-gqsa29h3/0.juju-log Missing image integration.
Traceback (most recent call last):
  File "/var/lib/juju/agents/unit-test-gqsa29h3-0/charm/./src/charm.py", line 118, in func_with_catch_errors
    func(self, event)
  File "/var/lib/juju/agents/unit-test-gqsa29h3-0/charm/./src/charm.py", line 342, in _on_config_changed
    self._check_image_ready()
  File "/var/lib/juju/agents/unit-test-gqsa29h3-0/charm/./src/charm.py", line 512, in _check_image_ready
    raise ImageIntegrationMissingError("No image integration found")
errors.ImageIntegrationMissingError: No image integration found
unit-test-gqsa29h3-0: 18:29:27 ERROR unit.test-gqsa29h3/0.juju-log Missing image integration.
Traceback (most recent call last):
  File "/var/lib/juju/agents/unit-test-gqsa29h3-0/charm/./src/charm.py", line 118, in func_with_catch_errors
    func(self, event)
  File "/var/lib/juju/agents/unit-test-gqsa29h3-0/charm/./src/charm.py", line 313, in _on_start
    self._check_image_ready()
  File "/var/lib/juju/agents/unit-test-gqsa29h3-0/charm/./src/charm.py", line 512, in _check_image_ready
    raise ImageIntegrationMissingError("No image integration found")
errors.ImageIntegrationMissingError: No image integration found
unit-test-gqsa29h3-0: 18:30:48 ERROR unit.test-gqsa29h3/0.juju-log image:0: Missing image in image integration.
Traceback (most recent call last):
  File "/var/lib/juju/agents/unit-test-gqsa29h3-0/charm/./src/charm.py", line 118, in func_with_catch_errors
    func(self, event)
  File "/var/lib/juju/agents/unit-test-gqsa29h3-0/charm/./src/charm.py", line 477, in _on_image_relation_changed
    self._check_image_ready()
  File "/var/lib/juju/agents/unit-test-gqsa29h3-0/charm/./src/charm.py", line 514, in _check_image_ready
    raise ImageNotFoundError("No image found in the image integration")
errors.ImageNotFoundError: No image found in the image integration

18:49:01 INFO Forgetting model main...