06:28:46 INFO cli: juju add-model --no-switch jubilant-3b8f4d37 --controller microk8s
06:28:46 INFO cli: juju deploy --model microk8s:jubilant-3b8f4d37 prometheus-k8s --channel 1/stable
06:28:47 INFO wait: status changed:
+ .model.name = 'jubilant-3b8f4d37'
+ .model.type = 'caas'
+ .model.controller = 'microk8s'
+ .model.cloud = 'microk8s'
+ .model.version = '3.6.9'
+ .model.region = 'localhost'
+ .model.model_status.current = 'available'
+ .apps['prometheus-k8s'].charm = 'prometheus-k8s'
+ .apps['prometheus-k8s'].charm_origin = 'charmhub'
+ .apps['prometheus-k8s'].charm_name = 'prometheus-k8s'
+ .apps['prometheus-k8s'].charm_rev = 247
+ .apps['prometheus-k8s'].exposed = False
+ .apps['prometheus-k8s'].base.name = 'ubuntu'
+ .apps['prometheus-k8s'].base.channel = '20.04'
+ .apps['prometheus-k8s'].charm_channel = '1/stable'
+ .apps['prometheus-k8s'].scale = 1
+ .apps['prometheus-k8s'].app_status.current = 'waiting'
+ .apps['prometheus-k8s'].app_status.message = 'installing agent'
+ .apps['prometheus-k8s'].relations['prometheus-peers'][0].related_app = 'prometheus-k8s'
+ .apps['prometheus-k8s'].relations['prometheus-peers'][0].interface = 'prometheus_peers'
+ .apps['prometheus-k8s'].relations['prometheus-peers'][0].scope = 'global'
+ .apps['prometheus-k8s'].units['prometheus-k8s/0'].workload_status.current = 'waiting'
+ .apps['prometheus-k8s'].units['prometheus-k8s/0'].workload_status.message = 'installing agent'
+ .apps['prometheus-k8s'].units['prometheus-k8s/0'].juju_status.current = 'allocating'
+ .apps['prometheus-k8s'].endpoint_bindings[''] = 'alpha'
+ .apps['prometheus-k8s'].endpoint_bindings['alertmanager'] = 'alpha'
+ .apps['prometheus-k8s'].endpoint_bindings['catalogue'] = 'alpha'
+ .apps['prometheus-k8s'].endpoint_bindings['certificates'] = 'alpha'
+ .apps['prometheus-k8s'].endpoint_bindings['charm-tracing'] = 'alpha'
+ .apps['prometheus-k8s'].endpoint_bindings['grafana-dashboard'] = 'alpha'
+ .apps['prometheus-k8s'].endpoint_bindings['grafana-source'] = 'alpha'
+ .apps['prometheus-k8s'].endpoint_bindings['ingress'] = 'alpha'
+ .apps['prometheus-k8s'].endpoint_bindings['metrics-endpoint'] = 'alpha'
+ .apps['prometheus-k8s'].endpoint_bindings['prometheus-api'] = 'alpha'
+ .apps['prometheus-k8s'].endpoint_bindings['prometheus-peers'] = 'alpha'
+ .apps['prometheus-k8s'].endpoint_bindings['receive-remote-write'] = 'alpha'
+ .apps['prometheus-k8s'].endpoint_bindings['self-metrics-endpoint'] = 'alpha'
+ .apps['prometheus-k8s'].endpoint_bindings['send-datasource'] = 'alpha'
+ .apps['prometheus-k8s'].endpoint_bindings['workload-tracing'] = 'alpha'
+ .storage.storage['database/0'].kind = 'filesystem'
+ .storage.storage['database/0'].status.current = 'pending'
+ .storage.storage['database/0'].persistent = False
+ .storage.storage['database/0'].life = 'alive'
+ .storage.storage['database/0'].attachments.units['prometheus-k8s/0'].life = 'alive'
+ .storage.filesystems['0'].size = 0
+ .storage.filesystems['0'].volume = '0'
+ .storage.filesystems['0'].storage = 'database/0'
+ .storage.filesystems['0'].attachments.containers['prometheus-k8s/0'].mount_point = ''
+ .storage.filesystems['0'].attachments.containers['prometheus-k8s/0'].read_only = False
+ .storage.filesystems['0'].attachments.containers['prometheus-k8s/0'].life = 'alive'
+ .storage.filesystems['0'].attachments.units['prometheus-k8s/0'].life = 'alive'
+ .storage.filesystems['0'].life = 'alive'
+ .storage.filesystems['0'].status.current = 'pending'
+ .storage.volumes['0'].size = 0
+ .storage.volumes['0'].persistent = False
+ .storage.volumes['0'].storage = 'database/0'
+ .storage.volumes['0'].attachments.containers['prometheus-k8s/0'].read_only = False
+ .storage.volumes['0'].attachments.containers['prometheus-k8s/0'].life = 'alive'
+ .storage.volumes['0'].attachments.units['prometheus-k8s/0'].life = 'alive'
+ .storage.volumes['0'].life = 'alive'
+ .storage.volumes['0'].status.current = 'pending'
06:28:48 INFO wait: status changed:
+ .apps['prometheus-k8s'].charm_version = '24d374c'
06:28:53 INFO wait: status changed:
+ .apps['prometheus-k8s'].provider_id = 'a93812c3-e4f0-4019-b672-4feded691cbd'
+ .apps['prometheus-k8s'].address = '10.152.183.29'
06:28:58 INFO wait: status changed:
+ .apps['prometheus-k8s'].units['prometheus-k8s/0'].provider_id = 'prometheus-k8s-0'
06:28:59 INFO wait: status changed:
+ .apps['prometheus-k8s'].units['prometheus-k8s/0'].address = '10.1.53.10'
- .storage.storage['database/0'].status.current = 'pending'
+ .storage.storage['database/0'].status.current = 'attached'
+ .storage.storage['database/0'].status.message = 'Successfully provisioned volume pvc-f2c1ec2a-a4ea-474a-bdd9-fddcdc0a9e34'
- .storage.filesystems['0'].size = 0
+ .storage.filesystems['0'].size = 1024
+ .storage.filesystems['0'].provider_id = 'f2c1ec2a-a4ea-474a-bdd9-fddcdc0a9e34'
- .storage.filesystems['0'].attachments.containers['prometheus-k8s/0'].mount_point = ''
+ .storage.filesystems['0'].attachments.containers['prometheus-k8s/0'].mount_point = '/var/lib/juju/storage/database/0'
+ .storage.filesystems['0'].pool = 'kubernetes'
- .storage.filesystems['0'].status.current = 'pending'
- .storage.volumes['0'].size = 0
- .storage.volumes['0'].persistent = False
+ .storage.filesystems['0'].status.current = 'attached'
+ .storage.filesystems['0'].status.message = 'Successfully provisioned volume pvc-f2c1ec2a-a4ea-474a-bdd9-fddcdc0a9e34'
+ .storage.volumes['0'].size = 1024
+ .storage.volumes['0'].persistent = True
+ .storage.volumes['0'].provider_id = 'pvc-f2c1ec2a-a4ea-474a-bdd9-fddcdc0a9e34'
+ .storage.volumes['0'].pool = 'kubernetes'
- .storage.volumes['0'].status.current = 'pending'
+ .storage.volumes['0'].status.current = 'attached'
06:29:04 INFO wait: status changed:
- .apps['prometheus-k8s'].app_status.message = 'installing agent'
+ .apps['prometheus-k8s'].app_status.message = 'agent initialising'
- .apps['prometheus-k8s'].units['prometheus-k8s/0'].workload_status.message = 'installing agent'
+ .apps['prometheus-k8s'].units['prometheus-k8s/0'].workload_status.message = 'agent initialising'
+ .apps['prometheus-k8s'].units['prometheus-k8s/0'].juju_status.version = '3.6.9'
+ .apps['prometheus-k8s'].units['prometheus-k8s/0'].leader = True
06:29:07 INFO wait: status changed:
- .apps['prometheus-k8s'].app_status.current = 'waiting'
- .apps['prometheus-k8s'].app_status.message = 'agent initialising'
+ .apps['prometheus-k8s'].app_status.current = 'maintenance'
+ .apps['prometheus-k8s'].app_status.message = 'installing charm software'
- .apps['prometheus-k8s'].units['prometheus-k8s/0'].workload_status.current = 'waiting'
- .apps['prometheus-k8s'].units['prometheus-k8s/0'].workload_status.message = 'agent initialising'
- .apps['prometheus-k8s'].units['prometheus-k8s/0'].juju_status.current = 'allocating'
+ .apps['prometheus-k8s'].units['prometheus-k8s/0'].workload_status.current = 'maintenance'
+ .apps['prometheus-k8s'].units['prometheus-k8s/0'].workload_status.message = 'installing charm software'
+ .apps['prometheus-k8s'].units['prometheus-k8s/0'].juju_status.current = 'executing'
+ .apps['prometheus-k8s'].units['prometheus-k8s/0'].juju_status.message = 'running install hook'
06:29:08 INFO wait: status changed:
- .apps['prometheus-k8s'].app_status.current = 'maintenance'
- .apps['prometheus-k8s'].app_status.message = 'installing charm software'
+ .apps['prometheus-k8s'].app_status.current = 'waiting'
+ .apps['prometheus-k8s'].app_status.message = 'installing agent'
- .apps['prometheus-k8s'].units['prometheus-k8s/0'].workload_status.current = 'maintenance'
- .apps['prometheus-k8s'].units['prometheus-k8s/0'].workload_status.message = 'installing charm software'
+ .apps['prometheus-k8s'].units['prometheus-k8s/0'].workload_status.current = 'active'
- .apps['prometheus-k8s'].units['prometheus-k8s/0'].juju_status.message = 'running install hook'
+ .apps['prometheus-k8s'].units['prometheus-k8s/0'].juju_status.message = 'running prometheus-peers-relation-created hook'
06:29:09 INFO wait: status changed:
- .apps['prometheus-k8s'].app_status.current = 'waiting'
- .apps['prometheus-k8s'].app_status.message = 'installing agent'
+ .apps['prometheus-k8s'].app_status.current = 'active'
- .apps['prometheus-k8s'].units['prometheus-k8s/0'].juju_status.message = 'running prometheus-peers-relation-created hook'
+ .apps['prometheus-k8s'].units['prometheus-k8s/0'].juju_status.message = 'running database-storage-attached hook'
06:29:10 INFO wait: status changed:
- .apps['prometheus-k8s'].units['prometheus-k8s/0'].juju_status.message = 'running database-storage-attached hook'
+ .apps['prometheus-k8s'].units['prometheus-k8s/0'].juju_status.message = 'running config-changed hook'
06:29:11 INFO wait: status changed:
- .apps['prometheus-k8s'].units['prometheus-k8s/0'].juju_status.current = 'executing'
- .apps['prometheus-k8s'].units['prometheus-k8s/0'].juju_status.message = 'running config-changed hook'
+ .apps['prometheus-k8s'].units['prometheus-k8s/0'].juju_status.current = 'idle'
06:29:11 INFO Model controller: microk8s:jubilant-3b8f4d37
06:29:11 INFO Controller: microk8s, Model: jubilant-3b8f4d37
06:29:12 INFO cli: juju status --model microk8s:jubilant-3b8f4d37 --format json
06:29:12 INFO cli: juju deploy --model microk8s:jubilant-3b8f4d37 grafana-k8s --channel 1/stable
06:29:13 INFO cli: juju integrate --model microk8s:jubilant-3b8f4d37 grafana-k8s:grafana-source prometheus-k8s:grafana-source
06:29:14 INFO wait: status changed:
+ .model.name = 'jubilant-3b8f4d37'
+ .model.type = 'caas'
+ .model.controller = 'microk8s'
+ .model.cloud = 'microk8s'
+ .model.version = '3.6.9'
+ .model.region = 'localhost'
+ .model.model_status.current = 'available'
+ .apps['grafana-k8s'].charm = 'grafana-k8s'
+ .apps['grafana-k8s'].charm_origin = 'charmhub'
+ .apps['grafana-k8s'].charm_name = 'grafana-k8s'
+ .apps['grafana-k8s'].charm_rev = 160
+ .apps['grafana-k8s'].exposed = False
+ .apps['grafana-k8s'].base.name = 'ubuntu'
+ .apps['grafana-k8s'].base.channel = '20.04'
+ .apps['grafana-k8s'].charm_channel = '1/stable'
+ .apps['grafana-k8s'].scale = 1
+ .apps['grafana-k8s'].app_status.current = 'waiting'
+ .apps['grafana-k8s'].app_status.message = 'installing agent'
+ .apps['grafana-k8s'].relations['grafana'][0].related_app = 'grafana-k8s'
+ .apps['grafana-k8s'].relations['grafana'][0].interface = 'grafana_peers'
+ .apps['grafana-k8s'].relations['grafana'][0].scope = 'global'
+ .apps['grafana-k8s'].relations['grafana-source'][0].related_app = 'prometheus-k8s'
+ .apps['grafana-k8s'].relations['grafana-source'][0].interface = 'grafana_datasource'
+ .apps['grafana-k8s'].relations['grafana-source'][0].scope = 'global'
+ .apps['grafana-k8s'].relations['replicas'][0].related_app = 'grafana-k8s'
+ .apps['grafana-k8s'].relations['replicas'][0].interface = 'grafana_replicas'
+ .apps['grafana-k8s'].relations['replicas'][0].scope = 'global'
+ .apps['grafana-k8s'].units['grafana-k8s/0'].workload_status.current = 'waiting'
+ .apps['grafana-k8s'].units['grafana-k8s/0'].workload_status.message = 'installing agent'
+ .apps['grafana-k8s'].units['grafana-k8s/0'].juju_status.current = 'allocating'
+ .apps['grafana-k8s'].endpoint_bindings[''] = 'alpha'
+ .apps['grafana-k8s'].endpoint_bindings['catalogue'] = 'alpha'
+ .apps['grafana-k8s'].endpoint_bindings['certificates'] = 'alpha'
+ .apps['grafana-k8s'].endpoint_bindings['charm-tracing'] = 'alpha'
+ .apps['grafana-k8s'].endpoint_bindings['database'] = 'alpha'
+ .apps['grafana-k8s'].endpoint_bindings['grafana'] = 'alpha'
+ .apps['grafana-k8s'].endpoint_bindings['grafana-auth'] = 'alpha'
+ .apps['grafana-k8s'].endpoint_bindings['grafana-dashboard'] = 'alpha'
+ .apps['grafana-k8s'].endpoint_bindings['grafana-metadata'] = 'alpha'
+ .apps['grafana-k8s'].endpoint_bindings['grafana-source'] = 'alpha'
+ .apps['grafana-k8s'].endpoint_bindings['ingress'] = 'alpha'
+ .apps['grafana-k8s'].endpoint_bindings['metrics-endpoint'] = 'alpha'
+ .apps['grafana-k8s'].endpoint_bindings['oauth'] = 'alpha'
+ .apps['grafana-k8s'].endpoint_bindings['profiling-endpoint'] = 'alpha'
+ .apps['grafana-k8s'].endpoint_bindings['receive-ca-cert'] = 'alpha'
+ .apps['grafana-k8s'].endpoint_bindings['replicas'] = 'alpha'
+ .apps['grafana-k8s'].endpoint_bindings['workload-tracing'] = 'alpha'
+ .apps['prometheus-k8s'].charm = 'prometheus-k8s'
+ .apps['prometheus-k8s'].charm_origin = 'charmhub'
+ .apps['prometheus-k8s'].charm_name = 'prometheus-k8s'
+ .apps['prometheus-k8s'].charm_rev = 247
+ .apps['prometheus-k8s'].exposed = False
+ .apps['prometheus-k8s'].base.name = 'ubuntu'
+ .apps['prometheus-k8s'].base.channel = '20.04'
+ .apps['prometheus-k8s'].charm_channel = '1/stable'
+ .apps['prometheus-k8s'].charm_version = '24d374c'
+ .apps['prometheus-k8s'].scale = 1
+ .apps['prometheus-k8s'].provider_id = 'a93812c3-e4f0-4019-b672-4feded691cbd'
+ .apps['prometheus-k8s'].address = '10.152.183.29'
+ .apps['prometheus-k8s'].app_status.current = 'waiting'
+ .apps['prometheus-k8s'].app_status.message = 'Waiting for resource limit patch to apply'
+ .apps['prometheus-k8s'].relations['grafana-source'][0].related_app = 'grafana-k8s'
+ .apps['prometheus-k8s'].relations['grafana-source'][0].interface = 'grafana_datasource'
+ .apps['prometheus-k8s'].relations['grafana-source'][0].scope = 'global'
+ .apps['prometheus-k8s'].relations['prometheus-peers'][0].related_app = 'prometheus-k8s'
+ .apps['prometheus-k8s'].relations['prometheus-peers'][0].interface = 'prometheus_peers'
+ .apps['prometheus-k8s'].relations['prometheus-peers'][0].scope = 'global'
+ .apps['prometheus-k8s'].units['prometheus-k8s/0'].workload_status.current = 'waiting'
+ .apps['prometheus-k8s'].units['prometheus-k8s/0'].workload_status.message = 'Waiting for resource limit patch to apply'
+ .apps['prometheus-k8s'].units['prometheus-k8s/0'].juju_status.current = 'executing'
+ .apps['prometheus-k8s'].units['prometheus-k8s/0'].juju_status.message = 'running start hook'
+ .apps['prometheus-k8s'].units['prometheus-k8s/0'].juju_status.version = '3.6.9'
+ .apps['prometheus-k8s'].units['prometheus-k8s/0'].leader = True
+ .apps['prometheus-k8s'].units['prometheus-k8s/0'].address = '10.1.53.10'
+ .apps['prometheus-k8s'].units['prometheus-k8s/0'].provider_id = 'prometheus-k8s-0'
+ .apps['prometheus-k8s'].endpoint_bindings[''] = 'alpha'
+ .apps['prometheus-k8s'].endpoint_bindings['alertmanager'] = 'alpha'
+ .apps['prometheus-k8s'].endpoint_bindings['catalogue'] = 'alpha'
+ .apps['prometheus-k8s'].endpoint_bindings['certificates'] = 'alpha'
+ .apps['prometheus-k8s'].endpoint_bindings['charm-tracing'] = 'alpha'
+ .apps['prometheus-k8s'].endpoint_bindings['grafana-dashboard'] = 'alpha'
+ .apps['prometheus-k8s'].endpoint_bindings['grafana-source'] = 'alpha'
+ .apps['prometheus-k8s'].endpoint_bindings['ingress'] = 'alpha'
+ .apps['prometheus-k8s'].endpoint_bindings['metrics-endpoint'] = 'alpha'
+ .apps['prometheus-k8s'].endpoint_bindings['prometheus-api'] = 'alpha'
+ .apps['prometheus-k8s'].endpoint_bindings['prometheus-peers'] = 'alpha'
+ .apps['prometheus-k8s'].endpoint_bindings['receive-remote-write'] = 'alpha'
+ .apps['prometheus-k8s'].endpoint_bindings['self-metrics-endpoint'] = 'alpha'
+ .apps['prometheus-k8s'].endpoint_bindings['send-datasource'] = 'alpha'
+ .apps['prometheus-k8s'].endpoint_bindings['workload-tracing'] = 'alpha'
+ .offers['prometheus-k8s'].app = 'prometheus-k8s'
+ .offers['prometheus-k8s'].endpoints['receive-remote-write'].interface = 'prometheus_remote_write'
+ .offers['prometheus-k8s'].endpoints['receive-remote-write'].role = 'provider'
+ .offers['prometheus-k8s'].charm = 'ch:amd64/prometheus-k8s-247'
+ .storage.storage['database/0'].kind = 'filesystem'
+ .storage.storage['database/0'].status.current = 'attached'
+ .storage.storage['database/0'].status.message = 'Successfully provisioned volume pvc-f2c1ec2a-a4ea-474a-bdd9-fddcdc0a9e34'
+ .storage.storage['database/0'].persistent = False
+ .storage.storage['database/0'].life = 'alive'
+ .storage.storage['database/0'].attachments.units['prometheus-k8s/0'].life = 'alive'
+ .storage.storage['database/1'].kind = 'filesystem'
+ .storage.storage['database/1'].status.current = 'pending'
+ .storage.storage['database/1'].persistent = False
+ .storage.storage['database/1'].life = 'alive'
+ .storage.storage['database/1'].attachments.units['grafana-k8s/0'].life = 'alive'
+ .storage.filesystems['0'].size = 1024
+ .storage.filesystems['0'].provider_id = 'f2c1ec2a-a4ea-474a-bdd9-fddcdc0a9e34'
+ .storage.filesystems['0'].volume = '0'
+ .storage.filesystems['0'].storage = 'database/0'
+ .storage.filesystems['0'].attachments.containers['prometheus-k8s/0'].mount_point = '/var/lib/juju/storage/database/0'
+ .storage.filesystems['0'].attachments.containers['prometheus-k8s/0'].read_only = False
+ .storage.filesystems['0'].attachments.containers['prometheus-k8s/0'].life = 'alive'
+ .storage.filesystems['0'].attachments.units['prometheus-k8s/0'].life = 'alive'
+ .storage.filesystems['0'].pool = 'kubernetes'
+ .storage.filesystems['0'].life = 'alive'
+ .storage.filesystems['0'].status.current = 'attached'
+ .storage.filesystems['0'].status.message = 'Successfully provisioned volume pvc-f2c1ec2a-a4ea-474a-bdd9-fddcdc0a9e34'
+ .storage.filesystems['1'].size = 0
+ .storage.filesystems['1'].volume = '1'
+ .storage.filesystems['1'].storage = 'database/1'
+ .storage.filesystems['1'].attachments.containers['grafana-k8s/0'].mount_point = ''
+ .storage.filesystems['1'].attachments.containers['grafana-k8s/0'].read_only = False
+ .storage.filesystems['1'].attachments.containers['grafana-k8s/0'].life = 'alive'
+ .storage.filesystems['1'].attachments.units['grafana-k8s/0'].life = 'alive'
+ .storage.filesystems['1'].life = 'alive'
+ .storage.filesystems['1'].status.current = 'pending'
+ .storage.volumes['0'].size = 1024
+ .storage.volumes['0'].persistent = True
+ .storage.volumes['0'].provider_id = 'pvc-f2c1ec2a-a4ea-474a-bdd9-fddcdc0a9e34'
+ .storage.volumes['0'].storage = 'database/0'
+ .storage.volumes['0'].attachments.containers['prometheus-k8s/0'].read_only = False
+ .storage.volumes['0'].attachments.containers['prometheus-k8s/0'].life = 'alive'
+ .storage.volumes['0'].attachments.units['prometheus-k8s/0'].life = 'alive'
+ .storage.volumes['0'].pool = 'kubernetes'
+ .storage.volumes['0'].life = 'alive'
+ .storage.volumes['0'].status.current = 'attached'
+ .storage.volumes['1'].size = 0
+ .storage.volumes['1'].persistent = False
+ .storage.volumes['1'].storage = 'database/1'
+ .storage.volumes['1'].attachments.containers['grafana-k8s/0'].read_only = False
+ .storage.volumes['1'].attachments.containers['grafana-k8s/0'].life = 'alive'
+ .storage.volumes['1'].attachments.units['grafana-k8s/0'].life = 'alive'
+ .storage.volumes['1'].life = 'alive'
+ .storage.volumes['1'].status.current = 'pending'
06:29:17 INFO wait: status changed:
+ .apps['grafana-k8s'].charm_version = 'rev151-8-g6624bd3'
06:29:25 INFO wait: status changed:
- .apps['prometheus-k8s'].units['prometheus-k8s/0'].workload_status.current = 'waiting'
- .apps['prometheus-k8s'].units['prometheus-k8s/0'].workload_status.message = 'Waiting for resource limit patch to apply'
- .apps['prometheus-k8s'].units['prometheus-k8s/0'].juju_status.current = 'executing'
- .apps['prometheus-k8s'].units['prometheus-k8s/0'].juju_status.message = 'running start hook'
+ .apps['prometheus-k8s'].units['prometheus-k8s/0'].workload_status.current = 'unknown'
+ .apps['prometheus-k8s'].units['prometheus-k8s/0'].workload_status.message = "agent lost, see 'juju show-status-log prometheus-k8s/0'"
+ .apps['prometheus-k8s'].units['prometheus-k8s/0'].juju_status.current = 'lost'
+ .apps['prometheus-k8s'].units['prometheus-k8s/0'].juju_status.message = 'agent is not communicating with the server'
06:29:26 INFO wait: status changed:
+ .apps['grafana-k8s'].provider_id = 'd44f83a2-b255-4567-bd4e-48e4537e6640'
+ .apps['grafana-k8s'].address = '10.152.183.39'
06:29:31 INFO wait: status changed:
+ .apps['grafana-k8s'].units['grafana-k8s/0'].provider_id = 'grafana-k8s-0'
06:29:32 INFO wait: status changed:
- .apps['grafana-k8s'].app_status.message = 'installing agent'
+ .apps['grafana-k8s'].app_status.message = 'agent initialising'
- .apps['grafana-k8s'].units['grafana-k8s/0'].workload_status.message = 'installing agent'
+ .apps['grafana-k8s'].units['grafana-k8s/0'].workload_status.message = 'agent initialising'
+ .apps['grafana-k8s'].units['grafana-k8s/0'].juju_status.version = '3.6.9'
+ .apps['grafana-k8s'].units['grafana-k8s/0'].leader = True
- .storage.storage['database/1'].status.current = 'pending'
+ .storage.storage['database/1'].status.current = 'attached'
+ .storage.storage['database/1'].status.message = 'Successfully provisioned volume pvc-c80071b0-e5f4-4379-b516-3dc2c012ad8d'
- .storage.filesystems['1'].size = 0
+ .storage.filesystems['1'].size = 1024
+ .storage.filesystems['1'].provider_id = 'c80071b0-e5f4-4379-b516-3dc2c012ad8d'
- .storage.filesystems['1'].attachments.containers['grafana-k8s/0'].mount_point = ''
+ .storage.filesystems['1'].attachments.containers['grafana-k8s/0'].mount_point = '/var/lib/juju/storage/database/0'
+ .storage.filesystems['1'].pool = 'kubernetes'
- .storage.filesystems['1'].status.current = 'pending'
+ .storage.filesystems['1'].status.current = 'attached'
+ .storage.filesystems['1'].status.message = 'Successfully provisioned volume pvc-c80071b0-e5f4-4379-b516-3dc2c012ad8d'
- .storage.volumes['1'].size = 0
- .storage.volumes['1'].persistent = False
+ .storage.volumes['1'].size = 1024
+ .storage.volumes['1'].persistent = True
+ .storage.volumes['1'].provider_id = 'pvc-c80071b0-e5f4-4379-b516-3dc2c012ad8d'
+ .storage.volumes['1'].pool = 'kubernetes'
- .storage.volumes['1'].status.current = 'pending'
+ .storage.volumes['1'].status.current = 'attached'
06:29:34 INFO wait: status changed:
+ .apps['grafana-k8s'].units['grafana-k8s/0'].address = '10.1.53.12'
06:29:36 INFO wait: status changed:
- .apps['prometheus-k8s'].units['prometheus-k8s/0'].workload_status.current = 'unknown'
- .apps['prometheus-k8s'].units['prometheus-k8s/0'].workload_status.message = "agent lost, see 'juju show-status-log prometheus-k8s/0'"
- .apps['prometheus-k8s'].units['prometheus-k8s/0'].juju_status.current = 'lost'
- .apps['prometheus-k8s'].units['prometheus-k8s/0'].juju_status.message = 'agent is not communicating with the server'
+ .apps['prometheus-k8s'].units['prometheus-k8s/0'].workload_status.current = 'waiting'
+ .apps['prometheus-k8s'].units['prometheus-k8s/0'].workload_status.message = 'Waiting for resource limit patch to apply'
+ .apps['prometheus-k8s'].units['prometheus-k8s/0'].juju_status.current = 'executing'
+ .apps['prometheus-k8s'].units['prometheus-k8s/0'].juju_status.message = 'running start hook'
- .apps['prometheus-k8s'].units['prometheus-k8s/0'].address = '10.1.53.10'
+ .apps['prometheus-k8s'].units['prometheus-k8s/0'].address = '10.1.53.13'
06:29:37 INFO wait: status changed:
- .apps['grafana-k8s'].app_status.current = 'waiting'
- .apps['grafana-k8s'].app_status.message = 'agent initialising'
+ .apps['grafana-k8s'].app_status.current = 'maintenance'
+ .apps['grafana-k8s'].app_status.message = 'installing charm software'
- .apps['grafana-k8s'].units['grafana-k8s/0'].workload_status.current = 'waiting'
- .apps['grafana-k8s'].units['grafana-k8s/0'].workload_status.message = 'agent initialising'
- .apps['grafana-k8s'].units['grafana-k8s/0'].juju_status.current = 'allocating'
+ .apps['grafana-k8s'].units['grafana-k8s/0'].workload_status.current = 'maintenance'
+ .apps['grafana-k8s'].units['grafana-k8s/0'].workload_status.message = 'installing charm software'
+ .apps['grafana-k8s'].units['grafana-k8s/0'].juju_status.current = 'executing'
+ .apps['grafana-k8s'].units['grafana-k8s/0'].juju_status.message = 'running install hook'
06:29:38 INFO wait: status changed:
- .apps['prometheus-k8s'].units['prometheus-k8s/0'].juju_status.current = 'executing'
- .apps['prometheus-k8s'].units['prometheus-k8s/0'].juju_status.message = 'running start hook'
+ .apps['prometheus-k8s'].units['prometheus-k8s/0'].juju_status.current = 'idle'
06:29:40 INFO wait: status changed:
- .apps['grafana-k8s'].units['grafana-k8s/0'].juju_status.message = 'running install hook'
+ .apps['grafana-k8s'].units['grafana-k8s/0'].juju_status.message = 'running replicas-relation-created hook'
06:29:41 INFO wait: status changed:
- .apps['grafana-k8s'].units['grafana-k8s/0'].juju_status.message = 'running replicas-relation-created hook'
+ .apps['grafana-k8s'].units['grafana-k8s/0'].juju_status.message = 'running grafana-relation-created hook'
06:29:42 INFO wait: status changed:
- .apps['grafana-k8s'].units['grafana-k8s/0'].juju_status.message = 'running grafana-relation-created hook'
+ .apps['grafana-k8s'].units['grafana-k8s/0'].juju_status.message = 'running grafana-source-relation-created hook'
- .apps['prometheus-k8s'].app_status.message = 'Waiting for resource limit patch to apply'
+ .apps['prometheus-k8s'].app_status.message = 'installing agent'
- .apps['prometheus-k8s'].units['prometheus-k8s/0'].workload_status.current = 'waiting'
- .apps['prometheus-k8s'].units['prometheus-k8s/0'].workload_status.message = 'Waiting for resource limit patch to apply'
- .apps['prometheus-k8s'].units['prometheus-k8s/0'].juju_status.current = 'idle'
+ .apps['prometheus-k8s'].units['prometheus-k8s/0'].workload_status.current = 'active'
+ .apps['prometheus-k8s'].units['prometheus-k8s/0'].juju_status.current = 'executing'
+ .apps['prometheus-k8s'].units['prometheus-k8s/0'].juju_status.message = 'running grafana-source-relation-created hook'
06:29:43 INFO wait: status changed:
- .apps['grafana-k8s'].units['grafana-k8s/0'].juju_status.message = 'running grafana-source-relation-created hook'
+ .apps['grafana-k8s'].units['grafana-k8s/0'].juju_status.message = 'running leader-elected hook'
06:29:45 INFO wait: status changed:
- .apps['grafana-k8s'].units['grafana-k8s/0'].juju_status.current = 'executing'
- .apps['grafana-k8s'].units['grafana-k8s/0'].juju_status.message = 'running leader-elected hook'
+ .apps['grafana-k8s'].units['grafana-k8s/0'].juju_status.current = 'idle'
06:29:47 INFO wait: status changed:
- .apps['prometheus-k8s'].units['prometheus-k8s/0'].juju_status.message = 'running grafana-source-relation-created hook'
+ .apps['prometheus-k8s'].units['prometheus-k8s/0'].juju_status.message = 'running prometheus-pebble-ready hook'
06:29:51 INFO wait: status changed:
+ .apps['grafana-k8s'].version = '9.5.21'
- .apps['prometheus-k8s'].app_status.current = 'waiting'
- .apps['prometheus-k8s'].app_status.message = 'installing agent'
+ .apps['prometheus-k8s'].app_status.current = 'active'
06:29:52 INFO wait: status changed:
- .apps['grafana-k8s'].units['grafana-k8s/0'].juju_status.current = 'idle'
+ .apps['grafana-k8s'].units['grafana-k8s/0'].juju_status.current = 'executing'
+ .apps['grafana-k8s'].units['grafana-k8s/0'].juju_status.message = 'running database-storage-attached hook'
- .apps['prometheus-k8s'].units['prometheus-k8s/0'].juju_status.message = 'running prometheus-pebble-ready hook'
+ .apps['prometheus-k8s'].units['prometheus-k8s/0'].juju_status.message = 'running grafana-source-relation-joined hook for grafana-k8s/0'
+ .apps['prometheus-k8s'].version = '2.52.0'
06:29:53 INFO wait: status changed:
- .apps['grafana-k8s'].units['grafana-k8s/0'].juju_status.message = 'running database-storage-attached hook'
+ .apps['grafana-k8s'].units['grafana-k8s/0'].juju_status.message = 'running config-changed hook'
06:29:56 INFO wait: status changed:
- .apps['grafana-k8s'].units['grafana-k8s/0'].workload_status.current = 'maintenance'
- .apps['grafana-k8s'].units['grafana-k8s/0'].workload_status.message = 'installing charm software'
- .apps['grafana-k8s'].units['grafana-k8s/0'].juju_status.current = 'executing'
- .apps['grafana-k8s'].units['grafana-k8s/0'].juju_status.message = 'running config-changed hook'
+ .apps['grafana-k8s'].units['grafana-k8s/0'].workload_status.current = 'unknown'
+ .apps['grafana-k8s'].units['grafana-k8s/0'].workload_status.message = "agent lost, see 'juju show-status-log grafana-k8s/0'"
+ .apps['grafana-k8s'].units['grafana-k8s/0'].juju_status.current = 'lost'
+ .apps['grafana-k8s'].units['grafana-k8s/0'].juju_status.message = 'agent is not communicating with the server'
- .apps['prometheus-k8s'].units['prometheus-k8s/0'].juju_status.message = 'running grafana-source-relation-joined hook for grafana-k8s/0'
+ .apps['prometheus-k8s'].units['prometheus-k8s/0'].juju_status.message = 'running grafana-source-relation-changed hook for grafana-k8s/0'
06:29:59 INFO wait: status changed:
- .apps['prometheus-k8s'].units['prometheus-k8s/0'].juju_status.current = 'executing'
- .apps['prometheus-k8s'].units['prometheus-k8s/0'].juju_status.message = 'running grafana-source-relation-changed hook for grafana-k8s/0'
+ .apps['prometheus-k8s'].units['prometheus-k8s/0'].juju_status.current = 'idle'
06:30:14 INFO wait: status changed:
- .apps['grafana-k8s'].units['grafana-k8s/0'].workload_status.current = 'unknown'
- .apps['grafana-k8s'].units['grafana-k8s/0'].workload_status.message = "agent lost, see 'juju show-status-log grafana-k8s/0'"
- .apps['grafana-k8s'].units['grafana-k8s/0'].juju_status.current = 'lost'
- .apps['grafana-k8s'].units['grafana-k8s/0'].juju_status.message = 'agent is not communicating with the server'
+ .apps['grafana-k8s'].units['grafana-k8s/0'].workload_status.current = 'maintenance'
+ .apps['grafana-k8s'].units['grafana-k8s/0'].workload_status.message = 'installing charm software'
+ .apps['grafana-k8s'].units['grafana-k8s/0'].juju_status.current = 'executing'
+ .apps['grafana-k8s'].units['grafana-k8s/0'].juju_status.message = 'running config-changed hook'
- .apps['grafana-k8s'].units['grafana-k8s/0'].address = '10.1.53.12'
06:30:15 INFO wait: status changed:
+ .apps['grafana-k8s'].units['grafana-k8s/0'].address = '10.1.53.14'
06:30:17 INFO wait: status changed:
- .apps['grafana-k8s'].units['grafana-k8s/0'].juju_status.current = 'executing'
- .apps['grafana-k8s'].units['grafana-k8s/0'].juju_status.message = 'running config-changed hook'
+ .apps['grafana-k8s'].units['grafana-k8s/0'].juju_status.current = 'idle'
06:30:22 INFO wait: status changed:
- .apps['grafana-k8s'].app_status.current = 'maintenance'
- .apps['grafana-k8s'].app_status.message = 'installing charm software'
+ .apps['grafana-k8s'].app_status.current = 'waiting'
+ .apps['grafana-k8s'].app_status.message = 'installing agent'
- .apps['grafana-k8s'].units['grafana-k8s/0'].workload_status.current = 'maintenance'
- .apps['grafana-k8s'].units['grafana-k8s/0'].workload_status.message = 'installing charm software'
+ .apps['grafana-k8s'].units['grafana-k8s/0'].workload_status.current = 'active'
06:30:25 INFO wait: status changed:
- .apps['grafana-k8s'].units['grafana-k8s/0'].juju_status.current = 'idle'
+ .apps['grafana-k8s'].units['grafana-k8s/0'].juju_status.current = 'executing'
+ .apps['grafana-k8s'].units['grafana-k8s/0'].juju_status.message = 'running start hook'
06:30:26 INFO wait: status changed:
- .apps['grafana-k8s'].units['grafana-k8s/0'].juju_status.message = 'running start hook'
+ .apps['grafana-k8s'].units['grafana-k8s/0'].juju_status.message = 'running grafana-pebble-ready hook'
06:30:30 INFO wait: status changed:
- .apps['grafana-k8s'].app_status.current = 'waiting'
- .apps['grafana-k8s'].app_status.message = 'installing agent'
+ .apps['grafana-k8s'].app_status.current = 'active'
06:30:32 INFO wait: status changed:
- .apps['grafana-k8s'].units['grafana-k8s/0'].juju_status.message = 'running grafana-pebble-ready hook'
+ .apps['grafana-k8s'].units['grafana-k8s/0'].juju_status.message = 'running litestream-pebble-ready hook'
06:30:32 INFO Controller: microk8s, Model: jubilant-3b8f4d37
06:30:32 INFO cli: juju status --model microk8s:jubilant-3b8f4d37 --format json
06:30:32 INFO cli: juju deploy --model microk8s:jubilant-3b8f4d37 traefik-k8s --channel latest/stable
06:30:34 INFO cli: juju integrate --model microk8s:jubilant-3b8f4d37 traefik-k8s prometheus-k8s:ingress
06:30:34 INFO cli: juju integrate --model microk8s:jubilant-3b8f4d37 traefik-k8s grafana-k8s:ingress
06:30:34 WARNING unexpected facade SSHServer received from the controller
06:30:34 INFO Adding model github-pr-587b7-lxd:test-prometheus-metrics-dls2 on cloud localhost
06:30:35 WARNING unexpected facade SSHServer received from the controller
06:30:35 WARNING unexpected facade SSHSession received from the controller
06:30:35 WARNING unexpected facade SSHTunneler received from the controller
06:30:35 WARNING unexpected facade SSHServer received from the controller
06:30:36 INFO Deploying ch:amd64/jammy/github-runner-image-builder-126
06:30:55 INFO Deploying local:jammy/github-runner-0
06:30:55 INFO Waiting for model:
  test-i2x343pf/0 [allocating] waiting: waiting for machine
  github-runner-image-builder-i2x343pf/0 [allocating] waiting: waiting for machine
06:31:25 INFO Waiting for model:
  test-i2x343pf/0 [allocating] waiting: waiting for machine
  github-runner-image-builder-i2x343pf/0 [allocating] waiting: waiting for machine
06:31:56 INFO Waiting for model:
  test-i2x343pf/0 [allocating] waiting: agent initialising
  github-runner-image-builder-i2x343pf/0 [executing] maintenance: Setting up Builder.
06:32:26 INFO Waiting for model:
  test-i2x343pf/0 [executing] maintenance: installing charm software
  github-runner-image-builder-i2x343pf/0 [executing] maintenance: Setting up Builder.
06:32:56 INFO Waiting for model:
  test-i2x343pf/0 [idle] blocked: Please provide image integration.
  github-runner-image-builder-i2x343pf/0 [executing] maintenance: Setting up Builder.
06:33:27 INFO Waiting for model:
  test-i2x343pf/0 [idle] blocked: Please provide image integration.
  github-runner-image-builder-i2x343pf/0 [executing] maintenance: Setting up Builder.
06:33:57 INFO Waiting for model:
  test-i2x343pf/0 [idle] blocked: Please provide image integration.
  github-runner-image-builder-i2x343pf/0 [executing] maintenance: Setting up Builder.
06:34:27 INFO Waiting for model:
  test-i2x343pf/0 [idle] blocked: Please provide image integration.
  github-runner-image-builder-i2x343pf/0 [executing] maintenance: Setting up Builder.
06:34:58 INFO Waiting for model:
  test-i2x343pf/0 [idle] blocked: Please provide image integration.
  github-runner-image-builder-i2x343pf/0 [executing] maintenance: Setting up Builder.
06:35:28 INFO Waiting for model:
  test-i2x343pf/0 [idle] blocked: Please provide image integration.
  github-runner-image-builder-i2x343pf/0 [executing] maintenance: Setting up Builder.
06:35:58 INFO Waiting for model:
  test-i2x343pf/0 [idle] waiting: Waiting for image over integration.
  github-runner-image-builder-i2x343pf/0 [executing] blocked: image integration required.
06:36:29 INFO Waiting for model:
  test-i2x343pf/0 [idle] waiting: Waiting for image over integration.
  github-runner-image-builder-i2x343pf/0 [executing] blocked: image integration required.
06:36:59 INFO Waiting for model:
  test-i2x343pf/0 [idle] waiting: Waiting for image over integration.
  github-runner-image-builder-i2x343pf/0 [executing] active: Building image.
06:37:30 INFO Waiting for model:
  test-i2x343pf/0 [idle] waiting: Waiting for image over integration.
  github-runner-image-builder-i2x343pf/0 [executing] active: Building image.
06:37:42 INFO OpenStack servers: []
06:37:42 INFO cli: juju debug-log --model github-pr-587b7-lxd:test-prometheus-metrics-dls2 --limit 1000
06:37:43 INFO Model status:

Model                         Controller           Cloud/Region         Version  SLA          Timestamp
test-prometheus-metrics-dls2  github-pr-587b7-lxd  localhost/localhost  3.6.9    unsupported  06:37:43Z

App                                   Version  Status   Scale  Charm                        Channel      Rev  Exposed  Message
github-runner-image-builder-i2x343pf           error        1  github-runner-image-builder  latest/edge  126  no       hook failed: "image-relation-changed"
test-i2x343pf                                  waiting      1  github-runner                               0  no       Waiting for image over integration.

Unit                                     Workload  Agent  Machine  Public address  Ports  Message
github-runner-image-builder-i2x343pf/0*  error     idle   0        10.221.173.127         hook failed: "image-relation-changed"
test-i2x343pf/0*                         waiting   idle   1        10.221.173.134         Waiting for image over integration.

Machine  State    Address         Inst id        Base          AZ             Message
0        started  10.221.173.127  juju-47bd48-0  ubuntu@22.04  github-runner  Running
1        started  10.221.173.134  juju-47bd48-1  ubuntu@22.04  github-runner  Running

06:37:43 INFO Juju error logs:

machine-0: 06:31:48 ERROR juju.worker.dependency "kvm-container-provisioner" manifold worker returned unexpected error: container types not yet available
machine-0: 06:31:48 ERROR juju.worker.dependency "lxd-container-provisioner" manifold worker returned unexpected error: container types not yet available
unit-github-runner-image-builder-i2x343pf-0: 06:31:48 ERROR juju.worker.meterstatus error running "meter-status-changed": charm missing from disk
machine-1: 06:31:56 ERROR juju.worker.dependency "lxd-container-provisioner" manifold worker returned unexpected error: container types not yet available
machine-1: 06:31:56 ERROR juju.worker.dependency "kvm-container-provisioner" manifold worker returned unexpected error: container types not yet available
unit-test-i2x343pf-0: 06:31:56 ERROR juju.worker.meterstatus error running "meter-status-changed": charm missing from disk
unit-github-runner-image-builder-i2x343pf-0: 06:32:27 ERROR unit.github-runner-image-builder-i2x343pf/0.juju-log Pipx command failed, code: 1, out: None, err: None
unit-test-i2x343pf-0: 06:32:43 ERROR unit.test-i2x343pf/0.juju-log Missing image integration.
Traceback (most recent call last):
  File "/var/lib/juju/agents/unit-test-i2x343pf-0/charm/./src/charm.py", line 118, in func_with_catch_errors
    func(self, event)
  File "/var/lib/juju/agents/unit-test-i2x343pf-0/charm/./src/charm.py", line 342, in _on_config_changed
    self._check_image_ready()
  File "/var/lib/juju/agents/unit-test-i2x343pf-0/charm/./src/charm.py", line 512, in _check_image_ready
    raise ImageIntegrationMissingError("No image integration found")
errors.ImageIntegrationMissingError: No image integration found
unit-test-i2x343pf-0: 06:32:44 ERROR unit.test-i2x343pf/0.juju-log Missing image integration.
Traceback (most recent call last):
  File "/var/lib/juju/agents/unit-test-i2x343pf-0/charm/./src/charm.py", line 118, in func_with_catch_errors
    func(self, event)
  File "/var/lib/juju/agents/unit-test-i2x343pf-0/charm/./src/charm.py", line 313, in _on_start
    self._check_image_ready()
  File "/var/lib/juju/agents/unit-test-i2x343pf-0/charm/./src/charm.py", line 512, in _check_image_ready
    raise ImageIntegrationMissingError("No image integration found")
errors.ImageIntegrationMissingError: No image integration found
unit-test-i2x343pf-0: 06:35:33 ERROR unit.test-i2x343pf/0.juju-log image:0: Missing image in image integration.
Traceback (most recent call last):
  File "/var/lib/juju/agents/unit-test-i2x343pf-0/charm/./src/charm.py", line 118, in func_with_catch_errors
    func(self, event)
  File "/var/lib/juju/agents/unit-test-i2x343pf-0/charm/./src/charm.py", line 477, in _on_image_relation_changed
    self._check_image_ready()
  File "/var/lib/juju/agents/unit-test-i2x343pf-0/charm/./src/charm.py", line 514, in _check_image_ready
    raise ImageNotFoundError("No image found in the image integration")
errors.ImageNotFoundError: No image found in the image integration
unit-github-runner-image-builder-i2x343pf-0: 06:36:51 ERROR unit.github-runner-image-builder-i2x343pf/0.juju-log image:0: Image build failed, code: 1, out: , err: None, stdout: 
unit-github-runner-image-builder-i2x343pf-0: 06:36:59 ERROR unit.github-runner-image-builder-i2x343pf/0.juju-log image:0: Image build failed, code: 1, out: , err: None, stdout: 
unit-github-runner-image-builder-i2x343pf-0: 06:37:06 ERROR unit.github-runner-image-builder-i2x343pf/0.juju-log image:0: Image build failed, code: 1, out: , err: None, stdout: 
unit-github-runner-image-builder-i2x343pf-0: 06:37:17 ERROR unit.github-runner-image-builder-i2x343pf/0.juju-log image:0: Image build failed, code: 1, out: , err: None, stdout: 
unit-github-runner-image-builder-i2x343pf-0: 06:37:41 ERROR unit.github-runner-image-builder-i2x343pf/0.juju-log image:0: Image build failed, code: 1, out: , err: None, stdout: 
unit-github-runner-image-builder-i2x343pf-0: 06:37:41 ERROR unit.github-runner-image-builder-i2x343pf/0.juju-log image:0: Uncaught exception while in charm code:
multiprocessing.pool.RemoteTraceback: 
"""
Traceback (most recent call last):
  File "/var/lib/juju/agents/unit-github-runner-image-builder-i2x343pf-0/charm/src/builder.py", line 523, in _run
    stdout = subprocess.check_output(  # pylint: disable=unexpected-keyword-arg # nosec:B603
  File "/usr/lib/python3.10/subprocess.py", line 421, in check_output
    return run(*popenargs, stdout=PIPE, timeout=timeout, check=True,
  File "/usr/lib/python3.10/subprocess.py", line 526, in run
    raise CalledProcessError(retcode, process.args,
subprocess.CalledProcessError: Command '['/usr/bin/run-one', '/usr/bin/sudo', '--preserve-env', '/home/ubuntu/.local/bin/github-runner-image-builder', '--os-cloud', 'builder', 'run', 'github-runner-image-builder-i2x343pf-noble-x64', '--flavor', 'shared.xsmall', '--keep-revisions', '2', '--network', 'net_stg-ps7-github-runner-test-amd64', '--prefix', 'github-runner-image-builder-i2x343pf', '--upload-clouds', 'stg-ps7-github-runner-test-amd64_project_stg-ps7-github-runner-test-amd64', '--arch', 'x64', '--base-image', 'noble', '--proxy', 'egress.ps7.internal:3128']' returned non-zero exit status 1.

The above exception was the direct cause of the following exception:

Traceback (most recent call last):
  File "/usr/lib/python3.10/multiprocessing/pool.py", line 125, in worker
    result = (True, func(*args, **kwds))
  File "/usr/lib/python3.10/multiprocessing/pool.py", line 48, in mapstar
    return list(map(*args))
  File "/var/lib/juju/agents/unit-github-runner-image-builder-i2x343pf-0/charm/venv/tenacity/__init__.py", line 338, in wrapped_f
    return copy(f, *args, **kw)
  File "/var/lib/juju/agents/unit-github-runner-image-builder-i2x343pf-0/charm/venv/tenacity/__init__.py", line 477, in __call__
    do = self.iter(retry_state=retry_state)
  File "/var/lib/juju/agents/unit-github-runner-image-builder-i2x343pf-0/charm/venv/tenacity/__init__.py", line 378, in iter
    result = action(retry_state)
  File "/var/lib/juju/agents/unit-github-runner-image-builder-i2x343pf-0/charm/venv/tenacity/__init__.py", line 420, in exc_check
    raise retry_exc.reraise()
  File "/var/lib/juju/agents/unit-github-runner-image-builder-i2x343pf-0/charm/venv/tenacity/__init__.py", line 187, in reraise
    raise self.last_attempt.result()
  File "/usr/lib/python3.10/concurrent/futures/_base.py", line 451, in result
    return self.__get_result()
  File "/usr/lib/python3.10/concurrent/futures/_base.py", line 403, in __get_result
    raise self._exception
  File "/var/lib/juju/agents/unit-github-runner-image-builder-i2x343pf-0/charm/venv/tenacity/__init__.py", line 480, in __call__
    result = fn(*args, **kwargs)
  File "/var/lib/juju/agents/unit-github-runner-image-builder-i2x343pf-0/charm/src/builder.py", line 553, in _run
    raise BuilderRunError from exc
exceptions.BuilderRunError
"""

The above exception was the direct cause of the following exception:

Traceback (most recent call last):
  File "/var/lib/juju/agents/unit-github-runner-image-builder-i2x343pf-0/charm/./src/charm.py", line 339, in <module>
    ops.main.main(GithubRunnerImageBuilderCharm)
  File "/var/lib/juju/agents/unit-github-runner-image-builder-i2x343pf-0/charm/venv/ops/__init__.py", line 363, in main
    return _legacy_main.main(
  File "/var/lib/juju/agents/unit-github-runner-image-builder-i2x343pf-0/charm/venv/ops/main.py", line 39, in main
    return _main.main(charm_class=charm_class, use_juju_for_storage=use_juju_for_storage)
  File "/var/lib/juju/agents/unit-github-runner-image-builder-i2x343pf-0/charm/venv/ops/_main.py", line 504, in main
    manager.run()
  File "/var/lib/juju/agents/unit-github-runner-image-builder-i2x343pf-0/charm/venv/ops/_main.py", line 488, in run
    self._emit()
  File "/var/lib/juju/agents/unit-github-runner-image-builder-i2x343pf-0/charm/venv/ops/_main.py", line 423, in _emit
    self._emit_charm_event(self.dispatcher.event_name)
  File "/var/lib/juju/agents/unit-github-runner-image-builder-i2x343pf-0/charm/venv/ops/_main.py", line 467, in _emit_charm_event
    event_to_emit.emit(*args, **kwargs)
  File "/var/lib/juju/agents/unit-github-runner-image-builder-i2x343pf-0/charm/venv/ops/framework.py", line 351, in emit
    framework._emit(event)
  File "/var/lib/juju/agents/unit-github-runner-image-builder-i2x343pf-0/charm/venv/ops/framework.py", line 924, in _emit
    self._reemit(event_path)
  File "/var/lib/juju/agents/unit-github-runner-image-builder-i2x343pf-0/charm/venv/ops/framework.py", line 1036, in _reemit
    custom_handler(event)
  File "/var/lib/juju/agents/unit-github-runner-image-builder-i2x343pf-0/charm/src/charm_utils.py", line 68, in wrapper
    return method(instance, event)
  File "/var/lib/juju/agents/unit-github-runner-image-builder-i2x343pf-0/charm/./src/charm.py", line 153, in _on_image_relation_changed
    self._run(cloud_id=cloud_id)
  File "/var/lib/juju/agents/unit-github-runner-image-builder-i2x343pf-0/charm/./src/charm.py", line 253, in _run
    cloud_images = builder.run(
  File "/var/lib/juju/agents/unit-github-runner-image-builder-i2x343pf-0/charm/src/builder.py", line 435, in run
    build_results = pool.map(_run, build_configs)
  File "/usr/lib/python3.10/multiprocessing/pool.py", line 367, in map
    return self._map_async(func, iterable, mapstar, chunksize).get()
  File "/usr/lib/python3.10/multiprocessing/pool.py", line 774, in get
    raise self._value
exceptions.BuilderRunError
unit-github-runner-image-builder-i2x343pf-0: 06:37:41 ERROR juju.worker.uniter.operation hook "image-relation-changed" (via hook dispatching script: dispatch) failed: exit status 1

06:37:43 INFO Forgetting model main...