06:49:32 WARNING unexpected facade SSHServer received from the controller
06:49:32 INFO Adding model github-pr-404ff-lxd:test-charm-runner-esfw on cloud localhost
06:49:32 WARNING unexpected facade SSHServer received from the controller
06:49:32 WARNING unexpected facade SSHSession received from the controller
06:49:32 WARNING unexpected facade SSHTunneler received from the controller
06:49:32 INFO Deploying fake image builder via any-charm for image ID 1ad6e456-fa35-47ef-988f-1e793a60f258
06:49:34 INFO Deploying ch:amd64/noble/any-charm-133
06:49:46 INFO Deploying local:noble/github-runner-0
06:49:46 INFO Waiting for model:
  test-o6f1cmyo/0 [allocating] waiting: waiting for machine
  github-runner-image-builder-o6f1cmyo/0 [allocating] waiting: waiting for machine
06:50:35 INFO Waiting for model:
  test-o6f1cmyo/0 [allocating] waiting: waiting for machine
  github-runner-image-builder-o6f1cmyo/0 [allocating] waiting: agent initialising
06:50:55 ERROR Task tmp raised an exception: watcher was stopped
Traceback (most recent call last):
  File "/home/ubuntu/actions-runner/_work/github-runner-operator/github-runner-operator/.tox/integration-juju3.6/lib/python3.12/site-packages/juju/_jasyncio.py", line 36, in _task_result_exp_handler
    task.result()
  File "/usr/lib/python3.12/asyncio/futures.py", line 203, in result
    raise self._exception.with_traceback(self._exception_tb)
  File "/usr/lib/python3.12/asyncio/tasks.py", line 314, in __step_run_and_handle_result
    result = coro.send(None)
             ^^^^^^^^^^^^^^^
  File "/home/ubuntu/actions-runner/_work/github-runner-operator/github-runner-operator/.tox/integration-juju3.6/lib/python3.12/site-packages/juju/client/facade.py", line 482, in wrapper
    reply = await f(*args, **kwargs)
            ^^^^^^^^^^^^^^^^^^^^^^^^
  File "/home/ubuntu/actions-runner/_work/github-runner-operator/github-runner-operator/.tox/integration-juju3.6/lib/python3.12/site-packages/juju/client/_client3.py", line 126, in Next
    reply = await self.rpc(msg)
            ^^^^^^^^^^^^^^^^^^^
  File "/home/ubuntu/actions-runner/_work/github-runner-operator/github-runner-operator/.tox/integration-juju3.6/lib/python3.12/site-packages/juju/client/overrides.py", line 116, in rpc
    result = await self.connection.rpc(msg, encoder=TypeEncoder)
             ^^^^^^^^^^^^^^^^^^^^^^^^^^^^^^^^^^^^^^^^^^^^^^^^^^^
  File "/home/ubuntu/actions-runner/_work/github-runner-operator/github-runner-operator/.tox/integration-juju3.6/lib/python3.12/site-packages/juju/client/connection.py", line 597, in rpc
    raise errors.JujuAPIError(result)
juju.errors.JujuAPIError: watcher was stopped
06:50:55 WARNING Watcher: watcher stopped, restarting
06:50:55 WARNING RPC: Connection closed, reconnecting
06:50:55 WARNING Receiver: Connection closed, reconnecting
06:50:55 ERROR Task exception was never retrieved
future: <Task finished name='Task-1044' coro=<Connection.reconnect() done, defined at /home/ubuntu/actions-runner/_work/github-runner-operator/github-runner-operator/.tox/integration-juju3.6/lib/python3.12/site-packages/juju/client/connection.py:697> exception=InvalidStatusCode(503, Headers([('Content-Type', 'text/plain; charset=utf-8'), ('X-Content-Type-Options', 'nosniff'), ('Date', 'Wed, 11 Feb 2026 06:50:55 GMT'), ('Content-Length', '31')]))>
Traceback (most recent call last):
  File "/usr/lib/python3.12/asyncio/tasks.py", line 314, in __step_run_and_handle_result
    result = coro.send(None)
             ^^^^^^^^^^^^^^^
  File "/home/ubuntu/actions-runner/_work/github-runner-operator/github-runner-operator/.tox/integration-juju3.6/lib/python3.12/site-packages/juju/client/connection.py", line 709, in reconnect
    res = await connector(
          ^^^^^^^^^^^^^^^^
  File "/home/ubuntu/actions-runner/_work/github-runner-operator/github-runner-operator/.tox/integration-juju3.6/lib/python3.12/site-packages/juju/client/connection.py", line 800, in _connect_with_login
    await self._connect(endpoints)
  File "/home/ubuntu/actions-runner/_work/github-runner-operator/github-runner-operator/.tox/integration-juju3.6/lib/python3.12/site-packages/juju/client/connection.py", line 743, in _connect
    result = await task
             ^^^^^^^^^^
  File "/usr/lib/python3.12/asyncio/tasks.py", line 631, in _wait_for_one
    return f.result()  # May raise f.exception().
           ^^^^^^^^^^
  File "/usr/lib/python3.12/asyncio/futures.py", line 203, in result
    raise self._exception.with_traceback(self._exception_tb)
  File "/usr/lib/python3.12/asyncio/tasks.py", line 314, in __step_run_and_handle_result
    result = coro.send(None)
             ^^^^^^^^^^^^^^^
  File "/home/ubuntu/actions-runner/_work/github-runner-operator/github-runner-operator/.tox/integration-juju3.6/lib/python3.12/site-packages/juju/client/connection.py", line 729, in _try_endpoint
    return await self._open(endpoint, cacert)
           ^^^^^^^^^^^^^^^^^^^^^^^^^^^^^^^^^^
  File "/home/ubuntu/actions-runner/_work/github-runner-operator/github-runner-operator/.tox/integration-juju3.6/lib/python3.12/site-packages/juju/client/connection.py", line 333, in _open
    await websockets.connect(
  File "/home/ubuntu/actions-runner/_work/github-runner-operator/github-runner-operator/.tox/integration-juju3.6/lib/python3.12/site-packages/websockets/legacy/client.py", line 656, in __await_impl__
    await protocol.handshake(
  File "/home/ubuntu/actions-runner/_work/github-runner-operator/github-runner-operator/.tox/integration-juju3.6/lib/python3.12/site-packages/websockets/legacy/client.py", line 322, in handshake
    raise InvalidStatusCode(status_code, response_headers)
websockets.legacy.exceptions.InvalidStatusCode: server rejected WebSocket connection: HTTP 503
06:50:55 ERROR RPC: Automatic reconnect failed
06:50:55 ERROR Task exception was never retrieved
future: <Task finished name='Task-1046' coro=<Connection.reconnect() done, defined at /home/ubuntu/actions-runner/_work/github-runner-operator/github-runner-operator/.tox/integration-juju3.6/lib/python3.12/site-packages/juju/client/connection.py:697> exception=InvalidMessage('did not receive a valid HTTP response')>
Traceback (most recent call last):
  File "/home/ubuntu/actions-runner/_work/github-runner-operator/github-runner-operator/.tox/integration-juju3.6/lib/python3.12/site-packages/websockets/legacy/http.py", line 120, in read_response
    status_line = await read_line(stream)
                  ^^^^^^^^^^^^^^^^^^^^^^^
  File "/home/ubuntu/actions-runner/_work/github-runner-operator/github-runner-operator/.tox/integration-juju3.6/lib/python3.12/site-packages/websockets/legacy/http.py", line 200, in read_line
    raise EOFError("line without CRLF")
EOFError: line without CRLF

The above exception was the direct cause of the following exception:

Traceback (most recent call last):
  File "/home/ubuntu/actions-runner/_work/github-runner-operator/github-runner-operator/.tox/integration-juju3.6/lib/python3.12/site-packages/websockets/legacy/client.py", line 134, in read_http_response
    status_code, reason, headers = await read_response(self.reader)
                                   ^^^^^^^^^^^^^^^^^^^^^^^^^^^^^^^^
  File "/home/ubuntu/actions-runner/_work/github-runner-operator/github-runner-operator/.tox/integration-juju3.6/lib/python3.12/site-packages/websockets/legacy/http.py", line 122, in read_response
    raise EOFError("connection closed while reading HTTP status line") from exc
EOFError: connection closed while reading HTTP status line

The above exception was the direct cause of the following exception:

Traceback (most recent call last):
  File "/usr/lib/python3.12/asyncio/tasks.py", line 314, in __step_run_and_handle_result
    result = coro.send(None)
             ^^^^^^^^^^^^^^^
  File "/home/ubuntu/actions-runner/_work/github-runner-operator/github-runner-operator/.tox/integration-juju3.6/lib/python3.12/site-packages/juju/client/connection.py", line 709, in reconnect
    res = await connector(
          ^^^^^^^^^^^^^^^^
  File "/home/ubuntu/actions-runner/_work/github-runner-operator/github-runner-operator/.tox/integration-juju3.6/lib/python3.12/site-packages/juju/client/connection.py", line 800, in _connect_with_login
    await self._connect(endpoints)
  File "/home/ubuntu/actions-runner/_work/github-runner-operator/github-runner-operator/.tox/integration-juju3.6/lib/python3.12/site-packages/juju/client/connection.py", line 743, in _connect
    result = await task
             ^^^^^^^^^^
  File "/usr/lib/python3.12/asyncio/tasks.py", line 631, in _wait_for_one
    return f.result()  # May raise f.exception().
           ^^^^^^^^^^
  File "/usr/lib/python3.12/asyncio/futures.py", line 203, in result
    raise self._exception.with_traceback(self._exception_tb)
  File "/usr/lib/python3.12/asyncio/tasks.py", line 314, in __step_run_and_handle_result
    result = coro.send(None)
             ^^^^^^^^^^^^^^^
  File "/home/ubuntu/actions-runner/_work/github-runner-operator/github-runner-operator/.tox/integration-juju3.6/lib/python3.12/site-packages/juju/client/connection.py", line 729, in _try_endpoint
    return await self._open(endpoint, cacert)
           ^^^^^^^^^^^^^^^^^^^^^^^^^^^^^^^^^^
  File "/home/ubuntu/actions-runner/_work/github-runner-operator/github-runner-operator/.tox/integration-juju3.6/lib/python3.12/site-packages/juju/client/connection.py", line 333, in _open
    await websockets.connect(
  File "/home/ubuntu/actions-runner/_work/github-runner-operator/github-runner-operator/.tox/integration-juju3.6/lib/python3.12/site-packages/websockets/legacy/client.py", line 656, in __await_impl__
    await protocol.handshake(
  File "/home/ubuntu/actions-runner/_work/github-runner-operator/github-runner-operator/.tox/integration-juju3.6/lib/python3.12/site-packages/websockets/legacy/client.py", line 316, in handshake
    status_code, response_headers = await self.read_http_response()
                                    ^^^^^^^^^^^^^^^^^^^^^^^^^^^^^^^
  File "/home/ubuntu/actions-runner/_work/github-runner-operator/github-runner-operator/.tox/integration-juju3.6/lib/python3.12/site-packages/websockets/legacy/client.py", line 136, in read_http_response
    raise InvalidMessage("did not receive a valid HTTP response") from exc
websockets.legacy.exceptions.InvalidMessage: did not receive a valid HTTP response
06:50:55 WARNING RPC: Connection closed, reconnecting
06:50:55 ERROR RPC: Automatic reconnect failed