06:58:57 INFO GitHub token rate limit: Rate(reset=2026-02-12 07:32:24+00:00, remaining=4412, limit=5000)
06:58:59 INFO Waiting for model:
  test-ny7jbpc4/0 [idle] active: 
06:59:30 INFO Waiting for model:
  test-ny7jbpc4/0 [idle] active: 
06:59:32 INFO Current reconcile ID: a0d5b060-47aa-48c4-a4d0-9e2b3048abc5
06:59:32 INFO Waiting for reconcile ID: a0d5b060-47aa-48c4-a4d0-9e2b3048abc5
07:00:33 INFO Current reconcile ID: a0d5b060-47aa-48c4-a4d0-9e2b3048abc5
07:00:33 INFO Current reconcile ID: a0d5b060-47aa-48c4-a4d0-9e2b3048abc5, expected reconcile ID: a0d5b060-47aa-48c4-a4d0-9e2b3048abc5
07:00:33 INFO Waiting for reconcile ID: a0d5b060-47aa-48c4-a4d0-9e2b3048abc5
07:01:34 INFO Current reconcile ID: b974d7a0-f22f-47ae-8464-26affb9eb757
07:01:34 INFO Current reconcile ID: b974d7a0-f22f-47ae-8464-26affb9eb757, expected reconcile ID: a0d5b060-47aa-48c4-a4d0-9e2b3048abc5
07:01:49 INFO Waiting for model:
  test-ny7jbpc4/0 [idle] active: 
07:02:06 INFO Current reconcile ID: b974d7a0-f22f-47ae-8464-26affb9eb757
07:02:06 INFO Waiting for reconcile ID: b974d7a0-f22f-47ae-8464-26affb9eb757
07:03:07 INFO Current reconcile ID: b974d7a0-f22f-47ae-8464-26affb9eb757
07:03:07 INFO Current reconcile ID: b974d7a0-f22f-47ae-8464-26affb9eb757, expected reconcile ID: b974d7a0-f22f-47ae-8464-26affb9eb757
07:03:07 INFO Waiting for reconcile ID: b974d7a0-f22f-47ae-8464-26affb9eb757
07:04:08 INFO Current reconcile ID: 23b000e2-b1de-4d69-b1a7-730c6d6ec0d7
07:04:08 INFO Current reconcile ID: 23b000e2-b1de-4d69-b1a7-730c6d6ec0d7, expected reconcile ID: b974d7a0-f22f-47ae-8464-26affb9eb757
07:05:23 INFO Wait for condition not met, sleeping 10
07:05:39 INFO Waiting for model:
  test-ny7jbpc4/0 [idle] active: 
07:06:10 INFO Waiting for model:
  test-ny7jbpc4/0 [idle] active: 
07:06:12 INFO Current reconcile ID: e5bec4a0-f0f6-4008-8681-7f8510fd11b5
07:06:12 INFO Waiting for reconcile ID: e5bec4a0-f0f6-4008-8681-7f8510fd11b5
07:07:13 INFO Current reconcile ID: e5bec4a0-f0f6-4008-8681-7f8510fd11b5
07:07:13 INFO Current reconcile ID: e5bec4a0-f0f6-4008-8681-7f8510fd11b5, expected reconcile ID: e5bec4a0-f0f6-4008-8681-7f8510fd11b5
07:07:13 INFO Waiting for reconcile ID: e5bec4a0-f0f6-4008-8681-7f8510fd11b5
07:08:04 WARNING Receiver: Connection closed, reconnecting
07:08:04 ERROR Task tmp raised an exception: watcher was stopped
Traceback (most recent call last):
  File "/home/ubuntu/actions-runner/_work/github-runner-operator/github-runner-operator/.tox/integration-juju3.6/lib/python3.12/site-packages/juju/_jasyncio.py", line 36, in _task_result_exp_handler
    task.result()
  File "/usr/lib/python3.12/asyncio/futures.py", line 203, in result
    raise self._exception.with_traceback(self._exception_tb)
  File "/usr/lib/python3.12/asyncio/tasks.py", line 314, in __step_run_and_handle_result
    result = coro.send(None)
             ^^^^^^^^^^^^^^^
  File "/home/ubuntu/actions-runner/_work/github-runner-operator/github-runner-operator/.tox/integration-juju3.6/lib/python3.12/site-packages/juju/client/facade.py", line 482, in wrapper
    reply = await f(*args, **kwargs)
            ^^^^^^^^^^^^^^^^^^^^^^^^
  File "/home/ubuntu/actions-runner/_work/github-runner-operator/github-runner-operator/.tox/integration-juju3.6/lib/python3.12/site-packages/juju/client/_client3.py", line 126, in Next
    reply = await self.rpc(msg)
            ^^^^^^^^^^^^^^^^^^^
  File "/home/ubuntu/actions-runner/_work/github-runner-operator/github-runner-operator/.tox/integration-juju3.6/lib/python3.12/site-packages/juju/client/overrides.py", line 116, in rpc
    result = await self.connection.rpc(msg, encoder=TypeEncoder)
             ^^^^^^^^^^^^^^^^^^^^^^^^^^^^^^^^^^^^^^^^^^^^^^^^^^^
  File "/home/ubuntu/actions-runner/_work/github-runner-operator/github-runner-operator/.tox/integration-juju3.6/lib/python3.12/site-packages/juju/client/connection.py", line 597, in rpc
    raise errors.JujuAPIError(result)
juju.errors.JujuAPIError: watcher was stopped
07:08:04 WARNING Watcher: watcher stopped, restarting
07:08:04 WARNING RPC: Connection closed, reconnecting
07:08:04 ERROR Task exception was never retrieved
future: <Task finished name='Task-4339' coro=<Connection.reconnect() done, defined at /home/ubuntu/actions-runner/_work/github-runner-operator/github-runner-operator/.tox/integration-juju3.6/lib/python3.12/site-packages/juju/client/connection.py:697> exception=InvalidStatusCode(503, Headers([('Content-Type', 'text/plain; charset=utf-8'), ('X-Content-Type-Options', 'nosniff'), ('Date', 'Thu, 12 Feb 2026 07:08:04 GMT'), ('Content-Length', '31')]))>
Traceback (most recent call last):
  File "/usr/lib/python3.12/asyncio/tasks.py", line 314, in __step_run_and_handle_result
    result = coro.send(None)
             ^^^^^^^^^^^^^^^
  File "/home/ubuntu/actions-runner/_work/github-runner-operator/github-runner-operator/.tox/integration-juju3.6/lib/python3.12/site-packages/juju/client/connection.py", line 709, in reconnect
    res = await connector(
          ^^^^^^^^^^^^^^^^
  File "/home/ubuntu/actions-runner/_work/github-runner-operator/github-runner-operator/.tox/integration-juju3.6/lib/python3.12/site-packages/juju/client/connection.py", line 800, in _connect_with_login
    await self._connect(endpoints)
  File "/home/ubuntu/actions-runner/_work/github-runner-operator/github-runner-operator/.tox/integration-juju3.6/lib/python3.12/site-packages/juju/client/connection.py", line 743, in _connect
    result = await task
             ^^^^^^^^^^
  File "/usr/lib/python3.12/asyncio/tasks.py", line 631, in _wait_for_one
    return f.result()  # May raise f.exception().
           ^^^^^^^^^^
  File "/usr/lib/python3.12/asyncio/futures.py", line 203, in result
    raise self._exception.with_traceback(self._exception_tb)
  File "/usr/lib/python3.12/asyncio/tasks.py", line 314, in __step_run_and_handle_result
    result = coro.send(None)
             ^^^^^^^^^^^^^^^
  File "/home/ubuntu/actions-runner/_work/github-runner-operator/github-runner-operator/.tox/integration-juju3.6/lib/python3.12/site-packages/juju/client/connection.py", line 729, in _try_endpoint
    return await self._open(endpoint, cacert)
           ^^^^^^^^^^^^^^^^^^^^^^^^^^^^^^^^^^
  File "/home/ubuntu/actions-runner/_work/github-runner-operator/github-runner-operator/.tox/integration-juju3.6/lib/python3.12/site-packages/juju/client/connection.py", line 333, in _open
    await websockets.connect(
  File "/home/ubuntu/actions-runner/_work/github-runner-operator/github-runner-operator/.tox/integration-juju3.6/lib/python3.12/site-packages/websockets/legacy/client.py", line 656, in __await_impl__
    await protocol.handshake(
  File "/home/ubuntu/actions-runner/_work/github-runner-operator/github-runner-operator/.tox/integration-juju3.6/lib/python3.12/site-packages/websockets/legacy/client.py", line 322, in handshake
    raise InvalidStatusCode(status_code, response_headers)
websockets.legacy.exceptions.InvalidStatusCode: server rejected WebSocket connection: HTTP 503
07:08:04 ERROR Task exception was never retrieved
future: <Task finished name='Task-4343' coro=<Connection.reconnect() done, defined at /home/ubuntu/actions-runner/_work/github-runner-operator/github-runner-operator/.tox/integration-juju3.6/lib/python3.12/site-packages/juju/client/connection.py:697> exception=InvalidMessage('did not receive a valid HTTP response')>
Traceback (most recent call last):
  File "/home/ubuntu/actions-runner/_work/github-runner-operator/github-runner-operator/.tox/integration-juju3.6/lib/python3.12/site-packages/websockets/legacy/http.py", line 120, in read_response
    status_line = await read_line(stream)
                  ^^^^^^^^^^^^^^^^^^^^^^^
  File "/home/ubuntu/actions-runner/_work/github-runner-operator/github-runner-operator/.tox/integration-juju3.6/lib/python3.12/site-packages/websockets/legacy/http.py", line 200, in read_line
    raise EOFError("line without CRLF")
EOFError: line without CRLF

The above exception was the direct cause of the following exception:

Traceback (most recent call last):
  File "/home/ubuntu/actions-runner/_work/github-runner-operator/github-runner-operator/.tox/integration-juju3.6/lib/python3.12/site-packages/websockets/legacy/client.py", line 134, in read_http_response
    status_code, reason, headers = await read_response(self.reader)
                                   ^^^^^^^^^^^^^^^^^^^^^^^^^^^^^^^^
  File "/home/ubuntu/actions-runner/_work/github-runner-operator/github-runner-operator/.tox/integration-juju3.6/lib/python3.12/site-packages/websockets/legacy/http.py", line 122, in read_response
    raise EOFError("connection closed while reading HTTP status line") from exc
EOFError: connection closed while reading HTTP status line

The above exception was the direct cause of the following exception:

Traceback (most recent call last):
  File "/usr/lib/python3.12/asyncio/tasks.py", line 314, in __step_run_and_handle_result
    result = coro.send(None)
             ^^^^^^^^^^^^^^^
  File "/home/ubuntu/actions-runner/_work/github-runner-operator/github-runner-operator/.tox/integration-juju3.6/lib/python3.12/site-packages/juju/client/connection.py", line 709, in reconnect
    res = await connector(
          ^^^^^^^^^^^^^^^^
  File "/home/ubuntu/actions-runner/_work/github-runner-operator/github-runner-operator/.tox/integration-juju3.6/lib/python3.12/site-packages/juju/client/connection.py", line 800, in _connect_with_login
    await self._connect(endpoints)
  File "/home/ubuntu/actions-runner/_work/github-runner-operator/github-runner-operator/.tox/integration-juju3.6/lib/python3.12/site-packages/juju/client/connection.py", line 743, in _connect
    result = await task
             ^^^^^^^^^^
  File "/usr/lib/python3.12/asyncio/tasks.py", line 631, in _wait_for_one
    return f.result()  # May raise f.exception().
           ^^^^^^^^^^
  File "/usr/lib/python3.12/asyncio/futures.py", line 203, in result
    raise self._exception.with_traceback(self._exception_tb)
  File "/usr/lib/python3.12/asyncio/tasks.py", line 314, in __step_run_and_handle_result
    result = coro.send(None)
             ^^^^^^^^^^^^^^^
  File "/home/ubuntu/actions-runner/_work/github-runner-operator/github-runner-operator/.tox/integration-juju3.6/lib/python3.12/site-packages/juju/client/connection.py", line 729, in _try_endpoint
    return await self._open(endpoint, cacert)
           ^^^^^^^^^^^^^^^^^^^^^^^^^^^^^^^^^^
  File "/home/ubuntu/actions-runner/_work/github-runner-operator/github-runner-operator/.tox/integration-juju3.6/lib/python3.12/site-packages/juju/client/connection.py", line 333, in _open
    await websockets.connect(
  File "/home/ubuntu/actions-runner/_work/github-runner-operator/github-runner-operator/.tox/integration-juju3.6/lib/python3.12/site-packages/websockets/legacy/client.py", line 656, in __await_impl__
    await protocol.handshake(
  File "/home/ubuntu/actions-runner/_work/github-runner-operator/github-runner-operator/.tox/integration-juju3.6/lib/python3.12/site-packages/websockets/legacy/client.py", line 316, in handshake
    status_code, response_headers = await self.read_http_response()
                                    ^^^^^^^^^^^^^^^^^^^^^^^^^^^^^^^
  File "/home/ubuntu/actions-runner/_work/github-runner-operator/github-runner-operator/.tox/integration-juju3.6/lib/python3.12/site-packages/websockets/legacy/client.py", line 136, in read_http_response
    raise InvalidMessage("did not receive a valid HTTP response") from exc
websockets.legacy.exceptions.InvalidMessage: did not receive a valid HTTP response
07:08:04 ERROR RPC: Automatic reconnect failed
07:08:13 WARNING RPC: Connection closed, reconnecting
07:08:13 ERROR RPC: Automatic reconnect failed