{"uid":"7ec5d74878720124","name":"test_runner_spawn_two","fullName":"tests.integration.test_runner_manager_openstack#test_runner_spawn_two","historyId":"65386f98239664a457a2c15be079a3c7","time":{"start":1734720511397,"stop":1734720816345,"duration":304948},"description":"\n    Arrange: RunnerManager instance with no runners.\n    Act:\n        1. Create two runner.\n        2. Delete all idle runner.\n    Assert:\n        1. Two active idle runner.\n        2. No runners.\n    ","descriptionHtml":"<pre><code>Arrange: RunnerManager instance with no runners.\nAct:\n    1. Create two runner.\n    2. Delete all idle runner.\nAssert:\n    1. Two active idle runner.\n    2. No runners.\n</code></pre>\n","status":"failed","statusMessage":"AssertionError: assert 1 == 2\n +  where 1 = len(('29a992e0e84e',))","statusTrace":"Traceback (most recent call last):\n  File \"/home/ubuntu/actions-runner/_work/github-runner-operator/github-runner-operator/.tox/integration-juju3.6/lib/python3.10/site-packages/_pytest/runner.py\", line 341, in from_call\n    result: TResult | None = func()\n  File \"/home/ubuntu/actions-runner/_work/github-runner-operator/github-runner-operator/.tox/integration-juju3.6/lib/python3.10/site-packages/_pytest/runner.py\", line 242, in <lambda>\n    lambda: runtest_hook(item=item, **kwds), when=when, reraise=reraise\n  File \"/home/ubuntu/actions-runner/_work/github-runner-operator/github-runner-operator/.tox/integration-juju3.6/lib/python3.10/site-packages/pluggy/_hooks.py\", line 513, in __call__\n    return self._hookexec(self.name, self._hookimpls.copy(), kwargs, firstresult)\n  File \"/home/ubuntu/actions-runner/_work/github-runner-operator/github-runner-operator/.tox/integration-juju3.6/lib/python3.10/site-packages/pluggy/_manager.py\", line 120, in _hookexec\n    return self._inner_hookexec(hook_name, methods, kwargs, firstresult)\n  File \"/home/ubuntu/actions-runner/_work/github-runner-operator/github-runner-operator/.tox/integration-juju3.6/lib/python3.10/site-packages/pluggy/_callers.py\", line 182, in _multicall\n    return outcome.get_result()\n  File \"/home/ubuntu/actions-runner/_work/github-runner-operator/github-runner-operator/.tox/integration-juju3.6/lib/python3.10/site-packages/pluggy/_result.py\", line 100, in get_result\n    raise exc.with_traceback(exc.__traceback__)\n  File \"/home/ubuntu/actions-runner/_work/github-runner-operator/github-runner-operator/.tox/integration-juju3.6/lib/python3.10/site-packages/pluggy/_callers.py\", line 167, in _multicall\n    teardown.throw(outcome._exception)\n  File \"/home/ubuntu/actions-runner/_work/github-runner-operator/github-runner-operator/.tox/integration-juju3.6/lib/python3.10/site-packages/_pytest/threadexception.py\", line 92, in pytest_runtest_call\n    yield from thread_exception_runtest_hook()\n  File \"/home/ubuntu/actions-runner/_work/github-runner-operator/github-runner-operator/.tox/integration-juju3.6/lib/python3.10/site-packages/_pytest/threadexception.py\", line 68, in thread_exception_runtest_hook\n    yield\n  File \"/home/ubuntu/actions-runner/_work/github-runner-operator/github-runner-operator/.tox/integration-juju3.6/lib/python3.10/site-packages/pluggy/_callers.py\", line 167, in _multicall\n    teardown.throw(outcome._exception)\n  File \"/home/ubuntu/actions-runner/_work/github-runner-operator/github-runner-operator/.tox/integration-juju3.6/lib/python3.10/site-packages/_pytest/unraisableexception.py\", line 95, in pytest_runtest_call\n    yield from unraisable_exception_runtest_hook()\n  File \"/home/ubuntu/actions-runner/_work/github-runner-operator/github-runner-operator/.tox/integration-juju3.6/lib/python3.10/site-packages/_pytest/unraisableexception.py\", line 70, in unraisable_exception_runtest_hook\n    yield\n  File \"/home/ubuntu/actions-runner/_work/github-runner-operator/github-runner-operator/.tox/integration-juju3.6/lib/python3.10/site-packages/pluggy/_callers.py\", line 167, in _multicall\n    teardown.throw(outcome._exception)\n  File \"/home/ubuntu/actions-runner/_work/github-runner-operator/github-runner-operator/.tox/integration-juju3.6/lib/python3.10/site-packages/_pytest/logging.py\", line 846, in pytest_runtest_call\n    yield from self._runtest_for(item, \"call\")\n  File \"/home/ubuntu/actions-runner/_work/github-runner-operator/github-runner-operator/.tox/integration-juju3.6/lib/python3.10/site-packages/_pytest/logging.py\", line 829, in _runtest_for\n    yield\n  File \"/home/ubuntu/actions-runner/_work/github-runner-operator/github-runner-operator/.tox/integration-juju3.6/lib/python3.10/site-packages/pluggy/_callers.py\", line 167, in _multicall\n    teardown.throw(outcome._exception)\n  File \"/home/ubuntu/actions-runner/_work/github-runner-operator/github-runner-operator/.tox/integration-juju3.6/lib/python3.10/site-packages/_pytest/capture.py\", line 880, in pytest_runtest_call\n    return (yield)\n  File \"/home/ubuntu/actions-runner/_work/github-runner-operator/github-runner-operator/.tox/integration-juju3.6/lib/python3.10/site-packages/pluggy/_callers.py\", line 167, in _multicall\n    teardown.throw(outcome._exception)\n  File \"/home/ubuntu/actions-runner/_work/github-runner-operator/github-runner-operator/.tox/integration-juju3.6/lib/python3.10/site-packages/_pytest/skipping.py\", line 257, in pytest_runtest_call\n    return (yield)\n  File \"/home/ubuntu/actions-runner/_work/github-runner-operator/github-runner-operator/.tox/integration-juju3.6/lib/python3.10/site-packages/pluggy/_callers.py\", line 103, in _multicall\n    res = hook_impl.function(*args)\n  File \"/home/ubuntu/actions-runner/_work/github-runner-operator/github-runner-operator/.tox/integration-juju3.6/lib/python3.10/site-packages/_pytest/runner.py\", line 174, in pytest_runtest_call\n    item.runtest()\n  File \"/home/ubuntu/actions-runner/_work/github-runner-operator/github-runner-operator/.tox/integration-juju3.6/lib/python3.10/site-packages/_pytest/python.py\", line 1627, in runtest\n    self.ihook.pytest_pyfunc_call(pyfuncitem=self)\n  File \"/home/ubuntu/actions-runner/_work/github-runner-operator/github-runner-operator/.tox/integration-juju3.6/lib/python3.10/site-packages/pluggy/_hooks.py\", line 513, in __call__\n    return self._hookexec(self.name, self._hookimpls.copy(), kwargs, firstresult)\n  File \"/home/ubuntu/actions-runner/_work/github-runner-operator/github-runner-operator/.tox/integration-juju3.6/lib/python3.10/site-packages/pluggy/_manager.py\", line 120, in _hookexec\n    return self._inner_hookexec(hook_name, methods, kwargs, firstresult)\n  File \"/home/ubuntu/actions-runner/_work/github-runner-operator/github-runner-operator/.tox/integration-juju3.6/lib/python3.10/site-packages/pluggy/_callers.py\", line 182, in _multicall\n    return outcome.get_result()\n  File \"/home/ubuntu/actions-runner/_work/github-runner-operator/github-runner-operator/.tox/integration-juju3.6/lib/python3.10/site-packages/pluggy/_result.py\", line 100, in get_result\n    raise exc.with_traceback(exc.__traceback__)\n  File \"/home/ubuntu/actions-runner/_work/github-runner-operator/github-runner-operator/.tox/integration-juju3.6/lib/python3.10/site-packages/pluggy/_callers.py\", line 103, in _multicall\n    res = hook_impl.function(*args)\n  File \"/home/ubuntu/actions-runner/_work/github-runner-operator/github-runner-operator/.tox/integration-juju3.6/lib/python3.10/site-packages/_pytest/python.py\", line 159, in pytest_pyfunc_call\n    result = testfunction(**testargs)\n  File \"/home/ubuntu/actions-runner/_work/github-runner-operator/github-runner-operator/.tox/integration-juju3.6/lib/python3.10/site-packages/pytest_asyncio/plugin.py\", line 529, in inner\n    _loop.run_until_complete(task)\n  File \"/home/ubuntu/actions-runner/_work/github-runner-operator/github-runner-operator/.tox/integration-juju3.6/lib/python3.10/site-packages/nest_asyncio.py\", line 98, in run_until_complete\n    return f.result()\n  File \"/usr/lib/python3.10/asyncio/futures.py\", line 201, in result\n    raise self._exception.with_traceback(self._exception_tb)\n  File \"/usr/lib/python3.10/asyncio/tasks.py\", line 232, in __step\n    result = coro.send(None)\n  File \"/home/ubuntu/actions-runner/_work/github-runner-operator/github-runner-operator/tests/integration/test_runner_manager_openstack.py\", line 504, in test_runner_spawn_two\n    assert len(runner_id_list) == 2\nAssertionError: assert 1 == 2\n +  where 1 = len(('29a992e0e84e',))","flaky":false,"newFailed":true,"newBroken":false,"newPassed":false,"retriesCount":1,"retriesStatusChange":true,"beforeStages":[{"name":"pytestconfig","time":{"start":1734719077923,"stop":1734719077923,"duration":0},"status":"passed","steps":[],"attachments":[],"parameters":[],"stepsCount":0,"shouldDisplayMessage":false,"attachmentsCount":0,"hasContent":false,"attachmentStep":false},{"name":"app_name","time":{"start":1734719077923,"stop":1734719077923,"duration":0},"status":"passed","steps":[],"attachments":[],"parameters":[],"stepsCount":0,"shouldDisplayMessage":false,"attachmentsCount":0,"hasContent":false,"attachmentStep":false},{"name":"existing_app","time":{"start":1734719077923,"stop":1734719077923,"duration":0},"status":"passed","steps":[],"attachments":[],"parameters":[],"stepsCount":0,"shouldDisplayMessage":false,"attachmentsCount":0,"hasContent":false,"attachmentStep":false},{"name":"tmp_path_factory","time":{"start":1734719077923,"stop":1734719077923,"duration":0},"status":"passed","steps":[],"attachments":[],"parameters":[],"stepsCount":0,"shouldDisplayMessage":false,"attachmentsCount":0,"hasContent":false,"attachmentStep":false},{"name":"private_endpoint_config","time":{"start":1734719077923,"stop":1734719077923,"duration":0},"status":"passed","steps":[],"attachments":[],"parameters":[],"stepsCount":0,"shouldDisplayMessage":false,"attachmentsCount":0,"hasContent":false,"attachmentStep":false},{"name":"event_loop","time":{"start":1734719077923,"stop":1734719077923,"duration":0},"status":"passed","steps":[],"attachments":[],"parameters":[],"stepsCount":0,"shouldDisplayMessage":false,"attachmentsCount":0,"hasContent":false,"attachmentStep":false},{"name":"proxy_config","time":{"start":1734719077924,"stop":1734719077926,"duration":2},"status":"passed","steps":[],"attachments":[],"parameters":[],"stepsCount":0,"shouldDisplayMessage":false,"attachmentsCount":0,"hasContent":false,"attachmentStep":false},{"name":"openstack_test_image","time":{"start":1734719077924,"stop":1734719077924,"duration":0},"status":"passed","steps":[],"attachments":[],"parameters":[],"stepsCount":0,"shouldDisplayMessage":false,"attachmentsCount":0,"hasContent":false,"attachmentStep":false},{"name":"network_name","time":{"start":1734719077924,"stop":1734719077924,"duration":0},"status":"passed","steps":[],"attachments":[],"parameters":[],"stepsCount":0,"shouldDisplayMessage":false,"attachmentsCount":0,"hasContent":false,"attachmentStep":false},{"name":"private_endpoint_clouds_yaml","time":{"start":1734719077924,"stop":1734719077924,"duration":0},"status":"passed","steps":[],"attachments":[],"parameters":[],"stepsCount":0,"shouldDisplayMessage":false,"attachmentsCount":0,"hasContent":false,"attachmentStep":false},{"name":"openstack_http_proxy","time":{"start":1734719077924,"stop":1734719077924,"duration":0},"status":"passed","steps":[],"attachments":[],"parameters":[],"stepsCount":0,"shouldDisplayMessage":false,"attachmentsCount":0,"hasContent":false,"attachmentStep":false},{"name":"flavor_name","time":{"start":1734719077924,"stop":1734719077924,"duration":0},"status":"passed","steps":[],"attachments":[],"parameters":[],"stepsCount":0,"shouldDisplayMessage":false,"attachmentsCount":0,"hasContent":false,"attachmentStep":false},{"name":"openstack_https_proxy","time":{"start":1734719077924,"stop":1734719077924,"duration":0},"status":"passed","steps":[],"attachments":[],"parameters":[],"stepsCount":0,"shouldDisplayMessage":false,"attachmentsCount":0,"hasContent":false,"attachmentStep":false},{"name":"openstack_no_proxy","time":{"start":1734719077924,"stop":1734719077924,"duration":0},"status":"passed","steps":[],"attachments":[],"parameters":[],"stepsCount":0,"shouldDisplayMessage":false,"attachmentsCount":0,"hasContent":false,"attachmentStep":false},{"name":"github_path","time":{"start":1734719077924,"stop":1734719077924,"duration":0},"status":"passed","steps":[],"attachments":[],"parameters":[],"stepsCount":0,"shouldDisplayMessage":false,"attachmentsCount":0,"hasContent":false,"attachmentStep":false},{"name":"path","time":{"start":1734719077924,"stop":1734719077924,"duration":0},"status":"passed","steps":[],"attachments":[],"parameters":[],"stepsCount":0,"shouldDisplayMessage":false,"attachmentsCount":0,"hasContent":false,"attachmentStep":false},{"name":"openstack_clouds_yaml","time":{"start":1734719077926,"stop":1734719077926,"duration":0},"status":"passed","steps":[],"attachments":[],"parameters":[],"stepsCount":0,"shouldDisplayMessage":false,"attachmentsCount":0,"hasContent":false,"attachmentStep":false},{"name":"openstack_connection","time":{"start":1734719077926,"stop":1734719077946,"duration":20},"status":"passed","steps":[],"attachments":[],"parameters":[],"stepsCount":0,"shouldDisplayMessage":false,"attachmentsCount":0,"hasContent":false,"attachmentStep":false},{"name":"clouds_yaml_contents","time":{"start":1734719077926,"stop":1734719077926,"duration":0},"status":"passed","steps":[],"attachments":[],"parameters":[],"stepsCount":0,"shouldDisplayMessage":false,"attachmentsCount":0,"hasContent":false,"attachmentStep":false},{"name":"runner_label","time":{"start":1734719077926,"stop":1734719077926,"duration":0},"status":"passed","steps":[],"attachments":[],"parameters":[],"stepsCount":0,"shouldDisplayMessage":false,"attachmentsCount":0,"hasContent":false,"attachmentStep":false},{"name":"openstack_runner_manager","time":{"start":1734719077946,"stop":1734719077948,"duration":2},"status":"passed","steps":[],"attachments":[],"parameters":[],"stepsCount":0,"shouldDisplayMessage":false,"attachmentsCount":0,"hasContent":false,"attachmentStep":false},{"name":"log_dir_base_path","time":{"start":1734719077948,"stop":1734719077948,"duration":0},"status":"passed","steps":[],"attachments":[],"parameters":[],"stepsCount":0,"shouldDisplayMessage":false,"attachmentsCount":0,"hasContent":false,"attachmentStep":false},{"name":"runner_manager","time":{"start":1734719077948,"stop":1734719077971,"duration":23},"status":"passed","steps":[],"attachments":[],"parameters":[],"stepsCount":0,"shouldDisplayMessage":false,"attachmentsCount":0,"hasContent":false,"attachmentStep":false},{"name":"token","time":{"start":1734719077948,"stop":1734719077948,"duration":0},"status":"passed","steps":[],"attachments":[],"parameters":[],"stepsCount":0,"shouldDisplayMessage":false,"attachmentsCount":0,"hasContent":false,"attachmentStep":false},{"name":"abort_on_fail","time":{"start":1734720511396,"stop":1734720511396,"duration":0},"status":"passed","steps":[],"attachments":[],"parameters":[],"stepsCount":0,"shouldDisplayMessage":false,"attachmentsCount":0,"hasContent":false,"attachmentStep":false}],"testStage":{"description":"\n    Arrange: RunnerManager instance with no runners.\n    Act:\n        1. Create two runner.\n        2. Delete all idle runner.\n    Assert:\n        1. Two active idle runner.\n        2. No runners.\n    ","status":"failed","statusMessage":"AssertionError: assert 1 == 2\n +  where 1 = len(('29a992e0e84e',))","statusTrace":"Traceback (most recent call last):\n  File \"/home/ubuntu/actions-runner/_work/github-runner-operator/github-runner-operator/.tox/integration-juju3.6/lib/python3.10/site-packages/_pytest/runner.py\", line 341, in from_call\n    result: TResult | None = func()\n  File \"/home/ubuntu/actions-runner/_work/github-runner-operator/github-runner-operator/.tox/integration-juju3.6/lib/python3.10/site-packages/_pytest/runner.py\", line 242, in <lambda>\n    lambda: runtest_hook(item=item, **kwds), when=when, reraise=reraise\n  File \"/home/ubuntu/actions-runner/_work/github-runner-operator/github-runner-operator/.tox/integration-juju3.6/lib/python3.10/site-packages/pluggy/_hooks.py\", line 513, in __call__\n    return self._hookexec(self.name, self._hookimpls.copy(), kwargs, firstresult)\n  File \"/home/ubuntu/actions-runner/_work/github-runner-operator/github-runner-operator/.tox/integration-juju3.6/lib/python3.10/site-packages/pluggy/_manager.py\", line 120, in _hookexec\n    return self._inner_hookexec(hook_name, methods, kwargs, firstresult)\n  File \"/home/ubuntu/actions-runner/_work/github-runner-operator/github-runner-operator/.tox/integration-juju3.6/lib/python3.10/site-packages/pluggy/_callers.py\", line 182, in _multicall\n    return outcome.get_result()\n  File \"/home/ubuntu/actions-runner/_work/github-runner-operator/github-runner-operator/.tox/integration-juju3.6/lib/python3.10/site-packages/pluggy/_result.py\", line 100, in get_result\n    raise exc.with_traceback(exc.__traceback__)\n  File \"/home/ubuntu/actions-runner/_work/github-runner-operator/github-runner-operator/.tox/integration-juju3.6/lib/python3.10/site-packages/pluggy/_callers.py\", line 167, in _multicall\n    teardown.throw(outcome._exception)\n  File \"/home/ubuntu/actions-runner/_work/github-runner-operator/github-runner-operator/.tox/integration-juju3.6/lib/python3.10/site-packages/_pytest/threadexception.py\", line 92, in pytest_runtest_call\n    yield from thread_exception_runtest_hook()\n  File \"/home/ubuntu/actions-runner/_work/github-runner-operator/github-runner-operator/.tox/integration-juju3.6/lib/python3.10/site-packages/_pytest/threadexception.py\", line 68, in thread_exception_runtest_hook\n    yield\n  File \"/home/ubuntu/actions-runner/_work/github-runner-operator/github-runner-operator/.tox/integration-juju3.6/lib/python3.10/site-packages/pluggy/_callers.py\", line 167, in _multicall\n    teardown.throw(outcome._exception)\n  File \"/home/ubuntu/actions-runner/_work/github-runner-operator/github-runner-operator/.tox/integration-juju3.6/lib/python3.10/site-packages/_pytest/unraisableexception.py\", line 95, in pytest_runtest_call\n    yield from unraisable_exception_runtest_hook()\n  File \"/home/ubuntu/actions-runner/_work/github-runner-operator/github-runner-operator/.tox/integration-juju3.6/lib/python3.10/site-packages/_pytest/unraisableexception.py\", line 70, in unraisable_exception_runtest_hook\n    yield\n  File \"/home/ubuntu/actions-runner/_work/github-runner-operator/github-runner-operator/.tox/integration-juju3.6/lib/python3.10/site-packages/pluggy/_callers.py\", line 167, in _multicall\n    teardown.throw(outcome._exception)\n  File \"/home/ubuntu/actions-runner/_work/github-runner-operator/github-runner-operator/.tox/integration-juju3.6/lib/python3.10/site-packages/_pytest/logging.py\", line 846, in pytest_runtest_call\n    yield from self._runtest_for(item, \"call\")\n  File \"/home/ubuntu/actions-runner/_work/github-runner-operator/github-runner-operator/.tox/integration-juju3.6/lib/python3.10/site-packages/_pytest/logging.py\", line 829, in _runtest_for\n    yield\n  File \"/home/ubuntu/actions-runner/_work/github-runner-operator/github-runner-operator/.tox/integration-juju3.6/lib/python3.10/site-packages/pluggy/_callers.py\", line 167, in _multicall\n    teardown.throw(outcome._exception)\n  File \"/home/ubuntu/actions-runner/_work/github-runner-operator/github-runner-operator/.tox/integration-juju3.6/lib/python3.10/site-packages/_pytest/capture.py\", line 880, in pytest_runtest_call\n    return (yield)\n  File \"/home/ubuntu/actions-runner/_work/github-runner-operator/github-runner-operator/.tox/integration-juju3.6/lib/python3.10/site-packages/pluggy/_callers.py\", line 167, in _multicall\n    teardown.throw(outcome._exception)\n  File \"/home/ubuntu/actions-runner/_work/github-runner-operator/github-runner-operator/.tox/integration-juju3.6/lib/python3.10/site-packages/_pytest/skipping.py\", line 257, in pytest_runtest_call\n    return (yield)\n  File \"/home/ubuntu/actions-runner/_work/github-runner-operator/github-runner-operator/.tox/integration-juju3.6/lib/python3.10/site-packages/pluggy/_callers.py\", line 103, in _multicall\n    res = hook_impl.function(*args)\n  File \"/home/ubuntu/actions-runner/_work/github-runner-operator/github-runner-operator/.tox/integration-juju3.6/lib/python3.10/site-packages/_pytest/runner.py\", line 174, in pytest_runtest_call\n    item.runtest()\n  File \"/home/ubuntu/actions-runner/_work/github-runner-operator/github-runner-operator/.tox/integration-juju3.6/lib/python3.10/site-packages/_pytest/python.py\", line 1627, in runtest\n    self.ihook.pytest_pyfunc_call(pyfuncitem=self)\n  File \"/home/ubuntu/actions-runner/_work/github-runner-operator/github-runner-operator/.tox/integration-juju3.6/lib/python3.10/site-packages/pluggy/_hooks.py\", line 513, in __call__\n    return self._hookexec(self.name, self._hookimpls.copy(), kwargs, firstresult)\n  File \"/home/ubuntu/actions-runner/_work/github-runner-operator/github-runner-operator/.tox/integration-juju3.6/lib/python3.10/site-packages/pluggy/_manager.py\", line 120, in _hookexec\n    return self._inner_hookexec(hook_name, methods, kwargs, firstresult)\n  File \"/home/ubuntu/actions-runner/_work/github-runner-operator/github-runner-operator/.tox/integration-juju3.6/lib/python3.10/site-packages/pluggy/_callers.py\", line 182, in _multicall\n    return outcome.get_result()\n  File \"/home/ubuntu/actions-runner/_work/github-runner-operator/github-runner-operator/.tox/integration-juju3.6/lib/python3.10/site-packages/pluggy/_result.py\", line 100, in get_result\n    raise exc.with_traceback(exc.__traceback__)\n  File \"/home/ubuntu/actions-runner/_work/github-runner-operator/github-runner-operator/.tox/integration-juju3.6/lib/python3.10/site-packages/pluggy/_callers.py\", line 103, in _multicall\n    res = hook_impl.function(*args)\n  File \"/home/ubuntu/actions-runner/_work/github-runner-operator/github-runner-operator/.tox/integration-juju3.6/lib/python3.10/site-packages/_pytest/python.py\", line 159, in pytest_pyfunc_call\n    result = testfunction(**testargs)\n  File \"/home/ubuntu/actions-runner/_work/github-runner-operator/github-runner-operator/.tox/integration-juju3.6/lib/python3.10/site-packages/pytest_asyncio/plugin.py\", line 529, in inner\n    _loop.run_until_complete(task)\n  File \"/home/ubuntu/actions-runner/_work/github-runner-operator/github-runner-operator/.tox/integration-juju3.6/lib/python3.10/site-packages/nest_asyncio.py\", line 98, in run_until_complete\n    return f.result()\n  File \"/usr/lib/python3.10/asyncio/futures.py\", line 201, in result\n    raise self._exception.with_traceback(self._exception_tb)\n  File \"/usr/lib/python3.10/asyncio/tasks.py\", line 232, in __step\n    result = coro.send(None)\n  File \"/home/ubuntu/actions-runner/_work/github-runner-operator/github-runner-operator/tests/integration/test_runner_manager_openstack.py\", line 504, in test_runner_spawn_two\n    assert len(runner_id_list) == 2\nAssertionError: assert 1 == 2\n +  where 1 = len(('29a992e0e84e',))","steps":[],"attachments":[{"uid":"3bb07bbb9c7c1855","name":"log","source":"3bb07bbb9c7c1855.txt","type":"text/plain","size":4431}],"parameters":[],"stepsCount":0,"shouldDisplayMessage":true,"attachmentsCount":1,"hasContent":true,"attachmentStep":false},"afterStages":[{"name":"abort_on_fail::0","time":{"start":1734720816347,"stop":1734720816347,"duration":0},"status":"passed","steps":[],"attachments":[],"parameters":[],"stepsCount":0,"shouldDisplayMessage":false,"attachmentsCount":0,"hasContent":false,"attachmentStep":false},{"name":"log_dir_base_path::0","time":{"start":1734720817029,"stop":1734720817029,"duration":0},"status":"passed","steps":[],"attachments":[],"parameters":[],"stepsCount":0,"shouldDisplayMessage":false,"attachmentsCount":0,"hasContent":false,"attachmentStep":false},{"name":"runner_manager::finalizer","time":{"start":1734720817029,"stop":1734720817029,"duration":0},"status":"passed","steps":[],"attachments":[],"parameters":[],"stepsCount":0,"shouldDisplayMessage":false,"attachmentsCount":0,"hasContent":false,"attachmentStep":false},{"name":"openstack_connection::0","time":{"start":1734720817030,"stop":1734720819525,"duration":2495},"status":"passed","steps":[],"attachments":[],"parameters":[],"stepsCount":0,"shouldDisplayMessage":false,"attachmentsCount":0,"hasContent":false,"attachmentStep":false},{"name":"openstack_runner_manager::finalizer","time":{"start":1734720817030,"stop":1734720817030,"duration":0},"status":"passed","steps":[],"attachments":[],"parameters":[],"stepsCount":0,"shouldDisplayMessage":false,"attachmentsCount":0,"hasContent":false,"attachmentStep":false},{"name":"event_loop::2","time":{"start":1734720819529,"stop":1734720819529,"duration":0},"status":"passed","steps":[],"attachments":[],"parameters":[],"stepsCount":0,"shouldDisplayMessage":false,"attachmentsCount":0,"hasContent":false,"attachmentStep":false},{"name":"event_loop::_close_event_loop","time":{"start":1734720819529,"stop":1734720819529,"duration":0},"status":"passed","steps":[],"attachments":[],"parameters":[],"stepsCount":0,"shouldDisplayMessage":false,"attachmentsCount":0,"hasContent":false,"attachmentStep":false},{"name":"event_loop::_provide_clean_event_loop","time":{"start":1734720819529,"stop":1734720819529,"duration":0},"status":"passed","steps":[],"attachments":[],"parameters":[],"stepsCount":0,"shouldDisplayMessage":false,"attachmentsCount":0,"hasContent":false,"attachmentStep":false}],"labels":[{"name":"tag","value":"abort_on_fail"},{"name":"tag","value":"asyncio"},{"name":"tag","value":"openstack"},{"name":"parentSuite","value":"tests.integration"},{"name":"suite","value":"test_runner_manager_openstack"},{"name":"host","value":"github-runner"},{"name":"thread","value":"16710-MainThread"},{"name":"framework","value":"pytest"},{"name":"language","value":"cpython3"},{"name":"package","value":"tests.integration.test_runner_manager_openstack"},{"name":"resultFormat","value":"allure2"}],"parameters":[],"links":[],"hidden":false,"retry":false,"extra":{"severity":"normal","retries":[{"uid":"2d9d162ab82ea9e4","status":"unknown","time":{}}],"categories":[{"name":"Product defects","matchedStatuses":[],"flaky":false}],"history":{"statistic":{"failed":1,"broken":0,"skipped":0,"passed":1,"unknown":0,"total":2},"items":[{"uid":"9838a987cea4f144","reportUrl":"../1667//#testresult/9838a987cea4f144","status":"passed","time":{"start":1734697115842,"stop":1734697230482,"duration":114640}}]},"tags":["asyncio","abort_on_fail","openstack"]},"source":"7ec5d74878720124.json","parameterValues":[]}