06:24:48 WARNING unexpected facade SSHServer received from the controller
06:24:48 INFO Adding model github-pr-9f697-lxd:test-jobmanager-h8kq on cloud localhost
06:24:48 WARNING unexpected facade SSHServer received from the controller
06:24:48 WARNING unexpected facade SSHSession received from the controller
06:24:48 WARNING unexpected facade SSHTunneler received from the controller
06:24:50 INFO Deploying ch:amd64/jammy/github-runner-image-builder-68
06:24:51 INFO Waiting for model:
  github-runner-image-builder-fd6j2vgm/0 [allocating] waiting: waiting for machine
06:25:21 INFO Waiting for model:
  github-runner-image-builder-fd6j2vgm/0 [allocating] waiting: waiting for machine
06:25:51 INFO Waiting for model:
  github-runner-image-builder-fd6j2vgm/0 [allocating] waiting: waiting for machine
06:26:22 INFO Waiting for model:
  github-runner-image-builder-fd6j2vgm/0 [allocating] waiting: waiting for machine
06:26:52 INFO Waiting for model:
  github-runner-image-builder-fd6j2vgm/0 [executing] maintenance: Setting up Builder.
06:27:22 INFO Waiting for model:
  github-runner-image-builder-fd6j2vgm/0 [executing] maintenance: Setting up Builder.
06:27:52 INFO Waiting for model:
  github-runner-image-builder-fd6j2vgm/0 [executing] maintenance: Setting up Builder.
06:28:23 INFO Waiting for model:
  github-runner-image-builder-fd6j2vgm/0 [executing] maintenance: Setting up Builder.
06:28:53 INFO Waiting for model:
  github-runner-image-builder-fd6j2vgm/0 [executing] maintenance: Setting up Builder.
06:29:23 INFO Waiting for model:
  github-runner-image-builder-fd6j2vgm/0 [idle] blocked: image integration required.
06:29:42 INFO Deploying local:jammy/github-runner-0
06:29:42 INFO Waiting for model:
  test-fd6j2vgm/0 [allocating] waiting: waiting for machine
  github-runner-image-builder-fd6j2vgm/0 [idle] blocked: image integration required.
06:30:13 INFO Waiting for model:
  test-fd6j2vgm/0 [allocating] waiting: waiting for machine
  github-runner-image-builder-fd6j2vgm/0 [idle] blocked: image integration required.
06:30:43 INFO Waiting for model:
  test-fd6j2vgm/0 [allocating] waiting: agent initialising
  github-runner-image-builder-fd6j2vgm/0 [idle] blocked: image integration required.
06:31:13 INFO Waiting for model:
  test-fd6j2vgm/0 [idle] waiting: Waiting for image over integration.
  github-runner-image-builder-fd6j2vgm/0 [executing] active: Building image.
06:31:43 INFO Waiting for model:
  test-fd6j2vgm/0 [idle] waiting: Waiting for image over integration.
  github-runner-image-builder-fd6j2vgm/0 [executing] active: Building image.
06:32:13 INFO Waiting for model:
  test-fd6j2vgm/0 [idle] waiting: Waiting for image over integration.
  github-runner-image-builder-fd6j2vgm/0 [executing] active: Building image.
06:32:43 INFO Waiting for model:
  test-fd6j2vgm/0 [idle] waiting: Waiting for image over integration.
  github-runner-image-builder-fd6j2vgm/0 [executing] active: Building image.
06:33:13 INFO Waiting for model:
  test-fd6j2vgm/0 [idle] waiting: Waiting for image over integration.
  github-runner-image-builder-fd6j2vgm/0 [executing] active: Building image.
06:33:44 INFO Waiting for model:
  test-fd6j2vgm/0 [idle] waiting: Waiting for image over integration.
  github-runner-image-builder-fd6j2vgm/0 [executing] active: Building image.
06:34:14 INFO Waiting for model:
  test-fd6j2vgm/0 [idle] waiting: Waiting for image over integration.
  github-runner-image-builder-fd6j2vgm/0 [executing] active: Building image.
06:34:45 INFO Waiting for model:
  test-fd6j2vgm/0 [idle] waiting: Waiting for image over integration.
  github-runner-image-builder-fd6j2vgm/0 [executing] active: Building image.
06:35:15 INFO Waiting for model:
  test-fd6j2vgm/0 [idle] waiting: Waiting for image over integration.
  github-runner-image-builder-fd6j2vgm/0 [executing] active: Building image.
06:35:46 INFO Waiting for model:
  test-fd6j2vgm/0 [idle] waiting: Waiting for image over integration.
  github-runner-image-builder-fd6j2vgm/0 [executing] active: Building image.
06:36:16 INFO Waiting for model:
  test-fd6j2vgm/0 [idle] waiting: Waiting for image over integration.
  github-runner-image-builder-fd6j2vgm/0 [executing] active: Building image.
06:36:46 INFO Waiting for model:
  test-fd6j2vgm/0 [idle] waiting: Waiting for image over integration.
  github-runner-image-builder-fd6j2vgm/0 [executing] active: Building image.
06:37:17 INFO Waiting for model:
  test-fd6j2vgm/0 [idle] waiting: Waiting for image over integration.
  github-runner-image-builder-fd6j2vgm/0 [executing] active: Building image.
06:37:47 INFO Waiting for model:
  test-fd6j2vgm/0 [idle] waiting: Waiting for image over integration.
  github-runner-image-builder-fd6j2vgm/0 [executing] active: Building image.
06:38:18 INFO Waiting for model:
  test-fd6j2vgm/0 [idle] waiting: Waiting for image over integration.
  github-runner-image-builder-fd6j2vgm/0 [executing] active: Building image.
06:38:48 INFO Waiting for model:
  test-fd6j2vgm/0 [idle] waiting: Waiting for image over integration.
  github-runner-image-builder-fd6j2vgm/0 [executing] active: Building image.
06:39:18 INFO Waiting for model:
  test-fd6j2vgm/0 [idle] waiting: Waiting for image over integration.
  github-runner-image-builder-fd6j2vgm/0 [executing] active: Building image.
06:39:49 INFO Waiting for model:
  test-fd6j2vgm/0 [idle] waiting: Waiting for image over integration.
  github-runner-image-builder-fd6j2vgm/0 [executing] active: Building image.
06:40:19 INFO Waiting for model:
  test-fd6j2vgm/0 [idle] waiting: Waiting for image over integration.
  github-runner-image-builder-fd6j2vgm/0 [executing] active: Building image.
06:40:49 INFO Waiting for model:
  test-fd6j2vgm/0 [idle] waiting: Waiting for image over integration.
  github-runner-image-builder-fd6j2vgm/0 [executing] active: Building image.
06:41:20 INFO Waiting for model:
  test-fd6j2vgm/0 [idle] waiting: Waiting for image over integration.
  github-runner-image-builder-fd6j2vgm/0 [executing] active: Building image.
06:41:50 INFO Waiting for model:
  test-fd6j2vgm/0 [idle] waiting: Waiting for image over integration.
  github-runner-image-builder-fd6j2vgm/0 [executing] active: Building image.
06:42:21 INFO Waiting for model:
  test-fd6j2vgm/0 [executing] maintenance: Reconciling runners
06:42:44 INFO Deploying ch:amd64/jammy/mongodb-212
06:42:45 INFO Waiting for model:
  mongodb/0 [allocating] waiting: waiting for machine
06:43:16 INFO Waiting for model:
  mongodb/0 [allocating] waiting: waiting for machine
06:43:46 INFO Waiting for model:
  mongodb/0 [executing] maintenance: installing MongoDB
06:44:16 INFO Waiting for model:
  mongodb/0 [executing] active: 
06:44:46 WARNING relate is deprecated and will be removed. Use integrate instead.
06:44:46 INFO Waiting for model:
  test-fd6j2vgm/0 [idle] active: 
  mongodb/0 [idle] active: 
06:45:17 INFO Waiting for model:
  test-fd6j2vgm/0 [executing] maintenance: Reconciling runners
06:46:07 INFO Waiting for model:
  test-fd6j2vgm/0 [executing] maintenance: Reconciling runners
06:46:37 INFO Waiting for model:
  test-fd6j2vgm/0 [idle] active:
06:46:51 INFO Start of test_jobmanager test
06:46:51 INFO IP Address to use as the fake jobmanager: 10.145.216.59
06:46:52 INFO Waiting for first check job status.
06:46:52 INFO Elapsed time: 0.25412055800006783 sec
06:46:52 INFO 10.231.237.30 - - [17/Apr/2025 06:46:52] "GET /v1/jobs/99 HTTP/1.1" 200 -
06:46:52 INFO server log: [(<Request 'http://10.145.216.59:8000/v1/jobs/99' [GET]>, <Response 45 bytes [200 OK]>)] 
06:46:52 INFO matchers: Ordered matchers:
    none

Oneshot matchers:
    none

Persistent matchers:
    none 
06:46:52 INFO Waiting for get token.
06:46:52 INFO 10.231.237.30 - - [17/Apr/2025 06:46:52] "POST /v1/jobs/99/token HTTP/1.1" 200 -
06:46:52 INFO Elapsed time: 0.003205146998880082 sec
06:46:52 INFO server log: [(<Request 'http://10.145.216.59:8000/v1/jobs/99' [GET]>, <Response 45 bytes [200 OK]>), (<Request 'http://10.145.216.59:8000/v1/jobs/99/token' [POST]>, <Response 24 bytes [200 OK]>)] 
06:46:52 INFO matchers: Ordered matchers:
    none

Oneshot matchers:
    none

Persistent matchers:
    <RequestMatcher uri='/v1/jobs/99' method='__ALL' query_string=None headers={} data=None json=<UNDEFINED>>
06:47:29 INFO Waiting for model:
  test-fd6j2vgm/0 [executing] active: 
06:48:00 INFO Waiting for model:
  test-fd6j2vgm/0 [idle] active: 
06:48:02 INFO Model status:

Model                 Controller           Cloud/Region         Version  SLA          Timestamp
test-jobmanager-h8kq  github-pr-9f697-lxd  localhost/localhost  3.6.5    unsupported  06:48:02Z

App                                   Version  Status  Scale  Charm                        Channel      Rev  Exposed  Message
github-runner-image-builder-fd6j2vgm           active      1  github-runner-image-builder  latest/edge   68  no       
mongodb                               6.0.6    active      1  mongodb                      6/edge       212  no       
test-fd6j2vgm                                  active      1  github-runner                               0  no       

Unit                                     Workload  Agent  Machine  Public address  Ports      Message
github-runner-image-builder-fd6j2vgm/0*  active    idle   0        10.231.237.159             
mongodb/0*                               active    idle   2        10.231.237.48   27017/tcp  
test-fd6j2vgm/0*                         active    idle   1        10.231.237.30              

Machine  State    Address         Inst id        Base          AZ  Message
0        started  10.231.237.159  juju-e268bc-0  ubuntu@22.04      Running
1        started  10.231.237.30   juju-e268bc-1  ubuntu@22.04      Running
2        started  10.231.237.48   juju-e268bc-2  ubuntu@22.04      Running

06:48:03 INFO Juju error logs:

machine-0: 06:26:29 ERROR juju.worker.dependency "kvm-container-provisioner" manifold worker returned unexpected error: container types not yet available
machine-0: 06:26:29 ERROR juju.worker.dependency "lxd-container-provisioner" manifold worker returned unexpected error: container types not yet available
unit-github-runner-image-builder-fd6j2vgm-0: 06:26:29 ERROR juju.worker.meterstatus error running "meter-status-changed": charm missing from disk
unit-github-runner-image-builder-fd6j2vgm-0: 06:27:07 ERROR unit.github-runner-image-builder-fd6j2vgm/0.juju-log Pipx command failed, code: 1, out: None, err: None
machine-1: 06:30:31 ERROR juju.worker.dependency "lxd-container-provisioner" manifold worker returned unexpected error: container types not yet available
machine-1: 06:30:31 ERROR juju.worker.dependency "kvm-container-provisioner" manifold worker returned unexpected error: container types not yet available
unit-test-fd6j2vgm-0: 06:30:31 ERROR juju.worker.meterstatus error running "meter-status-changed": charm missing from disk
machine-2: 06:43:33 ERROR juju.worker.dependency "kvm-container-provisioner" manifold worker returned unexpected error: container types not yet available
machine-2: 06:43:33 ERROR juju.worker.dependency "lxd-container-provisioner" manifold worker returned unexpected error: container types not yet available
unit-mongodb-0: 06:43:33 ERROR juju.worker.meterstatus error running "meter-status-changed": charm missing from disk
unit-mongodb-0: 06:43:56 ERROR unit.mongodb/0.juju-log Unable to set params: ['vm.max_map_count']
unit-mongodb-0: 06:43:56 ERROR unit.mongodb/0.juju-log Error setting values on sysctl: Unable to set params: ['vm.max_map_count']
unit-test-fd6j2vgm-0: 06:47:05 ERROR unit.test-fd6j2vgm/0.juju-log SSH connection failure with test-fd6j2vgm-0-r-62e5d89fd577 during flushing
Traceback (most recent call last):
  File "/var/lib/juju/agents/unit-test-fd6j2vgm-0/charm/venv/github_runner_manager/openstack_cloud/openstack_runner_manager.py", line 466, in _check_state_and_flush
    ssh_conn = self._openstack_cloud.get_ssh_connection(instance)
  File "/var/lib/juju/agents/unit-test-fd6j2vgm-0/charm/venv/github_runner_manager/openstack_cloud/openstack_cloud.py", line 111, in exception_handling_wrapper
    return func(*args, **kwargs)
  File "/var/lib/juju/agents/unit-test-fd6j2vgm-0/charm/venv/github_runner_manager/openstack_cloud/openstack_cloud.py", line 312, in get_ssh_connection
    raise SSHError(f"No addresses found for OpenStack server {instance.instance_id.name}")
github_runner_manager.errors.SSHError: No addresses found for OpenStack server test-fd6j2vgm-0-r-62e5d89fd577
unit-test-fd6j2vgm-0: 06:47:10 ERROR unit.test-fd6j2vgm/0.juju-log SSH connection failure with test-fd6j2vgm-0-r-62e5d89fd577 during flushing
Traceback (most recent call last):
  File "/var/lib/juju/agents/unit-test-fd6j2vgm-0/charm/venv/github_runner_manager/openstack_cloud/openstack_runner_manager.py", line 466, in _check_state_and_flush
    ssh_conn = self._openstack_cloud.get_ssh_connection(instance)
  File "/var/lib/juju/agents/unit-test-fd6j2vgm-0/charm/venv/github_runner_manager/openstack_cloud/openstack_cloud.py", line 111, in exception_handling_wrapper
    return func(*args, **kwargs)
  File "/var/lib/juju/agents/unit-test-fd6j2vgm-0/charm/venv/github_runner_manager/openstack_cloud/openstack_cloud.py", line 312, in get_ssh_connection
    raise SSHError(f"No addresses found for OpenStack server {instance.instance_id.name}")
github_runner_manager.errors.SSHError: No addresses found for OpenStack server test-fd6j2vgm-0-r-62e5d89fd577
unit-test-fd6j2vgm-0: 06:47:20 ERROR unit.test-fd6j2vgm/0.juju-log SSH connection failure with test-fd6j2vgm-0-r-62e5d89fd577 during flushing
Traceback (most recent call last):
  File "/var/lib/juju/agents/unit-test-fd6j2vgm-0/charm/venv/github_runner_manager/openstack_cloud/openstack_runner_manager.py", line 466, in _check_state_and_flush
    ssh_conn = self._openstack_cloud.get_ssh_connection(instance)
  File "/var/lib/juju/agents/unit-test-fd6j2vgm-0/charm/venv/github_runner_manager/openstack_cloud/openstack_cloud.py", line 111, in exception_handling_wrapper
    return func(*args, **kwargs)
  File "/var/lib/juju/agents/unit-test-fd6j2vgm-0/charm/venv/github_runner_manager/openstack_cloud/openstack_cloud.py", line 312, in get_ssh_connection
    raise SSHError(f"No addresses found for OpenStack server {instance.instance_id.name}")
github_runner_manager.errors.SSHError: No addresses found for OpenStack server test-fd6j2vgm-0-r-62e5d89fd577
unit-test-fd6j2vgm-0: 06:47:20 ERROR unit.test-fd6j2vgm/0.juju-log Retry limit of 3 exceed: No addresses found for OpenStack server test-fd6j2vgm-0-r-62e5d89fd577
Traceback (most recent call last):
  File "/var/lib/juju/agents/unit-test-fd6j2vgm-0/charm/venv/github_runner_manager/utilities.py", line 77, in fn_with_retry
    return func(*args, **kwargs)
  File "/var/lib/juju/agents/unit-test-fd6j2vgm-0/charm/venv/github_runner_manager/openstack_cloud/openstack_runner_manager.py", line 466, in _check_state_and_flush
    ssh_conn = self._openstack_cloud.get_ssh_connection(instance)
  File "/var/lib/juju/agents/unit-test-fd6j2vgm-0/charm/venv/github_runner_manager/openstack_cloud/openstack_cloud.py", line 111, in exception_handling_wrapper
    return func(*args, **kwargs)
  File "/var/lib/juju/agents/unit-test-fd6j2vgm-0/charm/venv/github_runner_manager/openstack_cloud/openstack_cloud.py", line 312, in get_ssh_connection
    raise SSHError(f"No addresses found for OpenStack server {instance.instance_id.name}")
github_runner_manager.errors.SSHError: No addresses found for OpenStack server test-fd6j2vgm-0-r-62e5d89fd577

06:48:03 INFO Forgetting model main...