07:22:02 WARNING unexpected facade SSHServer received from the controller
07:22:02 INFO Adding model github-pr-420bb-lxd:test-charm-fork-path-change-i75e on cloud localhost
07:22:02 WARNING unexpected facade SSHServer received from the controller
07:22:02 WARNING unexpected facade SSHSession received from the controller
07:22:02 WARNING unexpected facade SSHTunneler received from the controller
07:22:04 INFO Deploying ch:amd64/jammy/github-runner-image-builder-110
07:22:25 INFO Deploying local:jammy/github-runner-0
07:22:25 INFO Waiting for model:
  test-gki1d2d6/0 [allocating] waiting: waiting for machine
  github-runner-image-builder-gki1d2d6/0 [allocating] waiting: waiting for machine
07:22:55 INFO Waiting for model:
  test-gki1d2d6/0 [allocating] waiting: waiting for machine
  github-runner-image-builder-gki1d2d6/0 [allocating] waiting: waiting for machine
07:23:26 INFO Waiting for model:
  test-gki1d2d6/0 [allocating] waiting: waiting for machine
  github-runner-image-builder-gki1d2d6/0 [allocating] waiting: waiting for machine
07:23:56 INFO Waiting for model:
  test-gki1d2d6/0 [executing] maintenance: installing charm software
  github-runner-image-builder-gki1d2d6/0 [executing] maintenance: Setting up Builder.
07:24:26 INFO Waiting for model:
  test-gki1d2d6/0 [executing] maintenance: installing charm software
  github-runner-image-builder-gki1d2d6/0 [executing] maintenance: Setting up Builder.
07:24:57 INFO Waiting for model:
  test-gki1d2d6/0 [idle] blocked: Please provide image integration.
  github-runner-image-builder-gki1d2d6/0 [executing] maintenance: Setting up Builder.
07:25:27 INFO Waiting for model:
  test-gki1d2d6/0 [idle] blocked: Please provide image integration.
  github-runner-image-builder-gki1d2d6/0 [executing] maintenance: Setting up Builder.
07:25:57 INFO Waiting for model:
  test-gki1d2d6/0 [idle] blocked: Please provide image integration.
  github-runner-image-builder-gki1d2d6/0 [executing] maintenance: Setting up Builder.
07:26:27 INFO Waiting for model:
  test-gki1d2d6/0 [idle] waiting: Waiting for image over integration.
  github-runner-image-builder-gki1d2d6/0 [executing] active: Building image.
07:26:57 INFO Waiting for model:
  test-gki1d2d6/0 [idle] waiting: Waiting for image over integration.
  github-runner-image-builder-gki1d2d6/0 [executing] active: Building image.
07:27:28 INFO Waiting for model:
  test-gki1d2d6/0 [idle] waiting: Waiting for image over integration.
  github-runner-image-builder-gki1d2d6/0 [executing] active: Building image.
07:27:58 INFO Waiting for model:
  test-gki1d2d6/0 [idle] waiting: Waiting for image over integration.
  github-runner-image-builder-gki1d2d6/0 [executing] active: Building image.
07:28:28 INFO Waiting for model:
  test-gki1d2d6/0 [idle] waiting: Waiting for image over integration.
  github-runner-image-builder-gki1d2d6/0 [executing] active: Building image.
07:28:58 INFO Waiting for model:
  test-gki1d2d6/0 [idle] waiting: Waiting for image over integration.
  github-runner-image-builder-gki1d2d6/0 [executing] active: Building image.
07:29:29 INFO Waiting for model:
  test-gki1d2d6/0 [idle] waiting: Waiting for image over integration.
  github-runner-image-builder-gki1d2d6/0 [executing] active: Building image.
07:29:59 INFO Waiting for model:
  test-gki1d2d6/0 [idle] waiting: Waiting for image over integration.
  github-runner-image-builder-gki1d2d6/0 [executing] active: Building image.
07:30:29 INFO Waiting for model:
  test-gki1d2d6/0 [idle] waiting: Waiting for image over integration.
  github-runner-image-builder-gki1d2d6/0 [executing] active: Building image.
07:30:59 INFO Waiting for model:
  test-gki1d2d6/0 [idle] waiting: Waiting for image over integration.
  github-runner-image-builder-gki1d2d6/0 [executing] active: Building image.
07:31:29 INFO Waiting for model:
  test-gki1d2d6/0 [idle] waiting: Waiting for image over integration.
  github-runner-image-builder-gki1d2d6/0 [executing] active: Building image.
07:31:59 INFO Waiting for model:
  test-gki1d2d6/0 [idle] waiting: Waiting for image over integration.
  github-runner-image-builder-gki1d2d6/0 [executing] active: Building image.
07:32:29 INFO Waiting for model:
  test-gki1d2d6/0 [idle] waiting: Waiting for image over integration.
  github-runner-image-builder-gki1d2d6/0 [executing] active: Building image.
07:32:59 INFO Waiting for model:
  test-gki1d2d6/0 [idle] waiting: Waiting for image over integration.
  github-runner-image-builder-gki1d2d6/0 [executing] active: Building image.
07:33:30 INFO Waiting for model:
  test-gki1d2d6/0 [idle] waiting: Waiting for image over integration.
  github-runner-image-builder-gki1d2d6/0 [executing] active: Building image.
07:34:00 INFO Waiting for model:
  test-gki1d2d6/0 [idle] waiting: Waiting for image over integration.
  github-runner-image-builder-gki1d2d6/0 [executing] active: Building image.
07:34:31 INFO Waiting for model:
  test-gki1d2d6/0 [idle] waiting: Waiting for image over integration.
  github-runner-image-builder-gki1d2d6/0 [executing] active: Building image.
07:35:01 INFO Waiting for model:
  test-gki1d2d6/0 [idle] waiting: Waiting for image over integration.
  github-runner-image-builder-gki1d2d6/0 [executing] active: Building image.
07:35:31 INFO Waiting for model:
  test-gki1d2d6/0 [idle] waiting: Waiting for image over integration.
  github-runner-image-builder-gki1d2d6/0 [executing] active: Building image.
07:36:01 INFO Waiting for model:
  test-gki1d2d6/0 [idle] waiting: Waiting for image over integration.
  github-runner-image-builder-gki1d2d6/0 [executing] active: Building image.
07:36:32 INFO Waiting for model:
  test-gki1d2d6/0 [idle] waiting: Waiting for image over integration.
  github-runner-image-builder-gki1d2d6/0 [executing] active: Building image.
07:37:02 INFO Waiting for model:
  test-gki1d2d6/0 [idle] waiting: Waiting for image over integration.
  github-runner-image-builder-gki1d2d6/0 [executing] active: Building image.
07:37:32 INFO Waiting for model:
  test-gki1d2d6/0 [executing] maintenance: Update image for runners
  github-runner-image-builder-gki1d2d6/0 [idle] active: 
07:37:58 INFO GitHub token rate limit: Rate(reset=2025-09-01 08:35:43+00:00, remaining=4945, limit=5000)
07:38:10 INFO test_path_config_change
07:38:10 INFO Waiting for model:
  test-gki1d2d6/0 [idle] active: 
07:38:40 INFO Waiting for model:
  test-gki1d2d6/0 [idle] active: 
07:39:03 INFO Ensure there is a runner (this calls reconcile)
07:39:04 INFO Waiting for model:
  test-gki1d2d6/0 [idle] active: 
07:39:34 INFO Waiting for model:
  test-gki1d2d6/0 [idle] active: 
07:39:37 INFO Current reconcile ID: c800fb03-69de-43c5-b3e6-ea5ebc6de3a7
07:39:37 INFO Waiting for reconcile ID: c800fb03-69de-43c5-b3e6-ea5ebc6de3a7
07:40:38 INFO Current reconcile ID: c800fb03-69de-43c5-b3e6-ea5ebc6de3a7
07:40:38 INFO Current reconcile ID: c800fb03-69de-43c5-b3e6-ea5ebc6de3a7, expected reconcile ID: c800fb03-69de-43c5-b3e6-ea5ebc6de3a7
07:40:38 INFO Waiting for reconcile ID: c800fb03-69de-43c5-b3e6-ea5ebc6de3a7
07:41:39 INFO Current reconcile ID: 80dccfa9-8d48-45b8-8a4a-0c0db31479b0
07:41:39 INFO Current reconcile ID: 80dccfa9-8d48-45b8-8a4a-0c0db31479b0, expected reconcile ID: c800fb03-69de-43c5-b3e6-ea5ebc6de3a7
07:41:44 INFO Reconciling (again)
07:41:44 INFO Waiting for model:
  test-gki1d2d6/0 [idle] active: 
07:42:14 INFO Waiting for model:
  test-gki1d2d6/0 [idle] active: 
07:42:24 INFO Current reconcile ID: bfe2a030-de66-43a7-bafd-0f088eb8ba55
07:42:24 INFO Waiting for reconcile ID: bfe2a030-de66-43a7-bafd-0f088eb8ba55
07:43:25 INFO Current reconcile ID: bfe2a030-de66-43a7-bafd-0f088eb8ba55
07:43:25 INFO Current reconcile ID: bfe2a030-de66-43a7-bafd-0f088eb8ba55, expected reconcile ID: bfe2a030-de66-43a7-bafd-0f088eb8ba55
07:43:25 INFO Waiting for reconcile ID: bfe2a030-de66-43a7-bafd-0f088eb8ba55
07:44:26 INFO Current reconcile ID: 4096a660-7a9a-41bc-b212-59d1f6001df1
07:44:26 INFO Current reconcile ID: 4096a660-7a9a-41bc-b212-59d1f6001df1, expected reconcile ID: bfe2a030-de66-43a7-bafd-0f088eb8ba55
07:45:09 INFO runners: ['test-gki1d2d6-0-n-b33932dee1af']
07:45:10 INFO runners in github repo: [SelfHostedActionsRunner(name="amd-jammy-stg-private-endpoint-ps7-0-n-dbd1096d3015"), SelfHostedActionsRunner(name="os-amd-jammy-staging-ps6-4-n-08e80a5ed80a"), SelfHostedActionsRunner(name="os-amd-jammy-staging-ps6-4-n-1e906461fb83"), SelfHostedActionsRunner(name="os-amd-jammy-staging-ps6-4-n-2829cb21936b"), SelfHostedActionsRunner(name="os-amd-jammy-staging-ps6-4-n-2d96a492a22e"), SelfHostedActionsRunner(name="os-amd-jammy-staging-ps6-4-n-3c855f86df52"), SelfHostedActionsRunner(name="os-amd-jammy-staging-ps6-4-n-613dd026ca1d"), SelfHostedActionsRunner(name="os-amd-jammy-staging-ps6-4-n-82fedba1920e"), SelfHostedActionsRunner(name="os-amd-jammy-staging-ps6-4-n-91c65a78dbf8"), SelfHostedActionsRunner(name="os-amd-jammy-staging-ps6-4-n-b303a32283d1"), SelfHostedActionsRunner(name="os-amd-jammy-staging-ps6-4-n-e2f4cea7efeb"), SelfHostedActionsRunner(name="os-amd-jammy-staging-ps6-4-n-f55d8d9d03ae"), SelfHostedActionsRunner(name="os-amd-jammy-staging-ps7-0-n-d95430098cfd"), SelfHostedActionsRunner(name="reactive-amd64-pfe-ci-ps7-3-n-9bd1d6539753"), SelfHostedActionsRunner(name="test-befzqh3p-0-n-9ae8111cfe32"), SelfHostedActionsRunner(name="test-dc3pezep-0-n-c149170639b1"), SelfHostedActionsRunner(name="test-e8m6toxu-0-n-fe29b7d92472"), SelfHostedActionsRunner(name="test-f8qb570u-0-n-aee265990616"), SelfHostedActionsRunner(name="test-fc2soymq-0-n-5e302ebd2929"), SelfHostedActionsRunner(name="test-fw1o5prz-0-n-eb1cb89d2c86"), SelfHostedActionsRunner(name="test-gki1d2d6-0-n-b33932dee1af"), SelfHostedActionsRunner(name="test-l9w8r43c-0-n-bfe413e74e21"), SelfHostedActionsRunner(name="test-lmck436x-0-n-7e229dbcbb14"), SelfHostedActionsRunner(name="test-m8obdvmw-0-r-79388a17dfdd"), SelfHostedActionsRunner(name="test-mf3es6mv-0-n-8dbf405e353a"), SelfHostedActionsRunner(name="test-nv9p77or-0-n-8558684b0c3b"), SelfHostedActionsRunner(name="test-s4ipv1k6-0-n-000e24c67773"), SelfHostedActionsRunner(name="test-tas3fsnt-0-n-faf180ae49df"), SelfHostedActionsRunner(name="test-txw3ng9l-0-n-22cac2cf9820"), SelfHostedActionsRunner(name="test-useems0h-0-n-4707f84d2165"), SelfHostedActionsRunner(name="test-w1rbuljh-0-n-2fa641a0a963"), SelfHostedActionsRunner(name="test-w5m37jo3-0-n-7f0fb66ab968"), SelfHostedActionsRunner(name="test-yulleo07-0-n-022b27ab5bf9")]
07:45:13 INFO Model status:

Model                             Controller           Cloud/Region         Version  SLA          Timestamp
test-charm-fork-path-change-i75e  github-pr-420bb-lxd  localhost/localhost  3.6.9    unsupported  07:45:13Z

App                                   Version  Status  Scale  Charm                        Channel      Rev  Exposed  Message
github-runner-image-builder-gki1d2d6           active      1  github-runner-image-builder  latest/edge  110  no       
test-gki1d2d6                                  active      1  github-runner                               0  no       

Unit                                     Workload  Agent  Machine  Public address  Ports  Message
github-runner-image-builder-gki1d2d6/0*  active    idle   0        10.141.134.167         
test-gki1d2d6/0*                         active    idle   1        10.141.134.143         

Machine  State    Address         Inst id        Base          AZ             Message
0        started  10.141.134.167  juju-9782c5-0  ubuntu@22.04  github-runner  Running
1        started  10.141.134.143  juju-9782c5-1  ubuntu@22.04  github-runner  Running

07:45:13 INFO Juju error logs:

machine-0: 07:23:31 ERROR juju.worker.dependency "lxd-container-provisioner" manifold worker returned unexpected error: container types not yet available
machine-0: 07:23:31 ERROR juju.worker.dependency "kvm-container-provisioner" manifold worker returned unexpected error: container types not yet available
unit-github-runner-image-builder-gki1d2d6-0: 07:23:31 ERROR juju.worker.meterstatus error running "meter-status-changed": charm missing from disk
machine-1: 07:23:37 ERROR juju.worker.dependency "lxd-container-provisioner" manifold worker returned unexpected error: container types not yet available
machine-1: 07:23:37 ERROR juju.worker.dependency "kvm-container-provisioner" manifold worker returned unexpected error: container types not yet available
unit-test-gki1d2d6-0: 07:23:37 ERROR juju.worker.meterstatus error running "meter-status-changed": charm missing from disk
unit-github-runner-image-builder-gki1d2d6-0: 07:24:15 ERROR unit.github-runner-image-builder-gki1d2d6/0.juju-log Pipx command failed, code: 1, out: None, err: None
unit-test-gki1d2d6-0: 07:24:48 ERROR unit.test-gki1d2d6/0.juju-log Missing image integration.
Traceback (most recent call last):
  File "/var/lib/juju/agents/unit-test-gki1d2d6-0/charm/./src/charm.py", line 118, in func_with_catch_errors
    func(self, event)
  File "/var/lib/juju/agents/unit-test-gki1d2d6-0/charm/./src/charm.py", line 342, in _on_config_changed
    self._check_image_ready()
  File "/var/lib/juju/agents/unit-test-gki1d2d6-0/charm/./src/charm.py", line 512, in _check_image_ready
    raise ImageIntegrationMissingError("No image integration found")
errors.ImageIntegrationMissingError: No image integration found
unit-test-gki1d2d6-0: 07:24:51 ERROR unit.test-gki1d2d6/0.juju-log Missing image integration.
Traceback (most recent call last):
  File "/var/lib/juju/agents/unit-test-gki1d2d6-0/charm/./src/charm.py", line 118, in func_with_catch_errors
    func(self, event)
  File "/var/lib/juju/agents/unit-test-gki1d2d6-0/charm/./src/charm.py", line 313, in _on_start
    self._check_image_ready()
  File "/var/lib/juju/agents/unit-test-gki1d2d6-0/charm/./src/charm.py", line 512, in _check_image_ready
    raise ImageIntegrationMissingError("No image integration found")
errors.ImageIntegrationMissingError: No image integration found
unit-test-gki1d2d6-0: 07:26:10 ERROR unit.test-gki1d2d6/0.juju-log image:0: Missing image in image integration.
Traceback (most recent call last):
  File "/var/lib/juju/agents/unit-test-gki1d2d6-0/charm/./src/charm.py", line 118, in func_with_catch_errors
    func(self, event)
  File "/var/lib/juju/agents/unit-test-gki1d2d6-0/charm/./src/charm.py", line 477, in _on_image_relation_changed
    self._check_image_ready()
  File "/var/lib/juju/agents/unit-test-gki1d2d6-0/charm/./src/charm.py", line 514, in _check_image_ready
    raise ImageNotFoundError("No image found in the image integration")
errors.ImageNotFoundError: No image found in the image integration

07:45:13 INFO Forgetting model main...