06:24:09 WARNING unexpected facade SSHServer received from the controller
06:24:09 INFO Adding model github-pr-43d35-lxd:test-charm-fork-path-change-wgrk on cloud localhost
06:24:09 WARNING unexpected facade SSHServer received from the controller
06:24:09 WARNING unexpected facade SSHSession received from the controller
06:24:09 WARNING unexpected facade SSHTunneler received from the controller
06:24:11 INFO Deploying ch:amd64/jammy/github-runner-image-builder-82
06:24:30 INFO Deploying local:jammy/github-runner-0
06:24:30 INFO Waiting for model:
  test-b42yyoj8/0 [allocating] waiting: waiting for machine
  github-runner-image-builder-b42yyoj8/0 [allocating] waiting: waiting for machine
06:25:01 INFO Waiting for model:
  test-b42yyoj8/0 [allocating] waiting: waiting for machine
  github-runner-image-builder-b42yyoj8/0 [allocating] waiting: waiting for machine
06:25:31 INFO Waiting for model:
  test-b42yyoj8/0 [allocating] waiting: agent initialising
  github-runner-image-builder-b42yyoj8/0 [allocating] waiting: agent initialising
06:26:01 INFO Waiting for model:
  test-b42yyoj8/0 [executing] maintenance: installing charm software
  github-runner-image-builder-b42yyoj8/0 [executing] maintenance: Setting up Builder.
06:26:31 INFO Waiting for model:
  test-b42yyoj8/0 [executing] maintenance: installing charm software
  github-runner-image-builder-b42yyoj8/0 [executing] maintenance: Setting up Builder.
06:27:01 INFO Waiting for model:
  test-b42yyoj8/0 [idle] blocked: Please provide image integration.
  github-runner-image-builder-b42yyoj8/0 [executing] maintenance: Setting up Builder.
06:27:32 INFO Waiting for model:
  test-b42yyoj8/0 [idle] blocked: Please provide image integration.
  github-runner-image-builder-b42yyoj8/0 [executing] maintenance: Setting up Builder.
06:28:02 INFO Waiting for model:
  test-b42yyoj8/0 [idle] waiting: Waiting for image over integration.
  github-runner-image-builder-b42yyoj8/0 [executing] active: Building image.
06:28:32 INFO Waiting for model:
  test-b42yyoj8/0 [idle] waiting: Waiting for image over integration.
  github-runner-image-builder-b42yyoj8/0 [executing] active: Building image.
06:29:03 INFO Waiting for model:
  test-b42yyoj8/0 [idle] waiting: Waiting for image over integration.
  github-runner-image-builder-b42yyoj8/0 [executing] active: Building image.
06:29:33 INFO Waiting for model:
  test-b42yyoj8/0 [idle] waiting: Waiting for image over integration.
  github-runner-image-builder-b42yyoj8/0 [executing] active: Building image.
06:30:03 INFO Waiting for model:
  test-b42yyoj8/0 [idle] waiting: Waiting for image over integration.
  github-runner-image-builder-b42yyoj8/0 [executing] active: Building image.
06:30:34 INFO Waiting for model:
  test-b42yyoj8/0 [idle] waiting: Waiting for image over integration.
  github-runner-image-builder-b42yyoj8/0 [executing] active: Building image.
06:31:04 INFO Waiting for model:
  test-b42yyoj8/0 [idle] waiting: Waiting for image over integration.
  github-runner-image-builder-b42yyoj8/0 [executing] active: Building image.
06:31:34 INFO Waiting for model:
  test-b42yyoj8/0 [idle] waiting: Waiting for image over integration.
  github-runner-image-builder-b42yyoj8/0 [executing] active: Building image.
06:32:05 INFO Waiting for model:
  test-b42yyoj8/0 [idle] waiting: Waiting for image over integration.
  github-runner-image-builder-b42yyoj8/0 [executing] active: Building image.
06:32:35 INFO Waiting for model:
  test-b42yyoj8/0 [idle] waiting: Waiting for image over integration.
  github-runner-image-builder-b42yyoj8/0 [executing] active: Building image.
06:33:05 INFO Waiting for model:
  test-b42yyoj8/0 [idle] waiting: Waiting for image over integration.
  github-runner-image-builder-b42yyoj8/0 [executing] active: Building image.
06:33:36 INFO Waiting for model:
  test-b42yyoj8/0 [idle] waiting: Waiting for image over integration.
  github-runner-image-builder-b42yyoj8/0 [executing] active: Building image.
06:34:06 INFO Waiting for model:
  test-b42yyoj8/0 [idle] waiting: Waiting for image over integration.
  github-runner-image-builder-b42yyoj8/0 [executing] active: Building image.
06:34:36 INFO Waiting for model:
  test-b42yyoj8/0 [idle] waiting: Waiting for image over integration.
  github-runner-image-builder-b42yyoj8/0 [executing] active: Building image.
06:35:07 INFO Waiting for model:
  test-b42yyoj8/0 [idle] waiting: Waiting for image over integration.
  github-runner-image-builder-b42yyoj8/0 [executing] active: Building image.
06:35:37 INFO Waiting for model:
  test-b42yyoj8/0 [idle] waiting: Waiting for image over integration.
  github-runner-image-builder-b42yyoj8/0 [executing] active: Building image.
06:36:07 INFO Waiting for model:
  test-b42yyoj8/0 [idle] waiting: Waiting for image over integration.
  github-runner-image-builder-b42yyoj8/0 [executing] active: Building image.
06:36:37 INFO Waiting for model:
  test-b42yyoj8/0 [idle] waiting: Waiting for image over integration.
  github-runner-image-builder-b42yyoj8/0 [executing] active: Building image.
06:37:07 INFO Waiting for model:
  test-b42yyoj8/0 [idle] waiting: Waiting for image over integration.
  github-runner-image-builder-b42yyoj8/0 [executing] active: Building image.
06:37:37 INFO Waiting for model:
  test-b42yyoj8/0 [idle] waiting: Waiting for image over integration.
  github-runner-image-builder-b42yyoj8/0 [executing] active: Building image.
06:38:08 INFO Waiting for model:
  test-b42yyoj8/0 [idle] blocked: Invalid token.
06:38:38 INFO Waiting for model:
  test-b42yyoj8/0 [idle] blocked: Invalid token.
06:39:08 INFO Waiting for model:
  test-b42yyoj8/0 [idle] blocked: Invalid token.
06:39:39 INFO Waiting for model:
  test-b42yyoj8/0 [idle] blocked: Invalid token.
06:40:09 INFO Waiting for model:
  test-b42yyoj8/0 [idle] blocked: Invalid token.
06:40:39 INFO Waiting for model:
  test-b42yyoj8/0 [idle] blocked: Invalid token.
06:41:09 INFO Waiting for model:
  test-b42yyoj8/0 [idle] blocked: Invalid token.
06:41:40 INFO Waiting for model:
  test-b42yyoj8/0 [idle] blocked: Invalid token.
06:42:10 INFO Waiting for model:
  test-b42yyoj8/0 [idle] blocked: Invalid token.
06:42:40 INFO Waiting for model:
  test-b42yyoj8/0 [idle] blocked: Invalid token.
06:43:10 INFO Waiting for model:
  test-b42yyoj8/0 [idle] blocked: Invalid token.
06:43:41 INFO Waiting for model:
  test-b42yyoj8/0 [idle] blocked: Invalid token.
06:44:11 INFO Waiting for model:
  test-b42yyoj8/0 [idle] blocked: Invalid token.
06:44:41 INFO Waiting for model:
  test-b42yyoj8/0 [idle] blocked: Invalid token.
06:45:12 INFO Waiting for model:
  test-b42yyoj8/0 [idle] blocked: Invalid token.
06:45:42 INFO Waiting for model:
  test-b42yyoj8/0 [idle] blocked: Invalid token.
06:46:12 INFO Waiting for model:
  test-b42yyoj8/0 [idle] blocked: Invalid token.
06:46:42 INFO Waiting for model:
  test-b42yyoj8/0 [idle] blocked: Invalid token.
06:47:13 INFO Waiting for model:
  test-b42yyoj8/0 [idle] blocked: Invalid token.
06:47:43 INFO Waiting for model:
  test-b42yyoj8/0 [idle] blocked: Invalid token.
06:48:13 INFO Waiting for model:
  test-b42yyoj8/0 [idle] blocked: Invalid token.
06:48:44 INFO Waiting for model:
  test-b42yyoj8/0 [idle] blocked: Invalid token.
06:49:14 INFO Waiting for model:
  test-b42yyoj8/0 [idle] blocked: Invalid token.
06:49:44 INFO Waiting for model:
  test-b42yyoj8/0 [idle] blocked: Invalid token.
06:50:15 INFO Waiting for model:
  test-b42yyoj8/0 [idle] blocked: Invalid token.
06:50:45 INFO Waiting for model:
  test-b42yyoj8/0 [idle] blocked: Invalid token.
06:51:15 INFO Waiting for model:
  test-b42yyoj8/0 [idle] blocked: Invalid token.
06:51:46 INFO Waiting for model:
  test-b42yyoj8/0 [idle] blocked: Invalid token.
06:52:16 INFO Waiting for model:
  test-b42yyoj8/0 [idle] blocked: Invalid token.
06:52:46 INFO Waiting for model:
  test-b42yyoj8/0 [idle] blocked: Invalid token.
06:53:17 INFO Waiting for model:
  test-b42yyoj8/0 [idle] blocked: Invalid token.
06:53:47 INFO Waiting for model:
  test-b42yyoj8/0 [idle] blocked: Invalid token.
06:54:17 INFO Waiting for model:
  test-b42yyoj8/0 [idle] blocked: Invalid token.
06:54:32 INFO Model status:

Model                             Controller           Cloud/Region         Version  SLA          Timestamp
test-charm-fork-path-change-wgrk  github-pr-43d35-lxd  localhost/localhost  3.6.6    unsupported  06:54:32Z

App                                   Version  Status   Scale  Charm                        Channel      Rev  Exposed  Message
github-runner-image-builder-b42yyoj8           active       1  github-runner-image-builder  latest/edge   82  no       
test-b42yyoj8                                  blocked      1  github-runner                               0  no       Invalid token.

Unit                                     Workload  Agent  Machine  Public address  Ports  Message
github-runner-image-builder-b42yyoj8/0*  active    idle   0        10.155.79.185          
test-b42yyoj8/0*                         blocked   idle   1        10.155.79.252          Invalid token.

Machine  State    Address        Inst id        Base          AZ  Message
0        started  10.155.79.185  juju-21b77f-0  ubuntu@22.04      Running
1        started  10.155.79.252  juju-21b77f-1  ubuntu@22.04      Running

06:54:32 INFO Juju error logs:

machine-0: 06:25:22 ERROR juju.worker.dependency "lxd-container-provisioner" manifold worker returned unexpected error: container types not yet available
machine-0: 06:25:22 ERROR juju.worker.dependency "kvm-container-provisioner" manifold worker returned unexpected error: container types not yet available
unit-github-runner-image-builder-b42yyoj8-0: 06:25:22 ERROR juju.worker.meterstatus error running "meter-status-changed": charm missing from disk
machine-1: 06:25:29 ERROR juju.worker.dependency "lxd-container-provisioner" manifold worker returned unexpected error: container types not yet available
machine-1: 06:25:29 ERROR juju.worker.dependency "kvm-container-provisioner" manifold worker returned unexpected error: container types not yet available
unit-test-b42yyoj8-0: 06:25:29 ERROR juju.worker.meterstatus error running "meter-status-changed": charm missing from disk
unit-github-runner-image-builder-b42yyoj8-0: 06:25:57 ERROR unit.github-runner-image-builder-b42yyoj8/0.juju-log Pipx command failed, code: 1, out: None, err: None
unit-test-b42yyoj8-0: 06:37:53 ERROR unit.test-b42yyoj8/0.juju-log image:0: Issue with GitHub token
Traceback (most recent call last):
  File "/var/lib/juju/agents/unit-test-b42yyoj8-0/charm/venv/github_runner_manager/github_client.py", line 79, in wrapper
    return func(*args, **kwargs)
  File "/var/lib/juju/agents/unit-test-b42yyoj8-0/charm/venv/github_runner_manager/github_client.py", line 155, in list_runners
    self._client.actions.list_self_hosted_runners_for_repo(
  File "/var/lib/juju/agents/unit-test-b42yyoj8-0/charm/venv/ghapi/core.py", line 74, in __call__
    return self.client(self.path, self.verb, headers=headers, decode=self.decode, route=route_p, query=query_p, data=data_p)
  File "/var/lib/juju/agents/unit-test-b42yyoj8-0/charm/venv/ghapi/core.py", line 133, in __call__
    res,self.recv_hdrs = urlsend(path, verb, headers=headers or None, decode=decode, debug=debug, return_headers=True,
  File "/var/lib/juju/agents/unit-test-b42yyoj8-0/charm/venv/fastcore/net.py", line 221, in urlsend
    return urlread(req, decode=decode, return_json=return_json, return_headers=return_headers, timeout=timeout)
  File "/var/lib/juju/agents/unit-test-b42yyoj8-0/charm/venv/fastcore/net.py", line 122, in urlread
    if 400 <= e.code < 500: raise ExceptionsHTTP[e.code](e.url, e.hdrs, e.fp, msg=e.msg) from None
fastcore.net.HTTP401UnauthorizedError: HTTP Error 401: Unauthorized
====Error Body====
{
  "message": "Bad credentials",
  "documentation_url": "https://docs.github.com/rest",
  "status": "401"
}


The above exception was the direct cause of the following exception:

Traceback (most recent call last):
  File "/var/lib/juju/agents/unit-test-b42yyoj8-0/charm/./src/charm.py", line 121, in func_with_catch_errors
    func(self, event)
  File "/var/lib/juju/agents/unit-test-b42yyoj8-0/charm/./src/charm.py", line 592, in _on_image_relation_changed
    runner_scaler.flush(flush_mode=FlushMode.FLUSH_IDLE)
  File "/var/lib/juju/agents/unit-test-b42yyoj8-0/charm/venv/github_runner_manager/manager/runner_scaler.py", line 249, in flush
    metric_stats = self._manager.cleanup()
  File "/var/lib/juju/agents/unit-test-b42yyoj8-0/charm/venv/github_runner_manager/manager/runner_manager.py", line 254, in cleanup
    deleted_runner_metrics = self._cleanup_resources()
  File "/var/lib/juju/agents/unit-test-b42yyoj8-0/charm/venv/github_runner_manager/manager/runner_manager.py", line 271, in _cleanup_resources
    runners_health_response = self._platform.get_runners_health(cloud_runners)
  File "/var/lib/juju/agents/unit-test-b42yyoj8-0/charm/venv/github_runner_manager/platform/multiplexer_provider.py", line 104, in get_runners_health
    provider_health_response = self._providers[platform_name].get_runners_health(
  File "/var/lib/juju/agents/unit-test-b42yyoj8-0/charm/venv/github_runner_manager/platform/github_provider.py", line 108, in get_runners_health
    github_runners = self._client.list_runners(self._path, self._prefix)
  File "/var/lib/juju/agents/unit-test-b42yyoj8-0/charm/venv/github_runner_manager/github_client.py", line 86, in wrapper
    raise TokenError(msg) from exc
github_runner_manager.platform.platform_provider.TokenError: Invalid token.

06:54:32 INFO Forgetting model main...