18:45:38 INFO Waiting for model:
  test-hudbjbz0/0 [idle] active: 
18:45:54 INFO Current reconcile ID: bf358631-d6af-4ce0-9faf-587afa9160c4
18:45:54 INFO Waiting for reconcile ID: bf358631-d6af-4ce0-9faf-587afa9160c4
18:46:55 INFO Current reconcile ID: bf358631-d6af-4ce0-9faf-587afa9160c4
18:46:55 INFO Current reconcile ID: bf358631-d6af-4ce0-9faf-587afa9160c4, expected reconcile ID: bf358631-d6af-4ce0-9faf-587afa9160c4
18:46:55 INFO Waiting for reconcile ID: bf358631-d6af-4ce0-9faf-587afa9160c4
18:47:56 INFO Current reconcile ID: 47990646-960c-4561-8843-c87c4c9ad9d2
18:47:56 INFO Current reconcile ID: 47990646-960c-4561-8843-c87c4c9ad9d2, expected reconcile ID: bf358631-d6af-4ce0-9faf-587afa9160c4
18:48:00 INFO Model status:

Model                      Controller           Cloud/Region         Version  SLA          Timestamp
test-charm-no-runner-2c8m  github-pr-a5bdc-lxd  localhost/localhost  3.6.11   unsupported  18:48:00Z

App                                   Version  Status  Scale  Charm                        Channel      Rev  Exposed  Message
github-runner-image-builder-hudbjbz0           active      1  github-runner-image-builder  latest/edge  130  no       
test-hudbjbz0                                  active      1  github-runner                               0  no       

Unit                                     Workload  Agent  Machine  Public address  Ports  Message
github-runner-image-builder-hudbjbz0/0*  active    idle   0        10.152.219.197         
test-hudbjbz0/0*                         active    idle   1        10.152.219.106         

Machine  State    Address         Inst id        Base          AZ             Message
0        started  10.152.219.197  juju-340576-0  ubuntu@22.04  github-runner  Running
1        started  10.152.219.106  juju-340576-1  ubuntu@22.04  github-runner  Running

18:48:00 INFO Juju error logs:

machine-0: 18:26:27 ERROR juju.worker.dependency "kvm-container-provisioner" manifold worker returned unexpected error: container types not yet available
machine-0: 18:26:27 ERROR juju.worker.dependency "lxd-container-provisioner" manifold worker returned unexpected error: container types not yet available
machine-1: 18:26:29 ERROR juju.worker.dependency "kvm-container-provisioner" manifold worker returned unexpected error: container types not yet available
machine-1: 18:26:29 ERROR juju.worker.dependency "lxd-container-provisioner" manifold worker returned unexpected error: container types not yet available
unit-github-runner-image-builder-hudbjbz0-0: 18:27:06 ERROR unit.github-runner-image-builder-hudbjbz0/0.juju-log Pipx command failed, code: 1, out: None, err: None
unit-test-hudbjbz0-0: 18:27:18 ERROR unit.test-hudbjbz0/0.juju-log Missing image integration.
Traceback (most recent call last):
  File "/var/lib/juju/agents/unit-test-hudbjbz0-0/charm/./src/charm.py", line 118, in func_with_catch_errors
    func(self, event)
  File "/var/lib/juju/agents/unit-test-hudbjbz0-0/charm/./src/charm.py", line 342, in _on_config_changed
    self._check_image_ready()
  File "/var/lib/juju/agents/unit-test-hudbjbz0-0/charm/./src/charm.py", line 512, in _check_image_ready
    raise ImageIntegrationMissingError("No image integration found")
errors.ImageIntegrationMissingError: No image integration found
unit-test-hudbjbz0-0: 18:27:20 ERROR unit.test-hudbjbz0/0.juju-log Missing image integration.
Traceback (most recent call last):
  File "/var/lib/juju/agents/unit-test-hudbjbz0-0/charm/./src/charm.py", line 118, in func_with_catch_errors
    func(self, event)
  File "/var/lib/juju/agents/unit-test-hudbjbz0-0/charm/./src/charm.py", line 313, in _on_start
    self._check_image_ready()
  File "/var/lib/juju/agents/unit-test-hudbjbz0-0/charm/./src/charm.py", line 512, in _check_image_ready
    raise ImageIntegrationMissingError("No image integration found")
errors.ImageIntegrationMissingError: No image integration found
unit-test-hudbjbz0-0: 18:28:45 ERROR unit.test-hudbjbz0/0.juju-log image:0: Missing image in image integration.
Traceback (most recent call last):
  File "/var/lib/juju/agents/unit-test-hudbjbz0-0/charm/./src/charm.py", line 118, in func_with_catch_errors
    func(self, event)
  File "/var/lib/juju/agents/unit-test-hudbjbz0-0/charm/./src/charm.py", line 477, in _on_image_relation_changed
    self._check_image_ready()
  File "/var/lib/juju/agents/unit-test-hudbjbz0-0/charm/./src/charm.py", line 514, in _check_image_ready
    raise ImageNotFoundError("No image found in the image integration")
errors.ImageNotFoundError: No image found in the image integration

18:48:00 INFO Forgetting model main...