06:25:11 WARNING unexpected facade SSHServer received from the controller
06:25:11 INFO Adding model github-pr-1dbf2-lxd:test-charm-fork-repo-tr6q on cloud localhost
06:25:11 WARNING unexpected facade SSHServer received from the controller
06:25:11 WARNING unexpected facade SSHSession received from the controller
06:25:11 WARNING unexpected facade SSHTunneler received from the controller
06:25:13 INFO Deploying ch:amd64/jammy/github-runner-image-builder-133
06:25:27 INFO Deploying local:jammy/github-runner-0
06:25:27 INFO Waiting for model:
  test-zskyspdn/0 [allocating] waiting: waiting for machine
  github-runner-image-builder-zskyspdn/0 [allocating] waiting: waiting for machine
06:25:57 INFO Waiting for model:
  test-zskyspdn/0 [allocating] waiting: waiting for machine
  github-runner-image-builder-zskyspdn/0 [allocating] waiting: waiting for machine
06:26:27 INFO Waiting for model:
  test-zskyspdn/0 [allocating] waiting: waiting for machine
  github-runner-image-builder-zskyspdn/0 [allocating] waiting: waiting for machine
06:26:57 INFO Waiting for model:
  test-zskyspdn/0 [allocating] waiting: waiting for machine
  github-runner-image-builder-zskyspdn/0 [executing] maintenance: Setting up Builder.
06:27:28 INFO Waiting for model:
  test-zskyspdn/0 [allocating] waiting: waiting for machine
  github-runner-image-builder-zskyspdn/0 [executing] maintenance: Setting up Builder.
06:27:58 INFO Waiting for model:
  test-zskyspdn/0 [executing] maintenance: installing charm software
  github-runner-image-builder-zskyspdn/0 [executing] maintenance: Setting up Builder.
06:28:28 INFO Waiting for model:
  test-zskyspdn/0 [idle] blocked: Please provide image integration.
  github-runner-image-builder-zskyspdn/0 [executing] maintenance: Setting up Builder.
06:28:59 INFO Waiting for model:
  test-zskyspdn/0 [idle] blocked: Please provide image integration.
  github-runner-image-builder-zskyspdn/0 [executing] maintenance: Setting up Builder.
06:29:29 INFO Waiting for model:
  test-zskyspdn/0 [idle] blocked: Please provide image integration.
  github-runner-image-builder-zskyspdn/0 [executing] maintenance: Setting up Builder.
06:29:59 INFO Waiting for model:
  test-zskyspdn/0 [idle] waiting: Waiting for image over integration.
  github-runner-image-builder-zskyspdn/0 [executing] active: Building image.
06:30:29 INFO Waiting for model:
  test-zskyspdn/0 [idle] waiting: Waiting for image over integration.
  github-runner-image-builder-zskyspdn/0 [executing] active: Building image.
06:31:00 INFO Waiting for model:
  test-zskyspdn/0 [idle] waiting: Waiting for image over integration.
  github-runner-image-builder-zskyspdn/0 [executing] active: Building image.
06:31:30 INFO Waiting for model:
  test-zskyspdn/0 [idle] waiting: Waiting for image over integration.
  github-runner-image-builder-zskyspdn/0 [executing] active: Building image.
06:32:00 INFO Waiting for model:
  test-zskyspdn/0 [idle] waiting: Waiting for image over integration.
  github-runner-image-builder-zskyspdn/0 [executing] active: Building image.
06:32:31 INFO Waiting for model:
  test-zskyspdn/0 [idle] waiting: Waiting for image over integration.
  github-runner-image-builder-zskyspdn/0 [executing] active: Building image.
06:33:01 INFO Waiting for model:
  test-zskyspdn/0 [idle] waiting: Waiting for image over integration.
  github-runner-image-builder-zskyspdn/0 [executing] active: Building image.
06:33:31 INFO Waiting for model:
  test-zskyspdn/0 [idle] waiting: Waiting for image over integration.
  github-runner-image-builder-zskyspdn/0 [executing] active: Building image.
06:34:02 INFO Waiting for model:
  test-zskyspdn/0 [idle] waiting: Waiting for image over integration.
  github-runner-image-builder-zskyspdn/0 [executing] active: Building image.
06:34:32 INFO Waiting for model:
  test-zskyspdn/0 [idle] waiting: Waiting for image over integration.
  github-runner-image-builder-zskyspdn/0 [executing] active: Building image.
06:35:02 INFO Waiting for model:
  test-zskyspdn/0 [idle] waiting: Waiting for image over integration.
  github-runner-image-builder-zskyspdn/0 [executing] active: Building image.
06:35:33 INFO Waiting for model:
  test-zskyspdn/0 [idle] waiting: Waiting for image over integration.
  github-runner-image-builder-zskyspdn/0 [executing] active: Building image.
06:36:03 INFO Waiting for model:
  test-zskyspdn/0 [idle] waiting: Waiting for image over integration.
  github-runner-image-builder-zskyspdn/0 [executing] active: Building image.
06:36:34 INFO Waiting for model:
  test-zskyspdn/0 [idle] waiting: Waiting for image over integration.
  github-runner-image-builder-zskyspdn/0 [executing] active: Building image.
06:37:04 INFO Waiting for model:
  test-zskyspdn/0 [idle] waiting: Waiting for image over integration.
  github-runner-image-builder-zskyspdn/0 [executing] active: Building image.
06:37:34 INFO Waiting for model:
  test-zskyspdn/0 [idle] waiting: Waiting for image over integration.
  github-runner-image-builder-zskyspdn/0 [executing] active: Building image.
06:38:05 INFO Waiting for model:
  test-zskyspdn/0 [idle] waiting: Waiting for image over integration.
  github-runner-image-builder-zskyspdn/0 [executing] active: Building image.
06:38:35 INFO Waiting for model:
  test-zskyspdn/0 [idle] waiting: Waiting for image over integration.
  github-runner-image-builder-zskyspdn/0 [executing] active: Building image.
06:39:06 INFO Waiting for model:
  test-zskyspdn/0 [idle] waiting: Waiting for image over integration.
  github-runner-image-builder-zskyspdn/0 [executing] active: Building image.
06:39:36 INFO Waiting for model:
  test-zskyspdn/0 [idle] waiting: Waiting for image over integration.
  github-runner-image-builder-zskyspdn/0 [executing] active: Building image.
06:40:06 INFO Waiting for model:
  test-zskyspdn/0 [idle] waiting: Waiting for image over integration.
  github-runner-image-builder-zskyspdn/0 [executing] active: Building image.
06:40:36 INFO Waiting for model:
  test-zskyspdn/0 [idle] waiting: Waiting for image over integration.
  github-runner-image-builder-zskyspdn/0 [executing] active: Building image.
06:41:06 INFO Waiting for model:
  test-zskyspdn/0 [idle] waiting: Waiting for image over integration.
  github-runner-image-builder-zskyspdn/0 [executing] active: Building image.
06:41:36 INFO Waiting for model:
  test-zskyspdn/0 [idle] waiting: Waiting for image over integration.
  github-runner-image-builder-zskyspdn/0 [executing] active: Building image.
06:42:06 INFO Waiting for model:
  test-zskyspdn/0 [idle] waiting: Waiting for image over integration.
  github-runner-image-builder-zskyspdn/0 [executing] active: Building image.
06:42:36 INFO Waiting for model:
  test-zskyspdn/0 [idle] waiting: Waiting for image over integration.
  github-runner-image-builder-zskyspdn/0 [executing] active: Building image.
06:43:07 INFO Waiting for model:
  test-zskyspdn/0 [idle] waiting: Waiting for image over integration.
  github-runner-image-builder-zskyspdn/0 [executing] active: Building image.
06:43:37 INFO Waiting for model:
  test-zskyspdn/0 [idle] active: 
06:43:45 INFO GitHub token rate limit: Rate(reset=2025-11-20 07:15:31+00:00, remaining=4780, limit=5000)
06:44:35 INFO Waiting for model:
  test-zskyspdn/0 [idle] active: 
06:45:05 INFO Waiting for model:
  test-zskyspdn/0 [idle] active: 
06:45:08 INFO Current reconcile ID: ae71dc5b-dc1a-4af6-86c4-e4d8f17d7093
06:45:08 INFO Waiting for reconcile ID: ae71dc5b-dc1a-4af6-86c4-e4d8f17d7093
06:46:09 INFO Current reconcile ID: ae71dc5b-dc1a-4af6-86c4-e4d8f17d7093
06:46:09 INFO Current reconcile ID: ae71dc5b-dc1a-4af6-86c4-e4d8f17d7093, expected reconcile ID: ae71dc5b-dc1a-4af6-86c4-e4d8f17d7093
06:46:09 INFO Waiting for reconcile ID: ae71dc5b-dc1a-4af6-86c4-e4d8f17d7093
06:47:10 INFO Current reconcile ID: d0203e1c-27cc-46e9-bc7f-e267ba17b3cf
06:47:10 INFO Current reconcile ID: d0203e1c-27cc-46e9-bc7f-e267ba17b3cf, expected reconcile ID: ae71dc5b-dc1a-4af6-86c4-e4d8f17d7093
06:47:14 INFO [TEST SETUP] Exposing port 8080 on test-zskyspdn-0-n-c02519462478
06:47:14 WARNING dict_values([[{'version': 4, 'addr': '10.151.122.174', 'OS-EXT-IPS:type': 'fixed', 'OS-EXT-IPS-MAC:mac_addr': 'fa:16:3e:93:ed:c3'}]])
06:47:15 INFO ssh tunnel command ssh -fNT -R 8080:localhost:8080 -i /home/runner-manager/.ssh/test-zskyspdn-0-n-c02519462478.key -o "StrictHostKeyChecking no" -o "ControlPersist yes" ubuntu@10.151.122.174 &
06:47:16 INFO ssh tunnel result 0 None Warning: Permanently added '10.151.122.174' (ED25519) to the list of known hosts.

06:47:17 INFO [TEST SETUP] Run command nc -z localhost 8080 on test-zskyspdn-0-n-c02519462478
06:47:17 WARNING dict_values([[{'version': 4, 'addr': '10.151.122.174', 'OS-EXT-IPS:type': 'fixed', 'OS-EXT-IPS-MAC:mac_addr': 'fa:16:3e:93:ed:c3'}]])
06:47:18 WARNING ssh_cmd: su - ubuntu -c 'ssh -i /home/runner-manager/.ssh/test-zskyspdn-0-n-c02519462478.key -o "StrictHostKeyChecking no" ubuntu@10.151.122.174 nc -z localhost 8080'
06:47:19 INFO Run command 'nc -z localhost 8080' in runner with result 0: 'None' 'Connection to localhost (127.0.0.1) 8080 port [tcp/http-alt] succeeded!
'
06:47:20 INFO [TEST SETUP] Run command curl http://localhost:8080 on test-zskyspdn-0-n-c02519462478
06:47:20 WARNING dict_values([[{'version': 4, 'addr': '10.151.122.174', 'OS-EXT-IPS:type': 'fixed', 'OS-EXT-IPS-MAC:mac_addr': 'fa:16:3e:93:ed:c3'}]])
06:47:21 WARNING ssh_cmd: su - ubuntu -c 'ssh -i /home/runner-manager/.ssh/test-zskyspdn-0-n-c02519462478.key -o "StrictHostKeyChecking no" ubuntu@10.151.122.174 curl http://localhost:8080'
06:47:22 INFO Run command 'curl http://localhost:8080' in runner with result 0: '<!doctype html>
<html lang=en>
<title>404 Not Found</title>
<h1>Not Found</h1>
<p>The requested URL was not found on the server. If you entered the URL manually please check your spelling and try again.</p>
' '  % Total    % Received % Xferd  Average Speed   Time    Time     Time  Current
                                 Dload  Upload   Total   Spent    Left  Speed
  0     0    0     0    0     0      0      0 --:--:-- --:--:-- --:--:--     0100   207  100   207    0     0    99k      0 --:--:-- --:--:-- --:--:--  101k
'
06:47:24 INFO Wait for condition not met, sleeping 10
06:47:34 INFO Wait for condition not met, sleeping 60
06:48:41 INFO Model status:

Model                      Controller           Cloud/Region         Version  SLA          Timestamp
test-charm-fork-repo-tr6q  github-pr-1dbf2-lxd  localhost/localhost  3.6.11   unsupported  06:48:41Z

App                                   Version  Status  Scale  Charm                        Channel      Rev  Exposed  Message
github-runner-image-builder-zskyspdn           active      1  github-runner-image-builder  latest/edge  133  no       
test-zskyspdn                                  active      1  github-runner                               0  yes      

Unit                                     Workload  Agent  Machine  Public address  Ports     Message
github-runner-image-builder-zskyspdn/0*  active    idle   0        10.151.196.147            
test-zskyspdn/0*                         active    idle   1        10.151.196.113  8080/tcp  

Machine  State    Address         Inst id        Base          AZ             Message
0        started  10.151.196.147  juju-6679d5-0  ubuntu@22.04  github-runner  Running
1        started  10.151.196.113  juju-6679d5-1  ubuntu@22.04  github-runner  Running

06:48:41 INFO Juju error logs:

machine-0: 06:26:42 ERROR juju.worker.dependency "kvm-container-provisioner" manifold worker returned unexpected error: container types not yet available
machine-0: 06:26:43 ERROR juju.worker.dependency "lxd-container-provisioner" manifold worker returned unexpected error: container types not yet available
machine-1: 06:27:35 ERROR juju.worker.dependency "kvm-container-provisioner" manifold worker returned unexpected error: container types not yet available
machine-1: 06:27:35 ERROR juju.worker.dependency "lxd-container-provisioner" manifold worker returned unexpected error: container types not yet available
unit-github-runner-image-builder-zskyspdn-0: 06:28:05 ERROR unit.github-runner-image-builder-zskyspdn/0.juju-log Pipx command failed, code: 1, out: None, err: None
unit-test-zskyspdn-0: 06:28:26 ERROR unit.test-zskyspdn/0.juju-log Missing image integration.
Traceback (most recent call last):
  File "/var/lib/juju/agents/unit-test-zskyspdn-0/charm/./src/charm.py", line 118, in func_with_catch_errors
    func(self, event)
  File "/var/lib/juju/agents/unit-test-zskyspdn-0/charm/./src/charm.py", line 342, in _on_config_changed
    self._check_image_ready()
  File "/var/lib/juju/agents/unit-test-zskyspdn-0/charm/./src/charm.py", line 512, in _check_image_ready
    raise ImageIntegrationMissingError("No image integration found")
errors.ImageIntegrationMissingError: No image integration found
unit-test-zskyspdn-0: 06:28:28 ERROR unit.test-zskyspdn/0.juju-log Missing image integration.
Traceback (most recent call last):
  File "/var/lib/juju/agents/unit-test-zskyspdn-0/charm/./src/charm.py", line 118, in func_with_catch_errors
    func(self, event)
  File "/var/lib/juju/agents/unit-test-zskyspdn-0/charm/./src/charm.py", line 313, in _on_start
    self._check_image_ready()
  File "/var/lib/juju/agents/unit-test-zskyspdn-0/charm/./src/charm.py", line 512, in _check_image_ready
    raise ImageIntegrationMissingError("No image integration found")
errors.ImageIntegrationMissingError: No image integration found
unit-test-zskyspdn-0: 06:29:34 ERROR unit.test-zskyspdn/0.juju-log image:0: Missing image in image integration.
Traceback (most recent call last):
  File "/var/lib/juju/agents/unit-test-zskyspdn-0/charm/./src/charm.py", line 118, in func_with_catch_errors
    func(self, event)
  File "/var/lib/juju/agents/unit-test-zskyspdn-0/charm/./src/charm.py", line 477, in _on_image_relation_changed
    self._check_image_ready()
  File "/var/lib/juju/agents/unit-test-zskyspdn-0/charm/./src/charm.py", line 514, in _check_image_ready
    raise ImageNotFoundError("No image found in the image integration")
errors.ImageNotFoundError: No image found in the image integration

06:48:41 INFO Forgetting model main...