19:44:50 WARNING unexpected facade SSHServer received from the controller
19:44:50 INFO Adding model github-pr-539f0-lxd:test-charm-fork-repo-esbg on cloud localhost
19:44:50 WARNING unexpected facade SSHServer received from the controller
19:44:50 WARNING unexpected facade SSHSession received from the controller
19:44:50 WARNING unexpected facade SSHTunneler received from the controller
19:44:52 INFO Deploying ch:amd64/jammy/github-runner-image-builder-105
19:45:10 INFO Deploying local:jammy/github-runner-0
19:45:10 INFO Waiting for model:
  test-jftpyc1k/0 [allocating] waiting: waiting for machine
  github-runner-image-builder-jftpyc1k/0 [allocating] waiting: waiting for machine
19:45:41 INFO Waiting for model:
  test-jftpyc1k/0 [allocating] waiting: waiting for machine
  github-runner-image-builder-jftpyc1k/0 [allocating] waiting: waiting for machine
19:46:11 INFO Waiting for model:
  test-jftpyc1k/0 [allocating] waiting: waiting for machine
  github-runner-image-builder-jftpyc1k/0 [allocating] waiting: agent initialising
19:46:42 INFO Waiting for model:
  test-jftpyc1k/0 [allocating] waiting: waiting for machine
  github-runner-image-builder-jftpyc1k/0 [executing] maintenance: Setting up Builder.
19:47:12 INFO Waiting for model:
  test-jftpyc1k/0 [allocating] waiting: agent initialising
  github-runner-image-builder-jftpyc1k/0 [executing] maintenance: Setting up Builder.
19:47:42 INFO Waiting for model:
  test-jftpyc1k/0 [executing] maintenance: installing charm software
  github-runner-image-builder-jftpyc1k/0 [executing] maintenance: Setting up Builder.
19:48:12 INFO Waiting for model:
  test-jftpyc1k/0 [executing] maintenance: installing charm software
  github-runner-image-builder-jftpyc1k/0 [executing] maintenance: Setting up Builder.
19:48:42 INFO Waiting for model:
  test-jftpyc1k/0 [idle] blocked: Please provide image integration.
  github-runner-image-builder-jftpyc1k/0 [executing] maintenance: Setting up Builder.
19:49:12 INFO Waiting for model:
  test-jftpyc1k/0 [idle] waiting: Waiting for image over integration.
  github-runner-image-builder-jftpyc1k/0 [executing] blocked: image integration required.
19:49:43 INFO Waiting for model:
  test-jftpyc1k/0 [idle] waiting: Waiting for image over integration.
  github-runner-image-builder-jftpyc1k/0 [executing] active: Building image.
19:50:13 INFO Waiting for model:
  test-jftpyc1k/0 [idle] waiting: Waiting for image over integration.
  github-runner-image-builder-jftpyc1k/0 [executing] active: Building image.
19:50:43 INFO Waiting for model:
  test-jftpyc1k/0 [idle] waiting: Waiting for image over integration.
  github-runner-image-builder-jftpyc1k/0 [executing] active: Building image.
19:51:13 INFO Waiting for model:
  test-jftpyc1k/0 [idle] waiting: Waiting for image over integration.
  github-runner-image-builder-jftpyc1k/0 [executing] active: Building image.
19:51:43 INFO Waiting for model:
  test-jftpyc1k/0 [idle] waiting: Waiting for image over integration.
  github-runner-image-builder-jftpyc1k/0 [executing] active: Building image.
19:52:13 INFO Waiting for model:
  test-jftpyc1k/0 [idle] waiting: Waiting for image over integration.
  github-runner-image-builder-jftpyc1k/0 [executing] active: Building image.
19:52:43 INFO Waiting for model:
  test-jftpyc1k/0 [idle] waiting: Waiting for image over integration.
  github-runner-image-builder-jftpyc1k/0 [executing] active: Building image.
19:53:13 INFO Waiting for model:
  test-jftpyc1k/0 [idle] waiting: Waiting for image over integration.
  github-runner-image-builder-jftpyc1k/0 [executing] active: Building image.
19:53:43 INFO Waiting for model:
  test-jftpyc1k/0 [idle] waiting: Waiting for image over integration.
  github-runner-image-builder-jftpyc1k/0 [executing] active: Building image.
19:54:14 INFO Waiting for model:
  test-jftpyc1k/0 [idle] waiting: Waiting for image over integration.
  github-runner-image-builder-jftpyc1k/0 [executing] active: Building image.
19:54:44 INFO Waiting for model:
  test-jftpyc1k/0 [idle] waiting: Waiting for image over integration.
  github-runner-image-builder-jftpyc1k/0 [executing] active: Building image.
19:55:14 INFO Waiting for model:
  test-jftpyc1k/0 [idle] waiting: Waiting for image over integration.
  github-runner-image-builder-jftpyc1k/0 [executing] active: Building image.
19:55:44 INFO Waiting for model:
  test-jftpyc1k/0 [idle] waiting: Waiting for image over integration.
  github-runner-image-builder-jftpyc1k/0 [executing] active: Building image.
19:56:14 INFO Waiting for model:
  test-jftpyc1k/0 [idle] waiting: Waiting for image over integration.
  github-runner-image-builder-jftpyc1k/0 [executing] active: Building image.
19:56:45 INFO Waiting for model:
  test-jftpyc1k/0 [idle] waiting: Waiting for image over integration.
  github-runner-image-builder-jftpyc1k/0 [executing] active: Building image.
19:57:15 INFO Waiting for model:
  test-jftpyc1k/0 [idle] waiting: Waiting for image over integration.
  github-runner-image-builder-jftpyc1k/0 [executing] active: Building image.
19:57:45 INFO Waiting for model:
  test-jftpyc1k/0 [idle] waiting: Waiting for image over integration.
  github-runner-image-builder-jftpyc1k/0 [executing] active: Building image.
19:58:15 INFO Waiting for model:
  test-jftpyc1k/0 [idle] waiting: Waiting for image over integration.
  github-runner-image-builder-jftpyc1k/0 [executing] active: Building image.
19:58:45 INFO Waiting for model:
  test-jftpyc1k/0 [idle] waiting: Waiting for image over integration.
  github-runner-image-builder-jftpyc1k/0 [executing] active: Building image.
19:59:16 INFO Waiting for model:
  test-jftpyc1k/0 [idle] waiting: Waiting for image over integration.
  github-runner-image-builder-jftpyc1k/0 [executing] active: Building image.
19:59:46 INFO Waiting for model:
  test-jftpyc1k/0 [idle] waiting: Waiting for image over integration.
  github-runner-image-builder-jftpyc1k/0 [executing] active: Building image.
20:00:16 INFO Waiting for model:
  test-jftpyc1k/0 [executing] maintenance: Update image for runners
20:00:44 INFO GitHub token rate limit: Rate(reset=2025-08-19 20:52:52+00:00, remaining=4790, limit=5000)
20:02:00 INFO Waiting for model:
  test-jftpyc1k/0 [idle] active: 
20:02:30 INFO Waiting for model:
  test-jftpyc1k/0 [idle] active: 
20:02:33 INFO Current reconcile ID: 24596278-5be9-49d6-a2fd-f75804c6d94d
20:03:34 INFO Current reconcile ID: 24596278-5be9-49d6-a2fd-f75804c6d94d
20:04:35 INFO Current reconcile ID: 23c41042-eab7-4b9b-8252-b57808e73de2
20:04:44 INFO [TEST SETUP] Exposing port 8080 on test-jftpyc1k-0-n-01376d3024f0
20:04:44 WARNING dict_values([[{'version': 4, 'addr': '10.145.193.93', 'OS-EXT-IPS:type': 'fixed', 'OS-EXT-IPS-MAC:mac_addr': 'fa:16:3e:47:51:bc'}]])
20:04:45 INFO ssh tunnel command ssh -fNT -R 8080:localhost:8080 -i /home/runner-manager/.ssh/test-jftpyc1k-0-n-01376d3024f0.key -o "StrictHostKeyChecking no" -o "ControlPersist yes" ubuntu@10.145.193.93 &
20:04:46 INFO ssh tunnel result 0 None Warning: Permanently added '10.145.193.93' (ED25519) to the list of known hosts.

20:04:48 INFO [TEST SETUP] Run command nc -z localhost 8080 on test-jftpyc1k-0-n-01376d3024f0
20:04:48 WARNING dict_values([[{'version': 4, 'addr': '10.145.193.93', 'OS-EXT-IPS:type': 'fixed', 'OS-EXT-IPS-MAC:mac_addr': 'fa:16:3e:47:51:bc'}]])
20:04:49 WARNING ssh_cmd: su - ubuntu -c 'ssh -i /home/runner-manager/.ssh/test-jftpyc1k-0-n-01376d3024f0.key -o "StrictHostKeyChecking no" ubuntu@10.145.193.93 nc -z localhost 8080'
20:04:50 INFO Run command 'nc -z localhost 8080' in runner with result 0: 'None' 'Connection to localhost (127.0.0.1) 8080 port [tcp/http-alt] succeeded!
'
20:04:51 INFO [TEST SETUP] Run command curl http://localhost:8080 on test-jftpyc1k-0-n-01376d3024f0
20:04:51 WARNING dict_values([[{'version': 4, 'addr': '10.145.193.93', 'OS-EXT-IPS:type': 'fixed', 'OS-EXT-IPS-MAC:mac_addr': 'fa:16:3e:47:51:bc'}]])
20:04:52 WARNING ssh_cmd: su - ubuntu -c 'ssh -i /home/runner-manager/.ssh/test-jftpyc1k-0-n-01376d3024f0.key -o "StrictHostKeyChecking no" ubuntu@10.145.193.93 curl http://localhost:8080'
20:04:53 INFO Run command 'curl http://localhost:8080' in runner with result 0: '<!doctype html>
<html lang=en>
<title>404 Not Found</title>
<h1>Not Found</h1>
<p>The requested URL was not found on the server. If you entered the URL manually please check your spelling and try again.</p>
' '  % Total    % Received % Xferd  Average Speed   Time    Time     Time  Current
                                 Dload  Upload   Total   Spent    Left  Speed
  0     0    0     0    0     0      0      0 --:--:-- --:--:-- --:--:--     0100   207  100   207    0     0  69979      0 --:--:-- --:--:-- --:--:--  101k
'
20:04:56 INFO Wait for condition not met, sleeping 10
20:05:12 INFO Model status:

Model                      Controller           Cloud/Region         Version  SLA          Timestamp
test-charm-fork-repo-esbg  github-pr-539f0-lxd  localhost/localhost  3.6.8    unsupported  20:05:12Z

App                                   Version  Status  Scale  Charm                        Channel      Rev  Exposed  Message
github-runner-image-builder-jftpyc1k           active      1  github-runner-image-builder  latest/edge  105  no       
test-jftpyc1k                                  active      1  github-runner                               0  yes      

Unit                                     Workload  Agent  Machine  Public address  Ports     Message
github-runner-image-builder-jftpyc1k/0*  active    idle   0        10.46.150.141             
test-jftpyc1k/0*                         active    idle   1        10.46.150.162   8080/tcp  

Machine  State    Address        Inst id        Base          AZ  Message
0        started  10.46.150.141  juju-94385e-0  ubuntu@22.04      Running
1        started  10.46.150.162  juju-94385e-1  ubuntu@22.04      Running

20:05:12 INFO Juju error logs:

machine-0: 19:46:05 ERROR juju.worker.dependency "lxd-container-provisioner" manifold worker returned unexpected error: container types not yet available
machine-0: 19:46:05 ERROR juju.worker.dependency "kvm-container-provisioner" manifold worker returned unexpected error: container types not yet available
unit-github-runner-image-builder-jftpyc1k-0: 19:46:05 ERROR juju.worker.meterstatus error running "meter-status-changed": charm missing from disk
unit-github-runner-image-builder-jftpyc1k-0: 19:46:52 ERROR unit.github-runner-image-builder-jftpyc1k/0.juju-log Pipx command failed, code: 1, out: None, err: None
machine-1: 19:47:11 ERROR juju.worker.dependency "lxd-container-provisioner" manifold worker returned unexpected error: container types not yet available
machine-1: 19:47:11 ERROR juju.worker.dependency "kvm-container-provisioner" manifold worker returned unexpected error: container types not yet available
unit-test-jftpyc1k-0: 19:47:11 ERROR juju.worker.meterstatus error running "meter-status-changed": charm missing from disk
unit-test-jftpyc1k-0: 19:48:21 ERROR unit.test-jftpyc1k/0.juju-log Missing image integration.
Traceback (most recent call last):
  File "/var/lib/juju/agents/unit-test-jftpyc1k-0/charm/./src/charm.py", line 118, in func_with_catch_errors
    func(self, event)
  File "/var/lib/juju/agents/unit-test-jftpyc1k-0/charm/./src/charm.py", line 342, in _on_config_changed
    self._check_image_ready()
  File "/var/lib/juju/agents/unit-test-jftpyc1k-0/charm/./src/charm.py", line 512, in _check_image_ready
    raise ImageIntegrationMissingError("No image integration found")
errors.ImageIntegrationMissingError: No image integration found
unit-test-jftpyc1k-0: 19:48:23 ERROR unit.test-jftpyc1k/0.juju-log Missing image integration.
Traceback (most recent call last):
  File "/var/lib/juju/agents/unit-test-jftpyc1k-0/charm/./src/charm.py", line 118, in func_with_catch_errors
    func(self, event)
  File "/var/lib/juju/agents/unit-test-jftpyc1k-0/charm/./src/charm.py", line 313, in _on_start
    self._check_image_ready()
  File "/var/lib/juju/agents/unit-test-jftpyc1k-0/charm/./src/charm.py", line 512, in _check_image_ready
    raise ImageIntegrationMissingError("No image integration found")
errors.ImageIntegrationMissingError: No image integration found
unit-test-jftpyc1k-0: 19:49:03 ERROR unit.test-jftpyc1k/0.juju-log image:0: Missing image in image integration.
Traceback (most recent call last):
  File "/var/lib/juju/agents/unit-test-jftpyc1k-0/charm/./src/charm.py", line 118, in func_with_catch_errors
    func(self, event)
  File "/var/lib/juju/agents/unit-test-jftpyc1k-0/charm/./src/charm.py", line 477, in _on_image_relation_changed
    self._check_image_ready()
  File "/var/lib/juju/agents/unit-test-jftpyc1k-0/charm/./src/charm.py", line 514, in _check_image_ready
    raise ImageNotFoundError("No image found in the image integration")
errors.ImageNotFoundError: No image found in the image integration

20:05:12 INFO Forgetting model main...