19:49:20 WARNING unexpected facade SSHServer received from the controller
19:49:20 INFO Adding model github-pr-539f0-lxd:test-charm-upgrade-hzu3 on cloud localhost
19:49:21 WARNING unexpected facade SSHServer received from the controller
19:49:21 WARNING unexpected facade SSHSession received from the controller
19:49:21 WARNING unexpected facade SSHTunneler received from the controller
19:49:23 INFO Deploying ch:amd64/jammy/github-runner-image-builder-105
19:49:41 INFO Deploying local:jammy/github-runner-0
19:49:41 INFO Waiting for model:
  test-otk295re/0 [allocating] waiting: waiting for machine
  github-runner-image-builder-otk295re/0 [allocating] waiting: waiting for machine
19:50:12 INFO Waiting for model:
  test-otk295re/0 [allocating] waiting: waiting for machine
  github-runner-image-builder-otk295re/0 [allocating] waiting: waiting for machine
19:50:42 INFO Waiting for model:
  test-otk295re/0 [allocating] waiting: waiting for machine
  github-runner-image-builder-otk295re/0 [allocating] waiting: agent initialising
19:51:12 INFO Waiting for model:
  test-otk295re/0 [executing] maintenance: installing charm software
  github-runner-image-builder-otk295re/0 [executing] maintenance: Setting up Builder.
19:51:42 INFO Waiting for model:
  test-otk295re/0 [executing] maintenance: installing charm software
  github-runner-image-builder-otk295re/0 [executing] maintenance: Setting up Builder.
19:52:12 INFO Waiting for model:
  test-otk295re/0 [idle] blocked: Please provide image integration.
  github-runner-image-builder-otk295re/0 [executing] maintenance: Setting up Builder.
19:52:42 INFO Waiting for model:
  test-otk295re/0 [idle] blocked: Please provide image integration.
  github-runner-image-builder-otk295re/0 [executing] maintenance: Setting up Builder.
19:53:12 INFO Waiting for model:
  test-otk295re/0 [idle] blocked: Please provide image integration.
  github-runner-image-builder-otk295re/0 [executing] maintenance: Setting up Builder.
19:53:42 INFO Waiting for model:
  test-otk295re/0 [idle] waiting: Waiting for image over integration.
  github-runner-image-builder-otk295re/0 [executing] active: Building image.
19:54:12 INFO Waiting for model:
  test-otk295re/0 [idle] waiting: Waiting for image over integration.
  github-runner-image-builder-otk295re/0 [executing] active: Building image.
19:54:42 INFO Waiting for model:
  test-otk295re/0 [idle] waiting: Waiting for image over integration.
  github-runner-image-builder-otk295re/0 [executing] active: Building image.
19:55:12 INFO Waiting for model:
  test-otk295re/0 [idle] waiting: Waiting for image over integration.
  github-runner-image-builder-otk295re/0 [executing] active: Building image.
19:55:42 INFO Waiting for model:
  test-otk295re/0 [idle] waiting: Waiting for image over integration.
  github-runner-image-builder-otk295re/0 [executing] active: Building image.
19:56:12 INFO Waiting for model:
  test-otk295re/0 [idle] waiting: Waiting for image over integration.
  github-runner-image-builder-otk295re/0 [executing] active: Building image.
19:56:42 INFO Waiting for model:
  test-otk295re/0 [idle] waiting: Waiting for image over integration.
  github-runner-image-builder-otk295re/0 [executing] active: Building image.
19:57:12 INFO Waiting for model:
  test-otk295re/0 [idle] waiting: Waiting for image over integration.
  github-runner-image-builder-otk295re/0 [executing] active: Building image.
19:57:42 INFO Waiting for model:
  test-otk295re/0 [idle] waiting: Waiting for image over integration.
  github-runner-image-builder-otk295re/0 [executing] active: Building image.
19:58:12 INFO Waiting for model:
  test-otk295re/0 [idle] waiting: Waiting for image over integration.
  github-runner-image-builder-otk295re/0 [executing] active: Building image.
19:58:42 INFO Waiting for model:
  test-otk295re/0 [idle] waiting: Waiting for image over integration.
  github-runner-image-builder-otk295re/0 [executing] active: Building image.
19:59:12 INFO Waiting for model:
  test-otk295re/0 [idle] waiting: Waiting for image over integration.
  github-runner-image-builder-otk295re/0 [executing] active: Building image.
19:59:42 INFO Waiting for model:
  test-otk295re/0 [idle] waiting: Waiting for image over integration.
  github-runner-image-builder-otk295re/0 [executing] active: Building image.
20:00:12 INFO Waiting for model:
  test-otk295re/0 [idle] waiting: Waiting for image over integration.
  github-runner-image-builder-otk295re/0 [executing] active: Building image.
20:00:43 INFO Waiting for model:
  test-otk295re/0 [idle] waiting: Waiting for image over integration.
  github-runner-image-builder-otk295re/0 [executing] active: Building image.
20:01:13 INFO Waiting for model:
  test-otk295re/0 [idle] waiting: Waiting for image over integration.
  github-runner-image-builder-otk295re/0 [executing] active: Building image.
20:01:43 INFO Waiting for model:
  test-otk295re/0 [idle] waiting: Waiting for image over integration.
  github-runner-image-builder-otk295re/0 [executing] active: Building image.
20:02:13 INFO Waiting for model:
  test-otk295re/0 [idle] waiting: Waiting for image over integration.
  github-runner-image-builder-otk295re/0 [executing] active: Building image.
20:02:43 INFO Waiting for model:
  test-otk295re/0 [idle] waiting: Waiting for image over integration.
  github-runner-image-builder-otk295re/0 [executing] active: Building image.
20:03:13 INFO Waiting for model:
  test-otk295re/0 [idle] waiting: Waiting for image over integration.
  github-runner-image-builder-otk295re/0 [executing] active: Building image.
20:03:43 INFO Waiting for model:
  test-otk295re/0 [idle] waiting: Waiting for image over integration.
  github-runner-image-builder-otk295re/0 [executing] active: Building image.
20:04:13 INFO Waiting for model:
  test-otk295re/0 [idle] waiting: Waiting for image over integration.
  github-runner-image-builder-otk295re/0 [executing] active: Building image.
20:04:43 INFO Waiting for model:
  test-otk295re/0 [idle] waiting: Waiting for image over integration.
  github-runner-image-builder-otk295re/0 [executing] active: Building image.
20:05:13 INFO Waiting for model:
  test-otk295re/0 [idle] waiting: Waiting for image over integration.
  github-runner-image-builder-otk295re/0 [executing] active: Building image.
20:05:43 INFO Waiting for model:
  test-otk295re/0 [idle] waiting: Waiting for image over integration.
  github-runner-image-builder-otk295re/0 [executing] active: Building image.
20:06:13 INFO Waiting for model:
  test-otk295re/0 [executing] maintenance: Update image for runners
  github-runner-image-builder-otk295re/0 [idle] active: 
20:06:43 INFO Waiting for model:
  test-otk295re/0 [idle] active: 
20:09:13 INFO Waiting for model:
  test-otk295re/0 [idle] active:
20:09:45 INFO Model status:

Model                    Controller           Cloud/Region         Version  SLA          Timestamp
test-charm-upgrade-hzu3  github-pr-539f0-lxd  localhost/localhost  3.6.8    unsupported  20:09:45Z

App                                   Version  Status  Scale  Charm                        Channel      Rev  Exposed  Message
github-runner-image-builder-otk295re           active      1  github-runner-image-builder  latest/edge  105  no       
test-otk295re                                  active      1  github-runner                               1  no       

Unit                                     Workload  Agent  Machine  Public address  Ports  Message
github-runner-image-builder-otk295re/0*  active    idle   0        10.61.149.246          
test-otk295re/0*                         active    idle   1        10.61.149.156          

Machine  State    Address        Inst id        Base          AZ  Message
0        started  10.61.149.246  juju-71e3ff-0  ubuntu@22.04      Running
1        started  10.61.149.156  juju-71e3ff-1  ubuntu@22.04      Running

20:09:46 INFO Juju error logs:

machine-0: 19:50:36 ERROR juju.worker.dependency "kvm-container-provisioner" manifold worker returned unexpected error: container types not yet available
machine-0: 19:50:36 ERROR juju.worker.dependency "lxd-container-provisioner" manifold worker returned unexpected error: container types not yet available
unit-github-runner-image-builder-otk295re-0: 19:50:36 ERROR juju.worker.meterstatus error running "meter-status-changed": charm missing from disk
machine-1: 19:50:44 ERROR juju.worker.dependency "lxd-container-provisioner" manifold worker returned unexpected error: container types not yet available
machine-1: 19:50:44 ERROR juju.worker.dependency "kvm-container-provisioner" manifold worker returned unexpected error: container types not yet available
unit-test-otk295re-0: 19:50:44 ERROR juju.worker.meterstatus error running "meter-status-changed": charm missing from disk
unit-github-runner-image-builder-otk295re-0: 19:51:18 ERROR unit.github-runner-image-builder-otk295re/0.juju-log Pipx command failed, code: 1, out: None, err: None
unit-test-otk295re-0: 19:51:55 ERROR unit.test-otk295re/0.juju-log Missing image integration.
Traceback (most recent call last):
  File "/var/lib/juju/agents/unit-test-otk295re-0/charm/./src/charm.py", line 118, in func_with_catch_errors
    func(self, event)
  File "/var/lib/juju/agents/unit-test-otk295re-0/charm/./src/charm.py", line 342, in _on_config_changed
    self._check_image_ready()
  File "/var/lib/juju/agents/unit-test-otk295re-0/charm/./src/charm.py", line 512, in _check_image_ready
    raise ImageIntegrationMissingError("No image integration found")
errors.ImageIntegrationMissingError: No image integration found
unit-test-otk295re-0: 19:51:58 ERROR unit.test-otk295re/0.juju-log Missing image integration.
Traceback (most recent call last):
  File "/var/lib/juju/agents/unit-test-otk295re-0/charm/./src/charm.py", line 118, in func_with_catch_errors
    func(self, event)
  File "/var/lib/juju/agents/unit-test-otk295re-0/charm/./src/charm.py", line 313, in _on_start
    self._check_image_ready()
  File "/var/lib/juju/agents/unit-test-otk295re-0/charm/./src/charm.py", line 512, in _check_image_ready
    raise ImageIntegrationMissingError("No image integration found")
errors.ImageIntegrationMissingError: No image integration found
unit-test-otk295re-0: 19:53:21 ERROR unit.test-otk295re/0.juju-log image:0: Missing image in image integration.
Traceback (most recent call last):
  File "/var/lib/juju/agents/unit-test-otk295re-0/charm/./src/charm.py", line 118, in func_with_catch_errors
    func(self, event)
  File "/var/lib/juju/agents/unit-test-otk295re-0/charm/./src/charm.py", line 477, in _on_image_relation_changed
    self._check_image_ready()
  File "/var/lib/juju/agents/unit-test-otk295re-0/charm/./src/charm.py", line 514, in _check_image_ready
    raise ImageNotFoundError("No image found in the image integration")
errors.ImageNotFoundError: No image found in the image integration

20:09:46 INFO Forgetting model main...