18:43:52 INFO Waiting for model:
  test-dc7xuj08/0 [idle] active: 
18:44:23 INFO Waiting for model:
  test-dc7xuj08/0 [idle] active: 
18:44:25 INFO Current reconcile ID: 2e68135a-6c6e-4911-9c49-8e7089c4d8d7
18:44:25 INFO Waiting for reconcile ID: 2e68135a-6c6e-4911-9c49-8e7089c4d8d7
18:45:27 INFO Current reconcile ID: 2e68135a-6c6e-4911-9c49-8e7089c4d8d7
18:45:27 INFO Current reconcile ID: 2e68135a-6c6e-4911-9c49-8e7089c4d8d7, expected reconcile ID: 2e68135a-6c6e-4911-9c49-8e7089c4d8d7
18:45:27 INFO Waiting for reconcile ID: 2e68135a-6c6e-4911-9c49-8e7089c4d8d7
18:46:28 INFO Current reconcile ID: dce25be8-73d4-4885-8e25-502ba7e196f1
18:46:28 INFO Current reconcile ID: dce25be8-73d4-4885-8e25-502ba7e196f1, expected reconcile ID: 2e68135a-6c6e-4911-9c49-8e7089c4d8d7
18:46:33 INFO [TEST SETUP] Exposing port 8080 on test-dc7xuj08-0-n-763955e21265
18:46:33 WARNING dict_values([[{'version': 4, 'addr': '10.151.122.85', 'OS-EXT-IPS:type': 'fixed', 'OS-EXT-IPS-MAC:mac_addr': 'fa:16:3e:12:4b:3d'}]])
18:46:34 INFO ssh tunnel command ssh -fNT -R 8080:localhost:8080 -i /home/runner-manager/.ssh/test-dc7xuj08-0-n-763955e21265.key -o "StrictHostKeyChecking no" -o "ControlPersist yes" ubuntu@10.151.122.85 &
18:46:35 INFO ssh tunnel result 0 None Warning: Permanently added '10.151.122.85' (ED25519) to the list of known hosts.

18:46:36 INFO [TEST SETUP] Run command nc -z localhost 8080 on test-dc7xuj08-0-n-763955e21265
18:46:36 WARNING dict_values([[{'version': 4, 'addr': '10.151.122.85', 'OS-EXT-IPS:type': 'fixed', 'OS-EXT-IPS-MAC:mac_addr': 'fa:16:3e:12:4b:3d'}]])
18:46:37 WARNING ssh_cmd: su - ubuntu -c 'ssh -i /home/runner-manager/.ssh/test-dc7xuj08-0-n-763955e21265.key -o "StrictHostKeyChecking no" ubuntu@10.151.122.85 nc -z localhost 8080'
18:46:38 INFO Run command 'nc -z localhost 8080' in runner with result 0: 'None' 'Connection to localhost (127.0.0.1) 8080 port [tcp/http-alt] succeeded!
'
18:46:39 INFO [TEST SETUP] Run command curl http://localhost:8080 on test-dc7xuj08-0-n-763955e21265
18:46:39 WARNING dict_values([[{'version': 4, 'addr': '10.151.122.85', 'OS-EXT-IPS:type': 'fixed', 'OS-EXT-IPS-MAC:mac_addr': 'fa:16:3e:12:4b:3d'}]])
18:46:40 WARNING ssh_cmd: su - ubuntu -c 'ssh -i /home/runner-manager/.ssh/test-dc7xuj08-0-n-763955e21265.key -o "StrictHostKeyChecking no" ubuntu@10.151.122.85 curl http://localhost:8080'
18:46:41 INFO Run command 'curl http://localhost:8080' in runner with result 0: '<!doctype html>
<html lang=en>
<title>404 Not Found</title>
<h1>Not Found</h1>
<p>The requested URL was not found on the server. If you entered the URL manually please check your spelling and try again.</p>
' '  % Total    % Received % Xferd  Average Speed   Time    Time     Time  Current
                                 Dload  Upload   Total   Spent    Left  Speed
  0     0    0     0    0     0      0      0 --:--:-- --:--:-- --:--:--     0100   207  100   207    0     0  91755      0 --:--:-- --:--:-- --:--:--  101k
'
18:46:43 INFO Wait for condition not met, sleeping 10
18:46:54 INFO Waiting for model:
  test-dc7xuj08/0 [idle] active: 
18:47:24 INFO Waiting for model:
  test-dc7xuj08/0 [idle] active: 
18:47:27 INFO Current reconcile ID: 49d75146-c1cf-4226-90e3-8db53315366d
18:47:27 INFO Waiting for reconcile ID: 49d75146-c1cf-4226-90e3-8db53315366d
18:48:28 INFO Current reconcile ID: 49d75146-c1cf-4226-90e3-8db53315366d
18:48:28 INFO Current reconcile ID: 49d75146-c1cf-4226-90e3-8db53315366d, expected reconcile ID: 49d75146-c1cf-4226-90e3-8db53315366d
18:48:28 INFO Waiting for reconcile ID: 49d75146-c1cf-4226-90e3-8db53315366d
18:49:29 INFO Current reconcile ID: 54318831-448c-4671-8aee-2a90bdbd8b55
18:49:29 INFO Current reconcile ID: 54318831-448c-4671-8aee-2a90bdbd8b55, expected reconcile ID: 49d75146-c1cf-4226-90e3-8db53315366d
18:49:30 INFO Model status:

Model                   Controller           Cloud/Region         Version  SLA          Timestamp
test-charm-runner-kv4s  github-pr-ee035-lxd  localhost/localhost  3.6.12   unsupported  18:49:30Z

App                                   Version  Status  Scale  Charm          Channel      Rev  Exposed  Message
github-runner-image-builder-dc7xuj08           active      1  any-charm      latest/beta  124  no       
test-dc7xuj08                                  active      1  github-runner                 0  yes      

Unit                                     Workload  Agent  Machine  Public address  Ports     Message
github-runner-image-builder-dc7xuj08/0*  active    idle   0        10.111.124.123            
test-dc7xuj08/0*                         active    idle   1        10.111.124.95   8080/tcp  

Machine  State    Address         Inst id        Base          AZ             Message
0        started  10.111.124.123  juju-f9d5d2-0  ubuntu@24.04  github-runner  Running
1        started  10.111.124.95   juju-f9d5d2-1  ubuntu@22.04  github-runner  Running

18:49:30 INFO Juju error logs:

machine-0: 18:20:49 ERROR juju.worker.dependency "lxd-container-provisioner" manifold worker returned unexpected error: container types not yet available
machine-0: 18:20:49 ERROR juju.worker.dependency "kvm-container-provisioner" manifold worker returned unexpected error: container types not yet available
machine-1: 18:22:17 ERROR juju.worker.dependency "lxd-container-provisioner" manifold worker returned unexpected error: container types not yet available
machine-1: 18:22:17 ERROR juju.worker.dependency "kvm-container-provisioner" manifold worker returned unexpected error: container types not yet available
unit-test-dc7xuj08-0: 18:23:17 ERROR unit.test-dc7xuj08/0.juju-log Missing image integration.
Traceback (most recent call last):
  File "/var/lib/juju/agents/unit-test-dc7xuj08-0/charm/./src/charm.py", line 119, in func_with_catch_errors
    func(self, event)
  File "/var/lib/juju/agents/unit-test-dc7xuj08-0/charm/./src/charm.py", line 354, in _on_config_changed
    self._check_image_ready()
  File "/var/lib/juju/agents/unit-test-dc7xuj08-0/charm/./src/charm.py", line 524, in _check_image_ready
    raise ImageIntegrationMissingError("No image integration found")
errors.ImageIntegrationMissingError: No image integration found
unit-test-dc7xuj08-0: 18:23:19 ERROR unit.test-dc7xuj08/0.juju-log Missing image integration.
Traceback (most recent call last):
  File "/var/lib/juju/agents/unit-test-dc7xuj08-0/charm/./src/charm.py", line 119, in func_with_catch_errors
    func(self, event)
  File "/var/lib/juju/agents/unit-test-dc7xuj08-0/charm/./src/charm.py", line 317, in _on_start
    self._check_image_ready()
  File "/var/lib/juju/agents/unit-test-dc7xuj08-0/charm/./src/charm.py", line 524, in _check_image_ready
    raise ImageIntegrationMissingError("No image integration found")
errors.ImageIntegrationMissingError: No image integration found

18:49:30 INFO Forgetting model main...