07:15:44 INFO Waiting for model:
  test-e831uott/0 [executing] active: 
07:16:14 INFO Waiting for model:
  test-e831uott/0 [idle] active:
07:16:47 INFO Waiting for model:
  test-e831uott/0 [executing] active: 
07:17:17 INFO Waiting for model:
  test-e831uott/0 [idle] active: 
07:17:23 INFO Wait for condition not met, sleeping 10
07:17:35 INFO Wait for condition not met, sleeping 10
07:17:45 INFO Wait for condition not met, sleeping 10
07:17:56 INFO Wait for condition not met, sleeping 10
07:18:06 INFO Wait for condition not met, sleeping 10
07:18:17 INFO Wait for condition not met, sleeping 10
07:18:27 INFO Wait for condition not met, sleeping 10
07:18:37 INFO Wait for condition not met, sleeping 10
07:18:48 INFO Wait for condition not met, sleeping 10
07:18:58 INFO Wait for condition not met, sleeping 10
07:19:09 INFO Wait for condition not met, sleeping 10
07:19:19 INFO Wait for condition not met, sleeping 10
07:19:30 INFO Wait for condition not met, sleeping 10
07:20:23 INFO Waiting for model:
  test-e831uott/0 [executing] active: 
07:20:53 INFO Waiting for model:
  test-e831uott/0 [idle] active: 
07:20:59 INFO Wait for condition not met, sleeping 60
07:22:00 INFO Wait for condition not met, sleeping 60
07:23:00 INFO Wait for condition not met, sleeping 60
07:24:00 INFO Wait for condition not met, sleeping 60
07:25:01 INFO Wait for condition not met, sleeping 60
07:26:01 INFO Wait for condition not met, sleeping 60
07:27:02 INFO Wait for condition not met, sleeping 60
07:28:03 INFO Wait for condition not met, sleeping 60
07:29:03 INFO Wait for condition not met, sleeping 60
07:30:04 INFO Wait for condition not met, sleeping 60
07:31:04 INFO Wait for condition not met, sleeping 60
07:32:05 INFO Wait for condition not met, sleeping 60
07:33:05 INFO Wait for condition not met, sleeping 60
07:34:06 INFO Wait for condition not met, sleeping 60
07:35:08 INFO Wait for condition not met, sleeping 10
07:35:35 INFO Waiting for model:
  test-e831uott/0 [idle] active:
07:36:06 INFO Waiting for model:
  test-e831uott/0 [idle] active: 
07:36:23 INFO Model status:

Model               Controller           Cloud/Region         Version  SLA          Timestamp
test-reactive-qjze  github-pr-223ed-lxd  localhost/localhost  3.6.5    unsupported  07:36:23Z

App                                   Version  Status  Scale  Charm                        Channel      Rev  Exposed  Message
github-runner-image-builder-e831uott           active      1  github-runner-image-builder  latest/edge   68  no       
mongodb                               6.0.6    active      1  mongodb                      6/edge       212  no       
test-e831uott                                  active      1  github-runner                               0  no       

Unit                                     Workload  Agent  Machine  Public address  Ports      Message
github-runner-image-builder-e831uott/0*  active    idle   1        10.97.119.79               
mongodb/0*                               active    idle   0        10.97.119.9     27017/tcp  Primary
test-e831uott/0*                         active    idle   2        10.97.119.26               

Machine  State    Address       Inst id        Base          AZ  Message
0        started  10.97.119.9   juju-158cc1-0  ubuntu@22.04      Running
1        started  10.97.119.79  juju-158cc1-1  ubuntu@22.04      Running
2        started  10.97.119.26  juju-158cc1-2  ubuntu@22.04      Running

07:36:23 INFO Juju error logs:

machine-0: 06:54:35 ERROR juju.worker.dependency "kvm-container-provisioner" manifold worker returned unexpected error: container types not yet available
machine-0: 06:54:35 ERROR juju.worker.dependency "lxd-container-provisioner" manifold worker returned unexpected error: container types not yet available
unit-mongodb-0: 06:54:36 ERROR juju.worker.meterstatus error running "meter-status-changed": charm missing from disk
machine-2: 06:54:47 ERROR juju.worker.dependency "kvm-container-provisioner" manifold worker returned unexpected error: container types not yet available
machine-2: 06:54:47 ERROR juju.worker.dependency "lxd-container-provisioner" manifold worker returned unexpected error: container types not yet available
unit-test-e831uott-0: 06:54:48 ERROR juju.worker.meterstatus error running "meter-status-changed": charm missing from disk
unit-mongodb-0: 06:55:16 ERROR unit.mongodb/0.juju-log Unable to set params: ['vm.max_map_count']
unit-mongodb-0: 06:55:16 ERROR unit.mongodb/0.juju-log Error setting values on sysctl: Unable to set params: ['vm.max_map_count']
machine-1: 06:55:36 ERROR juju.worker.dependency "lxd-container-provisioner" manifold worker returned unexpected error: container types not yet available
machine-1: 06:55:36 ERROR juju.worker.dependency "kvm-container-provisioner" manifold worker returned unexpected error: container types not yet available
unit-github-runner-image-builder-e831uott-0: 06:55:36 ERROR juju.worker.meterstatus error running "meter-status-changed": charm missing from disk
unit-github-runner-image-builder-e831uott-0: 06:56:24 ERROR unit.github-runner-image-builder-e831uott/0.juju-log Pipx command failed, code: 1, out: None, err: None
unit-test-e831uott-0: 07:08:46 ERROR unit.test-e831uott/0.juju-log SSH connection failure with test-e831uott-0-r-df5e17da6521 during flushing
Traceback (most recent call last):
  File "/var/lib/juju/agents/unit-test-e831uott-0/charm/venv/github_runner_manager/openstack_cloud/openstack_runner_manager.py", line 468, in _check_state_and_flush
    ssh_conn = self._openstack_cloud.get_ssh_connection(instance)
  File "/var/lib/juju/agents/unit-test-e831uott-0/charm/venv/github_runner_manager/openstack_cloud/openstack_cloud.py", line 142, in exception_handling_wrapper
    return func(*args, **kwargs)
  File "/var/lib/juju/agents/unit-test-e831uott-0/charm/venv/github_runner_manager/openstack_cloud/openstack_cloud.py", line 345, in get_ssh_connection
    raise SSHError(f"No addresses found for OpenStack server {instance.instance_id.name}")
github_runner_manager.errors.SSHError: No addresses found for OpenStack server test-e831uott-0-r-df5e17da6521
unit-test-e831uott-0: 07:08:51 ERROR unit.test-e831uott/0.juju-log SSH connection failure with test-e831uott-0-r-df5e17da6521 during flushing
Traceback (most recent call last):
  File "/var/lib/juju/agents/unit-test-e831uott-0/charm/venv/github_runner_manager/openstack_cloud/openstack_runner_manager.py", line 468, in _check_state_and_flush
    ssh_conn = self._openstack_cloud.get_ssh_connection(instance)
  File "/var/lib/juju/agents/unit-test-e831uott-0/charm/venv/github_runner_manager/openstack_cloud/openstack_cloud.py", line 142, in exception_handling_wrapper
    return func(*args, **kwargs)
  File "/var/lib/juju/agents/unit-test-e831uott-0/charm/venv/github_runner_manager/openstack_cloud/openstack_cloud.py", line 345, in get_ssh_connection
    raise SSHError(f"No addresses found for OpenStack server {instance.instance_id.name}")
github_runner_manager.errors.SSHError: No addresses found for OpenStack server test-e831uott-0-r-df5e17da6521
unit-test-e831uott-0: 07:09:01 ERROR unit.test-e831uott/0.juju-log SSH connection failure with test-e831uott-0-r-df5e17da6521 during flushing
Traceback (most recent call last):
  File "/var/lib/juju/agents/unit-test-e831uott-0/charm/venv/github_runner_manager/openstack_cloud/openstack_runner_manager.py", line 468, in _check_state_and_flush
    ssh_conn = self._openstack_cloud.get_ssh_connection(instance)
  File "/var/lib/juju/agents/unit-test-e831uott-0/charm/venv/github_runner_manager/openstack_cloud/openstack_cloud.py", line 142, in exception_handling_wrapper
    return func(*args, **kwargs)
  File "/var/lib/juju/agents/unit-test-e831uott-0/charm/venv/github_runner_manager/openstack_cloud/openstack_cloud.py", line 345, in get_ssh_connection
    raise SSHError(f"No addresses found for OpenStack server {instance.instance_id.name}")
github_runner_manager.errors.SSHError: No addresses found for OpenStack server test-e831uott-0-r-df5e17da6521
unit-test-e831uott-0: 07:09:01 ERROR unit.test-e831uott/0.juju-log Retry limit of 3 exceed: No addresses found for OpenStack server test-e831uott-0-r-df5e17da6521
Traceback (most recent call last):
  File "/var/lib/juju/agents/unit-test-e831uott-0/charm/venv/github_runner_manager/utilities.py", line 77, in fn_with_retry
    return func(*args, **kwargs)
  File "/var/lib/juju/agents/unit-test-e831uott-0/charm/venv/github_runner_manager/openstack_cloud/openstack_runner_manager.py", line 468, in _check_state_and_flush
    ssh_conn = self._openstack_cloud.get_ssh_connection(instance)
  File "/var/lib/juju/agents/unit-test-e831uott-0/charm/venv/github_runner_manager/openstack_cloud/openstack_cloud.py", line 142, in exception_handling_wrapper
    return func(*args, **kwargs)
  File "/var/lib/juju/agents/unit-test-e831uott-0/charm/venv/github_runner_manager/openstack_cloud/openstack_cloud.py", line 345, in get_ssh_connection
    raise SSHError(f"No addresses found for OpenStack server {instance.instance_id.name}")
github_runner_manager.errors.SSHError: No addresses found for OpenStack server test-e831uott-0-r-df5e17da6521

07:36:23 INFO Forgetting model main...