06:18:39 WARNING unexpected facade SSHServer received from the controller
06:18:39 INFO Adding model github-pr-e2c5c-lxd:test-charm-upgrade-lf4y on cloud localhost
06:18:39 WARNING unexpected facade SSHServer received from the controller
06:18:39 WARNING unexpected facade SSHSession received from the controller
06:18:39 WARNING unexpected facade SSHTunneler received from the controller
06:18:39 INFO Deploying fake image builder via any-charm for image ID 1ad6e456-fa35-47ef-988f-1e793a60f258
06:18:41 INFO Deploying ch:amd64/noble/any-charm-124
06:18:56 INFO Deploying local:jammy/github-runner-0
06:18:57 INFO Waiting for model:
  test-m2tf2awr/0 [allocating] waiting: waiting for machine
  github-runner-image-builder-m2tf2awr/0 [allocating] waiting: waiting for machine
06:19:27 INFO Waiting for model:
  test-m2tf2awr/0 [allocating] waiting: waiting for machine
  github-runner-image-builder-m2tf2awr/0 [allocating] waiting: agent initialising
06:19:57 INFO Waiting for model:
  test-m2tf2awr/0 [allocating] waiting: waiting for machine
  github-runner-image-builder-m2tf2awr/0 [idle] active: 
06:20:27 INFO Waiting for model:
  test-m2tf2awr/0 [allocating] waiting: agent initialising
06:20:57 INFO Waiting for model:
  test-m2tf2awr/0 [executing] maintenance: installing charm software
06:21:27 INFO Waiting for model:
  test-m2tf2awr/0 [executing] maintenance: Update image for runners
06:21:57 INFO Waiting for model:
  test-m2tf2awr/0 [idle] active: 
06:23:54 INFO Waiting for model:
  test-m2tf2awr/0 [idle] active:
06:24:25 INFO Model status:

Model                    Controller           Cloud/Region         Version  SLA          Timestamp
test-charm-upgrade-lf4y  github-pr-e2c5c-lxd  localhost/localhost  3.6.12   unsupported  06:24:25Z

App                                   Version  Status  Scale  Charm          Channel      Rev  Exposed  Message
github-runner-image-builder-m2tf2awr           active      1  any-charm      latest/beta  124  no       
test-m2tf2awr                                  active      1  github-runner                 1  no       

Unit                                     Workload  Agent  Machine  Public address  Ports  Message
github-runner-image-builder-m2tf2awr/0*  active    idle   0        10.60.39.248           
test-m2tf2awr/0*                         active    idle   1        10.60.39.133           

Machine  State    Address       Inst id        Base          AZ             Message
0        started  10.60.39.248  juju-e651a3-0  ubuntu@24.04  github-runner  Running
1        started  10.60.39.133  juju-e651a3-1  ubuntu@22.04  github-runner  Running

06:24:25 INFO Juju error logs:

machine-0: 06:19:24 ERROR juju.worker.dependency "lxd-container-provisioner" manifold worker returned unexpected error: container types not yet available
machine-0: 06:19:24 ERROR juju.worker.dependency "kvm-container-provisioner" manifold worker returned unexpected error: container types not yet available
machine-1: 06:20:22 ERROR juju.worker.dependency "kvm-container-provisioner" manifold worker returned unexpected error: container types not yet available
machine-1: 06:20:22 ERROR juju.worker.dependency "lxd-container-provisioner" manifold worker returned unexpected error: container types not yet available
unit-test-m2tf2awr-0: 06:21:20 ERROR unit.test-m2tf2awr/0.juju-log Missing image integration.
Traceback (most recent call last):
  File "/var/lib/juju/agents/unit-test-m2tf2awr-0/charm/./src/charm.py", line 119, in func_with_catch_errors
    func(self, event)
  File "/var/lib/juju/agents/unit-test-m2tf2awr-0/charm/./src/charm.py", line 354, in _on_config_changed
    self._check_image_ready()
  File "/var/lib/juju/agents/unit-test-m2tf2awr-0/charm/./src/charm.py", line 524, in _check_image_ready
    raise ImageIntegrationMissingError("No image integration found")
errors.ImageIntegrationMissingError: No image integration found
unit-test-m2tf2awr-0: 06:21:21 ERROR unit.test-m2tf2awr/0.juju-log Missing image integration.
Traceback (most recent call last):
  File "/var/lib/juju/agents/unit-test-m2tf2awr-0/charm/./src/charm.py", line 119, in func_with_catch_errors
    func(self, event)
  File "/var/lib/juju/agents/unit-test-m2tf2awr-0/charm/./src/charm.py", line 317, in _on_start
    self._check_image_ready()
  File "/var/lib/juju/agents/unit-test-m2tf2awr-0/charm/./src/charm.py", line 524, in _check_image_ready
    raise ImageIntegrationMissingError("No image integration found")
errors.ImageIntegrationMissingError: No image integration found

06:24:25 INFO Forgetting model main...