06:33:29 WARNING unexpected facade SSHServer received from the controller
06:33:29 INFO Adding model github-pr-30db0-lxd:test-charm-fork-repo-gy2a on cloud localhost
06:33:30 WARNING unexpected facade SSHServer received from the controller
06:33:30 WARNING unexpected facade SSHSession received from the controller
06:33:30 WARNING unexpected facade SSHTunneler received from the controller
06:33:30 INFO Deploying fake image builder via any-charm for image ID a03a9239-9e72-4b54-ad7d-f85dec8c01d2
06:33:32 INFO Deploying ch:amd64/noble/any-charm-124
06:33:48 INFO Deploying local:jammy/github-runner-0
06:33:48 INFO Waiting for model:
  test-tdpsspzj/0 [allocating] waiting: waiting for machine
  github-runner-image-builder-tdpsspzj/0 [allocating] waiting: waiting for machine
06:34:18 INFO Waiting for model:
  test-tdpsspzj/0 [allocating] waiting: waiting for machine
  github-runner-image-builder-tdpsspzj/0 [allocating] waiting: agent initialising
06:34:49 INFO Waiting for model:
  test-tdpsspzj/0 [allocating] waiting: waiting for machine
06:35:19 INFO Waiting for model:
  test-tdpsspzj/0 [allocating] waiting: waiting for machine
06:35:49 INFO Waiting for model:
  test-tdpsspzj/0 [executing] maintenance: installing charm software
06:36:19 INFO Waiting for model:
  test-tdpsspzj/0 [executing] maintenance: installing charm software
06:36:50 INFO Waiting for model:
  test-tdpsspzj/0 [executing] maintenance: Update image for runners
  github-runner-image-builder-tdpsspzj/0 [idle] active: 
06:37:20 INFO Waiting for model:
  test-tdpsspzj/0 [idle] active: 
06:37:24 INFO GitHub token rate limit: Rate(reset=2025-12-02 07:28:47+00:00, remaining=4679, limit=5000)
06:38:17 INFO Waiting for model:
  test-tdpsspzj/0 [idle] active: 
06:38:47 INFO Waiting for model:
  test-tdpsspzj/0 [idle] active: 
06:38:49 INFO Current reconcile ID: 5948fbe1-c642-4b08-8be1-6bb810a98ae3
06:38:50 INFO Waiting for reconcile ID: 5948fbe1-c642-4b08-8be1-6bb810a98ae3
06:39:51 INFO Current reconcile ID: 5948fbe1-c642-4b08-8be1-6bb810a98ae3
06:39:51 INFO Current reconcile ID: 5948fbe1-c642-4b08-8be1-6bb810a98ae3, expected reconcile ID: 5948fbe1-c642-4b08-8be1-6bb810a98ae3
06:39:51 INFO Waiting for reconcile ID: 5948fbe1-c642-4b08-8be1-6bb810a98ae3
06:40:52 INFO Current reconcile ID: 02c1273d-015e-42d8-96d2-63681064b9f7
06:40:52 INFO Current reconcile ID: 02c1273d-015e-42d8-96d2-63681064b9f7, expected reconcile ID: 5948fbe1-c642-4b08-8be1-6bb810a98ae3
06:44:20 INFO [TEST SETUP] Exposing port 8080 on test-tdpsspzj-0-n-2fffa34d2ef5
06:44:20 WARNING dict_values([[{'version': 4, 'addr': '10.151.122.254', 'OS-EXT-IPS:type': 'fixed', 'OS-EXT-IPS-MAC:mac_addr': 'fa:16:3e:96:35:f5'}]])
06:44:21 INFO ssh tunnel command ssh -fNT -R 8080:localhost:8080 -i /home/runner-manager/.ssh/test-tdpsspzj-0-n-2fffa34d2ef5.key -o "StrictHostKeyChecking no" -o "ControlPersist yes" ubuntu@10.151.122.254 &
06:44:22 INFO ssh tunnel result 0 None Warning: Permanently added '10.151.122.254' (ED25519) to the list of known hosts.

06:44:24 INFO [TEST SETUP] Run command nc -z localhost 8080 on test-tdpsspzj-0-n-2fffa34d2ef5
06:44:24 WARNING dict_values([[{'version': 4, 'addr': '10.151.122.254', 'OS-EXT-IPS:type': 'fixed', 'OS-EXT-IPS-MAC:mac_addr': 'fa:16:3e:96:35:f5'}]])
06:44:25 WARNING ssh_cmd: su - ubuntu -c 'ssh -i /home/runner-manager/.ssh/test-tdpsspzj-0-n-2fffa34d2ef5.key -o "StrictHostKeyChecking no" ubuntu@10.151.122.254 nc -z localhost 8080'
06:44:26 INFO Run command 'nc -z localhost 8080' in runner with result 0: 'None' 'Connection to localhost (127.0.0.1) 8080 port [tcp/http-alt] succeeded!
'
06:44:27 INFO [TEST SETUP] Run command curl http://localhost:8080 on test-tdpsspzj-0-n-2fffa34d2ef5
06:44:27 WARNING dict_values([[{'version': 4, 'addr': '10.151.122.254', 'OS-EXT-IPS:type': 'fixed', 'OS-EXT-IPS-MAC:mac_addr': 'fa:16:3e:96:35:f5'}]])
06:44:28 WARNING ssh_cmd: su - ubuntu -c 'ssh -i /home/runner-manager/.ssh/test-tdpsspzj-0-n-2fffa34d2ef5.key -o "StrictHostKeyChecking no" ubuntu@10.151.122.254 curl http://localhost:8080'
06:44:29 INFO Run command 'curl http://localhost:8080' in runner with result 0: '<!doctype html>
<html lang=en>
<title>404 Not Found</title>
<h1>Not Found</h1>
<p>The requested URL was not found on the server. If you entered the URL manually please check your spelling and try again.</p>
' '  % Total    % Received % Xferd  Average Speed   Time    Time     Time  Current
                                 Dload  Upload   Total   Spent    Left  Speed
  0     0    0     0    0     0      0      0 --:--:-- --:--:-- --:--:--     0100   207  100   207    0     0  81144      0 --:--:-- --:--:-- --:--:--  101k
'
06:44:31 INFO Wait for condition not met, sleeping 10
06:44:42 INFO Wait for condition not met, sleeping 60
06:45:47 INFO Model status:

Model                      Controller           Cloud/Region         Version  SLA          Timestamp
test-charm-fork-repo-gy2a  github-pr-30db0-lxd  localhost/localhost  3.6.12   unsupported  06:45:47Z

App                                   Version  Status  Scale  Charm          Channel      Rev  Exposed  Message
github-runner-image-builder-tdpsspzj           active      1  any-charm      latest/beta  124  no       
test-tdpsspzj                                  active      1  github-runner                 0  yes      

Unit                                     Workload  Agent  Machine  Public address  Ports     Message
github-runner-image-builder-tdpsspzj/0*  active    idle   0        10.116.237.224            
test-tdpsspzj/0*                         active    idle   1        10.116.237.94   8080/tcp  

Machine  State    Address         Inst id        Base          AZ             Message
0        started  10.116.237.224  juju-d851db-0  ubuntu@24.04  github-runner  Running
1        started  10.116.237.94   juju-d851db-1  ubuntu@22.04  github-runner  Running

06:45:47 INFO Juju error logs:

machine-0: 06:34:16 ERROR juju.worker.dependency "kvm-container-provisioner" manifold worker returned unexpected error: container types not yet available
machine-0: 06:34:16 ERROR juju.worker.dependency "lxd-container-provisioner" manifold worker returned unexpected error: container types not yet available
machine-1: 06:35:19 ERROR juju.worker.dependency "lxd-container-provisioner" manifold worker returned unexpected error: container types not yet available
machine-1: 06:35:19 ERROR juju.worker.dependency "kvm-container-provisioner" manifold worker returned unexpected error: container types not yet available
unit-test-tdpsspzj-0: 06:36:43 ERROR unit.test-tdpsspzj/0.juju-log Missing image integration.
Traceback (most recent call last):
  File "/var/lib/juju/agents/unit-test-tdpsspzj-0/charm/./src/charm.py", line 118, in func_with_catch_errors
    func(self, event)
  File "/var/lib/juju/agents/unit-test-tdpsspzj-0/charm/./src/charm.py", line 342, in _on_config_changed
    self._check_image_ready()
  File "/var/lib/juju/agents/unit-test-tdpsspzj-0/charm/./src/charm.py", line 512, in _check_image_ready
    raise ImageIntegrationMissingError("No image integration found")
errors.ImageIntegrationMissingError: No image integration found
unit-test-tdpsspzj-0: 06:36:45 ERROR unit.test-tdpsspzj/0.juju-log Missing image integration.
Traceback (most recent call last):
  File "/var/lib/juju/agents/unit-test-tdpsspzj-0/charm/./src/charm.py", line 118, in func_with_catch_errors
    func(self, event)
  File "/var/lib/juju/agents/unit-test-tdpsspzj-0/charm/./src/charm.py", line 313, in _on_start
    self._check_image_ready()
  File "/var/lib/juju/agents/unit-test-tdpsspzj-0/charm/./src/charm.py", line 512, in _check_image_ready
    raise ImageIntegrationMissingError("No image integration found")
errors.ImageIntegrationMissingError: No image integration found

06:45:47 INFO Forgetting model main...