18:17:53 WARNING unexpected facade SSHServer received from the controller
18:17:53 INFO Adding model github-pr-e2c5c-lxd:test-charm-fork-repo-o4ur on cloud localhost
18:17:54 WARNING unexpected facade SSHServer received from the controller
18:17:54 WARNING unexpected facade SSHSession received from the controller
18:17:54 WARNING unexpected facade SSHTunneler received from the controller
18:17:54 INFO Deploying fake image builder via any-charm for image ID 1ad6e456-fa35-47ef-988f-1e793a60f258
18:17:56 INFO Deploying ch:amd64/noble/any-charm-124
18:18:10 INFO Deploying local:jammy/github-runner-0
18:18:11 INFO Waiting for model:
  test-os2don4z/0 [allocating] waiting: waiting for machine
  github-runner-image-builder-os2don4z/0 [allocating] waiting: waiting for machine
18:18:41 INFO Waiting for model:
  test-os2don4z/0 [allocating] waiting: waiting for machine
  github-runner-image-builder-os2don4z/0 [executing] maintenance: installing charm software
18:19:12 INFO Waiting for model:
  test-os2don4z/0 [allocating] waiting: waiting for machine
18:19:42 INFO Waiting for model:
  test-os2don4z/0 [allocating] waiting: waiting for machine
18:20:12 INFO Waiting for model:
  test-os2don4z/0 [executing] maintenance: installing charm software
18:20:42 INFO Waiting for model:
  test-os2don4z/0 [executing] maintenance: installing charm software
18:21:12 INFO Waiting for model:
  test-os2don4z/0 [idle] active: 
18:21:27 INFO GitHub token rate limit: Rate(reset=2025-12-20 18:41:37+00:00, remaining=4854, limit=5000)
18:22:19 INFO Waiting for model:
  test-os2don4z/0 [idle] active: 
18:22:49 INFO Waiting for model:
  test-os2don4z/0 [idle] active: 
18:22:52 INFO Current reconcile ID: 5225a494-900f-47dc-a106-cc48ff612603
18:22:52 INFO Waiting for reconcile ID: 5225a494-900f-47dc-a106-cc48ff612603
18:23:53 INFO Current reconcile ID: 5225a494-900f-47dc-a106-cc48ff612603
18:23:53 INFO Current reconcile ID: 5225a494-900f-47dc-a106-cc48ff612603, expected reconcile ID: 5225a494-900f-47dc-a106-cc48ff612603
18:23:53 INFO Waiting for reconcile ID: 5225a494-900f-47dc-a106-cc48ff612603
18:24:54 INFO Current reconcile ID: 1d94f484-1562-45f1-aaa7-7197ed4c7dd6
18:24:54 INFO Current reconcile ID: 1d94f484-1562-45f1-aaa7-7197ed4c7dd6, expected reconcile ID: 5225a494-900f-47dc-a106-cc48ff612603
18:26:05 INFO [TEST SETUP] Exposing port 8080 on test-os2don4z-0-n-f3e8790e9a46
18:26:05 WARNING dict_values([[{'version': 4, 'addr': '10.151.122.219', 'OS-EXT-IPS:type': 'fixed', 'OS-EXT-IPS-MAC:mac_addr': 'fa:16:3e:ef:a0:8a'}]])
18:26:06 INFO ssh tunnel command ssh -fNT -R 8080:localhost:8080 -i /home/runner-manager/.ssh/test-os2don4z-0-n-f3e8790e9a46.key -o "StrictHostKeyChecking no" -o "ControlPersist yes" ubuntu@10.151.122.219 &
18:26:07 INFO ssh tunnel result 0 None Warning: Permanently added '10.151.122.219' (ED25519) to the list of known hosts.

18:26:08 INFO [TEST SETUP] Run command nc -z localhost 8080 on test-os2don4z-0-n-f3e8790e9a46
18:26:08 WARNING dict_values([[{'version': 4, 'addr': '10.151.122.219', 'OS-EXT-IPS:type': 'fixed', 'OS-EXT-IPS-MAC:mac_addr': 'fa:16:3e:ef:a0:8a'}]])
18:26:09 WARNING ssh_cmd: su - ubuntu -c 'ssh -i /home/runner-manager/.ssh/test-os2don4z-0-n-f3e8790e9a46.key -o "StrictHostKeyChecking no" ubuntu@10.151.122.219 nc -z localhost 8080'
18:26:10 INFO Run command 'nc -z localhost 8080' in runner with result 0: 'None' 'Connection to localhost (127.0.0.1) 8080 port [tcp/http-alt] succeeded!
'
18:26:11 INFO [TEST SETUP] Run command curl http://localhost:8080 on test-os2don4z-0-n-f3e8790e9a46
18:26:11 WARNING dict_values([[{'version': 4, 'addr': '10.151.122.219', 'OS-EXT-IPS:type': 'fixed', 'OS-EXT-IPS-MAC:mac_addr': 'fa:16:3e:ef:a0:8a'}]])
18:26:12 WARNING ssh_cmd: su - ubuntu -c 'ssh -i /home/runner-manager/.ssh/test-os2don4z-0-n-f3e8790e9a46.key -o "StrictHostKeyChecking no" ubuntu@10.151.122.219 curl http://localhost:8080'
18:26:13 INFO Run command 'curl http://localhost:8080' in runner with result 0: '<!doctype html>
<html lang=en>
<title>404 Not Found</title>
<h1>Not Found</h1>
<p>The requested URL was not found on the server. If you entered the URL manually please check your spelling and try again.</p>
' '  % Total    % Received % Xferd  Average Speed   Time    Time     Time  Current
                                 Dload  Upload   Total   Spent    Left  Speed
  0     0    0     0    0     0      0      0 --:--:-- --:--:-- --:--:--     0100   207  100   207    0     0  83366      0 --:--:-- --:--:-- --:--:--  101k
'
18:26:15 INFO Wait for condition not met, sleeping 10
18:26:26 INFO Wait for condition not met, sleeping 60
18:27:29 INFO Model status:

Model                      Controller           Cloud/Region         Version  SLA          Timestamp
test-charm-fork-repo-o4ur  github-pr-e2c5c-lxd  localhost/localhost  3.6.12   unsupported  18:27:29Z

App                                   Version  Status  Scale  Charm          Channel      Rev  Exposed  Message
github-runner-image-builder-os2don4z           active      1  any-charm      latest/beta  124  no       
test-os2don4z                                  active      1  github-runner                 0  yes      

Unit                                     Workload  Agent  Machine  Public address  Ports     Message
github-runner-image-builder-os2don4z/0*  active    idle   0        10.90.16.7                
test-os2don4z/0*                         active    idle   1        10.90.16.136    8080/tcp  

Machine  State    Address       Inst id        Base          AZ             Message
0        started  10.90.16.7    juju-113113-0  ubuntu@24.04  github-runner  Running
1        started  10.90.16.136  juju-113113-1  ubuntu@22.04  github-runner  Running

18:27:29 INFO Juju error logs:

machine-0: 18:18:35 ERROR juju.worker.dependency "lxd-container-provisioner" manifold worker returned unexpected error: container types not yet available
machine-0: 18:18:35 ERROR juju.worker.dependency "kvm-container-provisioner" manifold worker returned unexpected error: container types not yet available
machine-1: 18:19:41 ERROR juju.worker.dependency "lxd-container-provisioner" manifold worker returned unexpected error: container types not yet available
machine-1: 18:19:41 ERROR juju.worker.dependency "kvm-container-provisioner" manifold worker returned unexpected error: container types not yet available
unit-test-os2don4z-0: 18:20:48 ERROR unit.test-os2don4z/0.juju-log Missing image integration.
Traceback (most recent call last):
  File "/var/lib/juju/agents/unit-test-os2don4z-0/charm/./src/charm.py", line 119, in func_with_catch_errors
    func(self, event)
  File "/var/lib/juju/agents/unit-test-os2don4z-0/charm/./src/charm.py", line 354, in _on_config_changed
    self._check_image_ready()
  File "/var/lib/juju/agents/unit-test-os2don4z-0/charm/./src/charm.py", line 524, in _check_image_ready
    raise ImageIntegrationMissingError("No image integration found")
errors.ImageIntegrationMissingError: No image integration found
unit-test-os2don4z-0: 18:20:49 ERROR unit.test-os2don4z/0.juju-log Missing image integration.
Traceback (most recent call last):
  File "/var/lib/juju/agents/unit-test-os2don4z-0/charm/./src/charm.py", line 119, in func_with_catch_errors
    func(self, event)
  File "/var/lib/juju/agents/unit-test-os2don4z-0/charm/./src/charm.py", line 317, in _on_start
    self._check_image_ready()
  File "/var/lib/juju/agents/unit-test-os2don4z-0/charm/./src/charm.py", line 524, in _check_image_ready
    raise ImageIntegrationMissingError("No image integration found")
errors.ImageIntegrationMissingError: No image integration found

18:27:29 INFO Forgetting model main...