18:24:48 WARNING unexpected facade SSHServer received from the controller
18:24:48 INFO Adding model github-pr-e1eb1-lxd:test-charm-fork-path-change-lbe4 on cloud localhost
18:24:48 WARNING unexpected facade SSHServer received from the controller
18:24:48 WARNING unexpected facade SSHSession received from the controller
18:24:48 WARNING unexpected facade SSHTunneler received from the controller
18:24:49 INFO Deploying ch:amd64/jammy/github-runner-image-builder-125
18:25:02 INFO Deploying local:jammy/github-runner-0
18:25:03 INFO Waiting for model:
  test-byl9hpc1/0 [allocating] waiting: waiting for machine
  github-runner-image-builder-byl9hpc1/0 [allocating] waiting: waiting for machine
18:25:33 INFO Waiting for model:
  test-byl9hpc1/0 [allocating] waiting: waiting for machine
  github-runner-image-builder-byl9hpc1/0 [allocating] waiting: waiting for machine
18:26:03 INFO Waiting for model:
  test-byl9hpc1/0 [allocating] waiting: waiting for machine
  github-runner-image-builder-byl9hpc1/0 [allocating] waiting: waiting for machine
18:26:34 INFO Waiting for model:
  test-byl9hpc1/0 [allocating] waiting: agent initialising
  github-runner-image-builder-byl9hpc1/0 [executing] maintenance: Setting up Builder.
18:27:04 INFO Waiting for model:
  test-byl9hpc1/0 [executing] maintenance: installing charm software
  github-runner-image-builder-byl9hpc1/0 [executing] maintenance: Setting up Builder.
18:27:34 INFO Waiting for model:
  test-byl9hpc1/0 [idle] blocked: Please provide image integration.
  github-runner-image-builder-byl9hpc1/0 [executing] maintenance: Setting up Builder.
18:28:04 INFO Waiting for model:
  test-byl9hpc1/0 [idle] blocked: Please provide image integration.
  github-runner-image-builder-byl9hpc1/0 [executing] maintenance: Setting up Builder.
18:28:34 INFO Waiting for model:
  test-byl9hpc1/0 [idle] waiting: Waiting for image over integration.
  github-runner-image-builder-byl9hpc1/0 [executing] blocked: image integration required.
18:29:05 INFO Waiting for model:
  test-byl9hpc1/0 [idle] waiting: Waiting for image over integration.
  github-runner-image-builder-byl9hpc1/0 [executing] active: Building image.
18:29:27 INFO OpenStack servers: []
18:29:27 INFO Model status:

Model                             Controller           Cloud/Region         Version  SLA          Timestamp
test-charm-fork-path-change-lbe4  github-pr-e1eb1-lxd  localhost/localhost  3.6.9    unsupported  18:29:27Z

App                                   Version  Status   Scale  Charm                        Channel      Rev  Exposed  Message
github-runner-image-builder-byl9hpc1           error        1  github-runner-image-builder  latest/edge  125  no       hook failed: "image-relation-changed"
test-byl9hpc1                                  waiting      1  github-runner                               0  no       Waiting for image over integration.

Unit                                     Workload  Agent  Machine  Public address  Ports  Message
github-runner-image-builder-byl9hpc1/0*  error     idle   0        10.24.112.182          hook failed: "image-relation-changed"
test-byl9hpc1/0*                         waiting   idle   1        10.24.112.142          Waiting for image over integration.

Machine  State    Address        Inst id        Base          AZ             Message
0        started  10.24.112.182  juju-994751-0  ubuntu@22.04  github-runner  Running
1        started  10.24.112.142  juju-994751-1  ubuntu@22.04  github-runner  Running

18:29:28 INFO Juju error logs:

machine-0: 18:26:09 ERROR juju.worker.dependency "kvm-container-provisioner" manifold worker returned unexpected error: container types not yet available
machine-0: 18:26:09 ERROR juju.worker.dependency "lxd-container-provisioner" manifold worker returned unexpected error: container types not yet available
unit-github-runner-image-builder-byl9hpc1-0: 18:26:09 ERROR juju.worker.meterstatus error running "meter-status-changed": charm missing from disk
machine-1: 18:26:25 ERROR juju.worker.dependency "lxd-container-provisioner" manifold worker returned unexpected error: container types not yet available
machine-1: 18:26:25 ERROR juju.worker.dependency "kvm-container-provisioner" manifold worker returned unexpected error: container types not yet available
unit-test-byl9hpc1-0: 18:26:25 ERROR juju.worker.meterstatus error running "meter-status-changed": charm missing from disk
unit-github-runner-image-builder-byl9hpc1-0: 18:26:43 ERROR unit.github-runner-image-builder-byl9hpc1/0.juju-log Pipx command failed, code: 1, out: None, err: None
unit-test-byl9hpc1-0: 18:27:22 ERROR unit.test-byl9hpc1/0.juju-log Missing image integration.
Traceback (most recent call last):
  File "/var/lib/juju/agents/unit-test-byl9hpc1-0/charm/./src/charm.py", line 118, in func_with_catch_errors
    func(self, event)
  File "/var/lib/juju/agents/unit-test-byl9hpc1-0/charm/./src/charm.py", line 342, in _on_config_changed
    self._check_image_ready()
  File "/var/lib/juju/agents/unit-test-byl9hpc1-0/charm/./src/charm.py", line 512, in _check_image_ready
    raise ImageIntegrationMissingError("No image integration found")
errors.ImageIntegrationMissingError: No image integration found
unit-test-byl9hpc1-0: 18:27:24 ERROR unit.test-byl9hpc1/0.juju-log Missing image integration.
Traceback (most recent call last):
  File "/var/lib/juju/agents/unit-test-byl9hpc1-0/charm/./src/charm.py", line 118, in func_with_catch_errors
    func(self, event)
  File "/var/lib/juju/agents/unit-test-byl9hpc1-0/charm/./src/charm.py", line 313, in _on_start
    self._check_image_ready()
  File "/var/lib/juju/agents/unit-test-byl9hpc1-0/charm/./src/charm.py", line 512, in _check_image_ready
    raise ImageIntegrationMissingError("No image integration found")
errors.ImageIntegrationMissingError: No image integration found
unit-test-byl9hpc1-0: 18:28:21 ERROR unit.test-byl9hpc1/0.juju-log image:0: Missing image in image integration.
Traceback (most recent call last):
  File "/var/lib/juju/agents/unit-test-byl9hpc1-0/charm/./src/charm.py", line 118, in func_with_catch_errors
    func(self, event)
  File "/var/lib/juju/agents/unit-test-byl9hpc1-0/charm/./src/charm.py", line 477, in _on_image_relation_changed
    self._check_image_ready()
  File "/var/lib/juju/agents/unit-test-byl9hpc1-0/charm/./src/charm.py", line 514, in _check_image_ready
    raise ImageNotFoundError("No image found in the image integration")
errors.ImageNotFoundError: No image found in the image integration
unit-github-runner-image-builder-byl9hpc1-0: 18:28:42 ERROR unit.github-runner-image-builder-byl9hpc1/0.juju-log image:0: Image build failed, code: 1, out: , err: None, stdout: 
unit-github-runner-image-builder-byl9hpc1-0: 18:28:49 ERROR unit.github-runner-image-builder-byl9hpc1/0.juju-log image:0: Image build failed, code: 1, out: , err: None, stdout: 
unit-github-runner-image-builder-byl9hpc1-0: 18:28:57 ERROR unit.github-runner-image-builder-byl9hpc1/0.juju-log image:0: Image build failed, code: 1, out: , err: None, stdout: 
unit-github-runner-image-builder-byl9hpc1-0: 18:29:08 ERROR unit.github-runner-image-builder-byl9hpc1/0.juju-log image:0: Image build failed, code: 1, out: , err: None, stdout: 

18:29:28 INFO Forgetting model main...