18:24:56 WARNING unexpected facade SSHServer received from the controller
18:24:56 INFO Adding model github-pr-43d35-lxd:test-charm-fork-path-change-vo09 on cloud localhost
18:24:56 WARNING unexpected facade SSHServer received from the controller
18:24:56 WARNING unexpected facade SSHSession received from the controller
18:24:56 WARNING unexpected facade SSHTunneler received from the controller
18:24:58 INFO Deploying ch:amd64/jammy/github-runner-image-builder-82
18:25:22 INFO Deploying local:jammy/github-runner-0
18:25:22 INFO Waiting for model:
  test-zvc1aul6/0 [allocating] waiting: waiting for machine
  github-runner-image-builder-zvc1aul6/0 [allocating] waiting: waiting for machine
18:25:52 INFO Waiting for model:
  test-zvc1aul6/0 [allocating] waiting: waiting for machine
  github-runner-image-builder-zvc1aul6/0 [allocating] waiting: waiting for machine
18:26:23 INFO Waiting for model:
  test-zvc1aul6/0 [allocating] waiting: waiting for machine
  github-runner-image-builder-zvc1aul6/0 [allocating] waiting: agent initialising
18:26:53 INFO Waiting for model:
  test-zvc1aul6/0 [executing] maintenance: installing charm software
  github-runner-image-builder-zvc1aul6/0 [executing] maintenance: Setting up Builder.
18:27:23 INFO Waiting for model:
  test-zvc1aul6/0 [executing] maintenance: installing charm software
  github-runner-image-builder-zvc1aul6/0 [executing] maintenance: Setting up Builder.
18:27:54 INFO Waiting for model:
  test-zvc1aul6/0 [executing] blocked: Please provide image integration.
  github-runner-image-builder-zvc1aul6/0 [executing] maintenance: Setting up Builder.
18:28:24 INFO Waiting for model:
  test-zvc1aul6/0 [idle] blocked: Please provide image integration.
  github-runner-image-builder-zvc1aul6/0 [executing] maintenance: Setting up Builder.
18:28:54 INFO Waiting for model:
  test-zvc1aul6/0 [idle] blocked: Please provide image integration.
  github-runner-image-builder-zvc1aul6/0 [executing] maintenance: Setting up Builder.
18:29:25 INFO Waiting for model:
  test-zvc1aul6/0 [idle] waiting: Waiting for image over integration.
  github-runner-image-builder-zvc1aul6/0 [executing] active: Building image.
18:29:55 INFO Waiting for model:
  test-zvc1aul6/0 [idle] waiting: Waiting for image over integration.
  github-runner-image-builder-zvc1aul6/0 [executing] active: Building image.
18:30:25 INFO Waiting for model:
  test-zvc1aul6/0 [idle] waiting: Waiting for image over integration.
  github-runner-image-builder-zvc1aul6/0 [executing] active: Building image.
18:30:56 INFO Waiting for model:
  test-zvc1aul6/0 [idle] waiting: Waiting for image over integration.
  github-runner-image-builder-zvc1aul6/0 [executing] active: Building image.
18:31:26 INFO Waiting for model:
  test-zvc1aul6/0 [idle] waiting: Waiting for image over integration.
  github-runner-image-builder-zvc1aul6/0 [executing] active: Building image.
18:31:56 INFO Waiting for model:
  test-zvc1aul6/0 [idle] waiting: Waiting for image over integration.
  github-runner-image-builder-zvc1aul6/0 [executing] active: Building image.
18:32:27 INFO Waiting for model:
  test-zvc1aul6/0 [idle] waiting: Waiting for image over integration.
  github-runner-image-builder-zvc1aul6/0 [executing] active: Building image.
18:32:57 INFO Waiting for model:
  test-zvc1aul6/0 [idle] waiting: Waiting for image over integration.
  github-runner-image-builder-zvc1aul6/0 [executing] active: Building image.
18:33:27 INFO Waiting for model:
  test-zvc1aul6/0 [idle] waiting: Waiting for image over integration.
  github-runner-image-builder-zvc1aul6/0 [executing] active: Building image.
18:33:57 INFO Waiting for model:
  test-zvc1aul6/0 [idle] waiting: Waiting for image over integration.
  github-runner-image-builder-zvc1aul6/0 [executing] active: Building image.
18:34:28 INFO Waiting for model:
  test-zvc1aul6/0 [idle] waiting: Waiting for image over integration.
  github-runner-image-builder-zvc1aul6/0 [executing] active: Building image.
18:34:58 INFO Waiting for model:
  test-zvc1aul6/0 [idle] waiting: Waiting for image over integration.
  github-runner-image-builder-zvc1aul6/0 [executing] active: Building image.
18:35:28 INFO Waiting for model:
  test-zvc1aul6/0 [idle] waiting: Waiting for image over integration.
  github-runner-image-builder-zvc1aul6/0 [executing] active: Building image.
18:35:58 INFO Waiting for model:
  test-zvc1aul6/0 [idle] waiting: Waiting for image over integration.
  github-runner-image-builder-zvc1aul6/0 [executing] active: Building image.
18:36:28 INFO Waiting for model:
  test-zvc1aul6/0 [idle] waiting: Waiting for image over integration.
  github-runner-image-builder-zvc1aul6/0 [executing] active: Building image.
18:36:59 INFO Waiting for model:
  test-zvc1aul6/0 [idle] waiting: Waiting for image over integration.
  github-runner-image-builder-zvc1aul6/0 [executing] active: Building image.
18:37:29 INFO Waiting for model:
  test-zvc1aul6/0 [idle] waiting: Waiting for image over integration.
  github-runner-image-builder-zvc1aul6/0 [executing] active: Building image.
18:37:59 INFO Waiting for model:
  test-zvc1aul6/0 [idle] waiting: Waiting for image over integration.
  github-runner-image-builder-zvc1aul6/0 [executing] active: Building image.
18:38:30 INFO Waiting for model:
  test-zvc1aul6/0 [idle] waiting: Waiting for image over integration.
  github-runner-image-builder-zvc1aul6/0 [executing] active: Building image.
18:39:00 INFO Waiting for model:
  test-zvc1aul6/0 [idle] waiting: Waiting for image over integration.
  github-runner-image-builder-zvc1aul6/0 [executing] active: Building image.
18:39:30 INFO Waiting for model:
  test-zvc1aul6/0 [idle] waiting: Waiting for image over integration.
  github-runner-image-builder-zvc1aul6/0 [executing] active: Building image.
18:40:01 INFO Waiting for model:
  test-zvc1aul6/0 [idle] blocked: Invalid token.
  github-runner-image-builder-zvc1aul6/0 [idle] active: 
18:40:31 INFO Waiting for model:
  test-zvc1aul6/0 [idle] blocked: Invalid token.
18:41:01 INFO Waiting for model:
  test-zvc1aul6/0 [idle] blocked: Invalid token.
18:41:32 INFO Waiting for model:
  test-zvc1aul6/0 [idle] blocked: Invalid token.
18:42:02 INFO Waiting for model:
  test-zvc1aul6/0 [idle] blocked: Invalid token.
18:42:32 INFO Waiting for model:
  test-zvc1aul6/0 [idle] blocked: Invalid token.
18:43:02 INFO Waiting for model:
  test-zvc1aul6/0 [idle] blocked: Invalid token.
18:43:32 INFO Waiting for model:
  test-zvc1aul6/0 [idle] blocked: Invalid token.
18:44:03 INFO Waiting for model:
  test-zvc1aul6/0 [idle] blocked: Invalid token.
18:44:33 INFO Waiting for model:
  test-zvc1aul6/0 [idle] blocked: Invalid token.
18:45:03 INFO Waiting for model:
  test-zvc1aul6/0 [idle] blocked: Invalid token.
18:45:34 INFO Waiting for model:
  test-zvc1aul6/0 [idle] blocked: Invalid token.
18:46:04 INFO Waiting for model:
  test-zvc1aul6/0 [idle] blocked: Invalid token.
18:46:34 INFO Waiting for model:
  test-zvc1aul6/0 [idle] blocked: Invalid token.
18:47:04 INFO Waiting for model:
  test-zvc1aul6/0 [idle] blocked: Invalid token.
18:47:34 INFO Waiting for model:
  test-zvc1aul6/0 [idle] blocked: Invalid token.
18:48:05 INFO Waiting for model:
  test-zvc1aul6/0 [idle] blocked: Invalid token.
18:48:35 INFO Waiting for model:
  test-zvc1aul6/0 [idle] blocked: Invalid token.
18:49:05 INFO Waiting for model:
  test-zvc1aul6/0 [idle] blocked: Invalid token.
18:49:35 INFO Waiting for model:
  test-zvc1aul6/0 [idle] blocked: Invalid token.
18:50:05 INFO Waiting for model:
  test-zvc1aul6/0 [idle] blocked: Invalid token.
18:50:36 INFO Waiting for model:
  test-zvc1aul6/0 [idle] blocked: Invalid token.
18:51:06 INFO Waiting for model:
  test-zvc1aul6/0 [idle] blocked: Invalid token.
18:51:36 INFO Waiting for model:
  test-zvc1aul6/0 [idle] blocked: Invalid token.
18:52:06 INFO Waiting for model:
  test-zvc1aul6/0 [idle] blocked: Invalid token.
18:52:36 INFO Waiting for model:
  test-zvc1aul6/0 [idle] blocked: Invalid token.
18:53:06 INFO Waiting for model:
  test-zvc1aul6/0 [idle] blocked: Invalid token.
18:53:36 INFO Waiting for model:
  test-zvc1aul6/0 [idle] blocked: Invalid token.
18:54:06 INFO Waiting for model:
  test-zvc1aul6/0 [idle] blocked: Invalid token.
18:54:36 INFO Waiting for model:
  test-zvc1aul6/0 [idle] blocked: Invalid token.
18:55:06 INFO Waiting for model:
  test-zvc1aul6/0 [idle] blocked: Invalid token.
18:55:24 INFO Model status:

Model                             Controller           Cloud/Region         Version  SLA          Timestamp
test-charm-fork-path-change-vo09  github-pr-43d35-lxd  localhost/localhost  3.6.5    unsupported  18:55:24Z

App                                   Version  Status   Scale  Charm                        Channel      Rev  Exposed  Message
github-runner-image-builder-zvc1aul6           active       1  github-runner-image-builder  latest/edge   82  no       
test-zvc1aul6                                  blocked      1  github-runner                               0  no       Invalid token.

Unit                                     Workload  Agent  Machine  Public address  Ports  Message
github-runner-image-builder-zvc1aul6/0*  active    idle   0        10.234.3.249           
test-zvc1aul6/0*                         blocked   idle   1        10.234.3.154           Invalid token.

Machine  State    Address       Inst id        Base          AZ  Message
0        started  10.234.3.249  juju-10190c-0  ubuntu@22.04      Running
1        started  10.234.3.154  juju-10190c-1  ubuntu@22.04      Running

18:55:24 INFO Juju error logs:

machine-0: 18:26:17 ERROR juju.worker.dependency "kvm-container-provisioner" manifold worker returned unexpected error: container types not yet available
machine-0: 18:26:17 ERROR juju.worker.dependency "lxd-container-provisioner" manifold worker returned unexpected error: container types not yet available
unit-github-runner-image-builder-zvc1aul6-0: 18:26:17 ERROR juju.worker.meterstatus error running "meter-status-changed": charm missing from disk
machine-1: 18:26:26 ERROR juju.worker.dependency "kvm-container-provisioner" manifold worker returned unexpected error: container types not yet available
machine-1: 18:26:26 ERROR juju.worker.dependency "lxd-container-provisioner" manifold worker returned unexpected error: container types not yet available
unit-test-zvc1aul6-0: 18:26:26 ERROR juju.worker.meterstatus error running "meter-status-changed": charm missing from disk
unit-github-runner-image-builder-zvc1aul6-0: 18:27:06 ERROR unit.github-runner-image-builder-zvc1aul6/0.juju-log Pipx command failed, code: 1, out: None, err: None
unit-test-zvc1aul6-0: 18:39:56 ERROR unit.test-zvc1aul6/0.juju-log image:0: Issue with GitHub token
Traceback (most recent call last):
  File "/var/lib/juju/agents/unit-test-zvc1aul6-0/charm/venv/github_runner_manager/github_client.py", line 79, in wrapper
    return func(*args, **kwargs)
  File "/var/lib/juju/agents/unit-test-zvc1aul6-0/charm/venv/github_runner_manager/github_client.py", line 155, in list_runners
    self._client.actions.list_self_hosted_runners_for_repo(
  File "/var/lib/juju/agents/unit-test-zvc1aul6-0/charm/venv/ghapi/core.py", line 74, in __call__
    return self.client(self.path, self.verb, headers=headers, decode=self.decode, route=route_p, query=query_p, data=data_p)
  File "/var/lib/juju/agents/unit-test-zvc1aul6-0/charm/venv/ghapi/core.py", line 133, in __call__
    res,self.recv_hdrs = urlsend(path, verb, headers=headers or None, decode=decode, debug=debug, return_headers=True,
  File "/var/lib/juju/agents/unit-test-zvc1aul6-0/charm/venv/fastcore/net.py", line 221, in urlsend
    return urlread(req, decode=decode, return_json=return_json, return_headers=return_headers, timeout=timeout)
  File "/var/lib/juju/agents/unit-test-zvc1aul6-0/charm/venv/fastcore/net.py", line 122, in urlread
    if 400 <= e.code < 500: raise ExceptionsHTTP[e.code](e.url, e.hdrs, e.fp, msg=e.msg) from None
fastcore.net.HTTP401UnauthorizedError: HTTP Error 401: Unauthorized
====Error Body====
{
  "message": "Bad credentials",
  "documentation_url": "https://docs.github.com/rest",
  "status": "401"
}


The above exception was the direct cause of the following exception:

Traceback (most recent call last):
  File "/var/lib/juju/agents/unit-test-zvc1aul6-0/charm/./src/charm.py", line 121, in func_with_catch_errors
    func(self, event)
  File "/var/lib/juju/agents/unit-test-zvc1aul6-0/charm/./src/charm.py", line 592, in _on_image_relation_changed
    runner_scaler.flush(flush_mode=FlushMode.FLUSH_IDLE)
  File "/var/lib/juju/agents/unit-test-zvc1aul6-0/charm/venv/github_runner_manager/manager/runner_scaler.py", line 249, in flush
    metric_stats = self._manager.cleanup()
  File "/var/lib/juju/agents/unit-test-zvc1aul6-0/charm/venv/github_runner_manager/manager/runner_manager.py", line 254, in cleanup
    deleted_runner_metrics = self._cleanup_resources()
  File "/var/lib/juju/agents/unit-test-zvc1aul6-0/charm/venv/github_runner_manager/manager/runner_manager.py", line 271, in _cleanup_resources
    runners_health_response = self._platform.get_runners_health(cloud_runners)
  File "/var/lib/juju/agents/unit-test-zvc1aul6-0/charm/venv/github_runner_manager/platform/multiplexer_provider.py", line 104, in get_runners_health
    provider_health_response = self._providers[platform_name].get_runners_health(
  File "/var/lib/juju/agents/unit-test-zvc1aul6-0/charm/venv/github_runner_manager/platform/github_provider.py", line 108, in get_runners_health
    github_runners = self._client.list_runners(self._path, self._prefix)
  File "/var/lib/juju/agents/unit-test-zvc1aul6-0/charm/venv/github_runner_manager/github_client.py", line 86, in wrapper
    raise TokenError(msg) from exc
github_runner_manager.platform.platform_provider.TokenError: Invalid token.

18:55:24 INFO Forgetting model main...