06:36:20 WARNING Retrying (GithubRetry(total=9, connect=None, read=None, redirect=None, status=None)) after connection broken by 'ReadTimeoutError("HTTPSConnectionPool(host='api.github.com', port=443): Read timed out. (read timeout=15)")': /repos/canonical/github-runner-operator/git/refs
06:36:22 INFO Waiting for model:
  test-v2pnh7du/0 [idle] active: 
06:36:52 INFO Waiting for model:
  test-v2pnh7du/0 [idle] active: 
06:36:55 INFO Current reconcile ID: 261ba414-4c4c-47ef-9fc6-8ced64e71532
06:36:55 INFO Waiting for reconcile ID: 261ba414-4c4c-47ef-9fc6-8ced64e71532
06:37:56 INFO Current reconcile ID: 261ba414-4c4c-47ef-9fc6-8ced64e71532
06:37:56 INFO Current reconcile ID: 261ba414-4c4c-47ef-9fc6-8ced64e71532, expected reconcile ID: 261ba414-4c4c-47ef-9fc6-8ced64e71532
06:37:56 INFO Waiting for reconcile ID: 261ba414-4c4c-47ef-9fc6-8ced64e71532
06:38:57 INFO Current reconcile ID: 73f54b29-97b7-4d25-b9ea-b093d2052197
06:38:57 INFO Current reconcile ID: 73f54b29-97b7-4d25-b9ea-b093d2052197, expected reconcile ID: 261ba414-4c4c-47ef-9fc6-8ced64e71532
06:38:57 INFO Waiting for model:
  test-v2pnh7du/0 [idle] active: 
06:39:27 INFO Waiting for model:
  test-v2pnh7du/0 [idle] active: 
06:39:36 INFO Current reconcile ID: 6aa3e4b4-fcd2-4e8f-a852-3dfab937c2dc
06:39:36 INFO Waiting for reconcile ID: 6aa3e4b4-fcd2-4e8f-a852-3dfab937c2dc
06:40:37 INFO Current reconcile ID: 6aa3e4b4-fcd2-4e8f-a852-3dfab937c2dc
06:40:37 INFO Current reconcile ID: 6aa3e4b4-fcd2-4e8f-a852-3dfab937c2dc, expected reconcile ID: 6aa3e4b4-fcd2-4e8f-a852-3dfab937c2dc
06:40:37 INFO Waiting for reconcile ID: 6aa3e4b4-fcd2-4e8f-a852-3dfab937c2dc
06:41:38 INFO Current reconcile ID: 79914a36-bc57-4ab9-968c-1c0da60af1a8
06:41:38 INFO Current reconcile ID: 79914a36-bc57-4ab9-968c-1c0da60af1a8, expected reconcile ID: 6aa3e4b4-fcd2-4e8f-a852-3dfab937c2dc
06:41:45 INFO Wait for condition not met, sleeping 30
06:42:27 INFO [TEST SETUP] Run command pkill -9 run.sh on test-v2pnh7du-0-n-f3f87b42fad8
06:42:27 WARNING dict_values([[{'version': 4, 'addr': '10.151.122.153', 'OS-EXT-IPS:type': 'fixed', 'OS-EXT-IPS-MAC:mac_addr': 'fa:16:3e:4c:e1:dc'}]])
06:42:28 WARNING ssh_cmd: su - ubuntu -c 'ssh -i /home/runner-manager/.ssh/test-v2pnh7du-0-n-f3f87b42fad8.key -o "StrictHostKeyChecking no" ubuntu@10.151.122.153 pkill -9 run.sh'
06:42:29 INFO Run command 'pkill -9 run.sh' in runner with result 0: 'None' 'Warning: Permanently added '10.151.122.153' (ED25519) to the list of known hosts.
'
06:42:32 INFO Runner test-v2pnh7du-0-n-f3f87b42fad8 status: online
06:42:32 INFO Runner still marked as online, waiting for it to be marked offline
06:43:32 INFO Waiting for model:
  test-v2pnh7du/0 [idle] active: 
06:44:02 INFO Waiting for model:
  test-v2pnh7du/0 [idle] active: 
06:44:05 INFO Current reconcile ID: 436161d7-e6ce-4fba-bcec-ee003228bc3d
06:44:05 INFO Waiting for reconcile ID: 436161d7-e6ce-4fba-bcec-ee003228bc3d
06:45:06 INFO Current reconcile ID: 436161d7-e6ce-4fba-bcec-ee003228bc3d
06:45:06 INFO Current reconcile ID: 436161d7-e6ce-4fba-bcec-ee003228bc3d, expected reconcile ID: 436161d7-e6ce-4fba-bcec-ee003228bc3d
06:45:06 INFO Waiting for reconcile ID: 436161d7-e6ce-4fba-bcec-ee003228bc3d
06:46:07 INFO Current reconcile ID: 087849ad-fe93-4244-bb4d-165c74bc2a91
06:46:07 INFO Current reconcile ID: 087849ad-fe93-4244-bb4d-165c74bc2a91, expected reconcile ID: 436161d7-e6ce-4fba-bcec-ee003228bc3d
06:46:08 INFO File content of /var/log/github-runner-metrics.log: {"timestamp": 1768977390.428445, "event": "reconciliation", "flavor": "test-v2pnh7du", "crashed_runners": 0, "idle_runners": 0, "active_runners": 0, "expected_runners": 0, "duration": 6.60936427116394}
{"timestamp": 1768977518.2545319, "event": "reconciliation", "flavor": "test-v2pnh7du", "crashed_runners": 0, "idle_runners": 0, "active_runners": 0, "expected_runners": 0, "duration": 7.761265993118286}
{"timestamp": 1768977548.3901615, "event": "reconciliation", "flavor": "test-v2pnh7du", "crashed_runners": 0, "idle_runners": 0, "active_runners": 0, "expected_runners": 1, "duration": 9.730794191360474}
{"timestamp": 1768977675.916832, "event": "reconciliation", "flavor": "test-v2pnh7du", "crashed_runners": 0, "idle_runners": 1, "active_runners": 0, "expected_runners": 1, "duration": 7.417673349380493}
{"timestamp": 1768977625.0, "event": "runner_installed", "flavor": "test-v2pnh7du", "duration": 78.0}
{"timestamp": 1768977709.0, "event": "runner_start", "flavor": "test-v2pnh7du", "workflow": "Workflow Dispatch Crash Tests", "repo": "canonical/github-runner-operator", "github_event": "workflow_dispatch", "idle": 84.0, "queue_duration": 2.0}
{"timestamp": 1768977749.0, "event": "runner_stop", "flavor": "test-v2pnh7du", "workflow": "Workflow Dispatch Crash Tests", "repo": "canonical/github-runner-operator", "github_event": "workflow_dispatch", "status": "abnormal", "status_info": {"code": 137}, "job_duration": 40.0, "job_conclusion": "cancelled"}
{"timestamp": 1768977806.2620723, "event": "reconciliation", "flavor": "test-v2pnh7du", "crashed_runners": 0, "idle_runners": 0, "active_runners": 0, "expected_runners": 1, "duration": 10.22085452079773}
{"timestamp": 1768977820.1702034, "event": "reconciliation", "flavor": "test-v2pnh7du", "crashed_runners": 0, "idle_runners": 0, "active_runners": 0, "expected_runners": 0, "duration": 6.73714280128479}
{"timestamp": 1768977946.9704716, "event": "reconciliation", "flavor": "test-v2pnh7du", "crashed_runners": 0, "idle_runners": 0, "active_runners": 0, "expected_runners": 0, "duration": 6.7192063331604}
06:46:08 INFO Model status:

Model                            Controller           Cloud/Region         Version  SLA          Timestamp
test-charm-metrics-failure-tdpy  github-pr-a4496-lxd  localhost/localhost  3.6.13   unsupported  06:46:08Z

App                                   Version  Status  Scale  Charm          Channel      Rev  Exposed  Message
github-runner-image-builder-v2pnh7du           active      1  any-charm      latest/beta  124  no       
test-v2pnh7du                                  active      1  github-runner                 0  yes      

Unit                                     Workload  Agent  Machine  Public address  Ports     Message
github-runner-image-builder-v2pnh7du/0*  active    idle   0        10.30.154.46              
test-v2pnh7du/0*                         active    idle   1        10.30.154.233   8080/tcp  

Machine  State    Address        Inst id        Base          AZ             Message
0        started  10.30.154.46   juju-036b00-0  ubuntu@24.04  github-runner  Running
1        started  10.30.154.233  juju-036b00-1  ubuntu@22.04  github-runner  Running

06:46:09 INFO Juju error logs:

machine-0: 06:22:26 ERROR juju.worker.dependency "lxd-container-provisioner" manifold worker returned unexpected error: container types not yet available
machine-0: 06:22:26 ERROR juju.worker.dependency "kvm-container-provisioner" manifold worker returned unexpected error: container types not yet available
machine-1: 06:24:16 ERROR juju.worker.dependency "lxd-container-provisioner" manifold worker returned unexpected error: container types not yet available
machine-1: 06:24:16 ERROR juju.worker.dependency "kvm-container-provisioner" manifold worker returned unexpected error: container types not yet available
unit-test-v2pnh7du-0: 06:25:23 ERROR unit.test-v2pnh7du/0.juju-log Missing image integration.
Traceback (most recent call last):
  File "/var/lib/juju/agents/unit-test-v2pnh7du-0/charm/./src/charm.py", line 120, in func_with_catch_errors
    func(self, event)
  File "/var/lib/juju/agents/unit-test-v2pnh7du-0/charm/./src/charm.py", line 358, in _on_config_changed
    self._check_image_ready()
  File "/var/lib/juju/agents/unit-test-v2pnh7du-0/charm/./src/charm.py", line 528, in _check_image_ready
    raise ImageIntegrationMissingError("No image integration found")
errors.ImageIntegrationMissingError: No image integration found
unit-test-v2pnh7du-0: 06:25:24 ERROR unit.test-v2pnh7du/0.juju-log Missing image integration.
Traceback (most recent call last):
  File "/var/lib/juju/agents/unit-test-v2pnh7du-0/charm/./src/charm.py", line 120, in func_with_catch_errors
    func(self, event)
  File "/var/lib/juju/agents/unit-test-v2pnh7du-0/charm/./src/charm.py", line 321, in _on_start
    self._check_image_ready()
  File "/var/lib/juju/agents/unit-test-v2pnh7du-0/charm/./src/charm.py", line 528, in _check_image_ready
    raise ImageIntegrationMissingError("No image integration found")
errors.ImageIntegrationMissingError: No image integration found

06:46:09 INFO Forgetting model main...