06:21:16 WARNING unexpected facade SSHServer received from the controller
06:21:16 INFO Adding model github-pr-a4496-lxd:test-multi-unit-same-machine-lxef on cloud localhost
06:21:16 WARNING unexpected facade SSHServer received from the controller
06:21:16 WARNING unexpected facade SSHSession received from the controller
06:21:16 WARNING unexpected facade SSHTunneler received from the controller
06:21:16 INFO Deploying fake image builder via any-charm for image ID 1ad6e456-fa35-47ef-988f-1e793a60f258
06:21:18 INFO Deploying ch:amd64/noble/any-charm-124
06:21:34 INFO Deploying local:jammy/github-runner-0
06:21:34 INFO Waiting for model:
  test-h8pmtrd6/0 [allocating] waiting: waiting for machine
  github-runner-image-builder-h8pmtrd6/0 [allocating] waiting: waiting for machine
06:22:04 INFO Waiting for model:
  test-h8pmtrd6/0 [allocating] waiting: waiting for machine
  github-runner-image-builder-h8pmtrd6/0 [allocating] waiting: waiting for machine
06:22:35 INFO Waiting for model:
  test-h8pmtrd6/0 [allocating] waiting: waiting for machine
06:23:05 INFO Waiting for model:
  test-h8pmtrd6/0 [allocating] waiting: waiting for machine
06:23:35 INFO Waiting for model:
  test-h8pmtrd6/0 [allocating] waiting: waiting for machine
06:24:05 INFO Waiting for model:
  test-h8pmtrd6/0 [executing] maintenance: installing charm software
06:24:35 INFO Waiting for model:
  test-h8pmtrd6/0 [executing] maintenance: installing charm software
06:25:06 INFO Waiting for model:
  test-h8pmtrd6/0 [idle] active:
06:25:20 INFO Waiting for model:
  test-h8pmtrd6/0 [idle] active: 
  test-h8pmtrd6/1 [allocating] waiting: installing agent
06:25:50 INFO Waiting for model:
  test-h8pmtrd6/0 [idle] active: 
  test-h8pmtrd6/1 [executing] maintenance: installing charm software
06:26:20 INFO Waiting for model:
  test-h8pmtrd6/0 [idle] active: 
  test-h8pmtrd6/1 [executing] maintenance: Update image for runners
06:26:43 INFO File content of /var/lib/github-runner-manager/test-h8pmtrd6-0/http_port: 55555
06:26:44 INFO File content of /var/lib/github-runner-manager/test-h8pmtrd6-1/http_port: 55556
06:26:47 INFO File content of /var/lib/github-runner-manager/test-h8pmtrd6-1/http_port: 55556
06:26:50 INFO File content of /var/lib/github-runner-manager/test-h8pmtrd6-1/http_port: 55556
06:26:51 INFO Model status:

Model                              Controller           Cloud/Region         Version  SLA          Timestamp
test-multi-unit-same-machine-lxef  github-pr-a4496-lxd  localhost/localhost  3.6.13   unsupported  06:26:51Z

App                                   Version  Status  Scale  Charm          Channel      Rev  Exposed  Message
github-runner-image-builder-h8pmtrd6           active      1  any-charm      latest/beta  124  no       
test-h8pmtrd6                                  active      2  github-runner                 0  no       

Unit                                     Workload  Agent  Machine  Public address  Ports  Message
github-runner-image-builder-h8pmtrd6/0*  active    idle   0        10.152.206.230         
test-h8pmtrd6/0*                         active    idle   1        10.152.206.142         
test-h8pmtrd6/1                          active    idle   1        10.152.206.142         

Machine  State    Address         Inst id        Base          AZ             Message
0        started  10.152.206.230  juju-75f569-0  ubuntu@24.04  github-runner  Running
1        started  10.152.206.142  juju-75f569-1  ubuntu@22.04  github-runner  Running

06:26:51 INFO Juju error logs:

machine-0: 06:22:06 ERROR juju.worker.dependency "lxd-container-provisioner" manifold worker returned unexpected error: container types not yet available
machine-0: 06:22:06 ERROR juju.worker.dependency "kvm-container-provisioner" manifold worker returned unexpected error: container types not yet available
machine-1: 06:23:41 ERROR juju.worker.dependency "kvm-container-provisioner" manifold worker returned unexpected error: container types not yet available
machine-1: 06:23:41 ERROR juju.worker.dependency "lxd-container-provisioner" manifold worker returned unexpected error: container types not yet available
unit-test-h8pmtrd6-0: 06:24:40 ERROR unit.test-h8pmtrd6/0.juju-log Missing image integration.
Traceback (most recent call last):
  File "/var/lib/juju/agents/unit-test-h8pmtrd6-0/charm/./src/charm.py", line 120, in func_with_catch_errors
    func(self, event)
  File "/var/lib/juju/agents/unit-test-h8pmtrd6-0/charm/./src/charm.py", line 358, in _on_config_changed
    self._check_image_ready()
  File "/var/lib/juju/agents/unit-test-h8pmtrd6-0/charm/./src/charm.py", line 528, in _check_image_ready
    raise ImageIntegrationMissingError("No image integration found")
errors.ImageIntegrationMissingError: No image integration found
unit-test-h8pmtrd6-0: 06:24:41 ERROR unit.test-h8pmtrd6/0.juju-log Missing image integration.
Traceback (most recent call last):
  File "/var/lib/juju/agents/unit-test-h8pmtrd6-0/charm/./src/charm.py", line 120, in func_with_catch_errors
    func(self, event)
  File "/var/lib/juju/agents/unit-test-h8pmtrd6-0/charm/./src/charm.py", line 321, in _on_start
    self._check_image_ready()
  File "/var/lib/juju/agents/unit-test-h8pmtrd6-0/charm/./src/charm.py", line 528, in _check_image_ready
    raise ImageIntegrationMissingError("No image integration found")
errors.ImageIntegrationMissingError: No image integration found
unit-test-h8pmtrd6-1: 06:25:59 ERROR unit.test-h8pmtrd6/1.juju-log Missing image integration.
Traceback (most recent call last):
  File "/var/lib/juju/agents/unit-test-h8pmtrd6-1/charm/./src/charm.py", line 120, in func_with_catch_errors
    func(self, event)
  File "/var/lib/juju/agents/unit-test-h8pmtrd6-1/charm/./src/charm.py", line 358, in _on_config_changed
    self._check_image_ready()
  File "/var/lib/juju/agents/unit-test-h8pmtrd6-1/charm/./src/charm.py", line 528, in _check_image_ready
    raise ImageIntegrationMissingError("No image integration found")
errors.ImageIntegrationMissingError: No image integration found
unit-test-h8pmtrd6-1: 06:26:00 ERROR unit.test-h8pmtrd6/1.juju-log Missing image integration.
Traceback (most recent call last):
  File "/var/lib/juju/agents/unit-test-h8pmtrd6-1/charm/./src/charm.py", line 120, in func_with_catch_errors
    func(self, event)
  File "/var/lib/juju/agents/unit-test-h8pmtrd6-1/charm/./src/charm.py", line 321, in _on_start
    self._check_image_ready()
  File "/var/lib/juju/agents/unit-test-h8pmtrd6-1/charm/./src/charm.py", line 528, in _check_image_ready
    raise ImageIntegrationMissingError("No image integration found")
errors.ImageIntegrationMissingError: No image integration found

06:26:51 INFO Forgetting model main...