INFO     pytest_operator.plugin:plugin.py:745 Adding model github-pr-8c6f7-lxd:test-charm-scheduled-events-gh17 on cloud localhost
WARNING  juju.client.connection:connection.py:893 unexpected facade AgentLifeFlag received from the controller
WARNING  juju.client.connection:connection.py:909 unknown common facade version for AgentLifeFlag,
versions known to client : [2, 3]
versions known to controller : [1]
WARNING  juju.client.connection:connection.py:893 unexpected facade SecretsDrain received from the controller
INFO     juju.model:model.py:1988 Deploying local:jammy/github-runner-0
INFO     juju.model:model.py:2641 Waiting for model:
  test-jpmd6uqt (not enough units yet - 0/1)
INFO     juju.model:model.py:2641 Waiting for model:
  test-jpmd6uqt/0 [allocating] waiting: waiting for machine
INFO     juju.model:model.py:2641 Waiting for model:
  test-jpmd6uqt/0 [allocating] waiting: waiting for machine
INFO     juju.model:model.py:2641 Waiting for model:
  test-jpmd6uqt/0 [allocating] waiting: waiting for machine
INFO     juju.model:model.py:2641 Waiting for model:
  test-jpmd6uqt/0 [allocating] waiting: waiting for machine
INFO     juju.model:model.py:2641 Waiting for model:
  test-jpmd6uqt/0 [allocating] waiting: waiting for machine
INFO     juju.model:model.py:2641 Waiting for model:
  test-jpmd6uqt/0 [allocating] waiting: agent initialising
INFO     juju.model:model.py:2641 Waiting for model:
  test-jpmd6uqt/0 [executing] maintenance: Installing packages
INFO     juju.model:model.py:2641 Waiting for model:
  test-jpmd6uqt/0 [executing] maintenance: Installing packages
INFO     juju.model:model.py:2641 Waiting for model:
  test-jpmd6uqt/0 [executing] maintenance: Building runner image
INFO     juju.model:model.py:2641 Waiting for model:
  test-jpmd6uqt/0 [executing] maintenance: Building runner image
INFO     juju.model:model.py:2641 Waiting for model:
  test-jpmd6uqt/0 [executing] maintenance: Building runner image
INFO     juju.model:model.py:2641 Waiting for model:
  test-jpmd6uqt/0 [executing] maintenance: Building runner image
INFO     juju.model:model.py:2641 Waiting for model:
  test-jpmd6uqt/0 [executing] maintenance: Building runner image
INFO     juju.model:model.py:2641 Waiting for model:
  test-jpmd6uqt/0 [executing] maintenance: Building runner image
INFO     juju.model:model.py:2641 Waiting for model:
  test-jpmd6uqt/0 [executing] maintenance: Building runner image
INFO     juju.model:model.py:2641 Waiting for model:
  test-jpmd6uqt/0 [executing] maintenance: Checking for service updates
INFO     juju.model:model.py:2641 Waiting for model:
  test-jpmd6uqt/0 [executing] active: 
INFO     juju.model:model.py:2641 Waiting for model:
  test-jpmd6uqt/0 [executing] active: 
INFO     juju.model:model.py:2641 Waiting for model:
  test-jpmd6uqt/0 [rebooting] active: 
INFO     juju.model:model.py:2641 Waiting for model:
  test-jpmd6uqt/0 [rebooting] active: 
INFO     juju.model:model.py:2641 Waiting for model:
  test-jpmd6uqt/0 [rebooting] active: 
INFO     juju.model:model.py:2641 Waiting for model:
  test-jpmd6uqt/0 [executing] active: 
INFO     juju.model:model.py:2641 Waiting for model:
  test-jpmd6uqt/0 [idle] active: 
INFO     juju.model:model.py:2641 Waiting for model:
  test-jpmd6uqt/0 [executing] maintenance: Checking for service updates
INFO     juju.model:model.py:2641 Waiting for model:
  test-jpmd6uqt/0 [idle] active:
INFO     pytest_operator.plugin:plugin.py:929 Model status:

Model                             Controller           Cloud/Region         Version  SLA          Timestamp
test-charm-scheduled-events-gh17  github-pr-8c6f7-lxd  localhost/localhost  3.1.10   unsupported  05:39:16Z

App            Version  Status  Scale  Charm          Channel  Rev  Exposed  Message
test-jpmd6uqt           active      1  github-runner             0  no       

Unit              Workload  Agent  Machine  Public address  Ports  Message
test-jpmd6uqt/0*  active    idle   0        10.151.40.188          

Machine  State    Address        Inst id        Base          AZ  Message
0        started  10.151.40.188  juju-0b5db1-0  ubuntu@22.04      Running

INFO     pytest_operator.plugin:plugin.py:935 Juju error logs:

machine-0: 05:17:25 ERROR juju.worker.dependency "lxd-container-provisioner" manifold worker returned unexpected error: container types not yet available
machine-0: 05:17:25 ERROR juju.worker.dependency "kvm-container-provisioner" manifold worker returned unexpected error: container types not yet available
machine-0: 05:17:25 ERROR juju.worker.dependency "broker-tracker" manifold worker returned unexpected error: no container types determined
unit-test-jpmd6uqt-0: 05:17:26 ERROR juju.worker.meterstatus error running "meter-status-changed": charm missing from disk
unit-test-jpmd6uqt-0: 05:17:35 CRITICAL unit.test-jpmd6uqt/0.juju-log test mode is enabled
unit-test-jpmd6uqt-0: 05:17:36 CRITICAL unit.test-jpmd6uqt/0.juju-log test mode is enabled
unit-test-jpmd6uqt-0: 05:22:27 CRITICAL unit.test-jpmd6uqt/0.juju-log test mode is enabled
machine-0: 05:23:33 ERROR juju.worker.deployer fatal error "test-jpmd6uqt/0": machine needs to reboot
unit-test-jpmd6uqt-0: 05:25:11 CRITICAL unit.test-jpmd6uqt/0.juju-log test mode is enabled
unit-test-jpmd6uqt-0: 05:25:12 CRITICAL unit.test-jpmd6uqt/0.juju-log test mode is enabled
unit-test-jpmd6uqt-0: 05:25:37 ERROR unit.test-jpmd6uqt/0.juju-log Command /usr/bin/systemctl is-active repo-policy-compliance failed with code 3: b''
unit-test-jpmd6uqt-0: 05:25:37 ERROR unit.test-jpmd6uqt/0.juju-log Found inactive repo-policy-compliance service.
Traceback (most recent call last):
  File "/var/lib/juju/agents/unit-test-jpmd6uqt-0/charm/src/utilities.py", line 55, in execute_command
    result.check_returncode()
  File "/usr/lib/python3.10/subprocess.py", line 457, in check_returncode
    raise CalledProcessError(self.returncode, self.args, self.stdout,
subprocess.CalledProcessError: Command '['/usr/bin/systemctl', 'is-active', 'repo-policy-compliance']' returned non-zero exit status 3.

The above exception was the direct cause of the following exception:

Traceback (most recent call last):
  File "/var/lib/juju/agents/unit-test-jpmd6uqt-0/charm/./src/charm.py", line 391, in _ensure_service_health
    execute_command(["/usr/bin/systemctl", "is-active", "repo-policy-compliance"])
  File "/var/lib/juju/agents/unit-test-jpmd6uqt-0/charm/src/utilities.py", line 64, in execute_command
    raise SubprocessError(cmd, err.returncode, err.stdout, err.stderr) from err
errors.SubprocessError: [/usr/bin/systemctl is-active repo-policy-compliance] failed with return code 3: b''
unit-test-jpmd6uqt-0: 05:25:43 CRITICAL unit.test-jpmd6uqt/0.juju-log test mode is enabled
unit-test-jpmd6uqt-0: 05:25:52 CRITICAL unit.test-jpmd6uqt/0.juju-log test mode is enabled
unit-test-jpmd6uqt-0: 05:26:13 CRITICAL unit.test-jpmd6uqt/0.juju-log test mode is enabled
unit-test-jpmd6uqt-0: 05:28:21 CRITICAL unit.test-jpmd6uqt/0.juju-log test mode is enabled
unit-test-jpmd6uqt-0: 05:28:27 CRITICAL unit.test-jpmd6uqt/0.juju-log test mode is enabled
unit-test-jpmd6uqt-0: 05:29:22 CRITICAL unit.test-jpmd6uqt/0.juju-log test mode is enabled
unit-test-jpmd6uqt-0: 05:29:23 ERROR unit.test-jpmd6uqt/0.juju-log Missing runner binary
Traceback (most recent call last):
  File "/var/lib/juju/agents/unit-test-jpmd6uqt-0/charm/./src/charm.py", line 155, in func_with_catch_errors
    func(self, event)
  File "/var/lib/juju/agents/unit-test-jpmd6uqt-0/charm/./src/charm.py", line 689, in _on_config_changed
    self._reconcile_lxd_runners(
  File "/var/lib/juju/agents/unit-test-jpmd6uqt-0/charm/./src/charm.py", line 989, in _reconcile_lxd_runners
    raise MissingRunnerBinaryError("Runner binary not found.")
errors.MissingRunnerBinaryError: Runner binary not found.
unit-test-jpmd6uqt-0: 05:29:24 CRITICAL unit.test-jpmd6uqt/0.juju-log test mode is enabled
unit-test-jpmd6uqt-0: 05:34:10 CRITICAL unit.test-jpmd6uqt/0.juju-log test mode is enabled
unit-test-jpmd6uqt-0: 05:35:40 CRITICAL unit.test-jpmd6uqt/0.juju-log test mode is enabled

INFO     pytest_operator.plugin:plugin.py:1017 Forgetting model main...