INFO     pytest_operator.plugin:plugin.py:929 Model status:

Model                   Controller  Cloud/Region         Version  SLA          Timestamp
test-charm-runner-jgut  lxd         localhost/localhost  3.6.1    unsupported  06:00:10Z

App                          Version  Status  Scale  Charm                        Channel      Rev  Exposed  Message
github-runner-image-builder           active      1  github-runner-image-builder  latest/edge    2  no       
test-u2ocvmyp                         active      1  github-runner                               0  no       

Unit                            Workload  Agent  Machine  Public address  Ports  Message
github-runner-image-builder/0*  active    idle   0        10.210.93.219          
test-u2ocvmyp/0*                active    idle   1        10.210.93.2            

Machine  State    Address        Inst id        Base          AZ  Message
0        started  10.210.93.219  juju-9bb268-0  ubuntu@22.04      Running
1        started  10.210.93.2    juju-9bb268-1  ubuntu@22.04      Running

INFO     pytest_operator.plugin:plugin.py:935 Juju error logs:

machine-0: 05:47:58 ERROR juju.worker.dependency "lxd-container-provisioner" manifold worker returned unexpected error: container types not yet available
machine-0: 05:47:58 ERROR juju.worker.dependency "kvm-container-provisioner" manifold worker returned unexpected error: container types not yet available
unit-github-runner-image-builder-0: 05:47:58 ERROR juju.worker.meterstatus error running "meter-status-changed": charm missing from disk
machine-1: 05:51:19 ERROR juju.worker.dependency "kvm-container-provisioner" manifold worker returned unexpected error: container types not yet available
machine-1: 05:51:19 ERROR juju.worker.dependency "lxd-container-provisioner" manifold worker returned unexpected error: container types not yet available
unit-test-u2ocvmyp-0: 05:51:19 ERROR juju.worker.meterstatus error running "meter-status-changed": charm missing from disk
unit-test-u2ocvmyp-0: 05:51:32 CRITICAL unit.test-u2ocvmyp/0.juju-log test mode is enabled
unit-test-u2ocvmyp-0: 05:51:34 CRITICAL unit.test-u2ocvmyp/0.juju-log test mode is enabled
unit-test-u2ocvmyp-0: 05:51:37 CRITICAL unit.test-u2ocvmyp/0.juju-log image:0: test mode is enabled
unit-test-u2ocvmyp-0: 05:51:38 CRITICAL unit.test-u2ocvmyp/0.juju-log test mode is enabled
unit-test-u2ocvmyp-0: 05:51:39 CRITICAL unit.test-u2ocvmyp/0.juju-log test mode is enabled
unit-test-u2ocvmyp-0: 05:51:41 CRITICAL unit.test-u2ocvmyp/0.juju-log test mode is enabled
unit-test-u2ocvmyp-0: 05:51:42 CRITICAL unit.test-u2ocvmyp/0.juju-log test mode is enabled
unit-test-u2ocvmyp-0: 05:51:43 CRITICAL unit.test-u2ocvmyp/0.juju-log image:0: test mode is enabled
unit-test-u2ocvmyp-0: 05:51:44 CRITICAL unit.test-u2ocvmyp/0.juju-log image:0: test mode is enabled
unit-test-u2ocvmyp-0: 05:52:20 CRITICAL unit.test-u2ocvmyp/0.juju-log test mode is enabled
unit-test-u2ocvmyp-0: 05:52:22 CRITICAL unit.test-u2ocvmyp/0.juju-log test mode is enabled
unit-test-u2ocvmyp-0: 05:54:22 CRITICAL unit.test-u2ocvmyp/0.juju-log test mode is enabled
unit-test-u2ocvmyp-0: 05:54:57 CRITICAL unit.test-u2ocvmyp/0.juju-log test mode is enabled
unit-test-u2ocvmyp-0: 05:55:04 CRITICAL unit.test-u2ocvmyp/0.juju-log test mode is enabled
unit-test-u2ocvmyp-0: 05:55:05 CRITICAL unit.test-u2ocvmyp/0.juju-log test mode is enabled
unit-test-u2ocvmyp-0: 05:55:31 ERROR unit.test-u2ocvmyp/0.juju-log pre-job-metrics.json not found for runner test-u2ocvmyp-0-a8294ff08013
Traceback (most recent call last):
  File "/var/lib/juju/agents/unit-test-u2ocvmyp-0/charm/venv/github_runner_manager/metrics/runner.py", line 557, in _extract_file_from_storage
    file_content = metrics_storage.path.joinpath(filename).read_text(encoding="utf-8")
  File "/usr/lib/python3.10/pathlib.py", line 1134, in read_text
    with self.open(mode='r', encoding=encoding, errors=errors) as f:
  File "/usr/lib/python3.10/pathlib.py", line 1119, in open
    return self._accessor.open(self, mode, buffering, encoding, errors,
FileNotFoundError: [Errno 2] No such file or directory: '/home/runner-manager/runner-fs/test-u2ocvmyp-0-a8294ff08013/pre-job-metrics.json'
unit-test-u2ocvmyp-0: 05:55:31 ERROR unit.test-u2ocvmyp/0.juju-log Pre-job metrics for runner test-u2ocvmyp-0-a8294ff08013 not found, stop extracting post-jobs metrics.
unit-test-u2ocvmyp-0: 05:55:35 CRITICAL unit.test-u2ocvmyp/0.juju-log test mode is enabled
unit-test-u2ocvmyp-0: 05:56:04 CRITICAL unit.test-u2ocvmyp/0.juju-log test mode is enabled
unit-test-u2ocvmyp-0: 05:56:06 CRITICAL unit.test-u2ocvmyp/0.juju-log test mode is enabled
unit-test-u2ocvmyp-0: 05:57:44 CRITICAL unit.test-u2ocvmyp/0.juju-log test mode is enabled
unit-test-u2ocvmyp-0: 05:58:06 CRITICAL unit.test-u2ocvmyp/0.juju-log test mode is enabled
unit-test-u2ocvmyp-0: 05:58:22 CRITICAL unit.test-u2ocvmyp/0.juju-log test mode is enabled
unit-test-u2ocvmyp-0: 05:58:29 CRITICAL unit.test-u2ocvmyp/0.juju-log test mode is enabled
unit-test-u2ocvmyp-0: 05:58:31 CRITICAL unit.test-u2ocvmyp/0.juju-log test mode is enabled
unit-test-u2ocvmyp-0: 05:58:55 ERROR unit.test-u2ocvmyp/0.juju-log pre-job-metrics.json not found for runner test-u2ocvmyp-0-9bd128cf3310
Traceback (most recent call last):
  File "/var/lib/juju/agents/unit-test-u2ocvmyp-0/charm/venv/github_runner_manager/metrics/runner.py", line 557, in _extract_file_from_storage
    file_content = metrics_storage.path.joinpath(filename).read_text(encoding="utf-8")
  File "/usr/lib/python3.10/pathlib.py", line 1134, in read_text
    with self.open(mode='r', encoding=encoding, errors=errors) as f:
  File "/usr/lib/python3.10/pathlib.py", line 1119, in open
    return self._accessor.open(self, mode, buffering, encoding, errors,
FileNotFoundError: [Errno 2] No such file or directory: '/home/runner-manager/runner-fs/test-u2ocvmyp-0-9bd128cf3310/pre-job-metrics.json'
unit-test-u2ocvmyp-0: 05:58:55 ERROR unit.test-u2ocvmyp/0.juju-log Pre-job metrics for runner test-u2ocvmyp-0-9bd128cf3310 not found, stop extracting post-jobs metrics.
unit-test-u2ocvmyp-0: 05:59:07 ERROR unit.test-u2ocvmyp/0.juju-log Failed to create openstack server test-u2ocvmyp-0-0dd17c84c270
Traceback (most recent call last):
  File "/var/lib/juju/agents/unit-test-u2ocvmyp-0/charm/venv/github_runner_manager/openstack_cloud/openstack_cloud.py", line 227, in launch_instance
    server = conn.create_server(
  File "/var/lib/juju/agents/unit-test-u2ocvmyp-0/charm/venv/decorator.py", line 232, in fun
    return caller(func, *(extras + args), **kw)
  File "/var/lib/juju/agents/unit-test-u2ocvmyp-0/charm/venv/openstack/cloud/_utils.py", line 224, in func_wrapper
    return func(*args, **kwargs)
  File "/var/lib/juju/agents/unit-test-u2ocvmyp-0/charm/venv/openstack/cloud/_compute.py", line 960, in create_server
    raise exc.OpenStackCloudException(
openstack.exceptions.SDKException: Image bffccc4d-67ce-4f86-a39a-a74f3486c3e4 was requested but was not found on the cloud
unit-test-u2ocvmyp-0: 05:59:07 ERROR unit.test-u2ocvmyp/0.juju-log Failed to spawn a runner.
Traceback (most recent call last):
  File "/var/lib/juju/agents/unit-test-u2ocvmyp-0/charm/venv/github_runner_manager/openstack_cloud/openstack_cloud.py", line 227, in launch_instance
    server = conn.create_server(
  File "/var/lib/juju/agents/unit-test-u2ocvmyp-0/charm/venv/decorator.py", line 232, in fun
    return caller(func, *(extras + args), **kw)
  File "/var/lib/juju/agents/unit-test-u2ocvmyp-0/charm/venv/openstack/cloud/_utils.py", line 224, in func_wrapper
    return func(*args, **kwargs)
  File "/var/lib/juju/agents/unit-test-u2ocvmyp-0/charm/venv/openstack/cloud/_compute.py", line 960, in create_server
    raise exc.OpenStackCloudException(
openstack.exceptions.SDKException: Image bffccc4d-67ce-4f86-a39a-a74f3486c3e4 was requested but was not found on the cloud

The above exception was the direct cause of the following exception:

Traceback (most recent call last):
  File "/var/lib/juju/agents/unit-test-u2ocvmyp-0/charm/venv/github_runner_manager/openstack_cloud/openstack_runner_manager.py", line 209, in create_runner
    instance = self._openstack_cloud.launch_instance(
  File "/var/lib/juju/agents/unit-test-u2ocvmyp-0/charm/venv/github_runner_manager/openstack_cloud/openstack_cloud.py", line 138, in exception_handling_wrapper
    return func(*args, **kwargs)
  File "/var/lib/juju/agents/unit-test-u2ocvmyp-0/charm/venv/github_runner_manager/openstack_cloud/openstack_cloud.py", line 250, in launch_instance
    raise OpenStackError(f"Failed to create openstack server {full_name}") from err
github_runner_manager.errors.OpenStackError: Failed to create openstack server test-u2ocvmyp-0-0dd17c84c270

The above exception was the direct cause of the following exception:

Traceback (most recent call last):
  File "/var/lib/juju/agents/unit-test-u2ocvmyp-0/charm/venv/github_runner_manager/manager/runner_manager.py", line 276, in _spawn_runners
    return (RunnerManager._create_runner(create_runner_args_sequence[0]),)
  File "/var/lib/juju/agents/unit-test-u2ocvmyp-0/charm/venv/github_runner_manager/manager/runner_manager.py", line 404, in _create_runner
    return args.cloud_runner_manager.create_runner(registration_token=args.registration_token)
  File "/var/lib/juju/agents/unit-test-u2ocvmyp-0/charm/venv/github_runner_manager/openstack_cloud/openstack_runner_manager.py", line 217, in create_runner
    raise RunnerCreateError(f"Failed to create {instance_name} openstack runner") from err
github_runner_manager.errors.RunnerCreateError: Failed to create test-u2ocvmyp-0-0dd17c84c270 openstack runner
unit-test-u2ocvmyp-0: 05:59:10 CRITICAL unit.test-u2ocvmyp/0.juju-log test mode is enabled
unit-test-u2ocvmyp-0: 05:59:19 ERROR unit.test-u2ocvmyp/0.juju-log Failed to create openstack server test-u2ocvmyp-0-c8fce081fe24
Traceback (most recent call last):
  File "/var/lib/juju/agents/unit-test-u2ocvmyp-0/charm/venv/github_runner_manager/openstack_cloud/openstack_cloud.py", line 227, in launch_instance
    server = conn.create_server(
  File "/var/lib/juju/agents/unit-test-u2ocvmyp-0/charm/venv/decorator.py", line 232, in fun
    return caller(func, *(extras + args), **kw)
  File "/var/lib/juju/agents/unit-test-u2ocvmyp-0/charm/venv/openstack/cloud/_utils.py", line 224, in func_wrapper
    return func(*args, **kwargs)
  File "/var/lib/juju/agents/unit-test-u2ocvmyp-0/charm/venv/openstack/cloud/_compute.py", line 960, in create_server
    raise exc.OpenStackCloudException(
openstack.exceptions.SDKException: Image bffccc4d-67ce-4f86-a39a-a74f3486c3e4 was requested but was not found on the cloud
unit-test-u2ocvmyp-0: 05:59:19 ERROR unit.test-u2ocvmyp/0.juju-log Failed to spawn a runner.
Traceback (most recent call last):
  File "/var/lib/juju/agents/unit-test-u2ocvmyp-0/charm/venv/github_runner_manager/openstack_cloud/openstack_cloud.py", line 227, in launch_instance
    server = conn.create_server(
  File "/var/lib/juju/agents/unit-test-u2ocvmyp-0/charm/venv/decorator.py", line 232, in fun
    return caller(func, *(extras + args), **kw)
  File "/var/lib/juju/agents/unit-test-u2ocvmyp-0/charm/venv/openstack/cloud/_utils.py", line 224, in func_wrapper
    return func(*args, **kwargs)
  File "/var/lib/juju/agents/unit-test-u2ocvmyp-0/charm/venv/openstack/cloud/_compute.py", line 960, in create_server
    raise exc.OpenStackCloudException(
openstack.exceptions.SDKException: Image bffccc4d-67ce-4f86-a39a-a74f3486c3e4 was requested but was not found on the cloud

The above exception was the direct cause of the following exception:

Traceback (most recent call last):
  File "/var/lib/juju/agents/unit-test-u2ocvmyp-0/charm/venv/github_runner_manager/openstack_cloud/openstack_runner_manager.py", line 209, in create_runner
    instance = self._openstack_cloud.launch_instance(
  File "/var/lib/juju/agents/unit-test-u2ocvmyp-0/charm/venv/github_runner_manager/openstack_cloud/openstack_cloud.py", line 138, in exception_handling_wrapper
    return func(*args, **kwargs)
  File "/var/lib/juju/agents/unit-test-u2ocvmyp-0/charm/venv/github_runner_manager/openstack_cloud/openstack_cloud.py", line 250, in launch_instance
    raise OpenStackError(f"Failed to create openstack server {full_name}") from err
github_runner_manager.errors.OpenStackError: Failed to create openstack server test-u2ocvmyp-0-c8fce081fe24

The above exception was the direct cause of the following exception:

Traceback (most recent call last):
  File "/var/lib/juju/agents/unit-test-u2ocvmyp-0/charm/venv/github_runner_manager/manager/runner_manager.py", line 276, in _spawn_runners
    return (RunnerManager._create_runner(create_runner_args_sequence[0]),)
  File "/var/lib/juju/agents/unit-test-u2ocvmyp-0/charm/venv/github_runner_manager/manager/runner_manager.py", line 404, in _create_runner
    return args.cloud_runner_manager.create_runner(registration_token=args.registration_token)
  File "/var/lib/juju/agents/unit-test-u2ocvmyp-0/charm/venv/github_runner_manager/openstack_cloud/openstack_runner_manager.py", line 217, in create_runner
    raise RunnerCreateError(f"Failed to create {instance_name} openstack runner") from err
github_runner_manager.errors.RunnerCreateError: Failed to create test-u2ocvmyp-0-c8fce081fe24 openstack runner
unit-test-u2ocvmyp-0: 05:59:23 CRITICAL unit.test-u2ocvmyp/0.juju-log test mode is enabled
unit-test-u2ocvmyp-0: 05:59:27 CRITICAL unit.test-u2ocvmyp/0.juju-log test mode is enabled
unit-test-u2ocvmyp-0: 05:59:28 CRITICAL unit.test-u2ocvmyp/0.juju-log test mode is enabled
unit-test-u2ocvmyp-0: 05:59:40 CRITICAL unit.test-u2ocvmyp/0.juju-log test mode is enabled

INFO     pytest_operator.plugin:plugin.py:1017 Forgetting model main...