06:37:23 WARNING unexpected facade SSHServer received from the controller
06:37:23 INFO Adding model github-pr-90d2b-lxd:test-charm-upgrade-34li on cloud localhost
06:37:23 WARNING unexpected facade SSHServer received from the controller
06:37:23 WARNING unexpected facade SSHSession received from the controller
06:37:23 WARNING unexpected facade SSHTunneler received from the controller
06:37:23 INFO Deploying fake image builder via any-charm for image ID a03a9239-9e72-4b54-ad7d-f85dec8c01d2
06:37:25 INFO Deploying ch:amd64/noble/any-charm-124
06:37:41 INFO Deploying local:jammy/github-runner-0
06:37:41 INFO Waiting for model:
  test-rdlrquhu/0 [allocating] waiting: waiting for machine
  github-runner-image-builder-rdlrquhu/0 [allocating] waiting: waiting for machine
06:38:11 INFO Waiting for model:
  test-rdlrquhu/0 [allocating] waiting: waiting for machine
  github-runner-image-builder-rdlrquhu/0 [allocating] waiting: waiting for machine
06:38:41 INFO Waiting for model:
  test-rdlrquhu/0 [allocating] waiting: waiting for machine
  github-runner-image-builder-rdlrquhu/0 [idle] active: 
06:39:11 INFO Waiting for model:
  test-rdlrquhu/0 [allocating] waiting: waiting for machine
06:39:41 INFO Waiting for model:
  test-rdlrquhu/0 [allocating] waiting: agent initialising
06:40:11 INFO Waiting for model:
  test-rdlrquhu/0 [executing] maintenance: installing charm software
06:40:41 INFO Waiting for model:
  test-rdlrquhu/0 [executing] maintenance: Update image for runners
06:41:11 INFO Waiting for model:
  test-rdlrquhu/0 [executing] maintenance: Update image for runners
06:41:41 INFO Waiting for model:
  test-rdlrquhu/0 [executing] maintenance: Update image for runners
06:42:11 INFO Waiting for model:
  test-rdlrquhu/0 [executing] maintenance: Update image for runners
06:42:41 INFO Waiting for model:
  test-rdlrquhu/0 [idle] active: 
06:44:39 INFO Waiting for model:
  test-rdlrquhu/0 [idle] active:
06:45:10 INFO Model status:

Model                    Controller           Cloud/Region         Version  SLA          Timestamp
test-charm-upgrade-34li  github-pr-90d2b-lxd  localhost/localhost  3.6.12   unsupported  06:45:10Z

App                                   Version  Status  Scale  Charm          Channel      Rev  Exposed  Message
github-runner-image-builder-rdlrquhu           active      1  any-charm      latest/beta  124  no       
test-rdlrquhu                                  active      1  github-runner                 1  no       

Unit                                     Workload  Agent  Machine  Public address  Ports  Message
github-runner-image-builder-rdlrquhu/0*  active    idle   0        10.224.174.94          
test-rdlrquhu/0*                         active    idle   1        10.224.174.138         

Machine  State    Address         Inst id        Base          AZ             Message
0        started  10.224.174.94   juju-544a79-0  ubuntu@24.04  github-runner  Running
1        started  10.224.174.138  juju-544a79-1  ubuntu@22.04  github-runner  Running

06:45:11 INFO Juju error logs:

machine-0: 06:38:20 ERROR juju.worker.dependency "lxd-container-provisioner" manifold worker returned unexpected error: container types not yet available
machine-0: 06:38:20 ERROR juju.worker.dependency "kvm-container-provisioner" manifold worker returned unexpected error: container types not yet available
machine-1: 06:39:33 ERROR juju.worker.dependency "lxd-container-provisioner" manifold worker returned unexpected error: container types not yet available
machine-1: 06:39:33 ERROR juju.worker.dependency "kvm-container-provisioner" manifold worker returned unexpected error: container types not yet available
unit-test-rdlrquhu-0: 06:40:33 ERROR unit.test-rdlrquhu/0.juju-log Missing image integration.
Traceback (most recent call last):
  File "/var/lib/juju/agents/unit-test-rdlrquhu-0/charm/./src/charm.py", line 118, in func_with_catch_errors
    func(self, event)
  File "/var/lib/juju/agents/unit-test-rdlrquhu-0/charm/./src/charm.py", line 342, in _on_config_changed
    self._check_image_ready()
  File "/var/lib/juju/agents/unit-test-rdlrquhu-0/charm/./src/charm.py", line 512, in _check_image_ready
    raise ImageIntegrationMissingError("No image integration found")
errors.ImageIntegrationMissingError: No image integration found
unit-test-rdlrquhu-0: 06:40:34 ERROR unit.test-rdlrquhu/0.juju-log Missing image integration.
Traceback (most recent call last):
  File "/var/lib/juju/agents/unit-test-rdlrquhu-0/charm/./src/charm.py", line 118, in func_with_catch_errors
    func(self, event)
  File "/var/lib/juju/agents/unit-test-rdlrquhu-0/charm/./src/charm.py", line 313, in _on_start
    self._check_image_ready()
  File "/var/lib/juju/agents/unit-test-rdlrquhu-0/charm/./src/charm.py", line 512, in _check_image_ready
    raise ImageIntegrationMissingError("No image integration found")
errors.ImageIntegrationMissingError: No image integration found

06:45:11 INFO Forgetting model main...