06:36:56 WARNING unexpected facade SSHServer received from the controller
06:36:56 INFO Adding model github-pr-90d2b-lxd:test-debug-ssh-zck3 on cloud localhost
06:36:56 WARNING unexpected facade SSHServer received from the controller
06:36:56 WARNING unexpected facade SSHSession received from the controller
06:36:56 WARNING unexpected facade SSHTunneler received from the controller
06:36:56 INFO Deploying fake image builder via any-charm for image ID a03a9239-9e72-4b54-ad7d-f85dec8c01d2
06:36:58 INFO Deploying ch:amd64/noble/any-charm-124
06:37:11 INFO Deploying local:jammy/github-runner-0
06:37:11 INFO Waiting for model:
  test-a1movtgb/0 [allocating] waiting: waiting for machine
  github-runner-image-builder-a1movtgb/0 [allocating] waiting: waiting for machine
06:37:42 INFO Waiting for model:
  test-a1movtgb/0 [allocating] waiting: waiting for machine
  github-runner-image-builder-a1movtgb/0 [allocating] waiting: waiting for machine
06:38:12 INFO Waiting for model:
  test-a1movtgb/0 [allocating] waiting: waiting for machine
  github-runner-image-builder-a1movtgb/0 [idle] active: 
06:38:43 INFO Waiting for model:
  test-a1movtgb/0 [allocating] waiting: waiting for machine
06:39:13 INFO Waiting for model:
  test-a1movtgb/0 [executing] maintenance: installing charm software
06:39:43 INFO Waiting for model:
  test-a1movtgb/0 [executing] maintenance: installing charm software
06:40:13 INFO Waiting for model:
  test-a1movtgb/0 [executing] maintenance: Update image for runners
06:40:44 INFO Waiting for model:
  test-a1movtgb/0 [executing] maintenance: Update image for runners
06:41:14 INFO Waiting for model:
  test-a1movtgb/0 [executing] maintenance: Update image for runners
06:41:44 INFO Waiting for model:
  test-a1movtgb/0 [executing] maintenance: Update image for runners
06:41:56 INFO OpenStack servers: []
06:41:56 INFO Model status:

Model                Controller           Cloud/Region         Version  SLA          Timestamp
test-debug-ssh-zck3  github-pr-90d2b-lxd  localhost/localhost  3.6.12   unsupported  06:41:56Z

App                                   Version  Status  Scale  Charm          Channel      Rev  Exposed  Message
github-runner-image-builder-a1movtgb           active      1  any-charm      latest/beta  124  no       
test-a1movtgb                                  error       1  github-runner                 0  no       hook failed: "image-relation-changed"

Unit                                     Workload  Agent  Machine  Public address  Ports  Message
github-runner-image-builder-a1movtgb/0*  active    idle   0        10.102.20.135          
test-a1movtgb/0*                         error     idle   1        10.102.20.58           hook failed: "image-relation-changed"

Machine  State    Address        Inst id        Base          AZ             Message
0        started  10.102.20.135  juju-c5313c-0  ubuntu@24.04  github-runner  Running
1        started  10.102.20.58   juju-c5313c-1  ubuntu@22.04  github-runner  Running

06:41:56 INFO Juju error logs:

machine-0: 06:37:51 ERROR juju.worker.dependency "kvm-container-provisioner" manifold worker returned unexpected error: container types not yet available
machine-0: 06:37:51 ERROR juju.worker.dependency "lxd-container-provisioner" manifold worker returned unexpected error: container types not yet available
machine-1: 06:38:46 ERROR juju.worker.dependency "lxd-container-provisioner" manifold worker returned unexpected error: container types not yet available
machine-1: 06:38:46 ERROR juju.worker.dependency "kvm-container-provisioner" manifold worker returned unexpected error: container types not yet available
unit-test-a1movtgb-0: 06:39:51 ERROR unit.test-a1movtgb/0.juju-log Missing image integration.
Traceback (most recent call last):
  File "/var/lib/juju/agents/unit-test-a1movtgb-0/charm/./src/charm.py", line 118, in func_with_catch_errors
    func(self, event)
  File "/var/lib/juju/agents/unit-test-a1movtgb-0/charm/./src/charm.py", line 342, in _on_config_changed
    self._check_image_ready()
  File "/var/lib/juju/agents/unit-test-a1movtgb-0/charm/./src/charm.py", line 512, in _check_image_ready
    raise ImageIntegrationMissingError("No image integration found")
errors.ImageIntegrationMissingError: No image integration found
unit-test-a1movtgb-0: 06:39:52 ERROR unit.test-a1movtgb/0.juju-log Missing image integration.
Traceback (most recent call last):
  File "/var/lib/juju/agents/unit-test-a1movtgb-0/charm/./src/charm.py", line 118, in func_with_catch_errors
    func(self, event)
  File "/var/lib/juju/agents/unit-test-a1movtgb-0/charm/./src/charm.py", line 313, in _on_start
    self._check_image_ready()
  File "/var/lib/juju/agents/unit-test-a1movtgb-0/charm/./src/charm.py", line 512, in _check_image_ready
    raise ImageIntegrationMissingError("No image integration found")
errors.ImageIntegrationMissingError: No image integration found

06:41:56 INFO Forgetting model main...