06:26:05 WARNING unexpected facade SSHServer received from the controller
06:26:05 INFO Adding model github-pr-77d1e-lxd:test-charm-fork-path-change-bo8m on cloud localhost
06:26:06 WARNING unexpected facade SSHServer received from the controller
06:26:06 WARNING unexpected facade SSHSession received from the controller
06:26:06 WARNING unexpected facade SSHTunneler received from the controller
06:26:07 INFO Deploying ch:amd64/jammy/github-runner-image-builder-110
06:26:32 INFO Deploying local:jammy/github-runner-0
06:26:33 INFO Waiting for model:
  test-sle7vrqj/0 [allocating] waiting: waiting for machine
  github-runner-image-builder-sle7vrqj/0 [allocating] waiting: waiting for machine
06:27:03 INFO Waiting for model:
  test-sle7vrqj/0 [allocating] waiting: waiting for machine
  github-runner-image-builder-sle7vrqj/0 [allocating] waiting: waiting for machine
06:27:33 INFO Waiting for model:
  test-sle7vrqj/0 [allocating] waiting: waiting for machine
  github-runner-image-builder-sle7vrqj/0 [allocating] waiting: waiting for machine
06:28:03 INFO Waiting for model:
  test-sle7vrqj/0 [allocating] waiting: agent initialising
  github-runner-image-builder-sle7vrqj/0 [executing] maintenance: Setting up Builder.
06:28:34 INFO Waiting for model:
  test-sle7vrqj/0 [executing] maintenance: installing charm software
  github-runner-image-builder-sle7vrqj/0 [executing] maintenance: Setting up Builder.
06:29:04 INFO Waiting for model:
  test-sle7vrqj/0 [executing] maintenance: installing charm software
  github-runner-image-builder-sle7vrqj/0 [executing] maintenance: Setting up Builder.
06:29:35 INFO Waiting for model:
  test-sle7vrqj/0 [idle] blocked: Please provide image integration.
  github-runner-image-builder-sle7vrqj/0 [executing] maintenance: Setting up Builder.
06:30:05 INFO Waiting for model:
  test-sle7vrqj/0 [idle] blocked: Please provide image integration.
  github-runner-image-builder-sle7vrqj/0 [executing] maintenance: Setting up Builder.
06:30:35 INFO Waiting for model:
  test-sle7vrqj/0 [idle] blocked: Please provide image integration.
  github-runner-image-builder-sle7vrqj/0 [executing] maintenance: Setting up Builder.
06:31:06 INFO Waiting for model:
  test-sle7vrqj/0 [idle] waiting: Waiting for image over integration.
  github-runner-image-builder-sle7vrqj/0 [executing] active: Building image.
06:31:36 INFO Waiting for model:
  test-sle7vrqj/0 [idle] waiting: Waiting for image over integration.
  github-runner-image-builder-sle7vrqj/0 [executing] active: Building image.
06:32:06 INFO Waiting for model:
  test-sle7vrqj/0 [idle] waiting: Waiting for image over integration.
  github-runner-image-builder-sle7vrqj/0 [executing] active: Building image.
06:32:36 INFO Waiting for model:
  test-sle7vrqj/0 [idle] waiting: Waiting for image over integration.
  github-runner-image-builder-sle7vrqj/0 [executing] active: Building image.
06:33:07 INFO Waiting for model:
  test-sle7vrqj/0 [idle] waiting: Waiting for image over integration.
  github-runner-image-builder-sle7vrqj/0 [executing] active: Building image.
06:33:37 INFO Waiting for model:
  test-sle7vrqj/0 [idle] waiting: Waiting for image over integration.
  github-runner-image-builder-sle7vrqj/0 [executing] active: Building image.
06:34:07 INFO Waiting for model:
  test-sle7vrqj/0 [idle] waiting: Waiting for image over integration.
  github-runner-image-builder-sle7vrqj/0 [executing] active: Building image.
06:34:37 INFO Waiting for model:
  test-sle7vrqj/0 [idle] waiting: Waiting for image over integration.
  github-runner-image-builder-sle7vrqj/0 [executing] active: Building image.
06:35:08 INFO Waiting for model:
  test-sle7vrqj/0 [idle] waiting: Waiting for image over integration.
  github-runner-image-builder-sle7vrqj/0 [executing] active: Building image.
06:35:38 INFO Waiting for model:
  test-sle7vrqj/0 [idle] waiting: Waiting for image over integration.
  github-runner-image-builder-sle7vrqj/0 [executing] active: Building image.
06:36:08 INFO Waiting for model:
  test-sle7vrqj/0 [idle] waiting: Waiting for image over integration.
  github-runner-image-builder-sle7vrqj/0 [executing] active: Building image.
06:36:38 INFO Waiting for model:
  test-sle7vrqj/0 [idle] waiting: Waiting for image over integration.
  github-runner-image-builder-sle7vrqj/0 [executing] active: Building image.
06:37:09 INFO Waiting for model:
  test-sle7vrqj/0 [idle] waiting: Waiting for image over integration.
  github-runner-image-builder-sle7vrqj/0 [executing] active: Building image.
06:37:39 INFO Waiting for model:
  test-sle7vrqj/0 [idle] waiting: Waiting for image over integration.
  github-runner-image-builder-sle7vrqj/0 [executing] active: Building image.
06:38:09 INFO Waiting for model:
  test-sle7vrqj/0 [idle] waiting: Waiting for image over integration.
  github-runner-image-builder-sle7vrqj/0 [executing] active: Building image.
06:38:39 INFO Waiting for model:
  test-sle7vrqj/0 [idle] waiting: Waiting for image over integration.
  github-runner-image-builder-sle7vrqj/0 [executing] active: Building image.
06:39:09 INFO Waiting for model:
  test-sle7vrqj/0 [idle] waiting: Waiting for image over integration.
  github-runner-image-builder-sle7vrqj/0 [executing] active: Building image.
06:39:39 INFO Waiting for model:
  test-sle7vrqj/0 [idle] waiting: Waiting for image over integration.
  github-runner-image-builder-sle7vrqj/0 [executing] active: Building image.
06:40:10 INFO Waiting for model:
  test-sle7vrqj/0 [idle] waiting: Waiting for image over integration.
  github-runner-image-builder-sle7vrqj/0 [executing] active: Building image.
06:40:40 INFO Waiting for model:
  test-sle7vrqj/0 [idle] waiting: Waiting for image over integration.
  github-runner-image-builder-sle7vrqj/0 [executing] active: Building image.
06:41:10 INFO Waiting for model:
  test-sle7vrqj/0 [idle] waiting: Waiting for image over integration.
  github-runner-image-builder-sle7vrqj/0 [executing] active: Building image.
06:41:40 INFO Waiting for model:
  test-sle7vrqj/0 [idle] waiting: Waiting for image over integration.
  github-runner-image-builder-sle7vrqj/0 [executing] active: Building image.
06:42:11 INFO Waiting for model:
  test-sle7vrqj/0 [idle] waiting: Waiting for image over integration.
  github-runner-image-builder-sle7vrqj/0 [executing] active: Building image.
06:42:41 INFO Waiting for model:
  test-sle7vrqj/0 [idle] waiting: Waiting for image over integration.
  github-runner-image-builder-sle7vrqj/0 [executing] active: Building image.
06:43:11 INFO Waiting for model:
  test-sle7vrqj/0 [idle] waiting: Waiting for image over integration.
  github-runner-image-builder-sle7vrqj/0 [executing] active: Building image.
06:43:41 INFO Waiting for model:
  test-sle7vrqj/0 [idle] waiting: Waiting for image over integration.
  github-runner-image-builder-sle7vrqj/0 [executing] active: Building image.
06:44:12 INFO Waiting for model:
  test-sle7vrqj/0 [idle] waiting: Waiting for image over integration.
  github-runner-image-builder-sle7vrqj/0 [executing] active: Building image.
06:44:42 INFO Waiting for model:
  test-sle7vrqj/0 [idle] waiting: Waiting for image over integration.
  github-runner-image-builder-sle7vrqj/0 [executing] active: Building image.
06:45:12 INFO Waiting for model:
  test-sle7vrqj/0 [idle] waiting: Waiting for image over integration.
  github-runner-image-builder-sle7vrqj/0 [executing] active: Building image.
06:45:42 INFO Waiting for model:
  test-sle7vrqj/0 [executing] maintenance: Update image for runners
06:46:04 INFO GitHub token rate limit: Rate(reset=2025-09-13 06:57:18+00:00, remaining=4729, limit=5000)
06:46:16 INFO test_path_config_change
06:46:16 INFO Waiting for model:
  test-sle7vrqj/0 [idle] active: 
06:46:46 INFO Waiting for model:
  test-sle7vrqj/0 [idle] active: 
06:47:11 INFO Ensure there is a runner (this calls reconcile)
06:47:11 INFO Waiting for model:
  test-sle7vrqj/0 [idle] active: 
06:47:41 INFO Waiting for model:
  test-sle7vrqj/0 [idle] active: 
06:47:45 INFO Current reconcile ID: f642bb1d-93d1-4eb6-8fe4-755d40d57aad
06:47:45 INFO Waiting for reconcile ID: f642bb1d-93d1-4eb6-8fe4-755d40d57aad
06:48:46 INFO Current reconcile ID: f642bb1d-93d1-4eb6-8fe4-755d40d57aad
06:48:46 INFO Current reconcile ID: f642bb1d-93d1-4eb6-8fe4-755d40d57aad, expected reconcile ID: f642bb1d-93d1-4eb6-8fe4-755d40d57aad
06:48:46 INFO Waiting for reconcile ID: f642bb1d-93d1-4eb6-8fe4-755d40d57aad
06:49:47 INFO Current reconcile ID: 3d67f64d-4087-469e-adb2-6f17f737106b
06:49:47 INFO Current reconcile ID: 3d67f64d-4087-469e-adb2-6f17f737106b, expected reconcile ID: f642bb1d-93d1-4eb6-8fe4-755d40d57aad
06:49:53 INFO Reconciling (again)
06:49:53 INFO Waiting for model:
  test-sle7vrqj/0 [idle] active: 
06:50:23 INFO Waiting for model:
  test-sle7vrqj/0 [executing] active: 
06:50:42 INFO Current reconcile ID: ec0d33d1-cf6e-40a6-a6e5-521c84feba78
06:50:42 INFO Waiting for reconcile ID: ec0d33d1-cf6e-40a6-a6e5-521c84feba78
06:51:43 INFO Current reconcile ID: ec0d33d1-cf6e-40a6-a6e5-521c84feba78
06:51:43 INFO Current reconcile ID: ec0d33d1-cf6e-40a6-a6e5-521c84feba78, expected reconcile ID: ec0d33d1-cf6e-40a6-a6e5-521c84feba78
06:51:43 INFO Waiting for reconcile ID: ec0d33d1-cf6e-40a6-a6e5-521c84feba78
06:52:44 INFO Current reconcile ID: d7f04509-debe-4d24-9312-b8f3157ddb7f
06:52:44 INFO Current reconcile ID: d7f04509-debe-4d24-9312-b8f3157ddb7f, expected reconcile ID: ec0d33d1-cf6e-40a6-a6e5-521c84feba78
06:54:39 INFO runners: ['test-sle7vrqj-0-n-c2ad5d613bec']
06:54:40 INFO runners in github repo: [SelfHostedActionsRunner(name="amd-noble-stg-private-endpoint-ps7-1-n-345bb19d1302"), SelfHostedActionsRunner(name="os-amd-noble-staging-ps6-3-n-06f34a38ef2e"), SelfHostedActionsRunner(name="os-amd-noble-staging-ps6-3-n-0e43310c4ce7"), SelfHostedActionsRunner(name="os-amd-noble-staging-ps6-3-n-2265903ffdc9"), SelfHostedActionsRunner(name="os-amd-noble-staging-ps6-3-n-2c831fedf038"), SelfHostedActionsRunner(name="os-amd-noble-staging-ps6-3-n-3f731dba4df2"), SelfHostedActionsRunner(name="os-amd-noble-staging-ps6-3-n-41be99a799a8"), SelfHostedActionsRunner(name="os-amd-noble-staging-ps6-3-n-4e2af9df17b8"), SelfHostedActionsRunner(name="os-amd-noble-staging-ps6-3-n-739d224d0553"), SelfHostedActionsRunner(name="os-amd-noble-staging-ps6-3-n-7bea2c15c0df"), SelfHostedActionsRunner(name="os-amd-noble-staging-ps6-3-n-9a06b7827f8c"), SelfHostedActionsRunner(name="os-amd-noble-staging-ps7-1-n-55f5ffd01444"), SelfHostedActionsRunner(name="reactive-amd64-pfe-ci-ps7-4-n-346709fe05a0"), SelfHostedActionsRunner(name="reactive-amd64-pfe-ci-ps7-4-n-e1b1771d0e32"), SelfHostedActionsRunner(name="test-cp1d2t4g-0-n-9fd2a8d34678"), SelfHostedActionsRunner(name="test-dtp81fox-0-n-5e7d2a29f9b7"), SelfHostedActionsRunner(name="test-em1khjdj-0-n-59c371909ecb"), SelfHostedActionsRunner(name="test-f5jq6hcu-0-n-6d39f42a0a0f"), SelfHostedActionsRunner(name="test-i0krg7uo-0-n-ce05d3b60917"), SelfHostedActionsRunner(name="test-ijs1kwfx-0-n-5b0ed623bc97"), SelfHostedActionsRunner(name="test-ln109ngo-0-n-19e0e92daedf"), SelfHostedActionsRunner(name="test-moswcfdw-0-n-160ab8d11a55"), SelfHostedActionsRunner(name="test-qetdtdgc-0-n-99a36f3487b1"), SelfHostedActionsRunner(name="test-sle7vrqj-0-n-c2ad5d613bec"), SelfHostedActionsRunner(name="test-vosirdao-0-n-fdce29a40375"), SelfHostedActionsRunner(name="test-w3wnt8gf-0-n-1e7bb13f72bb"), SelfHostedActionsRunner(name="test-wk7fy5i6-0-n-a81ca8834e4f"), SelfHostedActionsRunner(name="test-wpqvq359-0-n-84e0994429f6"), SelfHostedActionsRunner(name="test-xqlg2vve-0-n-93e82ccfea87"), SelfHostedActionsRunner(name="test-y1whvzlw-0-n-6075f2aa3222"), SelfHostedActionsRunner(name="test-yl6rcgv6-0-n-3e4afdb44f39"), SelfHostedActionsRunner(name="test-ynr969zr-0-n-154b028268a1"), SelfHostedActionsRunner(name="test-yu18fbao-0-n-3cfc05eb0c94")]
06:54:44 INFO Model status:

Model                             Controller           Cloud/Region         Version  SLA          Timestamp
test-charm-fork-path-change-bo8m  github-pr-77d1e-lxd  localhost/localhost  3.6.9    unsupported  06:54:44Z

App                                   Version  Status  Scale  Charm                        Channel      Rev  Exposed  Message
github-runner-image-builder-sle7vrqj           active      1  github-runner-image-builder  latest/edge  110  no       
test-sle7vrqj                                  active      1  github-runner                               0  no       

Unit                                     Workload  Agent  Machine  Public address  Ports  Message
github-runner-image-builder-sle7vrqj/0*  active    idle   0        10.214.106.179         
test-sle7vrqj/0*                         active    idle   1        10.214.106.155         

Machine  State    Address         Inst id        Base          AZ             Message
0        started  10.214.106.179  juju-c9e487-0  ubuntu@22.04  github-runner  Running
1        started  10.214.106.155  juju-c9e487-1  ubuntu@22.04  github-runner  Running

06:54:45 INFO Juju error logs:

machine-0: 06:27:43 ERROR juju.worker.dependency "lxd-container-provisioner" manifold worker returned unexpected error: container types not yet available
machine-0: 06:27:43 ERROR juju.worker.dependency "kvm-container-provisioner" manifold worker returned unexpected error: container types not yet available
unit-github-runner-image-builder-sle7vrqj-0: 06:27:43 ERROR juju.worker.meterstatus error running "meter-status-changed": charm missing from disk
machine-1: 06:27:57 ERROR juju.worker.dependency "kvm-container-provisioner" manifold worker returned unexpected error: container types not yet available
machine-1: 06:27:57 ERROR juju.worker.dependency "lxd-container-provisioner" manifold worker returned unexpected error: container types not yet available
unit-test-sle7vrqj-0: 06:27:57 ERROR juju.worker.meterstatus error running "meter-status-changed": charm missing from disk
unit-github-runner-image-builder-sle7vrqj-0: 06:28:35 ERROR unit.github-runner-image-builder-sle7vrqj/0.juju-log Pipx command failed, code: 1, out: None, err: None
unit-test-sle7vrqj-0: 06:29:19 ERROR unit.test-sle7vrqj/0.juju-log Missing image integration.
Traceback (most recent call last):
  File "/var/lib/juju/agents/unit-test-sle7vrqj-0/charm/./src/charm.py", line 118, in func_with_catch_errors
    func(self, event)
  File "/var/lib/juju/agents/unit-test-sle7vrqj-0/charm/./src/charm.py", line 342, in _on_config_changed
    self._check_image_ready()
  File "/var/lib/juju/agents/unit-test-sle7vrqj-0/charm/./src/charm.py", line 512, in _check_image_ready
    raise ImageIntegrationMissingError("No image integration found")
errors.ImageIntegrationMissingError: No image integration found
unit-test-sle7vrqj-0: 06:29:21 ERROR unit.test-sle7vrqj/0.juju-log Missing image integration.
Traceback (most recent call last):
  File "/var/lib/juju/agents/unit-test-sle7vrqj-0/charm/./src/charm.py", line 118, in func_with_catch_errors
    func(self, event)
  File "/var/lib/juju/agents/unit-test-sle7vrqj-0/charm/./src/charm.py", line 313, in _on_start
    self._check_image_ready()
  File "/var/lib/juju/agents/unit-test-sle7vrqj-0/charm/./src/charm.py", line 512, in _check_image_ready
    raise ImageIntegrationMissingError("No image integration found")
errors.ImageIntegrationMissingError: No image integration found
unit-test-sle7vrqj-0: 06:30:46 ERROR unit.test-sle7vrqj/0.juju-log image:0: Missing image in image integration.
Traceback (most recent call last):
  File "/var/lib/juju/agents/unit-test-sle7vrqj-0/charm/./src/charm.py", line 118, in func_with_catch_errors
    func(self, event)
  File "/var/lib/juju/agents/unit-test-sle7vrqj-0/charm/./src/charm.py", line 477, in _on_image_relation_changed
    self._check_image_ready()
  File "/var/lib/juju/agents/unit-test-sle7vrqj-0/charm/./src/charm.py", line 514, in _check_image_ready
    raise ImageNotFoundError("No image found in the image integration")
errors.ImageNotFoundError: No image found in the image integration

06:54:45 INFO Forgetting model main...