18:42:07 INFO Waiting for model:
  test-z8gqk9h8/0 [idle] active: 
18:42:37 INFO Waiting for model:
  test-z8gqk9h8/0 [idle] active: 
18:42:39 INFO Current reconcile ID: 97353d18-64b3-4e69-b052-629190b8ca9b
18:42:39 INFO Waiting for reconcile ID: 97353d18-64b3-4e69-b052-629190b8ca9b
18:43:40 INFO Current reconcile ID: 97353d18-64b3-4e69-b052-629190b8ca9b
18:43:40 INFO Current reconcile ID: 97353d18-64b3-4e69-b052-629190b8ca9b, expected reconcile ID: 97353d18-64b3-4e69-b052-629190b8ca9b
18:43:40 INFO Waiting for reconcile ID: 97353d18-64b3-4e69-b052-629190b8ca9b
18:44:41 INFO Current reconcile ID: 9de73324-7239-47d8-833b-aea1dbf6972c
18:44:41 INFO Current reconcile ID: 9de73324-7239-47d8-833b-aea1dbf6972c, expected reconcile ID: 97353d18-64b3-4e69-b052-629190b8ca9b
18:45:55 INFO [TEST SETUP] Exposing port 8080 on test-z8gqk9h8-0-n-6e410d844e6d
18:45:55 WARNING dict_values([[{'version': 4, 'addr': '10.151.122.251', 'OS-EXT-IPS:type': 'fixed', 'OS-EXT-IPS-MAC:mac_addr': 'fa:16:3e:a7:d0:35'}]])
18:45:56 INFO ssh tunnel command ssh -fNT -R 8080:localhost:8080 -i /home/runner-manager/.ssh/test-z8gqk9h8-0-n-6e410d844e6d.key -o "StrictHostKeyChecking no" -o "ControlPersist yes" ubuntu@10.151.122.251 &
18:45:57 INFO ssh tunnel result 0 None Warning: Permanently added '10.151.122.251' (ED25519) to the list of known hosts.

18:45:58 INFO [TEST SETUP] Run command nc -z localhost 8080 on test-z8gqk9h8-0-n-6e410d844e6d
18:45:58 WARNING dict_values([[{'version': 4, 'addr': '10.151.122.251', 'OS-EXT-IPS:type': 'fixed', 'OS-EXT-IPS-MAC:mac_addr': 'fa:16:3e:a7:d0:35'}]])
18:45:59 WARNING ssh_cmd: su - ubuntu -c 'ssh -i /home/runner-manager/.ssh/test-z8gqk9h8-0-n-6e410d844e6d.key -o "StrictHostKeyChecking no" ubuntu@10.151.122.251 nc -z localhost 8080'
18:46:00 INFO Run command 'nc -z localhost 8080' in runner with result 0: 'None' 'Connection to localhost (127.0.0.1) 8080 port [tcp/http-alt] succeeded!
'
18:46:01 INFO [TEST SETUP] Run command curl http://localhost:8080 on test-z8gqk9h8-0-n-6e410d844e6d
18:46:01 WARNING dict_values([[{'version': 4, 'addr': '10.151.122.251', 'OS-EXT-IPS:type': 'fixed', 'OS-EXT-IPS-MAC:mac_addr': 'fa:16:3e:a7:d0:35'}]])
18:46:02 WARNING ssh_cmd: su - ubuntu -c 'ssh -i /home/runner-manager/.ssh/test-z8gqk9h8-0-n-6e410d844e6d.key -o "StrictHostKeyChecking no" ubuntu@10.151.122.251 curl http://localhost:8080'
18:46:03 INFO Run command 'curl http://localhost:8080' in runner with result 0: '<!doctype html>
<html lang=en>
<title>404 Not Found</title>
<h1>Not Found</h1>
<p>The requested URL was not found on the server. If you entered the URL manually please check your spelling and try again.</p>
' '  % Total    % Received % Xferd  Average Speed   Time    Time     Time  Current
                                 Dload  Upload   Total   Spent    Left  Speed
  0     0    0     0    0     0      0      0 --:--:-- --:--:-- --:--:--     0100   207  100   207    0     0  90511      0 --:--:-- --:--:-- --:--:--  101k
'
18:46:04 INFO Wait for condition not met, sleeping 10
18:46:15 INFO Wait for condition not met, sleeping 60
18:47:15 INFO Waiting for model:
  test-z8gqk9h8/0 [idle] active: 
18:47:46 INFO Waiting for model:
  test-z8gqk9h8/0 [idle] active: 
18:47:48 INFO Current reconcile ID: 5264bdbd-bb5b-44b3-a038-60c96bdb8bcd
18:47:48 INFO Waiting for reconcile ID: 5264bdbd-bb5b-44b3-a038-60c96bdb8bcd
18:48:49 INFO Current reconcile ID: 5264bdbd-bb5b-44b3-a038-60c96bdb8bcd
18:48:49 INFO Current reconcile ID: 5264bdbd-bb5b-44b3-a038-60c96bdb8bcd, expected reconcile ID: 5264bdbd-bb5b-44b3-a038-60c96bdb8bcd
18:48:49 INFO Waiting for reconcile ID: 5264bdbd-bb5b-44b3-a038-60c96bdb8bcd
18:49:50 INFO Current reconcile ID: e91c7641-b4fd-43ce-b229-39c7ea7bb8d8
18:49:50 INFO Current reconcile ID: e91c7641-b4fd-43ce-b229-39c7ea7bb8d8, expected reconcile ID: 5264bdbd-bb5b-44b3-a038-60c96bdb8bcd
18:49:51 INFO Model status:

Model                   Controller           Cloud/Region         Version  SLA          Timestamp
test-charm-runner-glek  github-pr-e525c-lxd  localhost/localhost  3.6.12   unsupported  18:49:51Z

App                                   Version  Status  Scale  Charm          Channel      Rev  Exposed  Message
github-runner-image-builder-z8gqk9h8           active      1  any-charm      latest/beta  124  no       
test-z8gqk9h8                                  active      1  github-runner                 0  yes      

Unit                                     Workload  Agent  Machine  Public address  Ports     Message
github-runner-image-builder-z8gqk9h8/0*  active    idle   0        10.241.29.3               
test-z8gqk9h8/0*                         active    idle   1        10.241.29.4     8080/tcp  

Machine  State    Address      Inst id        Base          AZ             Message
0        started  10.241.29.3  juju-ada1aa-0  ubuntu@24.04  github-runner  Running
1        started  10.241.29.4  juju-ada1aa-1  ubuntu@22.04  github-runner  Running

18:49:51 INFO Juju error logs:

machine-0: 18:18:36 ERROR juju.worker.dependency "kvm-container-provisioner" manifold worker returned unexpected error: container types not yet available
machine-0: 18:18:36 ERROR juju.worker.dependency "lxd-container-provisioner" manifold worker returned unexpected error: container types not yet available
machine-1: 18:19:48 ERROR juju.worker.dependency "kvm-container-provisioner" manifold worker returned unexpected error: container types not yet available
machine-1: 18:19:48 ERROR juju.worker.dependency "lxd-container-provisioner" manifold worker returned unexpected error: container types not yet available
unit-test-z8gqk9h8-0: 18:20:58 ERROR unit.test-z8gqk9h8/0.juju-log Missing image integration.
Traceback (most recent call last):
  File "/var/lib/juju/agents/unit-test-z8gqk9h8-0/charm/./src/charm.py", line 119, in func_with_catch_errors
    func(self, event)
  File "/var/lib/juju/agents/unit-test-z8gqk9h8-0/charm/./src/charm.py", line 354, in _on_config_changed
    self._check_image_ready()
  File "/var/lib/juju/agents/unit-test-z8gqk9h8-0/charm/./src/charm.py", line 524, in _check_image_ready
    raise ImageIntegrationMissingError("No image integration found")
errors.ImageIntegrationMissingError: No image integration found
unit-test-z8gqk9h8-0: 18:21:00 ERROR unit.test-z8gqk9h8/0.juju-log Missing image integration.
Traceback (most recent call last):
  File "/var/lib/juju/agents/unit-test-z8gqk9h8-0/charm/./src/charm.py", line 119, in func_with_catch_errors
    func(self, event)
  File "/var/lib/juju/agents/unit-test-z8gqk9h8-0/charm/./src/charm.py", line 317, in _on_start
    self._check_image_ready()
  File "/var/lib/juju/agents/unit-test-z8gqk9h8-0/charm/./src/charm.py", line 524, in _check_image_ready
    raise ImageIntegrationMissingError("No image integration found")
errors.ImageIntegrationMissingError: No image integration found

18:49:51 INFO Forgetting model main...