06:24:05 WARNING unexpected facade SSHServer received from the controller
06:24:05 INFO Adding model github-pr-b87fd-lxd:test-charm-upgrade-69my on cloud localhost
06:24:05 WARNING unexpected facade SSHServer received from the controller
06:24:05 WARNING unexpected facade SSHSession received from the controller
06:24:05 WARNING unexpected facade SSHTunneler received from the controller
06:24:05 INFO Deploying fake image builder via any-charm for image ID 1ad6e456-fa35-47ef-988f-1e793a60f258
06:24:07 INFO Deploying ch:amd64/noble/any-charm-133
06:24:41 INFO Deploying local:jammy/github-runner-0
06:24:41 INFO Waiting for model:
  test-tln1l0wq/0 [allocating] waiting: waiting for machine
  github-runner-image-builder-tln1l0wq/0 [allocating] waiting: waiting for machine
06:25:12 INFO Waiting for model:
  test-tln1l0wq/0 [allocating] waiting: waiting for machine
  github-runner-image-builder-tln1l0wq/0 [allocating] waiting: waiting for machine
06:25:42 INFO Waiting for model:
  test-tln1l0wq/0 [allocating] waiting: waiting for machine
  github-runner-image-builder-tln1l0wq/0 [allocating] waiting: waiting for machine
06:26:12 INFO Waiting for model:
  test-tln1l0wq/0 [allocating] waiting: waiting for machine
  github-runner-image-builder-tln1l0wq/0 [idle] active: 
06:26:42 INFO Waiting for model:
  test-tln1l0wq/0 [allocating] waiting: waiting for machine
06:27:12 INFO Waiting for model:
  test-tln1l0wq/0 [allocating] waiting: agent initialising
06:27:42 INFO Waiting for model:
  test-tln1l0wq/0 [executing] maintenance: installing charm software
06:28:12 INFO Waiting for model:
  test-tln1l0wq/0 [executing] maintenance: installing charm software
06:28:42 INFO Waiting for model:
  test-tln1l0wq/0 [executing] blocked: Please provide image integration.
06:29:12 INFO Waiting for model:
  test-tln1l0wq/0 [idle] active: 
06:31:58 INFO Waiting for model:
  test-tln1l0wq/0 [idle] active:
06:32:30 INFO Model status:

Model                    Controller           Cloud/Region         Version  SLA          Timestamp
test-charm-upgrade-69my  github-pr-b87fd-lxd  localhost/localhost  3.6.14   unsupported  06:32:29Z

App                                   Version  Status  Scale  Charm          Channel      Rev  Exposed  Message
github-runner-image-builder-tln1l0wq           active      1  any-charm      latest/beta  133  no       
test-tln1l0wq                                  active      1  github-runner                 1  no       

Unit                                     Workload  Agent  Machine  Public address  Ports  Message
github-runner-image-builder-tln1l0wq/0*  active    idle   0        10.228.194.178         
test-tln1l0wq/0*                         active    idle   1        10.228.194.51          

Machine  State    Address         Inst id        Base          AZ             Message
0        started  10.228.194.178  juju-6bfae9-0  ubuntu@24.04  github-runner  Running
1        started  10.228.194.51   juju-6bfae9-1  ubuntu@22.04  github-runner  Running

06:32:30 INFO Juju error logs:

machine-0: 06:25:51 ERROR juju.worker.dependency "lxd-container-provisioner" manifold worker returned unexpected error: container types not yet available
machine-0: 06:25:51 ERROR juju.worker.dependency "kvm-container-provisioner" manifold worker returned unexpected error: container types not yet available
machine-1: 06:27:03 ERROR juju.worker.dependency "lxd-container-provisioner" manifold worker returned unexpected error: container types not yet available
machine-1: 06:27:03 ERROR juju.worker.dependency "kvm-container-provisioner" manifold worker returned unexpected error: container types not yet available
unit-test-tln1l0wq-0: 06:28:40 ERROR unit.test-tln1l0wq/0.juju-log Missing image integration.
Traceback (most recent call last):
  File "/var/lib/juju/agents/unit-test-tln1l0wq-0/charm/./src/charm.py", line 120, in func_with_catch_errors
    func(self, event)
  File "/var/lib/juju/agents/unit-test-tln1l0wq-0/charm/./src/charm.py", line 366, in _on_config_changed
    self._check_image_ready()
  File "/var/lib/juju/agents/unit-test-tln1l0wq-0/charm/./src/charm.py", line 536, in _check_image_ready
    raise ImageIntegrationMissingError("No image integration found")
errors.ImageIntegrationMissingError: No image integration found
unit-test-tln1l0wq-0: 06:28:43 ERROR unit.test-tln1l0wq/0.juju-log Missing image integration.
Traceback (most recent call last):
  File "/var/lib/juju/agents/unit-test-tln1l0wq-0/charm/./src/charm.py", line 120, in func_with_catch_errors
    func(self, event)
  File "/var/lib/juju/agents/unit-test-tln1l0wq-0/charm/./src/charm.py", line 329, in _on_start
    self._check_image_ready()
  File "/var/lib/juju/agents/unit-test-tln1l0wq-0/charm/./src/charm.py", line 536, in _check_image_ready
    raise ImageIntegrationMissingError("No image integration found")
errors.ImageIntegrationMissingError: No image integration found

06:32:30 INFO Forgetting model main...