INFO     root:conftest.py:589 GitHub token rate limit: Rate(reset=2025-01-02 19:45:42+00:00, remaining=4679, limit=5000)
INFO     pytest_operator.plugin:plugin.py:929 Model status:

Model                            Controller  Cloud/Region         Version  SLA          Timestamp
test-charm-metrics-success-p97f  lxd         localhost/localhost  3.6.1    unsupported  19:09:54Z

App                          Version  Status  Scale  Charm                        Channel      Rev  Exposed  Message
github-runner-image-builder           active      1  github-runner-image-builder  latest/edge    2  no       
test-l6tclxml                         active      1  github-runner                               0  no       

Unit                            Workload  Agent  Machine  Public address  Ports  Message
github-runner-image-builder/0*  active    idle   0        10.129.35.77           
test-l6tclxml/0*                active    idle   1        10.129.35.97           

Machine  State    Address       Inst id        Base          AZ  Message
0        started  10.129.35.77  juju-fb8048-0  ubuntu@22.04      Running
1        started  10.129.35.97  juju-fb8048-1  ubuntu@22.04      Running

INFO     pytest_operator.plugin:plugin.py:935 Juju error logs:

machine-0: 19:02:57 ERROR juju.worker.dependency "lxd-container-provisioner" manifold worker returned unexpected error: container types not yet available
machine-0: 19:02:57 ERROR juju.worker.dependency "kvm-container-provisioner" manifold worker returned unexpected error: container types not yet available
unit-github-runner-image-builder-0: 19:02:57 ERROR juju.worker.meterstatus error running "meter-status-changed": charm missing from disk
machine-1: 19:06:09 ERROR juju.worker.dependency "lxd-container-provisioner" manifold worker returned unexpected error: container types not yet available
machine-1: 19:06:09 ERROR juju.worker.dependency "kvm-container-provisioner" manifold worker returned unexpected error: container types not yet available
unit-test-l6tclxml-0: 19:06:09 ERROR juju.worker.meterstatus error running "meter-status-changed": charm missing from disk
unit-test-l6tclxml-0: 19:06:25 CRITICAL unit.test-l6tclxml/0.juju-log test mode is enabled
unit-test-l6tclxml-0: 19:06:27 CRITICAL unit.test-l6tclxml/0.juju-log test mode is enabled
unit-test-l6tclxml-0: 19:06:30 CRITICAL unit.test-l6tclxml/0.juju-log image:0: test mode is enabled
unit-test-l6tclxml-0: 19:06:32 CRITICAL unit.test-l6tclxml/0.juju-log test mode is enabled
unit-test-l6tclxml-0: 19:06:32 CRITICAL unit.test-l6tclxml/0.juju-log test mode is enabled
unit-test-l6tclxml-0: 19:06:34 CRITICAL unit.test-l6tclxml/0.juju-log test mode is enabled
unit-test-l6tclxml-0: 19:06:35 CRITICAL unit.test-l6tclxml/0.juju-log test mode is enabled
unit-test-l6tclxml-0: 19:06:36 CRITICAL unit.test-l6tclxml/0.juju-log image:0: test mode is enabled
unit-test-l6tclxml-0: 19:06:37 CRITICAL unit.test-l6tclxml/0.juju-log image:0: test mode is enabled
unit-test-l6tclxml-0: 19:07:41 CRITICAL unit.test-l6tclxml/0.juju-log test mode is enabled
unit-test-l6tclxml-0: 19:07:43 CRITICAL unit.test-l6tclxml/0.juju-log test mode is enabled
unit-test-l6tclxml-0: 19:08:00 ERROR unit.test-l6tclxml/0.juju-log OpenStack API call failure
unit-test-l6tclxml-0: 19:08:00 ERROR unit.test-l6tclxml/0.juju-log Failed to spawn a runner.
Traceback (most recent call last):
  File "/var/lib/juju/agents/unit-test-l6tclxml-0/charm/venv/github_runner_manager/openstack_cloud/openstack_cloud.py", line 138, in exception_handling_wrapper
    return func(*args, **kwargs)
  File "/var/lib/juju/agents/unit-test-l6tclxml-0/charm/venv/github_runner_manager/openstack_cloud/openstack_cloud.py", line 224, in launch_instance
    keypair = self._setup_keypair(conn, full_name)
  File "/var/lib/juju/agents/unit-test-l6tclxml-0/charm/venv/github_runner_manager/openstack_cloud/openstack_cloud.py", line 536, in _setup_keypair
    keypair = conn.create_keypair(name=name)
  File "/var/lib/juju/agents/unit-test-l6tclxml-0/charm/venv/openstack/cloud/_compute.py", line 601, in create_keypair
    return self.compute.create_keypair(**keypair)
  File "/var/lib/juju/agents/unit-test-l6tclxml-0/charm/venv/openstack/compute/v2/_proxy.py", line 631, in create_keypair
    return self._create(_keypair.Keypair, **attrs)
  File "/var/lib/juju/agents/unit-test-l6tclxml-0/charm/venv/openstack/proxy.py", line 643, in _create
    return res.create(self, base_path=base_path)
  File "/var/lib/juju/agents/unit-test-l6tclxml-0/charm/venv/openstack/resource.py", line 1533, in create
    self._translate_response(response, **response_kwargs)
  File "/var/lib/juju/agents/unit-test-l6tclxml-0/charm/venv/openstack/resource.py", line 1285, in _translate_response
    exceptions.raise_from_response(response, error_message=error_message)
  File "/var/lib/juju/agents/unit-test-l6tclxml-0/charm/venv/openstack/exceptions.py", line 247, in raise_from_response
    raise cls(
openstack.exceptions.ForbiddenException: ForbiddenException: 403: Client Error for url: https://nova.ps6.canonical.com:8774/v2.1/os-keypairs, Quota exceeded, too many key pairs.

The above exception was the direct cause of the following exception:

Traceback (most recent call last):
  File "/var/lib/juju/agents/unit-test-l6tclxml-0/charm/venv/github_runner_manager/openstack_cloud/openstack_runner_manager.py", line 209, in create_runner
    instance = self._openstack_cloud.launch_instance(
  File "/var/lib/juju/agents/unit-test-l6tclxml-0/charm/venv/github_runner_manager/openstack_cloud/openstack_cloud.py", line 144, in exception_handling_wrapper
    raise OpenStackError("Failed OpenStack API call") from exc
github_runner_manager.errors.OpenStackError: Failed OpenStack API call

The above exception was the direct cause of the following exception:

Traceback (most recent call last):
  File "/var/lib/juju/agents/unit-test-l6tclxml-0/charm/venv/github_runner_manager/manager/runner_manager.py", line 276, in _spawn_runners
    return (RunnerManager._create_runner(create_runner_args_sequence[0]),)
  File "/var/lib/juju/agents/unit-test-l6tclxml-0/charm/venv/github_runner_manager/manager/runner_manager.py", line 404, in _create_runner
    return args.cloud_runner_manager.create_runner(registration_token=args.registration_token)
  File "/var/lib/juju/agents/unit-test-l6tclxml-0/charm/venv/github_runner_manager/openstack_cloud/openstack_runner_manager.py", line 217, in create_runner
    raise RunnerCreateError(f"Failed to create {instance_name} openstack runner") from err
github_runner_manager.errors.RunnerCreateError: Failed to create test-l6tclxml-0-f9a8f078a378 openstack runner
unit-test-l6tclxml-0: 19:08:06 CRITICAL unit.test-l6tclxml/0.juju-log test mode is enabled
unit-test-l6tclxml-0: 19:08:21 ERROR unit.test-l6tclxml/0.juju-log OpenStack API call failure
unit-test-l6tclxml-0: 19:08:21 ERROR unit.test-l6tclxml/0.juju-log Failed to spawn a runner.
Traceback (most recent call last):
  File "/var/lib/juju/agents/unit-test-l6tclxml-0/charm/venv/github_runner_manager/openstack_cloud/openstack_cloud.py", line 138, in exception_handling_wrapper
    return func(*args, **kwargs)
  File "/var/lib/juju/agents/unit-test-l6tclxml-0/charm/venv/github_runner_manager/openstack_cloud/openstack_cloud.py", line 224, in launch_instance
    keypair = self._setup_keypair(conn, full_name)
  File "/var/lib/juju/agents/unit-test-l6tclxml-0/charm/venv/github_runner_manager/openstack_cloud/openstack_cloud.py", line 536, in _setup_keypair
    keypair = conn.create_keypair(name=name)
  File "/var/lib/juju/agents/unit-test-l6tclxml-0/charm/venv/openstack/cloud/_compute.py", line 601, in create_keypair
    return self.compute.create_keypair(**keypair)
  File "/var/lib/juju/agents/unit-test-l6tclxml-0/charm/venv/openstack/compute/v2/_proxy.py", line 631, in create_keypair
    return self._create(_keypair.Keypair, **attrs)
  File "/var/lib/juju/agents/unit-test-l6tclxml-0/charm/venv/openstack/proxy.py", line 643, in _create
    return res.create(self, base_path=base_path)
  File "/var/lib/juju/agents/unit-test-l6tclxml-0/charm/venv/openstack/resource.py", line 1533, in create
    self._translate_response(response, **response_kwargs)
  File "/var/lib/juju/agents/unit-test-l6tclxml-0/charm/venv/openstack/resource.py", line 1285, in _translate_response
    exceptions.raise_from_response(response, error_message=error_message)
  File "/var/lib/juju/agents/unit-test-l6tclxml-0/charm/venv/openstack/exceptions.py", line 247, in raise_from_response
    raise cls(
openstack.exceptions.ForbiddenException: ForbiddenException: 403: Client Error for url: https://nova.ps6.canonical.com:8774/v2.1/os-keypairs, Quota exceeded, too many key pairs.

The above exception was the direct cause of the following exception:

Traceback (most recent call last):
  File "/var/lib/juju/agents/unit-test-l6tclxml-0/charm/venv/github_runner_manager/openstack_cloud/openstack_runner_manager.py", line 209, in create_runner
    instance = self._openstack_cloud.launch_instance(
  File "/var/lib/juju/agents/unit-test-l6tclxml-0/charm/venv/github_runner_manager/openstack_cloud/openstack_cloud.py", line 144, in exception_handling_wrapper
    raise OpenStackError("Failed OpenStack API call") from exc
github_runner_manager.errors.OpenStackError: Failed OpenStack API call

The above exception was the direct cause of the following exception:

Traceback (most recent call last):
  File "/var/lib/juju/agents/unit-test-l6tclxml-0/charm/venv/github_runner_manager/manager/runner_manager.py", line 276, in _spawn_runners
    return (RunnerManager._create_runner(create_runner_args_sequence[0]),)
  File "/var/lib/juju/agents/unit-test-l6tclxml-0/charm/venv/github_runner_manager/manager/runner_manager.py", line 404, in _create_runner
    return args.cloud_runner_manager.create_runner(registration_token=args.registration_token)
  File "/var/lib/juju/agents/unit-test-l6tclxml-0/charm/venv/github_runner_manager/openstack_cloud/openstack_runner_manager.py", line 217, in create_runner
    raise RunnerCreateError(f"Failed to create {instance_name} openstack runner") from err
github_runner_manager.errors.RunnerCreateError: Failed to create test-l6tclxml-0-12b404007cec openstack runner
unit-test-l6tclxml-0: 19:08:43 CRITICAL unit.test-l6tclxml/0.juju-log test mode is enabled
unit-test-l6tclxml-0: 19:08:44 CRITICAL unit.test-l6tclxml/0.juju-log test mode is enabled
unit-test-l6tclxml-0: 19:09:07 CRITICAL unit.test-l6tclxml/0.juju-log test mode is enabled

INFO     pytest_operator.plugin:plugin.py:1017 Forgetting model main...