19:05:17 INFO Waiting for model:
  test-d1yearhm/0 [idle] active: 
19:05:48 INFO Waiting for model:
  test-d1yearhm/0 [idle] active: 
19:05:51 INFO Current reconcile ID: 9653b6ec-d1ac-45c0-95c0-6179c6c40802
19:06:52 INFO Current reconcile ID: 9653b6ec-d1ac-45c0-95c0-6179c6c40802
19:07:53 INFO Current reconcile ID: a744e586-a920-4f13-aecf-fe81da5e62f6
19:08:00 INFO [TEST SETUP] Exposing port 8080 on test-d1yearhm-0-n-ba1bb92243a3
19:08:00 WARNING dict_values([[{'version': 4, 'addr': '10.145.193.249', 'OS-EXT-IPS:type': 'fixed', 'OS-EXT-IPS-MAC:mac_addr': 'fa:16:3e:11:ec:ee'}]])
19:08:01 INFO ssh tunnel command ssh -fNT -R 8080:localhost:8080 -i /home/runner-manager/.ssh/test-d1yearhm-0-n-ba1bb92243a3.key -o "StrictHostKeyChecking no" -o "ControlPersist yes" ubuntu@10.145.193.249 &
19:08:02 INFO ssh tunnel result 0 None Warning: Permanently added '10.145.193.249' (ED25519) to the list of known hosts.

19:08:04 INFO [TEST SETUP] Run command nc -z localhost 8080 on test-d1yearhm-0-n-ba1bb92243a3
19:08:04 WARNING dict_values([[{'version': 4, 'addr': '10.145.193.249', 'OS-EXT-IPS:type': 'fixed', 'OS-EXT-IPS-MAC:mac_addr': 'fa:16:3e:11:ec:ee'}]])
19:08:05 WARNING ssh_cmd: su - ubuntu -c 'ssh -i /home/runner-manager/.ssh/test-d1yearhm-0-n-ba1bb92243a3.key -o "StrictHostKeyChecking no" ubuntu@10.145.193.249 nc -z localhost 8080'
19:08:06 INFO Run command 'nc -z localhost 8080' in runner with result 0: 'None' 'Connection to localhost (127.0.0.1) 8080 port [tcp/http-alt] succeeded!
'
19:08:07 INFO [TEST SETUP] Run command curl http://localhost:8080 on test-d1yearhm-0-n-ba1bb92243a3
19:08:07 WARNING dict_values([[{'version': 4, 'addr': '10.145.193.249', 'OS-EXT-IPS:type': 'fixed', 'OS-EXT-IPS-MAC:mac_addr': 'fa:16:3e:11:ec:ee'}]])
19:08:08 WARNING ssh_cmd: su - ubuntu -c 'ssh -i /home/runner-manager/.ssh/test-d1yearhm-0-n-ba1bb92243a3.key -o "StrictHostKeyChecking no" ubuntu@10.145.193.249 curl http://localhost:8080'
19:08:09 INFO Run command 'curl http://localhost:8080' in runner with result 0: '<!doctype html>
<html lang=en>
<title>404 Not Found</title>
<h1>Not Found</h1>
<p>The requested URL was not found on the server. If you entered the URL manually please check your spelling and try again.</p>
' '  % Total    % Received % Xferd  Average Speed   Time    Time     Time  Current
                                 Dload  Upload   Total   Spent    Left  Speed
  0     0    0     0    0     0      0      0 --:--:-- --:--:-- --:--:--     0100   207  100   207    0     0  56962      0 --:--:-- --:--:-- --:--:-- 69000
'
19:08:11 INFO Wait for condition not met, sleeping 10
19:08:23 INFO Waiting for model:
  test-d1yearhm/0 [idle] active: 
19:08:53 INFO Waiting for model:
  test-d1yearhm/0 [idle] active: 
19:08:56 INFO Current reconcile ID: 178b1bb7-ab20-41b9-aecc-21a11143ed22
19:09:57 INFO Current reconcile ID: 178b1bb7-ab20-41b9-aecc-21a11143ed22
19:10:58 INFO Current reconcile ID: 178b1bb7-ab20-41b9-aecc-21a11143ed22
19:11:59 INFO Current reconcile ID: aa2c53b5-4fa8-44e1-a9c6-6b4ee27248b4
19:12:01 INFO Model status:

Model                   Controller           Cloud/Region         Version  SLA          Timestamp
test-charm-runner-4rst  github-pr-196a7-lxd  localhost/localhost  3.6.8    unsupported  19:12:01Z

App                                   Version  Status  Scale  Charm                        Channel      Rev  Exposed  Message
github-runner-image-builder-d1yearhm           active      1  github-runner-image-builder  latest/edge  100  no       
test-d1yearhm                                  active      1  github-runner                               0  yes      

Unit                                     Workload  Agent  Machine  Public address  Ports     Message
github-runner-image-builder-d1yearhm/0*  active    idle   0        10.154.49.77              
test-d1yearhm/0*                         active    idle   1        10.154.49.225   8080/tcp  

Machine  State    Address        Inst id        Base          AZ  Message
0        started  10.154.49.77   juju-c214fe-0  ubuntu@22.04      Running
1        started  10.154.49.225  juju-c214fe-1  ubuntu@22.04      Running

19:12:01 INFO Juju error logs:

machine-0: 18:25:35 ERROR juju.worker.dependency "lxd-container-provisioner" manifold worker returned unexpected error: container types not yet available
machine-0: 18:25:35 ERROR juju.worker.dependency "kvm-container-provisioner" manifold worker returned unexpected error: container types not yet available
unit-github-runner-image-builder-d1yearhm-0: 18:25:35 ERROR juju.worker.meterstatus error running "meter-status-changed": charm missing from disk
machine-1: 18:25:45 ERROR juju.worker.dependency "kvm-container-provisioner" manifold worker returned unexpected error: container types not yet available
machine-1: 18:25:45 ERROR juju.worker.dependency "lxd-container-provisioner" manifold worker returned unexpected error: container types not yet available
unit-test-d1yearhm-0: 18:25:45 ERROR juju.worker.meterstatus error running "meter-status-changed": charm missing from disk
unit-github-runner-image-builder-d1yearhm-0: 18:26:23 ERROR unit.github-runner-image-builder-d1yearhm/0.juju-log Pipx command failed, code: 1, out: None, err: None
unit-test-d1yearhm-0: 18:27:11 ERROR unit.test-d1yearhm/0.juju-log Missing image integration.
Traceback (most recent call last):
  File "/var/lib/juju/agents/unit-test-d1yearhm-0/charm/./src/charm.py", line 118, in func_with_catch_errors
    func(self, event)
  File "/var/lib/juju/agents/unit-test-d1yearhm-0/charm/./src/charm.py", line 342, in _on_config_changed
    self._check_image_ready()
  File "/var/lib/juju/agents/unit-test-d1yearhm-0/charm/./src/charm.py", line 512, in _check_image_ready
    raise ImageIntegrationMissingError("No image integration found")
errors.ImageIntegrationMissingError: No image integration found
unit-test-d1yearhm-0: 18:27:14 ERROR unit.test-d1yearhm/0.juju-log Missing image integration.
Traceback (most recent call last):
  File "/var/lib/juju/agents/unit-test-d1yearhm-0/charm/./src/charm.py", line 118, in func_with_catch_errors
    func(self, event)
  File "/var/lib/juju/agents/unit-test-d1yearhm-0/charm/./src/charm.py", line 313, in _on_start
    self._check_image_ready()
  File "/var/lib/juju/agents/unit-test-d1yearhm-0/charm/./src/charm.py", line 512, in _check_image_ready
    raise ImageIntegrationMissingError("No image integration found")
errors.ImageIntegrationMissingError: No image integration found
unit-test-d1yearhm-0: 18:28:18 ERROR unit.test-d1yearhm/0.juju-log image:0: Missing image in image integration.
Traceback (most recent call last):
  File "/var/lib/juju/agents/unit-test-d1yearhm-0/charm/./src/charm.py", line 118, in func_with_catch_errors
    func(self, event)
  File "/var/lib/juju/agents/unit-test-d1yearhm-0/charm/./src/charm.py", line 477, in _on_image_relation_changed
    self._check_image_ready()
  File "/var/lib/juju/agents/unit-test-d1yearhm-0/charm/./src/charm.py", line 514, in _check_image_ready
    raise ImageNotFoundError("No image found in the image integration")
errors.ImageNotFoundError: No image found in the image integration

19:12:01 INFO Forgetting model main...