18:23:20 WARNING unexpected facade SSHServer received from the controller
18:23:20 INFO Adding model github-pr-196a7-lxd:test-charm-fork-path-change-tj6t on cloud localhost
18:23:20 WARNING unexpected facade SSHServer received from the controller
18:23:20 WARNING unexpected facade SSHSession received from the controller
18:23:20 WARNING unexpected facade SSHTunneler received from the controller
18:23:22 INFO Deploying ch:amd64/jammy/github-runner-image-builder-100
18:23:41 INFO Deploying local:jammy/github-runner-0
18:23:41 INFO Waiting for model:
  test-e015x792/0 [allocating] waiting: waiting for machine
  github-runner-image-builder-e015x792/0 [allocating] waiting: waiting for machine
18:24:11 INFO Waiting for model:
  test-e015x792/0 [allocating] waiting: waiting for machine
  github-runner-image-builder-e015x792/0 [allocating] waiting: waiting for machine
18:24:41 INFO Waiting for model:
  test-e015x792/0 [allocating] waiting: agent initialising
  github-runner-image-builder-e015x792/0 [executing] maintenance: Setting up Builder.
18:25:12 INFO Waiting for model:
  test-e015x792/0 [executing] maintenance: installing charm software
  github-runner-image-builder-e015x792/0 [executing] maintenance: Setting up Builder.
18:25:42 INFO Waiting for model:
  test-e015x792/0 [executing] maintenance: installing charm software
  github-runner-image-builder-e015x792/0 [executing] maintenance: Setting up Builder.
18:26:12 INFO Waiting for model:
  test-e015x792/0 [idle] blocked: Please provide image integration.
  github-runner-image-builder-e015x792/0 [executing] maintenance: Setting up Builder.
18:26:42 INFO Waiting for model:
  test-e015x792/0 [idle] blocked: Please provide image integration.
  github-runner-image-builder-e015x792/0 [executing] maintenance: Setting up Builder.
18:27:12 INFO Waiting for model:
  test-e015x792/0 [idle] waiting: Waiting for image over integration.
  github-runner-image-builder-e015x792/0 [executing] active: Building image.
18:27:43 INFO Waiting for model:
  test-e015x792/0 [idle] waiting: Waiting for image over integration.
  github-runner-image-builder-e015x792/0 [executing] active: Building image.
18:28:13 INFO Waiting for model:
  test-e015x792/0 [idle] waiting: Waiting for image over integration.
  github-runner-image-builder-e015x792/0 [executing] active: Building image.
18:28:44 INFO Waiting for model:
  test-e015x792/0 [idle] waiting: Waiting for image over integration.
  github-runner-image-builder-e015x792/0 [executing] active: Building image.
18:29:14 INFO Waiting for model:
  test-e015x792/0 [idle] waiting: Waiting for image over integration.
  github-runner-image-builder-e015x792/0 [executing] active: Building image.
18:29:45 INFO Waiting for model:
  test-e015x792/0 [idle] waiting: Waiting for image over integration.
  github-runner-image-builder-e015x792/0 [executing] active: Building image.
18:30:15 INFO Waiting for model:
  test-e015x792/0 [idle] waiting: Waiting for image over integration.
  github-runner-image-builder-e015x792/0 [executing] active: Building image.
18:30:45 INFO Waiting for model:
  test-e015x792/0 [idle] waiting: Waiting for image over integration.
  github-runner-image-builder-e015x792/0 [executing] active: Building image.
18:31:15 INFO Waiting for model:
  test-e015x792/0 [idle] waiting: Waiting for image over integration.
  github-runner-image-builder-e015x792/0 [executing] active: Building image.
18:31:45 INFO Waiting for model:
  test-e015x792/0 [idle] waiting: Waiting for image over integration.
  github-runner-image-builder-e015x792/0 [executing] active: Building image.
18:32:15 INFO Waiting for model:
  test-e015x792/0 [idle] waiting: Waiting for image over integration.
  github-runner-image-builder-e015x792/0 [executing] active: Building image.
18:32:45 INFO Waiting for model:
  test-e015x792/0 [idle] waiting: Waiting for image over integration.
  github-runner-image-builder-e015x792/0 [executing] active: Building image.
18:33:15 INFO Waiting for model:
  test-e015x792/0 [idle] waiting: Waiting for image over integration.
  github-runner-image-builder-e015x792/0 [executing] active: Building image.
18:33:45 INFO Waiting for model:
  test-e015x792/0 [idle] waiting: Waiting for image over integration.
  github-runner-image-builder-e015x792/0 [executing] active: Building image.
18:34:16 INFO Waiting for model:
  test-e015x792/0 [idle] waiting: Waiting for image over integration.
  github-runner-image-builder-e015x792/0 [executing] active: Building image.
18:34:46 INFO Waiting for model:
  test-e015x792/0 [idle] waiting: Waiting for image over integration.
  github-runner-image-builder-e015x792/0 [executing] active: Building image.
18:35:16 INFO Waiting for model:
  test-e015x792/0 [idle] waiting: Waiting for image over integration.
  github-runner-image-builder-e015x792/0 [executing] active: Building image.
18:35:46 INFO Waiting for model:
  test-e015x792/0 [idle] waiting: Waiting for image over integration.
  github-runner-image-builder-e015x792/0 [executing] active: Building image.
18:36:17 INFO Waiting for model:
  test-e015x792/0 [idle] waiting: Waiting for image over integration.
  github-runner-image-builder-e015x792/0 [executing] active: Building image.
18:36:47 INFO Waiting for model:
  test-e015x792/0 [idle] waiting: Waiting for image over integration.
  github-runner-image-builder-e015x792/0 [executing] active: Building image.
18:37:17 INFO Waiting for model:
  test-e015x792/0 [idle] waiting: Waiting for image over integration.
  github-runner-image-builder-e015x792/0 [executing] active: Building image.
18:37:47 INFO Waiting for model:
  test-e015x792/0 [idle] waiting: Waiting for image over integration.
  github-runner-image-builder-e015x792/0 [executing] active: Building image.
18:38:17 INFO Waiting for model:
  test-e015x792/0 [idle] waiting: Waiting for image over integration.
  github-runner-image-builder-e015x792/0 [executing] active: Building image.
18:38:47 INFO Waiting for model:
  test-e015x792/0 [idle] waiting: Waiting for image over integration.
  github-runner-image-builder-e015x792/0 [executing] active: Building image.
18:39:17 INFO Waiting for model:
  test-e015x792/0 [idle] waiting: Waiting for image over integration.
  github-runner-image-builder-e015x792/0 [executing] active: Building image.
18:39:48 INFO Waiting for model:
  test-e015x792/0 [idle] waiting: Waiting for image over integration.
  github-runner-image-builder-e015x792/0 [executing] active: Building image.
18:40:18 INFO Waiting for model:
  test-e015x792/0 [idle] waiting: Waiting for image over integration.
  github-runner-image-builder-e015x792/0 [executing] active: Building image.
18:40:48 INFO Waiting for model:
  test-e015x792/0 [idle] waiting: Waiting for image over integration.
  github-runner-image-builder-e015x792/0 [executing] active: Building image.
18:41:18 INFO Waiting for model:
  test-e015x792/0 [idle] waiting: Waiting for image over integration.
  github-runner-image-builder-e015x792/0 [executing] active: Building image.
18:41:48 INFO Waiting for model:
  test-e015x792/0 [idle] waiting: Waiting for image over integration.
  github-runner-image-builder-e015x792/0 [executing] active: Building image.
18:42:18 INFO Waiting for model:
  test-e015x792/0 [executing] maintenance: Update image for runners
18:42:43 INFO GitHub token rate limit: Rate(reset=2025-08-10 19:23:43+00:00, remaining=4841, limit=5000)
18:42:54 INFO test_path_config_change
18:42:54 INFO Waiting for model:
  test-e015x792/0 [idle] active: 
18:43:25 INFO Waiting for model:
  test-e015x792/0 [idle] active: 
18:43:50 INFO Ensure there is a runner (this calls reconcile)
18:43:50 INFO Waiting for model:
  test-e015x792/0 [idle] active: 
18:44:20 INFO Waiting for model:
  test-e015x792/0 [idle] active: 
18:44:23 INFO Current reconcile ID: db04e568-33f6-4992-a10f-052b587ea6de
18:45:24 INFO Current reconcile ID: db04e568-33f6-4992-a10f-052b587ea6de
18:46:25 INFO Current reconcile ID: d059f8b6-e93f-4689-bbf3-e6e6dccf6292
18:46:30 INFO Reconciling (again)
18:46:31 INFO Waiting for model:
  test-e015x792/0 [idle] active: 
18:47:01 INFO Waiting for model:
  test-e015x792/0 [idle] active: 
18:47:16 INFO Current reconcile ID: a726bf33-608c-4aa3-ba97-417e31d1c9c3
18:48:17 INFO Current reconcile ID: a726bf33-608c-4aa3-ba97-417e31d1c9c3
18:49:19 INFO Current reconcile ID: 4682ef89-aa33-4712-aea1-9ec667447515
18:50:36 INFO runners: ['test-e015x792-0-n-593d5edfa6a2']
18:50:37 INFO runners in github repo: [SelfHostedActionsRunner(name="amd-jammy-stg-private-endpoint-ps7-0-n-21532ade03df"), SelfHostedActionsRunner(name="os-amd-jammy-staging-ps6-4-n-2649c589b7cc"), SelfHostedActionsRunner(name="os-amd-jammy-staging-ps6-4-n-367a7638526c"), SelfHostedActionsRunner(name="os-amd-jammy-staging-ps6-4-n-58f2e517796d"), SelfHostedActionsRunner(name="os-amd-jammy-staging-ps6-4-n-6db7095aa999"), SelfHostedActionsRunner(name="os-amd-jammy-staging-ps6-4-n-770161b9bd48"), SelfHostedActionsRunner(name="os-amd-jammy-staging-ps6-4-n-7e58f861ed43"), SelfHostedActionsRunner(name="os-amd-jammy-staging-ps6-4-n-a59caf06066c"), SelfHostedActionsRunner(name="os-amd-jammy-staging-ps6-4-n-accf47015112"), SelfHostedActionsRunner(name="os-amd-jammy-staging-ps6-4-n-b053918a142d"), SelfHostedActionsRunner(name="os-amd-jammy-staging-ps6-4-n-cbd165798d51"), SelfHostedActionsRunner(name="os-amd-jammy-staging-ps6-4-n-ce5e48088343"), SelfHostedActionsRunner(name="os-amd-jammy-staging-ps7-0-n-6f139bb71b59"), SelfHostedActionsRunner(name="test-d1yearhm-0-n-d49835dfa40a"), SelfHostedActionsRunner(name="test-e015x792-0-n-593d5edfa6a2"), SelfHostedActionsRunner(name="test-h29irynp-0-n-3b565956abb4"), SelfHostedActionsRunner(name="test-hahpycwq-0-n-d2d2f501528e"), SelfHostedActionsRunner(name="test-hntrojqs-0-n-38e544922890"), SelfHostedActionsRunner(name="test-ordyjk8g-0-n-9b82b0535cfe"), SelfHostedActionsRunner(name="test-t3bj4nkg-0-r-ba3d40cbea08"), SelfHostedActionsRunner(name="test-ut8a7znp-0-n-6994df81fe9e"), SelfHostedActionsRunner(name="test-yoeuul2k-0-n-76ce91faca05"), SelfHostedActionsRunner(name="test-zgsaqegf-0-n-dedbe033df13")]
18:50:38 INFO Model status:

Model                             Controller           Cloud/Region         Version  SLA          Timestamp
test-charm-fork-path-change-tj6t  github-pr-196a7-lxd  localhost/localhost  3.6.8    unsupported  18:50:38Z

App                                   Version  Status  Scale  Charm                        Channel      Rev  Exposed  Message
github-runner-image-builder-e015x792           active      1  github-runner-image-builder  latest/edge  100  no       
test-e015x792                                  active      1  github-runner                               0  no       

Unit                                     Workload  Agent  Machine  Public address  Ports  Message
github-runner-image-builder-e015x792/0*  active    idle   0        10.179.229.181         
test-e015x792/0*                         active    idle   1        10.179.229.215         

Machine  State    Address         Inst id        Base          AZ  Message
0        started  10.179.229.181  juju-ab7311-0  ubuntu@22.04      Running
1        started  10.179.229.215  juju-ab7311-1  ubuntu@22.04      Running

18:50:38 INFO Juju error logs:

machine-0: 18:24:26 ERROR juju.worker.dependency "kvm-container-provisioner" manifold worker returned unexpected error: container types not yet available
machine-0: 18:24:26 ERROR juju.worker.dependency "lxd-container-provisioner" manifold worker returned unexpected error: container types not yet available
unit-github-runner-image-builder-e015x792-0: 18:24:26 ERROR juju.worker.meterstatus error running "meter-status-changed": charm missing from disk
machine-1: 18:24:33 ERROR juju.worker.dependency "kvm-container-provisioner" manifold worker returned unexpected error: container types not yet available
machine-1: 18:24:33 ERROR juju.worker.dependency "lxd-container-provisioner" manifold worker returned unexpected error: container types not yet available
unit-test-e015x792-0: 18:24:34 ERROR juju.worker.meterstatus error running "meter-status-changed": charm missing from disk
unit-github-runner-image-builder-e015x792-0: 18:25:07 ERROR unit.github-runner-image-builder-e015x792/0.juju-log Pipx command failed, code: 1, out: None, err: None
unit-test-e015x792-0: 18:25:43 ERROR unit.test-e015x792/0.juju-log Missing image integration.
Traceback (most recent call last):
  File "/var/lib/juju/agents/unit-test-e015x792-0/charm/./src/charm.py", line 118, in func_with_catch_errors
    func(self, event)
  File "/var/lib/juju/agents/unit-test-e015x792-0/charm/./src/charm.py", line 342, in _on_config_changed
    self._check_image_ready()
  File "/var/lib/juju/agents/unit-test-e015x792-0/charm/./src/charm.py", line 512, in _check_image_ready
    raise ImageIntegrationMissingError("No image integration found")
errors.ImageIntegrationMissingError: No image integration found
unit-test-e015x792-0: 18:25:46 ERROR unit.test-e015x792/0.juju-log Missing image integration.
Traceback (most recent call last):
  File "/var/lib/juju/agents/unit-test-e015x792-0/charm/./src/charm.py", line 118, in func_with_catch_errors
    func(self, event)
  File "/var/lib/juju/agents/unit-test-e015x792-0/charm/./src/charm.py", line 313, in _on_start
    self._check_image_ready()
  File "/var/lib/juju/agents/unit-test-e015x792-0/charm/./src/charm.py", line 512, in _check_image_ready
    raise ImageIntegrationMissingError("No image integration found")
errors.ImageIntegrationMissingError: No image integration found
unit-test-e015x792-0: 18:27:00 ERROR unit.test-e015x792/0.juju-log image:0: Missing image in image integration.
Traceback (most recent call last):
  File "/var/lib/juju/agents/unit-test-e015x792-0/charm/./src/charm.py", line 118, in func_with_catch_errors
    func(self, event)
  File "/var/lib/juju/agents/unit-test-e015x792-0/charm/./src/charm.py", line 477, in _on_image_relation_changed
    self._check_image_ready()
  File "/var/lib/juju/agents/unit-test-e015x792-0/charm/./src/charm.py", line 514, in _check_image_ready
    raise ImageNotFoundError("No image found in the image integration")
errors.ImageNotFoundError: No image found in the image integration

18:50:38 INFO Forgetting model main...