06:18:37 WARNING unexpected facade SSHServer received from the controller
06:18:37 INFO Adding model github-pr-71e3b-lxd:test-charm-fork-repo-8oj3 on cloud localhost
06:18:37 WARNING unexpected facade SSHServer received from the controller
06:18:37 WARNING unexpected facade SSHSession received from the controller
06:18:37 WARNING unexpected facade SSHTunneler received from the controller
06:18:37 INFO Deploying fake image builder via any-charm for image ID 1ad6e456-fa35-47ef-988f-1e793a60f258
06:18:38 INFO Deploying ch:amd64/noble/any-charm-124
06:18:52 INFO Deploying local:jammy/github-runner-0
06:18:52 INFO Waiting for model:
  test-xkko4w2b/0 [allocating] waiting: waiting for machine
  github-runner-image-builder-xkko4w2b/0 [allocating] waiting: waiting for machine
06:19:23 INFO Waiting for model:
  test-xkko4w2b/0 [allocating] waiting: waiting for machine
  github-runner-image-builder-xkko4w2b/0 [executing] maintenance: installing charm software
06:19:53 INFO Waiting for model:
  test-xkko4w2b/0 [allocating] waiting: waiting for machine
06:20:23 INFO Waiting for model:
  test-xkko4w2b/0 [allocating] waiting: waiting for machine
06:20:53 INFO Waiting for model:
  test-xkko4w2b/0 [executing] maintenance: installing charm software
06:21:23 INFO Waiting for model:
  test-xkko4w2b/0 [executing] maintenance: installing charm software
06:21:54 INFO Waiting for model:
  test-xkko4w2b/0 [executing] maintenance: Update image for runners
  github-runner-image-builder-xkko4w2b/0 [idle] active: 
06:22:20 INFO GitHub token rate limit: Rate(reset=2025-12-28 07:00:49+00:00, remaining=4884, limit=5000)
06:23:10 INFO Waiting for model:
  test-xkko4w2b/0 [idle] active: 
06:23:40 INFO Waiting for model:
  test-xkko4w2b/0 [idle] active: 
06:23:43 INFO Current reconcile ID: 31659f96-895b-4b47-97db-422781a62784
06:23:43 INFO Waiting for reconcile ID: 31659f96-895b-4b47-97db-422781a62784
06:24:44 INFO Current reconcile ID: 31659f96-895b-4b47-97db-422781a62784
06:24:44 INFO Current reconcile ID: 31659f96-895b-4b47-97db-422781a62784, expected reconcile ID: 31659f96-895b-4b47-97db-422781a62784
06:24:44 INFO Waiting for reconcile ID: 31659f96-895b-4b47-97db-422781a62784
06:25:45 INFO Current reconcile ID: 759574c1-92c0-42fc-9aab-342693850547
06:25:45 INFO Current reconcile ID: 759574c1-92c0-42fc-9aab-342693850547, expected reconcile ID: 31659f96-895b-4b47-97db-422781a62784
06:25:50 INFO [TEST SETUP] Exposing port 8080 on test-xkko4w2b-0-n-63a6ac6d1ad4
06:25:50 WARNING dict_values([[{'version': 4, 'addr': '10.151.122.238', 'OS-EXT-IPS:type': 'fixed', 'OS-EXT-IPS-MAC:mac_addr': 'fa:16:3e:e2:23:7b'}]])
06:25:51 INFO ssh tunnel command ssh -fNT -R 8080:localhost:8080 -i /home/runner-manager/.ssh/test-xkko4w2b-0-n-63a6ac6d1ad4.key -o "StrictHostKeyChecking no" -o "ControlPersist yes" ubuntu@10.151.122.238 &
06:25:52 INFO ssh tunnel result 0 None Warning: Permanently added '10.151.122.238' (ED25519) to the list of known hosts.

06:25:53 INFO [TEST SETUP] Run command nc -z localhost 8080 on test-xkko4w2b-0-n-63a6ac6d1ad4
06:25:53 WARNING dict_values([[{'version': 4, 'addr': '10.151.122.238', 'OS-EXT-IPS:type': 'fixed', 'OS-EXT-IPS-MAC:mac_addr': 'fa:16:3e:e2:23:7b'}]])
06:25:54 WARNING ssh_cmd: su - ubuntu -c 'ssh -i /home/runner-manager/.ssh/test-xkko4w2b-0-n-63a6ac6d1ad4.key -o "StrictHostKeyChecking no" ubuntu@10.151.122.238 nc -z localhost 8080'
06:25:55 INFO Run command 'nc -z localhost 8080' in runner with result 0: 'None' 'Connection to localhost (127.0.0.1) 8080 port [tcp/http-alt] succeeded!
'
06:25:56 INFO [TEST SETUP] Run command curl http://localhost:8080 on test-xkko4w2b-0-n-63a6ac6d1ad4
06:25:56 WARNING dict_values([[{'version': 4, 'addr': '10.151.122.238', 'OS-EXT-IPS:type': 'fixed', 'OS-EXT-IPS-MAC:mac_addr': 'fa:16:3e:e2:23:7b'}]])
06:25:57 WARNING ssh_cmd: su - ubuntu -c 'ssh -i /home/runner-manager/.ssh/test-xkko4w2b-0-n-63a6ac6d1ad4.key -o "StrictHostKeyChecking no" ubuntu@10.151.122.238 curl http://localhost:8080'
06:25:58 INFO Run command 'curl http://localhost:8080' in runner with result 0: '<!doctype html>
<html lang=en>
<title>404 Not Found</title>
<h1>Not Found</h1>
<p>The requested URL was not found on the server. If you entered the URL manually please check your spelling and try again.</p>
' '  % Total    % Received % Xferd  Average Speed   Time    Time     Time  Current
                                 Dload  Upload   Total   Spent    Left  Speed
  0     0    0     0    0     0      0      0 --:--:-- --:--:-- --:--:--     0100   207  100   207    0     0  88803      0 --:--:-- --:--:-- --:--:--  101k
'
06:26:00 INFO Wait for condition not met, sleeping 10
06:26:11 INFO Wait for condition not met, sleeping 60
06:27:15 INFO Model status:

Model                      Controller           Cloud/Region         Version  SLA          Timestamp
test-charm-fork-repo-8oj3  github-pr-71e3b-lxd  localhost/localhost  3.6.12   unsupported  06:27:15Z

App                                   Version  Status  Scale  Charm          Channel      Rev  Exposed  Message
github-runner-image-builder-xkko4w2b           active      1  any-charm      latest/beta  124  no       
test-xkko4w2b                                  active      1  github-runner                 0  yes      

Unit                                     Workload  Agent  Machine  Public address  Ports     Message
github-runner-image-builder-xkko4w2b/0*  active    idle   0        10.165.71.158             
test-xkko4w2b/0*                         active    idle   1        10.165.71.134   8080/tcp  

Machine  State    Address        Inst id        Base          AZ             Message
0        started  10.165.71.158  juju-4b5e36-0  ubuntu@24.04  github-runner  Running
1        started  10.165.71.134  juju-4b5e36-1  ubuntu@22.04  github-runner  Running

06:27:15 INFO Juju error logs:

machine-0: 06:19:16 ERROR juju.worker.dependency "kvm-container-provisioner" manifold worker returned unexpected error: container types not yet available
machine-0: 06:19:16 ERROR juju.worker.dependency "lxd-container-provisioner" manifold worker returned unexpected error: container types not yet available
machine-1: 06:20:26 ERROR juju.worker.dependency "lxd-container-provisioner" manifold worker returned unexpected error: container types not yet available
machine-1: 06:20:26 ERROR juju.worker.dependency "kvm-container-provisioner" manifold worker returned unexpected error: container types not yet available
unit-test-xkko4w2b-0: 06:21:41 ERROR unit.test-xkko4w2b/0.juju-log Missing image integration.
Traceback (most recent call last):
  File "/var/lib/juju/agents/unit-test-xkko4w2b-0/charm/./src/charm.py", line 119, in func_with_catch_errors
    func(self, event)
  File "/var/lib/juju/agents/unit-test-xkko4w2b-0/charm/./src/charm.py", line 354, in _on_config_changed
    self._check_image_ready()
  File "/var/lib/juju/agents/unit-test-xkko4w2b-0/charm/./src/charm.py", line 524, in _check_image_ready
    raise ImageIntegrationMissingError("No image integration found")
errors.ImageIntegrationMissingError: No image integration found
unit-test-xkko4w2b-0: 06:21:42 ERROR unit.test-xkko4w2b/0.juju-log Missing image integration.
Traceback (most recent call last):
  File "/var/lib/juju/agents/unit-test-xkko4w2b-0/charm/./src/charm.py", line 119, in func_with_catch_errors
    func(self, event)
  File "/var/lib/juju/agents/unit-test-xkko4w2b-0/charm/./src/charm.py", line 317, in _on_start
    self._check_image_ready()
  File "/var/lib/juju/agents/unit-test-xkko4w2b-0/charm/./src/charm.py", line 524, in _check_image_ready
    raise ImageIntegrationMissingError("No image integration found")
errors.ImageIntegrationMissingError: No image integration found

06:27:15 INFO Forgetting model main...