INFO     pytest_operator.plugin:plugin.py:745 Adding model lxd:test-charm-upgrade-oxkm on cloud localhost
WARNING  juju.client.connection:connection.py:893 unexpected facade AgentLifeFlag received from the controller
WARNING  juju.client.connection:connection.py:909 unknown common facade version for AgentLifeFlag,
versions known to client : [2, 3]
versions known to controller : [1]
WARNING  juju.client.connection:connection.py:893 unexpected facade SecretsDrain received from the controller
INFO     juju.model:model.py:1988 Deploying ch:amd64/github-runner-image-builder-2
INFO     juju.model:model.py:2641 Waiting for model:
  github-runner-image-builder (not enough units yet - 0/1)
INFO     juju.model:model.py:2641 Waiting for model:
  github-runner-image-builder/0 [allocating] waiting: waiting for machine
INFO     juju.model:model.py:2641 Waiting for model:
  github-runner-image-builder/0 [allocating] waiting: waiting for machine
INFO     juju.model:model.py:2641 Waiting for model:
  github-runner-image-builder/0 [allocating] waiting: waiting for machine
INFO     juju.model:model.py:2641 Waiting for model:
  github-runner-image-builder/0 [executing] maintenance: Setting up Builder.
INFO     juju.model:model.py:2641 Waiting for model:
  github-runner-image-builder/0 [executing] maintenance: Setting up Builder.
INFO     juju.model:model.py:2641 Waiting for model:
  github-runner-image-builder/0 [executing] maintenance: Setting up Builder.
INFO     juju.model:model.py:2641 Waiting for model:
  github-runner-image-builder/0 [idle] active:
INFO     juju.model:model.py:1988 Deploying local:jammy/github-runner-0
INFO     juju.model:model.py:2641 Waiting for model:
  test-hpp4nyou/0 [allocating] waiting: waiting for machine
INFO     juju.model:model.py:2641 Waiting for model:
  test-hpp4nyou/0 [allocating] waiting: waiting for machine
INFO     juju.model:model.py:2641 Waiting for model:
  test-hpp4nyou/0 [executing] blocked: Please provide image integration.
INFO     juju.model:model.py:2641 Waiting for model:
  test-hpp4nyou/0 [idle] blocked: Invalid token.
INFO     juju.model:model.py:2641 Waiting for model:
  test-hpp4nyou/0 [idle] blocked: Invalid token.
INFO     juju.model:model.py:2641 Waiting for model:
  test-hpp4nyou/0 [idle] blocked: Invalid token.
INFO     juju.model:model.py:2641 Waiting for model:
  test-hpp4nyou/0 [idle] blocked: Invalid token.
INFO     juju.model:model.py:2641 Waiting for model:
  test-hpp4nyou/0 [idle] blocked: Invalid token.
INFO     juju.model:model.py:2641 Waiting for model:
  test-hpp4nyou/0 [idle] blocked: Invalid token.
INFO     juju.model:model.py:2641 Waiting for model:
  test-hpp4nyou/0 [idle] blocked: Invalid token.
INFO     juju.model:model.py:2641 Waiting for model:
  test-hpp4nyou/0 [idle] blocked: Invalid token.
INFO     juju.model:model.py:2641 Waiting for model:
  test-hpp4nyou/0 [idle] blocked: Invalid token.
INFO     juju.model:model.py:2641 Waiting for model:
  test-hpp4nyou/0 [idle] blocked: Invalid token.
INFO     juju.model:model.py:2641 Waiting for model:
  test-hpp4nyou/0 [idle] blocked: Invalid token.
INFO     juju.model:model.py:2641 Waiting for model:
  test-hpp4nyou/0 [idle] blocked: Invalid token.
INFO     juju.model:model.py:2641 Waiting for model:
  test-hpp4nyou/0 [idle] blocked: Invalid token.
INFO     juju.model:model.py:2641 Waiting for model:
  test-hpp4nyou/0 [idle] blocked: Invalid token.
INFO     juju.model:model.py:2641 Waiting for model:
  test-hpp4nyou/0 [idle] blocked: Invalid token.
INFO     juju.model:model.py:2641 Waiting for model:
  test-hpp4nyou/0 [idle] blocked: Invalid token.
INFO     juju.model:model.py:2641 Waiting for model:
  test-hpp4nyou/0 [idle] blocked: Invalid token.
INFO     juju.model:model.py:2641 Waiting for model:
  test-hpp4nyou/0 [idle] blocked: Invalid token.
INFO     juju.model:model.py:2641 Waiting for model:
  test-hpp4nyou/0 [idle] blocked: Invalid token.
INFO     juju.model:model.py:2641 Waiting for model:
  test-hpp4nyou/0 [idle] blocked: Invalid token.
INFO     juju.model:model.py:2641 Waiting for model:
  test-hpp4nyou/0 [idle] blocked: Invalid token.
INFO     juju.model:model.py:2641 Waiting for model:
  test-hpp4nyou/0 [idle] blocked: Invalid token.
INFO     juju.model:model.py:2641 Waiting for model:
  test-hpp4nyou/0 [idle] blocked: Invalid token.
INFO     juju.model:model.py:2641 Waiting for model:
  test-hpp4nyou/0 [idle] blocked: Invalid token.
INFO     juju.model:model.py:2641 Waiting for model:
  test-hpp4nyou/0 [idle] blocked: Invalid token.
INFO     juju.model:model.py:2641 Waiting for model:
  test-hpp4nyou/0 [idle] blocked: Invalid token.
INFO     juju.model:model.py:2641 Waiting for model:
  test-hpp4nyou/0 [idle] blocked: Invalid token.
INFO     juju.model:model.py:2641 Waiting for model:
  test-hpp4nyou/0 [idle] blocked: Invalid token.
INFO     juju.model:model.py:2641 Waiting for model:
  test-hpp4nyou/0 [idle] blocked: Invalid token.
INFO     juju.model:model.py:2641 Waiting for model:
  test-hpp4nyou/0 [idle] blocked: Invalid token.
INFO     juju.model:model.py:2641 Waiting for model:
  test-hpp4nyou/0 [idle] blocked: Invalid token.
INFO     juju.model:model.py:2641 Waiting for model:
  test-hpp4nyou/0 [idle] blocked: Invalid token.
INFO     juju.model:model.py:2641 Waiting for model:
  test-hpp4nyou/0 [idle] blocked: Invalid token.
INFO     juju.model:model.py:2641 Waiting for model:
  test-hpp4nyou/0 [idle] blocked: Invalid token.
INFO     juju.model:model.py:2641 Waiting for model:
  test-hpp4nyou/0 [idle] blocked: Invalid token.
INFO     juju.model:model.py:2641 Waiting for model:
  test-hpp4nyou/0 [idle] blocked: Invalid token.
INFO     juju.model:model.py:2641 Waiting for model:
  test-hpp4nyou/0 [idle] blocked: Invalid token.
INFO     juju.model:model.py:2641 Waiting for model:
  test-hpp4nyou/0 [idle] blocked: Invalid token.
INFO     juju.model:model.py:2641 Waiting for model:
  test-hpp4nyou/0 [idle] blocked: Invalid token.
INFO     juju.model:model.py:2641 Waiting for model:
  test-hpp4nyou/0 [idle] blocked: Invalid token.
INFO     juju.model:model.py:2641 Waiting for model:
  test-hpp4nyou/0 [idle] blocked: Invalid token.
INFO     juju.model:model.py:2641 Waiting for model:
  test-hpp4nyou/0 [idle] blocked: Invalid token.
INFO     juju.model:model.py:2641 Waiting for model:
  test-hpp4nyou/0 [idle] blocked: Invalid token.
INFO     juju.model:model.py:2641 Waiting for model:
  test-hpp4nyou/0 [idle] blocked: Invalid token.
INFO     juju.model:model.py:2641 Waiting for model:
  test-hpp4nyou/0 [idle] blocked: Invalid token.
INFO     juju.model:model.py:2641 Waiting for model:
  test-hpp4nyou/0 [idle] blocked: Invalid token.
INFO     juju.model:model.py:2641 Waiting for model:
  test-hpp4nyou/0 [idle] blocked: Invalid token.
INFO     juju.model:model.py:2641 Waiting for model:
  test-hpp4nyou/0 [idle] blocked: Invalid token.
INFO     juju.model:model.py:2641 Waiting for model:
  test-hpp4nyou/0 [idle] blocked: Invalid token.
INFO     juju.model:model.py:2641 Waiting for model:
  test-hpp4nyou/0 [idle] blocked: Invalid token.
INFO     juju.model:model.py:2641 Waiting for model:
  test-hpp4nyou/0 [idle] blocked: Invalid token.
INFO     juju.model:model.py:2641 Waiting for model:
  test-hpp4nyou/0 [idle] blocked: Invalid token.
INFO     juju.model:model.py:2641 Waiting for model:
  test-hpp4nyou/0 [idle] blocked: Invalid token.
INFO     juju.model:model.py:2641 Waiting for model:
  test-hpp4nyou/0 [idle] blocked: Invalid token.
INFO     juju.model:model.py:2641 Waiting for model:
  test-hpp4nyou/0 [idle] blocked: Invalid token.
INFO     juju.model:model.py:2641 Waiting for model:
  test-hpp4nyou/0 [idle] blocked: Invalid token.
INFO     juju.model:model.py:2641 Waiting for model:
  test-hpp4nyou/0 [idle] blocked: Invalid token.
INFO     juju.model:model.py:2641 Waiting for model:
  test-hpp4nyou/0 [idle] blocked: Invalid token.
INFO     juju.model:model.py:2641 Waiting for model:
  test-hpp4nyou/0 [idle] blocked: Invalid token.
INFO     juju.model:model.py:2641 Waiting for model:
  test-hpp4nyou/0 [idle] blocked: Invalid token.
INFO     juju.model:model.py:2641 Waiting for model:
  test-hpp4nyou/0 [idle] blocked: Invalid token.
INFO     juju.model:model.py:2641 Waiting for model:
  test-hpp4nyou/0 [idle] blocked: Invalid token.
INFO     juju.model:model.py:2641 Waiting for model:
  test-hpp4nyou/0 [idle] blocked: Invalid token.
INFO     juju.model:model.py:2641 Waiting for model:
  test-hpp4nyou/0 [idle] blocked: Invalid token.
INFO     juju.model:model.py:2641 Waiting for model:
  test-hpp4nyou/0 [idle] blocked: Invalid token.
INFO     juju.model:model.py:2641 Waiting for model:
  test-hpp4nyou/0 [idle] blocked: Invalid token.
INFO     juju.model:model.py:2641 Waiting for model:
  test-hpp4nyou/0 [idle] blocked: Invalid token.
INFO     juju.model:model.py:2641 Waiting for model:
  test-hpp4nyou/0 [idle] blocked: Invalid token.
INFO     juju.model:model.py:2641 Waiting for model:
  test-hpp4nyou/0 [idle] blocked: Invalid token.
INFO     juju.model:model.py:2641 Waiting for model:
  test-hpp4nyou/0 [idle] blocked: Invalid token.
INFO     juju.model:model.py:2641 Waiting for model:
  test-hpp4nyou/0 [idle] blocked: Invalid token.
INFO     juju.model:model.py:2641 Waiting for model:
  test-hpp4nyou/0 [idle] blocked: Invalid token.
INFO     juju.model:model.py:2641 Waiting for model:
  test-hpp4nyou/0 [idle] blocked: Invalid token.
INFO     juju.model:model.py:2641 Waiting for model:
  test-hpp4nyou/0 [idle] blocked: Invalid token.
INFO     juju.model:model.py:2641 Waiting for model:
  test-hpp4nyou/0 [idle] blocked: Invalid token.
INFO     juju.model:model.py:2641 Waiting for model:
  test-hpp4nyou/0 [idle] blocked: Invalid token.
INFO     juju.model:model.py:2641 Waiting for model:
  test-hpp4nyou/0 [idle] blocked: Invalid token.
INFO     juju.model:model.py:2641 Waiting for model:
  test-hpp4nyou/0 [idle] blocked: Invalid token.
INFO     juju.model:model.py:2641 Waiting for model:
  test-hpp4nyou/0 [idle] blocked: Invalid token.
INFO     juju.model:model.py:2641 Waiting for model:
  test-hpp4nyou/0 [idle] blocked: Invalid token.
INFO     juju.model:model.py:2641 Waiting for model:
  test-hpp4nyou/0 [idle] blocked: Invalid token.
INFO     juju.model:model.py:2641 Waiting for model:
  test-hpp4nyou/0 [idle] blocked: Invalid token.
INFO     juju.model:model.py:2641 Waiting for model:
  test-hpp4nyou/0 [idle] blocked: Invalid token.
INFO     juju.model:model.py:2641 Waiting for model:
  test-hpp4nyou/0 [idle] blocked: Invalid token.
INFO     juju.model:model.py:2641 Waiting for model:
  test-hpp4nyou/0 [idle] blocked: Invalid token.
INFO     juju.model:model.py:2641 Waiting for model:
  test-hpp4nyou/0 [idle] blocked: Invalid token.
INFO     juju.model:model.py:2641 Waiting for model:
  test-hpp4nyou/0 [idle] blocked: Invalid token.
INFO     juju.model:model.py:2641 Waiting for model:
  test-hpp4nyou/0 [idle] blocked: Invalid token.
INFO     juju.model:model.py:2641 Waiting for model:
  test-hpp4nyou/0 [idle] blocked: Invalid token.
INFO     juju.model:model.py:2641 Waiting for model:
  test-hpp4nyou/0 [idle] blocked: Invalid token.
INFO     juju.model:model.py:2641 Waiting for model:
  test-hpp4nyou/0 [idle] blocked: Invalid token.
INFO     juju.model:model.py:2641 Waiting for model:
  test-hpp4nyou/0 [idle] blocked: Invalid token.
INFO     juju.model:model.py:2641 Waiting for model:
  test-hpp4nyou/0 [idle] blocked: Invalid token.
INFO     juju.model:model.py:2641 Waiting for model:
  test-hpp4nyou/0 [idle] blocked: Invalid token.
INFO     juju.model:model.py:2641 Waiting for model:
  test-hpp4nyou/0 [idle] blocked: Invalid token.
INFO     juju.model:model.py:2641 Waiting for model:
  test-hpp4nyou/0 [idle] blocked: Invalid token.
INFO     juju.model:model.py:2641 Waiting for model:
  test-hpp4nyou/0 [idle] blocked: Invalid token.
INFO     juju.model:model.py:2641 Waiting for model:
  test-hpp4nyou/0 [idle] blocked: Invalid token.
INFO     juju.model:model.py:2641 Waiting for model:
  test-hpp4nyou/0 [idle] blocked: Invalid token.
INFO     juju.model:model.py:2641 Waiting for model:
  test-hpp4nyou/0 [idle] blocked: Invalid token.
INFO     juju.model:model.py:2641 Waiting for model:
  test-hpp4nyou/0 [idle] blocked: Invalid token.
INFO     juju.model:model.py:2641 Waiting for model:
  test-hpp4nyou/0 [idle] blocked: Invalid token.
INFO     juju.model:model.py:2641 Waiting for model:
  test-hpp4nyou/0 [idle] blocked: Invalid token.
INFO     juju.model:model.py:2641 Waiting for model:
  test-hpp4nyou/0 [idle] blocked: Invalid token.
INFO     juju.model:model.py:2641 Waiting for model:
  test-hpp4nyou/0 [idle] blocked: Invalid token.
INFO     juju.model:model.py:2641 Waiting for model:
  test-hpp4nyou/0 [idle] blocked: Invalid token.
INFO     juju.model:model.py:2641 Waiting for model:
  test-hpp4nyou/0 [idle] blocked: Invalid token.
INFO     juju.model:model.py:2641 Waiting for model:
  test-hpp4nyou/0 [idle] blocked: Invalid token.
INFO     juju.model:model.py:2641 Waiting for model:
  test-hpp4nyou/0 [idle] blocked: Invalid token.
INFO     juju.model:model.py:2641 Waiting for model:
  test-hpp4nyou/0 [idle] blocked: Invalid token.
INFO     juju.model:model.py:2641 Waiting for model:
  test-hpp4nyou/0 [idle] blocked: Invalid token.
INFO     juju.model:model.py:2641 Waiting for model:
  test-hpp4nyou/0 [idle] blocked: Invalid token.
INFO     juju.model:model.py:2641 Waiting for model:
  test-hpp4nyou/0 [idle] blocked: Invalid token.
INFO     juju.model:model.py:2641 Waiting for model:
  test-hpp4nyou/0 [idle] blocked: Invalid token.
INFO     juju.model:model.py:2641 Waiting for model:
  test-hpp4nyou/0 [idle] blocked: Invalid token.
INFO     juju.model:model.py:2641 Waiting for model:
  test-hpp4nyou/0 [idle] blocked: Invalid token.
INFO     juju.model:model.py:2641 Waiting for model:
  test-hpp4nyou/0 [idle] blocked: Invalid token.
INFO     juju.model:model.py:2641 Waiting for model:
  test-hpp4nyou/0 [idle] blocked: Invalid token.
INFO     juju.model:model.py:2641 Waiting for model:
  test-hpp4nyou/0 [idle] blocked: Invalid token.
INFO     juju.model:model.py:2641 Waiting for model:
  test-hpp4nyou/0 [idle] blocked: Invalid token.
INFO     juju.model:model.py:2641 Waiting for model:
  test-hpp4nyou/0 [idle] blocked: Invalid token.
INFO     juju.model:model.py:2641 Waiting for model:
  test-hpp4nyou/0 [idle] blocked: Invalid token.
INFO     juju.model:model.py:2641 Waiting for model:
  test-hpp4nyou/0 [idle] blocked: Invalid token.
INFO     juju.model:model.py:2641 Waiting for model:
  test-hpp4nyou/0 [idle] blocked: Invalid token.
INFO     juju.model:model.py:2641 Waiting for model:
  test-hpp4nyou/0 [idle] blocked: Invalid token.
INFO     juju.model:model.py:2641 Waiting for model:
  test-hpp4nyou/0 [idle] blocked: Invalid token.
INFO     juju.model:model.py:2641 Waiting for model:
  test-hpp4nyou/0 [idle] blocked: Invalid token.
INFO     juju.model:model.py:2641 Waiting for model:
  test-hpp4nyou/0 [idle] blocked: Invalid token.
INFO     juju.model:model.py:2641 Waiting for model:
  test-hpp4nyou/0 [idle] blocked: Invalid token.
INFO     juju.model:model.py:2641 Waiting for model:
  test-hpp4nyou/0 [idle] blocked: Invalid token.
INFO     juju.model:model.py:2641 Waiting for model:
  test-hpp4nyou/0 [idle] blocked: Invalid token.
INFO     juju.model:model.py:2641 Waiting for model:
  test-hpp4nyou/0 [idle] blocked: Invalid token.
INFO     juju.model:model.py:2641 Waiting for model:
  test-hpp4nyou/0 [idle] blocked: Invalid token.
INFO     juju.model:model.py:2641 Waiting for model:
  test-hpp4nyou/0 [idle] blocked: Invalid token.
INFO     juju.model:model.py:2641 Waiting for model:
  test-hpp4nyou/0 [idle] blocked: Invalid token.
INFO     juju.model:model.py:2641 Waiting for model:
  test-hpp4nyou/0 [idle] blocked: Invalid token.
INFO     juju.model:model.py:2641 Waiting for model:
  test-hpp4nyou/0 [idle] blocked: Invalid token.
INFO     juju.model:model.py:2641 Waiting for model:
  test-hpp4nyou/0 [idle] blocked: Invalid token.
INFO     juju.model:model.py:2641 Waiting for model:
  test-hpp4nyou/0 [idle] blocked: Invalid token.
INFO     juju.model:model.py:2641 Waiting for model:
  test-hpp4nyou/0 [idle] blocked: Invalid token.
INFO     juju.model:model.py:2641 Waiting for model:
  test-hpp4nyou/0 [idle] blocked: Invalid token.
INFO     juju.model:model.py:2641 Waiting for model:
  test-hpp4nyou/0 [idle] blocked: Invalid token.
INFO     juju.model:model.py:2641 Waiting for model:
  test-hpp4nyou/0 [idle] blocked: Invalid token.
INFO     juju.model:model.py:2641 Waiting for model:
  test-hpp4nyou/0 [idle] blocked: Invalid token.
INFO     juju.model:model.py:2641 Waiting for model:
  test-hpp4nyou/0 [idle] blocked: Invalid token.
INFO     juju.model:model.py:2641 Waiting for model:
  test-hpp4nyou/0 [idle] blocked: Invalid token.
INFO     juju.model:model.py:2641 Waiting for model:
  test-hpp4nyou/0 [idle] blocked: Invalid token.
INFO     juju.model:model.py:2641 Waiting for model:
  test-hpp4nyou/0 [idle] blocked: Invalid token.
INFO     juju.model:model.py:2641 Waiting for model:
  test-hpp4nyou/0 [idle] blocked: Invalid token.
INFO     juju.model:model.py:2641 Waiting for model:
  test-hpp4nyou/0 [idle] blocked: Invalid token.
INFO     juju.model:model.py:2641 Waiting for model:
  test-hpp4nyou/0 [idle] blocked: Invalid token.
INFO     juju.model:model.py:2641 Waiting for model:
  test-hpp4nyou/0 [idle] blocked: Invalid token.
INFO     juju.model:model.py:2641 Waiting for model:
  test-hpp4nyou/0 [idle] blocked: Invalid token.
INFO     juju.model:model.py:2641 Waiting for model:
  test-hpp4nyou/0 [idle] blocked: Invalid token.
INFO     juju.model:model.py:2641 Waiting for model:
  test-hpp4nyou/0 [idle] blocked: Invalid token.
INFO     juju.model:model.py:2641 Waiting for model:
  test-hpp4nyou/0 [idle] blocked: Invalid token.
INFO     juju.model:model.py:2641 Waiting for model:
  test-hpp4nyou/0 [idle] blocked: Invalid token.
INFO     juju.model:model.py:2641 Waiting for model:
  test-hpp4nyou/0 [idle] blocked: Invalid token.
INFO     juju.model:model.py:2641 Waiting for model:
  test-hpp4nyou/0 [idle] blocked: Invalid token.
INFO     juju.model:model.py:2641 Waiting for model:
  test-hpp4nyou/0 [idle] blocked: Invalid token.
INFO     juju.model:model.py:2641 Waiting for model:
  test-hpp4nyou/0 [idle] blocked: Invalid token.
INFO     juju.model:model.py:2641 Waiting for model:
  test-hpp4nyou/0 [idle] blocked: Invalid token.
INFO     juju.model:model.py:2641 Waiting for model:
  test-hpp4nyou/0 [idle] blocked: Invalid token.
INFO     juju.model:model.py:2641 Waiting for model:
  test-hpp4nyou/0 [idle] blocked: Invalid token.
INFO     juju.model:model.py:2641 Waiting for model:
  test-hpp4nyou/0 [idle] blocked: Invalid token.
INFO     juju.model:model.py:2641 Waiting for model:
  test-hpp4nyou/0 [idle] blocked: Invalid token.
INFO     juju.model:model.py:2641 Waiting for model:
  test-hpp4nyou/0 [idle] blocked: Invalid token.
INFO     juju.model:model.py:2641 Waiting for model:
  test-hpp4nyou/0 [idle] blocked: Invalid token.
INFO     juju.model:model.py:2641 Waiting for model:
  test-hpp4nyou/0 [idle] blocked: Invalid token.
INFO     juju.model:model.py:2641 Waiting for model:
  test-hpp4nyou/0 [idle] blocked: Invalid token.
INFO     juju.model:model.py:2641 Waiting for model:
  test-hpp4nyou/0 [idle] blocked: Invalid token.
INFO     juju.model:model.py:2641 Waiting for model:
  test-hpp4nyou/0 [idle] blocked: Invalid token.
INFO     juju.model:model.py:2641 Waiting for model:
  test-hpp4nyou/0 [idle] blocked: Invalid token.
INFO     juju.model:model.py:2641 Waiting for model:
  test-hpp4nyou/0 [idle] blocked: Invalid token.
INFO     juju.model:model.py:2641 Waiting for model:
  test-hpp4nyou/0 [idle] blocked: Invalid token.
INFO     juju.model:model.py:2641 Waiting for model:
  test-hpp4nyou/0 [idle] blocked: Invalid token.
INFO     juju.model:model.py:2641 Waiting for model:
  test-hpp4nyou/0 [idle] blocked: Invalid token.
INFO     juju.model:model.py:2641 Waiting for model:
  test-hpp4nyou/0 [idle] blocked: Invalid token.
INFO     juju.model:model.py:2641 Waiting for model:
  test-hpp4nyou/0 [idle] blocked: Invalid token.
INFO     juju.model:model.py:2641 Waiting for model:
  test-hpp4nyou/0 [idle] blocked: Invalid token.
INFO     juju.model:model.py:2641 Waiting for model:
  test-hpp4nyou/0 [idle] blocked: Invalid token.
INFO     juju.model:model.py:2641 Waiting for model:
  test-hpp4nyou/0 [idle] blocked: Invalid token.
INFO     juju.model:model.py:2641 Waiting for model:
  test-hpp4nyou/0 [idle] blocked: Invalid token.
INFO     juju.model:model.py:2641 Waiting for model:
  test-hpp4nyou/0 [idle] blocked: Invalid token.
INFO     juju.model:model.py:2641 Waiting for model:
  test-hpp4nyou/0 [idle] blocked: Invalid token.
INFO     juju.model:model.py:2641 Waiting for model:
  test-hpp4nyou/0 [idle] blocked: Invalid token.
INFO     juju.model:model.py:2641 Waiting for model:
  test-hpp4nyou/0 [idle] blocked: Invalid token.
INFO     juju.model:model.py:2641 Waiting for model:
  test-hpp4nyou/0 [idle] blocked: Invalid token.
INFO     juju.model:model.py:2641 Waiting for model:
  test-hpp4nyou/0 [idle] blocked: Invalid token.
INFO     juju.model:model.py:2641 Waiting for model:
  test-hpp4nyou/0 [idle] blocked: Invalid token.
INFO     juju.model:model.py:2641 Waiting for model:
  test-hpp4nyou/0 [idle] blocked: Invalid token.
INFO     juju.model:model.py:2641 Waiting for model:
  test-hpp4nyou/0 [idle] blocked: Invalid token.
INFO     juju.model:model.py:2641 Waiting for model:
  test-hpp4nyou/0 [idle] blocked: Invalid token.
INFO     juju.model:model.py:2641 Waiting for model:
  test-hpp4nyou/0 [idle] blocked: Invalid token.
INFO     juju.model:model.py:2641 Waiting for model:
  test-hpp4nyou/0 [idle] blocked: Invalid token.
INFO     juju.model:model.py:2641 Waiting for model:
  test-hpp4nyou/0 [idle] blocked: Invalid token.
INFO     juju.model:model.py:2641 Waiting for model:
  test-hpp4nyou/0 [idle] blocked: Invalid token.
INFO     juju.model:model.py:2641 Waiting for model:
  test-hpp4nyou/0 [idle] blocked: Invalid token.
INFO     juju.model:model.py:2641 Waiting for model:
  test-hpp4nyou/0 [idle] blocked: Invalid token.
INFO     juju.model:model.py:2641 Waiting for model:
  test-hpp4nyou/0 [idle] blocked: Invalid token.
INFO     juju.model:model.py:2641 Waiting for model:
  test-hpp4nyou/0 [idle] blocked: Invalid token.
INFO     juju.model:model.py:2641 Waiting for model:
  test-hpp4nyou/0 [idle] blocked: Invalid token.
INFO     juju.model:model.py:2641 Waiting for model:
  test-hpp4nyou/0 [idle] blocked: Invalid token.
INFO     juju.model:model.py:2641 Waiting for model:
  test-hpp4nyou/0 [idle] blocked: Invalid token.
INFO     juju.model:model.py:2641 Waiting for model:
  test-hpp4nyou/0 [idle] blocked: Invalid token.
INFO     juju.model:model.py:2641 Waiting for model:
  test-hpp4nyou/0 [idle] blocked: Invalid token.
INFO     juju.model:model.py:2641 Waiting for model:
  test-hpp4nyou/0 [idle] blocked: Invalid token.
INFO     juju.model:model.py:2641 Waiting for model:
  test-hpp4nyou/0 [idle] blocked: Invalid token.
INFO     juju.model:model.py:2641 Waiting for model:
  test-hpp4nyou/0 [idle] blocked: Invalid token.
INFO     juju.model:model.py:2641 Waiting for model:
  test-hpp4nyou/0 [idle] blocked: Invalid token.
INFO     juju.model:model.py:2641 Waiting for model:
  test-hpp4nyou/0 [idle] blocked: Invalid token.
INFO     juju.model:model.py:2641 Waiting for model:
  test-hpp4nyou/0 [idle] blocked: Invalid token.
INFO     juju.model:model.py:2641 Waiting for model:
  test-hpp4nyou/0 [idle] blocked: Invalid token.
INFO     juju.model:model.py:2641 Waiting for model:
  test-hpp4nyou/0 [idle] blocked: Invalid token.
INFO     juju.model:model.py:2641 Waiting for model:
  test-hpp4nyou/0 [idle] blocked: Invalid token.
INFO     juju.model:model.py:2641 Waiting for model:
  test-hpp4nyou/0 [idle] blocked: Invalid token.
INFO     juju.model:model.py:2641 Waiting for model:
  test-hpp4nyou/0 [idle] blocked: Invalid token.
INFO     juju.model:model.py:2641 Waiting for model:
  test-hpp4nyou/0 [idle] blocked: Invalid token.
INFO     juju.model:model.py:2641 Waiting for model:
  test-hpp4nyou/0 [idle] blocked: Invalid token.
INFO     juju.model:model.py:2641 Waiting for model:
  test-hpp4nyou/0 [idle] blocked: Invalid token.
INFO     juju.model:model.py:2641 Waiting for model:
  test-hpp4nyou/0 [idle] blocked: Invalid token.
INFO     juju.model:model.py:2641 Waiting for model:
  test-hpp4nyou/0 [idle] blocked: Invalid token.
INFO     juju.model:model.py:2641 Waiting for model:
  test-hpp4nyou/0 [idle] blocked: Invalid token.
INFO     juju.model:model.py:2641 Waiting for model:
  test-hpp4nyou/0 [idle] blocked: Invalid token.
INFO     juju.model:model.py:2641 Waiting for model:
  test-hpp4nyou/0 [idle] blocked: Invalid token.
INFO     juju.model:model.py:2641 Waiting for model:
  test-hpp4nyou/0 [idle] blocked: Invalid token.
INFO     juju.model:model.py:2641 Waiting for model:
  test-hpp4nyou/0 [idle] blocked: Invalid token.
INFO     juju.model:model.py:2641 Waiting for model:
  test-hpp4nyou/0 [idle] blocked: Invalid token.
INFO     juju.model:model.py:2641 Waiting for model:
  test-hpp4nyou/0 [idle] blocked: Invalid token.
INFO     juju.model:model.py:2641 Waiting for model:
  test-hpp4nyou/0 [idle] blocked: Invalid token.
INFO     juju.model:model.py:2641 Waiting for model:
  test-hpp4nyou/0 [idle] blocked: Invalid token.
INFO     juju.model:model.py:2641 Waiting for model:
  test-hpp4nyou/0 [idle] blocked: Invalid token.
INFO     juju.model:model.py:2641 Waiting for model:
  test-hpp4nyou/0 [idle] blocked: Invalid token.
INFO     juju.model:model.py:2641 Waiting for model:
  test-hpp4nyou/0 [idle] blocked: Invalid token.
INFO     juju.model:model.py:2641 Waiting for model:
  test-hpp4nyou/0 [idle] blocked: Invalid token.
INFO     juju.model:model.py:2641 Waiting for model:
  test-hpp4nyou/0 [idle] blocked: Invalid token.
INFO     juju.model:model.py:2641 Waiting for model:
  test-hpp4nyou/0 [idle] blocked: Invalid token.
INFO     juju.model:model.py:2641 Waiting for model:
  test-hpp4nyou/0 [idle] blocked: Invalid token.
INFO     juju.model:model.py:2641 Waiting for model:
  test-hpp4nyou/0 [idle] blocked: Invalid token.
INFO     juju.model:model.py:2641 Waiting for model:
  test-hpp4nyou/0 [idle] blocked: Invalid token.
INFO     juju.model:model.py:2641 Waiting for model:
  test-hpp4nyou/0 [idle] blocked: Invalid token.
INFO     juju.model:model.py:2641 Waiting for model:
  test-hpp4nyou/0 [idle] blocked: Invalid token.
INFO     juju.model:model.py:2641 Waiting for model:
  test-hpp4nyou/0 [idle] blocked: Invalid token.
INFO     juju.model:model.py:2641 Waiting for model:
  test-hpp4nyou/0 [idle] blocked: Invalid token.
INFO     juju.model:model.py:2641 Waiting for model:
  test-hpp4nyou/0 [idle] blocked: Invalid token.
INFO     juju.model:model.py:2641 Waiting for model:
  test-hpp4nyou/0 [idle] blocked: Invalid token.
INFO     juju.model:model.py:2641 Waiting for model:
  test-hpp4nyou/0 [idle] blocked: Invalid token.
INFO     juju.model:model.py:2641 Waiting for model:
  test-hpp4nyou/0 [idle] blocked: Invalid token.
INFO     juju.model:model.py:2641 Waiting for model:
  test-hpp4nyou/0 [idle] blocked: Invalid token.
INFO     juju.model:model.py:2641 Waiting for model:
  test-hpp4nyou/0 [idle] blocked: Invalid token.
INFO     juju.model:model.py:2641 Waiting for model:
  test-hpp4nyou/0 [idle] blocked: Invalid token.
INFO     juju.model:model.py:2641 Waiting for model:
  test-hpp4nyou/0 [idle] blocked: Invalid token.
INFO     juju.model:model.py:2641 Waiting for model:
  test-hpp4nyou/0 [idle] blocked: Invalid token.
INFO     juju.model:model.py:2641 Waiting for model:
  test-hpp4nyou/0 [idle] blocked: Invalid token.
INFO     juju.model:model.py:2641 Waiting for model:
  test-hpp4nyou/0 [idle] blocked: Invalid token.
INFO     juju.model:model.py:2641 Waiting for model:
  test-hpp4nyou/0 [idle] blocked: Invalid token.
INFO     juju.model:model.py:2641 Waiting for model:
  test-hpp4nyou/0 [idle] blocked: Invalid token.
INFO     juju.model:model.py:2641 Waiting for model:
  test-hpp4nyou/0 [idle] blocked: Invalid token.
INFO     juju.model:model.py:2641 Waiting for model:
  test-hpp4nyou/0 [idle] blocked: Invalid token.
INFO     juju.model:model.py:2641 Waiting for model:
  test-hpp4nyou/0 [idle] blocked: Invalid token.
INFO     juju.model:model.py:2641 Waiting for model:
  test-hpp4nyou/0 [idle] blocked: Invalid token.
INFO     juju.model:model.py:2641 Waiting for model:
  test-hpp4nyou/0 [idle] blocked: Invalid token.
INFO     juju.model:model.py:2641 Waiting for model:
  test-hpp4nyou/0 [idle] blocked: Invalid token.
INFO     juju.model:model.py:2641 Waiting for model:
  test-hpp4nyou/0 [idle] blocked: Invalid token.
INFO     juju.model:model.py:2641 Waiting for model:
  test-hpp4nyou/0 [idle] blocked: Invalid token.
INFO     juju.model:model.py:2641 Waiting for model:
  test-hpp4nyou/0 [idle] blocked: Invalid token.
INFO     juju.model:model.py:2641 Waiting for model:
  test-hpp4nyou/0 [idle] blocked: Invalid token.
INFO     juju.model:model.py:2641 Waiting for model:
  test-hpp4nyou/0 [idle] blocked: Invalid token.
INFO     juju.model:model.py:2641 Waiting for model:
  test-hpp4nyou/0 [idle] blocked: Invalid token.
INFO     juju.model:model.py:2641 Waiting for model:
  test-hpp4nyou/0 [idle] blocked: Invalid token.
INFO     juju.model:model.py:2641 Waiting for model:
  test-hpp4nyou/0 [idle] blocked: Invalid token.
INFO     juju.model:model.py:2641 Waiting for model:
  test-hpp4nyou/0 [idle] blocked: Invalid token.
INFO     juju.model:model.py:2641 Waiting for model:
  test-hpp4nyou/0 [idle] blocked: Invalid token.
INFO     juju.model:model.py:2641 Waiting for model:
  test-hpp4nyou/0 [idle] blocked: Invalid token.
INFO     juju.model:model.py:2641 Waiting for model:
  test-hpp4nyou/0 [idle] blocked: Invalid token.
INFO     juju.model:model.py:2641 Waiting for model:
  test-hpp4nyou/0 [idle] blocked: Invalid token.
INFO     juju.model:model.py:2641 Waiting for model:
  test-hpp4nyou/0 [idle] blocked: Invalid token.
INFO     juju.model:model.py:2641 Waiting for model:
  test-hpp4nyou/0 [idle] blocked: Invalid token.
INFO     juju.model:model.py:2641 Waiting for model:
  test-hpp4nyou/0 [idle] blocked: Invalid token.
INFO     juju.model:model.py:2641 Waiting for model:
  test-hpp4nyou/0 [idle] blocked: Invalid token.
INFO     juju.model:model.py:2641 Waiting for model:
  test-hpp4nyou/0 [idle] blocked: Invalid token.
INFO     juju.model:model.py:2641 Waiting for model:
  test-hpp4nyou/0 [idle] blocked: Invalid token.
INFO     juju.model:model.py:2641 Waiting for model:
  test-hpp4nyou/0 [idle] blocked: Invalid token.
INFO     juju.model:model.py:2641 Waiting for model:
  test-hpp4nyou/0 [idle] blocked: Invalid token.
INFO     juju.model:model.py:2641 Waiting for model:
  test-hpp4nyou/0 [idle] blocked: Invalid token.
INFO     juju.model:model.py:2641 Waiting for model:
  test-hpp4nyou/0 [idle] blocked: Invalid token.
INFO     juju.model:model.py:2641 Waiting for model:
  test-hpp4nyou/0 [idle] blocked: Invalid token.
INFO     juju.model:model.py:2641 Waiting for model:
  test-hpp4nyou/0 [idle] blocked: Invalid token.
INFO     juju.model:model.py:2641 Waiting for model:
  test-hpp4nyou/0 [idle] blocked: Invalid token.
INFO     juju.model:model.py:2641 Waiting for model:
  test-hpp4nyou/0 [idle] blocked: Invalid token.
INFO     juju.model:model.py:2641 Waiting for model:
  test-hpp4nyou/0 [idle] blocked: Invalid token.
INFO     juju.model:model.py:2641 Waiting for model:
  test-hpp4nyou/0 [idle] blocked: Invalid token.
INFO     juju.model:model.py:2641 Waiting for model:
  test-hpp4nyou/0 [idle] blocked: Invalid token.
INFO     juju.model:model.py:2641 Waiting for model:
  test-hpp4nyou/0 [idle] blocked: Invalid token.
INFO     juju.model:model.py:2641 Waiting for model:
  test-hpp4nyou/0 [idle] blocked: Invalid token.
INFO     juju.model:model.py:2641 Waiting for model:
  test-hpp4nyou/0 [idle] blocked: Invalid token.
INFO     juju.model:model.py:2641 Waiting for model:
  test-hpp4nyou/0 [idle] blocked: Invalid token.
INFO     juju.model:model.py:2641 Waiting for model:
  test-hpp4nyou/0 [idle] blocked: Invalid token.
INFO     juju.model:model.py:2641 Waiting for model:
  test-hpp4nyou/0 [idle] blocked: Invalid token.
INFO     juju.model:model.py:2641 Waiting for model:
  test-hpp4nyou/0 [idle] blocked: Invalid token.
INFO     juju.model:model.py:2641 Waiting for model:
  test-hpp4nyou/0 [idle] blocked: Invalid token.
INFO     juju.model:model.py:2641 Waiting for model:
  test-hpp4nyou/0 [idle] blocked: Invalid token.
INFO     juju.model:model.py:2641 Waiting for model:
  test-hpp4nyou/0 [idle] blocked: Invalid token.
INFO     juju.model:model.py:2641 Waiting for model:
  test-hpp4nyou/0 [idle] blocked: Invalid token.
INFO     juju.model:model.py:2641 Waiting for model:
  test-hpp4nyou/0 [idle] blocked: Invalid token.
INFO     juju.model:model.py:2641 Waiting for model:
  test-hpp4nyou/0 [idle] blocked: Invalid token.
INFO     juju.model:model.py:2641 Waiting for model:
  test-hpp4nyou/0 [idle] blocked: Invalid token.
INFO     juju.model:model.py:2641 Waiting for model:
  test-hpp4nyou/0 [idle] blocked: Invalid token.
INFO     juju.model:model.py:2641 Waiting for model:
  test-hpp4nyou/0 [idle] blocked: Invalid token.
INFO     juju.model:model.py:2641 Waiting for model:
  test-hpp4nyou/0 [idle] blocked: Invalid token.
INFO     juju.model:model.py:2641 Waiting for model:
  test-hpp4nyou/0 [idle] blocked: Invalid token.
INFO     juju.model:model.py:2641 Waiting for model:
  test-hpp4nyou/0 [idle] blocked: Invalid token.
INFO     juju.model:model.py:2641 Waiting for model:
  test-hpp4nyou/0 [idle] blocked: Invalid token.
INFO     juju.model:model.py:2641 Waiting for model:
  test-hpp4nyou/0 [idle] blocked: Invalid token.
INFO     juju.model:model.py:2641 Waiting for model:
  test-hpp4nyou/0 [idle] blocked: Invalid token.
INFO     juju.model:model.py:2641 Waiting for model:
  test-hpp4nyou/0 [idle] blocked: Invalid token.
INFO     juju.model:model.py:2641 Waiting for model:
  test-hpp4nyou/0 [idle] blocked: Invalid token.
INFO     juju.model:model.py:2641 Waiting for model:
  test-hpp4nyou/0 [idle] blocked: Invalid token.
INFO     juju.model:model.py:2641 Waiting for model:
  test-hpp4nyou/0 [idle] blocked: Invalid token.
INFO     juju.model:model.py:2641 Waiting for model:
  test-hpp4nyou/0 [idle] blocked: Invalid token.
INFO     juju.model:model.py:2641 Waiting for model:
  test-hpp4nyou/0 [idle] blocked: Invalid token.
INFO     juju.model:model.py:2641 Waiting for model:
  test-hpp4nyou/0 [idle] blocked: Invalid token.
INFO     juju.model:model.py:2641 Waiting for model:
  test-hpp4nyou/0 [idle] blocked: Invalid token.
INFO     juju.model:model.py:2641 Waiting for model:
  test-hpp4nyou/0 [idle] blocked: Invalid token.
INFO     juju.model:model.py:2641 Waiting for model:
  test-hpp4nyou/0 [idle] blocked: Invalid token.
INFO     juju.model:model.py:2641 Waiting for model:
  test-hpp4nyou/0 [idle] blocked: Invalid token.
INFO     juju.model:model.py:2641 Waiting for model:
  test-hpp4nyou/0 [idle] blocked: Invalid token.
INFO     juju.model:model.py:2641 Waiting for model:
  test-hpp4nyou/0 [idle] blocked: Invalid token.
INFO     juju.model:model.py:2641 Waiting for model:
  test-hpp4nyou/0 [idle] blocked: Invalid token.
INFO     juju.model:model.py:2641 Waiting for model:
  test-hpp4nyou/0 [idle] blocked: Invalid token.
INFO     juju.model:model.py:2641 Waiting for model:
  test-hpp4nyou/0 [idle] blocked: Invalid token.
INFO     juju.model:model.py:2641 Waiting for model:
  test-hpp4nyou/0 [idle] blocked: Invalid token.
INFO     juju.model:model.py:2641 Waiting for model:
  test-hpp4nyou/0 [idle] blocked: Invalid token.
INFO     juju.model:model.py:2641 Waiting for model:
  test-hpp4nyou/0 [idle] blocked: Invalid token.
INFO     juju.model:model.py:2641 Waiting for model:
  test-hpp4nyou/0 [idle] blocked: Invalid token.
INFO     juju.model:model.py:2641 Waiting for model:
  test-hpp4nyou/0 [idle] blocked: Invalid token.
INFO     juju.model:model.py:2641 Waiting for model:
  test-hpp4nyou/0 [idle] blocked: Invalid token.
INFO     juju.model:model.py:2641 Waiting for model:
  test-hpp4nyou/0 [idle] blocked: Invalid token.
INFO     juju.model:model.py:2641 Waiting for model:
  test-hpp4nyou/0 [idle] blocked: Invalid token.
INFO     juju.model:model.py:2641 Waiting for model:
  test-hpp4nyou/0 [idle] blocked: Invalid token.
INFO     juju.model:model.py:2641 Waiting for model:
  test-hpp4nyou/0 [idle] blocked: Invalid token.
INFO     juju.model:model.py:2641 Waiting for model:
  test-hpp4nyou/0 [idle] blocked: Invalid token.
INFO     juju.model:model.py:2641 Waiting for model:
  test-hpp4nyou/0 [idle] blocked: Invalid token.
INFO     juju.model:model.py:2641 Waiting for model:
  test-hpp4nyou/0 [idle] blocked: Invalid token.
INFO     juju.model:model.py:2641 Waiting for model:
  test-hpp4nyou/0 [idle] blocked: Invalid token.
INFO     juju.model:model.py:2641 Waiting for model:
  test-hpp4nyou/0 [idle] blocked: Invalid token.
INFO     juju.model:model.py:2641 Waiting for model:
  test-hpp4nyou/0 [idle] blocked: Invalid token.
INFO     juju.model:model.py:2641 Waiting for model:
  test-hpp4nyou/0 [idle] blocked: Invalid token.
INFO     juju.model:model.py:2641 Waiting for model:
  test-hpp4nyou/0 [idle] blocked: Invalid token.
INFO     juju.model:model.py:2641 Waiting for model:
  test-hpp4nyou/0 [idle] blocked: Invalid token.
INFO     juju.model:model.py:2641 Waiting for model:
  test-hpp4nyou/0 [idle] blocked: Invalid token.
INFO     juju.model:model.py:2641 Waiting for model:
  test-hpp4nyou/0 [idle] blocked: Invalid token.
INFO     juju.model:model.py:2641 Waiting for model:
  test-hpp4nyou/0 [idle] blocked: Invalid token.
INFO     juju.model:model.py:2641 Waiting for model:
  test-hpp4nyou/0 [idle] blocked: Invalid token.
INFO     juju.model:model.py:2641 Waiting for model:
  test-hpp4nyou/0 [idle] blocked: Invalid token.
INFO     juju.model:model.py:2641 Waiting for model:
  test-hpp4nyou/0 [idle] blocked: Invalid token.
INFO     juju.model:model.py:2641 Waiting for model:
  test-hpp4nyou/0 [idle] blocked: Invalid token.
INFO     pytest_operator.plugin:plugin.py:929 Model status:

Model                    Controller  Cloud/Region         Version  SLA          Timestamp
test-charm-upgrade-oxkm  lxd         localhost/localhost  3.1.10   unsupported  09:27:00Z

App                          Version  Status   Scale  Charm                        Channel      Rev  Exposed  Message
github-runner-image-builder           active       1  github-runner-image-builder  latest/edge    2  no       
test-hpp4nyou                         blocked      1  github-runner                               0  no       Invalid token.

Unit                            Workload  Agent  Machine  Public address  Ports  Message
github-runner-image-builder/0*  active    idle   0        10.111.166.197         
test-hpp4nyou/0*                blocked   idle   1        10.111.166.213         Invalid token.

Machine  State    Address         Inst id        Base          AZ  Message
0        started  10.111.166.197  juju-8621c7-0  ubuntu@22.04      Running
1        started  10.111.166.213  juju-8621c7-1  ubuntu@22.04      Running

INFO     pytest_operator.plugin:plugin.py:935 Juju error logs:

machine-0: 06:24:40 ERROR juju.worker.dependency "kvm-container-provisioner" manifold worker returned unexpected error: container types not yet available
machine-0: 06:24:40 ERROR juju.worker.dependency "broker-tracker" manifold worker returned unexpected error: no container types determined
machine-0: 06:24:40 ERROR juju.worker.dependency "lxd-container-provisioner" manifold worker returned unexpected error: container types not yet available
unit-github-runner-image-builder-0: 06:24:40 ERROR juju.worker.meterstatus error running "meter-status-changed": charm missing from disk
machine-1: 06:27:35 ERROR juju.worker.dependency "kvm-container-provisioner" manifold worker returned unexpected error: container types not yet available
machine-1: 06:27:35 ERROR juju.worker.dependency "lxd-container-provisioner" manifold worker returned unexpected error: container types not yet available
machine-1: 06:27:35 ERROR juju.worker.dependency "broker-tracker" manifold worker returned unexpected error: no container types determined
unit-test-hpp4nyou-0: 06:27:35 ERROR juju.worker.meterstatus error running "meter-status-changed": charm missing from disk
unit-test-hpp4nyou-0: 06:28:01 ERROR unit.test-hpp4nyou/0.juju-log image:0: Issue with GitHub token
Traceback (most recent call last):
  File "/var/lib/juju/agents/unit-test-hpp4nyou-0/charm/venv/github_runner_manager/github_client.py", line 64, in wrapper
    return func(*args, **kwargs)
  File "/var/lib/juju/agents/unit-test-hpp4nyou-0/charm/venv/github_runner_manager/github_client.py", line 105, in get_runner_github_info
    self._client.actions.list_self_hosted_runners_for_repo(
  File "/var/lib/juju/agents/unit-test-hpp4nyou-0/charm/venv/ghapi/core.py", line 74, in __call__
    return self.client(self.path, self.verb, headers=headers, decode=self.decode, route=route_p, query=query_p, data=data_p)
  File "/var/lib/juju/agents/unit-test-hpp4nyou-0/charm/venv/ghapi/core.py", line 133, in __call__
    res,self.recv_hdrs = urlsend(path, verb, headers=headers or None, decode=decode, debug=debug, return_headers=True,
  File "/var/lib/juju/agents/unit-test-hpp4nyou-0/charm/venv/fastcore/net.py", line 221, in urlsend
    return urlread(req, decode=decode, return_json=return_json, return_headers=return_headers, timeout=timeout)
  File "/var/lib/juju/agents/unit-test-hpp4nyou-0/charm/venv/fastcore/net.py", line 122, in urlread
    if 400 <= e.code < 500: raise ExceptionsHTTP[e.code](e.url, e.hdrs, e.fp, msg=e.msg) from None
fastcore.net.HTTP401UnauthorizedError: HTTP Error 401: Unauthorized
====Error Body====
{
  "message": "Bad credentials",
  "documentation_url": "https://docs.github.com/rest",
  "status": "401"
}


The above exception was the direct cause of the following exception:

Traceback (most recent call last):
  File "/var/lib/juju/agents/unit-test-hpp4nyou-0/charm/./src/charm.py", line 155, in func_with_catch_errors
    func(self, event)
  File "/var/lib/juju/agents/unit-test-hpp4nyou-0/charm/./src/charm.py", line 1282, in _on_image_relation_changed
    runner_scaler.flush(flush_mode=FlushMode.FLUSH_IDLE)
  File "/var/lib/juju/agents/unit-test-hpp4nyou-0/charm/venv/github_runner_manager/manager/runner_scaler.py", line 147, in flush
    metric_stats = self._manager.cleanup()
  File "/var/lib/juju/agents/unit-test-hpp4nyou-0/charm/venv/github_runner_manager/manager/runner_manager.py", line 248, in cleanup
    self._github.delete_runners([GitHubRunnerState.OFFLINE])
  File "/var/lib/juju/agents/unit-test-hpp4nyou-0/charm/venv/github_runner_manager/manager/github_runner_manager.py", line 93, in delete_runners
    runner_list = self.get_runners(states)
  File "/var/lib/juju/agents/unit-test-hpp4nyou-0/charm/venv/github_runner_manager/manager/github_runner_manager.py", line 74, in get_runners
    runner_list = self.github.get_runner_github_info(self._path)
  File "/var/lib/juju/agents/unit-test-hpp4nyou-0/charm/venv/github_runner_manager/github_client.py", line 71, in wrapper
    raise TokenError(msg) from exc
github_runner_manager.errors.TokenError: Invalid token.
unit-test-hpp4nyou-0: 06:33:36 ERROR unit.test-hpp4nyou/0.juju-log Issue with GitHub token
Traceback (most recent call last):
  File "/var/lib/juju/agents/unit-test-hpp4nyou-0/charm/venv/github_runner_manager/github_client.py", line 64, in wrapper
    return func(*args, **kwargs)
  File "/var/lib/juju/agents/unit-test-hpp4nyou-0/charm/venv/github_runner_manager/github_client.py", line 105, in get_runner_github_info
    self._client.actions.list_self_hosted_runners_for_repo(
  File "/var/lib/juju/agents/unit-test-hpp4nyou-0/charm/venv/ghapi/core.py", line 74, in __call__
    return self.client(self.path, self.verb, headers=headers, decode=self.decode, route=route_p, query=query_p, data=data_p)
  File "/var/lib/juju/agents/unit-test-hpp4nyou-0/charm/venv/ghapi/core.py", line 133, in __call__
    res,self.recv_hdrs = urlsend(path, verb, headers=headers or None, decode=decode, debug=debug, return_headers=True,
  File "/var/lib/juju/agents/unit-test-hpp4nyou-0/charm/venv/fastcore/net.py", line 221, in urlsend
    return urlread(req, decode=decode, return_json=return_json, return_headers=return_headers, timeout=timeout)
  File "/var/lib/juju/agents/unit-test-hpp4nyou-0/charm/venv/fastcore/net.py", line 122, in urlread
    if 400 <= e.code < 500: raise ExceptionsHTTP[e.code](e.url, e.hdrs, e.fp, msg=e.msg) from None
fastcore.net.HTTP401UnauthorizedError: HTTP Error 401: Unauthorized
====Error Body====
{
  "message": "Bad credentials",
  "documentation_url": "https://docs.github.com/rest",
  "status": "401"
}


The above exception was the direct cause of the following exception:

Traceback (most recent call last):
  File "/var/lib/juju/agents/unit-test-hpp4nyou-0/charm/./src/charm.py", line 155, in func_with_catch_errors
    func(self, event)
  File "/var/lib/juju/agents/unit-test-hpp4nyou-0/charm/./src/charm.py", line 757, in _on_reconcile_runners
    self._trigger_reconciliation()
  File "/var/lib/juju/agents/unit-test-hpp4nyou-0/charm/./src/charm.py", line 778, in _trigger_reconciliation
    self._reconcile_openstack_runners(runner_scaler, state.runner_config.virtual_machines)
  File "/var/lib/juju/agents/unit-test-hpp4nyou-0/charm/./src/charm.py", line 1009, in _reconcile_openstack_runners
    runner_scaler.reconcile(num)
  File "/var/lib/juju/agents/unit-test-hpp4nyou-0/charm/venv/github_runner_manager/manager/runner_scaler.py", line 195, in reconcile
    runner_list = self._manager.get_runners()
  File "/var/lib/juju/agents/unit-test-hpp4nyou-0/charm/venv/github_runner_manager/manager/runner_manager.py", line 159, in get_runners
    github_infos = self._github.get_runners(github_states)
  File "/var/lib/juju/agents/unit-test-hpp4nyou-0/charm/venv/github_runner_manager/manager/github_runner_manager.py", line 74, in get_runners
    runner_list = self.github.get_runner_github_info(self._path)
  File "/var/lib/juju/agents/unit-test-hpp4nyou-0/charm/venv/github_runner_manager/github_client.py", line 71, in wrapper
    raise TokenError(msg) from exc
github_runner_manager.errors.TokenError: Invalid token.
unit-test-hpp4nyou-0: 06:34:05 ERROR unit.test-hpp4nyou/0.juju-log image:0: Issue with GitHub token
Traceback (most recent call last):
  File "/var/lib/juju/agents/unit-test-hpp4nyou-0/charm/venv/github_runner_manager/github_client.py", line 64, in wrapper
    return func(*args, **kwargs)
  File "/var/lib/juju/agents/unit-test-hpp4nyou-0/charm/venv/github_runner_manager/github_client.py", line 105, in get_runner_github_info
    self._client.actions.list_self_hosted_runners_for_repo(
  File "/var/lib/juju/agents/unit-test-hpp4nyou-0/charm/venv/ghapi/core.py", line 74, in __call__
    return self.client(self.path, self.verb, headers=headers, decode=self.decode, route=route_p, query=query_p, data=data_p)
  File "/var/lib/juju/agents/unit-test-hpp4nyou-0/charm/venv/ghapi/core.py", line 133, in __call__
    res,self.recv_hdrs = urlsend(path, verb, headers=headers or None, decode=decode, debug=debug, return_headers=True,
  File "/var/lib/juju/agents/unit-test-hpp4nyou-0/charm/venv/fastcore/net.py", line 221, in urlsend
    return urlread(req, decode=decode, return_json=return_json, return_headers=return_headers, timeout=timeout)
  File "/var/lib/juju/agents/unit-test-hpp4nyou-0/charm/venv/fastcore/net.py", line 122, in urlread
    if 400 <= e.code < 500: raise ExceptionsHTTP[e.code](e.url, e.hdrs, e.fp, msg=e.msg) from None
fastcore.net.HTTP401UnauthorizedError: HTTP Error 401: Unauthorized
====Error Body====
{
  "message": "Bad credentials",
  "documentation_url": "https://docs.github.com/rest",
  "status": "401"
}


The above exception was the direct cause of the following exception:

Traceback (most recent call last):
  File "/var/lib/juju/agents/unit-test-hpp4nyou-0/charm/./src/charm.py", line 155, in func_with_catch_errors
    func(self, event)
  File "/var/lib/juju/agents/unit-test-hpp4nyou-0/charm/./src/charm.py", line 1282, in _on_image_relation_changed
    runner_scaler.flush(flush_mode=FlushMode.FLUSH_IDLE)
  File "/var/lib/juju/agents/unit-test-hpp4nyou-0/charm/venv/github_runner_manager/manager/runner_scaler.py", line 147, in flush
    metric_stats = self._manager.cleanup()
  File "/var/lib/juju/agents/unit-test-hpp4nyou-0/charm/venv/github_runner_manager/manager/runner_manager.py", line 248, in cleanup
    self._github.delete_runners([GitHubRunnerState.OFFLINE])
  File "/var/lib/juju/agents/unit-test-hpp4nyou-0/charm/venv/github_runner_manager/manager/github_runner_manager.py", line 93, in delete_runners
    runner_list = self.get_runners(states)
  File "/var/lib/juju/agents/unit-test-hpp4nyou-0/charm/venv/github_runner_manager/manager/github_runner_manager.py", line 74, in get_runners
    runner_list = self.github.get_runner_github_info(self._path)
  File "/var/lib/juju/agents/unit-test-hpp4nyou-0/charm/venv/github_runner_manager/github_client.py", line 71, in wrapper
    raise TokenError(msg) from exc
github_runner_manager.errors.TokenError: Invalid token.
unit-test-hpp4nyou-0: 06:39:38 ERROR unit.test-hpp4nyou/0.juju-log Issue with GitHub token
Traceback (most recent call last):
  File "/var/lib/juju/agents/unit-test-hpp4nyou-0/charm/venv/github_runner_manager/github_client.py", line 64, in wrapper
    return func(*args, **kwargs)
  File "/var/lib/juju/agents/unit-test-hpp4nyou-0/charm/venv/github_runner_manager/github_client.py", line 105, in get_runner_github_info
    self._client.actions.list_self_hosted_runners_for_repo(
  File "/var/lib/juju/agents/unit-test-hpp4nyou-0/charm/venv/ghapi/core.py", line 74, in __call__
    return self.client(self.path, self.verb, headers=headers, decode=self.decode, route=route_p, query=query_p, data=data_p)
  File "/var/lib/juju/agents/unit-test-hpp4nyou-0/charm/venv/ghapi/core.py", line 133, in __call__
    res,self.recv_hdrs = urlsend(path, verb, headers=headers or None, decode=decode, debug=debug, return_headers=True,
  File "/var/lib/juju/agents/unit-test-hpp4nyou-0/charm/venv/fastcore/net.py", line 221, in urlsend
    return urlread(req, decode=decode, return_json=return_json, return_headers=return_headers, timeout=timeout)
  File "/var/lib/juju/agents/unit-test-hpp4nyou-0/charm/venv/fastcore/net.py", line 122, in urlread
    if 400 <= e.code < 500: raise ExceptionsHTTP[e.code](e.url, e.hdrs, e.fp, msg=e.msg) from None
fastcore.net.HTTP401UnauthorizedError: HTTP Error 401: Unauthorized
====Error Body====
{
  "message": "Bad credentials",
  "documentation_url": "https://docs.github.com/rest",
  "status": "401"
}


The above exception was the direct cause of the following exception:

Traceback (most recent call last):
  File "/var/lib/juju/agents/unit-test-hpp4nyou-0/charm/./src/charm.py", line 155, in func_with_catch_errors
    func(self, event)
  File "/var/lib/juju/agents/unit-test-hpp4nyou-0/charm/./src/charm.py", line 757, in _on_reconcile_runners
    self._trigger_reconciliation()
  File "/var/lib/juju/agents/unit-test-hpp4nyou-0/charm/./src/charm.py", line 778, in _trigger_reconciliation
    self._reconcile_openstack_runners(runner_scaler, state.runner_config.virtual_machines)
  File "/var/lib/juju/agents/unit-test-hpp4nyou-0/charm/./src/charm.py", line 1009, in _reconcile_openstack_runners
    runner_scaler.reconcile(num)
  File "/var/lib/juju/agents/unit-test-hpp4nyou-0/charm/venv/github_runner_manager/manager/runner_scaler.py", line 195, in reconcile
    runner_list = self._manager.get_runners()
  File "/var/lib/juju/agents/unit-test-hpp4nyou-0/charm/venv/github_runner_manager/manager/runner_manager.py", line 159, in get_runners
    github_infos = self._github.get_runners(github_states)
  File "/var/lib/juju/agents/unit-test-hpp4nyou-0/charm/venv/github_runner_manager/manager/github_runner_manager.py", line 74, in get_runners
    runner_list = self.github.get_runner_github_info(self._path)
  File "/var/lib/juju/agents/unit-test-hpp4nyou-0/charm/venv/github_runner_manager/github_client.py", line 71, in wrapper
    raise TokenError(msg) from exc
github_runner_manager.errors.TokenError: Invalid token.
unit-test-hpp4nyou-0: 06:45:38 ERROR unit.test-hpp4nyou/0.juju-log Issue with GitHub token
Traceback (most recent call last):
  File "/var/lib/juju/agents/unit-test-hpp4nyou-0/charm/venv/github_runner_manager/github_client.py", line 64, in wrapper
    return func(*args, **kwargs)
  File "/var/lib/juju/agents/unit-test-hpp4nyou-0/charm/venv/github_runner_manager/github_client.py", line 105, in get_runner_github_info
    self._client.actions.list_self_hosted_runners_for_repo(
  File "/var/lib/juju/agents/unit-test-hpp4nyou-0/charm/venv/ghapi/core.py", line 74, in __call__
    return self.client(self.path, self.verb, headers=headers, decode=self.decode, route=route_p, query=query_p, data=data_p)
  File "/var/lib/juju/agents/unit-test-hpp4nyou-0/charm/venv/ghapi/core.py", line 133, in __call__
    res,self.recv_hdrs = urlsend(path, verb, headers=headers or None, decode=decode, debug=debug, return_headers=True,
  File "/var/lib/juju/agents/unit-test-hpp4nyou-0/charm/venv/fastcore/net.py", line 221, in urlsend
    return urlread(req, decode=decode, return_json=return_json, return_headers=return_headers, timeout=timeout)
  File "/var/lib/juju/agents/unit-test-hpp4nyou-0/charm/venv/fastcore/net.py", line 122, in urlread
    if 400 <= e.code < 500: raise ExceptionsHTTP[e.code](e.url, e.hdrs, e.fp, msg=e.msg) from None
fastcore.net.HTTP401UnauthorizedError: HTTP Error 401: Unauthorized
====Error Body====
{
  "message": "Bad credentials",
  "documentation_url": "https://docs.github.com/rest",
  "status": "401"
}


The above exception was the direct cause of the following exception:

Traceback (most recent call last):
  File "/var/lib/juju/agents/unit-test-hpp4nyou-0/charm/./src/charm.py", line 155, in func_with_catch_errors
    func(self, event)
  File "/var/lib/juju/agents/unit-test-hpp4nyou-0/charm/./src/charm.py", line 757, in _on_reconcile_runners
    self._trigger_reconciliation()
  File "/var/lib/juju/agents/unit-test-hpp4nyou-0/charm/./src/charm.py", line 778, in _trigger_reconciliation
    self._reconcile_openstack_runners(runner_scaler, state.runner_config.virtual_machines)
  File "/var/lib/juju/agents/unit-test-hpp4nyou-0/charm/./src/charm.py", line 1009, in _reconcile_openstack_runners
    runner_scaler.reconcile(num)
  File "/var/lib/juju/agents/unit-test-hpp4nyou-0/charm/venv/github_runner_manager/manager/runner_scaler.py", line 195, in reconcile
    runner_list = self._manager.get_runners()
  File "/var/lib/juju/agents/unit-test-hpp4nyou-0/charm/venv/github_runner_manager/manager/runner_manager.py", line 159, in get_runners
    github_infos = self._github.get_runners(github_states)
  File "/var/lib/juju/agents/unit-test-hpp4nyou-0/charm/venv/github_runner_manager/manager/github_runner_manager.py", line 74, in get_runners
    runner_list = self.github.get_runner_github_info(self._path)
  File "/var/lib/juju/agents/unit-test-hpp4nyou-0/charm/venv/github_runner_manager/github_client.py", line 71, in wrapper
    raise TokenError(msg) from exc
github_runner_manager.errors.TokenError: Invalid token.
unit-test-hpp4nyou-0: 06:51:22 ERROR unit.test-hpp4nyou/0.juju-log Issue with GitHub token
Traceback (most recent call last):
  File "/var/lib/juju/agents/unit-test-hpp4nyou-0/charm/venv/github_runner_manager/github_client.py", line 64, in wrapper
    return func(*args, **kwargs)
  File "/var/lib/juju/agents/unit-test-hpp4nyou-0/charm/venv/github_runner_manager/github_client.py", line 105, in get_runner_github_info
    self._client.actions.list_self_hosted_runners_for_repo(
  File "/var/lib/juju/agents/unit-test-hpp4nyou-0/charm/venv/ghapi/core.py", line 74, in __call__
    return self.client(self.path, self.verb, headers=headers, decode=self.decode, route=route_p, query=query_p, data=data_p)
  File "/var/lib/juju/agents/unit-test-hpp4nyou-0/charm/venv/ghapi/core.py", line 133, in __call__
    res,self.recv_hdrs = urlsend(path, verb, headers=headers or None, decode=decode, debug=debug, return_headers=True,
  File "/var/lib/juju/agents/unit-test-hpp4nyou-0/charm/venv/fastcore/net.py", line 221, in urlsend
    return urlread(req, decode=decode, return_json=return_json, return_headers=return_headers, timeout=timeout)
  File "/var/lib/juju/agents/unit-test-hpp4nyou-0/charm/venv/fastcore/net.py", line 122, in urlread
    if 400 <= e.code < 500: raise ExceptionsHTTP[e.code](e.url, e.hdrs, e.fp, msg=e.msg) from None
fastcore.net.HTTP401UnauthorizedError: HTTP Error 401: Unauthorized
====Error Body====
{
  "message": "Bad credentials",
  "documentation_url": "https://docs.github.com/rest",
  "status": "401"
}


The above exception was the direct cause of the following exception:

Traceback (most recent call last):
  File "/var/lib/juju/agents/unit-test-hpp4nyou-0/charm/./src/charm.py", line 155, in func_with_catch_errors
    func(self, event)
  File "/var/lib/juju/agents/unit-test-hpp4nyou-0/charm/./src/charm.py", line 757, in _on_reconcile_runners
    self._trigger_reconciliation()
  File "/var/lib/juju/agents/unit-test-hpp4nyou-0/charm/./src/charm.py", line 778, in _trigger_reconciliation
    self._reconcile_openstack_runners(runner_scaler, state.runner_config.virtual_machines)
  File "/var/lib/juju/agents/unit-test-hpp4nyou-0/charm/./src/charm.py", line 1009, in _reconcile_openstack_runners
    runner_scaler.reconcile(num)
  File "/var/lib/juju/agents/unit-test-hpp4nyou-0/charm/venv/github_runner_manager/manager/runner_scaler.py", line 195, in reconcile
    runner_list = self._manager.get_runners()
  File "/var/lib/juju/agents/unit-test-hpp4nyou-0/charm/venv/github_runner_manager/manager/runner_manager.py", line 159, in get_runners
    github_infos = self._github.get_runners(github_states)
  File "/var/lib/juju/agents/unit-test-hpp4nyou-0/charm/venv/github_runner_manager/manager/github_runner_manager.py", line 74, in get_runners
    runner_list = self.github.get_runner_github_info(self._path)
  File "/var/lib/juju/agents/unit-test-hpp4nyou-0/charm/venv/github_runner_manager/github_client.py", line 71, in wrapper
    raise TokenError(msg) from exc
github_runner_manager.errors.TokenError: Invalid token.
unit-test-hpp4nyou-0: 06:56:32 ERROR unit.test-hpp4nyou/0.juju-log Issue with GitHub token
Traceback (most recent call last):
  File "/var/lib/juju/agents/unit-test-hpp4nyou-0/charm/venv/github_runner_manager/github_client.py", line 64, in wrapper
    return func(*args, **kwargs)
  File "/var/lib/juju/agents/unit-test-hpp4nyou-0/charm/venv/github_runner_manager/github_client.py", line 105, in get_runner_github_info
    self._client.actions.list_self_hosted_runners_for_repo(
  File "/var/lib/juju/agents/unit-test-hpp4nyou-0/charm/venv/ghapi/core.py", line 74, in __call__
    return self.client(self.path, self.verb, headers=headers, decode=self.decode, route=route_p, query=query_p, data=data_p)
  File "/var/lib/juju/agents/unit-test-hpp4nyou-0/charm/venv/ghapi/core.py", line 133, in __call__
    res,self.recv_hdrs = urlsend(path, verb, headers=headers or None, decode=decode, debug=debug, return_headers=True,
  File "/var/lib/juju/agents/unit-test-hpp4nyou-0/charm/venv/fastcore/net.py", line 221, in urlsend
    return urlread(req, decode=decode, return_json=return_json, return_headers=return_headers, timeout=timeout)
  File "/var/lib/juju/agents/unit-test-hpp4nyou-0/charm/venv/fastcore/net.py", line 122, in urlread
    if 400 <= e.code < 500: raise ExceptionsHTTP[e.code](e.url, e.hdrs, e.fp, msg=e.msg) from None
fastcore.net.HTTP401UnauthorizedError: HTTP Error 401: Unauthorized
====Error Body====
{
  "message": "Bad credentials",
  "documentation_url": "https://docs.github.com/rest",
  "status": "401"
}


The above exception was the direct cause of the following exception:

Traceback (most recent call last):
  File "/var/lib/juju/agents/unit-test-hpp4nyou-0/charm/./src/charm.py", line 155, in func_with_catch_errors
    func(self, event)
  File "/var/lib/juju/agents/unit-test-hpp4nyou-0/charm/./src/charm.py", line 757, in _on_reconcile_runners
    self._trigger_reconciliation()
  File "/var/lib/juju/agents/unit-test-hpp4nyou-0/charm/./src/charm.py", line 778, in _trigger_reconciliation
    self._reconcile_openstack_runners(runner_scaler, state.runner_config.virtual_machines)
  File "/var/lib/juju/agents/unit-test-hpp4nyou-0/charm/./src/charm.py", line 1009, in _reconcile_openstack_runners
    runner_scaler.reconcile(num)
  File "/var/lib/juju/agents/unit-test-hpp4nyou-0/charm/venv/github_runner_manager/manager/runner_scaler.py", line 195, in reconcile
    runner_list = self._manager.get_runners()
  File "/var/lib/juju/agents/unit-test-hpp4nyou-0/charm/venv/github_runner_manager/manager/runner_manager.py", line 159, in get_runners
    github_infos = self._github.get_runners(github_states)
  File "/var/lib/juju/agents/unit-test-hpp4nyou-0/charm/venv/github_runner_manager/manager/github_runner_manager.py", line 74, in get_runners
    runner_list = self.github.get_runner_github_info(self._path)
  File "/var/lib/juju/agents/unit-test-hpp4nyou-0/charm/venv/github_runner_manager/github_client.py", line 71, in wrapper
    raise TokenError(msg) from exc
github_runner_manager.errors.TokenError: Invalid token.
unit-test-hpp4nyou-0: 07:02:06 ERROR unit.test-hpp4nyou/0.juju-log Issue with GitHub token
Traceback (most recent call last):
  File "/var/lib/juju/agents/unit-test-hpp4nyou-0/charm/venv/github_runner_manager/github_client.py", line 64, in wrapper
    return func(*args, **kwargs)
  File "/var/lib/juju/agents/unit-test-hpp4nyou-0/charm/venv/github_runner_manager/github_client.py", line 105, in get_runner_github_info
    self._client.actions.list_self_hosted_runners_for_repo(
  File "/var/lib/juju/agents/unit-test-hpp4nyou-0/charm/venv/ghapi/core.py", line 74, in __call__
    return self.client(self.path, self.verb, headers=headers, decode=self.decode, route=route_p, query=query_p, data=data_p)
  File "/var/lib/juju/agents/unit-test-hpp4nyou-0/charm/venv/ghapi/core.py", line 133, in __call__
    res,self.recv_hdrs = urlsend(path, verb, headers=headers or None, decode=decode, debug=debug, return_headers=True,
  File "/var/lib/juju/agents/unit-test-hpp4nyou-0/charm/venv/fastcore/net.py", line 221, in urlsend
    return urlread(req, decode=decode, return_json=return_json, return_headers=return_headers, timeout=timeout)
  File "/var/lib/juju/agents/unit-test-hpp4nyou-0/charm/venv/fastcore/net.py", line 122, in urlread
    if 400 <= e.code < 500: raise ExceptionsHTTP[e.code](e.url, e.hdrs, e.fp, msg=e.msg) from None
fastcore.net.HTTP401UnauthorizedError: HTTP Error 401: Unauthorized
====Error Body====
{
  "message": "Bad credentials",
  "documentation_url": "https://docs.github.com/rest",
  "status": "401"
}


The above exception was the direct cause of the following exception:

Traceback (most recent call last):
  File "/var/lib/juju/agents/unit-test-hpp4nyou-0/charm/./src/charm.py", line 155, in func_with_catch_errors
    func(self, event)
  File "/var/lib/juju/agents/unit-test-hpp4nyou-0/charm/./src/charm.py", line 757, in _on_reconcile_runners
    self._trigger_reconciliation()
  File "/var/lib/juju/agents/unit-test-hpp4nyou-0/charm/./src/charm.py", line 778, in _trigger_reconciliation
    self._reconcile_openstack_runners(runner_scaler, state.runner_config.virtual_machines)
  File "/var/lib/juju/agents/unit-test-hpp4nyou-0/charm/./src/charm.py", line 1009, in _reconcile_openstack_runners
    runner_scaler.reconcile(num)
  File "/var/lib/juju/agents/unit-test-hpp4nyou-0/charm/venv/github_runner_manager/manager/runner_scaler.py", line 195, in reconcile
    runner_list = self._manager.get_runners()
  File "/var/lib/juju/agents/unit-test-hpp4nyou-0/charm/venv/github_runner_manager/manager/runner_manager.py", line 159, in get_runners
    github_infos = self._github.get_runners(github_states)
  File "/var/lib/juju/agents/unit-test-hpp4nyou-0/charm/venv/github_runner_manager/manager/github_runner_manager.py", line 74, in get_runners
    runner_list = self.github.get_runner_github_info(self._path)
  File "/var/lib/juju/agents/unit-test-hpp4nyou-0/charm/venv/github_runner_manager/github_client.py", line 71, in wrapper
    raise TokenError(msg) from exc
github_runner_manager.errors.TokenError: Invalid token.
unit-test-hpp4nyou-0: 07:08:06 ERROR unit.test-hpp4nyou/0.juju-log Issue with GitHub token
Traceback (most recent call last):
  File "/var/lib/juju/agents/unit-test-hpp4nyou-0/charm/venv/github_runner_manager/github_client.py", line 64, in wrapper
    return func(*args, **kwargs)
  File "/var/lib/juju/agents/unit-test-hpp4nyou-0/charm/venv/github_runner_manager/github_client.py", line 105, in get_runner_github_info
    self._client.actions.list_self_hosted_runners_for_repo(
  File "/var/lib/juju/agents/unit-test-hpp4nyou-0/charm/venv/ghapi/core.py", line 74, in __call__
    return self.client(self.path, self.verb, headers=headers, decode=self.decode, route=route_p, query=query_p, data=data_p)
  File "/var/lib/juju/agents/unit-test-hpp4nyou-0/charm/venv/ghapi/core.py", line 133, in __call__
    res,self.recv_hdrs = urlsend(path, verb, headers=headers or None, decode=decode, debug=debug, return_headers=True,
  File "/var/lib/juju/agents/unit-test-hpp4nyou-0/charm/venv/fastcore/net.py", line 221, in urlsend
    return urlread(req, decode=decode, return_json=return_json, return_headers=return_headers, timeout=timeout)
  File "/var/lib/juju/agents/unit-test-hpp4nyou-0/charm/venv/fastcore/net.py", line 122, in urlread
    if 400 <= e.code < 500: raise ExceptionsHTTP[e.code](e.url, e.hdrs, e.fp, msg=e.msg) from None
fastcore.net.HTTP401UnauthorizedError: HTTP Error 401: Unauthorized
====Error Body====
{
  "message": "Bad credentials",
  "documentation_url": "https://docs.github.com/rest",
  "status": "401"
}


The above exception was the direct cause of the following exception:

Traceback (most recent call last):
  File "/var/lib/juju/agents/unit-test-hpp4nyou-0/charm/./src/charm.py", line 155, in func_with_catch_errors
    func(self, event)
  File "/var/lib/juju/agents/unit-test-hpp4nyou-0/charm/./src/charm.py", line 757, in _on_reconcile_runners
    self._trigger_reconciliation()
  File "/var/lib/juju/agents/unit-test-hpp4nyou-0/charm/./src/charm.py", line 778, in _trigger_reconciliation
    self._reconcile_openstack_runners(runner_scaler, state.runner_config.virtual_machines)
  File "/var/lib/juju/agents/unit-test-hpp4nyou-0/charm/./src/charm.py", line 1009, in _reconcile_openstack_runners
    runner_scaler.reconcile(num)
  File "/var/lib/juju/agents/unit-test-hpp4nyou-0/charm/venv/github_runner_manager/manager/runner_scaler.py", line 195, in reconcile
    runner_list = self._manager.get_runners()
  File "/var/lib/juju/agents/unit-test-hpp4nyou-0/charm/venv/github_runner_manager/manager/runner_manager.py", line 159, in get_runners
    github_infos = self._github.get_runners(github_states)
  File "/var/lib/juju/agents/unit-test-hpp4nyou-0/charm/venv/github_runner_manager/manager/github_runner_manager.py", line 74, in get_runners
    runner_list = self.github.get_runner_github_info(self._path)
  File "/var/lib/juju/agents/unit-test-hpp4nyou-0/charm/venv/github_runner_manager/github_client.py", line 71, in wrapper
    raise TokenError(msg) from exc
github_runner_manager.errors.TokenError: Invalid token.
unit-test-hpp4nyou-0: 07:13:38 ERROR unit.test-hpp4nyou/0.juju-log Issue with GitHub token
Traceback (most recent call last):
  File "/var/lib/juju/agents/unit-test-hpp4nyou-0/charm/venv/github_runner_manager/github_client.py", line 64, in wrapper
    return func(*args, **kwargs)
  File "/var/lib/juju/agents/unit-test-hpp4nyou-0/charm/venv/github_runner_manager/github_client.py", line 105, in get_runner_github_info
    self._client.actions.list_self_hosted_runners_for_repo(
  File "/var/lib/juju/agents/unit-test-hpp4nyou-0/charm/venv/ghapi/core.py", line 74, in __call__
    return self.client(self.path, self.verb, headers=headers, decode=self.decode, route=route_p, query=query_p, data=data_p)
  File "/var/lib/juju/agents/unit-test-hpp4nyou-0/charm/venv/ghapi/core.py", line 133, in __call__
    res,self.recv_hdrs = urlsend(path, verb, headers=headers or None, decode=decode, debug=debug, return_headers=True,
  File "/var/lib/juju/agents/unit-test-hpp4nyou-0/charm/venv/fastcore/net.py", line 221, in urlsend
    return urlread(req, decode=decode, return_json=return_json, return_headers=return_headers, timeout=timeout)
  File "/var/lib/juju/agents/unit-test-hpp4nyou-0/charm/venv/fastcore/net.py", line 122, in urlread
    if 400 <= e.code < 500: raise ExceptionsHTTP[e.code](e.url, e.hdrs, e.fp, msg=e.msg) from None
fastcore.net.HTTP401UnauthorizedError: HTTP Error 401: Unauthorized
====Error Body====
{
  "message": "Bad credentials",
  "documentation_url": "https://docs.github.com/rest",
  "status": "401"
}


The above exception was the direct cause of the following exception:

Traceback (most recent call last):
  File "/var/lib/juju/agents/unit-test-hpp4nyou-0/charm/./src/charm.py", line 155, in func_with_catch_errors
    func(self, event)
  File "/var/lib/juju/agents/unit-test-hpp4nyou-0/charm/./src/charm.py", line 757, in _on_reconcile_runners
    self._trigger_reconciliation()
  File "/var/lib/juju/agents/unit-test-hpp4nyou-0/charm/./src/charm.py", line 778, in _trigger_reconciliation
    self._reconcile_openstack_runners(runner_scaler, state.runner_config.virtual_machines)
  File "/var/lib/juju/agents/unit-test-hpp4nyou-0/charm/./src/charm.py", line 1009, in _reconcile_openstack_runners
    runner_scaler.reconcile(num)
  File "/var/lib/juju/agents/unit-test-hpp4nyou-0/charm/venv/github_runner_manager/manager/runner_scaler.py", line 195, in reconcile
    runner_list = self._manager.get_runners()
  File "/var/lib/juju/agents/unit-test-hpp4nyou-0/charm/venv/github_runner_manager/manager/runner_manager.py", line 159, in get_runners
    github_infos = self._github.get_runners(github_states)
  File "/var/lib/juju/agents/unit-test-hpp4nyou-0/charm/venv/github_runner_manager/manager/github_runner_manager.py", line 74, in get_runners
    runner_list = self.github.get_runner_github_info(self._path)
  File "/var/lib/juju/agents/unit-test-hpp4nyou-0/charm/venv/github_runner_manager/github_client.py", line 71, in wrapper
    raise TokenError(msg) from exc
github_runner_manager.errors.TokenError: Invalid token.
unit-test-hpp4nyou-0: 07:19:33 ERROR unit.test-hpp4nyou/0.juju-log Issue with GitHub token
Traceback (most recent call last):
  File "/var/lib/juju/agents/unit-test-hpp4nyou-0/charm/venv/github_runner_manager/github_client.py", line 64, in wrapper
    return func(*args, **kwargs)
  File "/var/lib/juju/agents/unit-test-hpp4nyou-0/charm/venv/github_runner_manager/github_client.py", line 105, in get_runner_github_info
    self._client.actions.list_self_hosted_runners_for_repo(
  File "/var/lib/juju/agents/unit-test-hpp4nyou-0/charm/venv/ghapi/core.py", line 74, in __call__
    return self.client(self.path, self.verb, headers=headers, decode=self.decode, route=route_p, query=query_p, data=data_p)
  File "/var/lib/juju/agents/unit-test-hpp4nyou-0/charm/venv/ghapi/core.py", line 133, in __call__
    res,self.recv_hdrs = urlsend(path, verb, headers=headers or None, decode=decode, debug=debug, return_headers=True,
  File "/var/lib/juju/agents/unit-test-hpp4nyou-0/charm/venv/fastcore/net.py", line 221, in urlsend
    return urlread(req, decode=decode, return_json=return_json, return_headers=return_headers, timeout=timeout)
  File "/var/lib/juju/agents/unit-test-hpp4nyou-0/charm/venv/fastcore/net.py", line 122, in urlread
    if 400 <= e.code < 500: raise ExceptionsHTTP[e.code](e.url, e.hdrs, e.fp, msg=e.msg) from None
fastcore.net.HTTP401UnauthorizedError: HTTP Error 401: Unauthorized
====Error Body====
{
  "message": "Bad credentials",
  "documentation_url": "https://docs.github.com/rest",
  "status": "401"
}


The above exception was the direct cause of the following exception:

Traceback (most recent call last):
  File "/var/lib/juju/agents/unit-test-hpp4nyou-0/charm/./src/charm.py", line 155, in func_with_catch_errors
    func(self, event)
  File "/var/lib/juju/agents/unit-test-hpp4nyou-0/charm/./src/charm.py", line 757, in _on_reconcile_runners
    self._trigger_reconciliation()
  File "/var/lib/juju/agents/unit-test-hpp4nyou-0/charm/./src/charm.py", line 778, in _trigger_reconciliation
    self._reconcile_openstack_runners(runner_scaler, state.runner_config.virtual_machines)
  File "/var/lib/juju/agents/unit-test-hpp4nyou-0/charm/./src/charm.py", line 1009, in _reconcile_openstack_runners
    runner_scaler.reconcile(num)
  File "/var/lib/juju/agents/unit-test-hpp4nyou-0/charm/venv/github_runner_manager/manager/runner_scaler.py", line 195, in reconcile
    runner_list = self._manager.get_runners()
  File "/var/lib/juju/agents/unit-test-hpp4nyou-0/charm/venv/github_runner_manager/manager/runner_manager.py", line 159, in get_runners
    github_infos = self._github.get_runners(github_states)
  File "/var/lib/juju/agents/unit-test-hpp4nyou-0/charm/venv/github_runner_manager/manager/github_runner_manager.py", line 74, in get_runners
    runner_list = self.github.get_runner_github_info(self._path)
  File "/var/lib/juju/agents/unit-test-hpp4nyou-0/charm/venv/github_runner_manager/github_client.py", line 71, in wrapper
    raise TokenError(msg) from exc
github_runner_manager.errors.TokenError: Invalid token.
unit-test-hpp4nyou-0: 07:24:50 ERROR unit.test-hpp4nyou/0.juju-log Issue with GitHub token
Traceback (most recent call last):
  File "/var/lib/juju/agents/unit-test-hpp4nyou-0/charm/venv/github_runner_manager/github_client.py", line 64, in wrapper
    return func(*args, **kwargs)
  File "/var/lib/juju/agents/unit-test-hpp4nyou-0/charm/venv/github_runner_manager/github_client.py", line 105, in get_runner_github_info
    self._client.actions.list_self_hosted_runners_for_repo(
  File "/var/lib/juju/agents/unit-test-hpp4nyou-0/charm/venv/ghapi/core.py", line 74, in __call__
    return self.client(self.path, self.verb, headers=headers, decode=self.decode, route=route_p, query=query_p, data=data_p)
  File "/var/lib/juju/agents/unit-test-hpp4nyou-0/charm/venv/ghapi/core.py", line 133, in __call__
    res,self.recv_hdrs = urlsend(path, verb, headers=headers or None, decode=decode, debug=debug, return_headers=True,
  File "/var/lib/juju/agents/unit-test-hpp4nyou-0/charm/venv/fastcore/net.py", line 221, in urlsend
    return urlread(req, decode=decode, return_json=return_json, return_headers=return_headers, timeout=timeout)
  File "/var/lib/juju/agents/unit-test-hpp4nyou-0/charm/venv/fastcore/net.py", line 122, in urlread
    if 400 <= e.code < 500: raise ExceptionsHTTP[e.code](e.url, e.hdrs, e.fp, msg=e.msg) from None
fastcore.net.HTTP401UnauthorizedError: HTTP Error 401: Unauthorized
====Error Body====
{
  "message": "Bad credentials",
  "documentation_url": "https://docs.github.com/rest",
  "status": "401"
}


The above exception was the direct cause of the following exception:

Traceback (most recent call last):
  File "/var/lib/juju/agents/unit-test-hpp4nyou-0/charm/./src/charm.py", line 155, in func_with_catch_errors
    func(self, event)
  File "/var/lib/juju/agents/unit-test-hpp4nyou-0/charm/./src/charm.py", line 757, in _on_reconcile_runners
    self._trigger_reconciliation()
  File "/var/lib/juju/agents/unit-test-hpp4nyou-0/charm/./src/charm.py", line 778, in _trigger_reconciliation
    self._reconcile_openstack_runners(runner_scaler, state.runner_config.virtual_machines)
  File "/var/lib/juju/agents/unit-test-hpp4nyou-0/charm/./src/charm.py", line 1009, in _reconcile_openstack_runners
    runner_scaler.reconcile(num)
  File "/var/lib/juju/agents/unit-test-hpp4nyou-0/charm/venv/github_runner_manager/manager/runner_scaler.py", line 195, in reconcile
    runner_list = self._manager.get_runners()
  File "/var/lib/juju/agents/unit-test-hpp4nyou-0/charm/venv/github_runner_manager/manager/runner_manager.py", line 159, in get_runners
    github_infos = self._github.get_runners(github_states)
  File "/var/lib/juju/agents/unit-test-hpp4nyou-0/charm/venv/github_runner_manager/manager/github_runner_manager.py", line 74, in get_runners
    runner_list = self.github.get_runner_github_info(self._path)
  File "/var/lib/juju/agents/unit-test-hpp4nyou-0/charm/venv/github_runner_manager/github_client.py", line 71, in wrapper
    raise TokenError(msg) from exc
github_runner_manager.errors.TokenError: Invalid token.
unit-test-hpp4nyou-0: 07:30:31 ERROR unit.test-hpp4nyou/0.juju-log Issue with GitHub token
Traceback (most recent call last):
  File "/var/lib/juju/agents/unit-test-hpp4nyou-0/charm/venv/github_runner_manager/github_client.py", line 64, in wrapper
    return func(*args, **kwargs)
  File "/var/lib/juju/agents/unit-test-hpp4nyou-0/charm/venv/github_runner_manager/github_client.py", line 105, in get_runner_github_info
    self._client.actions.list_self_hosted_runners_for_repo(
  File "/var/lib/juju/agents/unit-test-hpp4nyou-0/charm/venv/ghapi/core.py", line 74, in __call__
    return self.client(self.path, self.verb, headers=headers, decode=self.decode, route=route_p, query=query_p, data=data_p)
  File "/var/lib/juju/agents/unit-test-hpp4nyou-0/charm/venv/ghapi/core.py", line 133, in __call__
    res,self.recv_hdrs = urlsend(path, verb, headers=headers or None, decode=decode, debug=debug, return_headers=True,
  File "/var/lib/juju/agents/unit-test-hpp4nyou-0/charm/venv/fastcore/net.py", line 221, in urlsend
    return urlread(req, decode=decode, return_json=return_json, return_headers=return_headers, timeout=timeout)
  File "/var/lib/juju/agents/unit-test-hpp4nyou-0/charm/venv/fastcore/net.py", line 122, in urlread
    if 400 <= e.code < 500: raise ExceptionsHTTP[e.code](e.url, e.hdrs, e.fp, msg=e.msg) from None
fastcore.net.HTTP401UnauthorizedError: HTTP Error 401: Unauthorized
====Error Body====
{
  "message": "Bad credentials",
  "documentation_url": "https://docs.github.com/rest",
  "status": "401"
}


The above exception was the direct cause of the following exception:

Traceback (most recent call last):
  File "/var/lib/juju/agents/unit-test-hpp4nyou-0/charm/./src/charm.py", line 155, in func_with_catch_errors
    func(self, event)
  File "/var/lib/juju/agents/unit-test-hpp4nyou-0/charm/./src/charm.py", line 757, in _on_reconcile_runners
    self._trigger_reconciliation()
  File "/var/lib/juju/agents/unit-test-hpp4nyou-0/charm/./src/charm.py", line 778, in _trigger_reconciliation
    self._reconcile_openstack_runners(runner_scaler, state.runner_config.virtual_machines)
  File "/var/lib/juju/agents/unit-test-hpp4nyou-0/charm/./src/charm.py", line 1009, in _reconcile_openstack_runners
    runner_scaler.reconcile(num)
  File "/var/lib/juju/agents/unit-test-hpp4nyou-0/charm/venv/github_runner_manager/manager/runner_scaler.py", line 195, in reconcile
    runner_list = self._manager.get_runners()
  File "/var/lib/juju/agents/unit-test-hpp4nyou-0/charm/venv/github_runner_manager/manager/runner_manager.py", line 159, in get_runners
    github_infos = self._github.get_runners(github_states)
  File "/var/lib/juju/agents/unit-test-hpp4nyou-0/charm/venv/github_runner_manager/manager/github_runner_manager.py", line 74, in get_runners
    runner_list = self.github.get_runner_github_info(self._path)
  File "/var/lib/juju/agents/unit-test-hpp4nyou-0/charm/venv/github_runner_manager/github_client.py", line 71, in wrapper
    raise TokenError(msg) from exc
github_runner_manager.errors.TokenError: Invalid token.
unit-test-hpp4nyou-0: 07:36:06 ERROR unit.test-hpp4nyou/0.juju-log Issue with GitHub token
Traceback (most recent call last):
  File "/var/lib/juju/agents/unit-test-hpp4nyou-0/charm/venv/github_runner_manager/github_client.py", line 64, in wrapper
    return func(*args, **kwargs)
  File "/var/lib/juju/agents/unit-test-hpp4nyou-0/charm/venv/github_runner_manager/github_client.py", line 105, in get_runner_github_info
    self._client.actions.list_self_hosted_runners_for_repo(
  File "/var/lib/juju/agents/unit-test-hpp4nyou-0/charm/venv/ghapi/core.py", line 74, in __call__
    return self.client(self.path, self.verb, headers=headers, decode=self.decode, route=route_p, query=query_p, data=data_p)
  File "/var/lib/juju/agents/unit-test-hpp4nyou-0/charm/venv/ghapi/core.py", line 133, in __call__
    res,self.recv_hdrs = urlsend(path, verb, headers=headers or None, decode=decode, debug=debug, return_headers=True,
  File "/var/lib/juju/agents/unit-test-hpp4nyou-0/charm/venv/fastcore/net.py", line 221, in urlsend
    return urlread(req, decode=decode, return_json=return_json, return_headers=return_headers, timeout=timeout)
  File "/var/lib/juju/agents/unit-test-hpp4nyou-0/charm/venv/fastcore/net.py", line 122, in urlread
    if 400 <= e.code < 500: raise ExceptionsHTTP[e.code](e.url, e.hdrs, e.fp, msg=e.msg) from None
fastcore.net.HTTP401UnauthorizedError: HTTP Error 401: Unauthorized
====Error Body====
{
  "message": "Bad credentials",
  "documentation_url": "https://docs.github.com/rest",
  "status": "401"
}


The above exception was the direct cause of the following exception:

Traceback (most recent call last):
  File "/var/lib/juju/agents/unit-test-hpp4nyou-0/charm/./src/charm.py", line 155, in func_with_catch_errors
    func(self, event)
  File "/var/lib/juju/agents/unit-test-hpp4nyou-0/charm/./src/charm.py", line 757, in _on_reconcile_runners
    self._trigger_reconciliation()
  File "/var/lib/juju/agents/unit-test-hpp4nyou-0/charm/./src/charm.py", line 778, in _trigger_reconciliation
    self._reconcile_openstack_runners(runner_scaler, state.runner_config.virtual_machines)
  File "/var/lib/juju/agents/unit-test-hpp4nyou-0/charm/./src/charm.py", line 1009, in _reconcile_openstack_runners
    runner_scaler.reconcile(num)
  File "/var/lib/juju/agents/unit-test-hpp4nyou-0/charm/venv/github_runner_manager/manager/runner_scaler.py", line 195, in reconcile
    runner_list = self._manager.get_runners()
  File "/var/lib/juju/agents/unit-test-hpp4nyou-0/charm/venv/github_runner_manager/manager/runner_manager.py", line 159, in get_runners
    github_infos = self._github.get_runners(github_states)
  File "/var/lib/juju/agents/unit-test-hpp4nyou-0/charm/venv/github_runner_manager/manager/github_runner_manager.py", line 74, in get_runners
    runner_list = self.github.get_runner_github_info(self._path)
  File "/var/lib/juju/agents/unit-test-hpp4nyou-0/charm/venv/github_runner_manager/github_client.py", line 71, in wrapper
    raise TokenError(msg) from exc
github_runner_manager.errors.TokenError: Invalid token.
unit-test-hpp4nyou-0: 07:41:21 ERROR unit.test-hpp4nyou/0.juju-log Issue with GitHub token
Traceback (most recent call last):
  File "/var/lib/juju/agents/unit-test-hpp4nyou-0/charm/venv/github_runner_manager/github_client.py", line 64, in wrapper
    return func(*args, **kwargs)
  File "/var/lib/juju/agents/unit-test-hpp4nyou-0/charm/venv/github_runner_manager/github_client.py", line 105, in get_runner_github_info
    self._client.actions.list_self_hosted_runners_for_repo(
  File "/var/lib/juju/agents/unit-test-hpp4nyou-0/charm/venv/ghapi/core.py", line 74, in __call__
    return self.client(self.path, self.verb, headers=headers, decode=self.decode, route=route_p, query=query_p, data=data_p)
  File "/var/lib/juju/agents/unit-test-hpp4nyou-0/charm/venv/ghapi/core.py", line 133, in __call__
    res,self.recv_hdrs = urlsend(path, verb, headers=headers or None, decode=decode, debug=debug, return_headers=True,
  File "/var/lib/juju/agents/unit-test-hpp4nyou-0/charm/venv/fastcore/net.py", line 221, in urlsend
    return urlread(req, decode=decode, return_json=return_json, return_headers=return_headers, timeout=timeout)
  File "/var/lib/juju/agents/unit-test-hpp4nyou-0/charm/venv/fastcore/net.py", line 122, in urlread
    if 400 <= e.code < 500: raise ExceptionsHTTP[e.code](e.url, e.hdrs, e.fp, msg=e.msg) from None
fastcore.net.HTTP401UnauthorizedError: HTTP Error 401: Unauthorized
====Error Body====
{
  "message": "Bad credentials",
  "documentation_url": "https://docs.github.com/rest",
  "status": "401"
}


The above exception was the direct cause of the following exception:

Traceback (most recent call last):
  File "/var/lib/juju/agents/unit-test-hpp4nyou-0/charm/./src/charm.py", line 155, in func_with_catch_errors
    func(self, event)
  File "/var/lib/juju/agents/unit-test-hpp4nyou-0/charm/./src/charm.py", line 757, in _on_reconcile_runners
    self._trigger_reconciliation()
  File "/var/lib/juju/agents/unit-test-hpp4nyou-0/charm/./src/charm.py", line 778, in _trigger_reconciliation
    self._reconcile_openstack_runners(runner_scaler, state.runner_config.virtual_machines)
  File "/var/lib/juju/agents/unit-test-hpp4nyou-0/charm/./src/charm.py", line 1009, in _reconcile_openstack_runners
    runner_scaler.reconcile(num)
  File "/var/lib/juju/agents/unit-test-hpp4nyou-0/charm/venv/github_runner_manager/manager/runner_scaler.py", line 195, in reconcile
    runner_list = self._manager.get_runners()
  File "/var/lib/juju/agents/unit-test-hpp4nyou-0/charm/venv/github_runner_manager/manager/runner_manager.py", line 159, in get_runners
    github_infos = self._github.get_runners(github_states)
  File "/var/lib/juju/agents/unit-test-hpp4nyou-0/charm/venv/github_runner_manager/manager/github_runner_manager.py", line 74, in get_runners
    runner_list = self.github.get_runner_github_info(self._path)
  File "/var/lib/juju/agents/unit-test-hpp4nyou-0/charm/venv/github_runner_manager/github_client.py", line 71, in wrapper
    raise TokenError(msg) from exc
github_runner_manager.errors.TokenError: Invalid token.
unit-test-hpp4nyou-0: 07:47:06 ERROR unit.test-hpp4nyou/0.juju-log Issue with GitHub token
Traceback (most recent call last):
  File "/var/lib/juju/agents/unit-test-hpp4nyou-0/charm/venv/github_runner_manager/github_client.py", line 64, in wrapper
    return func(*args, **kwargs)
  File "/var/lib/juju/agents/unit-test-hpp4nyou-0/charm/venv/github_runner_manager/github_client.py", line 105, in get_runner_github_info
    self._client.actions.list_self_hosted_runners_for_repo(
  File "/var/lib/juju/agents/unit-test-hpp4nyou-0/charm/venv/ghapi/core.py", line 74, in __call__
    return self.client(self.path, self.verb, headers=headers, decode=self.decode, route=route_p, query=query_p, data=data_p)
  File "/var/lib/juju/agents/unit-test-hpp4nyou-0/charm/venv/ghapi/core.py", line 133, in __call__
    res,self.recv_hdrs = urlsend(path, verb, headers=headers or None, decode=decode, debug=debug, return_headers=True,
  File "/var/lib/juju/agents/unit-test-hpp4nyou-0/charm/venv/fastcore/net.py", line 221, in urlsend
    return urlread(req, decode=decode, return_json=return_json, return_headers=return_headers, timeout=timeout)
  File "/var/lib/juju/agents/unit-test-hpp4nyou-0/charm/venv/fastcore/net.py", line 122, in urlread
    if 400 <= e.code < 500: raise ExceptionsHTTP[e.code](e.url, e.hdrs, e.fp, msg=e.msg) from None
fastcore.net.HTTP401UnauthorizedError: HTTP Error 401: Unauthorized
====Error Body====
{
  "message": "Bad credentials",
  "documentation_url": "https://docs.github.com/rest",
  "status": "401"
}


The above exception was the direct cause of the following exception:

Traceback (most recent call last):
  File "/var/lib/juju/agents/unit-test-hpp4nyou-0/charm/./src/charm.py", line 155, in func_with_catch_errors
    func(self, event)
  File "/var/lib/juju/agents/unit-test-hpp4nyou-0/charm/./src/charm.py", line 757, in _on_reconcile_runners
    self._trigger_reconciliation()
  File "/var/lib/juju/agents/unit-test-hpp4nyou-0/charm/./src/charm.py", line 778, in _trigger_reconciliation
    self._reconcile_openstack_runners(runner_scaler, state.runner_config.virtual_machines)
  File "/var/lib/juju/agents/unit-test-hpp4nyou-0/charm/./src/charm.py", line 1009, in _reconcile_openstack_runners
    runner_scaler.reconcile(num)
  File "/var/lib/juju/agents/unit-test-hpp4nyou-0/charm/venv/github_runner_manager/manager/runner_scaler.py", line 195, in reconcile
    runner_list = self._manager.get_runners()
  File "/var/lib/juju/agents/unit-test-hpp4nyou-0/charm/venv/github_runner_manager/manager/runner_manager.py", line 159, in get_runners
    github_infos = self._github.get_runners(github_states)
  File "/var/lib/juju/agents/unit-test-hpp4nyou-0/charm/venv/github_runner_manager/manager/github_runner_manager.py", line 74, in get_runners
    runner_list = self.github.get_runner_github_info(self._path)
  File "/var/lib/juju/agents/unit-test-hpp4nyou-0/charm/venv/github_runner_manager/github_client.py", line 71, in wrapper
    raise TokenError(msg) from exc
github_runner_manager.errors.TokenError: Invalid token.
unit-test-hpp4nyou-0: 07:53:06 ERROR unit.test-hpp4nyou/0.juju-log Issue with GitHub token
Traceback (most recent call last):
  File "/var/lib/juju/agents/unit-test-hpp4nyou-0/charm/venv/github_runner_manager/github_client.py", line 64, in wrapper
    return func(*args, **kwargs)
  File "/var/lib/juju/agents/unit-test-hpp4nyou-0/charm/venv/github_runner_manager/github_client.py", line 105, in get_runner_github_info
    self._client.actions.list_self_hosted_runners_for_repo(
  File "/var/lib/juju/agents/unit-test-hpp4nyou-0/charm/venv/ghapi/core.py", line 74, in __call__
    return self.client(self.path, self.verb, headers=headers, decode=self.decode, route=route_p, query=query_p, data=data_p)
  File "/var/lib/juju/agents/unit-test-hpp4nyou-0/charm/venv/ghapi/core.py", line 133, in __call__
    res,self.recv_hdrs = urlsend(path, verb, headers=headers or None, decode=decode, debug=debug, return_headers=True,
  File "/var/lib/juju/agents/unit-test-hpp4nyou-0/charm/venv/fastcore/net.py", line 221, in urlsend
    return urlread(req, decode=decode, return_json=return_json, return_headers=return_headers, timeout=timeout)
  File "/var/lib/juju/agents/unit-test-hpp4nyou-0/charm/venv/fastcore/net.py", line 122, in urlread
    if 400 <= e.code < 500: raise ExceptionsHTTP[e.code](e.url, e.hdrs, e.fp, msg=e.msg) from None
fastcore.net.HTTP401UnauthorizedError: HTTP Error 401: Unauthorized
====Error Body====
{
  "message": "Bad credentials",
  "documentation_url": "https://docs.github.com/rest",
  "status": "401"
}


The above exception was the direct cause of the following exception:

Traceback (most recent call last):
  File "/var/lib/juju/agents/unit-test-hpp4nyou-0/charm/./src/charm.py", line 155, in func_with_catch_errors
    func(self, event)
  File "/var/lib/juju/agents/unit-test-hpp4nyou-0/charm/./src/charm.py", line 757, in _on_reconcile_runners
    self._trigger_reconciliation()
  File "/var/lib/juju/agents/unit-test-hpp4nyou-0/charm/./src/charm.py", line 778, in _trigger_reconciliation
    self._reconcile_openstack_runners(runner_scaler, state.runner_config.virtual_machines)
  File "/var/lib/juju/agents/unit-test-hpp4nyou-0/charm/./src/charm.py", line 1009, in _reconcile_openstack_runners
    runner_scaler.reconcile(num)
  File "/var/lib/juju/agents/unit-test-hpp4nyou-0/charm/venv/github_runner_manager/manager/runner_scaler.py", line 195, in reconcile
    runner_list = self._manager.get_runners()
  File "/var/lib/juju/agents/unit-test-hpp4nyou-0/charm/venv/github_runner_manager/manager/runner_manager.py", line 159, in get_runners
    github_infos = self._github.get_runners(github_states)
  File "/var/lib/juju/agents/unit-test-hpp4nyou-0/charm/venv/github_runner_manager/manager/github_runner_manager.py", line 74, in get_runners
    runner_list = self.github.get_runner_github_info(self._path)
  File "/var/lib/juju/agents/unit-test-hpp4nyou-0/charm/venv/github_runner_manager/github_client.py", line 71, in wrapper
    raise TokenError(msg) from exc
github_runner_manager.errors.TokenError: Invalid token.
unit-test-hpp4nyou-0: 07:59:06 ERROR unit.test-hpp4nyou/0.juju-log Issue with GitHub token
Traceback (most recent call last):
  File "/var/lib/juju/agents/unit-test-hpp4nyou-0/charm/venv/github_runner_manager/github_client.py", line 64, in wrapper
    return func(*args, **kwargs)
  File "/var/lib/juju/agents/unit-test-hpp4nyou-0/charm/venv/github_runner_manager/github_client.py", line 105, in get_runner_github_info
    self._client.actions.list_self_hosted_runners_for_repo(
  File "/var/lib/juju/agents/unit-test-hpp4nyou-0/charm/venv/ghapi/core.py", line 74, in __call__
    return self.client(self.path, self.verb, headers=headers, decode=self.decode, route=route_p, query=query_p, data=data_p)
  File "/var/lib/juju/agents/unit-test-hpp4nyou-0/charm/venv/ghapi/core.py", line 133, in __call__
    res,self.recv_hdrs = urlsend(path, verb, headers=headers or None, decode=decode, debug=debug, return_headers=True,
  File "/var/lib/juju/agents/unit-test-hpp4nyou-0/charm/venv/fastcore/net.py", line 221, in urlsend
    return urlread(req, decode=decode, return_json=return_json, return_headers=return_headers, timeout=timeout)
  File "/var/lib/juju/agents/unit-test-hpp4nyou-0/charm/venv/fastcore/net.py", line 122, in urlread
    if 400 <= e.code < 500: raise ExceptionsHTTP[e.code](e.url, e.hdrs, e.fp, msg=e.msg) from None
fastcore.net.HTTP401UnauthorizedError: HTTP Error 401: Unauthorized
====Error Body====
{
  "message": "Bad credentials",
  "documentation_url": "https://docs.github.com/rest",
  "status": "401"
}


The above exception was the direct cause of the following exception:

Traceback (most recent call last):
  File "/var/lib/juju/agents/unit-test-hpp4nyou-0/charm/./src/charm.py", line 155, in func_with_catch_errors
    func(self, event)
  File "/var/lib/juju/agents/unit-test-hpp4nyou-0/charm/./src/charm.py", line 757, in _on_reconcile_runners
    self._trigger_reconciliation()
  File "/var/lib/juju/agents/unit-test-hpp4nyou-0/charm/./src/charm.py", line 778, in _trigger_reconciliation
    self._reconcile_openstack_runners(runner_scaler, state.runner_config.virtual_machines)
  File "/var/lib/juju/agents/unit-test-hpp4nyou-0/charm/./src/charm.py", line 1009, in _reconcile_openstack_runners
    runner_scaler.reconcile(num)
  File "/var/lib/juju/agents/unit-test-hpp4nyou-0/charm/venv/github_runner_manager/manager/runner_scaler.py", line 195, in reconcile
    runner_list = self._manager.get_runners()
  File "/var/lib/juju/agents/unit-test-hpp4nyou-0/charm/venv/github_runner_manager/manager/runner_manager.py", line 159, in get_runners
    github_infos = self._github.get_runners(github_states)
  File "/var/lib/juju/agents/unit-test-hpp4nyou-0/charm/venv/github_runner_manager/manager/github_runner_manager.py", line 74, in get_runners
    runner_list = self.github.get_runner_github_info(self._path)
  File "/var/lib/juju/agents/unit-test-hpp4nyou-0/charm/venv/github_runner_manager/github_client.py", line 71, in wrapper
    raise TokenError(msg) from exc
github_runner_manager.errors.TokenError: Invalid token.
unit-test-hpp4nyou-0: 08:04:33 ERROR unit.test-hpp4nyou/0.juju-log Issue with GitHub token
Traceback (most recent call last):
  File "/var/lib/juju/agents/unit-test-hpp4nyou-0/charm/venv/github_runner_manager/github_client.py", line 64, in wrapper
    return func(*args, **kwargs)
  File "/var/lib/juju/agents/unit-test-hpp4nyou-0/charm/venv/github_runner_manager/github_client.py", line 105, in get_runner_github_info
    self._client.actions.list_self_hosted_runners_for_repo(
  File "/var/lib/juju/agents/unit-test-hpp4nyou-0/charm/venv/ghapi/core.py", line 74, in __call__
    return self.client(self.path, self.verb, headers=headers, decode=self.decode, route=route_p, query=query_p, data=data_p)
  File "/var/lib/juju/agents/unit-test-hpp4nyou-0/charm/venv/ghapi/core.py", line 133, in __call__
    res,self.recv_hdrs = urlsend(path, verb, headers=headers or None, decode=decode, debug=debug, return_headers=True,
  File "/var/lib/juju/agents/unit-test-hpp4nyou-0/charm/venv/fastcore/net.py", line 221, in urlsend
    return urlread(req, decode=decode, return_json=return_json, return_headers=return_headers, timeout=timeout)
  File "/var/lib/juju/agents/unit-test-hpp4nyou-0/charm/venv/fastcore/net.py", line 122, in urlread
    if 400 <= e.code < 500: raise ExceptionsHTTP[e.code](e.url, e.hdrs, e.fp, msg=e.msg) from None
fastcore.net.HTTP401UnauthorizedError: HTTP Error 401: Unauthorized
====Error Body====
{
  "message": "Bad credentials",
  "documentation_url": "https://docs.github.com/rest",
  "status": "401"
}


The above exception was the direct cause of the following exception:

Traceback (most recent call last):
  File "/var/lib/juju/agents/unit-test-hpp4nyou-0/charm/./src/charm.py", line 155, in func_with_catch_errors
    func(self, event)
  File "/var/lib/juju/agents/unit-test-hpp4nyou-0/charm/./src/charm.py", line 757, in _on_reconcile_runners
    self._trigger_reconciliation()
  File "/var/lib/juju/agents/unit-test-hpp4nyou-0/charm/./src/charm.py", line 778, in _trigger_reconciliation
    self._reconcile_openstack_runners(runner_scaler, state.runner_config.virtual_machines)
  File "/var/lib/juju/agents/unit-test-hpp4nyou-0/charm/./src/charm.py", line 1009, in _reconcile_openstack_runners
    runner_scaler.reconcile(num)
  File "/var/lib/juju/agents/unit-test-hpp4nyou-0/charm/venv/github_runner_manager/manager/runner_scaler.py", line 195, in reconcile
    runner_list = self._manager.get_runners()
  File "/var/lib/juju/agents/unit-test-hpp4nyou-0/charm/venv/github_runner_manager/manager/runner_manager.py", line 159, in get_runners
    github_infos = self._github.get_runners(github_states)
  File "/var/lib/juju/agents/unit-test-hpp4nyou-0/charm/venv/github_runner_manager/manager/github_runner_manager.py", line 74, in get_runners
    runner_list = self.github.get_runner_github_info(self._path)
  File "/var/lib/juju/agents/unit-test-hpp4nyou-0/charm/venv/github_runner_manager/github_client.py", line 71, in wrapper
    raise TokenError(msg) from exc
github_runner_manager.errors.TokenError: Invalid token.
unit-test-hpp4nyou-0: 08:10:38 ERROR unit.test-hpp4nyou/0.juju-log Issue with GitHub token
Traceback (most recent call last):
  File "/var/lib/juju/agents/unit-test-hpp4nyou-0/charm/venv/github_runner_manager/github_client.py", line 64, in wrapper
    return func(*args, **kwargs)
  File "/var/lib/juju/agents/unit-test-hpp4nyou-0/charm/venv/github_runner_manager/github_client.py", line 105, in get_runner_github_info
    self._client.actions.list_self_hosted_runners_for_repo(
  File "/var/lib/juju/agents/unit-test-hpp4nyou-0/charm/venv/ghapi/core.py", line 74, in __call__
    return self.client(self.path, self.verb, headers=headers, decode=self.decode, route=route_p, query=query_p, data=data_p)
  File "/var/lib/juju/agents/unit-test-hpp4nyou-0/charm/venv/ghapi/core.py", line 133, in __call__
    res,self.recv_hdrs = urlsend(path, verb, headers=headers or None, decode=decode, debug=debug, return_headers=True,
  File "/var/lib/juju/agents/unit-test-hpp4nyou-0/charm/venv/fastcore/net.py", line 221, in urlsend
    return urlread(req, decode=decode, return_json=return_json, return_headers=return_headers, timeout=timeout)
  File "/var/lib/juju/agents/unit-test-hpp4nyou-0/charm/venv/fastcore/net.py", line 122, in urlread
    if 400 <= e.code < 500: raise ExceptionsHTTP[e.code](e.url, e.hdrs, e.fp, msg=e.msg) from None
fastcore.net.HTTP401UnauthorizedError: HTTP Error 401: Unauthorized
====Error Body====
{
  "message": "Bad credentials",
  "documentation_url": "https://docs.github.com/rest",
  "status": "401"
}


The above exception was the direct cause of the following exception:

Traceback (most recent call last):
  File "/var/lib/juju/agents/unit-test-hpp4nyou-0/charm/./src/charm.py", line 155, in func_with_catch_errors
    func(self, event)
  File "/var/lib/juju/agents/unit-test-hpp4nyou-0/charm/./src/charm.py", line 757, in _on_reconcile_runners
    self._trigger_reconciliation()
  File "/var/lib/juju/agents/unit-test-hpp4nyou-0/charm/./src/charm.py", line 778, in _trigger_reconciliation
    self._reconcile_openstack_runners(runner_scaler, state.runner_config.virtual_machines)
  File "/var/lib/juju/agents/unit-test-hpp4nyou-0/charm/./src/charm.py", line 1009, in _reconcile_openstack_runners
    runner_scaler.reconcile(num)
  File "/var/lib/juju/agents/unit-test-hpp4nyou-0/charm/venv/github_runner_manager/manager/runner_scaler.py", line 195, in reconcile
    runner_list = self._manager.get_runners()
  File "/var/lib/juju/agents/unit-test-hpp4nyou-0/charm/venv/github_runner_manager/manager/runner_manager.py", line 159, in get_runners
    github_infos = self._github.get_runners(github_states)
  File "/var/lib/juju/agents/unit-test-hpp4nyou-0/charm/venv/github_runner_manager/manager/github_runner_manager.py", line 74, in get_runners
    runner_list = self.github.get_runner_github_info(self._path)
  File "/var/lib/juju/agents/unit-test-hpp4nyou-0/charm/venv/github_runner_manager/github_client.py", line 71, in wrapper
    raise TokenError(msg) from exc
github_runner_manager.errors.TokenError: Invalid token.
unit-test-hpp4nyou-0: 08:16:06 ERROR unit.test-hpp4nyou/0.juju-log Issue with GitHub token
Traceback (most recent call last):
  File "/var/lib/juju/agents/unit-test-hpp4nyou-0/charm/venv/github_runner_manager/github_client.py", line 64, in wrapper
    return func(*args, **kwargs)
  File "/var/lib/juju/agents/unit-test-hpp4nyou-0/charm/venv/github_runner_manager/github_client.py", line 105, in get_runner_github_info
    self._client.actions.list_self_hosted_runners_for_repo(
  File "/var/lib/juju/agents/unit-test-hpp4nyou-0/charm/venv/ghapi/core.py", line 74, in __call__
    return self.client(self.path, self.verb, headers=headers, decode=self.decode, route=route_p, query=query_p, data=data_p)
  File "/var/lib/juju/agents/unit-test-hpp4nyou-0/charm/venv/ghapi/core.py", line 133, in __call__
    res,self.recv_hdrs = urlsend(path, verb, headers=headers or None, decode=decode, debug=debug, return_headers=True,
  File "/var/lib/juju/agents/unit-test-hpp4nyou-0/charm/venv/fastcore/net.py", line 221, in urlsend
    return urlread(req, decode=decode, return_json=return_json, return_headers=return_headers, timeout=timeout)
  File "/var/lib/juju/agents/unit-test-hpp4nyou-0/charm/venv/fastcore/net.py", line 122, in urlread
    if 400 <= e.code < 500: raise ExceptionsHTTP[e.code](e.url, e.hdrs, e.fp, msg=e.msg) from None
fastcore.net.HTTP401UnauthorizedError: HTTP Error 401: Unauthorized
====Error Body====
{
  "message": "Bad credentials",
  "documentation_url": "https://docs.github.com/rest",
  "status": "401"
}


The above exception was the direct cause of the following exception:

Traceback (most recent call last):
  File "/var/lib/juju/agents/unit-test-hpp4nyou-0/charm/./src/charm.py", line 155, in func_with_catch_errors
    func(self, event)
  File "/var/lib/juju/agents/unit-test-hpp4nyou-0/charm/./src/charm.py", line 757, in _on_reconcile_runners
    self._trigger_reconciliation()
  File "/var/lib/juju/agents/unit-test-hpp4nyou-0/charm/./src/charm.py", line 778, in _trigger_reconciliation
    self._reconcile_openstack_runners(runner_scaler, state.runner_config.virtual_machines)
  File "/var/lib/juju/agents/unit-test-hpp4nyou-0/charm/./src/charm.py", line 1009, in _reconcile_openstack_runners
    runner_scaler.reconcile(num)
  File "/var/lib/juju/agents/unit-test-hpp4nyou-0/charm/venv/github_runner_manager/manager/runner_scaler.py", line 195, in reconcile
    runner_list = self._manager.get_runners()
  File "/var/lib/juju/agents/unit-test-hpp4nyou-0/charm/venv/github_runner_manager/manager/runner_manager.py", line 159, in get_runners
    github_infos = self._github.get_runners(github_states)
  File "/var/lib/juju/agents/unit-test-hpp4nyou-0/charm/venv/github_runner_manager/manager/github_runner_manager.py", line 74, in get_runners
    runner_list = self.github.get_runner_github_info(self._path)
  File "/var/lib/juju/agents/unit-test-hpp4nyou-0/charm/venv/github_runner_manager/github_client.py", line 71, in wrapper
    raise TokenError(msg) from exc
github_runner_manager.errors.TokenError: Invalid token.
unit-test-hpp4nyou-0: 08:22:06 ERROR unit.test-hpp4nyou/0.juju-log Issue with GitHub token
Traceback (most recent call last):
  File "/var/lib/juju/agents/unit-test-hpp4nyou-0/charm/venv/github_runner_manager/github_client.py", line 64, in wrapper
    return func(*args, **kwargs)
  File "/var/lib/juju/agents/unit-test-hpp4nyou-0/charm/venv/github_runner_manager/github_client.py", line 105, in get_runner_github_info
    self._client.actions.list_self_hosted_runners_for_repo(
  File "/var/lib/juju/agents/unit-test-hpp4nyou-0/charm/venv/ghapi/core.py", line 74, in __call__
    return self.client(self.path, self.verb, headers=headers, decode=self.decode, route=route_p, query=query_p, data=data_p)
  File "/var/lib/juju/agents/unit-test-hpp4nyou-0/charm/venv/ghapi/core.py", line 133, in __call__
    res,self.recv_hdrs = urlsend(path, verb, headers=headers or None, decode=decode, debug=debug, return_headers=True,
  File "/var/lib/juju/agents/unit-test-hpp4nyou-0/charm/venv/fastcore/net.py", line 221, in urlsend
    return urlread(req, decode=decode, return_json=return_json, return_headers=return_headers, timeout=timeout)
  File "/var/lib/juju/agents/unit-test-hpp4nyou-0/charm/venv/fastcore/net.py", line 122, in urlread
    if 400 <= e.code < 500: raise ExceptionsHTTP[e.code](e.url, e.hdrs, e.fp, msg=e.msg) from None
fastcore.net.HTTP401UnauthorizedError: HTTP Error 401: Unauthorized
====Error Body====
{
  "message": "Bad credentials",
  "documentation_url": "https://docs.github.com/rest",
  "status": "401"
}


The above exception was the direct cause of the following exception:

Traceback (most recent call last):
  File "/var/lib/juju/agents/unit-test-hpp4nyou-0/charm/./src/charm.py", line 155, in func_with_catch_errors
    func(self, event)
  File "/var/lib/juju/agents/unit-test-hpp4nyou-0/charm/./src/charm.py", line 757, in _on_reconcile_runners
    self._trigger_reconciliation()
  File "/var/lib/juju/agents/unit-test-hpp4nyou-0/charm/./src/charm.py", line 778, in _trigger_reconciliation
    self._reconcile_openstack_runners(runner_scaler, state.runner_config.virtual_machines)
  File "/var/lib/juju/agents/unit-test-hpp4nyou-0/charm/./src/charm.py", line 1009, in _reconcile_openstack_runners
    runner_scaler.reconcile(num)
  File "/var/lib/juju/agents/unit-test-hpp4nyou-0/charm/venv/github_runner_manager/manager/runner_scaler.py", line 195, in reconcile
    runner_list = self._manager.get_runners()
  File "/var/lib/juju/agents/unit-test-hpp4nyou-0/charm/venv/github_runner_manager/manager/runner_manager.py", line 159, in get_runners
    github_infos = self._github.get_runners(github_states)
  File "/var/lib/juju/agents/unit-test-hpp4nyou-0/charm/venv/github_runner_manager/manager/github_runner_manager.py", line 74, in get_runners
    runner_list = self.github.get_runner_github_info(self._path)
  File "/var/lib/juju/agents/unit-test-hpp4nyou-0/charm/venv/github_runner_manager/github_client.py", line 71, in wrapper
    raise TokenError(msg) from exc
github_runner_manager.errors.TokenError: Invalid token.
unit-test-hpp4nyou-0: 08:27:12 ERROR unit.test-hpp4nyou/0.juju-log Issue with GitHub token
Traceback (most recent call last):
  File "/var/lib/juju/agents/unit-test-hpp4nyou-0/charm/venv/github_runner_manager/github_client.py", line 64, in wrapper
    return func(*args, **kwargs)
  File "/var/lib/juju/agents/unit-test-hpp4nyou-0/charm/venv/github_runner_manager/github_client.py", line 105, in get_runner_github_info
    self._client.actions.list_self_hosted_runners_for_repo(
  File "/var/lib/juju/agents/unit-test-hpp4nyou-0/charm/venv/ghapi/core.py", line 74, in __call__
    return self.client(self.path, self.verb, headers=headers, decode=self.decode, route=route_p, query=query_p, data=data_p)
  File "/var/lib/juju/agents/unit-test-hpp4nyou-0/charm/venv/ghapi/core.py", line 133, in __call__
    res,self.recv_hdrs = urlsend(path, verb, headers=headers or None, decode=decode, debug=debug, return_headers=True,
  File "/var/lib/juju/agents/unit-test-hpp4nyou-0/charm/venv/fastcore/net.py", line 221, in urlsend
    return urlread(req, decode=decode, return_json=return_json, return_headers=return_headers, timeout=timeout)
  File "/var/lib/juju/agents/unit-test-hpp4nyou-0/charm/venv/fastcore/net.py", line 122, in urlread
    if 400 <= e.code < 500: raise ExceptionsHTTP[e.code](e.url, e.hdrs, e.fp, msg=e.msg) from None
fastcore.net.HTTP401UnauthorizedError: HTTP Error 401: Unauthorized
====Error Body====
{
  "message": "Bad credentials",
  "documentation_url": "https://docs.github.com/rest",
  "status": "401"
}


The above exception was the direct cause of the following exception:

Traceback (most recent call last):
  File "/var/lib/juju/agents/unit-test-hpp4nyou-0/charm/./src/charm.py", line 155, in func_with_catch_errors
    func(self, event)
  File "/var/lib/juju/agents/unit-test-hpp4nyou-0/charm/./src/charm.py", line 757, in _on_reconcile_runners
    self._trigger_reconciliation()
  File "/var/lib/juju/agents/unit-test-hpp4nyou-0/charm/./src/charm.py", line 778, in _trigger_reconciliation
    self._reconcile_openstack_runners(runner_scaler, state.runner_config.virtual_machines)
  File "/var/lib/juju/agents/unit-test-hpp4nyou-0/charm/./src/charm.py", line 1009, in _reconcile_openstack_runners
    runner_scaler.reconcile(num)
  File "/var/lib/juju/agents/unit-test-hpp4nyou-0/charm/venv/github_runner_manager/manager/runner_scaler.py", line 195, in reconcile
    runner_list = self._manager.get_runners()
  File "/var/lib/juju/agents/unit-test-hpp4nyou-0/charm/venv/github_runner_manager/manager/runner_manager.py", line 159, in get_runners
    github_infos = self._github.get_runners(github_states)
  File "/var/lib/juju/agents/unit-test-hpp4nyou-0/charm/venv/github_runner_manager/manager/github_runner_manager.py", line 74, in get_runners
    runner_list = self.github.get_runner_github_info(self._path)
  File "/var/lib/juju/agents/unit-test-hpp4nyou-0/charm/venv/github_runner_manager/github_client.py", line 71, in wrapper
    raise TokenError(msg) from exc
github_runner_manager.errors.TokenError: Invalid token.
unit-test-hpp4nyou-0: 08:32:38 ERROR unit.test-hpp4nyou/0.juju-log Issue with GitHub token
Traceback (most recent call last):
  File "/var/lib/juju/agents/unit-test-hpp4nyou-0/charm/venv/github_runner_manager/github_client.py", line 64, in wrapper
    return func(*args, **kwargs)
  File "/var/lib/juju/agents/unit-test-hpp4nyou-0/charm/venv/github_runner_manager/github_client.py", line 105, in get_runner_github_info
    self._client.actions.list_self_hosted_runners_for_repo(
  File "/var/lib/juju/agents/unit-test-hpp4nyou-0/charm/venv/ghapi/core.py", line 74, in __call__
    return self.client(self.path, self.verb, headers=headers, decode=self.decode, route=route_p, query=query_p, data=data_p)
  File "/var/lib/juju/agents/unit-test-hpp4nyou-0/charm/venv/ghapi/core.py", line 133, in __call__
    res,self.recv_hdrs = urlsend(path, verb, headers=headers or None, decode=decode, debug=debug, return_headers=True,
  File "/var/lib/juju/agents/unit-test-hpp4nyou-0/charm/venv/fastcore/net.py", line 221, in urlsend
    return urlread(req, decode=decode, return_json=return_json, return_headers=return_headers, timeout=timeout)
  File "/var/lib/juju/agents/unit-test-hpp4nyou-0/charm/venv/fastcore/net.py", line 122, in urlread
    if 400 <= e.code < 500: raise ExceptionsHTTP[e.code](e.url, e.hdrs, e.fp, msg=e.msg) from None
fastcore.net.HTTP401UnauthorizedError: HTTP Error 401: Unauthorized
====Error Body====
{
  "message": "Bad credentials",
  "documentation_url": "https://docs.github.com/rest",
  "status": "401"
}


The above exception was the direct cause of the following exception:

Traceback (most recent call last):
  File "/var/lib/juju/agents/unit-test-hpp4nyou-0/charm/./src/charm.py", line 155, in func_with_catch_errors
    func(self, event)
  File "/var/lib/juju/agents/unit-test-hpp4nyou-0/charm/./src/charm.py", line 757, in _on_reconcile_runners
    self._trigger_reconciliation()
  File "/var/lib/juju/agents/unit-test-hpp4nyou-0/charm/./src/charm.py", line 778, in _trigger_reconciliation
    self._reconcile_openstack_runners(runner_scaler, state.runner_config.virtual_machines)
  File "/var/lib/juju/agents/unit-test-hpp4nyou-0/charm/./src/charm.py", line 1009, in _reconcile_openstack_runners
    runner_scaler.reconcile(num)
  File "/var/lib/juju/agents/unit-test-hpp4nyou-0/charm/venv/github_runner_manager/manager/runner_scaler.py", line 195, in reconcile
    runner_list = self._manager.get_runners()
  File "/var/lib/juju/agents/unit-test-hpp4nyou-0/charm/venv/github_runner_manager/manager/runner_manager.py", line 159, in get_runners
    github_infos = self._github.get_runners(github_states)
  File "/var/lib/juju/agents/unit-test-hpp4nyou-0/charm/venv/github_runner_manager/manager/github_runner_manager.py", line 74, in get_runners
    runner_list = self.github.get_runner_github_info(self._path)
  File "/var/lib/juju/agents/unit-test-hpp4nyou-0/charm/venv/github_runner_manager/github_client.py", line 71, in wrapper
    raise TokenError(msg) from exc
github_runner_manager.errors.TokenError: Invalid token.
unit-test-hpp4nyou-0: 08:38:18 ERROR unit.test-hpp4nyou/0.juju-log Issue with GitHub token
Traceback (most recent call last):
  File "/var/lib/juju/agents/unit-test-hpp4nyou-0/charm/venv/github_runner_manager/github_client.py", line 64, in wrapper
    return func(*args, **kwargs)
  File "/var/lib/juju/agents/unit-test-hpp4nyou-0/charm/venv/github_runner_manager/github_client.py", line 105, in get_runner_github_info
    self._client.actions.list_self_hosted_runners_for_repo(
  File "/var/lib/juju/agents/unit-test-hpp4nyou-0/charm/venv/ghapi/core.py", line 74, in __call__
    return self.client(self.path, self.verb, headers=headers, decode=self.decode, route=route_p, query=query_p, data=data_p)
  File "/var/lib/juju/agents/unit-test-hpp4nyou-0/charm/venv/ghapi/core.py", line 133, in __call__
    res,self.recv_hdrs = urlsend(path, verb, headers=headers or None, decode=decode, debug=debug, return_headers=True,
  File "/var/lib/juju/agents/unit-test-hpp4nyou-0/charm/venv/fastcore/net.py", line 221, in urlsend
    return urlread(req, decode=decode, return_json=return_json, return_headers=return_headers, timeout=timeout)
  File "/var/lib/juju/agents/unit-test-hpp4nyou-0/charm/venv/fastcore/net.py", line 122, in urlread
    if 400 <= e.code < 500: raise ExceptionsHTTP[e.code](e.url, e.hdrs, e.fp, msg=e.msg) from None
fastcore.net.HTTP401UnauthorizedError: HTTP Error 401: Unauthorized
====Error Body====
{
  "message": "Bad credentials",
  "documentation_url": "https://docs.github.com/rest",
  "status": "401"
}


The above exception was the direct cause of the following exception:

Traceback (most recent call last):
  File "/var/lib/juju/agents/unit-test-hpp4nyou-0/charm/./src/charm.py", line 155, in func_with_catch_errors
    func(self, event)
  File "/var/lib/juju/agents/unit-test-hpp4nyou-0/charm/./src/charm.py", line 757, in _on_reconcile_runners
    self._trigger_reconciliation()
  File "/var/lib/juju/agents/unit-test-hpp4nyou-0/charm/./src/charm.py", line 778, in _trigger_reconciliation
    self._reconcile_openstack_runners(runner_scaler, state.runner_config.virtual_machines)
  File "/var/lib/juju/agents/unit-test-hpp4nyou-0/charm/./src/charm.py", line 1009, in _reconcile_openstack_runners
    runner_scaler.reconcile(num)
  File "/var/lib/juju/agents/unit-test-hpp4nyou-0/charm/venv/github_runner_manager/manager/runner_scaler.py", line 195, in reconcile
    runner_list = self._manager.get_runners()
  File "/var/lib/juju/agents/unit-test-hpp4nyou-0/charm/venv/github_runner_manager/manager/runner_manager.py", line 159, in get_runners
    github_infos = self._github.get_runners(github_states)
  File "/var/lib/juju/agents/unit-test-hpp4nyou-0/charm/venv/github_runner_manager/manager/github_runner_manager.py", line 74, in get_runners
    runner_list = self.github.get_runner_github_info(self._path)
  File "/var/lib/juju/agents/unit-test-hpp4nyou-0/charm/venv/github_runner_manager/github_client.py", line 71, in wrapper
    raise TokenError(msg) from exc
github_runner_manager.errors.TokenError: Invalid token.
unit-test-hpp4nyou-0: 08:43:44 ERROR unit.test-hpp4nyou/0.juju-log Issue with GitHub token
Traceback (most recent call last):
  File "/var/lib/juju/agents/unit-test-hpp4nyou-0/charm/venv/github_runner_manager/github_client.py", line 64, in wrapper
    return func(*args, **kwargs)
  File "/var/lib/juju/agents/unit-test-hpp4nyou-0/charm/venv/github_runner_manager/github_client.py", line 105, in get_runner_github_info
    self._client.actions.list_self_hosted_runners_for_repo(
  File "/var/lib/juju/agents/unit-test-hpp4nyou-0/charm/venv/ghapi/core.py", line 74, in __call__
    return self.client(self.path, self.verb, headers=headers, decode=self.decode, route=route_p, query=query_p, data=data_p)
  File "/var/lib/juju/agents/unit-test-hpp4nyou-0/charm/venv/ghapi/core.py", line 133, in __call__
    res,self.recv_hdrs = urlsend(path, verb, headers=headers or None, decode=decode, debug=debug, return_headers=True,
  File "/var/lib/juju/agents/unit-test-hpp4nyou-0/charm/venv/fastcore/net.py", line 221, in urlsend
    return urlread(req, decode=decode, return_json=return_json, return_headers=return_headers, timeout=timeout)
  File "/var/lib/juju/agents/unit-test-hpp4nyou-0/charm/venv/fastcore/net.py", line 122, in urlread
    if 400 <= e.code < 500: raise ExceptionsHTTP[e.code](e.url, e.hdrs, e.fp, msg=e.msg) from None
fastcore.net.HTTP401UnauthorizedError: HTTP Error 401: Unauthorized
====Error Body====
{
  "message": "Bad credentials",
  "documentation_url": "https://docs.github.com/rest",
  "status": "401"
}


The above exception was the direct cause of the following exception:

Traceback (most recent call last):
  File "/var/lib/juju/agents/unit-test-hpp4nyou-0/charm/./src/charm.py", line 155, in func_with_catch_errors
    func(self, event)
  File "/var/lib/juju/agents/unit-test-hpp4nyou-0/charm/./src/charm.py", line 757, in _on_reconcile_runners
    self._trigger_reconciliation()
  File "/var/lib/juju/agents/unit-test-hpp4nyou-0/charm/./src/charm.py", line 778, in _trigger_reconciliation
    self._reconcile_openstack_runners(runner_scaler, state.runner_config.virtual_machines)
  File "/var/lib/juju/agents/unit-test-hpp4nyou-0/charm/./src/charm.py", line 1009, in _reconcile_openstack_runners
    runner_scaler.reconcile(num)
  File "/var/lib/juju/agents/unit-test-hpp4nyou-0/charm/venv/github_runner_manager/manager/runner_scaler.py", line 195, in reconcile
    runner_list = self._manager.get_runners()
  File "/var/lib/juju/agents/unit-test-hpp4nyou-0/charm/venv/github_runner_manager/manager/runner_manager.py", line 159, in get_runners
    github_infos = self._github.get_runners(github_states)
  File "/var/lib/juju/agents/unit-test-hpp4nyou-0/charm/venv/github_runner_manager/manager/github_runner_manager.py", line 74, in get_runners
    runner_list = self.github.get_runner_github_info(self._path)
  File "/var/lib/juju/agents/unit-test-hpp4nyou-0/charm/venv/github_runner_manager/github_client.py", line 71, in wrapper
    raise TokenError(msg) from exc
github_runner_manager.errors.TokenError: Invalid token.
unit-test-hpp4nyou-0: 08:49:38 ERROR unit.test-hpp4nyou/0.juju-log Issue with GitHub token
Traceback (most recent call last):
  File "/var/lib/juju/agents/unit-test-hpp4nyou-0/charm/venv/github_runner_manager/github_client.py", line 64, in wrapper
    return func(*args, **kwargs)
  File "/var/lib/juju/agents/unit-test-hpp4nyou-0/charm/venv/github_runner_manager/github_client.py", line 105, in get_runner_github_info
    self._client.actions.list_self_hosted_runners_for_repo(
  File "/var/lib/juju/agents/unit-test-hpp4nyou-0/charm/venv/ghapi/core.py", line 74, in __call__
    return self.client(self.path, self.verb, headers=headers, decode=self.decode, route=route_p, query=query_p, data=data_p)
  File "/var/lib/juju/agents/unit-test-hpp4nyou-0/charm/venv/ghapi/core.py", line 133, in __call__
    res,self.recv_hdrs = urlsend(path, verb, headers=headers or None, decode=decode, debug=debug, return_headers=True,
  File "/var/lib/juju/agents/unit-test-hpp4nyou-0/charm/venv/fastcore/net.py", line 221, in urlsend
    return urlread(req, decode=decode, return_json=return_json, return_headers=return_headers, timeout=timeout)
  File "/var/lib/juju/agents/unit-test-hpp4nyou-0/charm/venv/fastcore/net.py", line 122, in urlread
    if 400 <= e.code < 500: raise ExceptionsHTTP[e.code](e.url, e.hdrs, e.fp, msg=e.msg) from None
fastcore.net.HTTP401UnauthorizedError: HTTP Error 401: Unauthorized
====Error Body====
{
  "message": "Bad credentials",
  "documentation_url": "https://docs.github.com/rest",
  "status": "401"
}


The above exception was the direct cause of the following exception:

Traceback (most recent call last):
  File "/var/lib/juju/agents/unit-test-hpp4nyou-0/charm/./src/charm.py", line 155, in func_with_catch_errors
    func(self, event)
  File "/var/lib/juju/agents/unit-test-hpp4nyou-0/charm/./src/charm.py", line 757, in _on_reconcile_runners
    self._trigger_reconciliation()
  File "/var/lib/juju/agents/unit-test-hpp4nyou-0/charm/./src/charm.py", line 778, in _trigger_reconciliation
    self._reconcile_openstack_runners(runner_scaler, state.runner_config.virtual_machines)
  File "/var/lib/juju/agents/unit-test-hpp4nyou-0/charm/./src/charm.py", line 1009, in _reconcile_openstack_runners
    runner_scaler.reconcile(num)
  File "/var/lib/juju/agents/unit-test-hpp4nyou-0/charm/venv/github_runner_manager/manager/runner_scaler.py", line 195, in reconcile
    runner_list = self._manager.get_runners()
  File "/var/lib/juju/agents/unit-test-hpp4nyou-0/charm/venv/github_runner_manager/manager/runner_manager.py", line 159, in get_runners
    github_infos = self._github.get_runners(github_states)
  File "/var/lib/juju/agents/unit-test-hpp4nyou-0/charm/venv/github_runner_manager/manager/github_runner_manager.py", line 74, in get_runners
    runner_list = self.github.get_runner_github_info(self._path)
  File "/var/lib/juju/agents/unit-test-hpp4nyou-0/charm/venv/github_runner_manager/github_client.py", line 71, in wrapper
    raise TokenError(msg) from exc
github_runner_manager.errors.TokenError: Invalid token.
unit-test-hpp4nyou-0: 08:56:06 ERROR unit.test-hpp4nyou/0.juju-log Issue with GitHub token
Traceback (most recent call last):
  File "/var/lib/juju/agents/unit-test-hpp4nyou-0/charm/venv/github_runner_manager/github_client.py", line 64, in wrapper
    return func(*args, **kwargs)
  File "/var/lib/juju/agents/unit-test-hpp4nyou-0/charm/venv/github_runner_manager/github_client.py", line 105, in get_runner_github_info
    self._client.actions.list_self_hosted_runners_for_repo(
  File "/var/lib/juju/agents/unit-test-hpp4nyou-0/charm/venv/ghapi/core.py", line 74, in __call__
    return self.client(self.path, self.verb, headers=headers, decode=self.decode, route=route_p, query=query_p, data=data_p)
  File "/var/lib/juju/agents/unit-test-hpp4nyou-0/charm/venv/ghapi/core.py", line 133, in __call__
    res,self.recv_hdrs = urlsend(path, verb, headers=headers or None, decode=decode, debug=debug, return_headers=True,
  File "/var/lib/juju/agents/unit-test-hpp4nyou-0/charm/venv/fastcore/net.py", line 221, in urlsend
    return urlread(req, decode=decode, return_json=return_json, return_headers=return_headers, timeout=timeout)
  File "/var/lib/juju/agents/unit-test-hpp4nyou-0/charm/venv/fastcore/net.py", line 122, in urlread
    if 400 <= e.code < 500: raise ExceptionsHTTP[e.code](e.url, e.hdrs, e.fp, msg=e.msg) from None
fastcore.net.HTTP401UnauthorizedError: HTTP Error 401: Unauthorized
====Error Body====
{
  "message": "Bad credentials",
  "documentation_url": "https://docs.github.com/rest",
  "status": "401"
}


The above exception was the direct cause of the following exception:

Traceback (most recent call last):
  File "/var/lib/juju/agents/unit-test-hpp4nyou-0/charm/./src/charm.py", line 155, in func_with_catch_errors
    func(self, event)
  File "/var/lib/juju/agents/unit-test-hpp4nyou-0/charm/./src/charm.py", line 757, in _on_reconcile_runners
    self._trigger_reconciliation()
  File "/var/lib/juju/agents/unit-test-hpp4nyou-0/charm/./src/charm.py", line 778, in _trigger_reconciliation
    self._reconcile_openstack_runners(runner_scaler, state.runner_config.virtual_machines)
  File "/var/lib/juju/agents/unit-test-hpp4nyou-0/charm/./src/charm.py", line 1009, in _reconcile_openstack_runners
    runner_scaler.reconcile(num)
  File "/var/lib/juju/agents/unit-test-hpp4nyou-0/charm/venv/github_runner_manager/manager/runner_scaler.py", line 195, in reconcile
    runner_list = self._manager.get_runners()
  File "/var/lib/juju/agents/unit-test-hpp4nyou-0/charm/venv/github_runner_manager/manager/runner_manager.py", line 159, in get_runners
    github_infos = self._github.get_runners(github_states)
  File "/var/lib/juju/agents/unit-test-hpp4nyou-0/charm/venv/github_runner_manager/manager/github_runner_manager.py", line 74, in get_runners
    runner_list = self.github.get_runner_github_info(self._path)
  File "/var/lib/juju/agents/unit-test-hpp4nyou-0/charm/venv/github_runner_manager/github_client.py", line 71, in wrapper
    raise TokenError(msg) from exc
github_runner_manager.errors.TokenError: Invalid token.
unit-test-hpp4nyou-0: 09:02:06 ERROR unit.test-hpp4nyou/0.juju-log Issue with GitHub token
Traceback (most recent call last):
  File "/var/lib/juju/agents/unit-test-hpp4nyou-0/charm/venv/github_runner_manager/github_client.py", line 64, in wrapper
    return func(*args, **kwargs)
  File "/var/lib/juju/agents/unit-test-hpp4nyou-0/charm/venv/github_runner_manager/github_client.py", line 105, in get_runner_github_info
    self._client.actions.list_self_hosted_runners_for_repo(
  File "/var/lib/juju/agents/unit-test-hpp4nyou-0/charm/venv/ghapi/core.py", line 74, in __call__
    return self.client(self.path, self.verb, headers=headers, decode=self.decode, route=route_p, query=query_p, data=data_p)
  File "/var/lib/juju/agents/unit-test-hpp4nyou-0/charm/venv/ghapi/core.py", line 133, in __call__
    res,self.recv_hdrs = urlsend(path, verb, headers=headers or None, decode=decode, debug=debug, return_headers=True,
  File "/var/lib/juju/agents/unit-test-hpp4nyou-0/charm/venv/fastcore/net.py", line 221, in urlsend
    return urlread(req, decode=decode, return_json=return_json, return_headers=return_headers, timeout=timeout)
  File "/var/lib/juju/agents/unit-test-hpp4nyou-0/charm/venv/fastcore/net.py", line 122, in urlread
    if 400 <= e.code < 500: raise ExceptionsHTTP[e.code](e.url, e.hdrs, e.fp, msg=e.msg) from None
fastcore.net.HTTP401UnauthorizedError: HTTP Error 401: Unauthorized
====Error Body====
{
  "message": "Bad credentials",
  "documentation_url": "https://docs.github.com/rest",
  "status": "401"
}


The above exception was the direct cause of the following exception:

Traceback (most recent call last):
  File "/var/lib/juju/agents/unit-test-hpp4nyou-0/charm/./src/charm.py", line 155, in func_with_catch_errors
    func(self, event)
  File "/var/lib/juju/agents/unit-test-hpp4nyou-0/charm/./src/charm.py", line 757, in _on_reconcile_runners
    self._trigger_reconciliation()
  File "/var/lib/juju/agents/unit-test-hpp4nyou-0/charm/./src/charm.py", line 778, in _trigger_reconciliation
    self._reconcile_openstack_runners(runner_scaler, state.runner_config.virtual_machines)
  File "/var/lib/juju/agents/unit-test-hpp4nyou-0/charm/./src/charm.py", line 1009, in _reconcile_openstack_runners
    runner_scaler.reconcile(num)
  File "/var/lib/juju/agents/unit-test-hpp4nyou-0/charm/venv/github_runner_manager/manager/runner_scaler.py", line 195, in reconcile
    runner_list = self._manager.get_runners()
  File "/var/lib/juju/agents/unit-test-hpp4nyou-0/charm/venv/github_runner_manager/manager/runner_manager.py", line 159, in get_runners
    github_infos = self._github.get_runners(github_states)
  File "/var/lib/juju/agents/unit-test-hpp4nyou-0/charm/venv/github_runner_manager/manager/github_runner_manager.py", line 74, in get_runners
    runner_list = self.github.get_runner_github_info(self._path)
  File "/var/lib/juju/agents/unit-test-hpp4nyou-0/charm/venv/github_runner_manager/github_client.py", line 71, in wrapper
    raise TokenError(msg) from exc
github_runner_manager.errors.TokenError: Invalid token.
unit-test-hpp4nyou-0: 09:08:06 ERROR unit.test-hpp4nyou/0.juju-log Issue with GitHub token
Traceback (most recent call last):
  File "/var/lib/juju/agents/unit-test-hpp4nyou-0/charm/venv/github_runner_manager/github_client.py", line 64, in wrapper
    return func(*args, **kwargs)
  File "/var/lib/juju/agents/unit-test-hpp4nyou-0/charm/venv/github_runner_manager/github_client.py", line 105, in get_runner_github_info
    self._client.actions.list_self_hosted_runners_for_repo(
  File "/var/lib/juju/agents/unit-test-hpp4nyou-0/charm/venv/ghapi/core.py", line 74, in __call__
    return self.client(self.path, self.verb, headers=headers, decode=self.decode, route=route_p, query=query_p, data=data_p)
  File "/var/lib/juju/agents/unit-test-hpp4nyou-0/charm/venv/ghapi/core.py", line 133, in __call__
    res,self.recv_hdrs = urlsend(path, verb, headers=headers or None, decode=decode, debug=debug, return_headers=True,
  File "/var/lib/juju/agents/unit-test-hpp4nyou-0/charm/venv/fastcore/net.py", line 221, in urlsend
    return urlread(req, decode=decode, return_json=return_json, return_headers=return_headers, timeout=timeout)
  File "/var/lib/juju/agents/unit-test-hpp4nyou-0/charm/venv/fastcore/net.py", line 122, in urlread
    if 400 <= e.code < 500: raise ExceptionsHTTP[e.code](e.url, e.hdrs, e.fp, msg=e.msg) from None
fastcore.net.HTTP401UnauthorizedError: HTTP Error 401: Unauthorized
====Error Body====
{
  "message": "Bad credentials",
  "documentation_url": "https://docs.github.com/rest",
  "status": "401"
}


The above exception was the direct cause of the following exception:

Traceback (most recent call last):
  File "/var/lib/juju/agents/unit-test-hpp4nyou-0/charm/./src/charm.py", line 155, in func_with_catch_errors
    func(self, event)
  File "/var/lib/juju/agents/unit-test-hpp4nyou-0/charm/./src/charm.py", line 757, in _on_reconcile_runners
    self._trigger_reconciliation()
  File "/var/lib/juju/agents/unit-test-hpp4nyou-0/charm/./src/charm.py", line 778, in _trigger_reconciliation
    self._reconcile_openstack_runners(runner_scaler, state.runner_config.virtual_machines)
  File "/var/lib/juju/agents/unit-test-hpp4nyou-0/charm/./src/charm.py", line 1009, in _reconcile_openstack_runners
    runner_scaler.reconcile(num)
  File "/var/lib/juju/agents/unit-test-hpp4nyou-0/charm/venv/github_runner_manager/manager/runner_scaler.py", line 195, in reconcile
    runner_list = self._manager.get_runners()
  File "/var/lib/juju/agents/unit-test-hpp4nyou-0/charm/venv/github_runner_manager/manager/runner_manager.py", line 159, in get_runners
    github_infos = self._github.get_runners(github_states)
  File "/var/lib/juju/agents/unit-test-hpp4nyou-0/charm/venv/github_runner_manager/manager/github_runner_manager.py", line 74, in get_runners
    runner_list = self.github.get_runner_github_info(self._path)
  File "/var/lib/juju/agents/unit-test-hpp4nyou-0/charm/venv/github_runner_manager/github_client.py", line 71, in wrapper
    raise TokenError(msg) from exc
github_runner_manager.errors.TokenError: Invalid token.
unit-test-hpp4nyou-0: 09:13:38 ERROR unit.test-hpp4nyou/0.juju-log Issue with GitHub token
Traceback (most recent call last):
  File "/var/lib/juju/agents/unit-test-hpp4nyou-0/charm/venv/github_runner_manager/github_client.py", line 64, in wrapper
    return func(*args, **kwargs)
  File "/var/lib/juju/agents/unit-test-hpp4nyou-0/charm/venv/github_runner_manager/github_client.py", line 105, in get_runner_github_info
    self._client.actions.list_self_hosted_runners_for_repo(
  File "/var/lib/juju/agents/unit-test-hpp4nyou-0/charm/venv/ghapi/core.py", line 74, in __call__
    return self.client(self.path, self.verb, headers=headers, decode=self.decode, route=route_p, query=query_p, data=data_p)
  File "/var/lib/juju/agents/unit-test-hpp4nyou-0/charm/venv/ghapi/core.py", line 133, in __call__
    res,self.recv_hdrs = urlsend(path, verb, headers=headers or None, decode=decode, debug=debug, return_headers=True,
  File "/var/lib/juju/agents/unit-test-hpp4nyou-0/charm/venv/fastcore/net.py", line 221, in urlsend
    return urlread(req, decode=decode, return_json=return_json, return_headers=return_headers, timeout=timeout)
  File "/var/lib/juju/agents/unit-test-hpp4nyou-0/charm/venv/fastcore/net.py", line 122, in urlread
    if 400 <= e.code < 500: raise ExceptionsHTTP[e.code](e.url, e.hdrs, e.fp, msg=e.msg) from None
fastcore.net.HTTP401UnauthorizedError: HTTP Error 401: Unauthorized
====Error Body====
{
  "message": "Bad credentials",
  "documentation_url": "https://docs.github.com/rest",
  "status": "401"
}


The above exception was the direct cause of the following exception:

Traceback (most recent call last):
  File "/var/lib/juju/agents/unit-test-hpp4nyou-0/charm/./src/charm.py", line 155, in func_with_catch_errors
    func(self, event)
  File "/var/lib/juju/agents/unit-test-hpp4nyou-0/charm/./src/charm.py", line 757, in _on_reconcile_runners
    self._trigger_reconciliation()
  File "/var/lib/juju/agents/unit-test-hpp4nyou-0/charm/./src/charm.py", line 778, in _trigger_reconciliation
    self._reconcile_openstack_runners(runner_scaler, state.runner_config.virtual_machines)
  File "/var/lib/juju/agents/unit-test-hpp4nyou-0/charm/./src/charm.py", line 1009, in _reconcile_openstack_runners
    runner_scaler.reconcile(num)
  File "/var/lib/juju/agents/unit-test-hpp4nyou-0/charm/venv/github_runner_manager/manager/runner_scaler.py", line 195, in reconcile
    runner_list = self._manager.get_runners()
  File "/var/lib/juju/agents/unit-test-hpp4nyou-0/charm/venv/github_runner_manager/manager/runner_manager.py", line 159, in get_runners
    github_infos = self._github.get_runners(github_states)
  File "/var/lib/juju/agents/unit-test-hpp4nyou-0/charm/venv/github_runner_manager/manager/github_runner_manager.py", line 74, in get_runners
    runner_list = self.github.get_runner_github_info(self._path)
  File "/var/lib/juju/agents/unit-test-hpp4nyou-0/charm/venv/github_runner_manager/github_client.py", line 71, in wrapper
    raise TokenError(msg) from exc
github_runner_manager.errors.TokenError: Invalid token.
unit-test-hpp4nyou-0: 09:19:06 ERROR unit.test-hpp4nyou/0.juju-log Issue with GitHub token
Traceback (most recent call last):
  File "/var/lib/juju/agents/unit-test-hpp4nyou-0/charm/venv/github_runner_manager/github_client.py", line 64, in wrapper
    return func(*args, **kwargs)
  File "/var/lib/juju/agents/unit-test-hpp4nyou-0/charm/venv/github_runner_manager/github_client.py", line 105, in get_runner_github_info
    self._client.actions.list_self_hosted_runners_for_repo(
  File "/var/lib/juju/agents/unit-test-hpp4nyou-0/charm/venv/ghapi/core.py", line 74, in __call__
    return self.client(self.path, self.verb, headers=headers, decode=self.decode, route=route_p, query=query_p, data=data_p)
  File "/var/lib/juju/agents/unit-test-hpp4nyou-0/charm/venv/ghapi/core.py", line 133, in __call__
    res,self.recv_hdrs = urlsend(path, verb, headers=headers or None, decode=decode, debug=debug, return_headers=True,
  File "/var/lib/juju/agents/unit-test-hpp4nyou-0/charm/venv/fastcore/net.py", line 221, in urlsend
    return urlread(req, decode=decode, return_json=return_json, return_headers=return_headers, timeout=timeout)
  File "/var/lib/juju/agents/unit-test-hpp4nyou-0/charm/venv/fastcore/net.py", line 122, in urlread
    if 400 <= e.code < 500: raise ExceptionsHTTP[e.code](e.url, e.hdrs, e.fp, msg=e.msg) from None
fastcore.net.HTTP401UnauthorizedError: HTTP Error 401: Unauthorized
====Error Body====
{
  "message": "Bad credentials",
  "documentation_url": "https://docs.github.com/rest",
  "status": "401"
}


The above exception was the direct cause of the following exception:

Traceback (most recent call last):
  File "/var/lib/juju/agents/unit-test-hpp4nyou-0/charm/./src/charm.py", line 155, in func_with_catch_errors
    func(self, event)
  File "/var/lib/juju/agents/unit-test-hpp4nyou-0/charm/./src/charm.py", line 757, in _on_reconcile_runners
    self._trigger_reconciliation()
  File "/var/lib/juju/agents/unit-test-hpp4nyou-0/charm/./src/charm.py", line 778, in _trigger_reconciliation
    self._reconcile_openstack_runners(runner_scaler, state.runner_config.virtual_machines)
  File "/var/lib/juju/agents/unit-test-hpp4nyou-0/charm/./src/charm.py", line 1009, in _reconcile_openstack_runners
    runner_scaler.reconcile(num)
  File "/var/lib/juju/agents/unit-test-hpp4nyou-0/charm/venv/github_runner_manager/manager/runner_scaler.py", line 195, in reconcile
    runner_list = self._manager.get_runners()
  File "/var/lib/juju/agents/unit-test-hpp4nyou-0/charm/venv/github_runner_manager/manager/runner_manager.py", line 159, in get_runners
    github_infos = self._github.get_runners(github_states)
  File "/var/lib/juju/agents/unit-test-hpp4nyou-0/charm/venv/github_runner_manager/manager/github_runner_manager.py", line 74, in get_runners
    runner_list = self.github.get_runner_github_info(self._path)
  File "/var/lib/juju/agents/unit-test-hpp4nyou-0/charm/venv/github_runner_manager/github_client.py", line 71, in wrapper
    raise TokenError(msg) from exc
github_runner_manager.errors.TokenError: Invalid token.
unit-test-hpp4nyou-0: 09:24:38 ERROR unit.test-hpp4nyou/0.juju-log Issue with GitHub token
Traceback (most recent call last):
  File "/var/lib/juju/agents/unit-test-hpp4nyou-0/charm/venv/github_runner_manager/github_client.py", line 64, in wrapper
    return func(*args, **kwargs)
  File "/var/lib/juju/agents/unit-test-hpp4nyou-0/charm/venv/github_runner_manager/github_client.py", line 105, in get_runner_github_info
    self._client.actions.list_self_hosted_runners_for_repo(
  File "/var/lib/juju/agents/unit-test-hpp4nyou-0/charm/venv/ghapi/core.py", line 74, in __call__
    return self.client(self.path, self.verb, headers=headers, decode=self.decode, route=route_p, query=query_p, data=data_p)
  File "/var/lib/juju/agents/unit-test-hpp4nyou-0/charm/venv/ghapi/core.py", line 133, in __call__
    res,self.recv_hdrs = urlsend(path, verb, headers=headers or None, decode=decode, debug=debug, return_headers=True,
  File "/var/lib/juju/agents/unit-test-hpp4nyou-0/charm/venv/fastcore/net.py", line 221, in urlsend
    return urlread(req, decode=decode, return_json=return_json, return_headers=return_headers, timeout=timeout)
  File "/var/lib/juju/agents/unit-test-hpp4nyou-0/charm/venv/fastcore/net.py", line 122, in urlread
    if 400 <= e.code < 500: raise ExceptionsHTTP[e.code](e.url, e.hdrs, e.fp, msg=e.msg) from None
fastcore.net.HTTP401UnauthorizedError: HTTP Error 401: Unauthorized
====Error Body====
{
  "message": "Bad credentials",
  "documentation_url": "https://docs.github.com/rest",
  "status": "401"
}


The above exception was the direct cause of the following exception:

Traceback (most recent call last):
  File "/var/lib/juju/agents/unit-test-hpp4nyou-0/charm/./src/charm.py", line 155, in func_with_catch_errors
    func(self, event)
  File "/var/lib/juju/agents/unit-test-hpp4nyou-0/charm/./src/charm.py", line 757, in _on_reconcile_runners
    self._trigger_reconciliation()
  File "/var/lib/juju/agents/unit-test-hpp4nyou-0/charm/./src/charm.py", line 778, in _trigger_reconciliation
    self._reconcile_openstack_runners(runner_scaler, state.runner_config.virtual_machines)
  File "/var/lib/juju/agents/unit-test-hpp4nyou-0/charm/./src/charm.py", line 1009, in _reconcile_openstack_runners
    runner_scaler.reconcile(num)
  File "/var/lib/juju/agents/unit-test-hpp4nyou-0/charm/venv/github_runner_manager/manager/runner_scaler.py", line 195, in reconcile
    runner_list = self._manager.get_runners()
  File "/var/lib/juju/agents/unit-test-hpp4nyou-0/charm/venv/github_runner_manager/manager/runner_manager.py", line 159, in get_runners
    github_infos = self._github.get_runners(github_states)
  File "/var/lib/juju/agents/unit-test-hpp4nyou-0/charm/venv/github_runner_manager/manager/github_runner_manager.py", line 74, in get_runners
    runner_list = self.github.get_runner_github_info(self._path)
  File "/var/lib/juju/agents/unit-test-hpp4nyou-0/charm/venv/github_runner_manager/github_client.py", line 71, in wrapper
    raise TokenError(msg) from exc
github_runner_manager.errors.TokenError: Invalid token.

INFO     pytest_operator.plugin:plugin.py:1017 Forgetting model main...