12:37:28 WARNING unexpected facade SSHServer received from the controller
12:37:28 INFO Adding model github-pr-c6dfb-lxd:test-charm-fork-repo-pvkq on cloud localhost
12:37:28 WARNING unexpected facade SSHServer received from the controller
12:37:28 WARNING unexpected facade SSHSession received from the controller
12:37:28 WARNING unexpected facade SSHTunneler received from the controller
12:37:30 INFO Deploying ch:amd64/jammy/github-runner-image-builder-100
12:37:58 INFO Deploying local:jammy/github-runner-0
12:37:58 INFO Waiting for model:
  test-j9nkofxs/0 [allocating] waiting: waiting for machine
  github-runner-image-builder-j9nkofxs/0 [allocating] waiting: waiting for machine
12:38:29 INFO Waiting for model:
  test-j9nkofxs/0 [allocating] waiting: waiting for machine
  github-runner-image-builder-j9nkofxs/0 [allocating] waiting: waiting for machine
12:38:59 INFO Waiting for model:
  test-j9nkofxs/0 [allocating] waiting: waiting for machine
  github-runner-image-builder-j9nkofxs/0 [allocating] waiting: agent initialising
12:39:30 INFO Waiting for model:
  test-j9nkofxs/0 [executing] maintenance: installing charm software
  github-runner-image-builder-j9nkofxs/0 [executing] maintenance: Setting up Builder.
12:40:00 INFO Waiting for model:
  test-j9nkofxs/0 [executing] maintenance: installing charm software
  github-runner-image-builder-j9nkofxs/0 [executing] maintenance: Setting up Builder.
12:40:30 INFO Waiting for model:
  test-j9nkofxs/0 [executing] maintenance: installing charm software
  github-runner-image-builder-j9nkofxs/0 [executing] maintenance: Setting up Builder.
12:41:00 INFO Waiting for model:
  test-j9nkofxs/0 [idle] blocked: Please provide image integration.
  github-runner-image-builder-j9nkofxs/0 [executing] maintenance: Setting up Builder.
12:41:31 INFO Waiting for model:
  test-j9nkofxs/0 [idle] blocked: Please provide image integration.
  github-runner-image-builder-j9nkofxs/0 [executing] maintenance: Setting up Builder.
12:42:01 INFO Waiting for model:
  test-j9nkofxs/0 [idle] waiting: Waiting for image over integration.
  github-runner-image-builder-j9nkofxs/0 [executing] active: Building image.
12:42:31 INFO Waiting for model:
  test-j9nkofxs/0 [idle] waiting: Waiting for image over integration.
  github-runner-image-builder-j9nkofxs/0 [executing] active: Building image.
12:43:01 INFO Waiting for model:
  test-j9nkofxs/0 [idle] waiting: Waiting for image over integration.
  github-runner-image-builder-j9nkofxs/0 [executing] active: Building image.
12:43:04 INFO OpenStack servers: []
12:43:05 INFO Model status:

Model                      Controller           Cloud/Region         Version  SLA          Timestamp
test-charm-fork-repo-pvkq  github-pr-c6dfb-lxd  localhost/localhost  3.6.8    unsupported  12:43:05Z

App                                   Version  Status   Scale  Charm                        Channel      Rev  Exposed  Message
github-runner-image-builder-j9nkofxs           error        1  github-runner-image-builder  latest/edge  100  no       hook failed: "image-relation-changed"
test-j9nkofxs                                  waiting      1  github-runner                               0  no       Waiting for image over integration.

Unit                                     Workload  Agent  Machine  Public address  Ports  Message
github-runner-image-builder-j9nkofxs/0*  error     idle   0        10.40.205.148          hook failed: "image-relation-changed"
test-j9nkofxs/0*                         waiting   idle   1        10.40.205.77           Waiting for image over integration.

Machine  State    Address        Inst id        Base          AZ  Message
0        started  10.40.205.148  juju-8a601a-0  ubuntu@22.04      Running
1        started  10.40.205.77   juju-8a601a-1  ubuntu@22.04      Running

12:43:05 INFO Juju error logs:

machine-0: 12:38:52 ERROR juju.worker.dependency "lxd-container-provisioner" manifold worker returned unexpected error: container types not yet available
machine-0: 12:38:52 ERROR juju.worker.dependency "kvm-container-provisioner" manifold worker returned unexpected error: container types not yet available
unit-github-runner-image-builder-j9nkofxs-0: 12:38:52 ERROR juju.worker.meterstatus error running "meter-status-changed": charm missing from disk
machine-1: 12:39:00 ERROR juju.worker.dependency "kvm-container-provisioner" manifold worker returned unexpected error: container types not yet available
machine-1: 12:39:00 ERROR juju.worker.dependency "lxd-container-provisioner" manifold worker returned unexpected error: container types not yet available
unit-test-j9nkofxs-0: 12:39:00 ERROR juju.worker.meterstatus error running "meter-status-changed": charm missing from disk
unit-github-runner-image-builder-j9nkofxs-0: 12:39:46 ERROR unit.github-runner-image-builder-j9nkofxs/0.juju-log Pipx command failed, code: 1, out: None, err: None
unit-test-j9nkofxs-0: 12:40:32 ERROR unit.test-j9nkofxs/0.juju-log Missing image integration.
Traceback (most recent call last):
  File "/var/lib/juju/agents/unit-test-j9nkofxs-0/charm/./src/charm.py", line 118, in func_with_catch_errors
    func(self, event)
  File "/var/lib/juju/agents/unit-test-j9nkofxs-0/charm/./src/charm.py", line 342, in _on_config_changed
    self._check_image_ready()
  File "/var/lib/juju/agents/unit-test-j9nkofxs-0/charm/./src/charm.py", line 512, in _check_image_ready
    raise ImageIntegrationMissingError("No image integration found")
errors.ImageIntegrationMissingError: No image integration found
unit-test-j9nkofxs-0: 12:40:36 ERROR unit.test-j9nkofxs/0.juju-log Missing image integration.
Traceback (most recent call last):
  File "/var/lib/juju/agents/unit-test-j9nkofxs-0/charm/./src/charm.py", line 118, in func_with_catch_errors
    func(self, event)
  File "/var/lib/juju/agents/unit-test-j9nkofxs-0/charm/./src/charm.py", line 313, in _on_start
    self._check_image_ready()
  File "/var/lib/juju/agents/unit-test-j9nkofxs-0/charm/./src/charm.py", line 512, in _check_image_ready
    raise ImageIntegrationMissingError("No image integration found")
errors.ImageIntegrationMissingError: No image integration found
unit-test-j9nkofxs-0: 12:41:50 ERROR unit.test-j9nkofxs/0.juju-log image:0: Missing image in image integration.
Traceback (most recent call last):
  File "/var/lib/juju/agents/unit-test-j9nkofxs-0/charm/./src/charm.py", line 118, in func_with_catch_errors
    func(self, event)
  File "/var/lib/juju/agents/unit-test-j9nkofxs-0/charm/./src/charm.py", line 477, in _on_image_relation_changed
    self._check_image_ready()
  File "/var/lib/juju/agents/unit-test-j9nkofxs-0/charm/./src/charm.py", line 514, in _check_image_ready
    raise ImageNotFoundError("No image found in the image integration")
errors.ImageNotFoundError: No image found in the image integration
unit-github-runner-image-builder-j9nkofxs-0: 12:42:07 ERROR unit.github-runner-image-builder-j9nkofxs/0.juju-log image:0: Image build failed, code: 1, out: , err: None, stdout: 
unit-github-runner-image-builder-j9nkofxs-0: 12:42:17 ERROR unit.github-runner-image-builder-j9nkofxs/0.juju-log image:0: Image build failed, code: 1, out: , err: None, stdout: 
unit-github-runner-image-builder-j9nkofxs-0: 12:42:27 ERROR unit.github-runner-image-builder-j9nkofxs/0.juju-log image:0: Image build failed, code: 1, out: , err: None, stdout: 
unit-github-runner-image-builder-j9nkofxs-0: 12:42:42 ERROR unit.github-runner-image-builder-j9nkofxs/0.juju-log image:0: Image build failed, code: 1, out: , err: None, stdout: 

12:43:05 INFO Forgetting model main...