19:06:53 INFO Waiting for model:
  test-j0shxmry/0 [idle] active: 
19:07:24 INFO Waiting for model:
  test-j0shxmry/0 [idle] active: 
19:07:27 INFO Current reconcile ID: c96d8756-9170-4d36-9149-a687d378260e
19:07:27 INFO Waiting for reconcile ID: c96d8756-9170-4d36-9149-a687d378260e
19:08:28 INFO Current reconcile ID: c96d8756-9170-4d36-9149-a687d378260e
19:08:28 INFO Current reconcile ID: c96d8756-9170-4d36-9149-a687d378260e, expected reconcile ID: c96d8756-9170-4d36-9149-a687d378260e
19:08:28 INFO Waiting for reconcile ID: c96d8756-9170-4d36-9149-a687d378260e
19:09:29 INFO Current reconcile ID: d3167ad6-47eb-4f9d-b31b-6c691a08761a
19:09:29 INFO Current reconcile ID: d3167ad6-47eb-4f9d-b31b-6c691a08761a, expected reconcile ID: c96d8756-9170-4d36-9149-a687d378260e
19:09:34 INFO [TEST SETUP] Exposing port 8080 on test-j0shxmry-0-n-ac7bf1938e4e
19:09:34 WARNING dict_values([[{'version': 4, 'addr': '10.151.122.118', 'OS-EXT-IPS:type': 'fixed', 'OS-EXT-IPS-MAC:mac_addr': 'fa:16:3e:72:1c:4e'}]])
19:09:35 INFO ssh tunnel command ssh -fNT -R 8080:localhost:8080 -i /home/runner-manager/.ssh/test-j0shxmry-0-n-ac7bf1938e4e.key -o "StrictHostKeyChecking no" -o "ControlPersist yes" ubuntu@10.151.122.118 &
19:09:36 INFO ssh tunnel result 0 None Warning: Permanently added '10.151.122.118' (ED25519) to the list of known hosts.

19:09:38 INFO [TEST SETUP] Run command nc -z localhost 8080 on test-j0shxmry-0-n-ac7bf1938e4e
19:09:38 WARNING dict_values([[{'version': 4, 'addr': '10.151.122.118', 'OS-EXT-IPS:type': 'fixed', 'OS-EXT-IPS-MAC:mac_addr': 'fa:16:3e:72:1c:4e'}]])
19:09:39 WARNING ssh_cmd: su - ubuntu -c 'ssh -i /home/runner-manager/.ssh/test-j0shxmry-0-n-ac7bf1938e4e.key -o "StrictHostKeyChecking no" ubuntu@10.151.122.118 nc -z localhost 8080'
19:09:40 INFO Run command 'nc -z localhost 8080' in runner with result 0: 'None' 'Connection to localhost (127.0.0.1) 8080 port [tcp/http-alt] succeeded!
'
19:09:40 INFO [TEST SETUP] Run command curl http://localhost:8080 on test-j0shxmry-0-n-ac7bf1938e4e
19:09:40 WARNING dict_values([[{'version': 4, 'addr': '10.151.122.118', 'OS-EXT-IPS:type': 'fixed', 'OS-EXT-IPS-MAC:mac_addr': 'fa:16:3e:72:1c:4e'}]])
19:09:41 WARNING ssh_cmd: su - ubuntu -c 'ssh -i /home/runner-manager/.ssh/test-j0shxmry-0-n-ac7bf1938e4e.key -o "StrictHostKeyChecking no" ubuntu@10.151.122.118 curl http://localhost:8080'
19:09:42 INFO Run command 'curl http://localhost:8080' in runner with result 0: '<!doctype html>
<html lang=en>
<title>404 Not Found</title>
<h1>Not Found</h1>
<p>The requested URL was not found on the server. If you entered the URL manually please check your spelling and try again.</p>
' '  % Total    % Received % Xferd  Average Speed   Time    Time     Time  Current
                                 Dload  Upload   Total   Spent    Left  Speed
  0     0    0     0    0     0      0      0 --:--:-- --:--:-- --:--:--     0100   207  100   207    0     0   101k      0 --:--:-- --:--:-- --:--:--  202k
'
19:09:44 INFO Wait for condition not met, sleeping 10
19:09:55 INFO Waiting for model:
  test-j0shxmry/0 [idle] active: 
19:10:25 INFO Waiting for model:
  test-j0shxmry/0 [idle] active: 
19:10:27 INFO Current reconcile ID: c1618d11-99cf-4f18-941d-131415cdf8b0
19:10:27 INFO Waiting for reconcile ID: c1618d11-99cf-4f18-941d-131415cdf8b0
19:11:29 INFO Current reconcile ID: c1618d11-99cf-4f18-941d-131415cdf8b0
19:11:29 INFO Current reconcile ID: c1618d11-99cf-4f18-941d-131415cdf8b0, expected reconcile ID: c1618d11-99cf-4f18-941d-131415cdf8b0
19:11:29 INFO Waiting for reconcile ID: c1618d11-99cf-4f18-941d-131415cdf8b0
19:12:30 INFO Current reconcile ID: 6e645843-745e-4326-911e-67621ada0838
19:12:30 INFO Current reconcile ID: 6e645843-745e-4326-911e-67621ada0838, expected reconcile ID: c1618d11-99cf-4f18-941d-131415cdf8b0
19:12:32 INFO Model status:

Model                   Controller           Cloud/Region         Version  SLA          Timestamp
test-charm-runner-dli3  github-pr-587b7-lxd  localhost/localhost  3.6.9    unsupported  19:12:32Z

App                                   Version  Status  Scale  Charm                        Channel      Rev  Exposed  Message
github-runner-image-builder-j0shxmry           active      1  github-runner-image-builder  latest/edge  126  no       
test-j0shxmry                                  active      1  github-runner                               0  yes      

Unit                                     Workload  Agent  Machine  Public address  Ports     Message
github-runner-image-builder-j0shxmry/0*  active    idle   0        10.86.205.246             
test-j0shxmry/0*                         active    idle   1        10.86.205.251   8080/tcp  

Machine  State    Address        Inst id        Base          AZ             Message
0        started  10.86.205.246  juju-828f7c-0  ubuntu@22.04  github-runner  Running
1        started  10.86.205.251  juju-828f7c-1  ubuntu@22.04  github-runner  Running

19:12:32 INFO Juju error logs:

machine-0: 18:27:33 ERROR juju.worker.dependency "kvm-container-provisioner" manifold worker returned unexpected error: container types not yet available
machine-0: 18:27:33 ERROR juju.worker.dependency "lxd-container-provisioner" manifold worker returned unexpected error: container types not yet available
unit-github-runner-image-builder-j0shxmry-0: 18:27:33 ERROR juju.worker.meterstatus error running "meter-status-changed": charm missing from disk
machine-1: 18:27:34 ERROR juju.worker.dependency "kvm-container-provisioner" manifold worker returned unexpected error: container types not yet available
machine-1: 18:27:34 ERROR juju.worker.dependency "lxd-container-provisioner" manifold worker returned unexpected error: container types not yet available
unit-test-j0shxmry-0: 18:27:34 ERROR juju.worker.meterstatus error running "meter-status-changed": charm missing from disk
unit-github-runner-image-builder-j0shxmry-0: 18:28:15 ERROR unit.github-runner-image-builder-j0shxmry/0.juju-log Pipx command failed, code: 1, out: None, err: None
unit-test-j0shxmry-0: 18:28:34 ERROR unit.test-j0shxmry/0.juju-log Missing image integration.
Traceback (most recent call last):
  File "/var/lib/juju/agents/unit-test-j0shxmry-0/charm/./src/charm.py", line 118, in func_with_catch_errors
    func(self, event)
  File "/var/lib/juju/agents/unit-test-j0shxmry-0/charm/./src/charm.py", line 342, in _on_config_changed
    self._check_image_ready()
  File "/var/lib/juju/agents/unit-test-j0shxmry-0/charm/./src/charm.py", line 512, in _check_image_ready
    raise ImageIntegrationMissingError("No image integration found")
errors.ImageIntegrationMissingError: No image integration found
unit-test-j0shxmry-0: 18:28:36 ERROR unit.test-j0shxmry/0.juju-log Missing image integration.
Traceback (most recent call last):
  File "/var/lib/juju/agents/unit-test-j0shxmry-0/charm/./src/charm.py", line 118, in func_with_catch_errors
    func(self, event)
  File "/var/lib/juju/agents/unit-test-j0shxmry-0/charm/./src/charm.py", line 313, in _on_start
    self._check_image_ready()
  File "/var/lib/juju/agents/unit-test-j0shxmry-0/charm/./src/charm.py", line 512, in _check_image_ready
    raise ImageIntegrationMissingError("No image integration found")
errors.ImageIntegrationMissingError: No image integration found
unit-test-j0shxmry-0: 18:29:49 ERROR unit.test-j0shxmry/0.juju-log image:0: Missing image in image integration.
Traceback (most recent call last):
  File "/var/lib/juju/agents/unit-test-j0shxmry-0/charm/./src/charm.py", line 118, in func_with_catch_errors
    func(self, event)
  File "/var/lib/juju/agents/unit-test-j0shxmry-0/charm/./src/charm.py", line 477, in _on_image_relation_changed
    self._check_image_ready()
  File "/var/lib/juju/agents/unit-test-j0shxmry-0/charm/./src/charm.py", line 514, in _check_image_ready
    raise ImageNotFoundError("No image found in the image integration")
errors.ImageNotFoundError: No image found in the image integration

19:12:32 INFO Forgetting model main...