18:25:11 WARNING unexpected facade SSHServer received from the controller
18:25:11 INFO Adding model github-pr-2102c-lxd:test-charm-upgrade-4u6d on cloud localhost
18:25:11 WARNING unexpected facade SSHServer received from the controller
18:25:11 WARNING unexpected facade SSHSession received from the controller
18:25:11 WARNING unexpected facade SSHTunneler received from the controller
18:25:13 INFO Deploying ch:amd64/jammy/github-runner-image-builder-106
18:25:37 INFO Deploying local:jammy/github-runner-0
18:25:37 INFO Waiting for model:
  test-tkyr8zyg/0 [allocating] waiting: waiting for machine
  github-runner-image-builder-tkyr8zyg/0 [allocating] waiting: waiting for machine
18:26:08 INFO Waiting for model:
  test-tkyr8zyg/0 [allocating] waiting: waiting for machine
  github-runner-image-builder-tkyr8zyg/0 [allocating] waiting: waiting for machine
18:26:38 INFO Waiting for model:
  test-tkyr8zyg/0 [allocating] waiting: waiting for machine
  github-runner-image-builder-tkyr8zyg/0 [allocating] waiting: waiting for machine
18:27:08 INFO Waiting for model:
  test-tkyr8zyg/0 [allocating] waiting: agent initialising
  github-runner-image-builder-tkyr8zyg/0 [executing] maintenance: Setting up Builder.
18:27:38 INFO Waiting for model:
  test-tkyr8zyg/0 [executing] maintenance: installing charm software
  github-runner-image-builder-tkyr8zyg/0 [executing] maintenance: Setting up Builder.
18:28:08 INFO Waiting for model:
  test-tkyr8zyg/0 [executing] maintenance: installing charm software
  github-runner-image-builder-tkyr8zyg/0 [executing] maintenance: Setting up Builder.
18:28:38 INFO Waiting for model:
  test-tkyr8zyg/0 [idle] blocked: Please provide image integration.
  github-runner-image-builder-tkyr8zyg/0 [executing] maintenance: Setting up Builder.
18:29:08 INFO Waiting for model:
  test-tkyr8zyg/0 [idle] blocked: Please provide image integration.
  github-runner-image-builder-tkyr8zyg/0 [executing] maintenance: Setting up Builder.
18:29:38 INFO Waiting for model:
  test-tkyr8zyg/0 [idle] blocked: Please provide image integration.
  github-runner-image-builder-tkyr8zyg/0 [executing] maintenance: Setting up Builder.
18:30:08 INFO Waiting for model:
  test-tkyr8zyg/0 [idle] waiting: Waiting for image over integration.
  github-runner-image-builder-tkyr8zyg/0 [executing] blocked: image integration required.
18:30:38 INFO Waiting for model:
  test-tkyr8zyg/0 [idle] waiting: Waiting for image over integration.
  github-runner-image-builder-tkyr8zyg/0 [executing] active: Building image.
18:31:08 INFO Waiting for model:
  test-tkyr8zyg/0 [idle] waiting: Waiting for image over integration.
  github-runner-image-builder-tkyr8zyg/0 [executing] active: Building image.
18:31:38 INFO Waiting for model:
  test-tkyr8zyg/0 [idle] waiting: Waiting for image over integration.
  github-runner-image-builder-tkyr8zyg/0 [executing] active: Building image.
18:32:08 INFO Waiting for model:
  test-tkyr8zyg/0 [idle] waiting: Waiting for image over integration.
  github-runner-image-builder-tkyr8zyg/0 [executing] active: Building image.
18:32:38 INFO Waiting for model:
  test-tkyr8zyg/0 [idle] waiting: Waiting for image over integration.
  github-runner-image-builder-tkyr8zyg/0 [executing] active: Building image.
18:33:08 INFO Waiting for model:
  test-tkyr8zyg/0 [idle] waiting: Waiting for image over integration.
  github-runner-image-builder-tkyr8zyg/0 [executing] active: Building image.
18:33:38 INFO Waiting for model:
  test-tkyr8zyg/0 [idle] waiting: Waiting for image over integration.
  github-runner-image-builder-tkyr8zyg/0 [executing] active: Building image.
18:34:08 INFO Waiting for model:
  test-tkyr8zyg/0 [idle] waiting: Waiting for image over integration.
  github-runner-image-builder-tkyr8zyg/0 [executing] active: Building image.
18:34:39 INFO Waiting for model:
  test-tkyr8zyg/0 [idle] waiting: Waiting for image over integration.
  github-runner-image-builder-tkyr8zyg/0 [executing] active: Building image.
18:35:09 INFO Waiting for model:
  test-tkyr8zyg/0 [idle] waiting: Waiting for image over integration.
  github-runner-image-builder-tkyr8zyg/0 [executing] active: Building image.
18:35:39 INFO Waiting for model:
  test-tkyr8zyg/0 [idle] waiting: Waiting for image over integration.
  github-runner-image-builder-tkyr8zyg/0 [executing] active: Building image.
18:36:09 INFO Waiting for model:
  test-tkyr8zyg/0 [idle] waiting: Waiting for image over integration.
  github-runner-image-builder-tkyr8zyg/0 [executing] active: Building image.
18:36:39 INFO Waiting for model:
  test-tkyr8zyg/0 [idle] waiting: Waiting for image over integration.
  github-runner-image-builder-tkyr8zyg/0 [executing] active: Building image.
18:37:09 INFO Waiting for model:
  test-tkyr8zyg/0 [idle] waiting: Waiting for image over integration.
  github-runner-image-builder-tkyr8zyg/0 [executing] active: Building image.
18:37:39 INFO Waiting for model:
  test-tkyr8zyg/0 [idle] waiting: Waiting for image over integration.
  github-runner-image-builder-tkyr8zyg/0 [executing] active: Building image.
18:38:09 INFO Waiting for model:
  test-tkyr8zyg/0 [idle] waiting: Waiting for image over integration.
  github-runner-image-builder-tkyr8zyg/0 [executing] active: Building image.
18:38:39 INFO Waiting for model:
  test-tkyr8zyg/0 [idle] waiting: Waiting for image over integration.
  github-runner-image-builder-tkyr8zyg/0 [executing] active: Building image.
18:39:09 INFO Waiting for model:
  test-tkyr8zyg/0 [idle] waiting: Waiting for image over integration.
  github-runner-image-builder-tkyr8zyg/0 [executing] active: Building image.
18:39:39 INFO Waiting for model:
  test-tkyr8zyg/0 [idle] waiting: Waiting for image over integration.
  github-runner-image-builder-tkyr8zyg/0 [executing] active: Building image.
18:40:09 INFO Waiting for model:
  test-tkyr8zyg/0 [idle] waiting: Waiting for image over integration.
  github-runner-image-builder-tkyr8zyg/0 [executing] active: Building image.
18:40:39 INFO Waiting for model:
  test-tkyr8zyg/0 [idle] waiting: Waiting for image over integration.
  github-runner-image-builder-tkyr8zyg/0 [executing] active: Building image.
18:41:09 INFO Waiting for model:
  test-tkyr8zyg/0 [idle] waiting: Waiting for image over integration.
  github-runner-image-builder-tkyr8zyg/0 [executing] active: Building image.
18:41:39 INFO Waiting for model:
  test-tkyr8zyg/0 [idle] waiting: Waiting for image over integration.
  github-runner-image-builder-tkyr8zyg/0 [executing] active: Building image.
18:42:09 INFO Waiting for model:
  test-tkyr8zyg/0 [idle] waiting: Waiting for image over integration.
  github-runner-image-builder-tkyr8zyg/0 [executing] active: Building image.
18:42:39 INFO Waiting for model:
  test-tkyr8zyg/0 [idle] waiting: Waiting for image over integration.
  github-runner-image-builder-tkyr8zyg/0 [executing] active: Building image.
18:43:10 INFO Waiting for model:
  test-tkyr8zyg/0 [executing] maintenance: Update image for runners
  github-runner-image-builder-tkyr8zyg/0 [idle] active: 
18:43:40 INFO Waiting for model:
  test-tkyr8zyg/0 [idle] active: 
18:46:01 INFO Waiting for model:
  test-tkyr8zyg/0 [idle] active:
18:46:33 INFO Model status:

Model                    Controller           Cloud/Region         Version  SLA          Timestamp
test-charm-upgrade-4u6d  github-pr-2102c-lxd  localhost/localhost  3.6.9    unsupported  18:46:33Z

App                                   Version  Status  Scale  Charm                        Channel      Rev  Exposed  Message
github-runner-image-builder-tkyr8zyg           active      1  github-runner-image-builder  latest/edge  106  no       
test-tkyr8zyg                                  active      1  github-runner                               1  no       

Unit                                     Workload  Agent  Machine  Public address  Ports  Message
github-runner-image-builder-tkyr8zyg/0*  active    idle   0        10.51.153.241          
test-tkyr8zyg/0*                         active    idle   1        10.51.153.218          

Machine  State    Address        Inst id        Base          AZ             Message
0        started  10.51.153.241  juju-28fc5b-0  ubuntu@22.04  github-runner  Running
1        started  10.51.153.218  juju-28fc5b-1  ubuntu@22.04  github-runner  Running

18:46:33 INFO Juju error logs:

machine-0: 18:26:47 ERROR juju.worker.dependency "lxd-container-provisioner" manifold worker returned unexpected error: container types not yet available
machine-0: 18:26:47 ERROR juju.worker.dependency "kvm-container-provisioner" manifold worker returned unexpected error: container types not yet available
unit-github-runner-image-builder-tkyr8zyg-0: 18:26:47 ERROR juju.worker.meterstatus error running "meter-status-changed": charm missing from disk
machine-1: 18:26:55 ERROR juju.worker.dependency "lxd-container-provisioner" manifold worker returned unexpected error: container types not yet available
machine-1: 18:26:55 ERROR juju.worker.dependency "kvm-container-provisioner" manifold worker returned unexpected error: container types not yet available
unit-test-tkyr8zyg-0: 18:26:56 ERROR juju.worker.meterstatus error running "meter-status-changed": charm missing from disk
unit-github-runner-image-builder-tkyr8zyg-0: 18:28:03 ERROR unit.github-runner-image-builder-tkyr8zyg/0.juju-log Pipx command failed, code: 1, out: None, err: None
unit-test-tkyr8zyg-0: 18:28:13 ERROR unit.test-tkyr8zyg/0.juju-log Missing image integration.
Traceback (most recent call last):
  File "/var/lib/juju/agents/unit-test-tkyr8zyg-0/charm/./src/charm.py", line 118, in func_with_catch_errors
    func(self, event)
  File "/var/lib/juju/agents/unit-test-tkyr8zyg-0/charm/./src/charm.py", line 342, in _on_config_changed
    self._check_image_ready()
  File "/var/lib/juju/agents/unit-test-tkyr8zyg-0/charm/./src/charm.py", line 512, in _check_image_ready
    raise ImageIntegrationMissingError("No image integration found")
errors.ImageIntegrationMissingError: No image integration found
unit-test-tkyr8zyg-0: 18:28:16 ERROR unit.test-tkyr8zyg/0.juju-log Missing image integration.
Traceback (most recent call last):
  File "/var/lib/juju/agents/unit-test-tkyr8zyg-0/charm/./src/charm.py", line 118, in func_with_catch_errors
    func(self, event)
  File "/var/lib/juju/agents/unit-test-tkyr8zyg-0/charm/./src/charm.py", line 313, in _on_start
    self._check_image_ready()
  File "/var/lib/juju/agents/unit-test-tkyr8zyg-0/charm/./src/charm.py", line 512, in _check_image_ready
    raise ImageIntegrationMissingError("No image integration found")
errors.ImageIntegrationMissingError: No image integration found
unit-test-tkyr8zyg-0: 18:30:01 ERROR unit.test-tkyr8zyg/0.juju-log image:0: Missing image in image integration.
Traceback (most recent call last):
  File "/var/lib/juju/agents/unit-test-tkyr8zyg-0/charm/./src/charm.py", line 118, in func_with_catch_errors
    func(self, event)
  File "/var/lib/juju/agents/unit-test-tkyr8zyg-0/charm/./src/charm.py", line 477, in _on_image_relation_changed
    self._check_image_ready()
  File "/var/lib/juju/agents/unit-test-tkyr8zyg-0/charm/./src/charm.py", line 514, in _check_image_ready
    raise ImageNotFoundError("No image found in the image integration")
errors.ImageNotFoundError: No image found in the image integration

18:46:33 INFO Forgetting model main...