06:27:29 INFO IP Address to use as the fake jobmanager: 10.145.216.251
06:27:29 WARNING unexpected facade SSHServer received from the controller
06:27:29 INFO Adding model github-pr-77d1e-lxd:test-jobmanager-reactive-yw0u on cloud localhost
06:27:30 WARNING unexpected facade SSHServer received from the controller
06:27:30 WARNING unexpected facade SSHSession received from the controller
06:27:30 WARNING unexpected facade SSHTunneler received from the controller
06:27:30 WARNING unexpected facade SSHServer received from the controller
06:27:32 INFO Deploying ch:amd64/jammy/mongodb-229
06:27:35 INFO Deploying ch:amd64/jammy/github-runner-image-builder-110
06:28:27 INFO Deploying local:jammy/github-runner-0
06:28:27 INFO Waiting for model:
  test-zsy6mc1u/0 [allocating] waiting: waiting for machine
  github-runner-image-builder-zsy6mc1u/0 [allocating] waiting: waiting for machine
06:28:58 INFO Waiting for model:
  test-zsy6mc1u/0 [allocating] waiting: waiting for machine
  github-runner-image-builder-zsy6mc1u/0 [allocating] waiting: waiting for machine
06:29:28 INFO Waiting for model:
  test-zsy6mc1u/0 [allocating] waiting: waiting for machine
  github-runner-image-builder-zsy6mc1u/0 [allocating] waiting: waiting for machine
06:29:59 INFO Waiting for model:
  test-zsy6mc1u/0 [allocating] waiting: waiting for machine
  github-runner-image-builder-zsy6mc1u/0 [allocating] waiting: agent initialising
06:30:29 INFO Waiting for model:
  test-zsy6mc1u/0 [allocating] waiting: waiting for machine
  github-runner-image-builder-zsy6mc1u/0 [allocating] waiting: agent initialising
06:30:59 INFO Waiting for model:
  test-zsy6mc1u/0 [allocating] waiting: agent initialising
  github-runner-image-builder-zsy6mc1u/0 [executing] maintenance: Setting up Builder.
06:31:30 INFO Waiting for model:
  test-zsy6mc1u/0 [allocating] waiting: agent initialising
  github-runner-image-builder-zsy6mc1u/0 [executing] maintenance: Setting up Builder.
06:32:00 INFO Waiting for model:
  test-zsy6mc1u/0 [executing] maintenance: installing charm software
  github-runner-image-builder-zsy6mc1u/0 [executing] maintenance: Setting up Builder.
06:32:31 INFO Waiting for model:
  test-zsy6mc1u/0 [executing] maintenance: installing charm software
  github-runner-image-builder-zsy6mc1u/0 [executing] maintenance: Setting up Builder.
06:33:01 INFO Waiting for model:
  test-zsy6mc1u/0 [executing] maintenance: installing charm software
  github-runner-image-builder-zsy6mc1u/0 [executing] maintenance: Setting up Builder.
06:33:31 INFO Waiting for model:
  test-zsy6mc1u/0 [idle] blocked: Please provide image integration.
  github-runner-image-builder-zsy6mc1u/0 [executing] maintenance: Setting up Builder.
06:34:01 INFO Waiting for model:
  test-zsy6mc1u/0 [idle] blocked: Please provide image integration.
  github-runner-image-builder-zsy6mc1u/0 [executing] maintenance: Setting up Builder.
06:34:32 INFO Waiting for model:
  test-zsy6mc1u/0 [idle] waiting: Waiting for image over integration.
  github-runner-image-builder-zsy6mc1u/0 [executing] active: Building image.
06:35:02 INFO Waiting for model:
  test-zsy6mc1u/0 [idle] waiting: Waiting for image over integration.
  github-runner-image-builder-zsy6mc1u/0 [executing] active: Building image.
06:35:33 INFO Waiting for model:
  test-zsy6mc1u/0 [idle] waiting: Waiting for image over integration.
  github-runner-image-builder-zsy6mc1u/0 [executing] active: Building image.
06:36:03 INFO Waiting for model:
  test-zsy6mc1u/0 [idle] waiting: Waiting for image over integration.
  github-runner-image-builder-zsy6mc1u/0 [executing] active: Building image.
06:36:34 INFO Waiting for model:
  test-zsy6mc1u/0 [idle] waiting: Waiting for image over integration.
  github-runner-image-builder-zsy6mc1u/0 [executing] active: Building image.
06:37:04 INFO Waiting for model:
  test-zsy6mc1u/0 [idle] waiting: Waiting for image over integration.
  github-runner-image-builder-zsy6mc1u/0 [executing] active: Building image.
06:37:34 INFO Waiting for model:
  test-zsy6mc1u/0 [idle] waiting: Waiting for image over integration.
  github-runner-image-builder-zsy6mc1u/0 [executing] active: Building image.
06:38:05 INFO Waiting for model:
  test-zsy6mc1u/0 [idle] waiting: Waiting for image over integration.
  github-runner-image-builder-zsy6mc1u/0 [executing] active: Building image.
06:38:35 INFO Waiting for model:
  test-zsy6mc1u/0 [idle] waiting: Waiting for image over integration.
  github-runner-image-builder-zsy6mc1u/0 [executing] active: Building image.
06:39:05 INFO Waiting for model:
  test-zsy6mc1u/0 [idle] waiting: Waiting for image over integration.
  github-runner-image-builder-zsy6mc1u/0 [executing] active: Building image.
06:39:36 INFO Waiting for model:
  test-zsy6mc1u/0 [idle] waiting: Waiting for image over integration.
  github-runner-image-builder-zsy6mc1u/0 [executing] active: Building image.
06:40:06 INFO Waiting for model:
  test-zsy6mc1u/0 [idle] waiting: Waiting for image over integration.
  github-runner-image-builder-zsy6mc1u/0 [executing] active: Building image.
06:40:37 INFO Waiting for model:
  test-zsy6mc1u/0 [idle] waiting: Waiting for image over integration.
  github-runner-image-builder-zsy6mc1u/0 [executing] active: Building image.
06:41:07 INFO Waiting for model:
  test-zsy6mc1u/0 [idle] waiting: Waiting for image over integration.
  github-runner-image-builder-zsy6mc1u/0 [executing] active: Building image.
06:41:37 INFO Waiting for model:
  test-zsy6mc1u/0 [idle] waiting: Waiting for image over integration.
  github-runner-image-builder-zsy6mc1u/0 [executing] active: Building image.
06:42:08 INFO Waiting for model:
  test-zsy6mc1u/0 [idle] waiting: Waiting for image over integration.
  github-runner-image-builder-zsy6mc1u/0 [executing] active: Building image.
06:42:38 INFO Waiting for model:
  test-zsy6mc1u/0 [idle] waiting: Waiting for image over integration.
  github-runner-image-builder-zsy6mc1u/0 [executing] active: Building image.
06:43:09 INFO Waiting for model:
  test-zsy6mc1u/0 [idle] waiting: Waiting for image over integration.
  github-runner-image-builder-zsy6mc1u/0 [executing] active: Building image.
06:43:39 INFO Waiting for model:
  test-zsy6mc1u/0 [idle] waiting: Waiting for image over integration.
  github-runner-image-builder-zsy6mc1u/0 [executing] active: Building image.
06:44:09 INFO Waiting for model:
  test-zsy6mc1u/0 [idle] waiting: Waiting for image over integration.
  github-runner-image-builder-zsy6mc1u/0 [executing] active: Building image.
06:44:40 INFO Waiting for model:
  test-zsy6mc1u/0 [idle] waiting: Waiting for image over integration.
  github-runner-image-builder-zsy6mc1u/0 [executing] active: Building image.
06:45:10 INFO Waiting for model:
  test-zsy6mc1u/0 [idle] waiting: Waiting for image over integration.
  github-runner-image-builder-zsy6mc1u/0 [executing] active: Building image.
06:45:41 INFO Waiting for model:
  test-zsy6mc1u/0 [idle] waiting: Waiting for image over integration.
  github-runner-image-builder-zsy6mc1u/0 [executing] active: Building image.
06:46:11 INFO Waiting for model:
  test-zsy6mc1u/0 [idle] waiting: Waiting for image over integration.
  github-runner-image-builder-zsy6mc1u/0 [executing] active: Building image.
06:46:41 INFO Waiting for model:
  test-zsy6mc1u/0 [idle] waiting: Waiting for image over integration.
  github-runner-image-builder-zsy6mc1u/0 [executing] active: Building image.
06:47:12 INFO Waiting for model:
  test-zsy6mc1u/0 [idle] waiting: Waiting for image over integration.
  github-runner-image-builder-zsy6mc1u/0 [executing] active: Building image.
06:47:42 INFO Waiting for model:
  test-zsy6mc1u/0 [idle] waiting: Waiting for image over integration.
  github-runner-image-builder-zsy6mc1u/0 [executing] active: Building image.
06:48:13 INFO Waiting for model:
  test-zsy6mc1u/0 [idle] waiting: Waiting for image over integration.
  github-runner-image-builder-zsy6mc1u/0 [executing] active: Building image.
06:48:43 INFO Waiting for model:
  test-zsy6mc1u/0 [idle] waiting: Waiting for image over integration.
  github-runner-image-builder-zsy6mc1u/0 [executing] active: Building image.
06:49:13 INFO Waiting for model:
  test-zsy6mc1u/0 [idle] waiting: Waiting for image over integration.
  github-runner-image-builder-zsy6mc1u/0 [executing] active: Building image.
06:49:43 INFO Waiting for model:
  test-zsy6mc1u/0 [idle] waiting: Waiting for image over integration.
  github-runner-image-builder-zsy6mc1u/0 [executing] active: Building image.
06:50:13 INFO Waiting for model:
  test-zsy6mc1u/0 [idle] waiting: Waiting for image over integration.
  github-runner-image-builder-zsy6mc1u/0 [executing] active: Building image.
06:50:43 INFO Waiting for model:
  test-zsy6mc1u/0 [idle] waiting: Waiting for image over integration.
  github-runner-image-builder-zsy6mc1u/0 [executing] active: Building image.
06:51:14 INFO Waiting for model:
  test-zsy6mc1u/0 [idle] waiting: Waiting for image over integration.
  github-runner-image-builder-zsy6mc1u/0 [executing] active: Building image.
06:51:44 INFO Waiting for model:
  test-zsy6mc1u/0 [idle] waiting: Waiting for image over integration.
  github-runner-image-builder-zsy6mc1u/0 [executing] active: Building image.
06:52:14 INFO Waiting for model:
  test-zsy6mc1u/0 [idle] waiting: Waiting for image over integration.
  github-runner-image-builder-zsy6mc1u/0 [executing] active: Building image.
06:52:44 INFO Waiting for model:
  test-zsy6mc1u/0 [idle] waiting: Waiting for image over integration.
  github-runner-image-builder-zsy6mc1u/0 [executing] active: Building image.
06:53:15 INFO Waiting for model:
  test-zsy6mc1u/0 [idle] waiting: Waiting for image over integration.
  github-runner-image-builder-zsy6mc1u/0 [executing] active: Building image.
06:53:45 INFO Waiting for model:
  test-zsy6mc1u/0 [idle] waiting: Waiting for image over integration.
  github-runner-image-builder-zsy6mc1u/0 [executing] active: Building image.
06:54:15 INFO Waiting for model:
  test-zsy6mc1u/0 [idle] waiting: Waiting for image over integration.
  github-runner-image-builder-zsy6mc1u/0 [executing] active: Building image.
06:54:45 INFO Waiting for model:
  test-zsy6mc1u/0 [idle] waiting: Waiting for image over integration.
  github-runner-image-builder-zsy6mc1u/0 [executing] active: Building image.
06:55:16 INFO Waiting for model:
  test-zsy6mc1u/0 [idle] waiting: Waiting for image over integration.
  github-runner-image-builder-zsy6mc1u/0 [executing] active: Building image.
06:55:46 INFO Waiting for model:
  test-zsy6mc1u/0 [idle] waiting: Waiting for image over integration.
  github-runner-image-builder-zsy6mc1u/0 [executing] active: Building image.
06:56:16 INFO Waiting for model:
  test-zsy6mc1u/0 [idle] waiting: Waiting for image over integration.
  github-runner-image-builder-zsy6mc1u/0 [executing] active: Building image.
06:56:46 INFO Waiting for model:
  test-zsy6mc1u/0 [idle] waiting: Waiting for image over integration.
  github-runner-image-builder-zsy6mc1u/0 [executing] active: Building image.
06:57:17 INFO Waiting for model:
  test-zsy6mc1u/0 [idle] waiting: Waiting for image over integration.
  github-runner-image-builder-zsy6mc1u/0 [executing] active: Building image.
06:57:47 INFO Waiting for model:
  test-zsy6mc1u/0 [idle] waiting: Waiting for image over integration.
  github-runner-image-builder-zsy6mc1u/0 [executing] active: Building image.
06:58:17 INFO Waiting for model:
  test-zsy6mc1u/0 [idle] waiting: Waiting for image over integration.
  github-runner-image-builder-zsy6mc1u/0 [executing] active: Building image.
06:58:28 INFO OpenStack servers: []
06:58:28 INFO cli: juju debug-log --model github-pr-77d1e-lxd:test-jobmanager-reactive-yw0u --limit 1000
06:58:29 INFO Model status:

Model                          Controller           Cloud/Region         Version  SLA          Timestamp
test-jobmanager-reactive-yw0u  github-pr-77d1e-lxd  localhost/localhost  3.6.9    unsupported  06:58:29Z

App                                   Version  Status   Scale  Charm                        Channel      Rev  Exposed  Message
github-runner-image-builder-zsy6mc1u           active       1  github-runner-image-builder  latest/edge  110  no       Building image.
mongodb                               6.0.24   active       1  mongodb                      6/edge       229  no       
test-zsy6mc1u                                  waiting      1  github-runner                               0  no       Waiting for image over integration.

Unit                                     Workload  Agent      Machine  Public address  Ports      Message
github-runner-image-builder-zsy6mc1u/0*  active    executing  1        10.109.253.221             Building image.
mongodb/0*                               active    idle       0        10.109.253.69   27017/tcp  Primary.
test-zsy6mc1u/0*                         waiting   idle       2        10.109.253.188             Waiting for image over integration.

Machine  State    Address         Inst id        Base          AZ             Message
0        started  10.109.253.69   juju-d7e4c6-0  ubuntu@22.04  github-runner  Running
1        started  10.109.253.221  juju-d7e4c6-1  ubuntu@22.04  github-runner  Running
2        started  10.109.253.188  juju-d7e4c6-2  ubuntu@22.04  github-runner  Running

06:58:29 INFO Juju error logs:

machine-1: 06:29:58 ERROR juju.worker.dependency "kvm-container-provisioner" manifold worker returned unexpected error: container types not yet available
machine-1: 06:29:58 ERROR juju.worker.dependency "lxd-container-provisioner" manifold worker returned unexpected error: container types not yet available
unit-github-runner-image-builder-zsy6mc1u-0: 06:29:58 ERROR juju.worker.meterstatus error running "meter-status-changed": charm missing from disk
machine-2: 06:30:32 ERROR juju.worker.dependency "kvm-container-provisioner" manifold worker returned unexpected error: container types not yet available
machine-2: 06:30:32 ERROR juju.worker.dependency "lxd-container-provisioner" manifold worker returned unexpected error: container types not yet available
unit-test-zsy6mc1u-0: 06:30:32 ERROR juju.worker.meterstatus error running "meter-status-changed": charm missing from disk
machine-0: 06:31:02 ERROR juju.worker.dependency "lxd-container-provisioner" manifold worker returned unexpected error: container types not yet available
machine-0: 06:31:02 ERROR juju.worker.dependency "kvm-container-provisioner" manifold worker returned unexpected error: container types not yet available
unit-mongodb-0: 06:31:02 ERROR juju.worker.meterstatus error running "meter-status-changed": charm missing from disk
unit-github-runner-image-builder-zsy6mc1u-0: 06:31:45 ERROR unit.github-runner-image-builder-zsy6mc1u/0.juju-log Pipx command failed, code: 1, out: None, err: None
unit-mongodb-0: 06:32:32 ERROR unit.mongodb/0.juju-log Unable to set params: ['vm.max_map_count']
unit-mongodb-0: 06:32:32 ERROR unit.mongodb/0.juju-log Error setting values on sysctl: Unable to set params: ['vm.max_map_count']
unit-test-zsy6mc1u-0: 06:33:22 ERROR unit.test-zsy6mc1u/0.juju-log Missing image integration.
Traceback (most recent call last):
  File "/var/lib/juju/agents/unit-test-zsy6mc1u-0/charm/./src/charm.py", line 118, in func_with_catch_errors
    func(self, event)
  File "/var/lib/juju/agents/unit-test-zsy6mc1u-0/charm/./src/charm.py", line 342, in _on_config_changed
    self._check_image_ready()
  File "/var/lib/juju/agents/unit-test-zsy6mc1u-0/charm/./src/charm.py", line 512, in _check_image_ready
    raise ImageIntegrationMissingError("No image integration found")
errors.ImageIntegrationMissingError: No image integration found
unit-test-zsy6mc1u-0: 06:33:26 ERROR unit.test-zsy6mc1u/0.juju-log Missing image integration.
Traceback (most recent call last):
  File "/var/lib/juju/agents/unit-test-zsy6mc1u-0/charm/./src/charm.py", line 118, in func_with_catch_errors
    func(self, event)
  File "/var/lib/juju/agents/unit-test-zsy6mc1u-0/charm/./src/charm.py", line 313, in _on_start
    self._check_image_ready()
  File "/var/lib/juju/agents/unit-test-zsy6mc1u-0/charm/./src/charm.py", line 512, in _check_image_ready
    raise ImageIntegrationMissingError("No image integration found")
errors.ImageIntegrationMissingError: No image integration found
unit-test-zsy6mc1u-0: 06:34:07 ERROR unit.test-zsy6mc1u/0.juju-log image:4: Missing image in image integration.
Traceback (most recent call last):
  File "/var/lib/juju/agents/unit-test-zsy6mc1u-0/charm/./src/charm.py", line 118, in func_with_catch_errors
    func(self, event)
  File "/var/lib/juju/agents/unit-test-zsy6mc1u-0/charm/./src/charm.py", line 477, in _on_image_relation_changed
    self._check_image_ready()
  File "/var/lib/juju/agents/unit-test-zsy6mc1u-0/charm/./src/charm.py", line 514, in _check_image_ready
    raise ImageNotFoundError("No image found in the image integration")
errors.ImageNotFoundError: No image found in the image integration

06:58:29 INFO Forgetting model main...