18:23:36 WARNING unexpected facade SSHServer received from the controller
18:23:36 INFO Adding model github-pr-77d1e-lxd:test-charm-fork-path-change-7yt1 on cloud localhost
18:23:36 WARNING unexpected facade SSHServer received from the controller
18:23:36 WARNING unexpected facade SSHSession received from the controller
18:23:36 WARNING unexpected facade SSHTunneler received from the controller
18:23:38 INFO Deploying ch:amd64/jammy/github-runner-image-builder-110
18:23:59 INFO Deploying local:jammy/github-runner-0
18:23:59 INFO Waiting for model:
  test-vwwnhf20/0 [allocating] waiting: waiting for machine
  github-runner-image-builder-vwwnhf20/0 [allocating] waiting: waiting for machine
18:24:29 INFO Waiting for model:
  test-vwwnhf20/0 [allocating] waiting: waiting for machine
  github-runner-image-builder-vwwnhf20/0 [allocating] waiting: waiting for machine
18:24:59 INFO Waiting for model:
  test-vwwnhf20/0 [allocating] waiting: waiting for machine
  github-runner-image-builder-vwwnhf20/0 [allocating] waiting: waiting for machine
18:25:29 INFO Waiting for model:
  test-vwwnhf20/0 [allocating] waiting: agent initialising
  github-runner-image-builder-vwwnhf20/0 [executing] maintenance: Setting up Builder.
18:26:00 INFO Waiting for model:
  test-vwwnhf20/0 [executing] maintenance: installing charm software
  github-runner-image-builder-vwwnhf20/0 [executing] maintenance: Setting up Builder.
18:26:30 INFO Waiting for model:
  test-vwwnhf20/0 [executing] blocked: Please provide image integration.
  github-runner-image-builder-vwwnhf20/0 [executing] maintenance: Setting up Builder.
18:27:00 INFO Waiting for model:
  test-vwwnhf20/0 [idle] blocked: Please provide image integration.
  github-runner-image-builder-vwwnhf20/0 [executing] maintenance: Setting up Builder.
18:27:30 INFO Waiting for model:
  test-vwwnhf20/0 [idle] blocked: Please provide image integration.
  github-runner-image-builder-vwwnhf20/0 [executing] maintenance: Setting up Builder.
18:28:00 INFO Waiting for model:
  test-vwwnhf20/0 [idle] waiting: Waiting for image over integration.
  github-runner-image-builder-vwwnhf20/0 [executing] active: Building image.
18:28:31 INFO Waiting for model:
  test-vwwnhf20/0 [idle] waiting: Waiting for image over integration.
  github-runner-image-builder-vwwnhf20/0 [executing] active: Building image.
18:29:01 INFO Waiting for model:
  test-vwwnhf20/0 [idle] waiting: Waiting for image over integration.
  github-runner-image-builder-vwwnhf20/0 [executing] active: Building image.
18:29:32 INFO Waiting for model:
  test-vwwnhf20/0 [idle] waiting: Waiting for image over integration.
  github-runner-image-builder-vwwnhf20/0 [executing] active: Building image.
18:30:02 INFO Waiting for model:
  test-vwwnhf20/0 [idle] waiting: Waiting for image over integration.
  github-runner-image-builder-vwwnhf20/0 [executing] active: Building image.
18:30:33 INFO Waiting for model:
  test-vwwnhf20/0 [idle] waiting: Waiting for image over integration.
  github-runner-image-builder-vwwnhf20/0 [executing] active: Building image.
18:31:03 INFO Waiting for model:
  test-vwwnhf20/0 [idle] waiting: Waiting for image over integration.
  github-runner-image-builder-vwwnhf20/0 [executing] active: Building image.
18:31:33 INFO Waiting for model:
  test-vwwnhf20/0 [idle] waiting: Waiting for image over integration.
  github-runner-image-builder-vwwnhf20/0 [executing] active: Building image.
18:32:03 INFO Waiting for model:
  test-vwwnhf20/0 [idle] waiting: Waiting for image over integration.
  github-runner-image-builder-vwwnhf20/0 [executing] active: Building image.
18:32:33 INFO Waiting for model:
  test-vwwnhf20/0 [idle] waiting: Waiting for image over integration.
  github-runner-image-builder-vwwnhf20/0 [executing] active: Building image.
18:33:03 INFO Waiting for model:
  test-vwwnhf20/0 [idle] waiting: Waiting for image over integration.
  github-runner-image-builder-vwwnhf20/0 [executing] active: Building image.
18:33:34 INFO Waiting for model:
  test-vwwnhf20/0 [idle] waiting: Waiting for image over integration.
  github-runner-image-builder-vwwnhf20/0 [executing] active: Building image.
18:34:04 INFO Waiting for model:
  test-vwwnhf20/0 [idle] waiting: Waiting for image over integration.
  github-runner-image-builder-vwwnhf20/0 [executing] active: Building image.
18:34:35 INFO Waiting for model:
  test-vwwnhf20/0 [idle] waiting: Waiting for image over integration.
  github-runner-image-builder-vwwnhf20/0 [executing] active: Building image.
18:35:05 INFO Waiting for model:
  test-vwwnhf20/0 [idle] waiting: Waiting for image over integration.
  github-runner-image-builder-vwwnhf20/0 [executing] active: Building image.
18:35:36 INFO Waiting for model:
  test-vwwnhf20/0 [idle] waiting: Waiting for image over integration.
  github-runner-image-builder-vwwnhf20/0 [executing] active: Building image.
18:36:06 INFO Waiting for model:
  test-vwwnhf20/0 [idle] waiting: Waiting for image over integration.
  github-runner-image-builder-vwwnhf20/0 [executing] active: Building image.
18:36:36 INFO Waiting for model:
  test-vwwnhf20/0 [idle] waiting: Waiting for image over integration.
  github-runner-image-builder-vwwnhf20/0 [executing] active: Building image.
18:37:07 INFO Waiting for model:
  test-vwwnhf20/0 [idle] waiting: Waiting for image over integration.
  github-runner-image-builder-vwwnhf20/0 [executing] active: Building image.
18:37:37 INFO Waiting for model:
  test-vwwnhf20/0 [idle] waiting: Waiting for image over integration.
  github-runner-image-builder-vwwnhf20/0 [executing] active: Building image.
18:38:07 INFO Waiting for model:
  test-vwwnhf20/0 [idle] waiting: Waiting for image over integration.
  github-runner-image-builder-vwwnhf20/0 [executing] active: Building image.
18:38:37 INFO Waiting for model:
  test-vwwnhf20/0 [idle] waiting: Waiting for image over integration.
  github-runner-image-builder-vwwnhf20/0 [executing] active: Building image.
18:39:08 INFO Waiting for model:
  test-vwwnhf20/0 [idle] waiting: Waiting for image over integration.
  github-runner-image-builder-vwwnhf20/0 [executing] active: Building image.
18:39:38 INFO Waiting for model:
  test-vwwnhf20/0 [executing] maintenance: Update image for runners
18:39:56 INFO GitHub token rate limit: Rate(reset=2025-09-14 18:46:35+00:00, remaining=4858, limit=5000)
18:40:07 INFO test_path_config_change
18:40:08 INFO Waiting for model:
  test-vwwnhf20/0 [idle] active: 
18:40:38 INFO Waiting for model:
  test-vwwnhf20/0 [idle] active: 
18:41:02 INFO Ensure there is a runner (this calls reconcile)
18:41:02 INFO Waiting for model:
  test-vwwnhf20/0 [idle] active: 
18:41:32 INFO Waiting for model:
  test-vwwnhf20/0 [idle] active: 
18:41:35 INFO Current reconcile ID: 395bf6a5-6a48-4001-a942-a4511604822c
18:41:35 INFO Waiting for reconcile ID: 395bf6a5-6a48-4001-a942-a4511604822c
18:42:36 INFO Current reconcile ID: 395bf6a5-6a48-4001-a942-a4511604822c
18:42:36 INFO Current reconcile ID: 395bf6a5-6a48-4001-a942-a4511604822c, expected reconcile ID: 395bf6a5-6a48-4001-a942-a4511604822c
18:42:36 INFO Waiting for reconcile ID: 395bf6a5-6a48-4001-a942-a4511604822c
18:43:37 INFO Current reconcile ID: 2a8b7e39-433b-4a81-903e-0e3f7354325f
18:43:37 INFO Current reconcile ID: 2a8b7e39-433b-4a81-903e-0e3f7354325f, expected reconcile ID: 395bf6a5-6a48-4001-a942-a4511604822c
18:43:42 INFO Reconciling (again)
18:43:42 INFO Waiting for model:
  test-vwwnhf20/0 [idle] active: 
18:44:12 INFO Waiting for model:
  test-vwwnhf20/0 [idle] active: 
18:44:24 INFO Current reconcile ID: 2afdb75d-e3be-4db5-abf4-0f02a1532c8e
18:44:24 INFO Waiting for reconcile ID: 2afdb75d-e3be-4db5-abf4-0f02a1532c8e
18:45:25 INFO Current reconcile ID: 2afdb75d-e3be-4db5-abf4-0f02a1532c8e
18:45:25 INFO Current reconcile ID: 2afdb75d-e3be-4db5-abf4-0f02a1532c8e, expected reconcile ID: 2afdb75d-e3be-4db5-abf4-0f02a1532c8e
18:45:25 INFO Waiting for reconcile ID: 2afdb75d-e3be-4db5-abf4-0f02a1532c8e
18:46:26 INFO Current reconcile ID: 3ff8b86e-7d49-41bc-9655-56fd05ebcc3c
18:46:26 INFO Current reconcile ID: 3ff8b86e-7d49-41bc-9655-56fd05ebcc3c, expected reconcile ID: 2afdb75d-e3be-4db5-abf4-0f02a1532c8e
18:48:20 INFO runners: ['test-vwwnhf20-0-n-e446d4f7f368']
18:48:20 INFO runners in github repo: [SelfHostedActionsRunner(name="amd-noble-stg-private-endpoint-ps7-1-n-3b4fcd16acd7"), SelfHostedActionsRunner(name="os-amd-noble-staging-ps6-3-n-28f1ab62c3be"), SelfHostedActionsRunner(name="os-amd-noble-staging-ps6-3-n-3f108dfd23d5"), SelfHostedActionsRunner(name="os-amd-noble-staging-ps6-3-n-4a07bb994768"), SelfHostedActionsRunner(name="os-amd-noble-staging-ps6-3-n-5ad794170377"), SelfHostedActionsRunner(name="os-amd-noble-staging-ps6-3-n-6b341649ab29"), SelfHostedActionsRunner(name="os-amd-noble-staging-ps6-3-n-90e588a0007a"), SelfHostedActionsRunner(name="os-amd-noble-staging-ps6-3-n-9406abfe77a2"), SelfHostedActionsRunner(name="os-amd-noble-staging-ps6-3-n-9481824ddd8f"), SelfHostedActionsRunner(name="os-amd-noble-staging-ps6-3-n-94acf622e2d9"), SelfHostedActionsRunner(name="os-amd-noble-staging-ps6-3-n-c3bf30fa6039"), SelfHostedActionsRunner(name="os-amd-noble-staging-ps6-3-n-d858c7870110"), SelfHostedActionsRunner(name="os-amd-noble-staging-ps7-1-n-eab05aa4ca08"), SelfHostedActionsRunner(name="reactive-amd64-pfe-ci-ps7-4-n-7c86f3d75e8b"), SelfHostedActionsRunner(name="reactive-amd64-pfe-ci-ps7-4-n-ff2eae923562"), SelfHostedActionsRunner(name="test-c7qomm1l-0-n-92bd9311122e"), SelfHostedActionsRunner(name="test-ga81362o-0-n-07ca6c222e6f"), SelfHostedActionsRunner(name="test-i3zcg3em-0-n-a0346b2551ef"), SelfHostedActionsRunner(name="test-k261r1fe-0-n-62eebe2befc7"), SelfHostedActionsRunner(name="test-kq2o1kfh-0-n-84bbbbcf6a57"), SelfHostedActionsRunner(name="test-nazl9t6y-0-n-90ce94d3850d"), SelfHostedActionsRunner(name="test-nqwqtxxl-0-n-3cd59c491fd3"), SelfHostedActionsRunner(name="test-shpcp6du-0-n-bae29c87b559"), SelfHostedActionsRunner(name="test-vwwnhf20-0-n-e446d4f7f368"), SelfHostedActionsRunner(name="test-xbghte36-0-n-80d722736013"), SelfHostedActionsRunner(name="test-xz43x4lc-0-n-67fc9b0b9ddd")]
18:48:26 INFO Model status:

Model                             Controller           Cloud/Region         Version  SLA          Timestamp
test-charm-fork-path-change-7yt1  github-pr-77d1e-lxd  localhost/localhost  3.6.9    unsupported  18:48:26Z

App                                   Version  Status  Scale  Charm                        Channel      Rev  Exposed  Message
github-runner-image-builder-vwwnhf20           active      1  github-runner-image-builder  latest/edge  110  no       
test-vwwnhf20                                  active      1  github-runner                               0  no       

Unit                                     Workload  Agent  Machine  Public address  Ports  Message
github-runner-image-builder-vwwnhf20/0*  active    idle   0        10.249.106.58          
test-vwwnhf20/0*                         active    idle   1        10.249.106.137         

Machine  State    Address         Inst id        Base          AZ             Message
0        started  10.249.106.58   juju-bd435d-0  ubuntu@22.04  github-runner  Running
1        started  10.249.106.137  juju-bd435d-1  ubuntu@22.04  github-runner  Running

18:48:26 INFO Juju error logs:

machine-0: 18:25:11 ERROR juju.worker.dependency "lxd-container-provisioner" manifold worker returned unexpected error: container types not yet available
machine-0: 18:25:11 ERROR juju.worker.dependency "kvm-container-provisioner" manifold worker returned unexpected error: container types not yet available
unit-github-runner-image-builder-vwwnhf20-0: 18:25:11 ERROR juju.worker.meterstatus error running "meter-status-changed": charm missing from disk
machine-1: 18:25:17 ERROR juju.worker.dependency "lxd-container-provisioner" manifold worker returned unexpected error: container types not yet available
machine-1: 18:25:17 ERROR juju.worker.dependency "kvm-container-provisioner" manifold worker returned unexpected error: container types not yet available
unit-test-vwwnhf20-0: 18:25:17 ERROR juju.worker.meterstatus error running "meter-status-changed": charm missing from disk
unit-github-runner-image-builder-vwwnhf20-0: 18:25:54 ERROR unit.github-runner-image-builder-vwwnhf20/0.juju-log Pipx command failed, code: 1, out: None, err: None
unit-test-vwwnhf20-0: 18:26:29 ERROR unit.test-vwwnhf20/0.juju-log Missing image integration.
Traceback (most recent call last):
  File "/var/lib/juju/agents/unit-test-vwwnhf20-0/charm/./src/charm.py", line 118, in func_with_catch_errors
    func(self, event)
  File "/var/lib/juju/agents/unit-test-vwwnhf20-0/charm/./src/charm.py", line 342, in _on_config_changed
    self._check_image_ready()
  File "/var/lib/juju/agents/unit-test-vwwnhf20-0/charm/./src/charm.py", line 512, in _check_image_ready
    raise ImageIntegrationMissingError("No image integration found")
errors.ImageIntegrationMissingError: No image integration found
unit-test-vwwnhf20-0: 18:26:32 ERROR unit.test-vwwnhf20/0.juju-log Missing image integration.
Traceback (most recent call last):
  File "/var/lib/juju/agents/unit-test-vwwnhf20-0/charm/./src/charm.py", line 118, in func_with_catch_errors
    func(self, event)
  File "/var/lib/juju/agents/unit-test-vwwnhf20-0/charm/./src/charm.py", line 313, in _on_start
    self._check_image_ready()
  File "/var/lib/juju/agents/unit-test-vwwnhf20-0/charm/./src/charm.py", line 512, in _check_image_ready
    raise ImageIntegrationMissingError("No image integration found")
errors.ImageIntegrationMissingError: No image integration found
unit-test-vwwnhf20-0: 18:27:45 ERROR unit.test-vwwnhf20/0.juju-log image:0: Missing image in image integration.
Traceback (most recent call last):
  File "/var/lib/juju/agents/unit-test-vwwnhf20-0/charm/./src/charm.py", line 118, in func_with_catch_errors
    func(self, event)
  File "/var/lib/juju/agents/unit-test-vwwnhf20-0/charm/./src/charm.py", line 477, in _on_image_relation_changed
    self._check_image_ready()
  File "/var/lib/juju/agents/unit-test-vwwnhf20-0/charm/./src/charm.py", line 514, in _check_image_ready
    raise ImageNotFoundError("No image found in the image integration")
errors.ImageNotFoundError: No image found in the image integration

18:48:26 INFO Forgetting model main...