INFO     pytest_operator.plugin:plugin.py:745 Adding model lxd:test-debug-ssh-tmx9 on cloud localhost
WARNING  juju.client.connection:connection.py:893 unexpected facade AgentLifeFlag received from the controller
WARNING  juju.client.connection:connection.py:909 unknown common facade version for AgentLifeFlag,
versions known to client : [2, 3]
versions known to controller : [1]
WARNING  juju.client.connection:connection.py:893 unexpected facade SecretsDrain received from the controller
INFO     juju.model:model.py:1988 Deploying ch:amd64/github-runner-image-builder-2
INFO     juju.model:model.py:2641 Waiting for model:
  github-runner-image-builder (not enough units yet - 0/1)
INFO     juju.model:model.py:2641 Waiting for model:
  github-runner-image-builder/0 [allocating] waiting: waiting for machine
INFO     juju.model:model.py:2641 Waiting for model:
  github-runner-image-builder/0 [allocating] waiting: waiting for machine
INFO     juju.model:model.py:2641 Waiting for model:
  github-runner-image-builder/0 [allocating] waiting: waiting for machine
INFO     juju.model:model.py:2641 Waiting for model:
  github-runner-image-builder/0 [executing] maintenance: Setting up Builder.
INFO     juju.model:model.py:2641 Waiting for model:
  github-runner-image-builder/0 [executing] maintenance: Setting up Builder.
INFO     juju.model:model.py:2641 Waiting for model:
  github-runner-image-builder/0 [executing] maintenance: Setting up Builder.
INFO     juju.model:model.py:2641 Waiting for model:
  github-runner-image-builder/0 [idle] active: 
INFO     juju.model:model.py:1988 Deploying local:jammy/github-runner-0
INFO     juju.model:model.py:2641 Waiting for model:
  test-ubp9wy3r/0 [allocating] waiting: waiting for machine
INFO     juju.model:model.py:2641 Waiting for model:
  test-ubp9wy3r/0 [allocating] waiting: waiting for machine
INFO     juju.model:model.py:2641 Waiting for model:
  test-ubp9wy3r/0 [executing] blocked: Please provide image integration.
INFO     juju.model:model.py:2641 Waiting for model:
  test-ubp9wy3r/0 [idle] active: 
INFO     root:conftest.py:589 GitHub token rate limit: Rate(reset=2024-12-24 19:56:19+00:00, remaining=4822, limit=5000)
INFO     juju.model:model.py:1988 Deploying ch:amd64/jammy/tmate-ssh-server-6
WARNING  juju.model:model.py:1513 relate is deprecated and will be removed. Use integrate instead.
INFO     juju.model:model.py:2641 Waiting for model:
  tmate-ssh-server/0 [allocating] waiting: waiting for machine
INFO     juju.model:model.py:2641 Waiting for model:
  tmate-ssh-server/0 [allocating] waiting: waiting for machine
INFO     juju.model:model.py:2641 Waiting for model:
  tmate-ssh-server/0 [idle] active:
INFO     juju.model:model.py:2641 Waiting for model:
  github-runner-image-builder/0 [idle] active: 
  test-ubp9wy3r/0 [executing] maintenance: Reconciling runners
  tmate-ssh-server/0 [idle] active: 
INFO     juju.model:model.py:2641 Waiting for model:
  test-ubp9wy3r/0 [executing] maintenance: Reconciling runners
INFO     juju.model:model.py:2641 Waiting for model:
  test-ubp9wy3r/0 [executing] maintenance: Reconciling runners
INFO     juju.model:model.py:2641 Waiting for model:
  test-ubp9wy3r/0 [executing] maintenance: Reconciling runners
INFO     juju.model:model.py:2641 Waiting for model:
  test-ubp9wy3r/0 [executing] maintenance: Reconciling runners
INFO     juju.model:model.py:2641 Waiting for model:
  test-ubp9wy3r/0 [executing] maintenance: Reconciling runners
INFO     juju.model:model.py:2641 Waiting for model:
  test-ubp9wy3r/0 [executing] maintenance: Reconciling runners
INFO     juju.model:model.py:2641 Waiting for model:
  test-ubp9wy3r/0 [executing] maintenance: Reconciling runners
INFO     juju.model:model.py:2641 Waiting for model:
  test-ubp9wy3r/0 [executing] active: 
  tmate-ssh-server/0 [executing] active: 
INFO     juju.model:model.py:2641 Waiting for model:
  github-runner-image-builder/0 [idle] active: 
  test-ubp9wy3r/0 [executing] maintenance: Reconciling runners
INFO     juju.model:model.py:2641 Waiting for model:
  test-ubp9wy3r/0 [executing] maintenance: Reconciling runners
INFO     juju.model:model.py:2641 Waiting for model:
  test-ubp9wy3r/0 [executing] maintenance: Reconciling runners
INFO     juju.model:model.py:2641 Waiting for model:
  test-ubp9wy3r/0 [executing] maintenance: Reconciling runners
INFO     juju.model:model.py:2641 Waiting for model:
  test-ubp9wy3r/0 [executing] maintenance: Reconciling runners
INFO     juju.model:model.py:2641 Waiting for model:
  test-ubp9wy3r/0 [executing] maintenance: Reconciling runners
INFO     juju.model:model.py:2641 Waiting for model:
  test-ubp9wy3r/0 [executing] maintenance: Reconciling runners
INFO     juju.model:model.py:2641 Waiting for model:
  test-ubp9wy3r/0 [executing] maintenance: Reconciling runners
INFO     juju.model:model.py:2641 Waiting for model:
  test-ubp9wy3r/0 [executing] maintenance: Reconciling runners
INFO     juju.model:model.py:2641 Waiting for model:
  test-ubp9wy3r/0 [executing] maintenance: Reconciling runners
INFO     juju.model:model.py:2641 Waiting for model:
  test-ubp9wy3r/0 [executing] maintenance: Update image for runners
INFO     juju.model:model.py:2641 Waiting for model:
  test-ubp9wy3r/0 [executing] maintenance: Reconciling runners
INFO     juju.model:model.py:2641 Waiting for model:
  test-ubp9wy3r/0 [executing] maintenance: Reconciling runners
INFO     juju.model:model.py:2641 Waiting for model:
  test-ubp9wy3r/0 [executing] maintenance: Reconciling runners
INFO     juju.model:model.py:2641 Waiting for model:
  test-ubp9wy3r/0 [executing] maintenance: Reconciling runners
INFO     juju.model:model.py:2641 Waiting for model:
  test-ubp9wy3r/0 [executing] maintenance: Reconciling runners
INFO     juju.model:model.py:2641 Waiting for model:
  test-ubp9wy3r/0 [executing] maintenance: Reconciling runners
INFO     juju.model:model.py:2641 Waiting for model:
  test-ubp9wy3r/0 [executing] maintenance: Reconciling runners
INFO     juju.model:model.py:2641 Waiting for model:
  test-ubp9wy3r/0 [executing] maintenance: Reconciling runners
INFO     juju.model:model.py:2641 Waiting for model:
  test-ubp9wy3r/0 [executing] maintenance: Reconciling runners
INFO     juju.model:model.py:2641 Waiting for model:
  test-ubp9wy3r/0 [executing] maintenance: Reconciling runners
INFO     juju.model:model.py:2641 Waiting for model:
  test-ubp9wy3r/0 [executing] active: 
INFO     juju.model:model.py:2641 Waiting for model:
  test-ubp9wy3r/0 [executing] active: 
INFO     juju.model:model.py:2641 Waiting for model:
  test-ubp9wy3r/0 [executing] active: 
INFO     juju.model:model.py:2641 Waiting for model:
  test-ubp9wy3r/0 [executing] active: 
INFO     juju.model:model.py:2641 Waiting for model:
  test-ubp9wy3r/0 [executing] active: 
INFO     juju.model:model.py:2641 Waiting for model:
  test-ubp9wy3r/0 [executing] active: 
INFO     juju.model:model.py:2641 Waiting for model:
  test-ubp9wy3r/0 [executing] active: 
INFO     juju.model:model.py:2641 Waiting for model:
  test-ubp9wy3r/0 [executing] active: 
INFO     juju.model:model.py:2641 Waiting for model:
  test-ubp9wy3r/0 [executing] active: 
INFO     juju.model:model.py:2641 Waiting for model:
  test-ubp9wy3r/0 [executing] active: 
INFO     juju.model:model.py:2641 Waiting for model:
  test-ubp9wy3r/0 [executing] active: 
INFO     juju.model:model.py:2641 Waiting for model:
  test-ubp9wy3r/0 [executing] active:
INFO     pytest_operator.plugin:plugin.py:929 Model status:

Model                Controller  Cloud/Region         Version  SLA          Timestamp
test-debug-ssh-tmx9  lxd         localhost/localhost  3.1.10   unsupported  19:33:47Z

App                          Version  Status  Scale  Charm                        Channel      Rev  Exposed  Message
github-runner-image-builder           active      1  github-runner-image-builder  latest/edge    2  no       
test-ubp9wy3r                         active      1  github-runner                               0  no       
tmate-ssh-server                      active      1  tmate-ssh-server             edge           6  no       

Unit                            Workload  Agent  Machine  Public address  Ports      Message
github-runner-image-builder/0*  active    idle   0        10.110.3.200               
test-ubp9wy3r/0*                active    idle   1        10.110.3.171               
tmate-ssh-server/0*             active    idle   2        10.110.3.166    10022/tcp  

Machine  State    Address       Inst id        Base          AZ  Message
0        started  10.110.3.200  juju-2fc1e1-0  ubuntu@22.04      Running
1        started  10.110.3.171  juju-2fc1e1-1  ubuntu@22.04      Running
2        started  10.110.3.166  juju-2fc1e1-2  ubuntu@22.04      Running

INFO     pytest_operator.plugin:plugin.py:935 Juju error logs:

machine-0: 19:07:32 ERROR juju.worker.dependency "kvm-container-provisioner" manifold worker returned unexpected error: container types not yet available
machine-0: 19:07:32 ERROR juju.worker.dependency "broker-tracker" manifold worker returned unexpected error: no container types determined
machine-0: 19:07:32 ERROR juju.worker.dependency "lxd-container-provisioner" manifold worker returned unexpected error: container types not yet available
unit-github-runner-image-builder-0: 19:07:32 ERROR juju.worker.meterstatus error running "meter-status-changed": charm missing from disk
machine-1: 19:10:29 ERROR juju.worker.dependency "broker-tracker" manifold worker returned unexpected error: no container types determined
machine-1: 19:10:29 ERROR juju.worker.dependency "lxd-container-provisioner" manifold worker returned unexpected error: container types not yet available
machine-1: 19:10:29 ERROR juju.worker.dependency "kvm-container-provisioner" manifold worker returned unexpected error: container types not yet available
unit-test-ubp9wy3r-0: 19:10:29 ERROR juju.worker.meterstatus error running "meter-status-changed": charm missing from disk
unit-test-ubp9wy3r-0: 19:10:44 CRITICAL unit.test-ubp9wy3r/0.juju-log test mode is enabled
unit-test-ubp9wy3r-0: 19:10:46 CRITICAL unit.test-ubp9wy3r/0.juju-log test mode is enabled
unit-test-ubp9wy3r-0: 19:10:49 CRITICAL unit.test-ubp9wy3r/0.juju-log image:0: test mode is enabled
unit-test-ubp9wy3r-0: 19:10:49 CRITICAL unit.test-ubp9wy3r/0.juju-log test mode is enabled
unit-test-ubp9wy3r-0: 19:10:50 CRITICAL unit.test-ubp9wy3r/0.juju-log test mode is enabled
unit-test-ubp9wy3r-0: 19:10:52 CRITICAL unit.test-ubp9wy3r/0.juju-log test mode is enabled
unit-test-ubp9wy3r-0: 19:10:53 CRITICAL unit.test-ubp9wy3r/0.juju-log test mode is enabled
unit-test-ubp9wy3r-0: 19:10:54 CRITICAL unit.test-ubp9wy3r/0.juju-log image:0: test mode is enabled
unit-test-ubp9wy3r-0: 19:10:55 CRITICAL unit.test-ubp9wy3r/0.juju-log image:0: test mode is enabled
unit-test-ubp9wy3r-0: 19:11:34 CRITICAL unit.test-ubp9wy3r/0.juju-log test mode is enabled
unit-test-ubp9wy3r-0: 19:11:35 CRITICAL unit.test-ubp9wy3r/0.juju-log test mode is enabled
machine-2: 19:12:15 ERROR juju.worker.dependency "kvm-container-provisioner" manifold worker returned unexpected error: container types not yet available
machine-2: 19:12:15 ERROR juju.worker.dependency "lxd-container-provisioner" manifold worker returned unexpected error: container types not yet available
machine-2: 19:12:15 ERROR juju.worker.dependency "broker-tracker" manifold worker returned unexpected error: no container types determined
unit-tmate-ssh-server-0: 19:12:15 ERROR juju.worker.meterstatus error running "meter-status-changed": charm missing from disk
unit-test-ubp9wy3r-0: 19:16:47 ERROR unit.test-ubp9wy3r/0.juju-log Timeout creating openstack server test-ubp9wy3r-0-3b8091f0adf0
Traceback (most recent call last):
  File "/var/lib/juju/agents/unit-test-ubp9wy3r-0/charm/venv/github_runner_manager/openstack_cloud/openstack_cloud.py", line 227, in launch_instance
    server = conn.create_server(
  File "/var/lib/juju/agents/unit-test-ubp9wy3r-0/charm/venv/decorator.py", line 232, in fun
    return caller(func, *(extras + args), **kw)
  File "/var/lib/juju/agents/unit-test-ubp9wy3r-0/charm/venv/openstack/cloud/_utils.py", line 224, in func_wrapper
    return func(*args, **kwargs)
  File "/var/lib/juju/agents/unit-test-ubp9wy3r-0/charm/venv/openstack/cloud/_compute.py", line 1021, in create_server
    server = self.wait_for_server(
  File "/var/lib/juju/agents/unit-test-ubp9wy3r-0/charm/venv/openstack/cloud/_compute.py", line 1159, in wait_for_server
    raise exceptions.ResourceTimeout(timeout_message)
openstack.exceptions.ResourceTimeout: Timeout waiting for the server to come up.
unit-test-ubp9wy3r-0: 19:16:49 ERROR unit.test-ubp9wy3r/0.juju-log Failed to spawn a runner.
Traceback (most recent call last):
  File "/var/lib/juju/agents/unit-test-ubp9wy3r-0/charm/venv/github_runner_manager/openstack_cloud/openstack_cloud.py", line 227, in launch_instance
    server = conn.create_server(
  File "/var/lib/juju/agents/unit-test-ubp9wy3r-0/charm/venv/decorator.py", line 232, in fun
    return caller(func, *(extras + args), **kw)
  File "/var/lib/juju/agents/unit-test-ubp9wy3r-0/charm/venv/openstack/cloud/_utils.py", line 224, in func_wrapper
    return func(*args, **kwargs)
  File "/var/lib/juju/agents/unit-test-ubp9wy3r-0/charm/venv/openstack/cloud/_compute.py", line 1021, in create_server
    server = self.wait_for_server(
  File "/var/lib/juju/agents/unit-test-ubp9wy3r-0/charm/venv/openstack/cloud/_compute.py", line 1159, in wait_for_server
    raise exceptions.ResourceTimeout(timeout_message)
openstack.exceptions.ResourceTimeout: Timeout waiting for the server to come up.

The above exception was the direct cause of the following exception:

Traceback (most recent call last):
  File "/var/lib/juju/agents/unit-test-ubp9wy3r-0/charm/venv/github_runner_manager/openstack_cloud/openstack_runner_manager.py", line 209, in create_runner
    instance = self._openstack_cloud.launch_instance(
  File "/var/lib/juju/agents/unit-test-ubp9wy3r-0/charm/venv/github_runner_manager/openstack_cloud/openstack_cloud.py", line 138, in exception_handling_wrapper
    return func(*args, **kwargs)
  File "/var/lib/juju/agents/unit-test-ubp9wy3r-0/charm/venv/github_runner_manager/openstack_cloud/openstack_cloud.py", line 246, in launch_instance
    raise OpenStackError(f"Timeout creating openstack server {full_name}") from err
github_runner_manager.errors.OpenStackError: Timeout creating openstack server test-ubp9wy3r-0-3b8091f0adf0

The above exception was the direct cause of the following exception:

Traceback (most recent call last):
  File "/var/lib/juju/agents/unit-test-ubp9wy3r-0/charm/venv/github_runner_manager/manager/runner_manager.py", line 276, in _spawn_runners
    return (RunnerManager._create_runner(create_runner_args_sequence[0]),)
  File "/var/lib/juju/agents/unit-test-ubp9wy3r-0/charm/venv/github_runner_manager/manager/runner_manager.py", line 404, in _create_runner
    return args.cloud_runner_manager.create_runner(registration_token=args.registration_token)
  File "/var/lib/juju/agents/unit-test-ubp9wy3r-0/charm/venv/github_runner_manager/openstack_cloud/openstack_runner_manager.py", line 217, in create_runner
    raise RunnerCreateError(f"Failed to create {instance_name} openstack runner") from err
github_runner_manager.errors.RunnerCreateError: Failed to create test-ubp9wy3r-0-3b8091f0adf0 openstack runner
unit-test-ubp9wy3r-0: 19:16:52 CRITICAL unit.test-ubp9wy3r/0.juju-log debug-ssh:1: test mode is enabled
unit-test-ubp9wy3r-0: 19:16:53 CRITICAL unit.test-ubp9wy3r/0.juju-log test mode is enabled
unit-test-ubp9wy3r-0: 19:16:54 CRITICAL unit.test-ubp9wy3r/0.juju-log test mode is enabled
unit-test-ubp9wy3r-0: 19:22:11 ERROR unit.test-ubp9wy3r/0.juju-log Timeout creating openstack server test-ubp9wy3r-0-89b1d95122ff
Traceback (most recent call last):
  File "/var/lib/juju/agents/unit-test-ubp9wy3r-0/charm/venv/github_runner_manager/openstack_cloud/openstack_cloud.py", line 227, in launch_instance
    server = conn.create_server(
  File "/var/lib/juju/agents/unit-test-ubp9wy3r-0/charm/venv/decorator.py", line 232, in fun
    return caller(func, *(extras + args), **kw)
  File "/var/lib/juju/agents/unit-test-ubp9wy3r-0/charm/venv/openstack/cloud/_utils.py", line 224, in func_wrapper
    return func(*args, **kwargs)
  File "/var/lib/juju/agents/unit-test-ubp9wy3r-0/charm/venv/openstack/cloud/_compute.py", line 1021, in create_server
    server = self.wait_for_server(
  File "/var/lib/juju/agents/unit-test-ubp9wy3r-0/charm/venv/openstack/cloud/_compute.py", line 1142, in wait_for_server
    for count in utils.iterate_timeout(
  File "/var/lib/juju/agents/unit-test-ubp9wy3r-0/charm/venv/openstack/utils.py", line 73, in iterate_timeout
    raise exceptions.ResourceTimeout(message)
openstack.exceptions.ResourceTimeout: Timeout waiting for the server to come up.
unit-test-ubp9wy3r-0: 19:22:13 ERROR unit.test-ubp9wy3r/0.juju-log Failed to spawn a runner.
Traceback (most recent call last):
  File "/var/lib/juju/agents/unit-test-ubp9wy3r-0/charm/venv/github_runner_manager/openstack_cloud/openstack_cloud.py", line 227, in launch_instance
    server = conn.create_server(
  File "/var/lib/juju/agents/unit-test-ubp9wy3r-0/charm/venv/decorator.py", line 232, in fun
    return caller(func, *(extras + args), **kw)
  File "/var/lib/juju/agents/unit-test-ubp9wy3r-0/charm/venv/openstack/cloud/_utils.py", line 224, in func_wrapper
    return func(*args, **kwargs)
  File "/var/lib/juju/agents/unit-test-ubp9wy3r-0/charm/venv/openstack/cloud/_compute.py", line 1021, in create_server
    server = self.wait_for_server(
  File "/var/lib/juju/agents/unit-test-ubp9wy3r-0/charm/venv/openstack/cloud/_compute.py", line 1142, in wait_for_server
    for count in utils.iterate_timeout(
  File "/var/lib/juju/agents/unit-test-ubp9wy3r-0/charm/venv/openstack/utils.py", line 73, in iterate_timeout
    raise exceptions.ResourceTimeout(message)
openstack.exceptions.ResourceTimeout: Timeout waiting for the server to come up.

The above exception was the direct cause of the following exception:

Traceback (most recent call last):
  File "/var/lib/juju/agents/unit-test-ubp9wy3r-0/charm/venv/github_runner_manager/openstack_cloud/openstack_runner_manager.py", line 209, in create_runner
    instance = self._openstack_cloud.launch_instance(
  File "/var/lib/juju/agents/unit-test-ubp9wy3r-0/charm/venv/github_runner_manager/openstack_cloud/openstack_cloud.py", line 138, in exception_handling_wrapper
    return func(*args, **kwargs)
  File "/var/lib/juju/agents/unit-test-ubp9wy3r-0/charm/venv/github_runner_manager/openstack_cloud/openstack_cloud.py", line 246, in launch_instance
    raise OpenStackError(f"Timeout creating openstack server {full_name}") from err
github_runner_manager.errors.OpenStackError: Timeout creating openstack server test-ubp9wy3r-0-89b1d95122ff

The above exception was the direct cause of the following exception:

Traceback (most recent call last):
  File "/var/lib/juju/agents/unit-test-ubp9wy3r-0/charm/venv/github_runner_manager/manager/runner_manager.py", line 276, in _spawn_runners
    return (RunnerManager._create_runner(create_runner_args_sequence[0]),)
  File "/var/lib/juju/agents/unit-test-ubp9wy3r-0/charm/venv/github_runner_manager/manager/runner_manager.py", line 404, in _create_runner
    return args.cloud_runner_manager.create_runner(registration_token=args.registration_token)
  File "/var/lib/juju/agents/unit-test-ubp9wy3r-0/charm/venv/github_runner_manager/openstack_cloud/openstack_runner_manager.py", line 217, in create_runner
    raise RunnerCreateError(f"Failed to create {instance_name} openstack runner") from err
github_runner_manager.errors.RunnerCreateError: Failed to create test-ubp9wy3r-0-89b1d95122ff openstack runner
unit-test-ubp9wy3r-0: 19:22:17 CRITICAL unit.test-ubp9wy3r/0.juju-log image:0: test mode is enabled
unit-test-ubp9wy3r-0: 19:22:23 ERROR unit.test-ubp9wy3r/0.juju-log image:0: runner-installed.timestamp not found for runner test-ubp9wy3r-0-3b8091f0adf0
Traceback (most recent call last):
  File "/var/lib/juju/agents/unit-test-ubp9wy3r-0/charm/venv/github_runner_manager/metrics/runner.py", line 557, in _extract_file_from_storage
    file_content = metrics_storage.path.joinpath(filename).read_text(encoding="utf-8")
  File "/usr/lib/python3.10/pathlib.py", line 1134, in read_text
    with self.open(mode='r', encoding=encoding, errors=errors) as f:
  File "/usr/lib/python3.10/pathlib.py", line 1119, in open
    return self._accessor.open(self, mode, buffering, encoding, errors,
FileNotFoundError: [Errno 2] No such file or directory: '/home/runner-manager/runner-fs/test-ubp9wy3r-0-3b8091f0adf0/runner-installed.timestamp'
unit-test-ubp9wy3r-0: 19:22:23 ERROR unit.test-ubp9wy3r/0.juju-log image:0: installed timestamp not found for runner test-ubp9wy3r-0-3b8091f0adf0, will not extract any metrics.
unit-test-ubp9wy3r-0: 19:27:43 ERROR unit.test-ubp9wy3r/0.juju-log image:0: Timeout creating openstack server test-ubp9wy3r-0-e520bc087a11
Traceback (most recent call last):
  File "/var/lib/juju/agents/unit-test-ubp9wy3r-0/charm/venv/github_runner_manager/openstack_cloud/openstack_cloud.py", line 227, in launch_instance
    server = conn.create_server(
  File "/var/lib/juju/agents/unit-test-ubp9wy3r-0/charm/venv/decorator.py", line 232, in fun
    return caller(func, *(extras + args), **kw)
  File "/var/lib/juju/agents/unit-test-ubp9wy3r-0/charm/venv/openstack/cloud/_utils.py", line 224, in func_wrapper
    return func(*args, **kwargs)
  File "/var/lib/juju/agents/unit-test-ubp9wy3r-0/charm/venv/openstack/cloud/_compute.py", line 1021, in create_server
    server = self.wait_for_server(
  File "/var/lib/juju/agents/unit-test-ubp9wy3r-0/charm/venv/openstack/cloud/_compute.py", line 1142, in wait_for_server
    for count in utils.iterate_timeout(
  File "/var/lib/juju/agents/unit-test-ubp9wy3r-0/charm/venv/openstack/utils.py", line 73, in iterate_timeout
    raise exceptions.ResourceTimeout(message)
openstack.exceptions.ResourceTimeout: Timeout waiting for the server to come up.
unit-test-ubp9wy3r-0: 19:27:45 ERROR unit.test-ubp9wy3r/0.juju-log image:0: Failed to spawn a runner.
Traceback (most recent call last):
  File "/var/lib/juju/agents/unit-test-ubp9wy3r-0/charm/venv/github_runner_manager/openstack_cloud/openstack_cloud.py", line 227, in launch_instance
    server = conn.create_server(
  File "/var/lib/juju/agents/unit-test-ubp9wy3r-0/charm/venv/decorator.py", line 232, in fun
    return caller(func, *(extras + args), **kw)
  File "/var/lib/juju/agents/unit-test-ubp9wy3r-0/charm/venv/openstack/cloud/_utils.py", line 224, in func_wrapper
    return func(*args, **kwargs)
  File "/var/lib/juju/agents/unit-test-ubp9wy3r-0/charm/venv/openstack/cloud/_compute.py", line 1021, in create_server
    server = self.wait_for_server(
  File "/var/lib/juju/agents/unit-test-ubp9wy3r-0/charm/venv/openstack/cloud/_compute.py", line 1142, in wait_for_server
    for count in utils.iterate_timeout(
  File "/var/lib/juju/agents/unit-test-ubp9wy3r-0/charm/venv/openstack/utils.py", line 73, in iterate_timeout
    raise exceptions.ResourceTimeout(message)
openstack.exceptions.ResourceTimeout: Timeout waiting for the server to come up.

The above exception was the direct cause of the following exception:

Traceback (most recent call last):
  File "/var/lib/juju/agents/unit-test-ubp9wy3r-0/charm/venv/github_runner_manager/openstack_cloud/openstack_runner_manager.py", line 209, in create_runner
    instance = self._openstack_cloud.launch_instance(
  File "/var/lib/juju/agents/unit-test-ubp9wy3r-0/charm/venv/github_runner_manager/openstack_cloud/openstack_cloud.py", line 138, in exception_handling_wrapper
    return func(*args, **kwargs)
  File "/var/lib/juju/agents/unit-test-ubp9wy3r-0/charm/venv/github_runner_manager/openstack_cloud/openstack_cloud.py", line 246, in launch_instance
    raise OpenStackError(f"Timeout creating openstack server {full_name}") from err
github_runner_manager.errors.OpenStackError: Timeout creating openstack server test-ubp9wy3r-0-e520bc087a11

The above exception was the direct cause of the following exception:

Traceback (most recent call last):
  File "/var/lib/juju/agents/unit-test-ubp9wy3r-0/charm/venv/github_runner_manager/manager/runner_manager.py", line 276, in _spawn_runners
    return (RunnerManager._create_runner(create_runner_args_sequence[0]),)
  File "/var/lib/juju/agents/unit-test-ubp9wy3r-0/charm/venv/github_runner_manager/manager/runner_manager.py", line 404, in _create_runner
    return args.cloud_runner_manager.create_runner(registration_token=args.registration_token)
  File "/var/lib/juju/agents/unit-test-ubp9wy3r-0/charm/venv/github_runner_manager/openstack_cloud/openstack_runner_manager.py", line 217, in create_runner
    raise RunnerCreateError(f"Failed to create {instance_name} openstack runner") from err
github_runner_manager.errors.RunnerCreateError: Failed to create test-ubp9wy3r-0-e520bc087a11 openstack runner
unit-test-ubp9wy3r-0: 19:27:49 CRITICAL unit.test-ubp9wy3r/0.juju-log debug-ssh:1: test mode is enabled
unit-test-ubp9wy3r-0: 19:27:50 CRITICAL unit.test-ubp9wy3r/0.juju-log debug-ssh:1: test mode is enabled
unit-test-ubp9wy3r-0: 19:27:56 ERROR unit.test-ubp9wy3r/0.juju-log debug-ssh:1: runner-installed.timestamp not found for runner test-ubp9wy3r-0-89b1d95122ff
Traceback (most recent call last):
  File "/var/lib/juju/agents/unit-test-ubp9wy3r-0/charm/venv/github_runner_manager/metrics/runner.py", line 557, in _extract_file_from_storage
    file_content = metrics_storage.path.joinpath(filename).read_text(encoding="utf-8")
  File "/usr/lib/python3.10/pathlib.py", line 1134, in read_text
    with self.open(mode='r', encoding=encoding, errors=errors) as f:
  File "/usr/lib/python3.10/pathlib.py", line 1119, in open
    return self._accessor.open(self, mode, buffering, encoding, errors,
FileNotFoundError: [Errno 2] No such file or directory: '/home/runner-manager/runner-fs/test-ubp9wy3r-0-89b1d95122ff/runner-installed.timestamp'
unit-test-ubp9wy3r-0: 19:27:56 ERROR unit.test-ubp9wy3r/0.juju-log debug-ssh:1: installed timestamp not found for runner test-ubp9wy3r-0-89b1d95122ff, will not extract any metrics.
unit-test-ubp9wy3r-0: 19:28:11 ERROR unit.test-ubp9wy3r/0.juju-log debug-ssh:1: runner-installed.timestamp not found for runner test-ubp9wy3r-0-e520bc087a11
Traceback (most recent call last):
  File "/var/lib/juju/agents/unit-test-ubp9wy3r-0/charm/venv/github_runner_manager/metrics/runner.py", line 557, in _extract_file_from_storage
    file_content = metrics_storage.path.joinpath(filename).read_text(encoding="utf-8")
  File "/usr/lib/python3.10/pathlib.py", line 1134, in read_text
    with self.open(mode='r', encoding=encoding, errors=errors) as f:
  File "/usr/lib/python3.10/pathlib.py", line 1119, in open
    return self._accessor.open(self, mode, buffering, encoding, errors,
FileNotFoundError: [Errno 2] No such file or directory: '/home/runner-manager/runner-fs/test-ubp9wy3r-0-e520bc087a11/runner-installed.timestamp'
unit-test-ubp9wy3r-0: 19:28:11 ERROR unit.test-ubp9wy3r/0.juju-log debug-ssh:1: installed timestamp not found for runner test-ubp9wy3r-0-e520bc087a11, will not extract any metrics.
unit-test-ubp9wy3r-0: 19:33:21 ERROR unit.test-ubp9wy3r/0.juju-log debug-ssh:1: Timeout creating openstack server test-ubp9wy3r-0-b6fb18ef1e21
Traceback (most recent call last):
  File "/var/lib/juju/agents/unit-test-ubp9wy3r-0/charm/venv/github_runner_manager/openstack_cloud/openstack_cloud.py", line 227, in launch_instance
    server = conn.create_server(
  File "/var/lib/juju/agents/unit-test-ubp9wy3r-0/charm/venv/decorator.py", line 232, in fun
    return caller(func, *(extras + args), **kw)
  File "/var/lib/juju/agents/unit-test-ubp9wy3r-0/charm/venv/openstack/cloud/_utils.py", line 224, in func_wrapper
    return func(*args, **kwargs)
  File "/var/lib/juju/agents/unit-test-ubp9wy3r-0/charm/venv/openstack/cloud/_compute.py", line 1021, in create_server
    server = self.wait_for_server(
  File "/var/lib/juju/agents/unit-test-ubp9wy3r-0/charm/venv/openstack/cloud/_compute.py", line 1142, in wait_for_server
    for count in utils.iterate_timeout(
  File "/var/lib/juju/agents/unit-test-ubp9wy3r-0/charm/venv/openstack/utils.py", line 73, in iterate_timeout
    raise exceptions.ResourceTimeout(message)
openstack.exceptions.ResourceTimeout: Timeout waiting for the server to come up.
unit-test-ubp9wy3r-0: 19:33:24 ERROR unit.test-ubp9wy3r/0.juju-log debug-ssh:1: Failed to spawn a runner.
Traceback (most recent call last):
  File "/var/lib/juju/agents/unit-test-ubp9wy3r-0/charm/venv/github_runner_manager/openstack_cloud/openstack_cloud.py", line 227, in launch_instance
    server = conn.create_server(
  File "/var/lib/juju/agents/unit-test-ubp9wy3r-0/charm/venv/decorator.py", line 232, in fun
    return caller(func, *(extras + args), **kw)
  File "/var/lib/juju/agents/unit-test-ubp9wy3r-0/charm/venv/openstack/cloud/_utils.py", line 224, in func_wrapper
    return func(*args, **kwargs)
  File "/var/lib/juju/agents/unit-test-ubp9wy3r-0/charm/venv/openstack/cloud/_compute.py", line 1021, in create_server
    server = self.wait_for_server(
  File "/var/lib/juju/agents/unit-test-ubp9wy3r-0/charm/venv/openstack/cloud/_compute.py", line 1142, in wait_for_server
    for count in utils.iterate_timeout(
  File "/var/lib/juju/agents/unit-test-ubp9wy3r-0/charm/venv/openstack/utils.py", line 73, in iterate_timeout
    raise exceptions.ResourceTimeout(message)
openstack.exceptions.ResourceTimeout: Timeout waiting for the server to come up.

The above exception was the direct cause of the following exception:

Traceback (most recent call last):
  File "/var/lib/juju/agents/unit-test-ubp9wy3r-0/charm/venv/github_runner_manager/openstack_cloud/openstack_runner_manager.py", line 209, in create_runner
    instance = self._openstack_cloud.launch_instance(
  File "/var/lib/juju/agents/unit-test-ubp9wy3r-0/charm/venv/github_runner_manager/openstack_cloud/openstack_cloud.py", line 138, in exception_handling_wrapper
    return func(*args, **kwargs)
  File "/var/lib/juju/agents/unit-test-ubp9wy3r-0/charm/venv/github_runner_manager/openstack_cloud/openstack_cloud.py", line 246, in launch_instance
    raise OpenStackError(f"Timeout creating openstack server {full_name}") from err
github_runner_manager.errors.OpenStackError: Timeout creating openstack server test-ubp9wy3r-0-b6fb18ef1e21

The above exception was the direct cause of the following exception:

Traceback (most recent call last):
  File "/var/lib/juju/agents/unit-test-ubp9wy3r-0/charm/venv/github_runner_manager/manager/runner_manager.py", line 276, in _spawn_runners
    return (RunnerManager._create_runner(create_runner_args_sequence[0]),)
  File "/var/lib/juju/agents/unit-test-ubp9wy3r-0/charm/venv/github_runner_manager/manager/runner_manager.py", line 404, in _create_runner
    return args.cloud_runner_manager.create_runner(registration_token=args.registration_token)
  File "/var/lib/juju/agents/unit-test-ubp9wy3r-0/charm/venv/github_runner_manager/openstack_cloud/openstack_runner_manager.py", line 217, in create_runner
    raise RunnerCreateError(f"Failed to create {instance_name} openstack runner") from err
github_runner_manager.errors.RunnerCreateError: Failed to create test-ubp9wy3r-0-b6fb18ef1e21 openstack runner
unit-test-ubp9wy3r-0: 19:33:28 CRITICAL unit.test-ubp9wy3r/0.juju-log test mode is enabled

INFO     pytest_operator.plugin:plugin.py:1017 Forgetting model main...