INFO     root:conftest.py:589 GitHub token rate limit: Rate(reset=2024-12-24 18:55:45+00:00, remaining=4456, limit=5000)
INFO     root:charm_metrics.py:127 Loop device None not found
INFO     juju.model:__init__.py:3254 Waiting for model:
  test-g6e7r8g0/0 [executing] active: 
INFO     juju.model:__init__.py:3254 Waiting for model:
  test-g6e7r8g0/0 [idle] active: 
INFO     tests.integration.helpers.common:common.py:525 Wait for condition not met, sleeping 10
INFO     tests.integration.helpers.common:common.py:525 Wait for condition not met, sleeping 60
INFO     tests.integration.helpers.common:common.py:525 Wait for condition not met, sleeping 60
INFO     tests.integration.helpers.common:common.py:525 Wait for condition not met, sleeping 60
INFO     tests.integration.helpers.common:common.py:525 Wait for condition not met, sleeping 60
INFO     tests.integration.helpers.common:common.py:525 Wait for condition not met, sleeping 60
INFO     tests.integration.helpers.common:common.py:525 Wait for condition not met, sleeping 60
INFO     tests.integration.helpers.common:common.py:525 Wait for condition not met, sleeping 60
INFO     tests.integration.helpers.common:common.py:525 Wait for condition not met, sleeping 60
INFO     tests.integration.helpers.common:common.py:525 Wait for condition not met, sleeping 60
INFO     tests.integration.helpers.common:common.py:525 Wait for condition not met, sleeping 60
INFO     tests.integration.helpers.common:common.py:525 Wait for condition not met, sleeping 60
INFO     tests.integration.helpers.common:common.py:525 Wait for condition not met, sleeping 60
INFO     tests.integration.helpers.common:common.py:525 Wait for condition not met, sleeping 60
INFO     tests.integration.helpers.common:common.py:525 Wait for condition not met, sleeping 60
INFO     tests.integration.helpers.common:common.py:525 Wait for condition not met, sleeping 60
INFO     tests.integration.helpers.common:common.py:525 Wait for condition not met, sleeping 60
INFO     tests.integration.helpers.common:common.py:525 Wait for condition not met, sleeping 60
INFO     tests.integration.helpers.common:common.py:525 Wait for condition not met, sleeping 60
INFO     tests.integration.helpers.common:common.py:525 Wait for condition not met, sleeping 60
INFO     tests.integration.helpers.common:common.py:525 Wait for condition not met, sleeping 60
INFO     tests.integration.helpers.common:common.py:525 Wait for condition not met, sleeping 60
INFO     tests.integration.helpers.common:common.py:525 Wait for condition not met, sleeping 60
INFO     tests.integration.helpers.common:common.py:525 Wait for condition not met, sleeping 60
INFO     tests.integration.helpers.common:common.py:525 Wait for condition not met, sleeping 60
INFO     tests.integration.helpers.common:common.py:525 Wait for condition not met, sleeping 60
INFO     tests.integration.helpers.common:common.py:525 Wait for condition not met, sleeping 60
INFO     tests.integration.helpers.common:common.py:525 Wait for condition not met, sleeping 60
INFO     tests.integration.helpers.common:common.py:525 Wait for condition not met, sleeping 60
INFO     tests.integration.helpers.common:common.py:525 Wait for condition not met, sleeping 60
INFO     tests.integration.helpers.common:common.py:525 Wait for condition not met, sleeping 60
INFO     pytest_operator.plugin:plugin.py:929 Model status:

Model                            Controller  Cloud/Region         Version  SLA          Timestamp
test-charm-metrics-success-hvaw  lxd         localhost/localhost  3.6.1    unsupported  19:11:59Z

App                          Version  Status  Scale  Charm                        Channel      Rev  Exposed  Message
github-runner-image-builder           active      1  github-runner-image-builder  latest/edge    2  no       
test-g6e7r8g0                         active      1  github-runner                               0  no       

Unit                            Workload  Agent  Machine  Public address  Ports  Message
github-runner-image-builder/0*  active    idle   0        10.52.143.44           
test-g6e7r8g0/0*                active    idle   1        10.52.143.236          

Machine  State    Address        Inst id        Base          AZ  Message
0        started  10.52.143.44   juju-ecd908-0  ubuntu@22.04      Running
1        started  10.52.143.236  juju-ecd908-1  ubuntu@22.04      Running

INFO     pytest_operator.plugin:plugin.py:935 Juju error logs:

machine-0: 18:25:02 ERROR juju.worker.dependency "lxd-container-provisioner" manifold worker returned unexpected error: container types not yet available
machine-0: 18:25:02 ERROR juju.worker.dependency "kvm-container-provisioner" manifold worker returned unexpected error: container types not yet available
unit-github-runner-image-builder-0: 18:25:02 ERROR juju.worker.meterstatus error running "meter-status-changed": charm missing from disk
machine-1: 18:28:08 ERROR juju.worker.dependency "lxd-container-provisioner" manifold worker returned unexpected error: container types not yet available
machine-1: 18:28:08 ERROR juju.worker.dependency "kvm-container-provisioner" manifold worker returned unexpected error: container types not yet available
unit-test-g6e7r8g0-0: 18:28:08 ERROR juju.worker.meterstatus error running "meter-status-changed": charm missing from disk
unit-test-g6e7r8g0-0: 18:28:24 CRITICAL unit.test-g6e7r8g0/0.juju-log test mode is enabled
unit-test-g6e7r8g0-0: 18:28:25 CRITICAL unit.test-g6e7r8g0/0.juju-log test mode is enabled
unit-test-g6e7r8g0-0: 18:28:28 CRITICAL unit.test-g6e7r8g0/0.juju-log image:0: test mode is enabled
unit-test-g6e7r8g0-0: 18:28:29 CRITICAL unit.test-g6e7r8g0/0.juju-log test mode is enabled
unit-test-g6e7r8g0-0: 18:28:30 CRITICAL unit.test-g6e7r8g0/0.juju-log test mode is enabled
unit-test-g6e7r8g0-0: 18:28:31 CRITICAL unit.test-g6e7r8g0/0.juju-log test mode is enabled
unit-test-g6e7r8g0-0: 18:28:33 CRITICAL unit.test-g6e7r8g0/0.juju-log test mode is enabled
unit-test-g6e7r8g0-0: 18:28:34 CRITICAL unit.test-g6e7r8g0/0.juju-log image:0: test mode is enabled
unit-test-g6e7r8g0-0: 18:28:35 CRITICAL unit.test-g6e7r8g0/0.juju-log image:0: test mode is enabled
unit-test-g6e7r8g0-0: 18:29:18 CRITICAL unit.test-g6e7r8g0/0.juju-log test mode is enabled
unit-test-g6e7r8g0-0: 18:29:19 CRITICAL unit.test-g6e7r8g0/0.juju-log test mode is enabled
unit-test-g6e7r8g0-0: 18:33:15 CRITICAL unit.test-g6e7r8g0/0.juju-log test mode is enabled
unit-test-g6e7r8g0-0: 18:33:37 CRITICAL unit.test-g6e7r8g0/0.juju-log test mode is enabled
unit-test-g6e7r8g0-0: 18:33:50 CRITICAL unit.test-g6e7r8g0/0.juju-log test mode is enabled
unit-test-g6e7r8g0-0: 18:33:51 CRITICAL unit.test-g6e7r8g0/0.juju-log test mode is enabled
unit-test-g6e7r8g0-0: 18:34:25 ERROR unit.test-g6e7r8g0/0.juju-log pre-job-metrics.json not found for runner test-g6e7r8g0-0-d151e8195396
Traceback (most recent call last):
  File "/var/lib/juju/agents/unit-test-g6e7r8g0-0/charm/venv/github_runner_manager/metrics/runner.py", line 557, in _extract_file_from_storage
    file_content = metrics_storage.path.joinpath(filename).read_text(encoding="utf-8")
  File "/usr/lib/python3.10/pathlib.py", line 1134, in read_text
    with self.open(mode='r', encoding=encoding, errors=errors) as f:
  File "/usr/lib/python3.10/pathlib.py", line 1119, in open
    return self._accessor.open(self, mode, buffering, encoding, errors,
FileNotFoundError: [Errno 2] No such file or directory: '/home/runner-manager/runner-fs/test-g6e7r8g0-0-d151e8195396/pre-job-metrics.json'
unit-test-g6e7r8g0-0: 18:34:25 ERROR unit.test-g6e7r8g0/0.juju-log Pre-job metrics for runner test-g6e7r8g0-0-d151e8195396 not found, stop extracting post-jobs metrics.
unit-test-g6e7r8g0-0: 18:34:29 CRITICAL unit.test-g6e7r8g0/0.juju-log test mode is enabled
unit-test-g6e7r8g0-0: 18:34:42 CRITICAL unit.test-g6e7r8g0/0.juju-log image:0: test mode is enabled
unit-test-g6e7r8g0-0: 18:35:30 CRITICAL unit.test-g6e7r8g0/0.juju-log test mode is enabled
unit-test-g6e7r8g0-0: 18:35:31 CRITICAL unit.test-g6e7r8g0/0.juju-log test mode is enabled
unit-test-g6e7r8g0-0: 18:40:48 ERROR unit.test-g6e7r8g0/0.juju-log Timeout creating openstack server test-g6e7r8g0-0-17ff653479ba
Traceback (most recent call last):
  File "/var/lib/juju/agents/unit-test-g6e7r8g0-0/charm/venv/github_runner_manager/openstack_cloud/openstack_cloud.py", line 227, in launch_instance
    server = conn.create_server(
  File "/var/lib/juju/agents/unit-test-g6e7r8g0-0/charm/venv/decorator.py", line 232, in fun
    return caller(func, *(extras + args), **kw)
  File "/var/lib/juju/agents/unit-test-g6e7r8g0-0/charm/venv/openstack/cloud/_utils.py", line 224, in func_wrapper
    return func(*args, **kwargs)
  File "/var/lib/juju/agents/unit-test-g6e7r8g0-0/charm/venv/openstack/cloud/_compute.py", line 1021, in create_server
    server = self.wait_for_server(
  File "/var/lib/juju/agents/unit-test-g6e7r8g0-0/charm/venv/openstack/cloud/_compute.py", line 1142, in wait_for_server
    for count in utils.iterate_timeout(
  File "/var/lib/juju/agents/unit-test-g6e7r8g0-0/charm/venv/openstack/utils.py", line 73, in iterate_timeout
    raise exceptions.ResourceTimeout(message)
openstack.exceptions.ResourceTimeout: Timeout waiting for the server to come up.
unit-test-g6e7r8g0-0: 18:40:49 ERROR unit.test-g6e7r8g0/0.juju-log Failed to spawn a runner.
Traceback (most recent call last):
  File "/var/lib/juju/agents/unit-test-g6e7r8g0-0/charm/venv/github_runner_manager/openstack_cloud/openstack_cloud.py", line 227, in launch_instance
    server = conn.create_server(
  File "/var/lib/juju/agents/unit-test-g6e7r8g0-0/charm/venv/decorator.py", line 232, in fun
    return caller(func, *(extras + args), **kw)
  File "/var/lib/juju/agents/unit-test-g6e7r8g0-0/charm/venv/openstack/cloud/_utils.py", line 224, in func_wrapper
    return func(*args, **kwargs)
  File "/var/lib/juju/agents/unit-test-g6e7r8g0-0/charm/venv/openstack/cloud/_compute.py", line 1021, in create_server
    server = self.wait_for_server(
  File "/var/lib/juju/agents/unit-test-g6e7r8g0-0/charm/venv/openstack/cloud/_compute.py", line 1142, in wait_for_server
    for count in utils.iterate_timeout(
  File "/var/lib/juju/agents/unit-test-g6e7r8g0-0/charm/venv/openstack/utils.py", line 73, in iterate_timeout
    raise exceptions.ResourceTimeout(message)
openstack.exceptions.ResourceTimeout: Timeout waiting for the server to come up.

The above exception was the direct cause of the following exception:

Traceback (most recent call last):
  File "/var/lib/juju/agents/unit-test-g6e7r8g0-0/charm/venv/github_runner_manager/openstack_cloud/openstack_runner_manager.py", line 209, in create_runner
    instance = self._openstack_cloud.launch_instance(
  File "/var/lib/juju/agents/unit-test-g6e7r8g0-0/charm/venv/github_runner_manager/openstack_cloud/openstack_cloud.py", line 138, in exception_handling_wrapper
    return func(*args, **kwargs)
  File "/var/lib/juju/agents/unit-test-g6e7r8g0-0/charm/venv/github_runner_manager/openstack_cloud/openstack_cloud.py", line 246, in launch_instance
    raise OpenStackError(f"Timeout creating openstack server {full_name}") from err
github_runner_manager.errors.OpenStackError: Timeout creating openstack server test-g6e7r8g0-0-17ff653479ba

The above exception was the direct cause of the following exception:

Traceback (most recent call last):
  File "/var/lib/juju/agents/unit-test-g6e7r8g0-0/charm/venv/github_runner_manager/manager/runner_manager.py", line 276, in _spawn_runners
    return (RunnerManager._create_runner(create_runner_args_sequence[0]),)
  File "/var/lib/juju/agents/unit-test-g6e7r8g0-0/charm/venv/github_runner_manager/manager/runner_manager.py", line 404, in _create_runner
    return args.cloud_runner_manager.create_runner(registration_token=args.registration_token)
  File "/var/lib/juju/agents/unit-test-g6e7r8g0-0/charm/venv/github_runner_manager/openstack_cloud/openstack_runner_manager.py", line 217, in create_runner
    raise RunnerCreateError(f"Failed to create {instance_name} openstack runner") from err
github_runner_manager.errors.RunnerCreateError: Failed to create test-g6e7r8g0-0-17ff653479ba openstack runner
unit-test-g6e7r8g0-0: 18:40:54 CRITICAL unit.test-g6e7r8g0/0.juju-log test mode is enabled
unit-test-g6e7r8g0-0: 18:41:12 CRITICAL unit.test-g6e7r8g0/0.juju-log test mode is enabled
unit-test-g6e7r8g0-0: 18:43:37 CRITICAL unit.test-g6e7r8g0/0.juju-log test mode is enabled
unit-test-g6e7r8g0-0: 18:47:42 CRITICAL unit.test-g6e7r8g0/0.juju-log test mode is enabled
unit-test-g6e7r8g0-0: 18:53:04 CRITICAL unit.test-g6e7r8g0/0.juju-log test mode is enabled
unit-test-g6e7r8g0-0: 18:58:06 CRITICAL unit.test-g6e7r8g0/0.juju-log test mode is enabled
unit-test-g6e7r8g0-0: 19:02:45 CRITICAL unit.test-g6e7r8g0/0.juju-log test mode is enabled
unit-test-g6e7r8g0-0: 19:07:44 CRITICAL unit.test-g6e7r8g0/0.juju-log test mode is enabled

INFO     pytest_operator.plugin:plugin.py:1017 Forgetting model main...