06:44:27 INFO cli: juju add-model --no-switch jubilant-d5a3d8f8 --controller microk8s
06:44:27 INFO cli: juju deploy --model microk8s:jubilant-d5a3d8f8 prometheus-k8s --channel 1/stable
06:44:45 INFO wait: status changed:
+ .model.name = 'jubilant-d5a3d8f8'
+ .model.type = 'caas'
+ .model.controller = 'microk8s'
+ .model.cloud = 'microk8s'
+ .model.version = '3.6.11'
+ .model.region = 'localhost'
+ .model.model_status.current = 'available'
+ .apps['prometheus-k8s'].charm = 'prometheus-k8s'
+ .apps['prometheus-k8s'].charm_origin = 'charmhub'
+ .apps['prometheus-k8s'].charm_name = 'prometheus-k8s'
+ .apps['prometheus-k8s'].charm_rev = 247
+ .apps['prometheus-k8s'].exposed = False
+ .apps['prometheus-k8s'].base.name = 'ubuntu'
+ .apps['prometheus-k8s'].base.channel = '20.04'
+ .apps['prometheus-k8s'].charm_channel = '1/stable'
+ .apps['prometheus-k8s'].scale = 1
+ .apps['prometheus-k8s'].app_status.current = 'waiting'
+ .apps['prometheus-k8s'].app_status.message = 'installing agent'
+ .apps['prometheus-k8s'].relations['prometheus-peers'][0].related_app = 'prometheus-k8s'
+ .apps['prometheus-k8s'].relations['prometheus-peers'][0].interface = 'prometheus_peers'
+ .apps['prometheus-k8s'].relations['prometheus-peers'][0].scope = 'global'
+ .apps['prometheus-k8s'].units['prometheus-k8s/0'].workload_status.current = 'waiting'
+ .apps['prometheus-k8s'].units['prometheus-k8s/0'].workload_status.message = 'installing agent'
+ .apps['prometheus-k8s'].units['prometheus-k8s/0'].juju_status.current = 'allocating'
+ .apps['prometheus-k8s'].endpoint_bindings[''] = 'alpha'
+ .apps['prometheus-k8s'].endpoint_bindings['alertmanager'] = 'alpha'
+ .apps['prometheus-k8s'].endpoint_bindings['catalogue'] = 'alpha'
+ .apps['prometheus-k8s'].endpoint_bindings['certificates'] = 'alpha'
+ .apps['prometheus-k8s'].endpoint_bindings['charm-tracing'] = 'alpha'
+ .apps['prometheus-k8s'].endpoint_bindings['grafana-dashboard'] = 'alpha'
+ .apps['prometheus-k8s'].endpoint_bindings['grafana-source'] = 'alpha'
+ .apps['prometheus-k8s'].endpoint_bindings['ingress'] = 'alpha'
+ .apps['prometheus-k8s'].endpoint_bindings['metrics-endpoint'] = 'alpha'
+ .apps['prometheus-k8s'].endpoint_bindings['prometheus-api'] = 'alpha'
+ .apps['prometheus-k8s'].endpoint_bindings['prometheus-peers'] = 'alpha'
+ .apps['prometheus-k8s'].endpoint_bindings['receive-remote-write'] = 'alpha'
+ .apps['prometheus-k8s'].endpoint_bindings['self-metrics-endpoint'] = 'alpha'
+ .apps['prometheus-k8s'].endpoint_bindings['send-datasource'] = 'alpha'
+ .apps['prometheus-k8s'].endpoint_bindings['workload-tracing'] = 'alpha'
+ .storage.storage['database/0'].kind = 'filesystem'
+ .storage.storage['database/0'].status.current = 'pending'
+ .storage.storage['database/0'].persistent = False
+ .storage.storage['database/0'].life = 'alive'
+ .storage.storage['database/0'].attachments.units['prometheus-k8s/0'].life = 'alive'
+ .storage.filesystems['0'].size = 0
+ .storage.filesystems['0'].volume = '0'
+ .storage.filesystems['0'].storage = 'database/0'
+ .storage.filesystems['0'].attachments.containers['prometheus-k8s/0'].mount_point = ''
+ .storage.filesystems['0'].attachments.containers['prometheus-k8s/0'].read_only = False
+ .storage.filesystems['0'].attachments.containers['prometheus-k8s/0'].life = 'alive'
+ .storage.filesystems['0'].attachments.units['prometheus-k8s/0'].life = 'alive'
+ .storage.filesystems['0'].life = 'alive'
+ .storage.filesystems['0'].status.current = 'pending'
+ .storage.volumes['0'].size = 0
+ .storage.volumes['0'].persistent = False
+ .storage.volumes['0'].storage = 'database/0'
+ .storage.volumes['0'].attachments.containers['prometheus-k8s/0'].read_only = False
+ .storage.volumes['0'].attachments.containers['prometheus-k8s/0'].life = 'alive'
+ .storage.volumes['0'].attachments.units['prometheus-k8s/0'].life = 'alive'
+ .storage.volumes['0'].life = 'alive'
+ .storage.volumes['0'].status.current = 'pending'
06:44:53 INFO wait: status changed:
+ .apps['prometheus-k8s'].charm_version = '24d374c'
06:44:58 INFO wait: status changed:
+ .apps['prometheus-k8s'].provider_id = 'c72d7056-0944-421e-a7bf-f0664104a149'
+ .apps['prometheus-k8s'].address = '10.152.183.248'
06:45:04 INFO wait: status changed:
+ .apps['prometheus-k8s'].units['prometheus-k8s/0'].provider_id = 'prometheus-k8s-0'
- .storage.storage['database/0'].status.current = 'pending'
+ .storage.storage['database/0'].status.current = 'attached'
+ .storage.storage['database/0'].status.message = 'Successfully provisioned volume pvc-b0c1ec46-5ed4-4ca0-aaa8-21a569b0375b'
- .storage.filesystems['0'].size = 0
+ .storage.filesystems['0'].size = 1024
+ .storage.filesystems['0'].provider_id = 'b0c1ec46-5ed4-4ca0-aaa8-21a569b0375b'
- .storage.filesystems['0'].attachments.containers['prometheus-k8s/0'].mount_point = ''
+ .storage.filesystems['0'].attachments.containers['prometheus-k8s/0'].mount_point = '/var/lib/juju/storage/database/0'
+ .storage.filesystems['0'].pool = 'kubernetes'
- .storage.filesystems['0'].status.current = 'pending'
- .storage.volumes['0'].size = 0
- .storage.volumes['0'].persistent = False
+ .storage.filesystems['0'].status.current = 'attached'
+ .storage.filesystems['0'].status.message = 'Successfully provisioned volume pvc-b0c1ec46-5ed4-4ca0-aaa8-21a569b0375b'
+ .storage.volumes['0'].size = 1024
+ .storage.volumes['0'].persistent = True
+ .storage.volumes['0'].provider_id = 'pvc-b0c1ec46-5ed4-4ca0-aaa8-21a569b0375b'
+ .storage.volumes['0'].pool = 'kubernetes'
- .storage.volumes['0'].status.current = 'pending'
+ .storage.volumes['0'].status.current = 'attached'
06:45:05 INFO wait: status changed:
+ .apps['prometheus-k8s'].units['prometheus-k8s/0'].address = '10.1.53.11'
06:45:11 INFO wait: status changed:
- .apps['prometheus-k8s'].app_status.message = 'installing agent'
+ .apps['prometheus-k8s'].app_status.message = 'agent initialising'
- .apps['prometheus-k8s'].units['prometheus-k8s/0'].workload_status.message = 'installing agent'
+ .apps['prometheus-k8s'].units['prometheus-k8s/0'].workload_status.message = 'agent initialising'
+ .apps['prometheus-k8s'].units['prometheus-k8s/0'].juju_status.version = '3.6.11'
+ .apps['prometheus-k8s'].units['prometheus-k8s/0'].leader = True
06:45:12 INFO wait: status changed:
- .apps['prometheus-k8s'].app_status.current = 'waiting'
- .apps['prometheus-k8s'].app_status.message = 'agent initialising'
+ .apps['prometheus-k8s'].app_status.current = 'maintenance'
+ .apps['prometheus-k8s'].app_status.message = 'installing charm software'
- .apps['prometheus-k8s'].units['prometheus-k8s/0'].workload_status.current = 'waiting'
- .apps['prometheus-k8s'].units['prometheus-k8s/0'].workload_status.message = 'agent initialising'
- .apps['prometheus-k8s'].units['prometheus-k8s/0'].juju_status.current = 'allocating'
+ .apps['prometheus-k8s'].units['prometheus-k8s/0'].workload_status.current = 'maintenance'
+ .apps['prometheus-k8s'].units['prometheus-k8s/0'].workload_status.message = 'installing charm software'
+ .apps['prometheus-k8s'].units['prometheus-k8s/0'].juju_status.current = 'executing'
+ .apps['prometheus-k8s'].units['prometheus-k8s/0'].juju_status.message = 'running install hook'
06:45:13 INFO wait: status changed:
- .apps['prometheus-k8s'].app_status.current = 'maintenance'
- .apps['prometheus-k8s'].app_status.message = 'installing charm software'
+ .apps['prometheus-k8s'].app_status.current = 'waiting'
+ .apps['prometheus-k8s'].app_status.message = 'installing agent'
- .apps['prometheus-k8s'].units['prometheus-k8s/0'].workload_status.current = 'maintenance'
- .apps['prometheus-k8s'].units['prometheus-k8s/0'].workload_status.message = 'installing charm software'
+ .apps['prometheus-k8s'].units['prometheus-k8s/0'].workload_status.current = 'active'
06:45:14 INFO wait: status changed:
- .apps['prometheus-k8s'].app_status.current = 'waiting'
- .apps['prometheus-k8s'].app_status.message = 'installing agent'
+ .apps['prometheus-k8s'].app_status.current = 'active'
- .apps['prometheus-k8s'].units['prometheus-k8s/0'].juju_status.message = 'running install hook'
+ .apps['prometheus-k8s'].units['prometheus-k8s/0'].juju_status.message = 'running leader-elected hook'
06:45:16 INFO wait: status changed:
- .apps['prometheus-k8s'].units['prometheus-k8s/0'].juju_status.message = 'running leader-elected hook'
+ .apps['prometheus-k8s'].units['prometheus-k8s/0'].juju_status.message = 'running database-storage-attached hook'
06:45:17 INFO wait: status changed:
- .apps['prometheus-k8s'].app_status.current = 'active'
+ .apps['prometheus-k8s'].app_status.current = 'waiting'
+ .apps['prometheus-k8s'].app_status.message = 'Waiting for resource limit patch to apply'
- .apps['prometheus-k8s'].units['prometheus-k8s/0'].workload_status.current = 'active'
+ .apps['prometheus-k8s'].units['prometheus-k8s/0'].workload_status.current = 'waiting'
+ .apps['prometheus-k8s'].units['prometheus-k8s/0'].workload_status.message = 'Waiting for resource limit patch to apply'
- .apps['prometheus-k8s'].units['prometheus-k8s/0'].juju_status.message = 'running database-storage-attached hook'
+ .apps['prometheus-k8s'].units['prometheus-k8s/0'].juju_status.message = 'running config-changed hook'
06:45:18 INFO wait: status changed:
- .apps['prometheus-k8s'].units['prometheus-k8s/0'].workload_status.current = 'waiting'
- .apps['prometheus-k8s'].units['prometheus-k8s/0'].workload_status.message = 'Waiting for resource limit patch to apply'
- .apps['prometheus-k8s'].units['prometheus-k8s/0'].juju_status.current = 'executing'
- .apps['prometheus-k8s'].units['prometheus-k8s/0'].juju_status.message = 'running config-changed hook'
+ .apps['prometheus-k8s'].units['prometheus-k8s/0'].workload_status.current = 'unknown'
+ .apps['prometheus-k8s'].units['prometheus-k8s/0'].workload_status.message = "agent lost, see 'juju show-status-log prometheus-k8s/0'"
+ .apps['prometheus-k8s'].units['prometheus-k8s/0'].juju_status.current = 'lost'
+ .apps['prometheus-k8s'].units['prometheus-k8s/0'].juju_status.message = 'agent is not communicating with the server'
06:45:29 INFO wait: status changed:
- .apps['prometheus-k8s'].units['prometheus-k8s/0'].workload_status.current = 'unknown'
- .apps['prometheus-k8s'].units['prometheus-k8s/0'].workload_status.message = "agent lost, see 'juju show-status-log prometheus-k8s/0'"
- .apps['prometheus-k8s'].units['prometheus-k8s/0'].juju_status.current = 'lost'
- .apps['prometheus-k8s'].units['prometheus-k8s/0'].juju_status.message = 'agent is not communicating with the server'
+ .apps['prometheus-k8s'].units['prometheus-k8s/0'].workload_status.current = 'waiting'
+ .apps['prometheus-k8s'].units['prometheus-k8s/0'].workload_status.message = 'Waiting for resource limit patch to apply'
+ .apps['prometheus-k8s'].units['prometheus-k8s/0'].juju_status.current = 'executing'
+ .apps['prometheus-k8s'].units['prometheus-k8s/0'].juju_status.message = 'running start hook'
- .apps['prometheus-k8s'].units['prometheus-k8s/0'].address = '10.1.53.11'
+ .apps['prometheus-k8s'].units['prometheus-k8s/0'].address = '10.1.53.12'
06:45:31 INFO wait: status changed:
- .apps['prometheus-k8s'].units['prometheus-k8s/0'].juju_status.current = 'executing'
- .apps['prometheus-k8s'].units['prometheus-k8s/0'].juju_status.message = 'running start hook'
+ .apps['prometheus-k8s'].units['prometheus-k8s/0'].juju_status.current = 'idle'
06:45:34 INFO wait: status changed:
- .apps['prometheus-k8s'].app_status.current = 'waiting'
- .apps['prometheus-k8s'].app_status.message = 'Waiting for resource limit patch to apply'
+ .apps['prometheus-k8s'].app_status.current = 'active'
- .apps['prometheus-k8s'].units['prometheus-k8s/0'].workload_status.current = 'waiting'
- .apps['prometheus-k8s'].units['prometheus-k8s/0'].workload_status.message = 'Waiting for resource limit patch to apply'
+ .apps['prometheus-k8s'].units['prometheus-k8s/0'].workload_status.current = 'active'
06:45:35 INFO wait: status changed:
- .apps['prometheus-k8s'].units['prometheus-k8s/0'].juju_status.current = 'idle'
+ .apps['prometheus-k8s'].units['prometheus-k8s/0'].juju_status.current = 'executing'
+ .apps['prometheus-k8s'].units['prometheus-k8s/0'].juju_status.message = 'running prometheus-pebble-ready hook'
06:45:36 INFO Model controller: microk8s:jubilant-d5a3d8f8
06:45:36 INFO Controller: microk8s, Model: jubilant-d5a3d8f8
06:45:36 INFO cli: juju status --model microk8s:jubilant-d5a3d8f8 --format json
06:45:36 INFO cli: juju deploy --model microk8s:jubilant-d5a3d8f8 grafana-k8s --channel 1/stable
06:45:38 INFO cli: juju integrate --model microk8s:jubilant-d5a3d8f8 grafana-k8s:grafana-source prometheus-k8s:grafana-source
06:45:38 INFO wait: status changed:
+ .model.name = 'jubilant-d5a3d8f8'
+ .model.type = 'caas'
+ .model.controller = 'microk8s'
+ .model.cloud = 'microk8s'
+ .model.version = '3.6.11'
+ .model.region = 'localhost'
+ .model.model_status.current = 'available'
+ .apps['grafana-k8s'].charm = 'grafana-k8s'
+ .apps['grafana-k8s'].charm_origin = 'charmhub'
+ .apps['grafana-k8s'].charm_name = 'grafana-k8s'
+ .apps['grafana-k8s'].charm_rev = 160
+ .apps['grafana-k8s'].exposed = False
+ .apps['grafana-k8s'].base.name = 'ubuntu'
+ .apps['grafana-k8s'].base.channel = '20.04'
+ .apps['grafana-k8s'].charm_channel = '1/stable'
+ .apps['grafana-k8s'].scale = 1
+ .apps['grafana-k8s'].app_status.current = 'waiting'
+ .apps['grafana-k8s'].app_status.message = 'installing agent'
+ .apps['grafana-k8s'].relations['grafana'][0].related_app = 'grafana-k8s'
+ .apps['grafana-k8s'].relations['grafana'][0].interface = 'grafana_peers'
+ .apps['grafana-k8s'].relations['grafana'][0].scope = 'global'
+ .apps['grafana-k8s'].relations['grafana-source'][0].related_app = 'prometheus-k8s'
+ .apps['grafana-k8s'].relations['grafana-source'][0].interface = 'grafana_datasource'
+ .apps['grafana-k8s'].relations['grafana-source'][0].scope = 'global'
+ .apps['grafana-k8s'].relations['replicas'][0].related_app = 'grafana-k8s'
+ .apps['grafana-k8s'].relations['replicas'][0].interface = 'grafana_replicas'
+ .apps['grafana-k8s'].relations['replicas'][0].scope = 'global'
+ .apps['grafana-k8s'].units['grafana-k8s/0'].workload_status.current = 'waiting'
+ .apps['grafana-k8s'].units['grafana-k8s/0'].workload_status.message = 'installing agent'
+ .apps['grafana-k8s'].units['grafana-k8s/0'].juju_status.current = 'allocating'
+ .apps['grafana-k8s'].endpoint_bindings[''] = 'alpha'
+ .apps['grafana-k8s'].endpoint_bindings['catalogue'] = 'alpha'
+ .apps['grafana-k8s'].endpoint_bindings['certificates'] = 'alpha'
+ .apps['grafana-k8s'].endpoint_bindings['charm-tracing'] = 'alpha'
+ .apps['grafana-k8s'].endpoint_bindings['database'] = 'alpha'
+ .apps['grafana-k8s'].endpoint_bindings['grafana'] = 'alpha'
+ .apps['grafana-k8s'].endpoint_bindings['grafana-auth'] = 'alpha'
+ .apps['grafana-k8s'].endpoint_bindings['grafana-dashboard'] = 'alpha'
+ .apps['grafana-k8s'].endpoint_bindings['grafana-metadata'] = 'alpha'
+ .apps['grafana-k8s'].endpoint_bindings['grafana-source'] = 'alpha'
+ .apps['grafana-k8s'].endpoint_bindings['ingress'] = 'alpha'
+ .apps['grafana-k8s'].endpoint_bindings['metrics-endpoint'] = 'alpha'
+ .apps['grafana-k8s'].endpoint_bindings['oauth'] = 'alpha'
+ .apps['grafana-k8s'].endpoint_bindings['profiling-endpoint'] = 'alpha'
+ .apps['grafana-k8s'].endpoint_bindings['receive-ca-cert'] = 'alpha'
+ .apps['grafana-k8s'].endpoint_bindings['replicas'] = 'alpha'
+ .apps['grafana-k8s'].endpoint_bindings['workload-tracing'] = 'alpha'
+ .apps['prometheus-k8s'].charm = 'prometheus-k8s'
+ .apps['prometheus-k8s'].charm_origin = 'charmhub'
+ .apps['prometheus-k8s'].charm_name = 'prometheus-k8s'
+ .apps['prometheus-k8s'].charm_rev = 247
+ .apps['prometheus-k8s'].exposed = False
+ .apps['prometheus-k8s'].base.name = 'ubuntu'
+ .apps['prometheus-k8s'].base.channel = '20.04'
+ .apps['prometheus-k8s'].charm_channel = '1/stable'
+ .apps['prometheus-k8s'].charm_version = '24d374c'
+ .apps['prometheus-k8s'].scale = 1
+ .apps['prometheus-k8s'].provider_id = 'c72d7056-0944-421e-a7bf-f0664104a149'
+ .apps['prometheus-k8s'].address = '10.152.183.248'
+ .apps['prometheus-k8s'].app_status.current = 'active'
+ .apps['prometheus-k8s'].relations['grafana-source'][0].related_app = 'grafana-k8s'
+ .apps['prometheus-k8s'].relations['grafana-source'][0].interface = 'grafana_datasource'
+ .apps['prometheus-k8s'].relations['grafana-source'][0].scope = 'global'
+ .apps['prometheus-k8s'].relations['prometheus-peers'][0].related_app = 'prometheus-k8s'
+ .apps['prometheus-k8s'].relations['prometheus-peers'][0].interface = 'prometheus_peers'
+ .apps['prometheus-k8s'].relations['prometheus-peers'][0].scope = 'global'
+ .apps['prometheus-k8s'].units['prometheus-k8s/0'].workload_status.current = 'active'
+ .apps['prometheus-k8s'].units['prometheus-k8s/0'].juju_status.current = 'executing'
+ .apps['prometheus-k8s'].units['prometheus-k8s/0'].juju_status.message = 'running prometheus-pebble-ready hook'
+ .apps['prometheus-k8s'].units['prometheus-k8s/0'].juju_status.version = '3.6.11'
+ .apps['prometheus-k8s'].units['prometheus-k8s/0'].leader = True
+ .apps['prometheus-k8s'].units['prometheus-k8s/0'].address = '10.1.53.12'
+ .apps['prometheus-k8s'].units['prometheus-k8s/0'].provider_id = 'prometheus-k8s-0'
+ .apps['prometheus-k8s'].endpoint_bindings[''] = 'alpha'
+ .apps['prometheus-k8s'].endpoint_bindings['alertmanager'] = 'alpha'
+ .apps['prometheus-k8s'].endpoint_bindings['catalogue'] = 'alpha'
+ .apps['prometheus-k8s'].endpoint_bindings['certificates'] = 'alpha'
+ .apps['prometheus-k8s'].endpoint_bindings['charm-tracing'] = 'alpha'
+ .apps['prometheus-k8s'].endpoint_bindings['grafana-dashboard'] = 'alpha'
+ .apps['prometheus-k8s'].endpoint_bindings['grafana-source'] = 'alpha'
+ .apps['prometheus-k8s'].endpoint_bindings['ingress'] = 'alpha'
+ .apps['prometheus-k8s'].endpoint_bindings['metrics-endpoint'] = 'alpha'
+ .apps['prometheus-k8s'].endpoint_bindings['prometheus-api'] = 'alpha'
+ .apps['prometheus-k8s'].endpoint_bindings['prometheus-peers'] = 'alpha'
+ .apps['prometheus-k8s'].endpoint_bindings['receive-remote-write'] = 'alpha'
+ .apps['prometheus-k8s'].endpoint_bindings['self-metrics-endpoint'] = 'alpha'
+ .apps['prometheus-k8s'].endpoint_bindings['send-datasource'] = 'alpha'
+ .apps['prometheus-k8s'].endpoint_bindings['workload-tracing'] = 'alpha'
+ .offers['prometheus-k8s'].app = 'prometheus-k8s'
+ .offers['prometheus-k8s'].endpoints['receive-remote-write'].interface = 'prometheus_remote_write'
+ .offers['prometheus-k8s'].endpoints['receive-remote-write'].role = 'provider'
+ .offers['prometheus-k8s'].charm = 'ch:amd64/prometheus-k8s-247'
+ .storage.storage['database/0'].kind = 'filesystem'
+ .storage.storage['database/0'].status.current = 'attached'
+ .storage.storage['database/0'].status.message = 'Successfully provisioned volume pvc-b0c1ec46-5ed4-4ca0-aaa8-21a569b0375b'
+ .storage.storage['database/0'].persistent = False
+ .storage.storage['database/0'].life = 'alive'
+ .storage.storage['database/0'].attachments.units['prometheus-k8s/0'].life = 'alive'
+ .storage.storage['database/1'].kind = 'filesystem'
+ .storage.storage['database/1'].status.current = 'pending'
+ .storage.storage['database/1'].persistent = False
+ .storage.storage['database/1'].life = 'alive'
+ .storage.storage['database/1'].attachments.units['grafana-k8s/0'].life = 'alive'
+ .storage.filesystems['0'].size = 1024
+ .storage.filesystems['0'].provider_id = 'b0c1ec46-5ed4-4ca0-aaa8-21a569b0375b'
+ .storage.filesystems['0'].volume = '0'
+ .storage.filesystems['0'].storage = 'database/0'
+ .storage.filesystems['0'].attachments.containers['prometheus-k8s/0'].mount_point = '/var/lib/juju/storage/database/0'
+ .storage.filesystems['0'].attachments.containers['prometheus-k8s/0'].read_only = False
+ .storage.filesystems['0'].attachments.containers['prometheus-k8s/0'].life = 'alive'
+ .storage.filesystems['0'].attachments.units['prometheus-k8s/0'].life = 'alive'
+ .storage.filesystems['0'].pool = 'kubernetes'
+ .storage.filesystems['0'].life = 'alive'
+ .storage.filesystems['0'].status.current = 'attached'
+ .storage.filesystems['0'].status.message = 'Successfully provisioned volume pvc-b0c1ec46-5ed4-4ca0-aaa8-21a569b0375b'
+ .storage.filesystems['1'].size = 0
+ .storage.filesystems['1'].volume = '1'
+ .storage.filesystems['1'].storage = 'database/1'
+ .storage.filesystems['1'].attachments.containers['grafana-k8s/0'].mount_point = ''
+ .storage.filesystems['1'].attachments.containers['grafana-k8s/0'].read_only = False
+ .storage.filesystems['1'].attachments.containers['grafana-k8s/0'].life = 'alive'
+ .storage.filesystems['1'].attachments.units['grafana-k8s/0'].life = 'alive'
+ .storage.filesystems['1'].life = 'alive'
+ .storage.filesystems['1'].status.current = 'pending'
+ .storage.volumes['0'].size = 1024
+ .storage.volumes['0'].persistent = True
+ .storage.volumes['0'].provider_id = 'pvc-b0c1ec46-5ed4-4ca0-aaa8-21a569b0375b'
+ .storage.volumes['0'].storage = 'database/0'
+ .storage.volumes['0'].attachments.containers['prometheus-k8s/0'].read_only = False
+ .storage.volumes['0'].attachments.containers['prometheus-k8s/0'].life = 'alive'
+ .storage.volumes['0'].attachments.units['prometheus-k8s/0'].life = 'alive'
+ .storage.volumes['0'].pool = 'kubernetes'
+ .storage.volumes['0'].life = 'alive'
+ .storage.volumes['0'].status.current = 'attached'
+ .storage.volumes['1'].size = 0
+ .storage.volumes['1'].persistent = False
+ .storage.volumes['1'].storage = 'database/1'
+ .storage.volumes['1'].attachments.containers['grafana-k8s/0'].read_only = False
+ .storage.volumes['1'].attachments.containers['grafana-k8s/0'].life = 'alive'
+ .storage.volumes['1'].attachments.units['grafana-k8s/0'].life = 'alive'
+ .storage.volumes['1'].life = 'alive'
+ .storage.volumes['1'].status.current = 'pending'
06:45:39 INFO wait: status changed:
+ .apps['grafana-k8s'].charm_version = 'rev151-8-g6624bd3'
- .apps['prometheus-k8s'].units['prometheus-k8s/0'].juju_status.message = 'running prometheus-pebble-ready hook'
+ .apps['prometheus-k8s'].units['prometheus-k8s/0'].juju_status.message = 'running grafana-source-relation-created hook'
+ .apps['prometheus-k8s'].version = '2.52.0'
06:45:43 INFO wait: status changed:
- .apps['prometheus-k8s'].units['prometheus-k8s/0'].juju_status.current = 'executing'
- .apps['prometheus-k8s'].units['prometheus-k8s/0'].juju_status.message = 'running grafana-source-relation-created hook'
+ .apps['prometheus-k8s'].units['prometheus-k8s/0'].juju_status.current = 'idle'
06:47:06 INFO wait: status changed:
+ .apps['grafana-k8s'].provider_id = '2fb4d33c-ffc1-4c5e-8691-6fbd8145f591'
+ .apps['grafana-k8s'].address = '10.152.183.246'
06:47:12 INFO wait: status changed:
- .apps['grafana-k8s'].app_status.message = 'installing agent'
+ .apps['grafana-k8s'].app_status.message = 'agent initialising'
- .apps['grafana-k8s'].units['grafana-k8s/0'].workload_status.message = 'installing agent'
+ .apps['grafana-k8s'].units['grafana-k8s/0'].workload_status.message = 'agent initialising'
+ .apps['grafana-k8s'].units['grafana-k8s/0'].juju_status.version = '3.6.11'
+ .apps['grafana-k8s'].units['grafana-k8s/0'].leader = True
+ .apps['grafana-k8s'].units['grafana-k8s/0'].address = '10.1.53.15'
+ .apps['grafana-k8s'].units['grafana-k8s/0'].provider_id = 'grafana-k8s-0'
- .storage.storage['database/1'].status.current = 'pending'
+ .storage.storage['database/1'].status.current = 'attached'
+ .storage.storage['database/1'].status.message = 'Successfully provisioned volume pvc-3c791660-03b4-4b67-b28c-850c5c16499a'
- .storage.filesystems['1'].size = 0
+ .storage.filesystems['1'].size = 1024
+ .storage.filesystems['1'].provider_id = '3c791660-03b4-4b67-b28c-850c5c16499a'
- .storage.filesystems['1'].attachments.containers['grafana-k8s/0'].mount_point = ''
+ .storage.filesystems['1'].attachments.containers['grafana-k8s/0'].mount_point = '/var/lib/juju/storage/database/0'
+ .storage.filesystems['1'].pool = 'kubernetes'
- .storage.filesystems['1'].status.current = 'pending'
+ .storage.filesystems['1'].status.current = 'attached'
+ .storage.filesystems['1'].status.message = 'Successfully provisioned volume pvc-3c791660-03b4-4b67-b28c-850c5c16499a'
- .storage.volumes['1'].size = 0
- .storage.volumes['1'].persistent = False
+ .storage.volumes['1'].size = 1024
+ .storage.volumes['1'].persistent = True
+ .storage.volumes['1'].provider_id = 'pvc-3c791660-03b4-4b67-b28c-850c5c16499a'
+ .storage.volumes['1'].pool = 'kubernetes'
- .storage.volumes['1'].status.current = 'pending'
+ .storage.volumes['1'].status.current = 'attached'
06:47:17 INFO wait: status changed:
- .apps['grafana-k8s'].app_status.current = 'waiting'
- .apps['grafana-k8s'].app_status.message = 'agent initialising'
+ .apps['grafana-k8s'].app_status.current = 'maintenance'
+ .apps['grafana-k8s'].app_status.message = 'installing charm software'
- .apps['grafana-k8s'].units['grafana-k8s/0'].workload_status.current = 'waiting'
- .apps['grafana-k8s'].units['grafana-k8s/0'].workload_status.message = 'agent initialising'
- .apps['grafana-k8s'].units['grafana-k8s/0'].juju_status.current = 'allocating'
+ .apps['grafana-k8s'].units['grafana-k8s/0'].workload_status.current = 'maintenance'
+ .apps['grafana-k8s'].units['grafana-k8s/0'].workload_status.message = 'installing charm software'
+ .apps['grafana-k8s'].units['grafana-k8s/0'].juju_status.current = 'executing'
+ .apps['grafana-k8s'].units['grafana-k8s/0'].juju_status.message = 'running install hook'
06:47:19 INFO wait: status changed:
- .apps['grafana-k8s'].units['grafana-k8s/0'].juju_status.message = 'running install hook'
+ .apps['grafana-k8s'].units['grafana-k8s/0'].juju_status.message = 'running grafana-relation-created hook'
- .apps['prometheus-k8s'].units['prometheus-k8s/0'].juju_status.current = 'idle'
+ .apps['prometheus-k8s'].units['prometheus-k8s/0'].juju_status.current = 'executing'
+ .apps['prometheus-k8s'].units['prometheus-k8s/0'].juju_status.message = 'running grafana-source-relation-joined hook for grafana-k8s/0'
06:47:20 INFO wait: status changed:
- .apps['grafana-k8s'].units['grafana-k8s/0'].juju_status.message = 'running grafana-relation-created hook'
+ .apps['grafana-k8s'].units['grafana-k8s/0'].juju_status.message = 'running grafana-source-relation-created hook'
06:47:21 INFO wait: status changed:
- .apps['grafana-k8s'].units['grafana-k8s/0'].juju_status.message = 'running grafana-source-relation-created hook'
+ .apps['grafana-k8s'].units['grafana-k8s/0'].juju_status.message = 'running replicas-relation-created hook'
06:47:22 INFO wait: status changed:
- .apps['grafana-k8s'].units['grafana-k8s/0'].juju_status.message = 'running replicas-relation-created hook'
+ .apps['grafana-k8s'].units['grafana-k8s/0'].juju_status.message = 'running leader-elected hook'
06:47:24 INFO wait: status changed:
- .apps['grafana-k8s'].units['grafana-k8s/0'].juju_status.message = 'running leader-elected hook'
+ .apps['grafana-k8s'].units['grafana-k8s/0'].juju_status.message = 'running grafana-pebble-ready hook'
- .apps['prometheus-k8s'].units['prometheus-k8s/0'].juju_status.message = 'running grafana-source-relation-joined hook for grafana-k8s/0'
+ .apps['prometheus-k8s'].units['prometheus-k8s/0'].juju_status.message = 'running grafana-source-relation-changed hook for grafana-k8s/0'
06:47:26 INFO wait: status changed:
- .apps['grafana-k8s'].units['grafana-k8s/0'].juju_status.current = 'executing'
- .apps['grafana-k8s'].units['grafana-k8s/0'].juju_status.message = 'running grafana-pebble-ready hook'
+ .apps['grafana-k8s'].units['grafana-k8s/0'].juju_status.current = 'idle'
06:47:27 INFO wait: status changed:
- .apps['prometheus-k8s'].units['prometheus-k8s/0'].juju_status.current = 'executing'
- .apps['prometheus-k8s'].units['prometheus-k8s/0'].juju_status.message = 'running grafana-source-relation-changed hook for grafana-k8s/0'
+ .apps['prometheus-k8s'].units['prometheus-k8s/0'].juju_status.current = 'idle'
06:47:30 INFO wait: status changed:
- .apps['grafana-k8s'].units['grafana-k8s/0'].juju_status.current = 'idle'
+ .apps['grafana-k8s'].units['grafana-k8s/0'].juju_status.current = 'executing'
+ .apps['grafana-k8s'].units['grafana-k8s/0'].juju_status.message = 'running litestream-pebble-ready hook'
+ .apps['grafana-k8s'].version = '9.5.21'
06:47:31 INFO wait: status changed:
- .apps['grafana-k8s'].units['grafana-k8s/0'].juju_status.message = 'running litestream-pebble-ready hook'
+ .apps['grafana-k8s'].units['grafana-k8s/0'].juju_status.message = 'running database-storage-attached hook'
06:47:32 INFO wait: status changed:
- .apps['grafana-k8s'].units['grafana-k8s/0'].juju_status.message = 'running database-storage-attached hook'
+ .apps['grafana-k8s'].units['grafana-k8s/0'].juju_status.message = 'running config-changed hook'
06:47:34 INFO wait: status changed:
- .apps['grafana-k8s'].units['grafana-k8s/0'].workload_status.current = 'maintenance'
- .apps['grafana-k8s'].units['grafana-k8s/0'].workload_status.message = 'installing charm software'
- .apps['grafana-k8s'].units['grafana-k8s/0'].juju_status.current = 'executing'
- .apps['grafana-k8s'].units['grafana-k8s/0'].juju_status.message = 'running config-changed hook'
+ .apps['grafana-k8s'].units['grafana-k8s/0'].workload_status.current = 'unknown'
+ .apps['grafana-k8s'].units['grafana-k8s/0'].workload_status.message = "agent lost, see 'juju show-status-log grafana-k8s/0'"
+ .apps['grafana-k8s'].units['grafana-k8s/0'].juju_status.current = 'lost'
+ .apps['grafana-k8s'].units['grafana-k8s/0'].juju_status.message = 'agent is not communicating with the server'
06:47:52 INFO wait: status changed:
- .apps['grafana-k8s'].units['grafana-k8s/0'].workload_status.current = 'unknown'
- .apps['grafana-k8s'].units['grafana-k8s/0'].workload_status.message = "agent lost, see 'juju show-status-log grafana-k8s/0'"
- .apps['grafana-k8s'].units['grafana-k8s/0'].juju_status.current = 'lost'
- .apps['grafana-k8s'].units['grafana-k8s/0'].juju_status.message = 'agent is not communicating with the server'
+ .apps['grafana-k8s'].units['grafana-k8s/0'].workload_status.current = 'maintenance'
+ .apps['grafana-k8s'].units['grafana-k8s/0'].workload_status.message = 'installing charm software'
+ .apps['grafana-k8s'].units['grafana-k8s/0'].juju_status.current = 'executing'
+ .apps['grafana-k8s'].units['grafana-k8s/0'].juju_status.message = 'running config-changed hook'
- .apps['grafana-k8s'].units['grafana-k8s/0'].address = '10.1.53.15'
06:47:55 INFO wait: status changed:
+ .apps['grafana-k8s'].units['grafana-k8s/0'].address = '10.1.53.16'
06:47:56 INFO wait: status changed:
- .apps['grafana-k8s'].units['grafana-k8s/0'].juju_status.current = 'executing'
- .apps['grafana-k8s'].units['grafana-k8s/0'].juju_status.message = 'running config-changed hook'
+ .apps['grafana-k8s'].units['grafana-k8s/0'].juju_status.current = 'idle'
06:48:01 INFO wait: status changed:
- .apps['grafana-k8s'].app_status.current = 'maintenance'
- .apps['grafana-k8s'].app_status.message = 'installing charm software'
+ .apps['grafana-k8s'].app_status.current = 'waiting'
+ .apps['grafana-k8s'].app_status.message = 'installing agent'
- .apps['grafana-k8s'].units['grafana-k8s/0'].workload_status.current = 'maintenance'
- .apps['grafana-k8s'].units['grafana-k8s/0'].workload_status.message = 'installing charm software'
+ .apps['grafana-k8s'].units['grafana-k8s/0'].workload_status.current = 'active'
06:48:03 INFO wait: status changed:
- .apps['grafana-k8s'].units['grafana-k8s/0'].juju_status.current = 'idle'
+ .apps['grafana-k8s'].units['grafana-k8s/0'].juju_status.current = 'executing'
+ .apps['grafana-k8s'].units['grafana-k8s/0'].juju_status.message = 'running start hook'
06:48:04 INFO wait: status changed:
- .apps['grafana-k8s'].units['grafana-k8s/0'].juju_status.message = 'running start hook'
+ .apps['grafana-k8s'].units['grafana-k8s/0'].juju_status.message = 'running grafana-pebble-ready hook'
06:48:08 INFO wait: status changed:
- .apps['grafana-k8s'].app_status.current = 'waiting'
- .apps['grafana-k8s'].app_status.message = 'installing agent'
+ .apps['grafana-k8s'].app_status.current = 'active'
06:48:09 INFO wait: status changed:
- .apps['grafana-k8s'].units['grafana-k8s/0'].juju_status.message = 'running grafana-pebble-ready hook'
+ .apps['grafana-k8s'].units['grafana-k8s/0'].juju_status.message = 'running litestream-pebble-ready hook'
06:48:10 INFO wait: status changed:
- .apps['grafana-k8s'].units['grafana-k8s/0'].juju_status.message = 'running litestream-pebble-ready hook'
+ .apps['grafana-k8s'].units['grafana-k8s/0'].juju_status.message = 'running grafana-relation-changed hook'
06:48:10 INFO Controller: microk8s, Model: jubilant-d5a3d8f8
06:48:11 INFO cli: juju status --model microk8s:jubilant-d5a3d8f8 --format json
06:48:11 INFO cli: juju deploy --model microk8s:jubilant-d5a3d8f8 traefik-k8s --channel latest/stable
06:48:14 INFO cli: juju integrate --model microk8s:jubilant-d5a3d8f8 traefik-k8s prometheus-k8s:ingress
06:48:14 INFO cli: juju integrate --model microk8s:jubilant-d5a3d8f8 traefik-k8s grafana-k8s:ingress
06:48:14 WARNING unexpected facade SSHServer received from the controller
06:48:14 INFO Adding model github-pr-1dbf2-lxd:test-prometheus-metrics-3r5g on cloud localhost
06:48:15 WARNING unexpected facade SSHServer received from the controller
06:48:15 WARNING unexpected facade SSHSession received from the controller
06:48:15 WARNING unexpected facade SSHTunneler received from the controller
06:48:15 WARNING unexpected facade SSHServer received from the controller
06:48:16 INFO Deploying ch:amd64/jammy/github-runner-image-builder-133
06:48:28 INFO Deploying local:jammy/github-runner-0
06:48:28 INFO Waiting for model:
  test-zcowmqks/0 [allocating] waiting: waiting for machine
  github-runner-image-builder-zcowmqks/0 [allocating] waiting: waiting for machine
06:48:58 INFO Waiting for model:
  test-zcowmqks/0 [allocating] waiting: waiting for machine
  github-runner-image-builder-zcowmqks/0 [allocating] waiting: waiting for machine
06:49:28 INFO Waiting for model:
  test-zcowmqks/0 [allocating] waiting: waiting for machine
  github-runner-image-builder-zcowmqks/0 [allocating] waiting: waiting for machine
06:49:58 INFO Waiting for model:
  test-zcowmqks/0 [executing] maintenance: installing charm software
  github-runner-image-builder-zcowmqks/0 [executing] maintenance: Setting up Builder.
06:50:28 INFO Waiting for model:
  test-zcowmqks/0 [executing] blocked: Please provide image integration.
  github-runner-image-builder-zcowmqks/0 [executing] maintenance: Setting up Builder.
06:50:58 INFO Waiting for model:
  test-zcowmqks/0 [idle] blocked: Please provide image integration.
  github-runner-image-builder-zcowmqks/0 [executing] maintenance: Setting up Builder.
06:51:28 INFO Waiting for model:
  test-zcowmqks/0 [idle] blocked: Please provide image integration.
  github-runner-image-builder-zcowmqks/0 [executing] maintenance: Setting up Builder.
06:51:59 INFO Waiting for model:
  test-zcowmqks/0 [idle] blocked: Please provide image integration.
  github-runner-image-builder-zcowmqks/0 [executing] maintenance: Setting up Builder.
06:52:29 INFO Waiting for model:
  test-zcowmqks/0 [idle] blocked: Please provide image integration.
  github-runner-image-builder-zcowmqks/0 [executing] maintenance: Setting up Builder.
06:54:05 INFO OpenStack servers: []
06:54:05 INFO cli: juju debug-log --model github-pr-1dbf2-lxd:test-prometheus-metrics-3r5g --limit 1000
06:54:05 INFO Model status:

Model                         Controller           Cloud/Region         Version  SLA          Timestamp
test-prometheus-metrics-3r5g  github-pr-1dbf2-lxd  localhost/localhost  3.6.11   unsupported  06:54:05Z

App                                   Version  Status   Scale  Charm                        Channel      Rev  Exposed  Message
github-runner-image-builder-zcowmqks           error        1  github-runner-image-builder  latest/edge  133  no       hook failed: "install"
test-zcowmqks                                  blocked      1  github-runner                               0  no       Please provide image integration.

Unit                                     Workload  Agent  Machine  Public address  Ports  Message
github-runner-image-builder-zcowmqks/0*  error     idle   0        10.8.64.96             hook failed: "install"
test-zcowmqks/0*                         blocked   idle   1        10.8.64.37             Please provide image integration.

Machine  State    Address     Inst id        Base          AZ             Message
0        started  10.8.64.96  juju-f64d26-0  ubuntu@22.04  github-runner  Running
1        started  10.8.64.37  juju-f64d26-1  ubuntu@22.04  github-runner  Running

06:54:05 INFO Juju error logs:

machine-0: 06:49:39 ERROR juju.worker.dependency "kvm-container-provisioner" manifold worker returned unexpected error: container types not yet available
machine-0: 06:49:39 ERROR juju.worker.dependency "lxd-container-provisioner" manifold worker returned unexpected error: container types not yet available
machine-1: 06:49:46 ERROR juju.worker.dependency "kvm-container-provisioner" manifold worker returned unexpected error: container types not yet available
machine-1: 06:49:46 ERROR juju.worker.dependency "lxd-container-provisioner" manifold worker returned unexpected error: container types not yet available
unit-github-runner-image-builder-zcowmqks-0: 06:50:11 ERROR unit.github-runner-image-builder-zcowmqks/0.juju-log Pipx command failed, code: 1, out: None, err: None
unit-test-zcowmqks-0: 06:50:27 ERROR unit.test-zcowmqks/0.juju-log Missing image integration.
Traceback (most recent call last):
  File "/var/lib/juju/agents/unit-test-zcowmqks-0/charm/./src/charm.py", line 118, in func_with_catch_errors
    func(self, event)
  File "/var/lib/juju/agents/unit-test-zcowmqks-0/charm/./src/charm.py", line 342, in _on_config_changed
    self._check_image_ready()
  File "/var/lib/juju/agents/unit-test-zcowmqks-0/charm/./src/charm.py", line 512, in _check_image_ready
    raise ImageIntegrationMissingError("No image integration found")
errors.ImageIntegrationMissingError: No image integration found
unit-test-zcowmqks-0: 06:50:28 ERROR unit.test-zcowmqks/0.juju-log Missing image integration.
Traceback (most recent call last):
  File "/var/lib/juju/agents/unit-test-zcowmqks-0/charm/./src/charm.py", line 118, in func_with_catch_errors
    func(self, event)
  File "/var/lib/juju/agents/unit-test-zcowmqks-0/charm/./src/charm.py", line 313, in _on_start
    self._check_image_ready()
  File "/var/lib/juju/agents/unit-test-zcowmqks-0/charm/./src/charm.py", line 512, in _check_image_ready
    raise ImageIntegrationMissingError("No image integration found")
errors.ImageIntegrationMissingError: No image integration found
unit-github-runner-image-builder-zcowmqks-0: 06:52:35 ERROR unit.github-runner-image-builder-zcowmqks/0.juju-log Failed to initialize builder, code: 1, out: None, err: None
unit-github-runner-image-builder-zcowmqks-0: 06:52:35 ERROR unit.github-runner-image-builder-zcowmqks/0.juju-log Uncaught exception while in charm code:
Traceback (most recent call last):
  File "/var/lib/juju/agents/unit-github-runner-image-builder-zcowmqks-0/charm/src/builder.py", line 156, in _initialize_image_builder
    subprocess.run(
  File "/usr/lib/python3.10/subprocess.py", line 526, in run
    raise CalledProcessError(retcode, process.args,
subprocess.CalledProcessError: Command '['/usr/bin/sudo', '/home/ubuntu/.local/bin/github-runner-image-builder', '--os-cloud', 'builder', 'init', '--arch', 'x64', '--prefix', 'github-runner-image-builder-zcowmqks']' returned non-zero exit status 1.

The above exception was the direct cause of the following exception:

Traceback (most recent call last):
  File "/var/lib/juju/agents/unit-github-runner-image-builder-zcowmqks-0/charm/src/builder.py", line 92, in initialize
    _initialize_image_builder(  # pragma: no cover
  File "/var/lib/juju/agents/unit-github-runner-image-builder-zcowmqks-0/charm/src/builder.py", line 171, in _initialize_image_builder
    raise ImageBuilderInitializeError from exc
exceptions.ImageBuilderInitializeError

The above exception was the direct cause of the following exception:

Traceback (most recent call last):
  File "/var/lib/juju/agents/unit-github-runner-image-builder-zcowmqks-0/charm/./src/charm.py", line 339, in <module>
    ops.main.main(GithubRunnerImageBuilderCharm)
  File "/var/lib/juju/agents/unit-github-runner-image-builder-zcowmqks-0/charm/venv/ops/__init__.py", line 363, in main
    return _legacy_main.main(
  File "/var/lib/juju/agents/unit-github-runner-image-builder-zcowmqks-0/charm/venv/ops/main.py", line 39, in main
    return _main.main(charm_class=charm_class, use_juju_for_storage=use_juju_for_storage)
  File "/var/lib/juju/agents/unit-github-runner-image-builder-zcowmqks-0/charm/venv/ops/_main.py", line 504, in main
    manager.run()
  File "/var/lib/juju/agents/unit-github-runner-image-builder-zcowmqks-0/charm/venv/ops/_main.py", line 488, in run
    self._emit()
  File "/var/lib/juju/agents/unit-github-runner-image-builder-zcowmqks-0/charm/venv/ops/_main.py", line 423, in _emit
    self._emit_charm_event(self.dispatcher.event_name)
  File "/var/lib/juju/agents/unit-github-runner-image-builder-zcowmqks-0/charm/venv/ops/_main.py", line 467, in _emit_charm_event
    event_to_emit.emit(*args, **kwargs)
  File "/var/lib/juju/agents/unit-github-runner-image-builder-zcowmqks-0/charm/venv/ops/framework.py", line 351, in emit
    framework._emit(event)
  File "/var/lib/juju/agents/unit-github-runner-image-builder-zcowmqks-0/charm/venv/ops/framework.py", line 924, in _emit
    self._reemit(event_path)
  File "/var/lib/juju/agents/unit-github-runner-image-builder-zcowmqks-0/charm/venv/ops/framework.py", line 1036, in _reemit
    custom_handler(event)
  File "/var/lib/juju/agents/unit-github-runner-image-builder-zcowmqks-0/charm/src/charm_utils.py", line 68, in wrapper
    return method(instance, event)
  File "/var/lib/juju/agents/unit-github-runner-image-builder-zcowmqks-0/charm/./src/charm.py", line 85, in _on_install
    self._setup_builder()
  File "/var/lib/juju/agents/unit-github-runner-image-builder-zcowmqks-0/charm/./src/charm.py", line 183, in _setup_builder
    builder.initialize(
  File "/var/lib/juju/agents/unit-github-runner-image-builder-zcowmqks-0/charm/src/builder.py", line 101, in initialize
    raise BuilderInitError from exc
exceptions.BuilderInitError
unit-github-runner-image-builder-zcowmqks-0: 06:52:36 ERROR juju.worker.uniter.operation hook "install" (via hook dispatching script: dispatch) failed: exit status 1

06:54:05 INFO Forgetting model main...