INFO     pytest_operator.plugin:plugin.py:929 Model status:

Model                   Controller  Cloud/Region         Version  SLA          Timestamp
test-charm-runner-npi7  lxd         localhost/localhost  3.6.1    unsupported  18:42:58Z

App                          Version  Status  Scale  Charm                        Channel      Rev  Exposed  Message
github-runner-image-builder           active      1  github-runner-image-builder  latest/edge    2  no       
test-opta1o96                         active      1  github-runner                               0  no       

Unit                            Workload  Agent  Machine  Public address  Ports  Message
github-runner-image-builder/0*  active    idle   0        10.70.75.124           
test-opta1o96/0*                active    idle   1        10.70.75.153           

Machine  State    Address       Inst id        Base          AZ  Message
0        started  10.70.75.124  juju-fd9099-0  ubuntu@22.04      Running
1        started  10.70.75.153  juju-fd9099-1  ubuntu@22.04      Running

INFO     pytest_operator.plugin:plugin.py:935 Juju error logs:

unit-test-opta1o96-0: 18:32:30 CRITICAL unit.test-opta1o96/0.juju-log test mode is enabled
unit-test-opta1o96-0: 18:32:54 CRITICAL unit.test-opta1o96/0.juju-log test mode is enabled
unit-test-opta1o96-0: 18:33:10 CRITICAL unit.test-opta1o96/0.juju-log test mode is enabled
unit-test-opta1o96-0: 18:33:18 CRITICAL unit.test-opta1o96/0.juju-log test mode is enabled
unit-test-opta1o96-0: 18:33:19 CRITICAL unit.test-opta1o96/0.juju-log test mode is enabled
unit-test-opta1o96-0: 18:33:53 ERROR unit.test-opta1o96/0.juju-log pre-job-metrics.json not found for runner test-opta1o96-0-18e6384bbc4c
Traceback (most recent call last):
  File "/var/lib/juju/agents/unit-test-opta1o96-0/charm/venv/github_runner_manager/metrics/runner.py", line 557, in _extract_file_from_storage
    file_content = metrics_storage.path.joinpath(filename).read_text(encoding="utf-8")
  File "/usr/lib/python3.10/pathlib.py", line 1134, in read_text
    with self.open(mode='r', encoding=encoding, errors=errors) as f:
  File "/usr/lib/python3.10/pathlib.py", line 1119, in open
    return self._accessor.open(self, mode, buffering, encoding, errors,
FileNotFoundError: [Errno 2] No such file or directory: '/home/runner-manager/runner-fs/test-opta1o96-0-18e6384bbc4c/pre-job-metrics.json'
unit-test-opta1o96-0: 18:33:53 ERROR unit.test-opta1o96/0.juju-log Pre-job metrics for runner test-opta1o96-0-18e6384bbc4c not found, stop extracting post-jobs metrics.
unit-test-opta1o96-0: 18:33:58 ERROR unit.test-opta1o96/0.juju-log Unable to get SSH connection for instance test-opta1o96-0-18e6384bbc4c, marking as unhealthy.
Traceback (most recent call last):
  File "/var/lib/juju/agents/unit-test-opta1o96-0/charm/venv/github_runner_manager/openstack_cloud/health_checks.py", line 130, in _get_ssh_connection
    ssh_conn = openstack_cloud.get_ssh_connection(instance)
  File "/var/lib/juju/agents/unit-test-opta1o96-0/charm/venv/github_runner_manager/openstack_cloud/openstack_cloud.py", line 138, in exception_handling_wrapper
    return func(*args, **kwargs)
  File "/var/lib/juju/agents/unit-test-opta1o96-0/charm/venv/github_runner_manager/openstack_cloud/openstack_cloud.py", line 324, in get_ssh_connection
    raise KeyfileError(
github_runner_manager.errors.KeyfileError: Missing keyfile for server: test-opta1o96-0-18e6384bbc4c, key path: /home/runner-manager/.ssh/test-opta1o96-0-18e6384bbc4c.key

The above exception was the direct cause of the following exception:

Traceback (most recent call last):
  File "/var/lib/juju/agents/unit-test-opta1o96-0/charm/venv/github_runner_manager/openstack_cloud/health_checks.py", line 49, in check_runner
    ssh_conn = _get_ssh_connection(openstack_cloud=openstack_cloud, instance=instance)
  File "/var/lib/juju/agents/unit-test-opta1o96-0/charm/venv/github_runner_manager/utilities.py", line 77, in fn_with_retry
    return func(*args, **kwargs)
  File "/var/lib/juju/agents/unit-test-opta1o96-0/charm/venv/github_runner_manager/openstack_cloud/health_checks.py", line 133, in _get_ssh_connection
    raise _SSHError(f"Unable to get SSH connection to {instance.server_name}") from exc
github_runner_manager.openstack_cloud.health_checks._SSHError: Unable to get SSH connection to test-opta1o96-0-18e6384bbc4c
unit-test-opta1o96-0: 18:33:59 CRITICAL unit.test-opta1o96/0.juju-log test mode is enabled
unit-test-opta1o96-0: 18:34:35 CRITICAL unit.test-opta1o96/0.juju-log test mode is enabled
unit-test-opta1o96-0: 18:34:36 CRITICAL unit.test-opta1o96/0.juju-log test mode is enabled
unit-test-opta1o96-0: 18:39:54 ERROR unit.test-opta1o96/0.juju-log Timeout creating openstack server test-opta1o96-0-275934d81289
Traceback (most recent call last):
  File "/var/lib/juju/agents/unit-test-opta1o96-0/charm/venv/github_runner_manager/openstack_cloud/openstack_cloud.py", line 227, in launch_instance
    server = conn.create_server(
  File "/var/lib/juju/agents/unit-test-opta1o96-0/charm/venv/decorator.py", line 232, in fun
    return caller(func, *(extras + args), **kw)
  File "/var/lib/juju/agents/unit-test-opta1o96-0/charm/venv/openstack/cloud/_utils.py", line 224, in func_wrapper
    return func(*args, **kwargs)
  File "/var/lib/juju/agents/unit-test-opta1o96-0/charm/venv/openstack/cloud/_compute.py", line 1021, in create_server
    server = self.wait_for_server(
  File "/var/lib/juju/agents/unit-test-opta1o96-0/charm/venv/openstack/cloud/_compute.py", line 1142, in wait_for_server
    for count in utils.iterate_timeout(
  File "/var/lib/juju/agents/unit-test-opta1o96-0/charm/venv/openstack/utils.py", line 73, in iterate_timeout
    raise exceptions.ResourceTimeout(message)
openstack.exceptions.ResourceTimeout: Timeout waiting for the server to come up.
unit-test-opta1o96-0: 18:39:58 ERROR unit.test-opta1o96/0.juju-log Failed to spawn a runner.
Traceback (most recent call last):
  File "/var/lib/juju/agents/unit-test-opta1o96-0/charm/venv/github_runner_manager/openstack_cloud/openstack_cloud.py", line 227, in launch_instance
    server = conn.create_server(
  File "/var/lib/juju/agents/unit-test-opta1o96-0/charm/venv/decorator.py", line 232, in fun
    return caller(func, *(extras + args), **kw)
  File "/var/lib/juju/agents/unit-test-opta1o96-0/charm/venv/openstack/cloud/_utils.py", line 224, in func_wrapper
    return func(*args, **kwargs)
  File "/var/lib/juju/agents/unit-test-opta1o96-0/charm/venv/openstack/cloud/_compute.py", line 1021, in create_server
    server = self.wait_for_server(
  File "/var/lib/juju/agents/unit-test-opta1o96-0/charm/venv/openstack/cloud/_compute.py", line 1142, in wait_for_server
    for count in utils.iterate_timeout(
  File "/var/lib/juju/agents/unit-test-opta1o96-0/charm/venv/openstack/utils.py", line 73, in iterate_timeout
    raise exceptions.ResourceTimeout(message)
openstack.exceptions.ResourceTimeout: Timeout waiting for the server to come up.

The above exception was the direct cause of the following exception:

Traceback (most recent call last):
  File "/var/lib/juju/agents/unit-test-opta1o96-0/charm/venv/github_runner_manager/openstack_cloud/openstack_runner_manager.py", line 209, in create_runner
    instance = self._openstack_cloud.launch_instance(
  File "/var/lib/juju/agents/unit-test-opta1o96-0/charm/venv/github_runner_manager/openstack_cloud/openstack_cloud.py", line 138, in exception_handling_wrapper
    return func(*args, **kwargs)
  File "/var/lib/juju/agents/unit-test-opta1o96-0/charm/venv/github_runner_manager/openstack_cloud/openstack_cloud.py", line 246, in launch_instance
    raise OpenStackError(f"Timeout creating openstack server {full_name}") from err
github_runner_manager.errors.OpenStackError: Timeout creating openstack server test-opta1o96-0-275934d81289

The above exception was the direct cause of the following exception:

Traceback (most recent call last):
  File "/var/lib/juju/agents/unit-test-opta1o96-0/charm/venv/github_runner_manager/manager/runner_manager.py", line 276, in _spawn_runners
    return (RunnerManager._create_runner(create_runner_args_sequence[0]),)
  File "/var/lib/juju/agents/unit-test-opta1o96-0/charm/venv/github_runner_manager/manager/runner_manager.py", line 404, in _create_runner
    return args.cloud_runner_manager.create_runner(registration_token=args.registration_token)
  File "/var/lib/juju/agents/unit-test-opta1o96-0/charm/venv/github_runner_manager/openstack_cloud/openstack_runner_manager.py", line 217, in create_runner
    raise RunnerCreateError(f"Failed to create {instance_name} openstack runner") from err
github_runner_manager.errors.RunnerCreateError: Failed to create test-opta1o96-0-275934d81289 openstack runner
unit-test-opta1o96-0: 18:40:04 CRITICAL unit.test-opta1o96/0.juju-log test mode is enabled
unit-test-opta1o96-0: 18:40:26 CRITICAL unit.test-opta1o96/0.juju-log image:0: test mode is enabled
unit-test-opta1o96-0: 18:40:38 ERROR unit.test-opta1o96/0.juju-log image:0: Health check failed due to unable to find keyfile for test-opta1o96-0-275934d81289
Traceback (most recent call last):
  File "/var/lib/juju/agents/unit-test-opta1o96-0/charm/venv/github_runner_manager/openstack_cloud/openstack_runner_manager.py", line 590, in _check_state_and_flush
    ssh_conn = self._openstack_cloud.get_ssh_connection(instance)
  File "/var/lib/juju/agents/unit-test-opta1o96-0/charm/venv/github_runner_manager/openstack_cloud/openstack_cloud.py", line 138, in exception_handling_wrapper
    return func(*args, **kwargs)
  File "/var/lib/juju/agents/unit-test-opta1o96-0/charm/venv/github_runner_manager/openstack_cloud/openstack_cloud.py", line 324, in get_ssh_connection
    raise KeyfileError(
github_runner_manager.errors.KeyfileError: Missing keyfile for server: test-opta1o96-0-275934d81289, key path: /home/runner-manager/.ssh/test-opta1o96-0-275934d81289.key
unit-test-opta1o96-0: 18:41:24 CRITICAL unit.test-opta1o96/0.juju-log test mode is enabled
unit-test-opta1o96-0: 18:41:31 CRITICAL unit.test-opta1o96/0.juju-log test mode is enabled
unit-test-opta1o96-0: 18:41:33 CRITICAL unit.test-opta1o96/0.juju-log test mode is enabled
unit-test-opta1o96-0: 18:41:55 ERROR unit.test-opta1o96/0.juju-log Failed to get SSH connection while removing test-opta1o96-0-275934d81289
Traceback (most recent call last):
  File "/var/lib/juju/agents/unit-test-opta1o96-0/charm/venv/github_runner_manager/openstack_cloud/openstack_runner_manager.py", line 441, in _delete_runner
    ssh_conn = self._openstack_cloud.get_ssh_connection(instance)
  File "/var/lib/juju/agents/unit-test-opta1o96-0/charm/venv/github_runner_manager/openstack_cloud/openstack_cloud.py", line 138, in exception_handling_wrapper
    return func(*args, **kwargs)
  File "/var/lib/juju/agents/unit-test-opta1o96-0/charm/venv/github_runner_manager/openstack_cloud/openstack_cloud.py", line 324, in get_ssh_connection
    raise KeyfileError(
github_runner_manager.errors.KeyfileError: Missing keyfile for server: test-opta1o96-0-275934d81289, key path: /home/runner-manager/.ssh/test-opta1o96-0-275934d81289.key
unit-test-opta1o96-0: 18:41:58 ERROR unit.test-opta1o96/0.juju-log runner-installed.timestamp not found for runner test-opta1o96-0-275934d81289
Traceback (most recent call last):
  File "/var/lib/juju/agents/unit-test-opta1o96-0/charm/venv/github_runner_manager/metrics/runner.py", line 557, in _extract_file_from_storage
    file_content = metrics_storage.path.joinpath(filename).read_text(encoding="utf-8")
  File "/usr/lib/python3.10/pathlib.py", line 1134, in read_text
    with self.open(mode='r', encoding=encoding, errors=errors) as f:
  File "/usr/lib/python3.10/pathlib.py", line 1119, in open
    return self._accessor.open(self, mode, buffering, encoding, errors,
FileNotFoundError: [Errno 2] No such file or directory: '/home/runner-manager/runner-fs/test-opta1o96-0-275934d81289/runner-installed.timestamp'
unit-test-opta1o96-0: 18:41:59 ERROR unit.test-opta1o96/0.juju-log installed timestamp not found for runner test-opta1o96-0-275934d81289, will not extract any metrics.
unit-test-opta1o96-0: 18:42:05 CRITICAL unit.test-opta1o96/0.juju-log test mode is enabled
unit-test-opta1o96-0: 18:42:30 ERROR unit.test-opta1o96/0.juju-log Failed to get SSH connection while removing test-opta1o96-0-275934d81289
Traceback (most recent call last):
  File "/var/lib/juju/agents/unit-test-opta1o96-0/charm/venv/github_runner_manager/openstack_cloud/openstack_runner_manager.py", line 441, in _delete_runner
    ssh_conn = self._openstack_cloud.get_ssh_connection(instance)
  File "/var/lib/juju/agents/unit-test-opta1o96-0/charm/venv/github_runner_manager/openstack_cloud/openstack_cloud.py", line 138, in exception_handling_wrapper
    return func(*args, **kwargs)
  File "/var/lib/juju/agents/unit-test-opta1o96-0/charm/venv/github_runner_manager/openstack_cloud/openstack_cloud.py", line 324, in get_ssh_connection
    raise KeyfileError(
github_runner_manager.errors.KeyfileError: Missing keyfile for server: test-opta1o96-0-275934d81289, key path: /home/runner-manager/.ssh/test-opta1o96-0-275934d81289.key
unit-test-opta1o96-0: 18:42:56 CRITICAL unit.test-opta1o96/0.juju-log test mode is enabled

INFO     pytest_operator.plugin:plugin.py:1017 Forgetting model main...