06:30:45 WARNING unexpected facade SSHServer received from the controller
06:30:45 INFO Adding model github-pr-587b7-lxd:test-charm-fork-repo-z6v1 on cloud localhost
06:30:45 WARNING unexpected facade SSHServer received from the controller
06:30:45 WARNING unexpected facade SSHSession received from the controller
06:30:45 WARNING unexpected facade SSHTunneler received from the controller
06:30:46 INFO Deploying ch:amd64/jammy/github-runner-image-builder-126
06:31:02 INFO Deploying local:jammy/github-runner-0
06:31:03 INFO Waiting for model:
  test-yj048zaj/0 [allocating] waiting: waiting for machine
  github-runner-image-builder-yj048zaj/0 [allocating] waiting: waiting for machine
06:31:33 INFO Waiting for model:
  test-yj048zaj/0 [allocating] waiting: waiting for machine
  github-runner-image-builder-yj048zaj/0 [allocating] waiting: waiting for machine
06:32:03 INFO Waiting for model:
  test-yj048zaj/0 [allocating] waiting: agent initialising
  github-runner-image-builder-yj048zaj/0 [allocating] waiting: agent initialising
06:32:34 INFO Waiting for model:
  test-yj048zaj/0 [executing] maintenance: installing charm software
  github-runner-image-builder-yj048zaj/0 [executing] maintenance: Setting up Builder.
06:33:04 INFO Waiting for model:
  test-yj048zaj/0 [idle] blocked: Please provide image integration.
  github-runner-image-builder-yj048zaj/0 [executing] maintenance: Setting up Builder.
06:33:34 INFO Waiting for model:
  test-yj048zaj/0 [idle] blocked: Please provide image integration.
  github-runner-image-builder-yj048zaj/0 [executing] maintenance: Setting up Builder.
06:34:04 INFO Waiting for model:
  test-yj048zaj/0 [idle] blocked: Please provide image integration.
  github-runner-image-builder-yj048zaj/0 [executing] maintenance: Setting up Builder.
06:34:35 INFO Waiting for model:
  test-yj048zaj/0 [idle] waiting: Waiting for image over integration.
  github-runner-image-builder-yj048zaj/0 [executing] active: Building image.
06:35:05 INFO Waiting for model:
  test-yj048zaj/0 [idle] waiting: Waiting for image over integration.
  github-runner-image-builder-yj048zaj/0 [executing] active: Building image.
06:35:36 INFO Waiting for model:
  test-yj048zaj/0 [idle] waiting: Waiting for image over integration.
  github-runner-image-builder-yj048zaj/0 [executing] active: Building image.
06:36:06 INFO Waiting for model:
  test-yj048zaj/0 [idle] waiting: Waiting for image over integration.
  github-runner-image-builder-yj048zaj/0 [executing] active: Building image.
06:36:37 INFO Waiting for model:
  test-yj048zaj/0 [idle] waiting: Waiting for image over integration.
  github-runner-image-builder-yj048zaj/0 [executing] active: Building image.
06:37:07 INFO Waiting for model:
  test-yj048zaj/0 [idle] waiting: Waiting for image over integration.
  github-runner-image-builder-yj048zaj/0 [executing] active: Building image.
06:37:38 INFO Waiting for model:
  test-yj048zaj/0 [idle] waiting: Waiting for image over integration.
  github-runner-image-builder-yj048zaj/0 [executing] active: Building image.
06:38:08 INFO Waiting for model:
  test-yj048zaj/0 [idle] waiting: Waiting for image over integration.
  github-runner-image-builder-yj048zaj/0 [executing] active: Building image.
06:38:38 INFO Waiting for model:
  test-yj048zaj/0 [idle] waiting: Waiting for image over integration.
  github-runner-image-builder-yj048zaj/0 [executing] active: Building image.
06:39:09 INFO Waiting for model:
  test-yj048zaj/0 [idle] waiting: Waiting for image over integration.
  github-runner-image-builder-yj048zaj/0 [executing] active: Building image.
06:39:39 INFO Waiting for model:
  test-yj048zaj/0 [idle] waiting: Waiting for image over integration.
  github-runner-image-builder-yj048zaj/0 [executing] active: Building image.
06:40:10 INFO Waiting for model:
  test-yj048zaj/0 [idle] waiting: Waiting for image over integration.
  github-runner-image-builder-yj048zaj/0 [executing] active: Building image.
06:40:40 INFO Waiting for model:
  test-yj048zaj/0 [idle] waiting: Waiting for image over integration.
  github-runner-image-builder-yj048zaj/0 [executing] active: Building image.
06:41:11 INFO Waiting for model:
  test-yj048zaj/0 [idle] waiting: Waiting for image over integration.
  github-runner-image-builder-yj048zaj/0 [executing] active: Building image.
06:41:41 INFO Waiting for model:
  test-yj048zaj/0 [idle] waiting: Waiting for image over integration.
  github-runner-image-builder-yj048zaj/0 [executing] active: Building image.
06:42:12 INFO Waiting for model:
  test-yj048zaj/0 [idle] waiting: Waiting for image over integration.
  github-runner-image-builder-yj048zaj/0 [executing] active: Building image.
06:42:42 INFO Waiting for model:
  test-yj048zaj/0 [idle] waiting: Waiting for image over integration.
  github-runner-image-builder-yj048zaj/0 [executing] active: Building image.
06:43:12 INFO Waiting for model:
  test-yj048zaj/0 [idle] waiting: Waiting for image over integration.
  github-runner-image-builder-yj048zaj/0 [executing] active: Building image.
06:43:42 INFO Waiting for model:
  test-yj048zaj/0 [idle] waiting: Waiting for image over integration.
  github-runner-image-builder-yj048zaj/0 [executing] active: Building image.
06:44:12 INFO Waiting for model:
  test-yj048zaj/0 [idle] waiting: Waiting for image over integration.
  github-runner-image-builder-yj048zaj/0 [executing] active: Building image.
06:44:43 INFO Waiting for model:
  test-yj048zaj/0 [idle] waiting: Waiting for image over integration.
  github-runner-image-builder-yj048zaj/0 [executing] active: Building image.
06:45:13 INFO Waiting for model:
  test-yj048zaj/0 [idle] waiting: Waiting for image over integration.
  github-runner-image-builder-yj048zaj/0 [executing] active: Building image.
06:45:43 INFO Waiting for model:
  test-yj048zaj/0 [idle] waiting: Waiting for image over integration.
  github-runner-image-builder-yj048zaj/0 [executing] active: Building image.
06:46:13 INFO Waiting for model:
  test-yj048zaj/0 [idle] waiting: Waiting for image over integration.
  github-runner-image-builder-yj048zaj/0 [executing] active: Building image.
06:46:43 INFO Waiting for model:
  test-yj048zaj/0 [idle] waiting: Waiting for image over integration.
  github-runner-image-builder-yj048zaj/0 [executing] active: Building image.
06:47:13 INFO Waiting for model:
  test-yj048zaj/0 [idle] waiting: Waiting for image over integration.
  github-runner-image-builder-yj048zaj/0 [executing] active: Building image.
06:47:44 INFO Waiting for model:
  test-yj048zaj/0 [idle] waiting: Waiting for image over integration.
  github-runner-image-builder-yj048zaj/0 [executing] active: Building image.
06:48:14 INFO Waiting for model:
  test-yj048zaj/0 [idle] waiting: Waiting for image over integration.
  github-runner-image-builder-yj048zaj/0 [executing] active: Building image.
06:48:44 INFO Waiting for model:
  test-yj048zaj/0 [idle] waiting: Waiting for image over integration.
  github-runner-image-builder-yj048zaj/0 [executing] active: Building image.
06:49:14 INFO Waiting for model:
  test-yj048zaj/0 [idle] waiting: Waiting for image over integration.
  github-runner-image-builder-yj048zaj/0 [executing] active: Building image.
06:49:45 INFO Waiting for model:
  test-yj048zaj/0 [idle] waiting: Waiting for image over integration.
  github-runner-image-builder-yj048zaj/0 [executing] active: Building image.
06:50:15 INFO Waiting for model:
  test-yj048zaj/0 [idle] waiting: Waiting for image over integration.
  github-runner-image-builder-yj048zaj/0 [executing] active: Building image.
06:50:45 INFO Waiting for model:
  test-yj048zaj/0 [idle] waiting: Waiting for image over integration.
  github-runner-image-builder-yj048zaj/0 [executing] active: Building image.
06:51:15 INFO Waiting for model:
  test-yj048zaj/0 [idle] waiting: Waiting for image over integration.
  github-runner-image-builder-yj048zaj/0 [executing] active: Building image.
06:51:45 INFO Waiting for model:
  test-yj048zaj/0 [idle] waiting: Waiting for image over integration.
  github-runner-image-builder-yj048zaj/0 [executing] active: Building image.
06:52:16 INFO Waiting for model:
  test-yj048zaj/0 [idle] waiting: Waiting for image over integration.
  github-runner-image-builder-yj048zaj/0 [executing] active: Building image.
06:52:46 INFO Waiting for model:
  test-yj048zaj/0 [idle] waiting: Waiting for image over integration.
  github-runner-image-builder-yj048zaj/0 [executing] active: Building image.
06:53:16 INFO Waiting for model:
  test-yj048zaj/0 [idle] waiting: Waiting for image over integration.
  github-runner-image-builder-yj048zaj/0 [executing] active: Building image.
06:53:46 INFO Waiting for model:
  test-yj048zaj/0 [idle] waiting: Waiting for image over integration.
  github-runner-image-builder-yj048zaj/0 [executing] active: Building image.
06:54:16 INFO Waiting for model:
  test-yj048zaj/0 [idle] waiting: Waiting for image over integration.
  github-runner-image-builder-yj048zaj/0 [executing] active: Building image.
06:54:46 INFO Waiting for model:
  test-yj048zaj/0 [executing] maintenance: Update image for runners
  github-runner-image-builder-yj048zaj/0 [idle] active: 
06:55:16 INFO Waiting for model:
  test-yj048zaj/0 [idle] active: 
06:55:21 INFO GitHub token rate limit: Rate(reset=2025-10-15 07:37:49+00:00, remaining=4951, limit=5000)
06:56:12 INFO Waiting for model:
  test-yj048zaj/0 [idle] active: 
06:56:42 INFO Waiting for model:
  test-yj048zaj/0 [idle] active: 
06:56:45 INFO Current reconcile ID: 90142652-3504-4b8c-9256-4e034d6849c3
06:56:45 INFO Waiting for reconcile ID: 90142652-3504-4b8c-9256-4e034d6849c3
06:57:46 INFO Current reconcile ID: 90142652-3504-4b8c-9256-4e034d6849c3
06:57:46 INFO Current reconcile ID: 90142652-3504-4b8c-9256-4e034d6849c3, expected reconcile ID: 90142652-3504-4b8c-9256-4e034d6849c3
06:57:46 INFO Waiting for reconcile ID: 90142652-3504-4b8c-9256-4e034d6849c3
06:58:47 INFO Current reconcile ID: a3c7b1d5-c453-43d3-a87e-471d50ed93e8
06:58:47 INFO Current reconcile ID: a3c7b1d5-c453-43d3-a87e-471d50ed93e8, expected reconcile ID: 90142652-3504-4b8c-9256-4e034d6849c3
06:58:50 INFO [TEST SETUP] Exposing port 8080 on test-yj048zaj-0-n-ab6ef987dd89
06:58:50 WARNING dict_values([[{'version': 4, 'addr': '10.151.122.7', 'OS-EXT-IPS:type': 'fixed', 'OS-EXT-IPS-MAC:mac_addr': 'fa:16:3e:08:f5:42'}]])
06:58:51 INFO ssh tunnel command ssh -fNT -R 8080:localhost:8080 -i /home/runner-manager/.ssh/test-yj048zaj-0-n-ab6ef987dd89.key -o "StrictHostKeyChecking no" -o "ControlPersist yes" ubuntu@10.151.122.7 &
06:58:52 INFO ssh tunnel result 0 None Warning: Permanently added '10.151.122.7' (ED25519) to the list of known hosts.

06:58:54 INFO [TEST SETUP] Run command nc -z localhost 8080 on test-yj048zaj-0-n-ab6ef987dd89
06:58:54 WARNING dict_values([[{'version': 4, 'addr': '10.151.122.7', 'OS-EXT-IPS:type': 'fixed', 'OS-EXT-IPS-MAC:mac_addr': 'fa:16:3e:08:f5:42'}]])
06:58:55 WARNING ssh_cmd: su - ubuntu -c 'ssh -i /home/runner-manager/.ssh/test-yj048zaj-0-n-ab6ef987dd89.key -o "StrictHostKeyChecking no" ubuntu@10.151.122.7 nc -z localhost 8080'
06:58:56 INFO Run command 'nc -z localhost 8080' in runner with result 0: 'None' 'Connection to localhost (127.0.0.1) 8080 port [tcp/http-alt] succeeded!
'
06:58:56 INFO [TEST SETUP] Run command curl http://localhost:8080 on test-yj048zaj-0-n-ab6ef987dd89
06:58:56 WARNING dict_values([[{'version': 4, 'addr': '10.151.122.7', 'OS-EXT-IPS:type': 'fixed', 'OS-EXT-IPS-MAC:mac_addr': 'fa:16:3e:08:f5:42'}]])
06:58:57 WARNING ssh_cmd: su - ubuntu -c 'ssh -i /home/runner-manager/.ssh/test-yj048zaj-0-n-ab6ef987dd89.key -o "StrictHostKeyChecking no" ubuntu@10.151.122.7 curl http://localhost:8080'
06:58:58 INFO Run command 'curl http://localhost:8080' in runner with result 0: '<!doctype html>
<html lang=en>
<title>404 Not Found</title>
<h1>Not Found</h1>
<p>The requested URL was not found on the server. If you entered the URL manually please check your spelling and try again.</p>
' '  % Total    % Received % Xferd  Average Speed   Time    Time     Time  Current
                                 Dload  Upload   Total   Spent    Left  Speed
  0     0    0     0    0     0      0      0 --:--:-- --:--:-- --:--:--     0100   207  100   207    0     0   100k      0 --:--:-- --:--:-- --:--:--  202k
'
06:59:00 INFO Wait for condition not met, sleeping 10
06:59:11 INFO Wait for condition not met, sleeping 60
07:00:16 INFO Model status:

Model                      Controller           Cloud/Region         Version  SLA          Timestamp
test-charm-fork-repo-z6v1  github-pr-587b7-lxd  localhost/localhost  3.6.9    unsupported  07:00:16Z

App                                   Version  Status  Scale  Charm                        Channel      Rev  Exposed  Message
github-runner-image-builder-yj048zaj           active      1  github-runner-image-builder  latest/edge  126  no       
test-yj048zaj                                  active      1  github-runner                               0  yes      

Unit                                     Workload  Agent  Machine  Public address  Ports     Message
github-runner-image-builder-yj048zaj/0*  active    idle   0        10.40.62.161              
test-yj048zaj/0*                         active    idle   1        10.40.62.124    8080/tcp  

Machine  State    Address       Inst id        Base          AZ             Message
0        started  10.40.62.161  juju-cbe07c-0  ubuntu@22.04  github-runner  Running
1        started  10.40.62.124  juju-cbe07c-1  ubuntu@22.04  github-runner  Running

07:00:16 INFO Juju error logs:

machine-0: 06:32:00 ERROR juju.worker.dependency "kvm-container-provisioner" manifold worker returned unexpected error: container types not yet available
machine-0: 06:32:00 ERROR juju.worker.dependency "lxd-container-provisioner" manifold worker returned unexpected error: container types not yet available
unit-github-runner-image-builder-yj048zaj-0: 06:32:00 ERROR juju.worker.meterstatus error running "meter-status-changed": charm missing from disk
machine-1: 06:32:02 ERROR juju.worker.dependency "lxd-container-provisioner" manifold worker returned unexpected error: container types not yet available
machine-1: 06:32:02 ERROR juju.worker.dependency "kvm-container-provisioner" manifold worker returned unexpected error: container types not yet available
unit-test-yj048zaj-0: 06:32:02 ERROR juju.worker.meterstatus error running "meter-status-changed": charm missing from disk
unit-github-runner-image-builder-yj048zaj-0: 06:32:41 ERROR unit.github-runner-image-builder-yj048zaj/0.juju-log Pipx command failed, code: 1, out: None, err: None
unit-test-yj048zaj-0: 06:32:57 ERROR unit.test-yj048zaj/0.juju-log Missing image integration.
Traceback (most recent call last):
  File "/var/lib/juju/agents/unit-test-yj048zaj-0/charm/./src/charm.py", line 118, in func_with_catch_errors
    func(self, event)
  File "/var/lib/juju/agents/unit-test-yj048zaj-0/charm/./src/charm.py", line 342, in _on_config_changed
    self._check_image_ready()
  File "/var/lib/juju/agents/unit-test-yj048zaj-0/charm/./src/charm.py", line 512, in _check_image_ready
    raise ImageIntegrationMissingError("No image integration found")
errors.ImageIntegrationMissingError: No image integration found
unit-test-yj048zaj-0: 06:32:58 ERROR unit.test-yj048zaj/0.juju-log Missing image integration.
Traceback (most recent call last):
  File "/var/lib/juju/agents/unit-test-yj048zaj-0/charm/./src/charm.py", line 118, in func_with_catch_errors
    func(self, event)
  File "/var/lib/juju/agents/unit-test-yj048zaj-0/charm/./src/charm.py", line 313, in _on_start
    self._check_image_ready()
  File "/var/lib/juju/agents/unit-test-yj048zaj-0/charm/./src/charm.py", line 512, in _check_image_ready
    raise ImageIntegrationMissingError("No image integration found")
errors.ImageIntegrationMissingError: No image integration found
unit-test-yj048zaj-0: 06:34:12 ERROR unit.test-yj048zaj/0.juju-log image:0: Missing image in image integration.
Traceback (most recent call last):
  File "/var/lib/juju/agents/unit-test-yj048zaj-0/charm/./src/charm.py", line 118, in func_with_catch_errors
    func(self, event)
  File "/var/lib/juju/agents/unit-test-yj048zaj-0/charm/./src/charm.py", line 477, in _on_image_relation_changed
    self._check_image_ready()
  File "/var/lib/juju/agents/unit-test-yj048zaj-0/charm/./src/charm.py", line 514, in _check_image_ready
    raise ImageNotFoundError("No image found in the image integration")
errors.ImageNotFoundError: No image found in the image integration

07:00:16 INFO Forgetting model main...