18:31:30 WARNING unexpected facade SSHServer received from the controller
18:31:30 INFO Adding model github-pr-aeaa2-lxd:test-charm-upgrade-605x on cloud localhost
18:31:30 WARNING unexpected facade SSHServer received from the controller
18:31:30 WARNING unexpected facade SSHSession received from the controller
18:31:30 WARNING unexpected facade SSHTunneler received from the controller
18:31:31 WARNING unexpected facade SSHServer received from the controller
18:31:31 INFO Deploying fake image builder via any-charm for image ID 1ad6e456-fa35-47ef-988f-1e793a60f258
18:31:33 INFO Deploying ch:amd64/noble/any-charm-133
18:31:35 INFO cli: juju download github-runner --channel latest/edge --series jammy --filepath /home/ubuntu/actions-runner/_work/github-runner-operator/github-runner-operator/.tox/integration-juju3.6/tmp/pytest/test_charm_upgrade0/github-runner.charm --no-progress
18:31:57 INFO Deploying local:jammy/github-runner-0
18:31:57 INFO Waiting for model:
  test-syiwfqno/0 [allocating] waiting: waiting for machine
  github-runner-image-builder-syiwfqno/0 [allocating] waiting: waiting for machine
18:32:27 INFO Waiting for model:
  test-syiwfqno/0 [allocating] waiting: waiting for machine
  github-runner-image-builder-syiwfqno/0 [allocating] waiting: waiting for machine
18:32:57 INFO Waiting for model:
  test-syiwfqno/0 [allocating] waiting: waiting for machine
  github-runner-image-builder-syiwfqno/0 [idle] active: 
18:33:27 INFO Waiting for model:
  test-syiwfqno/0 [allocating] waiting: agent initialising
18:33:57 INFO Waiting for model:
  test-syiwfqno/0 [executing] maintenance: installing charm software
18:34:28 INFO Waiting for model:
  test-syiwfqno/0 [executing] maintenance: Update image for runners
18:34:58 INFO Waiting for model:
  test-syiwfqno/0 [idle] active: 
18:36:55 INFO Waiting for model:
  test-syiwfqno/0 [idle] active:
18:37:26 INFO Model status:

Model                    Controller           Cloud/Region         Version  SLA          Timestamp
test-charm-upgrade-605x  github-pr-aeaa2-lxd  localhost/localhost  3.6.14   unsupported  18:37:26Z

App                                   Version  Status  Scale  Charm          Channel      Rev  Exposed  Message
github-runner-image-builder-syiwfqno           active      1  any-charm      latest/beta  133  no       
test-syiwfqno                                  active      1  github-runner                 1  no       

Unit                                     Workload  Agent  Machine  Public address  Ports  Message
github-runner-image-builder-syiwfqno/0*  active    idle   0        10.188.7.252           
test-syiwfqno/0*                         active    idle   1        10.188.7.14            

Machine  State    Address       Inst id        Base          AZ             Message
0        started  10.188.7.252  juju-b9fdee-0  ubuntu@24.04  github-runner  Running
1        started  10.188.7.14   juju-b9fdee-1  ubuntu@22.04  github-runner  Running

18:37:26 INFO Juju error logs:

machine-0: 18:32:45 ERROR juju.worker.dependency "lxd-container-provisioner" manifold worker returned unexpected error: container types not yet available
machine-0: 18:32:45 ERROR juju.worker.dependency "kvm-container-provisioner" manifold worker returned unexpected error: container types not yet available
machine-1: 18:33:20 ERROR juju.worker.dependency "kvm-container-provisioner" manifold worker returned unexpected error: container types not yet available
machine-1: 18:33:20 ERROR juju.worker.dependency "lxd-container-provisioner" manifold worker returned unexpected error: container types not yet available
unit-test-syiwfqno-0: 18:34:21 ERROR unit.test-syiwfqno/0.juju-log Missing image integration.
Traceback (most recent call last):
  File "/var/lib/juju/agents/unit-test-syiwfqno-0/charm/./src/charm.py", line 120, in func_with_catch_errors
    func(self, event)
  File "/var/lib/juju/agents/unit-test-syiwfqno-0/charm/./src/charm.py", line 366, in _on_config_changed
    self._check_image_ready()
  File "/var/lib/juju/agents/unit-test-syiwfqno-0/charm/./src/charm.py", line 536, in _check_image_ready
    raise ImageIntegrationMissingError("No image integration found")
errors.ImageIntegrationMissingError: No image integration found
unit-test-syiwfqno-0: 18:34:23 ERROR unit.test-syiwfqno/0.juju-log Missing image integration.
Traceback (most recent call last):
  File "/var/lib/juju/agents/unit-test-syiwfqno-0/charm/./src/charm.py", line 120, in func_with_catch_errors
    func(self, event)
  File "/var/lib/juju/agents/unit-test-syiwfqno-0/charm/./src/charm.py", line 329, in _on_start
    self._check_image_ready()
  File "/var/lib/juju/agents/unit-test-syiwfqno-0/charm/./src/charm.py", line 536, in _check_image_ready
    raise ImageIntegrationMissingError("No image integration found")
errors.ImageIntegrationMissingError: No image integration found

18:37:26 INFO Forgetting model main...