18:31:27 WARNING unexpected facade SSHServer received from the controller
18:31:27 INFO Adding model github-pr-aeaa2-lxd:test-multi-unit-same-machine-qqni on cloud localhost
18:31:27 WARNING unexpected facade SSHServer received from the controller
18:31:27 WARNING unexpected facade SSHSession received from the controller
18:31:27 WARNING unexpected facade SSHTunneler received from the controller
18:31:27 INFO Deploying fake image builder via any-charm for image ID 1ad6e456-fa35-47ef-988f-1e793a60f258
18:31:29 INFO Deploying ch:amd64/noble/any-charm-133
18:31:42 INFO Deploying local:jammy/github-runner-0
18:31:43 INFO Waiting for model:
  test-z195yqmb/0 [allocating] waiting: waiting for machine
  github-runner-image-builder-z195yqmb/0 [allocating] waiting: waiting for machine
18:32:13 INFO Waiting for model:
  test-z195yqmb/0 [allocating] waiting: waiting for machine
  github-runner-image-builder-z195yqmb/0 [allocating] waiting: agent initialising
18:32:43 INFO Waiting for model:
  test-z195yqmb/0 [allocating] waiting: waiting for machine
18:33:14 INFO Waiting for model:
  test-z195yqmb/0 [allocating] waiting: installing agent
18:33:44 INFO Waiting for model:
  test-z195yqmb/0 [executing] maintenance: installing charm software
18:34:15 INFO Waiting for model:
  test-z195yqmb/0 [executing] maintenance: installing charm software
  github-runner-image-builder-z195yqmb/0 [executing] active: 
18:34:45 INFO Waiting for model:
  test-z195yqmb/0 [idle] active:
18:34:55 INFO Waiting for model:
  test-z195yqmb/0 [idle] active: 
  test-z195yqmb/1 [allocating] waiting: installing agent
18:35:26 INFO Waiting for model:
  test-z195yqmb/0 [idle] active: 
  test-z195yqmb/1 [executing] maintenance: installing charm software
18:35:56 INFO Waiting for model:
  test-z195yqmb/0 [idle] active: 
  test-z195yqmb/1 [idle] active: 
18:36:13 INFO File content of /var/lib/github-runner-manager/test-z195yqmb-0/http_port: 55555
18:36:14 INFO File content of /var/lib/github-runner-manager/test-z195yqmb-1/http_port: 55556
18:36:17 INFO File content of /var/lib/github-runner-manager/test-z195yqmb-1/http_port: 55556
18:36:20 INFO File content of /var/lib/github-runner-manager/test-z195yqmb-1/http_port: 55556
18:36:20 INFO Model status:

Model                              Controller           Cloud/Region         Version  SLA          Timestamp
test-multi-unit-same-machine-qqni  github-pr-aeaa2-lxd  localhost/localhost  3.6.14   unsupported  18:36:20Z

App                                   Version  Status  Scale  Charm          Channel      Rev  Exposed  Message
github-runner-image-builder-z195yqmb           active      1  any-charm      latest/beta  133  no       
test-z195yqmb                                  active      2  github-runner                 0  no       

Unit                                     Workload  Agent  Machine  Public address  Ports  Message
github-runner-image-builder-z195yqmb/0*  active    idle   0        10.74.43.4             
test-z195yqmb/0*                         active    idle   1        10.74.43.228           
test-z195yqmb/1                          active    idle   1        10.74.43.228           

Machine  State    Address       Inst id        Base          AZ             Message
0        started  10.74.43.4    juju-ab5b0a-0  ubuntu@24.04  github-runner  Running
1        started  10.74.43.228  juju-ab5b0a-1  ubuntu@22.04  github-runner  Running

18:36:20 INFO Juju error logs:

machine-0: 18:32:11 ERROR juju.worker.dependency "lxd-container-provisioner" manifold worker returned unexpected error: container types not yet available
machine-0: 18:32:11 ERROR juju.worker.dependency "kvm-container-provisioner" manifold worker returned unexpected error: container types not yet available
machine-1: 18:33:13 ERROR juju.worker.dependency "kvm-container-provisioner" manifold worker returned unexpected error: container types not yet available
machine-1: 18:33:13 ERROR juju.worker.dependency "lxd-container-provisioner" manifold worker returned unexpected error: container types not yet available
unit-test-z195yqmb-0: 18:34:16 ERROR unit.test-z195yqmb/0.juju-log Missing image integration.
Traceback (most recent call last):
  File "/var/lib/juju/agents/unit-test-z195yqmb-0/charm/./src/charm.py", line 120, in func_with_catch_errors
    func(self, event)
  File "/var/lib/juju/agents/unit-test-z195yqmb-0/charm/./src/charm.py", line 366, in _on_config_changed
    self._check_image_ready()
  File "/var/lib/juju/agents/unit-test-z195yqmb-0/charm/./src/charm.py", line 536, in _check_image_ready
    raise ImageIntegrationMissingError("No image integration found")
errors.ImageIntegrationMissingError: No image integration found
unit-test-z195yqmb-0: 18:34:18 ERROR unit.test-z195yqmb/0.juju-log Missing image integration.
Traceback (most recent call last):
  File "/var/lib/juju/agents/unit-test-z195yqmb-0/charm/./src/charm.py", line 120, in func_with_catch_errors
    func(self, event)
  File "/var/lib/juju/agents/unit-test-z195yqmb-0/charm/./src/charm.py", line 329, in _on_start
    self._check_image_ready()
  File "/var/lib/juju/agents/unit-test-z195yqmb-0/charm/./src/charm.py", line 536, in _check_image_ready
    raise ImageIntegrationMissingError("No image integration found")
errors.ImageIntegrationMissingError: No image integration found
unit-test-z195yqmb-1: 18:35:30 ERROR unit.test-z195yqmb/1.juju-log Missing image integration.
Traceback (most recent call last):
  File "/var/lib/juju/agents/unit-test-z195yqmb-1/charm/./src/charm.py", line 120, in func_with_catch_errors
    func(self, event)
  File "/var/lib/juju/agents/unit-test-z195yqmb-1/charm/./src/charm.py", line 366, in _on_config_changed
    self._check_image_ready()
  File "/var/lib/juju/agents/unit-test-z195yqmb-1/charm/./src/charm.py", line 536, in _check_image_ready
    raise ImageIntegrationMissingError("No image integration found")
errors.ImageIntegrationMissingError: No image integration found
unit-test-z195yqmb-1: 18:35:31 ERROR unit.test-z195yqmb/1.juju-log Missing image integration.
Traceback (most recent call last):
  File "/var/lib/juju/agents/unit-test-z195yqmb-1/charm/./src/charm.py", line 120, in func_with_catch_errors
    func(self, event)
  File "/var/lib/juju/agents/unit-test-z195yqmb-1/charm/./src/charm.py", line 329, in _on_start
    self._check_image_ready()
  File "/var/lib/juju/agents/unit-test-z195yqmb-1/charm/./src/charm.py", line 536, in _check_image_ready
    raise ImageIntegrationMissingError("No image integration found")
errors.ImageIntegrationMissingError: No image integration found

18:36:20 INFO Forgetting model main...