07:45:26 INFO GitHub token rate limit: Rate(reset=2025-08-13 08:33:31+00:00, remaining=4657, limit=5000)
07:45:31 INFO Waiting for model:
  test-dvwudfxi/0 [idle] active: 
07:46:01 INFO Waiting for model:
  test-dvwudfxi/0 [idle] active: 
07:46:05 INFO Current reconcile ID: c596b9b2-f3bc-4373-9db9-f8b61ea082ef
07:47:06 INFO Current reconcile ID: c596b9b2-f3bc-4373-9db9-f8b61ea082ef
07:48:07 INFO Current reconcile ID: c596b9b2-f3bc-4373-9db9-f8b61ea082ef
07:49:08 INFO Current reconcile ID: 6aeaf52c-f0aa-4e7b-89f4-9857e21fe47f
07:49:18 INFO Wait for condition not met, sleeping 10
07:49:30 INFO Waiting for model:
  test-dvwudfxi/0 [idle] active: 
07:50:00 INFO Waiting for model:
  test-dvwudfxi/0 [idle] active: 
07:50:04 INFO Current reconcile ID: e59a5af4-2c40-4063-ba26-7c8b27e9309e
07:51:05 INFO Current reconcile ID: e59a5af4-2c40-4063-ba26-7c8b27e9309e
07:52:06 INFO Current reconcile ID: e59a5af4-2c40-4063-ba26-7c8b27e9309e
07:53:07 INFO Current reconcile ID: f425aee6-a25b-43e1-b27a-6aaebdd3a8b3
07:53:08 INFO File content of /var/log/github-runner-metrics.log: {"timestamp": 1755071197.0, "event": "runner_installed", "flavor": "test-dvwudfxi", "duration": 44.0}
{"timestamp": 1755071362.0, "event": "runner_start", "flavor": "test-dvwudfxi", "workflow": "Workflow Dispatch Tests", "repo": "canonical/github-runner-operator", "github_event": "workflow_dispatch", "idle": 165.0, "queue_duration": 2.0}
{"timestamp": 1755071365.0, "event": "runner_stop", "flavor": "test-dvwudfxi", "workflow": "Workflow Dispatch Tests", "repo": "canonical/github-runner-operator", "github_event": "workflow_dispatch", "status": "normal", "job_duration": 3.0, "job_conclusion": "success"}
{"timestamp": 1755071402.7508457, "event": "reconciliation", "flavor": "test-dvwudfxi", "crashed_runners": 0, "idle_runners": 0, "active_runners": 0, "expected_runners": 0, "duration": 29.194520711898804}
{"timestamp": 1755071538.5116446, "event": "reconciliation", "flavor": "test-dvwudfxi", "crashed_runners": 0, "idle_runners": 0, "active_runners": 0, "expected_runners": 0, "duration": 15.620909690856934}
07:53:10 INFO Model status:

Model                            Controller           Cloud/Region         Version  SLA          Timestamp
test-charm-metrics-success-8ozu  github-pr-75840-lxd  localhost/localhost  3.6.8    unsupported  07:53:10Z

App                                   Version  Status  Scale  Charm                        Channel      Rev  Exposed  Message
github-runner-image-builder-dvwudfxi           active      1  github-runner-image-builder  latest/edge  100  no       
test-dvwudfxi                                  active      1  github-runner                               0  no       

Unit                                     Workload  Agent  Machine  Public address  Ports  Message
github-runner-image-builder-dvwudfxi/0*  active    idle   0        10.53.206.10           
test-dvwudfxi/0*                         active    idle   1        10.53.206.91           

Machine  State    Address       Inst id        Base          AZ  Message
0        started  10.53.206.10  juju-f627cd-0  ubuntu@22.04      Running
1        started  10.53.206.91  juju-f627cd-1  ubuntu@22.04      Running

07:53:10 INFO Juju error logs:

machine-0: 07:23:48 ERROR juju.worker.dependency "lxd-container-provisioner" manifold worker returned unexpected error: container types not yet available
machine-0: 07:23:48 ERROR juju.worker.dependency "kvm-container-provisioner" manifold worker returned unexpected error: container types not yet available
unit-github-runner-image-builder-dvwudfxi-0: 07:23:48 ERROR juju.worker.meterstatus error running "meter-status-changed": charm missing from disk
machine-1: 07:23:55 ERROR juju.worker.dependency "lxd-container-provisioner" manifold worker returned unexpected error: container types not yet available
machine-1: 07:23:55 ERROR juju.worker.dependency "kvm-container-provisioner" manifold worker returned unexpected error: container types not yet available
unit-test-dvwudfxi-0: 07:23:55 ERROR juju.worker.meterstatus error running "meter-status-changed": charm missing from disk
unit-github-runner-image-builder-dvwudfxi-0: 07:24:45 ERROR unit.github-runner-image-builder-dvwudfxi/0.juju-log Pipx command failed, code: 1, out: None, err: None
unit-test-dvwudfxi-0: 07:25:34 ERROR unit.test-dvwudfxi/0.juju-log Missing image integration.
Traceback (most recent call last):
  File "/var/lib/juju/agents/unit-test-dvwudfxi-0/charm/./src/charm.py", line 118, in func_with_catch_errors
    func(self, event)
  File "/var/lib/juju/agents/unit-test-dvwudfxi-0/charm/./src/charm.py", line 342, in _on_config_changed
    self._check_image_ready()
  File "/var/lib/juju/agents/unit-test-dvwudfxi-0/charm/./src/charm.py", line 512, in _check_image_ready
    raise ImageIntegrationMissingError("No image integration found")
errors.ImageIntegrationMissingError: No image integration found
unit-test-dvwudfxi-0: 07:25:38 ERROR unit.test-dvwudfxi/0.juju-log Missing image integration.
Traceback (most recent call last):
  File "/var/lib/juju/agents/unit-test-dvwudfxi-0/charm/./src/charm.py", line 118, in func_with_catch_errors
    func(self, event)
  File "/var/lib/juju/agents/unit-test-dvwudfxi-0/charm/./src/charm.py", line 313, in _on_start
    self._check_image_ready()
  File "/var/lib/juju/agents/unit-test-dvwudfxi-0/charm/./src/charm.py", line 512, in _check_image_ready
    raise ImageIntegrationMissingError("No image integration found")
errors.ImageIntegrationMissingError: No image integration found
unit-test-dvwudfxi-0: 07:27:09 ERROR unit.test-dvwudfxi/0.juju-log image:0: Missing image in image integration.
Traceback (most recent call last):
  File "/var/lib/juju/agents/unit-test-dvwudfxi-0/charm/./src/charm.py", line 118, in func_with_catch_errors
    func(self, event)
  File "/var/lib/juju/agents/unit-test-dvwudfxi-0/charm/./src/charm.py", line 477, in _on_image_relation_changed
    self._check_image_ready()
  File "/var/lib/juju/agents/unit-test-dvwudfxi-0/charm/./src/charm.py", line 514, in _check_image_ready
    raise ImageNotFoundError("No image found in the image integration")
errors.ImageNotFoundError: No image found in the image integration

07:53:10 INFO Forgetting model main...