18:24:00 INFO Adding model github-pr-8ff96-lxd:test-charm-upgrade-htwl on cloud localhost
18:24:00 WARNING unexpected facade AgentLifeFlag received from the controller
18:24:00 WARNING unknown common facade version for AgentLifeFlag,
versions known to client : [2, 3]
versions known to controller : [1]
18:24:00 WARNING unexpected facade SecretsDrain received from the controller
18:24:02 INFO Deploying ch:amd64/jammy/github-runner-image-builder-81
18:24:26 INFO Deploying local:jammy/github-runner-0
18:24:26 INFO Waiting for model:
  test-bky996vp/0 [allocating] waiting: waiting for machine
  github-runner-image-builder-bky996vp/0 [allocating] waiting: waiting for machine
18:24:56 INFO Waiting for model:
  test-bky996vp/0 [allocating] waiting: waiting for machine
  github-runner-image-builder-bky996vp/0 [allocating] waiting: waiting for machine
18:25:26 INFO Waiting for model:
  test-bky996vp/0 [executing] maintenance: installing charm software
  github-runner-image-builder-bky996vp/0 [executing] maintenance: Setting up Builder.
18:25:56 INFO Waiting for model:
  test-bky996vp/0 [executing] maintenance: installing charm software
  github-runner-image-builder-bky996vp/0 [executing] maintenance: Setting up Builder.
18:26:26 INFO Waiting for model:
  test-bky996vp/0 [idle] blocked: Please provide image integration.
  github-runner-image-builder-bky996vp/0 [executing] maintenance: Setting up Builder.
18:26:56 INFO Waiting for model:
  test-bky996vp/0 [idle] blocked: Please provide image integration.
  github-runner-image-builder-bky996vp/0 [executing] maintenance: Setting up Builder.
18:27:26 INFO Waiting for model:
  test-bky996vp/0 [idle] blocked: Please provide image integration.
  github-runner-image-builder-bky996vp/0 [executing] maintenance: Setting up Builder.
18:27:56 INFO Waiting for model:
  test-bky996vp/0 [idle] waiting: Waiting for image over integration.
  github-runner-image-builder-bky996vp/0 [executing] active: Building image.
18:28:26 INFO Waiting for model:
  test-bky996vp/0 [idle] waiting: Waiting for image over integration.
  github-runner-image-builder-bky996vp/0 [executing] active: Building image.
18:28:56 INFO Waiting for model:
  test-bky996vp/0 [idle] waiting: Waiting for image over integration.
  github-runner-image-builder-bky996vp/0 [executing] active: Building image.
18:29:26 INFO Waiting for model:
  test-bky996vp/0 [idle] waiting: Waiting for image over integration.
  github-runner-image-builder-bky996vp/0 [executing] active: Building image.
18:29:56 INFO Waiting for model:
  test-bky996vp/0 [idle] waiting: Waiting for image over integration.
  github-runner-image-builder-bky996vp/0 [executing] active: Building image.
18:30:26 INFO Waiting for model:
  test-bky996vp/0 [idle] waiting: Waiting for image over integration.
  github-runner-image-builder-bky996vp/0 [executing] active: Building image.
18:30:56 INFO Waiting for model:
  test-bky996vp/0 [idle] waiting: Waiting for image over integration.
  github-runner-image-builder-bky996vp/0 [executing] active: Building image.
18:31:26 INFO Waiting for model:
  test-bky996vp/0 [idle] waiting: Waiting for image over integration.
  github-runner-image-builder-bky996vp/0 [executing] active: Building image.
18:31:56 INFO Waiting for model:
  test-bky996vp/0 [idle] waiting: Waiting for image over integration.
  github-runner-image-builder-bky996vp/0 [executing] active: Building image.
18:32:26 INFO Waiting for model:
  test-bky996vp/0 [idle] waiting: Waiting for image over integration.
  github-runner-image-builder-bky996vp/0 [executing] active: Building image.
18:32:56 INFO Waiting for model:
  test-bky996vp/0 [idle] waiting: Waiting for image over integration.
  github-runner-image-builder-bky996vp/0 [executing] active: Building image.
18:33:26 INFO Waiting for model:
  test-bky996vp/0 [idle] waiting: Waiting for image over integration.
  github-runner-image-builder-bky996vp/0 [executing] active: Building image.
18:33:56 INFO Waiting for model:
  test-bky996vp/0 [idle] waiting: Waiting for image over integration.
  github-runner-image-builder-bky996vp/0 [executing] active: Building image.
18:34:26 INFO Waiting for model:
  test-bky996vp/0 [idle] waiting: Waiting for image over integration.
  github-runner-image-builder-bky996vp/0 [executing] active: Building image.
18:34:56 INFO Waiting for model:
  test-bky996vp/0 [idle] waiting: Waiting for image over integration.
  github-runner-image-builder-bky996vp/0 [executing] active: Building image.
18:35:26 INFO Waiting for model:
  test-bky996vp/0 [idle] waiting: Waiting for image over integration.
  github-runner-image-builder-bky996vp/0 [executing] active: Building image.
18:35:56 INFO Waiting for model:
  test-bky996vp/0 [idle] waiting: Waiting for image over integration.
  github-runner-image-builder-bky996vp/0 [executing] active: Building image.
18:36:26 INFO Waiting for model:
  test-bky996vp/0 [idle] waiting: Waiting for image over integration.
  github-runner-image-builder-bky996vp/0 [executing] active: Building image.
18:36:56 INFO Waiting for model:
  test-bky996vp/0 [idle] waiting: Waiting for image over integration.
  github-runner-image-builder-bky996vp/0 [executing] active: Building image.
18:37:26 INFO Waiting for model:
  test-bky996vp/0 [idle] waiting: Waiting for image over integration.
  github-runner-image-builder-bky996vp/0 [executing] active: Building image.
18:37:57 INFO Waiting for model:
  test-bky996vp/0 [idle] waiting: Waiting for image over integration.
  github-runner-image-builder-bky996vp/0 [executing] active: Building image.
18:38:27 INFO Waiting for model:
  test-bky996vp/0 [idle] waiting: Waiting for image over integration.
  github-runner-image-builder-bky996vp/0 [executing] active: Building image.
18:38:57 INFO Waiting for model:
  test-bky996vp/0 [idle] waiting: Waiting for image over integration.
  github-runner-image-builder-bky996vp/0 [executing] active: Building image.
18:39:27 INFO Waiting for model:
  test-bky996vp/0 [idle] waiting: Waiting for image over integration.
  github-runner-image-builder-bky996vp/0 [executing] active: Building image.
18:39:57 INFO Waiting for model:
  test-bky996vp/0 [idle] waiting: Waiting for image over integration.
  github-runner-image-builder-bky996vp/0 [executing] active: Building image.
18:40:27 INFO Waiting for model:
  test-bky996vp/0 [idle] waiting: Waiting for image over integration.
  github-runner-image-builder-bky996vp/0 [executing] active: Building image.
18:40:57 INFO Waiting for model:
  test-bky996vp/0 [idle] waiting: Waiting for image over integration.
  github-runner-image-builder-bky996vp/0 [executing] active: Building image.
18:41:27 INFO Waiting for model:
  test-bky996vp/0 [idle] waiting: Waiting for image over integration.
  github-runner-image-builder-bky996vp/0 [executing] active: Building image.
18:41:57 INFO Waiting for model:
  test-bky996vp/0 [executing] maintenance: Update image for runners
  github-runner-image-builder-bky996vp/0 [idle] active: 
18:42:27 INFO Waiting for model:
  test-bky996vp/0 [executing] maintenance: Reconciling runners
18:42:57 INFO Waiting for model:
  test-bky996vp/0 [executing] maintenance: Reconciling runners
18:43:27 INFO Waiting for model:
  test-bky996vp/0 [executing] maintenance: Reconciling runners
18:43:57 INFO Waiting for model:
  test-bky996vp/0 [executing] maintenance: Reconciling runners
18:44:27 INFO Waiting for model:
  test-bky996vp/0 [executing] maintenance: Reconciling runners
18:44:57 INFO Waiting for model:
  test-bky996vp/0 [executing] maintenance: Reconciling runners
18:45:27 INFO Waiting for model:
  test-bky996vp/0 [executing] maintenance: Reconciling runners
18:45:57 INFO Waiting for model:
  test-bky996vp/0 [executing] maintenance: Reconciling runners
18:46:27 INFO Waiting for model:
  test-bky996vp/0 [executing] maintenance: Reconciling runners
18:46:57 INFO Waiting for model:
  test-bky996vp/0 [executing] maintenance: Reconciling runners
18:47:27 INFO Waiting for model:
  test-bky996vp/0 [executing] maintenance: Reconciling runners
18:47:57 INFO Waiting for model:
  test-bky996vp/0 [idle] active: 
18:49:36 INFO Waiting for model:
  test-bky996vp/0 [executing] active: 
18:50:06 INFO Waiting for model:
  test-bky996vp/0 [idle] active:
18:50:41 INFO Model status:

Model                    Controller           Cloud/Region         Version  SLA          Timestamp
test-charm-upgrade-htwl  github-pr-8ff96-lxd  localhost/localhost  3.1.10   unsupported  18:50:41Z

App                                   Version  Status  Scale  Charm                        Channel      Rev  Exposed  Message
github-runner-image-builder-bky996vp           active      1  github-runner-image-builder  latest/edge   81  no       
test-bky996vp                                  active      1  github-runner                               1  no       

Unit                                     Workload  Agent  Machine  Public address  Ports  Message
github-runner-image-builder-bky996vp/0*  active    idle   0        10.58.92.50            
test-bky996vp/0*                         active    idle   1        10.58.92.202           

Machine  State    Address       Inst id        Base          AZ  Message
0        started  10.58.92.50   juju-30a6df-0  ubuntu@22.04      Running
1        started  10.58.92.202  juju-30a6df-1  ubuntu@22.04      Running

18:50:42 INFO Juju error logs:

machine-1: 18:25:04 ERROR juju.worker.dependency "broker-tracker" manifold worker returned unexpected error: no container types determined
machine-1: 18:25:04 ERROR juju.worker.dependency "lxd-container-provisioner" manifold worker returned unexpected error: container types not yet available
machine-1: 18:25:04 ERROR juju.worker.dependency "kvm-container-provisioner" manifold worker returned unexpected error: container types not yet available
unit-test-bky996vp-0: 18:25:04 ERROR juju.worker.meterstatus error running "meter-status-changed": charm missing from disk
machine-0: 18:25:09 ERROR juju.worker.dependency "broker-tracker" manifold worker returned unexpected error: no container types determined
machine-0: 18:25:09 ERROR juju.worker.dependency "lxd-container-provisioner" manifold worker returned unexpected error: container types not yet available
machine-0: 18:25:09 ERROR juju.worker.dependency "kvm-container-provisioner" manifold worker returned unexpected error: container types not yet available
unit-github-runner-image-builder-bky996vp-0: 18:25:09 ERROR juju.worker.meterstatus error running "meter-status-changed": charm missing from disk
unit-github-runner-image-builder-bky996vp-0: 18:25:53 ERROR unit.github-runner-image-builder-bky996vp/0.juju-log Pipx command failed, code: 1, out: None, err: None
unit-test-bky996vp-0: 18:47:10 ERROR unit.test-bky996vp/0.juju-log image:0: Timeout creating openstack server test-bky996vp-0-n-1102f9cf2e92
Traceback (most recent call last):
  File "/var/lib/juju/agents/unit-test-bky996vp-0/charm/venv/github_runner_manager/openstack_cloud/openstack_cloud.py", line 245, in launch_instance
    server = conn.create_server(
  File "/var/lib/juju/agents/unit-test-bky996vp-0/charm/venv/decorator.py", line 235, in fun
    return caller(func, *(extras + args), **kw)
  File "/var/lib/juju/agents/unit-test-bky996vp-0/charm/venv/openstack/cloud/_utils.py", line 233, in func_wrapper
    return func(*args, **kwargs)
  File "/var/lib/juju/agents/unit-test-bky996vp-0/charm/venv/openstack/cloud/_compute.py", line 1104, in create_server
    server = self.wait_for_server(
  File "/var/lib/juju/agents/unit-test-bky996vp-0/charm/venv/openstack/cloud/_compute.py", line 1243, in wait_for_server
    for count in utils.iterate_timeout(
  File "/var/lib/juju/agents/unit-test-bky996vp-0/charm/venv/openstack/utils.py", line 88, in iterate_timeout
    raise exceptions.ResourceTimeout(message)
openstack.exceptions.ResourceTimeout: Timeout waiting for the server to come up.
unit-test-bky996vp-0: 18:47:11 ERROR unit.test-bky996vp/0.juju-log image:0: Failed to spawn a runner.
Traceback (most recent call last):
  File "/var/lib/juju/agents/unit-test-bky996vp-0/charm/venv/github_runner_manager/openstack_cloud/openstack_cloud.py", line 245, in launch_instance
    server = conn.create_server(
  File "/var/lib/juju/agents/unit-test-bky996vp-0/charm/venv/decorator.py", line 235, in fun
    return caller(func, *(extras + args), **kw)
  File "/var/lib/juju/agents/unit-test-bky996vp-0/charm/venv/openstack/cloud/_utils.py", line 233, in func_wrapper
    return func(*args, **kwargs)
  File "/var/lib/juju/agents/unit-test-bky996vp-0/charm/venv/openstack/cloud/_compute.py", line 1104, in create_server
    server = self.wait_for_server(
  File "/var/lib/juju/agents/unit-test-bky996vp-0/charm/venv/openstack/cloud/_compute.py", line 1243, in wait_for_server
    for count in utils.iterate_timeout(
  File "/var/lib/juju/agents/unit-test-bky996vp-0/charm/venv/openstack/utils.py", line 88, in iterate_timeout
    raise exceptions.ResourceTimeout(message)
openstack.exceptions.ResourceTimeout: Timeout waiting for the server to come up.

The above exception was the direct cause of the following exception:

Traceback (most recent call last):
  File "/var/lib/juju/agents/unit-test-bky996vp-0/charm/venv/github_runner_manager/openstack_cloud/openstack_runner_manager.py", line 140, in create_runner
    instance = self._openstack_cloud.launch_instance(
  File "/var/lib/juju/agents/unit-test-bky996vp-0/charm/venv/github_runner_manager/openstack_cloud/openstack_cloud.py", line 144, in exception_handling_wrapper
    return func(*args, **kwargs)
  File "/var/lib/juju/agents/unit-test-bky996vp-0/charm/venv/github_runner_manager/openstack_cloud/openstack_cloud.py", line 265, in launch_instance
    raise OpenStackError(f"Timeout creating openstack server {instance_id}") from err
github_runner_manager.errors.OpenStackError: Timeout creating openstack server test-bky996vp-0-n-1102f9cf2e92

The above exception was the direct cause of the following exception:

Traceback (most recent call last):
  File "/var/lib/juju/agents/unit-test-bky996vp-0/charm/venv/github_runner_manager/manager/runner_manager.py", line 382, in _spawn_runners
    return (RunnerManager._create_runner(create_runner_args_sequence[0]),)
  File "/var/lib/juju/agents/unit-test-bky996vp-0/charm/venv/github_runner_manager/manager/runner_manager.py", line 512, in _create_runner
    args.cloud_runner_manager.create_runner(
  File "/var/lib/juju/agents/unit-test-bky996vp-0/charm/venv/github_runner_manager/openstack_cloud/openstack_runner_manager.py", line 147, in create_runner
    raise RunnerCreateError(
github_runner_manager.errors.RunnerCreateError: Failed to create RunnerIdentity(instance_id=InstanceID('test-bky996vp-0-n-1102f9cf2e92'), metadata=RunnerMetadata(platform_name='github', runner_id='92952', url=None)) openstack runner
unit-test-bky996vp-0: 18:47:24 ERROR unit.test-bky996vp/0.juju-log Failed to get SSH connection while removing test-bky996vp-0-n-1102f9cf2e92
Traceback (most recent call last):
  File "/var/lib/juju/agents/unit-test-bky996vp-0/charm/venv/github_runner_manager/openstack_cloud/openstack_runner_manager.py", line 216, in _delete_runner
    ssh_conn = self._openstack_cloud.get_ssh_connection(instance)
  File "/var/lib/juju/agents/unit-test-bky996vp-0/charm/venv/github_runner_manager/openstack_cloud/openstack_cloud.py", line 144, in exception_handling_wrapper
    return func(*args, **kwargs)
  File "/var/lib/juju/agents/unit-test-bky996vp-0/charm/venv/github_runner_manager/openstack_cloud/openstack_cloud.py", line 340, in get_ssh_connection
    raise KeyfileError(
github_runner_manager.errors.KeyfileError: Missing keyfile for server: test-bky996vp-0-n-1102f9cf2e92, key path: /home/runner-manager/.ssh/test-bky996vp-0-n-1102f9cf2e92.key
unit-test-bky996vp-0: 18:47:25 ERROR unit.test-bky996vp/0.juju-log Invalid pulled metrics. No runner_installed information for test-bky996vp-0-n-1102f9cf2e92.
unit-test-bky996vp-0: 18:47:25 ERROR unit.test-bky996vp/0.juju-log No metrics returned after deleting test-bky996vp-0-n-1102f9cf2e92
unit-test-bky996vp-0: 18:49:42 ERROR unit.test-bky996vp/0.juju-log Failed to get SSH connection while removing test-bky996vp-0-n-1102f9cf2e92
Traceback (most recent call last):
  File "/var/lib/juju/agents/unit-test-bky996vp-0/charm/venv/github_runner_manager/openstack_cloud/openstack_runner_manager.py", line 216, in _delete_runner
    ssh_conn = self._openstack_cloud.get_ssh_connection(instance)
  File "/var/lib/juju/agents/unit-test-bky996vp-0/charm/venv/github_runner_manager/openstack_cloud/openstack_cloud.py", line 144, in exception_handling_wrapper
    return func(*args, **kwargs)
  File "/var/lib/juju/agents/unit-test-bky996vp-0/charm/venv/github_runner_manager/openstack_cloud/openstack_cloud.py", line 340, in get_ssh_connection
    raise KeyfileError(
github_runner_manager.errors.KeyfileError: Missing keyfile for server: test-bky996vp-0-n-1102f9cf2e92, key path: /home/runner-manager/.ssh/test-bky996vp-0-n-1102f9cf2e92.key
unit-test-bky996vp-0: 18:49:43 ERROR unit.test-bky996vp/0.juju-log Invalid pulled metrics. No runner_installed information for test-bky996vp-0-n-1102f9cf2e92.
unit-test-bky996vp-0: 18:49:43 ERROR unit.test-bky996vp/0.juju-log No metrics returned after deleting test-bky996vp-0-n-1102f9cf2e92

18:50:43 INFO Forgetting model main...