06:26:49 WARNING unexpected facade SSHServer received from the controller
06:26:49 INFO Adding model github-pr-77d1e-lxd:test-charm-fork-path-change-fau0 on cloud localhost
06:26:49 WARNING unexpected facade SSHServer received from the controller
06:26:49 WARNING unexpected facade SSHSession received from the controller
06:26:49 WARNING unexpected facade SSHTunneler received from the controller
06:26:52 INFO Deploying ch:amd64/jammy/github-runner-image-builder-110
06:27:22 INFO Deploying local:jammy/github-runner-0
06:27:22 INFO Waiting for model:
  test-jzq5m8ak/0 [allocating] waiting: waiting for machine
  github-runner-image-builder-jzq5m8ak/0 [allocating] waiting: waiting for machine
06:27:52 INFO Waiting for model:
  test-jzq5m8ak/0 [allocating] waiting: waiting for machine
  github-runner-image-builder-jzq5m8ak/0 [allocating] waiting: waiting for machine
06:28:22 INFO Waiting for model:
  test-jzq5m8ak/0 [allocating] waiting: waiting for machine
  github-runner-image-builder-jzq5m8ak/0 [allocating] waiting: waiting for machine
06:28:52 INFO Waiting for model:
  test-jzq5m8ak/0 [allocating] waiting: waiting for machine
  github-runner-image-builder-jzq5m8ak/0 [allocating] waiting: waiting for machine
06:29:23 INFO Waiting for model:
  test-jzq5m8ak/0 [allocating] waiting: agent initialising
  github-runner-image-builder-jzq5m8ak/0 [executing] maintenance: Setting up Builder.
06:29:53 INFO Waiting for model:
  test-jzq5m8ak/0 [executing] maintenance: installing charm software
  github-runner-image-builder-jzq5m8ak/0 [executing] maintenance: Setting up Builder.
06:30:23 INFO Waiting for model:
  test-jzq5m8ak/0 [executing] maintenance: installing charm software
  github-runner-image-builder-jzq5m8ak/0 [executing] maintenance: Setting up Builder.
06:30:54 INFO Waiting for model:
  test-jzq5m8ak/0 [executing] maintenance: installing charm software
  github-runner-image-builder-jzq5m8ak/0 [executing] maintenance: Setting up Builder.
06:31:24 INFO Waiting for model:
  test-jzq5m8ak/0 [idle] blocked: Please provide image integration.
  github-runner-image-builder-jzq5m8ak/0 [executing] maintenance: Setting up Builder.
06:31:54 INFO Waiting for model:
  test-jzq5m8ak/0 [idle] blocked: Please provide image integration.
  github-runner-image-builder-jzq5m8ak/0 [executing] maintenance: Setting up Builder.
06:32:24 INFO Waiting for model:
  test-jzq5m8ak/0 [idle] waiting: Waiting for image over integration.
  github-runner-image-builder-jzq5m8ak/0 [executing] active: Building image.
06:32:55 INFO Waiting for model:
  test-jzq5m8ak/0 [idle] waiting: Waiting for image over integration.
  github-runner-image-builder-jzq5m8ak/0 [executing] active: Building image.
06:33:25 INFO Waiting for model:
  test-jzq5m8ak/0 [idle] waiting: Waiting for image over integration.
  github-runner-image-builder-jzq5m8ak/0 [executing] active: Building image.
06:33:55 INFO Waiting for model:
  test-jzq5m8ak/0 [idle] waiting: Waiting for image over integration.
  github-runner-image-builder-jzq5m8ak/0 [executing] active: Building image.
06:34:26 INFO Waiting for model:
  test-jzq5m8ak/0 [idle] waiting: Waiting for image over integration.
  github-runner-image-builder-jzq5m8ak/0 [executing] active: Building image.
06:34:56 INFO Waiting for model:
  test-jzq5m8ak/0 [idle] waiting: Waiting for image over integration.
  github-runner-image-builder-jzq5m8ak/0 [executing] active: Building image.
06:35:26 INFO Waiting for model:
  test-jzq5m8ak/0 [idle] waiting: Waiting for image over integration.
  github-runner-image-builder-jzq5m8ak/0 [executing] active: Building image.
06:35:56 INFO Waiting for model:
  test-jzq5m8ak/0 [idle] waiting: Waiting for image over integration.
  github-runner-image-builder-jzq5m8ak/0 [executing] active: Building image.
06:36:27 INFO Waiting for model:
  test-jzq5m8ak/0 [idle] waiting: Waiting for image over integration.
  github-runner-image-builder-jzq5m8ak/0 [executing] active: Building image.
06:36:57 INFO Waiting for model:
  test-jzq5m8ak/0 [idle] waiting: Waiting for image over integration.
  github-runner-image-builder-jzq5m8ak/0 [executing] active: Building image.
06:37:27 INFO Waiting for model:
  test-jzq5m8ak/0 [idle] waiting: Waiting for image over integration.
  github-runner-image-builder-jzq5m8ak/0 [executing] active: Building image.
06:37:58 INFO Waiting for model:
  test-jzq5m8ak/0 [idle] waiting: Waiting for image over integration.
  github-runner-image-builder-jzq5m8ak/0 [executing] active: Building image.
06:38:28 INFO Waiting for model:
  test-jzq5m8ak/0 [idle] waiting: Waiting for image over integration.
  github-runner-image-builder-jzq5m8ak/0 [executing] active: Building image.
06:38:58 INFO Waiting for model:
  test-jzq5m8ak/0 [idle] waiting: Waiting for image over integration.
  github-runner-image-builder-jzq5m8ak/0 [executing] active: Building image.
06:39:29 INFO Waiting for model:
  test-jzq5m8ak/0 [idle] waiting: Waiting for image over integration.
  github-runner-image-builder-jzq5m8ak/0 [executing] active: Building image.
06:39:59 INFO Waiting for model:
  test-jzq5m8ak/0 [idle] waiting: Waiting for image over integration.
  github-runner-image-builder-jzq5m8ak/0 [executing] active: Building image.
06:40:29 INFO Waiting for model:
  test-jzq5m8ak/0 [idle] waiting: Waiting for image over integration.
  github-runner-image-builder-jzq5m8ak/0 [executing] active: Building image.
06:41:00 INFO Waiting for model:
  test-jzq5m8ak/0 [idle] waiting: Waiting for image over integration.
  github-runner-image-builder-jzq5m8ak/0 [executing] active: Building image.
06:41:30 INFO Waiting for model:
  test-jzq5m8ak/0 [idle] waiting: Waiting for image over integration.
  github-runner-image-builder-jzq5m8ak/0 [executing] active: Building image.
06:42:00 INFO Waiting for model:
  test-jzq5m8ak/0 [idle] waiting: Waiting for image over integration.
  github-runner-image-builder-jzq5m8ak/0 [executing] active: Building image.
06:42:31 INFO Waiting for model:
  test-jzq5m8ak/0 [idle] waiting: Waiting for image over integration.
  github-runner-image-builder-jzq5m8ak/0 [executing] active: Building image.
06:43:01 INFO Waiting for model:
  test-jzq5m8ak/0 [idle] waiting: Waiting for image over integration.
  github-runner-image-builder-jzq5m8ak/0 [executing] active: Building image.
06:43:32 INFO Waiting for model:
  test-jzq5m8ak/0 [idle] waiting: Waiting for image over integration.
  github-runner-image-builder-jzq5m8ak/0 [executing] active: Building image.
06:44:02 INFO Waiting for model:
  test-jzq5m8ak/0 [executing] maintenance: Update image for runners
06:44:29 INFO GitHub token rate limit: Rate(reset=2025-09-17 07:02:09+00:00, remaining=4918, limit=5000)
06:44:41 INFO test_path_config_change
06:44:41 INFO Waiting for model:
  test-jzq5m8ak/0 [idle] active: 
06:45:11 INFO Waiting for model:
  test-jzq5m8ak/0 [idle] active: 
06:45:37 INFO Ensure there is a runner (this calls reconcile)
06:45:37 INFO Waiting for model:
  test-jzq5m8ak/0 [idle] active: 
06:46:07 INFO Waiting for model:
  test-jzq5m8ak/0 [idle] active: 
06:46:13 INFO Current reconcile ID: 9449b31d-f348-44cf-9248-442180d28406
06:46:13 INFO Waiting for reconcile ID: 9449b31d-f348-44cf-9248-442180d28406
06:47:14 INFO Current reconcile ID: 9449b31d-f348-44cf-9248-442180d28406
06:47:14 INFO Current reconcile ID: 9449b31d-f348-44cf-9248-442180d28406, expected reconcile ID: 9449b31d-f348-44cf-9248-442180d28406
06:47:14 INFO Waiting for reconcile ID: 9449b31d-f348-44cf-9248-442180d28406
06:48:15 INFO Current reconcile ID: 12872d9b-7bca-49f1-b9ef-cfedee0d1639
06:48:15 INFO Current reconcile ID: 12872d9b-7bca-49f1-b9ef-cfedee0d1639, expected reconcile ID: 9449b31d-f348-44cf-9248-442180d28406
06:48:21 INFO Reconciling (again)
06:48:21 INFO Waiting for model:
  test-jzq5m8ak/0 [idle] active: 
06:48:51 INFO Waiting for model:
  test-jzq5m8ak/0 [executing] active: 
06:49:11 INFO Current reconcile ID: 3f30cef3-8f60-47c9-bee6-41b50aade200
06:49:11 INFO Waiting for reconcile ID: 3f30cef3-8f60-47c9-bee6-41b50aade200
06:50:13 INFO Current reconcile ID: 3f30cef3-8f60-47c9-bee6-41b50aade200
06:50:13 INFO Current reconcile ID: 3f30cef3-8f60-47c9-bee6-41b50aade200, expected reconcile ID: 3f30cef3-8f60-47c9-bee6-41b50aade200
06:50:13 INFO Waiting for reconcile ID: 3f30cef3-8f60-47c9-bee6-41b50aade200
06:51:14 INFO Current reconcile ID: 9124cd75-dba9-4aea-a3b0-22491bf284d2
06:51:14 INFO Current reconcile ID: 9124cd75-dba9-4aea-a3b0-22491bf284d2, expected reconcile ID: 3f30cef3-8f60-47c9-bee6-41b50aade200
06:55:08 INFO runners: ['test-jzq5m8ak-0-n-3271012090ec']
06:55:08 INFO runners in github repo: [SelfHostedActionsRunner(name="amd-noble-stg-private-endpoint-ps7-1-n-d7710f13d7e3"), SelfHostedActionsRunner(name="os-amd-noble-staging-ps6-3-n-11502ce6c999"), SelfHostedActionsRunner(name="os-amd-noble-staging-ps6-3-n-1c1e962eef17"), SelfHostedActionsRunner(name="os-amd-noble-staging-ps6-3-n-23c3a8993fa7"), SelfHostedActionsRunner(name="os-amd-noble-staging-ps6-3-n-2e75cc50834e"), SelfHostedActionsRunner(name="os-amd-noble-staging-ps6-3-n-4216d04b4cf1"), SelfHostedActionsRunner(name="os-amd-noble-staging-ps6-3-n-6629cd36c7c6"), SelfHostedActionsRunner(name="os-amd-noble-staging-ps6-3-n-8236da01863c"), SelfHostedActionsRunner(name="os-amd-noble-staging-ps6-3-n-8363b6e9834b"), SelfHostedActionsRunner(name="os-amd-noble-staging-ps6-3-n-843f0c06b446"), SelfHostedActionsRunner(name="os-amd-noble-staging-ps6-3-n-9afd3035db4b"), SelfHostedActionsRunner(name="os-amd-noble-staging-ps6-3-n-e1dd02c6356a"), SelfHostedActionsRunner(name="os-amd-noble-staging-ps7-1-n-ff081fa7b953"), SelfHostedActionsRunner(name="reactive-amd64-pfe-ci-ps7-4-n-63e501d6caad"), SelfHostedActionsRunner(name="reactive-amd64-pfe-ci-ps7-4-n-6f6d58d116bf"), SelfHostedActionsRunner(name="test-gm1dfqhj-0-n-f96d06603e71"), SelfHostedActionsRunner(name="test-hbnde316-0-n-f304209f83b1"), SelfHostedActionsRunner(name="test-i699k3av-0-n-f6112945d32d"), SelfHostedActionsRunner(name="test-jzq5m8ak-0-n-3271012090ec"), SelfHostedActionsRunner(name="test-q2i1itf8-0-n-15d543e7c259"), SelfHostedActionsRunner(name="test-tly0erml-0-n-a347b9c3a351"), SelfHostedActionsRunner(name="test-x0d534xv-0-n-730a0b45e661"), SelfHostedActionsRunner(name="test-zabhdink-0-n-a887888842d1")]
06:55:14 INFO Model status:

Model                             Controller           Cloud/Region         Version  SLA          Timestamp
test-charm-fork-path-change-fau0  github-pr-77d1e-lxd  localhost/localhost  3.6.9    unsupported  06:55:14Z

App                                   Version  Status  Scale  Charm                        Channel      Rev  Exposed  Message
github-runner-image-builder-jzq5m8ak           active      1  github-runner-image-builder  latest/edge  110  no       
test-jzq5m8ak                                  active      1  github-runner                               0  no       

Unit                                     Workload  Agent  Machine  Public address  Ports  Message
github-runner-image-builder-jzq5m8ak/0*  active    idle   0        10.62.139.93           
test-jzq5m8ak/0*                         active    idle   1        10.62.139.52           

Machine  State    Address       Inst id        Base          AZ             Message
0        started  10.62.139.93  juju-5e440d-0  ubuntu@22.04  github-runner  Running
1        started  10.62.139.52  juju-5e440d-1  ubuntu@22.04  github-runner  Running

06:55:15 INFO Juju error logs:

machine-0: 06:29:00 ERROR juju.worker.dependency "lxd-container-provisioner" manifold worker returned unexpected error: container types not yet available
machine-0: 06:29:00 ERROR juju.worker.dependency "kvm-container-provisioner" manifold worker returned unexpected error: container types not yet available
unit-github-runner-image-builder-jzq5m8ak-0: 06:29:00 ERROR juju.worker.meterstatus error running "meter-status-changed": charm missing from disk
machine-1: 06:29:09 ERROR juju.worker.dependency "lxd-container-provisioner" manifold worker returned unexpected error: container types not yet available
machine-1: 06:29:09 ERROR juju.worker.dependency "kvm-container-provisioner" manifold worker returned unexpected error: container types not yet available
unit-test-jzq5m8ak-0: 06:29:09 ERROR juju.worker.meterstatus error running "meter-status-changed": charm missing from disk
unit-github-runner-image-builder-jzq5m8ak-0: 06:30:08 ERROR unit.github-runner-image-builder-jzq5m8ak/0.juju-log Pipx command failed, code: 1, out: None, err: None
unit-test-jzq5m8ak-0: 06:31:04 ERROR unit.test-jzq5m8ak/0.juju-log Missing image integration.
Traceback (most recent call last):
  File "/var/lib/juju/agents/unit-test-jzq5m8ak-0/charm/./src/charm.py", line 118, in func_with_catch_errors
    func(self, event)
  File "/var/lib/juju/agents/unit-test-jzq5m8ak-0/charm/./src/charm.py", line 342, in _on_config_changed
    self._check_image_ready()
  File "/var/lib/juju/agents/unit-test-jzq5m8ak-0/charm/./src/charm.py", line 512, in _check_image_ready
    raise ImageIntegrationMissingError("No image integration found")
errors.ImageIntegrationMissingError: No image integration found
unit-test-jzq5m8ak-0: 06:31:08 ERROR unit.test-jzq5m8ak/0.juju-log Missing image integration.
Traceback (most recent call last):
  File "/var/lib/juju/agents/unit-test-jzq5m8ak-0/charm/./src/charm.py", line 118, in func_with_catch_errors
    func(self, event)
  File "/var/lib/juju/agents/unit-test-jzq5m8ak-0/charm/./src/charm.py", line 313, in _on_start
    self._check_image_ready()
  File "/var/lib/juju/agents/unit-test-jzq5m8ak-0/charm/./src/charm.py", line 512, in _check_image_ready
    raise ImageIntegrationMissingError("No image integration found")
errors.ImageIntegrationMissingError: No image integration found
unit-test-jzq5m8ak-0: 06:32:06 ERROR unit.test-jzq5m8ak/0.juju-log image:0: Missing image in image integration.
Traceback (most recent call last):
  File "/var/lib/juju/agents/unit-test-jzq5m8ak-0/charm/./src/charm.py", line 118, in func_with_catch_errors
    func(self, event)
  File "/var/lib/juju/agents/unit-test-jzq5m8ak-0/charm/./src/charm.py", line 477, in _on_image_relation_changed
    self._check_image_ready()
  File "/var/lib/juju/agents/unit-test-jzq5m8ak-0/charm/./src/charm.py", line 514, in _check_image_ready
    raise ImageNotFoundError("No image found in the image integration")
errors.ImageNotFoundError: No image found in the image integration

06:55:15 INFO Forgetting model main...