06:30:21 INFO OpenStack servers: []
06:30:21 INFO Model status:

Model                      Controller           Cloud/Region         Version  SLA          Timestamp
test-charm-no-runner-57f5  github-pr-e1eb1-lxd  localhost/localhost  3.6.9    unsupported  06:30:21Z

App                                   Version  Status   Scale  Charm                        Channel      Rev  Exposed  Message
github-runner-image-builder-v2e2itmp           error        1  github-runner-image-builder  latest/edge  125  no       hook failed: "image-relation-changed"
test-v2e2itmp                                  waiting      1  github-runner                               0  no       Waiting for image over integration.

Unit                                     Workload  Agent  Machine  Public address  Ports  Message
github-runner-image-builder-v2e2itmp/0*  error     idle   0        10.181.117.75          hook failed: "image-relation-changed"
test-v2e2itmp/0*                         waiting   idle   1        10.181.117.232         Waiting for image over integration.

Machine  State    Address         Inst id        Base          AZ             Message
0        started  10.181.117.75   juju-635964-0  ubuntu@22.04  github-runner  Running
1        started  10.181.117.232  juju-635964-1  ubuntu@22.04  github-runner  Running

06:30:21 INFO Juju error logs:

machine-0: 06:26:19 ERROR juju.worker.dependency "kvm-container-provisioner" manifold worker returned unexpected error: container types not yet available
machine-0: 06:26:19 ERROR juju.worker.dependency "lxd-container-provisioner" manifold worker returned unexpected error: container types not yet available
unit-github-runner-image-builder-v2e2itmp-0: 06:26:19 ERROR juju.worker.meterstatus error running "meter-status-changed": charm missing from disk
machine-1: 06:26:42 ERROR juju.worker.dependency "kvm-container-provisioner" manifold worker returned unexpected error: container types not yet available
machine-1: 06:26:42 ERROR juju.worker.dependency "lxd-container-provisioner" manifold worker returned unexpected error: container types not yet available
unit-test-v2e2itmp-0: 06:26:42 ERROR juju.worker.meterstatus error running "meter-status-changed": charm missing from disk
unit-github-runner-image-builder-v2e2itmp-0: 06:26:57 ERROR unit.github-runner-image-builder-v2e2itmp/0.juju-log Pipx command failed, code: 1, out: None, err: None
unit-test-v2e2itmp-0: 06:27:30 ERROR unit.test-v2e2itmp/0.juju-log Missing image integration.
Traceback (most recent call last):
  File "/var/lib/juju/agents/unit-test-v2e2itmp-0/charm/./src/charm.py", line 118, in func_with_catch_errors
    func(self, event)
  File "/var/lib/juju/agents/unit-test-v2e2itmp-0/charm/./src/charm.py", line 342, in _on_config_changed
    self._check_image_ready()
  File "/var/lib/juju/agents/unit-test-v2e2itmp-0/charm/./src/charm.py", line 512, in _check_image_ready
    raise ImageIntegrationMissingError("No image integration found")
errors.ImageIntegrationMissingError: No image integration found
unit-test-v2e2itmp-0: 06:27:32 ERROR unit.test-v2e2itmp/0.juju-log Missing image integration.
Traceback (most recent call last):
  File "/var/lib/juju/agents/unit-test-v2e2itmp-0/charm/./src/charm.py", line 118, in func_with_catch_errors
    func(self, event)
  File "/var/lib/juju/agents/unit-test-v2e2itmp-0/charm/./src/charm.py", line 313, in _on_start
    self._check_image_ready()
  File "/var/lib/juju/agents/unit-test-v2e2itmp-0/charm/./src/charm.py", line 512, in _check_image_ready
    raise ImageIntegrationMissingError("No image integration found")
errors.ImageIntegrationMissingError: No image integration found
unit-test-v2e2itmp-0: 06:29:01 ERROR unit.test-v2e2itmp/0.juju-log image:0: Missing image in image integration.
Traceback (most recent call last):
  File "/var/lib/juju/agents/unit-test-v2e2itmp-0/charm/./src/charm.py", line 118, in func_with_catch_errors
    func(self, event)
  File "/var/lib/juju/agents/unit-test-v2e2itmp-0/charm/./src/charm.py", line 477, in _on_image_relation_changed
    self._check_image_ready()
  File "/var/lib/juju/agents/unit-test-v2e2itmp-0/charm/./src/charm.py", line 514, in _check_image_ready
    raise ImageNotFoundError("No image found in the image integration")
errors.ImageNotFoundError: No image found in the image integration
unit-github-runner-image-builder-v2e2itmp-0: 06:29:38 ERROR unit.github-runner-image-builder-v2e2itmp/0.juju-log image:0: Image build failed, code: 1, out: , err: None, stdout: 
unit-github-runner-image-builder-v2e2itmp-0: 06:29:45 ERROR unit.github-runner-image-builder-v2e2itmp/0.juju-log image:0: Image build failed, code: 1, out: , err: None, stdout: 
unit-github-runner-image-builder-v2e2itmp-0: 06:29:52 ERROR unit.github-runner-image-builder-v2e2itmp/0.juju-log image:0: Image build failed, code: 1, out: , err: None, stdout: 
unit-github-runner-image-builder-v2e2itmp-0: 06:30:02 ERROR unit.github-runner-image-builder-v2e2itmp/0.juju-log image:0: Image build failed, code: 1, out: , err: None, stdout: 

06:30:21 INFO Forgetting model main...