18:20:21 WARNING unexpected facade SSHServer received from the controller
18:20:21 INFO Adding model github-pr-fb7eb-lxd:test-charm-upgrade-ee42 on cloud localhost
18:20:21 WARNING unexpected facade SSHServer received from the controller
18:20:21 WARNING unexpected facade SSHSession received from the controller
18:20:21 WARNING unexpected facade SSHTunneler received from the controller
18:20:21 INFO Deploying fake image builder via any-charm for image ID 1ad6e456-fa35-47ef-988f-1e793a60f258
18:20:24 INFO Deploying ch:amd64/noble/any-charm-124
18:20:40 INFO Deploying local:jammy/github-runner-0
18:20:40 INFO Waiting for model:
  test-ebh9bfle/0 [allocating] waiting: waiting for machine
  github-runner-image-builder-ebh9bfle/0 [allocating] waiting: waiting for machine
18:21:10 INFO Waiting for model:
  test-ebh9bfle/0 [allocating] waiting: waiting for machine
  github-runner-image-builder-ebh9bfle/0 [idle] active: 
18:21:40 INFO Waiting for model:
  test-ebh9bfle/0 [allocating] waiting: waiting for machine
18:22:10 INFO Waiting for model:
  test-ebh9bfle/0 [allocating] waiting: agent initialising
18:22:40 INFO Waiting for model:
  test-ebh9bfle/0 [executing] maintenance: installing charm software
18:23:10 INFO Waiting for model:
  test-ebh9bfle/0 [executing] maintenance: Update image for runners
18:23:40 INFO Waiting for model:
  test-ebh9bfle/0 [idle] active: 
18:25:35 INFO Waiting for model:
  test-ebh9bfle/0 [idle] active:
18:26:07 INFO Model status:

Model                    Controller           Cloud/Region         Version  SLA          Timestamp
test-charm-upgrade-ee42  github-pr-fb7eb-lxd  localhost/localhost  3.6.12   unsupported  18:26:07Z

App                                   Version  Status  Scale  Charm          Channel      Rev  Exposed  Message
github-runner-image-builder-ebh9bfle           active      1  any-charm      latest/beta  124  no       
test-ebh9bfle                                  active      1  github-runner                 1  no       

Unit                                     Workload  Agent  Machine  Public address  Ports  Message
github-runner-image-builder-ebh9bfle/0*  active    idle   0        10.72.94.177           
test-ebh9bfle/0*                         active    idle   1        10.72.94.66            

Machine  State    Address       Inst id        Base          AZ             Message
0        started  10.72.94.177  juju-76f8f1-0  ubuntu@24.04  github-runner  Running
1        started  10.72.94.66   juju-76f8f1-1  ubuntu@22.04  github-runner  Running

18:26:07 INFO Juju error logs:

machine-0: 18:21:00 ERROR juju.worker.dependency "lxd-container-provisioner" manifold worker returned unexpected error: container types not yet available
machine-0: 18:21:00 ERROR juju.worker.dependency "kvm-container-provisioner" manifold worker returned unexpected error: container types not yet available
machine-1: 18:21:58 ERROR juju.worker.dependency "lxd-container-provisioner" manifold worker returned unexpected error: container types not yet available
machine-1: 18:21:58 ERROR juju.worker.dependency "kvm-container-provisioner" manifold worker returned unexpected error: container types not yet available
unit-test-ebh9bfle-0: 18:22:49 ERROR unit.test-ebh9bfle/0.juju-log Missing image integration.
Traceback (most recent call last):
  File "/var/lib/juju/agents/unit-test-ebh9bfle-0/charm/./src/charm.py", line 119, in func_with_catch_errors
    func(self, event)
  File "/var/lib/juju/agents/unit-test-ebh9bfle-0/charm/./src/charm.py", line 354, in _on_config_changed
    self._check_image_ready()
  File "/var/lib/juju/agents/unit-test-ebh9bfle-0/charm/./src/charm.py", line 524, in _check_image_ready
    raise ImageIntegrationMissingError("No image integration found")
errors.ImageIntegrationMissingError: No image integration found
unit-test-ebh9bfle-0: 18:22:50 ERROR unit.test-ebh9bfle/0.juju-log Missing image integration.
Traceback (most recent call last):
  File "/var/lib/juju/agents/unit-test-ebh9bfle-0/charm/./src/charm.py", line 119, in func_with_catch_errors
    func(self, event)
  File "/var/lib/juju/agents/unit-test-ebh9bfle-0/charm/./src/charm.py", line 317, in _on_start
    self._check_image_ready()
  File "/var/lib/juju/agents/unit-test-ebh9bfle-0/charm/./src/charm.py", line 524, in _check_image_ready
    raise ImageIntegrationMissingError("No image integration found")
errors.ImageIntegrationMissingError: No image integration found

18:26:07 INFO Forgetting model main...