{"uid":"69e6f124bd4b51fa","name":"test_prometheus_metrics","fullName":"tests.integration.test_prometheus_metrics#test_prometheus_metrics","historyId":"8ad402f8a81c79aa3fa21a6fb8e0f79a","time":{"start":1760768895876,"stop":1760768895876,"duration":0},"description":"\n    arrange: given a prometheus charm application.\n    act: when GitHub runner is integrated.\n    assert: the datasource is registered and basic metrics are available.\n    ","descriptionHtml":"<pre><code>arrange: given a prometheus charm application.\nact: when GitHub runner is integrated.\nassert: the datasource is registered and basic metrics are available.\n</code></pre>\n","status":"broken","statusMessage":"TimeoutError: Timed out waiting for model:\n  test-h77eu1v5/0 [allocating] waiting: waiting for machine\n  github-runner-image-builder-h77eu1v5/0 [allocating] waiting: waiting for machine","statusTrace":"Traceback (most recent call last):\n  File \"/home/ubuntu/actions-runner/_work/github-runner-operator/github-runner-operator/.tox/integration-juju3.6/lib/python3.12/site-packages/_pytest/runner.py\", line 344, in from_call\n    result: TResult | None = func()\n                             ^^^^^^\n  File \"/home/ubuntu/actions-runner/_work/github-runner-operator/github-runner-operator/.tox/integration-juju3.6/lib/python3.12/site-packages/_pytest/runner.py\", line 246, in <lambda>\n    lambda: runtest_hook(item=item, **kwds), when=when, reraise=reraise\n            ^^^^^^^^^^^^^^^^^^^^^^^^^^^^^^^\n  File \"/home/ubuntu/actions-runner/_work/github-runner-operator/github-runner-operator/.tox/integration-juju3.6/lib/python3.12/site-packages/pluggy/_hooks.py\", line 512, in __call__\n    return self._hookexec(self.name, self._hookimpls.copy(), kwargs, firstresult)\n           ^^^^^^^^^^^^^^^^^^^^^^^^^^^^^^^^^^^^^^^^^^^^^^^^^^^^^^^^^^^^^^^^^^^^^^\n  File \"/home/ubuntu/actions-runner/_work/github-runner-operator/github-runner-operator/.tox/integration-juju3.6/lib/python3.12/site-packages/pluggy/_manager.py\", line 120, in _hookexec\n    return self._inner_hookexec(hook_name, methods, kwargs, firstresult)\n           ^^^^^^^^^^^^^^^^^^^^^^^^^^^^^^^^^^^^^^^^^^^^^^^^^^^^^^^^^^^^^\n  File \"/home/ubuntu/actions-runner/_work/github-runner-operator/github-runner-operator/.tox/integration-juju3.6/lib/python3.12/site-packages/pluggy/_callers.py\", line 167, in _multicall\n    raise exception\n  File \"/home/ubuntu/actions-runner/_work/github-runner-operator/github-runner-operator/.tox/integration-juju3.6/lib/python3.12/site-packages/pluggy/_callers.py\", line 139, in _multicall\n    teardown.throw(exception)\n  File \"/home/ubuntu/actions-runner/_work/github-runner-operator/github-runner-operator/.tox/integration-juju3.6/lib/python3.12/site-packages/_pytest/logging.py\", line 843, in pytest_runtest_setup\n    yield\n  File \"/home/ubuntu/actions-runner/_work/github-runner-operator/github-runner-operator/.tox/integration-juju3.6/lib/python3.12/site-packages/pluggy/_callers.py\", line 139, in _multicall\n    teardown.throw(exception)\n  File \"/home/ubuntu/actions-runner/_work/github-runner-operator/github-runner-operator/.tox/integration-juju3.6/lib/python3.12/site-packages/pluggy/_callers.py\", line 53, in run_old_style_hookwrapper\n    return result.get_result()\n           ^^^^^^^^^^^^^^^^^^^\n  File \"/home/ubuntu/actions-runner/_work/github-runner-operator/github-runner-operator/.tox/integration-juju3.6/lib/python3.12/site-packages/pluggy/_result.py\", line 103, in get_result\n    raise exc.with_traceback(tb)\n  File \"/home/ubuntu/actions-runner/_work/github-runner-operator/github-runner-operator/.tox/integration-juju3.6/lib/python3.12/site-packages/pluggy/_callers.py\", line 38, in run_old_style_hookwrapper\n    res = yield\n          ^^^^^\n  File \"/home/ubuntu/actions-runner/_work/github-runner-operator/github-runner-operator/.tox/integration-juju3.6/lib/python3.12/site-packages/pluggy/_callers.py\", line 139, in _multicall\n    teardown.throw(exception)\n  File \"/home/ubuntu/actions-runner/_work/github-runner-operator/github-runner-operator/.tox/integration-juju3.6/lib/python3.12/site-packages/_pytest/capture.py\", line 895, in pytest_runtest_setup\n    return (yield)\n            ^^^^^\n  File \"/home/ubuntu/actions-runner/_work/github-runner-operator/github-runner-operator/.tox/integration-juju3.6/lib/python3.12/site-packages/pluggy/_callers.py\", line 121, in _multicall\n    res = hook_impl.function(*args)\n          ^^^^^^^^^^^^^^^^^^^^^^^^^\n  File \"/home/ubuntu/actions-runner/_work/github-runner-operator/github-runner-operator/.tox/integration-juju3.6/lib/python3.12/site-packages/_pytest/runner.py\", line 164, in pytest_runtest_setup\n    item.session._setupstate.setup(item)\n  File \"/home/ubuntu/actions-runner/_work/github-runner-operator/github-runner-operator/.tox/integration-juju3.6/lib/python3.12/site-packages/_pytest/runner.py\", line 514, in setup\n    col.setup()\n  File \"/home/ubuntu/actions-runner/_work/github-runner-operator/github-runner-operator/.tox/integration-juju3.6/lib/python3.12/site-packages/_pytest/python.py\", line 1674, in setup\n    self._request._fillfixtures()\n  File \"/home/ubuntu/actions-runner/_work/github-runner-operator/github-runner-operator/.tox/integration-juju3.6/lib/python3.12/site-packages/_pytest/fixtures.py\", line 720, in _fillfixtures\n    item.funcargs[argname] = self.getfixturevalue(argname)\n                             ^^^^^^^^^^^^^^^^^^^^^^^^^^^^^\n  File \"/home/ubuntu/actions-runner/_work/github-runner-operator/github-runner-operator/.tox/integration-juju3.6/lib/python3.12/site-packages/_pytest/fixtures.py\", line 549, in getfixturevalue\n    fixturedef = self._get_active_fixturedef(argname)\n                 ^^^^^^^^^^^^^^^^^^^^^^^^^^^^^^^^^^^^\n  File \"/home/ubuntu/actions-runner/_work/github-runner-operator/github-runner-operator/.tox/integration-juju3.6/lib/python3.12/site-packages/_pytest/fixtures.py\", line 640, in _get_active_fixturedef\n    fixturedef.execute(request=subrequest)\n  File \"/home/ubuntu/actions-runner/_work/github-runner-operator/github-runner-operator/.tox/integration-juju3.6/lib/python3.12/site-packages/_pytest/fixtures.py\", line 1084, in execute\n    fixturedef = request._get_active_fixturedef(argname)\n                 ^^^^^^^^^^^^^^^^^^^^^^^^^^^^^^^^^^^^^^^\n  File \"/home/ubuntu/actions-runner/_work/github-runner-operator/github-runner-operator/.tox/integration-juju3.6/lib/python3.12/site-packages/_pytest/fixtures.py\", line 640, in _get_active_fixturedef\n    fixturedef.execute(request=subrequest)\n  File \"/home/ubuntu/actions-runner/_work/github-runner-operator/github-runner-operator/.tox/integration-juju3.6/lib/python3.12/site-packages/_pytest/fixtures.py\", line 1128, in execute\n    result = ihook.pytest_fixture_setup(fixturedef=self, request=request)\n             ^^^^^^^^^^^^^^^^^^^^^^^^^^^^^^^^^^^^^^^^^^^^^^^^^^^^^^^^^^^^\n  File \"/home/ubuntu/actions-runner/_work/github-runner-operator/github-runner-operator/.tox/integration-juju3.6/lib/python3.12/site-packages/pluggy/_hooks.py\", line 512, in __call__\n    return self._hookexec(self.name, self._hookimpls.copy(), kwargs, firstresult)\n           ^^^^^^^^^^^^^^^^^^^^^^^^^^^^^^^^^^^^^^^^^^^^^^^^^^^^^^^^^^^^^^^^^^^^^^\n  File \"/home/ubuntu/actions-runner/_work/github-runner-operator/github-runner-operator/.tox/integration-juju3.6/lib/python3.12/site-packages/pluggy/_manager.py\", line 120, in _hookexec\n    return self._inner_hookexec(hook_name, methods, kwargs, firstresult)\n           ^^^^^^^^^^^^^^^^^^^^^^^^^^^^^^^^^^^^^^^^^^^^^^^^^^^^^^^^^^^^^\n  File \"/home/ubuntu/actions-runner/_work/github-runner-operator/github-runner-operator/.tox/integration-juju3.6/lib/python3.12/site-packages/pluggy/_callers.py\", line 167, in _multicall\n    raise exception\n  File \"/home/ubuntu/actions-runner/_work/github-runner-operator/github-runner-operator/.tox/integration-juju3.6/lib/python3.12/site-packages/pluggy/_callers.py\", line 139, in _multicall\n    teardown.throw(exception)\n  File \"/home/ubuntu/actions-runner/_work/github-runner-operator/github-runner-operator/.tox/integration-juju3.6/lib/python3.12/site-packages/pluggy/_callers.py\", line 53, in run_old_style_hookwrapper\n    return result.get_result()\n           ^^^^^^^^^^^^^^^^^^^\n  File \"/home/ubuntu/actions-runner/_work/github-runner-operator/github-runner-operator/.tox/integration-juju3.6/lib/python3.12/site-packages/pluggy/_result.py\", line 103, in get_result\n    raise exc.with_traceback(tb)\n  File \"/home/ubuntu/actions-runner/_work/github-runner-operator/github-runner-operator/.tox/integration-juju3.6/lib/python3.12/site-packages/pluggy/_callers.py\", line 38, in run_old_style_hookwrapper\n    res = yield\n          ^^^^^\n  File \"/home/ubuntu/actions-runner/_work/github-runner-operator/github-runner-operator/.tox/integration-juju3.6/lib/python3.12/site-packages/pluggy/_callers.py\", line 139, in _multicall\n    teardown.throw(exception)\n  File \"/home/ubuntu/actions-runner/_work/github-runner-operator/github-runner-operator/.tox/integration-juju3.6/lib/python3.12/site-packages/pluggy/_callers.py\", line 53, in run_old_style_hookwrapper\n    return result.get_result()\n           ^^^^^^^^^^^^^^^^^^^\n  File \"/home/ubuntu/actions-runner/_work/github-runner-operator/github-runner-operator/.tox/integration-juju3.6/lib/python3.12/site-packages/pluggy/_result.py\", line 103, in get_result\n    raise exc.with_traceback(tb)\n  File \"/home/ubuntu/actions-runner/_work/github-runner-operator/github-runner-operator/.tox/integration-juju3.6/lib/python3.12/site-packages/pluggy/_callers.py\", line 38, in run_old_style_hookwrapper\n    res = yield\n          ^^^^^\n  File \"/home/ubuntu/actions-runner/_work/github-runner-operator/github-runner-operator/.tox/integration-juju3.6/lib/python3.12/site-packages/pluggy/_callers.py\", line 139, in _multicall\n    teardown.throw(exception)\n  File \"/home/ubuntu/actions-runner/_work/github-runner-operator/github-runner-operator/.tox/integration-juju3.6/lib/python3.12/site-packages/_pytest/setuponly.py\", line 36, in pytest_fixture_setup\n    return (yield)\n            ^^^^^\n  File \"/home/ubuntu/actions-runner/_work/github-runner-operator/github-runner-operator/.tox/integration-juju3.6/lib/python3.12/site-packages/pluggy/_callers.py\", line 121, in _multicall\n    res = hook_impl.function(*args)\n          ^^^^^^^^^^^^^^^^^^^^^^^^^\n  File \"/home/ubuntu/actions-runner/_work/github-runner-operator/github-runner-operator/.tox/integration-juju3.6/lib/python3.12/site-packages/_pytest/fixtures.py\", line 1196, in pytest_fixture_setup\n    result = call_fixture_func(fixturefunc, request, kwargs)\n             ^^^^^^^^^^^^^^^^^^^^^^^^^^^^^^^^^^^^^^^^^^^^^^^\n  File \"/home/ubuntu/actions-runner/_work/github-runner-operator/github-runner-operator/.tox/integration-juju3.6/lib/python3.12/site-packages/_pytest/fixtures.py\", line 930, in call_fixture_func\n    fixture_result = fixturefunc(**kwargs)\n                     ^^^^^^^^^^^^^^^^^^^^^\n  File \"/home/ubuntu/actions-runner/_work/github-runner-operator/github-runner-operator/.tox/integration-juju3.6/lib/python3.12/site-packages/pytest_asyncio/plugin.py\", line 302, in _asyncgen_fixture_wrapper\n    result = event_loop.run_until_complete(setup())\n             ^^^^^^^^^^^^^^^^^^^^^^^^^^^^^^^^^^^^^^\n  File \"/home/ubuntu/actions-runner/_work/github-runner-operator/github-runner-operator/.tox/integration-juju3.6/lib/python3.12/site-packages/nest_asyncio.py\", line 98, in run_until_complete\n    return f.result()\n           ^^^^^^^^^^\n  File \"/usr/lib/python3.12/asyncio/futures.py\", line 203, in result\n    raise self._exception.with_traceback(self._exception_tb)\n  File \"/usr/lib/python3.12/asyncio/tasks.py\", line 314, in __step_run_and_handle_result\n    result = coro.send(None)\n             ^^^^^^^^^^^^^^^\n  File \"/home/ubuntu/actions-runner/_work/github-runner-operator/github-runner-operator/.tox/integration-juju3.6/lib/python3.12/site-packages/pytest_asyncio/plugin.py\", line 284, in setup\n    res = await gen_obj.__anext__()\n          ^^^^^^^^^^^^^^^^^^^^^^^^^\n  File \"/home/ubuntu/actions-runner/_work/github-runner-operator/github-runner-operator/tests/integration/conftest.py\", line 484, in app_openstack_runner_fixture\n    await model.wait_for_idle(\n  File \"/home/ubuntu/actions-runner/_work/github-runner-operator/github-runner-operator/.tox/integration-juju3.6/lib/python3.12/site-packages/juju/model/__init__.py\", line 3250, in wait_for_idle\n    raise asyncio.TimeoutError(\nTimeoutError: Timed out waiting for model:\n  test-h77eu1v5/0 [allocating] waiting: waiting for machine\n  github-runner-image-builder-h77eu1v5/0 [allocating] waiting: waiting for machine","flaky":false,"newFailed":false,"newBroken":false,"newPassed":false,"retriesCount":1,"retriesStatusChange":true,"beforeStages":[{"name":"k8s_juju","time":{"start":1760768895877,"stop":1760768896165,"duration":288},"status":"passed","steps":[],"attachments":[],"parameters":[],"shouldDisplayMessage":false,"stepsCount":0,"attachmentsCount":0,"hasContent":false,"attachmentStep":false},{"name":"tmp_path_factory","time":{"start":1760768895877,"stop":1760768895877,"duration":0},"status":"passed","steps":[],"attachments":[],"parameters":[],"shouldDisplayMessage":false,"stepsCount":0,"attachmentsCount":0,"hasContent":false,"attachmentStep":false},{"name":"event_loop","time":{"start":1760768895877,"stop":1760768895877,"duration":0},"status":"passed","steps":[],"attachments":[],"parameters":[],"shouldDisplayMessage":false,"stepsCount":0,"attachmentsCount":0,"hasContent":false,"attachmentStep":false},{"name":"pytestconfig","time":{"start":1760768895877,"stop":1760768895877,"duration":0},"status":"passed","steps":[],"attachments":[],"parameters":[],"shouldDisplayMessage":false,"stepsCount":0,"attachmentsCount":0,"hasContent":false,"attachmentStep":false},{"name":"prometheus_app","time":{"start":1760768896165,"stop":1760768963052,"duration":66887},"status":"passed","steps":[],"attachments":[],"parameters":[],"shouldDisplayMessage":false,"stepsCount":0,"attachmentsCount":0,"hasContent":false,"attachmentStep":false},{"name":"grafana_app","time":{"start":1760768963052,"stop":1760769038814,"duration":75762},"status":"passed","steps":[],"attachments":[],"parameters":[],"shouldDisplayMessage":false,"stepsCount":0,"attachmentsCount":0,"hasContent":false,"attachmentStep":false},{"name":"traefik_ingress","time":{"start":1760769038814,"stop":1760769040540,"duration":1726},"status":"passed","steps":[],"attachments":[],"parameters":[],"shouldDisplayMessage":false,"stepsCount":0,"attachmentsCount":0,"hasContent":false,"attachmentStep":false},{"name":"ops_test","time":{"start":1760769040540,"stop":1760769041136,"duration":596},"status":"passed","steps":[],"attachments":[],"parameters":[],"shouldDisplayMessage":false,"stepsCount":0,"attachmentsCount":0,"hasContent":false,"attachmentStep":false},{"name":"http_proxy","time":{"start":1760769041136,"stop":1760769041137,"duration":1},"status":"passed","steps":[],"attachments":[],"parameters":[],"shouldDisplayMessage":false,"stepsCount":0,"attachmentsCount":0,"hasContent":false,"attachmentStep":false},{"name":"no_proxy","time":{"start":1760769041137,"stop":1760769041137,"duration":0},"status":"passed","steps":[],"attachments":[],"parameters":[],"shouldDisplayMessage":false,"stepsCount":0,"attachmentsCount":0,"hasContent":false,"attachmentStep":false},{"name":"model","time":{"start":1760769041137,"stop":1760769041144,"duration":7},"status":"passed","steps":[],"attachments":[],"parameters":[],"shouldDisplayMessage":false,"stepsCount":0,"attachmentsCount":0,"hasContent":false,"attachmentStep":false},{"name":"https_proxy","time":{"start":1760769041137,"stop":1760769041137,"duration":0},"status":"passed","steps":[],"attachments":[],"parameters":[],"shouldDisplayMessage":false,"stepsCount":0,"attachmentsCount":0,"hasContent":false,"attachmentStep":false},{"name":"juju","time":{"start":1760769041144,"stop":1760769041164,"duration":20},"status":"passed","steps":[],"attachments":[],"parameters":[],"shouldDisplayMessage":false,"stepsCount":0,"attachmentsCount":0,"hasContent":false,"attachmentStep":false},{"name":"openstack_clouds_yaml","time":{"start":1760769041164,"stop":1760769041164,"duration":0},"status":"passed","steps":[],"attachments":[],"parameters":[],"shouldDisplayMessage":false,"stepsCount":0,"attachmentsCount":0,"hasContent":false,"attachmentStep":false},{"name":"charm_file","time":{"start":1760769041164,"stop":1760769041164,"duration":0},"status":"passed","steps":[],"attachments":[],"parameters":[],"shouldDisplayMessage":false,"stepsCount":0,"attachmentsCount":0,"hasContent":false,"attachmentStep":false},{"name":"existing_app_suffix","time":{"start":1760769041164,"stop":1760769041164,"duration":0},"status":"passed","steps":[],"attachments":[],"parameters":[],"shouldDisplayMessage":false,"stepsCount":0,"attachmentsCount":0,"hasContent":false,"attachmentStep":false},{"name":"random_app_name_suffix","time":{"start":1760769041164,"stop":1760769041164,"duration":0},"status":"passed","steps":[],"attachments":[],"parameters":[],"shouldDisplayMessage":false,"stepsCount":0,"attachmentsCount":0,"hasContent":false,"attachmentStep":false},{"name":"network_name","time":{"start":1760769041165,"stop":1760769041165,"duration":0},"status":"passed","steps":[],"attachments":[],"parameters":[],"shouldDisplayMessage":false,"stepsCount":0,"attachmentsCount":0,"hasContent":false,"attachmentStep":false},{"name":"clouds_yaml_contents","time":{"start":1760769041165,"stop":1760769041165,"duration":0},"status":"passed","steps":[],"attachments":[],"parameters":[],"shouldDisplayMessage":false,"stepsCount":0,"attachmentsCount":0,"hasContent":false,"attachmentStep":false},{"name":"flavor_name","time":{"start":1760769041165,"stop":1760769041165,"duration":0},"status":"passed","steps":[],"attachments":[],"parameters":[],"shouldDisplayMessage":false,"stepsCount":0,"attachmentsCount":0,"hasContent":false,"attachmentStep":false},{"name":"path","time":{"start":1760769041165,"stop":1760769041165,"duration":0},"status":"passed","steps":[],"attachments":[],"parameters":[],"shouldDisplayMessage":false,"stepsCount":0,"attachmentsCount":0,"hasContent":false,"attachmentStep":false},{"name":"openstack_no_proxy","time":{"start":1760769041165,"stop":1760769041165,"duration":0},"status":"passed","steps":[],"attachments":[],"parameters":[],"shouldDisplayMessage":false,"stepsCount":0,"attachmentsCount":0,"hasContent":false,"attachmentStep":false},{"name":"private_endpoint_config","time":{"start":1760769041165,"stop":1760769041165,"duration":0},"status":"passed","steps":[],"attachments":[],"parameters":[],"shouldDisplayMessage":false,"stepsCount":0,"attachmentsCount":0,"hasContent":false,"attachmentStep":false},{"name":"token","time":{"start":1760769041165,"stop":1760769041165,"duration":0},"status":"passed","steps":[],"attachments":[],"parameters":[],"shouldDisplayMessage":false,"stepsCount":0,"attachmentsCount":0,"hasContent":false,"attachmentStep":false},{"name":"openstack_http_proxy","time":{"start":1760769041165,"stop":1760769041165,"duration":0},"status":"passed","steps":[],"attachments":[],"parameters":[],"shouldDisplayMessage":false,"stepsCount":0,"attachmentsCount":0,"hasContent":false,"attachmentStep":false},{"name":"app_name","time":{"start":1760769041165,"stop":1760769041165,"duration":0},"status":"passed","steps":[],"attachments":[],"parameters":[],"shouldDisplayMessage":false,"stepsCount":0,"attachmentsCount":0,"hasContent":false,"attachmentStep":false},{"name":"image_builder_app_name","time":{"start":1760769041165,"stop":1760769041165,"duration":0},"status":"passed","steps":[],"attachments":[],"parameters":[],"shouldDisplayMessage":false,"stepsCount":0,"attachmentsCount":0,"hasContent":false,"attachmentStep":false},{"name":"private_endpoint_clouds_yaml","time":{"start":1760769041165,"stop":1760769041165,"duration":0},"status":"passed","steps":[],"attachments":[],"parameters":[],"shouldDisplayMessage":false,"stepsCount":0,"attachmentsCount":0,"hasContent":false,"attachmentStep":false},{"name":"openstack_https_proxy","time":{"start":1760769041165,"stop":1760769041165,"duration":0},"status":"passed","steps":[],"attachments":[],"parameters":[],"shouldDisplayMessage":false,"stepsCount":0,"attachmentsCount":0,"hasContent":false,"attachmentStep":false},{"name":"openstack_model_proxy","time":{"start":1760769041166,"stop":1760769041173,"duration":7},"status":"passed","steps":[],"attachments":[],"parameters":[],"shouldDisplayMessage":false,"stepsCount":0,"attachmentsCount":0,"hasContent":false,"attachmentStep":false},{"name":"image_builder_config","time":{"start":1760769041166,"stop":1760769041166,"duration":0},"status":"passed","steps":[],"attachments":[],"parameters":[],"shouldDisplayMessage":false,"stepsCount":0,"attachmentsCount":0,"hasContent":false,"attachmentStep":false},{"name":"openstack_connection","time":{"start":1760769041173,"stop":1760769041188,"duration":15},"status":"passed","steps":[],"attachments":[],"parameters":[],"shouldDisplayMessage":false,"stepsCount":0,"attachmentsCount":0,"hasContent":false,"attachmentStep":false},{"name":"image_builder","time":{"start":1760769041188,"stop":1760769042986,"duration":1798},"status":"passed","steps":[],"attachments":[],"parameters":[],"shouldDisplayMessage":false,"stepsCount":0,"attachmentsCount":0,"hasContent":false,"attachmentStep":false},{"name":"app_openstack_runner","time":{"start":1760769042986,"stop":1760770864719,"duration":1821733},"status":"broken","statusMessage":"TimeoutError: Timed out waiting for model:\n  test-h77eu1v5/0 [allocating] waiting: waiting for machine\n  github-runner-image-builder-h77eu1v5/0 [allocating] waiting: waiting for machine\n","statusTrace":"  File \"/home/ubuntu/actions-runner/_work/github-runner-operator/github-runner-operator/.tox/integration-juju3.6/lib/python3.12/site-packages/pluggy/_callers.py\", line 38, in run_old_style_hookwrapper\n    res = yield\n          ^^^^^\n  File \"/home/ubuntu/actions-runner/_work/github-runner-operator/github-runner-operator/.tox/integration-juju3.6/lib/python3.12/site-packages/pluggy/_callers.py\", line 139, in _multicall\n    teardown.throw(exception)\n  File \"/home/ubuntu/actions-runner/_work/github-runner-operator/github-runner-operator/.tox/integration-juju3.6/lib/python3.12/site-packages/pluggy/_callers.py\", line 53, in run_old_style_hookwrapper\n    return result.get_result()\n           ^^^^^^^^^^^^^^^^^^^\n  File \"/home/ubuntu/actions-runner/_work/github-runner-operator/github-runner-operator/.tox/integration-juju3.6/lib/python3.12/site-packages/pluggy/_result.py\", line 103, in get_result\n    raise exc.with_traceback(tb)\n  File \"/home/ubuntu/actions-runner/_work/github-runner-operator/github-runner-operator/.tox/integration-juju3.6/lib/python3.12/site-packages/pluggy/_callers.py\", line 38, in run_old_style_hookwrapper\n    res = yield\n          ^^^^^\n  File \"/home/ubuntu/actions-runner/_work/github-runner-operator/github-runner-operator/.tox/integration-juju3.6/lib/python3.12/site-packages/pluggy/_callers.py\", line 139, in _multicall\n    teardown.throw(exception)\n  File \"/home/ubuntu/actions-runner/_work/github-runner-operator/github-runner-operator/.tox/integration-juju3.6/lib/python3.12/site-packages/_pytest/setuponly.py\", line 36, in pytest_fixture_setup\n    return (yield)\n            ^^^^^\n  File \"/home/ubuntu/actions-runner/_work/github-runner-operator/github-runner-operator/.tox/integration-juju3.6/lib/python3.12/site-packages/pluggy/_callers.py\", line 121, in _multicall\n    res = hook_impl.function(*args)\n          ^^^^^^^^^^^^^^^^^^^^^^^^^\n  File \"/home/ubuntu/actions-runner/_work/github-runner-operator/github-runner-operator/.tox/integration-juju3.6/lib/python3.12/site-packages/_pytest/fixtures.py\", line 1196, in pytest_fixture_setup\n    result = call_fixture_func(fixturefunc, request, kwargs)\n             ^^^^^^^^^^^^^^^^^^^^^^^^^^^^^^^^^^^^^^^^^^^^^^^\n  File \"/home/ubuntu/actions-runner/_work/github-runner-operator/github-runner-operator/.tox/integration-juju3.6/lib/python3.12/site-packages/_pytest/fixtures.py\", line 930, in call_fixture_func\n    fixture_result = fixturefunc(**kwargs)\n                     ^^^^^^^^^^^^^^^^^^^^^\n  File \"/home/ubuntu/actions-runner/_work/github-runner-operator/github-runner-operator/.tox/integration-juju3.6/lib/python3.12/site-packages/pytest_asyncio/plugin.py\", line 302, in _asyncgen_fixture_wrapper\n    result = event_loop.run_until_complete(setup())\n             ^^^^^^^^^^^^^^^^^^^^^^^^^^^^^^^^^^^^^^\n  File \"/home/ubuntu/actions-runner/_work/github-runner-operator/github-runner-operator/.tox/integration-juju3.6/lib/python3.12/site-packages/nest_asyncio.py\", line 98, in run_until_complete\n    return f.result()\n           ^^^^^^^^^^\n  File \"/usr/lib/python3.12/asyncio/futures.py\", line 203, in result\n    raise self._exception.with_traceback(self._exception_tb)\n  File \"/usr/lib/python3.12/asyncio/tasks.py\", line 314, in __step_run_and_handle_result\n    result = coro.send(None)\n             ^^^^^^^^^^^^^^^\n  File \"/home/ubuntu/actions-runner/_work/github-runner-operator/github-runner-operator/.tox/integration-juju3.6/lib/python3.12/site-packages/pytest_asyncio/plugin.py\", line 284, in setup\n    res = await gen_obj.__anext__()\n          ^^^^^^^^^^^^^^^^^^^^^^^^^\n  File \"/home/ubuntu/actions-runner/_work/github-runner-operator/github-runner-operator/tests/integration/conftest.py\", line 484, in app_openstack_runner_fixture\n    await model.wait_for_idle(\n  File \"/home/ubuntu/actions-runner/_work/github-runner-operator/github-runner-operator/.tox/integration-juju3.6/lib/python3.12/site-packages/juju/model/__init__.py\", line 3250, in wait_for_idle\n    raise asyncio.TimeoutError(\n","steps":[],"attachments":[],"parameters":[],"shouldDisplayMessage":true,"stepsCount":0,"attachmentsCount":0,"hasContent":true,"attachmentStep":false}],"testStage":{"description":"\n    arrange: given a prometheus charm application.\n    act: when GitHub runner is integrated.\n    assert: the datasource is registered and basic metrics are available.\n    ","status":"broken","statusMessage":"TimeoutError: Timed out waiting for model:\n  test-h77eu1v5/0 [allocating] waiting: waiting for machine\n  github-runner-image-builder-h77eu1v5/0 [allocating] waiting: waiting for machine","statusTrace":"Traceback (most recent call last):\n  File \"/home/ubuntu/actions-runner/_work/github-runner-operator/github-runner-operator/.tox/integration-juju3.6/lib/python3.12/site-packages/_pytest/runner.py\", line 344, in from_call\n    result: TResult | None = func()\n                             ^^^^^^\n  File \"/home/ubuntu/actions-runner/_work/github-runner-operator/github-runner-operator/.tox/integration-juju3.6/lib/python3.12/site-packages/_pytest/runner.py\", line 246, in <lambda>\n    lambda: runtest_hook(item=item, **kwds), when=when, reraise=reraise\n            ^^^^^^^^^^^^^^^^^^^^^^^^^^^^^^^\n  File \"/home/ubuntu/actions-runner/_work/github-runner-operator/github-runner-operator/.tox/integration-juju3.6/lib/python3.12/site-packages/pluggy/_hooks.py\", line 512, in __call__\n    return self._hookexec(self.name, self._hookimpls.copy(), kwargs, firstresult)\n           ^^^^^^^^^^^^^^^^^^^^^^^^^^^^^^^^^^^^^^^^^^^^^^^^^^^^^^^^^^^^^^^^^^^^^^\n  File \"/home/ubuntu/actions-runner/_work/github-runner-operator/github-runner-operator/.tox/integration-juju3.6/lib/python3.12/site-packages/pluggy/_manager.py\", line 120, in _hookexec\n    return self._inner_hookexec(hook_name, methods, kwargs, firstresult)\n           ^^^^^^^^^^^^^^^^^^^^^^^^^^^^^^^^^^^^^^^^^^^^^^^^^^^^^^^^^^^^^\n  File \"/home/ubuntu/actions-runner/_work/github-runner-operator/github-runner-operator/.tox/integration-juju3.6/lib/python3.12/site-packages/pluggy/_callers.py\", line 167, in _multicall\n    raise exception\n  File \"/home/ubuntu/actions-runner/_work/github-runner-operator/github-runner-operator/.tox/integration-juju3.6/lib/python3.12/site-packages/pluggy/_callers.py\", line 139, in _multicall\n    teardown.throw(exception)\n  File \"/home/ubuntu/actions-runner/_work/github-runner-operator/github-runner-operator/.tox/integration-juju3.6/lib/python3.12/site-packages/_pytest/logging.py\", line 843, in pytest_runtest_setup\n    yield\n  File \"/home/ubuntu/actions-runner/_work/github-runner-operator/github-runner-operator/.tox/integration-juju3.6/lib/python3.12/site-packages/pluggy/_callers.py\", line 139, in _multicall\n    teardown.throw(exception)\n  File \"/home/ubuntu/actions-runner/_work/github-runner-operator/github-runner-operator/.tox/integration-juju3.6/lib/python3.12/site-packages/pluggy/_callers.py\", line 53, in run_old_style_hookwrapper\n    return result.get_result()\n           ^^^^^^^^^^^^^^^^^^^\n  File \"/home/ubuntu/actions-runner/_work/github-runner-operator/github-runner-operator/.tox/integration-juju3.6/lib/python3.12/site-packages/pluggy/_result.py\", line 103, in get_result\n    raise exc.with_traceback(tb)\n  File \"/home/ubuntu/actions-runner/_work/github-runner-operator/github-runner-operator/.tox/integration-juju3.6/lib/python3.12/site-packages/pluggy/_callers.py\", line 38, in run_old_style_hookwrapper\n    res = yield\n          ^^^^^\n  File \"/home/ubuntu/actions-runner/_work/github-runner-operator/github-runner-operator/.tox/integration-juju3.6/lib/python3.12/site-packages/pluggy/_callers.py\", line 139, in _multicall\n    teardown.throw(exception)\n  File \"/home/ubuntu/actions-runner/_work/github-runner-operator/github-runner-operator/.tox/integration-juju3.6/lib/python3.12/site-packages/_pytest/capture.py\", line 895, in pytest_runtest_setup\n    return (yield)\n            ^^^^^\n  File \"/home/ubuntu/actions-runner/_work/github-runner-operator/github-runner-operator/.tox/integration-juju3.6/lib/python3.12/site-packages/pluggy/_callers.py\", line 121, in _multicall\n    res = hook_impl.function(*args)\n          ^^^^^^^^^^^^^^^^^^^^^^^^^\n  File \"/home/ubuntu/actions-runner/_work/github-runner-operator/github-runner-operator/.tox/integration-juju3.6/lib/python3.12/site-packages/_pytest/runner.py\", line 164, in pytest_runtest_setup\n    item.session._setupstate.setup(item)\n  File \"/home/ubuntu/actions-runner/_work/github-runner-operator/github-runner-operator/.tox/integration-juju3.6/lib/python3.12/site-packages/_pytest/runner.py\", line 514, in setup\n    col.setup()\n  File \"/home/ubuntu/actions-runner/_work/github-runner-operator/github-runner-operator/.tox/integration-juju3.6/lib/python3.12/site-packages/_pytest/python.py\", line 1674, in setup\n    self._request._fillfixtures()\n  File \"/home/ubuntu/actions-runner/_work/github-runner-operator/github-runner-operator/.tox/integration-juju3.6/lib/python3.12/site-packages/_pytest/fixtures.py\", line 720, in _fillfixtures\n    item.funcargs[argname] = self.getfixturevalue(argname)\n                             ^^^^^^^^^^^^^^^^^^^^^^^^^^^^^\n  File \"/home/ubuntu/actions-runner/_work/github-runner-operator/github-runner-operator/.tox/integration-juju3.6/lib/python3.12/site-packages/_pytest/fixtures.py\", line 549, in getfixturevalue\n    fixturedef = self._get_active_fixturedef(argname)\n                 ^^^^^^^^^^^^^^^^^^^^^^^^^^^^^^^^^^^^\n  File \"/home/ubuntu/actions-runner/_work/github-runner-operator/github-runner-operator/.tox/integration-juju3.6/lib/python3.12/site-packages/_pytest/fixtures.py\", line 640, in _get_active_fixturedef\n    fixturedef.execute(request=subrequest)\n  File \"/home/ubuntu/actions-runner/_work/github-runner-operator/github-runner-operator/.tox/integration-juju3.6/lib/python3.12/site-packages/_pytest/fixtures.py\", line 1084, in execute\n    fixturedef = request._get_active_fixturedef(argname)\n                 ^^^^^^^^^^^^^^^^^^^^^^^^^^^^^^^^^^^^^^^\n  File \"/home/ubuntu/actions-runner/_work/github-runner-operator/github-runner-operator/.tox/integration-juju3.6/lib/python3.12/site-packages/_pytest/fixtures.py\", line 640, in _get_active_fixturedef\n    fixturedef.execute(request=subrequest)\n  File \"/home/ubuntu/actions-runner/_work/github-runner-operator/github-runner-operator/.tox/integration-juju3.6/lib/python3.12/site-packages/_pytest/fixtures.py\", line 1128, in execute\n    result = ihook.pytest_fixture_setup(fixturedef=self, request=request)\n             ^^^^^^^^^^^^^^^^^^^^^^^^^^^^^^^^^^^^^^^^^^^^^^^^^^^^^^^^^^^^\n  File \"/home/ubuntu/actions-runner/_work/github-runner-operator/github-runner-operator/.tox/integration-juju3.6/lib/python3.12/site-packages/pluggy/_hooks.py\", line 512, in __call__\n    return self._hookexec(self.name, self._hookimpls.copy(), kwargs, firstresult)\n           ^^^^^^^^^^^^^^^^^^^^^^^^^^^^^^^^^^^^^^^^^^^^^^^^^^^^^^^^^^^^^^^^^^^^^^\n  File \"/home/ubuntu/actions-runner/_work/github-runner-operator/github-runner-operator/.tox/integration-juju3.6/lib/python3.12/site-packages/pluggy/_manager.py\", line 120, in _hookexec\n    return self._inner_hookexec(hook_name, methods, kwargs, firstresult)\n           ^^^^^^^^^^^^^^^^^^^^^^^^^^^^^^^^^^^^^^^^^^^^^^^^^^^^^^^^^^^^^\n  File \"/home/ubuntu/actions-runner/_work/github-runner-operator/github-runner-operator/.tox/integration-juju3.6/lib/python3.12/site-packages/pluggy/_callers.py\", line 167, in _multicall\n    raise exception\n  File \"/home/ubuntu/actions-runner/_work/github-runner-operator/github-runner-operator/.tox/integration-juju3.6/lib/python3.12/site-packages/pluggy/_callers.py\", line 139, in _multicall\n    teardown.throw(exception)\n  File \"/home/ubuntu/actions-runner/_work/github-runner-operator/github-runner-operator/.tox/integration-juju3.6/lib/python3.12/site-packages/pluggy/_callers.py\", line 53, in run_old_style_hookwrapper\n    return result.get_result()\n           ^^^^^^^^^^^^^^^^^^^\n  File \"/home/ubuntu/actions-runner/_work/github-runner-operator/github-runner-operator/.tox/integration-juju3.6/lib/python3.12/site-packages/pluggy/_result.py\", line 103, in get_result\n    raise exc.with_traceback(tb)\n  File \"/home/ubuntu/actions-runner/_work/github-runner-operator/github-runner-operator/.tox/integration-juju3.6/lib/python3.12/site-packages/pluggy/_callers.py\", line 38, in run_old_style_hookwrapper\n    res = yield\n          ^^^^^\n  File \"/home/ubuntu/actions-runner/_work/github-runner-operator/github-runner-operator/.tox/integration-juju3.6/lib/python3.12/site-packages/pluggy/_callers.py\", line 139, in _multicall\n    teardown.throw(exception)\n  File \"/home/ubuntu/actions-runner/_work/github-runner-operator/github-runner-operator/.tox/integration-juju3.6/lib/python3.12/site-packages/pluggy/_callers.py\", line 53, in run_old_style_hookwrapper\n    return result.get_result()\n           ^^^^^^^^^^^^^^^^^^^\n  File \"/home/ubuntu/actions-runner/_work/github-runner-operator/github-runner-operator/.tox/integration-juju3.6/lib/python3.12/site-packages/pluggy/_result.py\", line 103, in get_result\n    raise exc.with_traceback(tb)\n  File \"/home/ubuntu/actions-runner/_work/github-runner-operator/github-runner-operator/.tox/integration-juju3.6/lib/python3.12/site-packages/pluggy/_callers.py\", line 38, in run_old_style_hookwrapper\n    res = yield\n          ^^^^^\n  File \"/home/ubuntu/actions-runner/_work/github-runner-operator/github-runner-operator/.tox/integration-juju3.6/lib/python3.12/site-packages/pluggy/_callers.py\", line 139, in _multicall\n    teardown.throw(exception)\n  File \"/home/ubuntu/actions-runner/_work/github-runner-operator/github-runner-operator/.tox/integration-juju3.6/lib/python3.12/site-packages/_pytest/setuponly.py\", line 36, in pytest_fixture_setup\n    return (yield)\n            ^^^^^\n  File \"/home/ubuntu/actions-runner/_work/github-runner-operator/github-runner-operator/.tox/integration-juju3.6/lib/python3.12/site-packages/pluggy/_callers.py\", line 121, in _multicall\n    res = hook_impl.function(*args)\n          ^^^^^^^^^^^^^^^^^^^^^^^^^\n  File \"/home/ubuntu/actions-runner/_work/github-runner-operator/github-runner-operator/.tox/integration-juju3.6/lib/python3.12/site-packages/_pytest/fixtures.py\", line 1196, in pytest_fixture_setup\n    result = call_fixture_func(fixturefunc, request, kwargs)\n             ^^^^^^^^^^^^^^^^^^^^^^^^^^^^^^^^^^^^^^^^^^^^^^^\n  File \"/home/ubuntu/actions-runner/_work/github-runner-operator/github-runner-operator/.tox/integration-juju3.6/lib/python3.12/site-packages/_pytest/fixtures.py\", line 930, in call_fixture_func\n    fixture_result = fixturefunc(**kwargs)\n                     ^^^^^^^^^^^^^^^^^^^^^\n  File \"/home/ubuntu/actions-runner/_work/github-runner-operator/github-runner-operator/.tox/integration-juju3.6/lib/python3.12/site-packages/pytest_asyncio/plugin.py\", line 302, in _asyncgen_fixture_wrapper\n    result = event_loop.run_until_complete(setup())\n             ^^^^^^^^^^^^^^^^^^^^^^^^^^^^^^^^^^^^^^\n  File \"/home/ubuntu/actions-runner/_work/github-runner-operator/github-runner-operator/.tox/integration-juju3.6/lib/python3.12/site-packages/nest_asyncio.py\", line 98, in run_until_complete\n    return f.result()\n           ^^^^^^^^^^\n  File \"/usr/lib/python3.12/asyncio/futures.py\", line 203, in result\n    raise self._exception.with_traceback(self._exception_tb)\n  File \"/usr/lib/python3.12/asyncio/tasks.py\", line 314, in __step_run_and_handle_result\n    result = coro.send(None)\n             ^^^^^^^^^^^^^^^\n  File \"/home/ubuntu/actions-runner/_work/github-runner-operator/github-runner-operator/.tox/integration-juju3.6/lib/python3.12/site-packages/pytest_asyncio/plugin.py\", line 284, in setup\n    res = await gen_obj.__anext__()\n          ^^^^^^^^^^^^^^^^^^^^^^^^^\n  File \"/home/ubuntu/actions-runner/_work/github-runner-operator/github-runner-operator/tests/integration/conftest.py\", line 484, in app_openstack_runner_fixture\n    await model.wait_for_idle(\n  File \"/home/ubuntu/actions-runner/_work/github-runner-operator/github-runner-operator/.tox/integration-juju3.6/lib/python3.12/site-packages/juju/model/__init__.py\", line 3250, in wait_for_idle\n    raise asyncio.TimeoutError(\nTimeoutError: Timed out waiting for model:\n  test-h77eu1v5/0 [allocating] waiting: waiting for machine\n  github-runner-image-builder-h77eu1v5/0 [allocating] waiting: waiting for machine","steps":[],"attachments":[{"uid":"d00dfbd726a571f1","name":"log","source":"d00dfbd726a571f1.txt","type":"text/plain","size":47088}],"parameters":[],"shouldDisplayMessage":true,"stepsCount":0,"attachmentsCount":1,"hasContent":true,"attachmentStep":false},"afterStages":[{"name":"image_builder::finalizer","time":{"start":1760770864728,"stop":1760770865155,"duration":427},"status":"passed","steps":[],"attachments":[],"parameters":[],"shouldDisplayMessage":false,"stepsCount":0,"attachmentsCount":0,"hasContent":false,"attachmentStep":false},{"name":"openstack_connection::0","time":{"start":1760770865155,"stop":1760770865231,"duration":76},"status":"passed","steps":[],"attachments":[],"parameters":[],"shouldDisplayMessage":false,"stepsCount":0,"attachmentsCount":0,"hasContent":false,"attachmentStep":false},{"name":"juju::finalizer","time":{"start":1760770865234,"stop":1760770865705,"duration":471},"status":"passed","steps":[],"attachments":[],"parameters":[],"shouldDisplayMessage":false,"stepsCount":0,"attachmentsCount":0,"hasContent":false,"attachmentStep":false},{"name":"ops_test::finalizer","time":{"start":1760770865706,"stop":1760770866103,"duration":397},"status":"passed","steps":[],"attachments":[],"parameters":[],"shouldDisplayMessage":false,"stepsCount":0,"attachmentsCount":0,"hasContent":false,"attachmentStep":false},{"name":"k8s_juju::0","time":{"start":1760770866104,"stop":1760770866104,"duration":0},"status":"passed","steps":[],"attachments":[],"parameters":[],"shouldDisplayMessage":false,"stepsCount":0,"attachmentsCount":0,"hasContent":false,"attachmentStep":false},{"name":"event_loop::2","time":{"start":1760770866104,"stop":1760770866104,"duration":0},"status":"passed","steps":[],"attachments":[],"parameters":[],"shouldDisplayMessage":false,"stepsCount":0,"attachmentsCount":0,"hasContent":false,"attachmentStep":false},{"name":"event_loop::_close_event_loop","time":{"start":1760770866104,"stop":1760770866104,"duration":0},"status":"passed","steps":[],"attachments":[],"parameters":[],"shouldDisplayMessage":false,"stepsCount":0,"attachmentsCount":0,"hasContent":false,"attachmentStep":false},{"name":"event_loop::_provide_clean_event_loop","time":{"start":1760770866104,"stop":1760770866105,"duration":1},"status":"passed","steps":[],"attachments":[],"parameters":[],"shouldDisplayMessage":false,"stepsCount":0,"attachmentsCount":0,"hasContent":false,"attachmentStep":false}],"labels":[{"name":"tag","value":"openstack"},{"name":"tag","value":"asyncio"},{"name":"parentSuite","value":"tests.integration"},{"name":"suite","value":"test_prometheus_metrics"},{"name":"host","value":"github-runner"},{"name":"thread","value":"26320-MainThread"},{"name":"framework","value":"pytest"},{"name":"language","value":"cpython3"},{"name":"package","value":"tests.integration.test_prometheus_metrics"},{"name":"resultFormat","value":"allure2"}],"parameters":[],"links":[],"hidden":false,"retry":false,"extra":{"severity":"normal","retries":[{"uid":"9db02a8924a9f987","status":"unknown","time":{}}],"categories":[{"name":"Test defects","matchedStatuses":[]}],"history":{"statistic":{"failed":0,"broken":54,"skipped":0,"passed":81,"unknown":6,"total":141},"items":[{"uid":"e5878723409c0b9c","reportUrl":"../3775//#testresult/e5878723409c0b9c","status":"broken","statusDetails":"juju.errors.JujuUnitError: Unit in error: github-runner-image-builder-haf44wzk/0","time":{"start":1760725898552,"stop":1760725898552,"duration":0}},{"uid":"2df169c5d9d95bf8","reportUrl":"../3773//#testresult/2df169c5d9d95bf8","status":"passed","time":{"start":1760684035386,"stop":1760684528050,"duration":492664}},{"uid":"c0ca9c984e0f9138","reportUrl":"../3772//#testresult/c0ca9c984e0f9138","status":"broken","statusDetails":"juju.errors.JujuUnitError: Unit in error: github-runner-image-builder-fffby86y/0","time":{"start":1760639336853,"stop":1760639336853,"duration":0}},{"uid":"7d47bf7d09885bcb","reportUrl":"../3771//#testresult/7d47bf7d09885bcb","status":"unknown","time":{}},{"uid":"e8933e860cecf807","reportUrl":"../3769//#testresult/e8933e860cecf807","status":"broken","statusDetails":"juju.errors.JujuUnitError: Unit in error: github-runner-image-builder-btnjtg6y/0","time":{"start":1760553310092,"stop":1760553310092,"duration":0}},{"uid":"a457855d904a1c9","reportUrl":"../3762//#testresult/a457855d904a1c9","status":"broken","statusDetails":"juju.errors.JujuUnitError: Unit in error: github-runner-image-builder-b7ug8b8y/0","time":{"start":1760510155921,"stop":1760510155921,"duration":0}},{"uid":"e47b39ecaeffb832","reportUrl":"../3761//#testresult/e47b39ecaeffb832","status":"unknown","time":{}},{"uid":"d6a3dc60fc7dd4e3","reportUrl":"../3759//#testresult/d6a3dc60fc7dd4e3","status":"passed","time":{"start":1760425269149,"stop":1760425770338,"duration":501189}},{"uid":"1ed7b8d7b64a2240","reportUrl":"../3756//#testresult/1ed7b8d7b64a2240","status":"broken","statusDetails":"juju.errors.JujuUnitError: Unit in error: github-runner-image-builder-i7pp0h1e/0","time":{"start":1760380108388,"stop":1760380108388,"duration":0}},{"uid":"7ba2878a32d1f50c","reportUrl":"../3754//#testresult/7ba2878a32d1f50c","status":"broken","statusDetails":"juju.errors.JujuUnitError: Unit in error: github-runner-image-builder-c109nf9v/0","time":{"start":1760293667356,"stop":1760293667356,"duration":0}},{"uid":"fc5935395b340fea","reportUrl":"../3753//#testresult/fc5935395b340fea","status":"broken","statusDetails":"juju.errors.JujuUnitError: Unit in error: github-runner-image-builder-fopmd8ep/0","time":{"start":1760250476784,"stop":1760250476784,"duration":0}},{"uid":"9d9f1936e6a968eb","reportUrl":"../3752//#testresult/9d9f1936e6a968eb","status":"broken","statusDetails":"juju.errors.JujuUnitError: Unit in error: github-runner-image-builder-z8bmakgh/0","time":{"start":1760207187382,"stop":1760207187382,"duration":0}},{"uid":"fe99902cee8f5194","reportUrl":"../3751//#testresult/fe99902cee8f5194","status":"broken","statusDetails":"juju.errors.JujuUnitError: Unit in error: github-runner-image-builder-i2x343pf/0","time":{"start":1760164126106,"stop":1760164126106,"duration":0}},{"uid":"4c142bf9613aa7a1","reportUrl":"../3748//#testresult/4c142bf9613aa7a1","status":"broken","statusDetails":"jubilant._juju.CLIError: Command '['juju', 'add-model', '--no-switch', 'jubilant-c3cd63d8', '--controller', 'microk8s']' returned non-zero exit status 1.\nStderr:\nERROR controller microk8s not found","time":{"start":1760130149966,"stop":1760130149966,"duration":0}},{"uid":"e1403245877b9ff9","reportUrl":"../3747//#testresult/e1403245877b9ff9","status":"broken","statusDetails":"juju.errors.JujuUnitError: Unit in error: github-runner-image-builder-eeqrv1rw/0","time":{"start":1760077756806,"stop":1760077756806,"duration":0}},{"uid":"ecaeac042741d144","reportUrl":"../3745//#testresult/ecaeac042741d144","status":"broken","statusDetails":"juju.errors.JujuUnitError: Unit in error: github-runner-image-builder-ejwdrhsp/0","time":{"start":1760066082342,"stop":1760066082342,"duration":0}},{"uid":"3c76f319a69d4b2","reportUrl":"../3744//#testresult/3c76f319a69d4b2","status":"broken","statusDetails":"juju.errors.JujuUnitError: Unit in error: github-runner-image-builder-yrkaqh9k/0","time":{"start":1759991308192,"stop":1759991308192,"duration":0}},{"uid":"cd537451e97b99fc","reportUrl":"../3743//#testresult/cd537451e97b99fc","status":"broken","statusDetails":"juju.errors.JujuUnitError: Unit in error: github-runner-image-builder-mucj7jan/0","time":{"start":1759948131988,"stop":1759948131988,"duration":0}},{"uid":"273882e957b0cf42","reportUrl":"../3740//#testresult/273882e957b0cf42","status":"broken","statusDetails":"juju.errors.JujuUnitError: Unit in error: github-runner-image-builder-e5qa0c81/0","time":{"start":1759904847088,"stop":1759904847088,"duration":0}},{"uid":"ed465155070bbd9f","reportUrl":"../3738//#testresult/ed465155070bbd9f","status":"broken","statusDetails":"juju.errors.JujuUnitError: Unit in error: github-runner-image-builder-n8psmvwb/0","time":{"start":1759861697137,"stop":1759861697137,"duration":0}}]},"tags":["asyncio","openstack"]},"source":"69e6f124bd4b51fa.json","parameterValues":[]}