06:25:17 WARNING unexpected facade SSHServer received from the controller
06:25:17 INFO Adding model github-pr-539f0-lxd:test-charm-fork-repo-ia42 on cloud localhost
06:25:17 WARNING unexpected facade SSHServer received from the controller
06:25:17 WARNING unexpected facade SSHSession received from the controller
06:25:17 WARNING unexpected facade SSHTunneler received from the controller
06:25:19 INFO Deploying ch:amd64/jammy/github-runner-image-builder-106
06:25:39 INFO Deploying local:jammy/github-runner-0
06:25:39 INFO Waiting for model:
  test-ri7flsym/0 [allocating] waiting: waiting for machine
  github-runner-image-builder-ri7flsym/0 [allocating] waiting: waiting for machine
06:26:09 INFO Waiting for model:
  test-ri7flsym/0 [allocating] waiting: waiting for machine
  github-runner-image-builder-ri7flsym/0 [allocating] waiting: waiting for machine
06:26:40 INFO Waiting for model:
  test-ri7flsym/0 [allocating] waiting: waiting for machine
  github-runner-image-builder-ri7flsym/0 [allocating] waiting: waiting for machine
06:27:10 INFO Waiting for model:
  test-ri7flsym/0 [allocating] waiting: waiting for machine
  github-runner-image-builder-ri7flsym/0 [allocating] waiting: waiting for machine
06:27:40 INFO Waiting for model:
  test-ri7flsym/0 [allocating] waiting: waiting for machine
  github-runner-image-builder-ri7flsym/0 [allocating] waiting: waiting for machine
06:28:10 INFO Waiting for model:
  test-ri7flsym/0 [allocating] waiting: waiting for machine
  github-runner-image-builder-ri7flsym/0 [allocating] waiting: waiting for machine
06:28:40 INFO Waiting for model:
  test-ri7flsym/0 [allocating] waiting: waiting for machine
  github-runner-image-builder-ri7flsym/0 [allocating] waiting: waiting for machine
06:29:10 INFO Waiting for model:
  test-ri7flsym/0 [allocating] waiting: waiting for machine
  github-runner-image-builder-ri7flsym/0 [allocating] waiting: waiting for machine
06:29:41 INFO Waiting for model:
  test-ri7flsym/0 [executing] maintenance: installing charm software
  github-runner-image-builder-ri7flsym/0 [executing] maintenance: Setting up Builder.
06:30:11 INFO Waiting for model:
  test-ri7flsym/0 [executing] maintenance: installing charm software
  github-runner-image-builder-ri7flsym/0 [executing] maintenance: Setting up Builder.
06:30:41 INFO Waiting for model:
  test-ri7flsym/0 [executing] maintenance: installing charm software
  github-runner-image-builder-ri7flsym/0 [executing] maintenance: Setting up Builder.
06:31:11 INFO Waiting for model:
  test-ri7flsym/0 [executing] maintenance: installing charm software
  github-runner-image-builder-ri7flsym/0 [executing] maintenance: Setting up Builder.
06:31:42 INFO Waiting for model:
  test-ri7flsym/0 [executing] maintenance: installing charm software
  github-runner-image-builder-ri7flsym/0 [executing] maintenance: Setting up Builder.
06:32:12 INFO Waiting for model:
  test-ri7flsym/0 [executing] maintenance: installing charm software
  github-runner-image-builder-ri7flsym/0 [executing] maintenance: Setting up Builder.
06:32:42 INFO Waiting for model:
  test-ri7flsym/0 [idle] blocked: Please provide image integration.
  github-runner-image-builder-ri7flsym/0 [executing] maintenance: Setting up Builder.
06:33:13 INFO Waiting for model:
  test-ri7flsym/0 [idle] blocked: Please provide image integration.
  github-runner-image-builder-ri7flsym/0 [executing] maintenance: Setting up Builder.
06:33:43 INFO Waiting for model:
  test-ri7flsym/0 [idle] blocked: Please provide image integration.
  github-runner-image-builder-ri7flsym/0 [executing] maintenance: Setting up Builder.
06:34:13 INFO Waiting for model:
  test-ri7flsym/0 [idle] waiting: Waiting for image over integration.
  github-runner-image-builder-ri7flsym/0 [executing] blocked: image integration required.
06:34:43 INFO Waiting for model:
  test-ri7flsym/0 [idle] waiting: Waiting for image over integration.
  github-runner-image-builder-ri7flsym/0 [executing] active: Building image.
06:35:13 INFO Waiting for model:
  test-ri7flsym/0 [idle] waiting: Waiting for image over integration.
  github-runner-image-builder-ri7flsym/0 [executing] active: Building image.
06:35:44 INFO Waiting for model:
  test-ri7flsym/0 [idle] waiting: Waiting for image over integration.
  github-runner-image-builder-ri7flsym/0 [executing] active: Building image.
06:36:14 INFO Waiting for model:
  test-ri7flsym/0 [idle] waiting: Waiting for image over integration.
  github-runner-image-builder-ri7flsym/0 [executing] active: Building image.
06:36:44 INFO Waiting for model:
  test-ri7flsym/0 [idle] waiting: Waiting for image over integration.
  github-runner-image-builder-ri7flsym/0 [executing] active: Building image.
06:37:14 INFO Waiting for model:
  test-ri7flsym/0 [idle] waiting: Waiting for image over integration.
  github-runner-image-builder-ri7flsym/0 [executing] active: Building image.
06:37:45 INFO Waiting for model:
  test-ri7flsym/0 [idle] waiting: Waiting for image over integration.
  github-runner-image-builder-ri7flsym/0 [executing] active: Building image.
06:38:15 INFO Waiting for model:
  test-ri7flsym/0 [idle] waiting: Waiting for image over integration.
  github-runner-image-builder-ri7flsym/0 [executing] active: Building image.
06:38:45 INFO Waiting for model:
  test-ri7flsym/0 [idle] waiting: Waiting for image over integration.
  github-runner-image-builder-ri7flsym/0 [executing] active: Building image.
06:39:15 INFO Waiting for model:
  test-ri7flsym/0 [idle] waiting: Waiting for image over integration.
  github-runner-image-builder-ri7flsym/0 [executing] active: Building image.
06:39:45 INFO Waiting for model:
  test-ri7flsym/0 [idle] waiting: Waiting for image over integration.
  github-runner-image-builder-ri7flsym/0 [executing] active: Building image.
06:40:15 INFO Waiting for model:
  test-ri7flsym/0 [idle] waiting: Waiting for image over integration.
  github-runner-image-builder-ri7flsym/0 [executing] active: Building image.
06:40:46 INFO Waiting for model:
  test-ri7flsym/0 [idle] waiting: Waiting for image over integration.
  github-runner-image-builder-ri7flsym/0 [executing] active: Building image.
06:41:16 INFO Waiting for model:
  test-ri7flsym/0 [idle] waiting: Waiting for image over integration.
  github-runner-image-builder-ri7flsym/0 [executing] active: Building image.
06:41:46 INFO Waiting for model:
  test-ri7flsym/0 [idle] waiting: Waiting for image over integration.
  github-runner-image-builder-ri7flsym/0 [executing] active: Building image.
06:42:16 INFO Waiting for model:
  test-ri7flsym/0 [idle] waiting: Waiting for image over integration.
  github-runner-image-builder-ri7flsym/0 [executing] active: Building image.
06:42:46 INFO Waiting for model:
  test-ri7flsym/0 [idle] waiting: Waiting for image over integration.
  github-runner-image-builder-ri7flsym/0 [executing] active: Building image.
06:43:17 INFO Waiting for model:
  test-ri7flsym/0 [idle] waiting: Waiting for image over integration.
  github-runner-image-builder-ri7flsym/0 [executing] active: Building image.
06:43:47 INFO Waiting for model:
  test-ri7flsym/0 [idle] waiting: Waiting for image over integration.
  github-runner-image-builder-ri7flsym/0 [executing] active: Building image.
06:44:17 INFO Waiting for model:
  test-ri7flsym/0 [idle] waiting: Waiting for image over integration.
  github-runner-image-builder-ri7flsym/0 [executing] active: Building image.
06:44:47 INFO Waiting for model:
  test-ri7flsym/0 [idle] waiting: Waiting for image over integration.
  github-runner-image-builder-ri7flsym/0 [executing] active: Building image.
06:45:18 INFO Waiting for model:
  test-ri7flsym/0 [idle] waiting: Waiting for image over integration.
  github-runner-image-builder-ri7flsym/0 [executing] active: Building image.
06:45:48 INFO Waiting for model:
  test-ri7flsym/0 [idle] waiting: Waiting for image over integration.
  github-runner-image-builder-ri7flsym/0 [executing] active: Building image.
06:46:18 INFO Waiting for model:
  test-ri7flsym/0 [executing] maintenance: Update image for runners
  github-runner-image-builder-ri7flsym/0 [idle] active: 
06:46:48 INFO Waiting for model:
  test-ri7flsym/0 [idle] active: 
06:46:58 INFO GitHub token rate limit: Rate(reset=2025-08-20 06:59:47+00:00, remaining=4880, limit=5000)
06:48:03 INFO Waiting for model:
  test-ri7flsym/0 [idle] active: 
06:48:34 INFO Waiting for model:
  test-ri7flsym/0 [idle] active: 
06:48:37 INFO Current reconcile ID: d7c00dc4-fbb7-4c05-8f9e-d7c74e3f49bb
06:49:38 INFO Current reconcile ID: d7c00dc4-fbb7-4c05-8f9e-d7c74e3f49bb
06:50:39 INFO Current reconcile ID: 114da33e-5f3d-4a5a-92df-6089f6b8a949
06:50:46 INFO [TEST SETUP] Exposing port 8080 on test-ri7flsym-0-n-df74d281cbc0
06:50:46 WARNING dict_values([[{'version': 4, 'addr': '10.145.193.71', 'OS-EXT-IPS:type': 'fixed', 'OS-EXT-IPS-MAC:mac_addr': 'fa:16:3e:b9:5e:35'}]])
06:50:47 INFO ssh tunnel command ssh -fNT -R 8080:localhost:8080 -i /home/runner-manager/.ssh/test-ri7flsym-0-n-df74d281cbc0.key -o "StrictHostKeyChecking no" -o "ControlPersist yes" ubuntu@10.145.193.71 &
06:50:48 INFO ssh tunnel result 0 None Warning: Permanently added '10.145.193.71' (ED25519) to the list of known hosts.

06:50:50 INFO [TEST SETUP] Run command nc -z localhost 8080 on test-ri7flsym-0-n-df74d281cbc0
06:50:50 WARNING dict_values([[{'version': 4, 'addr': '10.145.193.71', 'OS-EXT-IPS:type': 'fixed', 'OS-EXT-IPS-MAC:mac_addr': 'fa:16:3e:b9:5e:35'}]])
06:50:51 WARNING ssh_cmd: su - ubuntu -c 'ssh -i /home/runner-manager/.ssh/test-ri7flsym-0-n-df74d281cbc0.key -o "StrictHostKeyChecking no" ubuntu@10.145.193.71 nc -z localhost 8080'
06:50:52 INFO Run command 'nc -z localhost 8080' in runner with result 0: 'None' 'Connection to localhost (127.0.0.1) 8080 port [tcp/http-alt] succeeded!
'
06:50:53 INFO [TEST SETUP] Run command curl http://localhost:8080 on test-ri7flsym-0-n-df74d281cbc0
06:50:53 WARNING dict_values([[{'version': 4, 'addr': '10.145.193.71', 'OS-EXT-IPS:type': 'fixed', 'OS-EXT-IPS-MAC:mac_addr': 'fa:16:3e:b9:5e:35'}]])
06:50:54 WARNING ssh_cmd: su - ubuntu -c 'ssh -i /home/runner-manager/.ssh/test-ri7flsym-0-n-df74d281cbc0.key -o "StrictHostKeyChecking no" ubuntu@10.145.193.71 curl http://localhost:8080'
06:50:55 INFO Run command 'curl http://localhost:8080' in runner with result 0: '<!doctype html>
<html lang=en>
<title>404 Not Found</title>
<h1>Not Found</h1>
<p>The requested URL was not found on the server. If you entered the URL manually please check your spelling and try again.</p>
' '  % Total    % Received % Xferd  Average Speed   Time    Time     Time  Current
                                 Dload  Upload   Total   Spent    Left  Speed
  0     0    0     0    0     0      0      0 --:--:-- --:--:-- --:--:--     0100   207  100   207    0     0  56821      0 --:--:-- --:--:-- --:--:-- 69000
'
06:50:58 INFO Wait for condition not met, sleeping 10
06:51:13 INFO Model status:

Model                      Controller           Cloud/Region         Version  SLA          Timestamp
test-charm-fork-repo-ia42  github-pr-539f0-lxd  localhost/localhost  3.6.9    unsupported  06:51:13Z

App                                   Version  Status  Scale  Charm                        Channel      Rev  Exposed  Message
github-runner-image-builder-ri7flsym           active      1  github-runner-image-builder  latest/edge  106  no       
test-ri7flsym                                  active      1  github-runner                               0  yes      

Unit                                     Workload  Agent  Machine  Public address  Ports     Message
github-runner-image-builder-ri7flsym/0*  active    idle   0        10.174.103.106            
test-ri7flsym/0*                         active    idle   1        10.174.103.76   8080/tcp  

Machine  State    Address         Inst id        Base          AZ             Message
0        started  10.174.103.106  juju-e4db8d-0  ubuntu@22.04  github-runner  Running
1        started  10.174.103.76   juju-e4db8d-1  ubuntu@22.04  github-runner  Running

06:51:14 INFO Juju error logs:

machine-1: 06:29:22 ERROR juju.worker.dependency "lxd-container-provisioner" manifold worker returned unexpected error: container types not yet available
machine-1: 06:29:22 ERROR juju.worker.dependency "kvm-container-provisioner" manifold worker returned unexpected error: container types not yet available
unit-test-ri7flsym-0: 06:29:22 ERROR juju.worker.meterstatus error running "meter-status-changed": charm missing from disk
machine-0: 06:29:24 ERROR juju.worker.dependency "kvm-container-provisioner" manifold worker returned unexpected error: container types not yet available
machine-0: 06:29:24 ERROR juju.worker.dependency "lxd-container-provisioner" manifold worker returned unexpected error: container types not yet available
unit-github-runner-image-builder-ri7flsym-0: 06:29:24 ERROR juju.worker.meterstatus error running "meter-status-changed": charm missing from disk
unit-github-runner-image-builder-ri7flsym-0: 06:32:02 ERROR unit.github-runner-image-builder-ri7flsym/0.juju-log Pipx command failed, code: 1, out: None, err: None
unit-test-ri7flsym-0: 06:32:28 ERROR unit.test-ri7flsym/0.juju-log Missing image integration.
Traceback (most recent call last):
  File "/var/lib/juju/agents/unit-test-ri7flsym-0/charm/./src/charm.py", line 118, in func_with_catch_errors
    func(self, event)
  File "/var/lib/juju/agents/unit-test-ri7flsym-0/charm/./src/charm.py", line 342, in _on_config_changed
    self._check_image_ready()
  File "/var/lib/juju/agents/unit-test-ri7flsym-0/charm/./src/charm.py", line 512, in _check_image_ready
    raise ImageIntegrationMissingError("No image integration found")
errors.ImageIntegrationMissingError: No image integration found
unit-test-ri7flsym-0: 06:32:30 ERROR unit.test-ri7flsym/0.juju-log Missing image integration.
Traceback (most recent call last):
  File "/var/lib/juju/agents/unit-test-ri7flsym-0/charm/./src/charm.py", line 118, in func_with_catch_errors
    func(self, event)
  File "/var/lib/juju/agents/unit-test-ri7flsym-0/charm/./src/charm.py", line 313, in _on_start
    self._check_image_ready()
  File "/var/lib/juju/agents/unit-test-ri7flsym-0/charm/./src/charm.py", line 512, in _check_image_ready
    raise ImageIntegrationMissingError("No image integration found")
errors.ImageIntegrationMissingError: No image integration found
unit-test-ri7flsym-0: 06:34:07 ERROR unit.test-ri7flsym/0.juju-log image:0: Missing image in image integration.
Traceback (most recent call last):
  File "/var/lib/juju/agents/unit-test-ri7flsym-0/charm/./src/charm.py", line 118, in func_with_catch_errors
    func(self, event)
  File "/var/lib/juju/agents/unit-test-ri7flsym-0/charm/./src/charm.py", line 477, in _on_image_relation_changed
    self._check_image_ready()
  File "/var/lib/juju/agents/unit-test-ri7flsym-0/charm/./src/charm.py", line 514, in _check_image_ready
    raise ImageNotFoundError("No image found in the image integration")
errors.ImageNotFoundError: No image found in the image integration

06:51:14 INFO Forgetting model main...