18:26:03 WARNING unexpected facade SSHServer received from the controller
18:26:03 INFO Adding model github-pr-77d1e-lxd:test-charm-fork-repo-fkcr on cloud localhost
18:26:04 WARNING unexpected facade SSHServer received from the controller
18:26:04 WARNING unexpected facade SSHSession received from the controller
18:26:04 WARNING unexpected facade SSHTunneler received from the controller
18:26:05 INFO Deploying ch:amd64/jammy/github-runner-image-builder-110
18:26:26 INFO Deploying local:jammy/github-runner-0
18:26:26 INFO Waiting for model:
  test-za4hy8ra/0 [allocating] waiting: waiting for machine
  github-runner-image-builder-za4hy8ra/0 [allocating] waiting: waiting for machine
18:26:57 INFO Waiting for model:
  test-za4hy8ra/0 [allocating] waiting: waiting for machine
  github-runner-image-builder-za4hy8ra/0 [allocating] waiting: waiting for machine
18:27:27 INFO Waiting for model:
  test-za4hy8ra/0 [allocating] waiting: waiting for machine
  github-runner-image-builder-za4hy8ra/0 [allocating] waiting: waiting for machine
18:27:57 INFO Waiting for model:
  test-za4hy8ra/0 [allocating] waiting: agent initialising
  github-runner-image-builder-za4hy8ra/0 [executing] maintenance: Setting up Builder.
18:28:27 INFO Waiting for model:
  test-za4hy8ra/0 [executing] maintenance: installing charm software
  github-runner-image-builder-za4hy8ra/0 [executing] maintenance: Setting up Builder.
18:28:58 INFO Waiting for model:
  test-za4hy8ra/0 [executing] maintenance: installing charm software
  github-runner-image-builder-za4hy8ra/0 [executing] maintenance: Setting up Builder.
18:29:28 INFO Waiting for model:
  test-za4hy8ra/0 [idle] blocked: Please provide image integration.
  github-runner-image-builder-za4hy8ra/0 [executing] maintenance: Setting up Builder.
18:29:58 INFO Waiting for model:
  test-za4hy8ra/0 [idle] blocked: Please provide image integration.
  github-runner-image-builder-za4hy8ra/0 [executing] maintenance: Setting up Builder.
18:30:29 INFO Waiting for model:
  test-za4hy8ra/0 [idle] waiting: Waiting for image over integration.
  github-runner-image-builder-za4hy8ra/0 [executing] active: Building image.
18:30:59 INFO Waiting for model:
  test-za4hy8ra/0 [idle] waiting: Waiting for image over integration.
  github-runner-image-builder-za4hy8ra/0 [executing] active: Building image.
18:31:29 INFO Waiting for model:
  test-za4hy8ra/0 [idle] waiting: Waiting for image over integration.
  github-runner-image-builder-za4hy8ra/0 [executing] active: Building image.
18:32:00 INFO Waiting for model:
  test-za4hy8ra/0 [idle] waiting: Waiting for image over integration.
  github-runner-image-builder-za4hy8ra/0 [executing] active: Building image.
18:32:30 INFO Waiting for model:
  test-za4hy8ra/0 [idle] waiting: Waiting for image over integration.
  github-runner-image-builder-za4hy8ra/0 [executing] active: Building image.
18:33:01 INFO Waiting for model:
  test-za4hy8ra/0 [idle] waiting: Waiting for image over integration.
  github-runner-image-builder-za4hy8ra/0 [executing] active: Building image.
18:33:31 INFO Waiting for model:
  test-za4hy8ra/0 [idle] waiting: Waiting for image over integration.
  github-runner-image-builder-za4hy8ra/0 [executing] active: Building image.
18:34:02 INFO Waiting for model:
  test-za4hy8ra/0 [idle] waiting: Waiting for image over integration.
  github-runner-image-builder-za4hy8ra/0 [executing] active: Building image.
18:34:32 INFO Waiting for model:
  test-za4hy8ra/0 [idle] waiting: Waiting for image over integration.
  github-runner-image-builder-za4hy8ra/0 [executing] active: Building image.
18:35:02 INFO Waiting for model:
  test-za4hy8ra/0 [idle] waiting: Waiting for image over integration.
  github-runner-image-builder-za4hy8ra/0 [executing] active: Building image.
18:35:32 INFO Waiting for model:
  test-za4hy8ra/0 [idle] waiting: Waiting for image over integration.
  github-runner-image-builder-za4hy8ra/0 [executing] active: Building image.
18:36:03 INFO Waiting for model:
  test-za4hy8ra/0 [idle] waiting: Waiting for image over integration.
  github-runner-image-builder-za4hy8ra/0 [executing] active: Building image.
18:36:33 INFO Waiting for model:
  test-za4hy8ra/0 [idle] waiting: Waiting for image over integration.
  github-runner-image-builder-za4hy8ra/0 [executing] active: Building image.
18:37:04 INFO Waiting for model:
  test-za4hy8ra/0 [idle] waiting: Waiting for image over integration.
  github-runner-image-builder-za4hy8ra/0 [executing] active: Building image.
18:37:34 INFO Waiting for model:
  test-za4hy8ra/0 [idle] waiting: Waiting for image over integration.
  github-runner-image-builder-za4hy8ra/0 [executing] active: Building image.
18:38:05 INFO Waiting for model:
  test-za4hy8ra/0 [idle] waiting: Waiting for image over integration.
  github-runner-image-builder-za4hy8ra/0 [executing] active: Building image.
18:38:35 INFO Waiting for model:
  test-za4hy8ra/0 [idle] waiting: Waiting for image over integration.
  github-runner-image-builder-za4hy8ra/0 [executing] active: Building image.
18:39:05 INFO Waiting for model:
  test-za4hy8ra/0 [idle] waiting: Waiting for image over integration.
  github-runner-image-builder-za4hy8ra/0 [executing] active: Building image.
18:39:35 INFO Waiting for model:
  test-za4hy8ra/0 [idle] waiting: Waiting for image over integration.
  github-runner-image-builder-za4hy8ra/0 [executing] active: Building image.
18:40:05 INFO Waiting for model:
  test-za4hy8ra/0 [idle] waiting: Waiting for image over integration.
  github-runner-image-builder-za4hy8ra/0 [executing] active: Building image.
18:40:36 INFO Waiting for model:
  test-za4hy8ra/0 [idle] waiting: Waiting for image over integration.
  github-runner-image-builder-za4hy8ra/0 [executing] active: Building image.
18:41:06 INFO Waiting for model:
  test-za4hy8ra/0 [idle] waiting: Waiting for image over integration.
  github-runner-image-builder-za4hy8ra/0 [executing] active: Building image.
18:41:36 INFO Waiting for model:
  test-za4hy8ra/0 [executing] maintenance: Update image for runners
  github-runner-image-builder-za4hy8ra/0 [idle] active: 
18:42:06 INFO Waiting for model:
  test-za4hy8ra/0 [idle] active: 
18:42:12 INFO GitHub token rate limit: Rate(reset=2025-09-07 19:11:06+00:00, remaining=4935, limit=5000)
18:43:16 INFO Waiting for model:
  test-za4hy8ra/0 [idle] active: 
18:43:46 INFO Waiting for model:
  test-za4hy8ra/0 [idle] active: 
18:43:49 INFO Current reconcile ID: 93213b02-8671-453c-83f1-a74ff185e840
18:43:49 INFO Waiting for reconcile ID: 93213b02-8671-453c-83f1-a74ff185e840
18:44:50 INFO Current reconcile ID: 93213b02-8671-453c-83f1-a74ff185e840
18:44:50 INFO Current reconcile ID: 93213b02-8671-453c-83f1-a74ff185e840, expected reconcile ID: 93213b02-8671-453c-83f1-a74ff185e840
18:44:50 INFO Waiting for reconcile ID: 93213b02-8671-453c-83f1-a74ff185e840
18:45:51 INFO Current reconcile ID: 54bf4eef-b821-43ad-a9db-39e1fcaec968
18:45:51 INFO Current reconcile ID: 54bf4eef-b821-43ad-a9db-39e1fcaec968, expected reconcile ID: 93213b02-8671-453c-83f1-a74ff185e840
18:45:58 INFO [TEST SETUP] Exposing port 8080 on test-za4hy8ra-0-n-b08ab0562841
18:45:58 WARNING dict_values([[{'version': 4, 'addr': '10.145.193.193', 'OS-EXT-IPS:type': 'fixed', 'OS-EXT-IPS-MAC:mac_addr': 'fa:16:3e:21:80:e3'}]])
18:45:59 INFO ssh tunnel command ssh -fNT -R 8080:localhost:8080 -i /home/runner-manager/.ssh/test-za4hy8ra-0-n-b08ab0562841.key -o "StrictHostKeyChecking no" -o "ControlPersist yes" ubuntu@10.145.193.193 &
18:46:00 INFO ssh tunnel result 0 None Warning: Permanently added '10.145.193.193' (ED25519) to the list of known hosts.

18:46:02 INFO [TEST SETUP] Run command nc -z localhost 8080 on test-za4hy8ra-0-n-b08ab0562841
18:46:02 WARNING dict_values([[{'version': 4, 'addr': '10.145.193.193', 'OS-EXT-IPS:type': 'fixed', 'OS-EXT-IPS-MAC:mac_addr': 'fa:16:3e:21:80:e3'}]])
18:46:03 WARNING ssh_cmd: su - ubuntu -c 'ssh -i /home/runner-manager/.ssh/test-za4hy8ra-0-n-b08ab0562841.key -o "StrictHostKeyChecking no" ubuntu@10.145.193.193 nc -z localhost 8080'
18:46:04 INFO Run command 'nc -z localhost 8080' in runner with result 0: 'None' 'Connection to localhost (127.0.0.1) 8080 port [tcp/http-alt] succeeded!
'
18:46:05 INFO [TEST SETUP] Run command curl http://localhost:8080 on test-za4hy8ra-0-n-b08ab0562841
18:46:05 WARNING dict_values([[{'version': 4, 'addr': '10.145.193.193', 'OS-EXT-IPS:type': 'fixed', 'OS-EXT-IPS-MAC:mac_addr': 'fa:16:3e:21:80:e3'}]])
18:46:06 WARNING ssh_cmd: su - ubuntu -c 'ssh -i /home/runner-manager/.ssh/test-za4hy8ra-0-n-b08ab0562841.key -o "StrictHostKeyChecking no" ubuntu@10.145.193.193 curl http://localhost:8080'
18:46:07 INFO Run command 'curl http://localhost:8080' in runner with result 0: '<!doctype html>
<html lang=en>
<title>404 Not Found</title>
<h1>Not Found</h1>
<p>The requested URL was not found on the server. If you entered the URL manually please check your spelling and try again.</p>
' '  % Total    % Received % Xferd  Average Speed   Time    Time     Time  Current
                                 Dload  Upload   Total   Spent    Left  Speed
  0     0    0     0    0     0      0      0 --:--:-- --:--:-- --:--:--     0100   207  100   207    0     0  53281      0 --:--:-- --:--:-- --:--:-- 69000
'
18:46:09 INFO Wait for condition not met, sleeping 10
18:46:26 INFO Model status:

Model                      Controller           Cloud/Region         Version  SLA          Timestamp
test-charm-fork-repo-fkcr  github-pr-77d1e-lxd  localhost/localhost  3.6.9    unsupported  18:46:26Z

App                                   Version  Status  Scale  Charm                        Channel      Rev  Exposed  Message
github-runner-image-builder-za4hy8ra           active      1  github-runner-image-builder  latest/edge  110  no       
test-za4hy8ra                                  active      1  github-runner                               0  yes      

Unit                                     Workload  Agent  Machine  Public address  Ports     Message
github-runner-image-builder-za4hy8ra/0*  active    idle   0        10.96.157.100             
test-za4hy8ra/0*                         active    idle   1        10.96.157.68    8080/tcp  

Machine  State    Address        Inst id        Base          AZ             Message
0        started  10.96.157.100  juju-003693-0  ubuntu@22.04  github-runner  Running
1        started  10.96.157.68   juju-003693-1  ubuntu@22.04  github-runner  Running

18:46:26 INFO Juju error logs:

machine-0: 18:27:39 ERROR juju.worker.dependency "kvm-container-provisioner" manifold worker returned unexpected error: container types not yet available
machine-0: 18:27:39 ERROR juju.worker.dependency "lxd-container-provisioner" manifold worker returned unexpected error: container types not yet available
unit-github-runner-image-builder-za4hy8ra-0: 18:27:39 ERROR juju.worker.meterstatus error running "meter-status-changed": charm missing from disk
machine-1: 18:27:51 ERROR juju.worker.dependency "lxd-container-provisioner" manifold worker returned unexpected error: container types not yet available
machine-1: 18:27:51 ERROR juju.worker.dependency "kvm-container-provisioner" manifold worker returned unexpected error: container types not yet available
unit-test-za4hy8ra-0: 18:27:52 ERROR juju.worker.meterstatus error running "meter-status-changed": charm missing from disk
unit-github-runner-image-builder-za4hy8ra-0: 18:28:27 ERROR unit.github-runner-image-builder-za4hy8ra/0.juju-log Pipx command failed, code: 1, out: None, err: None
unit-test-za4hy8ra-0: 18:29:10 ERROR unit.test-za4hy8ra/0.juju-log Missing image integration.
Traceback (most recent call last):
  File "/var/lib/juju/agents/unit-test-za4hy8ra-0/charm/./src/charm.py", line 118, in func_with_catch_errors
    func(self, event)
  File "/var/lib/juju/agents/unit-test-za4hy8ra-0/charm/./src/charm.py", line 342, in _on_config_changed
    self._check_image_ready()
  File "/var/lib/juju/agents/unit-test-za4hy8ra-0/charm/./src/charm.py", line 512, in _check_image_ready
    raise ImageIntegrationMissingError("No image integration found")
errors.ImageIntegrationMissingError: No image integration found
unit-test-za4hy8ra-0: 18:29:12 ERROR unit.test-za4hy8ra/0.juju-log Missing image integration.
Traceback (most recent call last):
  File "/var/lib/juju/agents/unit-test-za4hy8ra-0/charm/./src/charm.py", line 118, in func_with_catch_errors
    func(self, event)
  File "/var/lib/juju/agents/unit-test-za4hy8ra-0/charm/./src/charm.py", line 313, in _on_start
    self._check_image_ready()
  File "/var/lib/juju/agents/unit-test-za4hy8ra-0/charm/./src/charm.py", line 512, in _check_image_ready
    raise ImageIntegrationMissingError("No image integration found")
errors.ImageIntegrationMissingError: No image integration found
unit-test-za4hy8ra-0: 18:30:21 ERROR unit.test-za4hy8ra/0.juju-log image:0: Missing image in image integration.
Traceback (most recent call last):
  File "/var/lib/juju/agents/unit-test-za4hy8ra-0/charm/./src/charm.py", line 118, in func_with_catch_errors
    func(self, event)
  File "/var/lib/juju/agents/unit-test-za4hy8ra-0/charm/./src/charm.py", line 477, in _on_image_relation_changed
    self._check_image_ready()
  File "/var/lib/juju/agents/unit-test-za4hy8ra-0/charm/./src/charm.py", line 514, in _check_image_ready
    raise ImageNotFoundError("No image found in the image integration")
errors.ImageNotFoundError: No image found in the image integration

18:46:26 INFO Forgetting model main...