19:00:30 INFO Waiting for model:
  test-od5yhnzb/0 [idle] active: 
19:01:00 INFO Waiting for model:
  test-od5yhnzb/0 [idle] active: 
19:01:03 INFO Current reconcile ID: d448fa0d-842a-415f-aec4-493813408457
19:01:03 INFO Waiting for reconcile ID: d448fa0d-842a-415f-aec4-493813408457
19:02:04 INFO Current reconcile ID: d448fa0d-842a-415f-aec4-493813408457
19:02:04 INFO Current reconcile ID: d448fa0d-842a-415f-aec4-493813408457, expected reconcile ID: d448fa0d-842a-415f-aec4-493813408457
19:02:04 INFO Waiting for reconcile ID: d448fa0d-842a-415f-aec4-493813408457
19:03:05 INFO Current reconcile ID: a7da84b6-d870-4456-8799-7e502053597a
19:03:05 INFO Current reconcile ID: a7da84b6-d870-4456-8799-7e502053597a, expected reconcile ID: d448fa0d-842a-415f-aec4-493813408457
19:03:05 INFO Waiting for model:
  test-od5yhnzb/0 [idle] active: 
19:03:35 INFO Waiting for model:
  test-od5yhnzb/0 [idle] active: 
19:03:46 INFO Current reconcile ID: 39df11d7-cd06-41b9-9e26-f97e4785908d
19:03:46 INFO Waiting for reconcile ID: 39df11d7-cd06-41b9-9e26-f97e4785908d
19:04:47 INFO Current reconcile ID: 39df11d7-cd06-41b9-9e26-f97e4785908d
19:04:47 INFO Current reconcile ID: 39df11d7-cd06-41b9-9e26-f97e4785908d, expected reconcile ID: 39df11d7-cd06-41b9-9e26-f97e4785908d
19:04:47 INFO Waiting for reconcile ID: 39df11d7-cd06-41b9-9e26-f97e4785908d
19:05:48 INFO Current reconcile ID: c8569bd1-b320-4ca5-b2a9-f74afe85fae3
19:05:48 INFO Current reconcile ID: c8569bd1-b320-4ca5-b2a9-f74afe85fae3, expected reconcile ID: 39df11d7-cd06-41b9-9e26-f97e4785908d
19:05:55 INFO Wait for condition not met, sleeping 30
19:06:37 INFO [TEST SETUP] Run command pkill -9 run.sh on test-od5yhnzb-0-n-d4220e4fd21a
19:06:37 WARNING dict_values([[{'version': 4, 'addr': '10.145.193.107', 'OS-EXT-IPS:type': 'fixed', 'OS-EXT-IPS-MAC:mac_addr': 'fa:16:3e:8a:0e:4e'}]])
19:06:38 WARNING ssh_cmd: su - ubuntu -c 'ssh -i /home/runner-manager/.ssh/test-od5yhnzb-0-n-d4220e4fd21a.key -o "StrictHostKeyChecking no" ubuntu@10.145.193.107 pkill -9 run.sh'
19:06:40 INFO Run command 'pkill -9 run.sh' in runner with result 0: 'None' 'Warning: Permanently added '10.145.193.107' (ED25519) to the list of known hosts.
'
19:06:42 INFO Runner test-od5yhnzb-0-n-d4220e4fd21a status: online
19:06:42 INFO Runner still marked as online, waiting for it to be marked offline
19:07:43 INFO Waiting for model:
  test-od5yhnzb/0 [idle] active: 
19:08:13 INFO Waiting for model:
  test-od5yhnzb/0 [idle] active: 
19:08:16 INFO Current reconcile ID: 7805be18-d987-4f57-83e1-0d37770561d4
19:08:16 INFO Waiting for reconcile ID: 7805be18-d987-4f57-83e1-0d37770561d4
19:09:17 INFO Current reconcile ID: 7805be18-d987-4f57-83e1-0d37770561d4
19:09:17 INFO Current reconcile ID: 7805be18-d987-4f57-83e1-0d37770561d4, expected reconcile ID: 7805be18-d987-4f57-83e1-0d37770561d4
19:09:17 INFO Waiting for reconcile ID: 7805be18-d987-4f57-83e1-0d37770561d4
19:10:18 INFO Current reconcile ID: 0b87670d-911e-417f-b912-415a2775ce0a
19:10:18 INFO Current reconcile ID: 0b87670d-911e-417f-b912-415a2775ce0a, expected reconcile ID: 7805be18-d987-4f57-83e1-0d37770561d4
19:10:19 INFO File content of /var/log/github-runner-metrics.log: {"timestamp": 1757271641.6127439, "event": "reconciliation", "flavor": "test-od5yhnzb", "crashed_runners": 0, "idle_runners": 0, "active_runners": 0, "expected_runners": 0, "duration": 9.147688627243042}
{"timestamp": 1757271771.1331859, "event": "reconciliation", "flavor": "test-od5yhnzb", "crashed_runners": 0, "idle_runners": 0, "active_runners": 0, "expected_runners": 0, "duration": 9.404086589813232}
{"timestamp": 1757271800.1116211, "event": "reconciliation", "flavor": "test-od5yhnzb", "crashed_runners": 0, "idle_runners": 0, "active_runners": 0, "expected_runners": 1, "duration": 12.038209915161133}
{"timestamp": 1757271931.368111, "event": "reconciliation", "flavor": "test-od5yhnzb", "crashed_runners": 0, "idle_runners": 1, "active_runners": 0, "expected_runners": 1, "duration": 11.122387409210205}
{"timestamp": 1757271848.0, "event": "runner_installed", "flavor": "test-od5yhnzb", "duration": 51.0}
{"timestamp": 1757271958.0, "event": "runner_start", "flavor": "test-od5yhnzb", "workflow": "Workflow Dispatch Crash Tests", "repo": "canonical/github-runner-operator", "github_event": "workflow_dispatch", "idle": 110.0, "queue_duration": 1.0}
{"timestamp": 1757271999.0, "event": "runner_stop", "flavor": "test-od5yhnzb", "workflow": "Workflow Dispatch Crash Tests", "repo": "canonical/github-runner-operator", "github_event": "workflow_dispatch", "status": "abnormal", "status_info": {"code": 137}, "job_duration": 41.0, "job_conclusion": "cancelled"}
{"timestamp": 1757272075.9185662, "event": "reconciliation", "flavor": "test-od5yhnzb", "crashed_runners": 0, "idle_runners": 0, "active_runners": 0, "expected_runners": 0, "duration": 10.579017639160156}
{"timestamp": 1757272205.472002, "event": "reconciliation", "flavor": "test-od5yhnzb", "crashed_runners": 0, "idle_runners": 0, "active_runners": 0, "expected_runners": 0, "duration": 9.511944770812988}
19:10:23 INFO Model status:

Model                            Controller           Cloud/Region         Version  SLA          Timestamp
test-charm-metrics-failure-szl9  github-pr-77d1e-lxd  localhost/localhost  3.6.9    unsupported  19:10:23Z

App                                   Version  Status  Scale  Charm                        Channel      Rev  Exposed  Message
github-runner-image-builder-od5yhnzb           active      1  github-runner-image-builder  latest/edge  110  no       
test-od5yhnzb                                  active      1  github-runner                               0  yes      

Unit                                     Workload  Agent  Machine  Public address  Ports     Message
github-runner-image-builder-od5yhnzb/0*  active    idle   0        10.146.166.95             
test-od5yhnzb/0*                         active    idle   1        10.146.166.53   8080/tcp  

Machine  State    Address        Inst id        Base          AZ             Message
0        started  10.146.166.95  juju-fc869d-0  ubuntu@22.04  github-runner  Running
1        started  10.146.166.53  juju-fc869d-1  ubuntu@22.04  github-runner  Running

19:10:23 INFO Juju error logs:

machine-0: 18:28:00 ERROR juju.worker.dependency "kvm-container-provisioner" manifold worker returned unexpected error: container types not yet available
machine-0: 18:28:00 ERROR juju.worker.dependency "lxd-container-provisioner" manifold worker returned unexpected error: container types not yet available
unit-github-runner-image-builder-od5yhnzb-0: 18:28:00 ERROR juju.worker.meterstatus error running "meter-status-changed": charm missing from disk
machine-1: 18:28:11 ERROR juju.worker.dependency "kvm-container-provisioner" manifold worker returned unexpected error: container types not yet available
machine-1: 18:28:11 ERROR juju.worker.dependency "lxd-container-provisioner" manifold worker returned unexpected error: container types not yet available
unit-test-od5yhnzb-0: 18:28:11 ERROR juju.worker.meterstatus error running "meter-status-changed": charm missing from disk
unit-github-runner-image-builder-od5yhnzb-0: 18:28:45 ERROR unit.github-runner-image-builder-od5yhnzb/0.juju-log Pipx command failed, code: 1, out: None, err: None
unit-test-od5yhnzb-0: 18:29:24 ERROR unit.test-od5yhnzb/0.juju-log Missing image integration.
Traceback (most recent call last):
  File "/var/lib/juju/agents/unit-test-od5yhnzb-0/charm/./src/charm.py", line 118, in func_with_catch_errors
    func(self, event)
  File "/var/lib/juju/agents/unit-test-od5yhnzb-0/charm/./src/charm.py", line 342, in _on_config_changed
    self._check_image_ready()
  File "/var/lib/juju/agents/unit-test-od5yhnzb-0/charm/./src/charm.py", line 512, in _check_image_ready
    raise ImageIntegrationMissingError("No image integration found")
errors.ImageIntegrationMissingError: No image integration found
unit-test-od5yhnzb-0: 18:29:26 ERROR unit.test-od5yhnzb/0.juju-log Missing image integration.
Traceback (most recent call last):
  File "/var/lib/juju/agents/unit-test-od5yhnzb-0/charm/./src/charm.py", line 118, in func_with_catch_errors
    func(self, event)
  File "/var/lib/juju/agents/unit-test-od5yhnzb-0/charm/./src/charm.py", line 313, in _on_start
    self._check_image_ready()
  File "/var/lib/juju/agents/unit-test-od5yhnzb-0/charm/./src/charm.py", line 512, in _check_image_ready
    raise ImageIntegrationMissingError("No image integration found")
errors.ImageIntegrationMissingError: No image integration found
unit-test-od5yhnzb-0: 18:30:45 ERROR unit.test-od5yhnzb/0.juju-log image:0: Missing image in image integration.
Traceback (most recent call last):
  File "/var/lib/juju/agents/unit-test-od5yhnzb-0/charm/./src/charm.py", line 118, in func_with_catch_errors
    func(self, event)
  File "/var/lib/juju/agents/unit-test-od5yhnzb-0/charm/./src/charm.py", line 477, in _on_image_relation_changed
    self._check_image_ready()
  File "/var/lib/juju/agents/unit-test-od5yhnzb-0/charm/./src/charm.py", line 514, in _check_image_ready
    raise ImageNotFoundError("No image found in the image integration")
errors.ImageNotFoundError: No image found in the image integration
unit-github-runner-image-builder-od5yhnzb-0: 18:35:54 ERROR unit.github-runner-image-builder-od5yhnzb/0.juju-log image:0: Image build failed, code: 1, out: hello world
....................................................................................................................................................................................................................................................................................................................................................................................................................................................................................................................................................................................................................................................................................................................................................................................................................................................................................................................................................................................................................................................status: error
, err: None, stdout: hello world
....................................................................................................................................................................................................................................................................................................................................................................................................................................................................................................................................................................................................................................................................................................................................................................................................................................................................................................................................................................................................................................................status: error

unit-github-runner-image-builder-od5yhnzb-0: 18:40:22 ERROR unit.github-runner-image-builder-od5yhnzb/0.juju-log image:0: Image build failed, code: 1, out: hello world
...................................................................................................................................................................................................................................................................................................................................................................................................................................................................................................................................................................................................................................................................................................................................................................................................................................................................................................status: error
, err: None, stdout: hello world
...................................................................................................................................................................................................................................................................................................................................................................................................................................................................................................................................................................................................................................................................................................................................................................................................................................................................................................status: error


19:10:23 INFO Forgetting model main...