06:19:04 WARNING unexpected facade SSHServer received from the controller
06:19:04 INFO Adding model github-pr-42766-lxd:test-charm-fork-repo-j6qc on cloud localhost
06:19:04 WARNING unexpected facade SSHServer received from the controller
06:19:04 WARNING unexpected facade SSHSession received from the controller
06:19:04 WARNING unexpected facade SSHTunneler received from the controller
06:19:04 INFO Deploying fake image builder via any-charm for image ID a03a9239-9e72-4b54-ad7d-f85dec8c01d2
06:19:06 INFO Deploying ch:amd64/noble/any-charm-124
06:19:21 INFO Deploying local:jammy/github-runner-0
06:19:22 INFO Waiting for model:
  test-uyyyyi82/0 [allocating] waiting: waiting for machine
  github-runner-image-builder-uyyyyi82/0 [allocating] waiting: waiting for machine
06:19:52 INFO Waiting for model:
  test-uyyyyi82/0 [allocating] waiting: waiting for machine
  github-runner-image-builder-uyyyyi82/0 [allocating] waiting: agent initialising
06:20:22 INFO Waiting for model:
  test-uyyyyi82/0 [allocating] waiting: waiting for machine
06:20:52 INFO Waiting for model:
  test-uyyyyi82/0 [allocating] waiting: agent initialising
06:21:22 INFO Waiting for model:
  test-uyyyyi82/0 [executing] maintenance: installing charm software
06:21:52 INFO Waiting for model:
  test-uyyyyi82/0 [executing] maintenance: installing charm software
  github-runner-image-builder-uyyyyi82/0 [executing] active: 
06:22:23 INFO Waiting for model:
  test-uyyyyi82/0 [idle] active: 
06:22:34 INFO GitHub token rate limit: Rate(reset=2025-12-09 06:59:57+00:00, remaining=4838, limit=5000)
06:23:26 INFO Waiting for model:
  test-uyyyyi82/0 [idle] active: 
06:23:56 INFO Waiting for model:
  test-uyyyyi82/0 [idle] active: 
06:24:00 INFO Current reconcile ID: 57436de0-2fad-4cc8-8a59-cab1c4b968f6
06:24:00 INFO Waiting for reconcile ID: 57436de0-2fad-4cc8-8a59-cab1c4b968f6
06:25:01 INFO Current reconcile ID: 57436de0-2fad-4cc8-8a59-cab1c4b968f6
06:25:01 INFO Current reconcile ID: 57436de0-2fad-4cc8-8a59-cab1c4b968f6, expected reconcile ID: 57436de0-2fad-4cc8-8a59-cab1c4b968f6
06:25:01 INFO Waiting for reconcile ID: 57436de0-2fad-4cc8-8a59-cab1c4b968f6
06:26:02 INFO Current reconcile ID: caceeeea-a7f6-4f5c-bb7a-3cd00a58e534
06:26:02 INFO Current reconcile ID: caceeeea-a7f6-4f5c-bb7a-3cd00a58e534, expected reconcile ID: 57436de0-2fad-4cc8-8a59-cab1c4b968f6
06:26:05 INFO [TEST SETUP] Exposing port 8080 on test-uyyyyi82-0-n-31be3cb6744b
06:26:05 WARNING dict_values([[{'version': 4, 'addr': '10.151.122.90', 'OS-EXT-IPS:type': 'fixed', 'OS-EXT-IPS-MAC:mac_addr': 'fa:16:3e:5a:a3:b7'}]])
06:26:07 INFO ssh tunnel command ssh -fNT -R 8080:localhost:8080 -i /home/runner-manager/.ssh/test-uyyyyi82-0-n-31be3cb6744b.key -o "StrictHostKeyChecking no" -o "ControlPersist yes" ubuntu@10.151.122.90 &
06:26:08 INFO ssh tunnel result 0 None Warning: Permanently added '10.151.122.90' (ED25519) to the list of known hosts.

06:26:09 INFO [TEST SETUP] Run command nc -z localhost 8080 on test-uyyyyi82-0-n-31be3cb6744b
06:26:09 WARNING dict_values([[{'version': 4, 'addr': '10.151.122.90', 'OS-EXT-IPS:type': 'fixed', 'OS-EXT-IPS-MAC:mac_addr': 'fa:16:3e:5a:a3:b7'}]])
06:26:10 WARNING ssh_cmd: su - ubuntu -c 'ssh -i /home/runner-manager/.ssh/test-uyyyyi82-0-n-31be3cb6744b.key -o "StrictHostKeyChecking no" ubuntu@10.151.122.90 nc -z localhost 8080'
06:26:11 INFO Run command 'nc -z localhost 8080' in runner with result 0: 'None' 'Connection to localhost (127.0.0.1) 8080 port [tcp/http-alt] succeeded!
'
06:26:12 INFO [TEST SETUP] Run command curl http://localhost:8080 on test-uyyyyi82-0-n-31be3cb6744b
06:26:12 WARNING dict_values([[{'version': 4, 'addr': '10.151.122.90', 'OS-EXT-IPS:type': 'fixed', 'OS-EXT-IPS-MAC:mac_addr': 'fa:16:3e:5a:a3:b7'}]])
06:26:13 WARNING ssh_cmd: su - ubuntu -c 'ssh -i /home/runner-manager/.ssh/test-uyyyyi82-0-n-31be3cb6744b.key -o "StrictHostKeyChecking no" ubuntu@10.151.122.90 curl http://localhost:8080'
06:26:14 INFO Run command 'curl http://localhost:8080' in runner with result 0: '<!doctype html>
<html lang=en>
<title>404 Not Found</title>
<h1>Not Found</h1>
<p>The requested URL was not found on the server. If you entered the URL manually please check your spelling and try again.</p>
' '  % Total    % Received % Xferd  Average Speed   Time    Time     Time  Current
                                 Dload  Upload   Total   Spent    Left  Speed
  0     0    0     0    0     0      0      0 --:--:-- --:--:-- --:--:--     0100   207  100   207    0     0  92287      0 --:--:-- --:--:-- --:--:--  101k
'
06:26:16 INFO Wait for condition not met, sleeping 10
06:26:27 INFO Wait for condition not met, sleeping 60
06:27:30 INFO Model status:

Model                      Controller           Cloud/Region         Version  SLA          Timestamp
test-charm-fork-repo-j6qc  github-pr-42766-lxd  localhost/localhost  3.6.12   unsupported  06:27:30Z

App                                   Version  Status  Scale  Charm          Channel      Rev  Exposed  Message
github-runner-image-builder-uyyyyi82           active      1  any-charm      latest/beta  124  no       
test-uyyyyi82                                  active      1  github-runner                 0  yes      

Unit                                     Workload  Agent  Machine  Public address  Ports     Message
github-runner-image-builder-uyyyyi82/0*  active    idle   0        10.63.46.213              
test-uyyyyi82/0*                         active    idle   1        10.63.46.102    8080/tcp  

Machine  State    Address       Inst id        Base          AZ             Message
0        started  10.63.46.213  juju-dfb8e7-0  ubuntu@24.04  github-runner  Running
1        started  10.63.46.102  juju-dfb8e7-1  ubuntu@22.04  github-runner  Running

06:27:30 INFO Juju error logs:

machine-0: 06:19:48 ERROR juju.worker.dependency "lxd-container-provisioner" manifold worker returned unexpected error: container types not yet available
machine-0: 06:19:48 ERROR juju.worker.dependency "kvm-container-provisioner" manifold worker returned unexpected error: container types not yet available
machine-1: 06:20:45 ERROR juju.worker.dependency "lxd-container-provisioner" manifold worker returned unexpected error: container types not yet available
machine-1: 06:20:45 ERROR juju.worker.dependency "kvm-container-provisioner" manifold worker returned unexpected error: container types not yet available
unit-test-uyyyyi82-0: 06:21:54 ERROR unit.test-uyyyyi82/0.juju-log Missing image integration.
Traceback (most recent call last):
  File "/var/lib/juju/agents/unit-test-uyyyyi82-0/charm/./src/charm.py", line 119, in func_with_catch_errors
    func(self, event)
  File "/var/lib/juju/agents/unit-test-uyyyyi82-0/charm/./src/charm.py", line 354, in _on_config_changed
    self._check_image_ready()
  File "/var/lib/juju/agents/unit-test-uyyyyi82-0/charm/./src/charm.py", line 524, in _check_image_ready
    raise ImageIntegrationMissingError("No image integration found")
errors.ImageIntegrationMissingError: No image integration found
unit-test-uyyyyi82-0: 06:21:55 ERROR unit.test-uyyyyi82/0.juju-log Missing image integration.
Traceback (most recent call last):
  File "/var/lib/juju/agents/unit-test-uyyyyi82-0/charm/./src/charm.py", line 119, in func_with_catch_errors
    func(self, event)
  File "/var/lib/juju/agents/unit-test-uyyyyi82-0/charm/./src/charm.py", line 317, in _on_start
    self._check_image_ready()
  File "/var/lib/juju/agents/unit-test-uyyyyi82-0/charm/./src/charm.py", line 524, in _check_image_ready
    raise ImageIntegrationMissingError("No image integration found")
errors.ImageIntegrationMissingError: No image integration found

06:27:30 INFO Forgetting model main...