07:50:26 INFO Application log: 
2025-12-01 07:33:12,294 - INFO - root - Starting GitHub runner manager service version: 0.7.0
2025-12-01 07:33:12,299 - INFO - github_runner_manager.http_server - Starting the server...
 * Serving Flask app 'github_runner_manager.http_server'
 * Debug mode: off
2025-12-01 07:33:12,300 - INFO - werkzeug - [31m[1mWARNING: This is a development server. Do not use it in a production deployment. Use a production WSGI server instead.[0m
 * Running on http://127.0.0.1:55555
2025-12-01 07:33:12,300 - INFO - werkzeug - [33mPress CTRL+C to quit[0m
2025-12-01 07:33:12,300 - INFO - github_runner_manager.reconcile_service - Starting the reconcile service...
2025-12-01 07:33:12,301 - INFO - github_runner_manager.reconcile_service - Start reconciliation
2025-12-01 07:33:12,301 - INFO - github_runner_manager.reconcile_service - Reconcile ID: c95e8497-e0e2-4d00-b25b-6a7e87a4c5a5
2025-12-01 07:33:12,319 - INFO - github_runner_manager.manager.runner_scaler - Start reconcile. base_quantity 0. max_quantity: 0.
2025-12-01 07:33:12,319 - INFO - github_runner_manager.manager.runner_manager - runner_manager::cleanup
2025-12-01 07:33:12,319 - INFO - github_runner_manager.openstack_cloud.openstack_cloud - Getting all openstack servers managed by the charm
2025-12-01 07:33:12,653 - WARNING - github_runner_manager.openstack_cloud.openstack_cloud - The maximum compute API version 2.96 is greater than the supported version 2.91. Using the maximum supported version.
2025-12-01 07:33:13,908 - INFO - github_runner_manager.manager.runner_manager - VMs: []
2025-12-01 07:33:14,690 - INFO - github_runner_manager.manager.runner_manager - Runner health: RunnersHealthResponse(requested_runners=[], failed_requested_runners=[], non_requested_runners=[])
2025-12-01 07:33:15,978 - INFO - github_runner_manager.openstack_cloud.openstack_cloud - Cleaning up SSH key files
2025-12-01 07:33:15,978 - INFO - github_runner_manager.openstack_cloud.openstack_cloud - Found 0 key files, clean up 0 key files
2025-12-01 07:33:15,978 - INFO - github_runner_manager.openstack_cloud.openstack_cloud - Cleaning up openstack keypairs
2025-12-01 07:33:16,008 - INFO - github_runner_manager.manager.runner_manager - Cleaning up platform runners: []
2025-12-01 07:33:16,008 - INFO - github_runner_manager.platform.github_provider - Delete runners from GitHub provider: []
2025-12-01 07:33:16,008 - INFO - github_runner_manager.manager.runner_manager - Cleaned up platform runners: []
2025-12-01 07:33:16,008 - INFO - github_runner_manager.manager.runner_manager - Extracting metrics from VMs: []
2025-12-01 07:33:16,008 - INFO - github_runner_manager.manager.runner_manager - Cleaning up VMs: []
2025-12-01 07:33:16,008 - INFO - github_runner_manager.manager.runner_manager - Cleaned up VMs: []
2025-12-01 07:33:16,008 - INFO - github_runner_manager.openstack_cloud.openstack_cloud - Getting all openstack servers managed by the charm
2025-12-01 07:33:17,310 - INFO - github_runner_manager.manager.runner_manager - list vms response: []
2025-12-01 07:33:18,270 - INFO - github_runner_manager.manager.runner_manager - runner health response RunnersHealthResponse(requested_runners=[], failed_requested_runners=[], non_requested_runners=[])
2025-12-01 07:33:18,270 - INFO - github_runner_manager.manager.runner_scaler - Reconcile runners from 0 to 0
2025-12-01 07:33:18,270 - INFO - github_runner_manager.manager.runner_scaler - No changes to the number of runners.
2025-12-01 07:33:18,270 - INFO - github_runner_manager.openstack_cloud.openstack_cloud - Getting all openstack servers managed by the charm
2025-12-01 07:33:19,492 - INFO - github_runner_manager.manager.runner_manager - list vms response: []
2025-12-01 07:33:20,499 - INFO - github_runner_manager.manager.runner_manager - runner health response RunnersHealthResponse(requested_runners=[], failed_requested_runners=[], non_requested_runners=[])
2025-12-01 07:33:20,499 - INFO - github_runner_manager.manager.runner_scaler - Found 0 busy runners: []
2025-12-01 07:33:20,499 - INFO - github_runner_manager.manager.runner_scaler - Found 0 idle runners: []
2025-12-01 07:33:20,499 - INFO - github_runner_manager.manager.runner_scaler - Found 0 offline runners that are healthy: []
2025-12-01 07:33:20,499 - INFO - github_runner_manager.manager.runner_scaler - Found 0 unhealthy runners: []
2025-12-01 07:33:20,499 - INFO - github_runner_manager.manager.runner_scaler - Current available runners (idle + healthy offline): set()
2025-12-01 07:33:20,499 - INFO - github_runner_manager.manager.runner_scaler - Current active runners: set()
2025-12-01 07:33:20,499 - INFO - github_runner_manager.manager.runner_scaler - Finished reconciliation.
2025-12-01 07:33:20,499 - INFO - github_runner_manager.reconcile_service - Change in number of runner after reconcile: 0
2025-12-01 07:33:20,499 - INFO - github_runner_manager.reconcile_service - End reconciliation
2025-12-01 07:33:26,961 - INFO - werkzeug - 127.0.0.1 - - [01/Dec/2025 07:33:26] "[35m[1mGET /health HTTP/1.1[0m" 204 -
2025-12-01 07:33:26,968 - INFO - werkzeug - 127.0.0.1 - - [01/Dec/2025 07:33:26] "[35m[1mGET /health HTTP/1.1[0m" 204 -
2025-12-01 07:33:26,973 - INFO - github_runner_manager.http_server - Attempting to acquire the lock: unlocked
2025-12-01 07:33:26,973 - INFO - github_runner_manager.http_server - Flushing runners...
2025-12-01 07:33:27,016 - INFO - github_runner_manager.http_server - Flushing busy: False
2025-12-01 07:33:27,017 - INFO - github_runner_manager.manager.runner_manager - runner_manager::cleanup
2025-12-01 07:33:27,017 - INFO - github_runner_manager.openstack_cloud.openstack_cloud - Getting all openstack servers managed by the charm
2025-12-01 07:33:27,360 - WARNING - github_runner_manager.openstack_cloud.openstack_cloud - The maximum compute API version 2.96 is greater than the supported version 2.91. Using the maximum supported version.
2025-12-01 07:33:28,712 - INFO - github_runner_manager.manager.runner_manager - VMs: []
2025-12-01 07:33:29,520 - INFO - github_runner_manager.manager.runner_manager - Runner health: RunnersHealthResponse(requested_runners=[], failed_requested_runners=[], non_requested_runners=[])
2025-12-01 07:33:30,725 - INFO - github_runner_manager.openstack_cloud.openstack_cloud - Cleaning up SSH key files
2025-12-01 07:33:30,725 - INFO - github_runner_manager.openstack_cloud.openstack_cloud - Found 0 key files, clean up 0 key files
2025-12-01 07:33:30,725 - INFO - github_runner_manager.openstack_cloud.openstack_cloud - Cleaning up openstack keypairs
2025-12-01 07:33:30,752 - INFO - github_runner_manager.manager.runner_manager - Cleaning up platform runners: []
2025-12-01 07:33:30,752 - INFO - github_runner_manager.platform.github_provider - Delete runners from GitHub provider: []
2025-12-01 07:33:30,752 - INFO - github_runner_manager.manager.runner_manager - Cleaned up platform runners: []
2025-12-01 07:33:30,752 - INFO - github_runner_manager.manager.runner_manager - Extracting metrics from VMs: []
2025-12-01 07:33:30,752 - INFO - github_runner_manager.manager.runner_manager - Cleaning up VMs: []
2025-12-01 07:33:30,752 - INFO - github_runner_manager.manager.runner_manager - Cleaned up VMs: []
2025-12-01 07:33:30,752 - INFO - github_runner_manager.manager.runner_manager - runner_manager::flush_runners. mode FlushMode.FLUSH_IDLE
2025-12-01 07:33:30,752 - INFO - github_runner_manager.openstack_cloud.openstack_cloud - Getting all openstack servers managed by the charm
2025-12-01 07:33:32,017 - INFO - github_runner_manager.manager.runner_manager - VMs: []
2025-12-01 07:33:32,886 - INFO - github_runner_manager.manager.runner_manager - Runner health: RunnersHealthResponse(requested_runners=[], failed_requested_runners=[], non_requested_runners=[])
2025-12-01 07:33:32,886 - INFO - github_runner_manager.manager.runner_manager - Runners to clean up: set()
2025-12-01 07:33:32,886 - INFO - github_runner_manager.manager.runner_manager - Runners to flush: set()
2025-12-01 07:33:32,886 - INFO - github_runner_manager.manager.runner_manager - Deleting platform runners: []
2025-12-01 07:33:32,886 - INFO - github_runner_manager.platform.github_provider - Delete runners from GitHub provider: []
2025-12-01 07:33:32,886 - INFO - github_runner_manager.manager.runner_manager - Deleted runners: []
2025-12-01 07:33:32,886 - INFO - github_runner_manager.manager.runner_manager - Extracting metrics from VMs: []
2025-12-01 07:33:32,887 - INFO - github_runner_manager.manager.runner_manager - Deleting VMs: []
2025-12-01 07:33:32,887 - INFO - github_runner_manager.manager.runner_manager - Deleted VMs: []
2025-12-01 07:33:32,887 - INFO - github_runner_manager.http_server - Flushed 0 runners
2025-12-01 07:33:32,887 - INFO - werkzeug - 127.0.0.1 - - [01/Dec/2025 07:33:32] "[35m[1mPOST /runner/flush?flush-busy=False HTTP/1.1[0m" 204 -
2025-12-01 07:33:50,271 - INFO - root - Starting GitHub runner manager service version: 0.7.0
2025-12-01 07:33:50,276 - INFO - github_runner_manager.http_server - Starting the server...
 * Serving Flask app 'github_runner_manager.http_server'
 * Debug mode: off
2025-12-01 07:33:50,277 - INFO - werkzeug - [31m[1mWARNING: This is a development server. Do not use it in a production deployment. Use a production WSGI server instead.[0m
 * Running on http://127.0.0.1:55555
2025-12-01 07:33:50,277 - INFO - werkzeug - [33mPress CTRL+C to quit[0m
2025-12-01 07:33:50,277 - INFO - github_runner_manager.reconcile_service - Starting the reconcile service...
2025-12-01 07:33:50,277 - INFO - github_runner_manager.reconcile_service - Start reconciliation
2025-12-01 07:33:50,277 - INFO - github_runner_manager.reconcile_service - Reconcile ID: 754e228b-a529-4574-9a8f-c180c8e191bd
2025-12-01 07:33:50,295 - INFO - github_runner_manager.manager.runner_scaler - Start reconcile. base_quantity 2. max_quantity: 0.
2025-12-01 07:33:50,296 - INFO - github_runner_manager.manager.runner_manager - runner_manager::cleanup
2025-12-01 07:33:50,296 - INFO - github_runner_manager.openstack_cloud.openstack_cloud - Getting all openstack servers managed by the charm
2025-12-01 07:33:50,632 - WARNING - github_runner_manager.openstack_cloud.openstack_cloud - The maximum compute API version 2.96 is greater than the supported version 2.91. Using the maximum supported version.
2025-12-01 07:33:51,963 - INFO - github_runner_manager.manager.runner_manager - VMs: []
2025-12-01 07:33:52,764 - INFO - github_runner_manager.manager.runner_manager - Runner health: RunnersHealthResponse(requested_runners=[], failed_requested_runners=[], non_requested_runners=[])
2025-12-01 07:33:53,949 - INFO - github_runner_manager.openstack_cloud.openstack_cloud - Cleaning up SSH key files
2025-12-01 07:33:53,949 - INFO - github_runner_manager.openstack_cloud.openstack_cloud - Found 0 key files, clean up 0 key files
2025-12-01 07:33:53,949 - INFO - github_runner_manager.openstack_cloud.openstack_cloud - Cleaning up openstack keypairs
2025-12-01 07:33:53,980 - INFO - github_runner_manager.manager.runner_manager - Cleaning up platform runners: []
2025-12-01 07:33:53,980 - INFO - github_runner_manager.platform.github_provider - Delete runners from GitHub provider: []
2025-12-01 07:33:53,980 - INFO - github_runner_manager.manager.runner_manager - Cleaned up platform runners: []
2025-12-01 07:33:53,980 - INFO - github_runner_manager.manager.runner_manager - Extracting metrics from VMs: []
2025-12-01 07:33:53,980 - INFO - github_runner_manager.manager.runner_manager - Cleaning up VMs: []
2025-12-01 07:33:53,980 - INFO - github_runner_manager.manager.runner_manager - Cleaned up VMs: []
2025-12-01 07:33:53,980 - INFO - github_runner_manager.openstack_cloud.openstack_cloud - Getting all openstack servers managed by the charm
2025-12-01 07:33:55,191 - INFO - github_runner_manager.manager.runner_manager - list vms response: []
2025-12-01 07:33:55,996 - INFO - github_runner_manager.manager.runner_manager - runner health response RunnersHealthResponse(requested_runners=[], failed_requested_runners=[], non_requested_runners=[])
2025-12-01 07:33:55,996 - INFO - github_runner_manager.manager.runner_scaler - Reconcile runners from 0 to 2
2025-12-01 07:33:55,996 - INFO - github_runner_manager.manager.runner_manager - Creating 2 runners
2025-12-01 07:33:56,478 - INFO - github_runner_manager.openstack_cloud.openstack_cloud - Creating openstack server with RunnerIdentity(instance_id=InstanceID('test-xya04q2y-0-n-ca2a817305c7'), metadata=RunnerMetadata(platform_name=<Platform.GITHUB: 'github'>, runner_id='233154', url=None))
2025-12-01 07:33:56,582 - INFO - github_runner_manager.openstack_cloud.openstack_cloud - Creating openstack server with RunnerIdentity(instance_id=InstanceID('test-xya04q2y-0-n-9522061be3ac'), metadata=RunnerMetadata(platform_name=<Platform.GITHUB: 'github'>, runner_id='233155', url=None))
2025-12-01 07:33:57,802 - ERROR - github_runner_manager.openstack_cloud.openstack_cloud - Failed to create openstack server test-xya04q2y-0-n-ca2a817305c7
Traceback (most recent call last):
  File "/opt/pipx/venvs/github-runner-manager/lib/python3.10/site-packages/github_runner_manager/openstack_cloud/openstack_cloud.py", line 290, in launch_instance
    server = conn.create_server(
  File "/opt/pipx/venvs/github-runner-manager/lib/python3.10/site-packages/decorator.py", line 235, in fun
    return caller(func, *(extras + args), **kw)
  File "/opt/pipx/venvs/github-runner-manager/lib/python3.10/site-packages/openstack/cloud/_utils.py", line 233, in func_wrapper
    return func(*args, **kwargs)
  File "/opt/pipx/venvs/github-runner-manager/lib/python3.10/site-packages/openstack/cloud/_compute.py", line 1075, in create_server
    server = self.compute.create_server(**kwargs)
  File "/opt/pipx/venvs/github-runner-manager/lib/python3.10/site-packages/openstack/compute/v2/_proxy.py", line 741, in create_server
    return self._create(_server.Server, **attrs)
  File "/opt/pipx/venvs/github-runner-manager/lib/python3.10/site-packages/openstack/proxy.py", line 770, in _create
    return res.create(self, base_path=base_path)
  File "/opt/pipx/venvs/github-runner-manager/lib/python3.10/site-packages/openstack/resource.py", line 1463, in create
    self._translate_response(
  File "/opt/pipx/venvs/github-runner-manager/lib/python3.10/site-packages/openstack/resource.py", line 1231, in _translate_response
    exceptions.raise_from_response(response, error_message=error_message)
  File "/opt/pipx/venvs/github-runner-manager/lib/python3.10/site-packages/openstack/exceptions.py", line 264, in raise_from_response
    raise cls(
openstack.exceptions.ForbiddenException: ForbiddenException: 403: Client Error for url: https://nova.ps7.canonical.com:8774/v2.1/servers, Maximum number of ports exceeded
2025-12-01 07:33:57,804 - INFO - github_runner_manager.openstack_cloud.openstack_cloud - Deleting key: test-xya04q2y-0-n-ca2a817305c7
2025-12-01 07:33:57,830 - INFO - github_runner_manager.openstack_cloud.openstack_cloud - Deleted key: test-xya04q2y-0-n-ca2a817305c7
2025-12-01 07:33:57,830 - WARNING - github_runner_manager.manager.runner_manager - Deleting runner test-xya04q2y-0-n-ca2a817305c7 from platform after creation failed
2025-12-01 07:33:57,830 - INFO - github_runner_manager.platform.github_provider - Delete runners from GitHub provider: ['233154']
2025-12-01 07:33:57,897 - ERROR - github_runner_manager.openstack_cloud.openstack_cloud - Failed to create openstack server test-xya04q2y-0-n-9522061be3ac
Traceback (most recent call last):
  File "/opt/pipx/venvs/github-runner-manager/lib/python3.10/site-packages/github_runner_manager/openstack_cloud/openstack_cloud.py", line 290, in launch_instance
    server = conn.create_server(
  File "/opt/pipx/venvs/github-runner-manager/lib/python3.10/site-packages/decorator.py", line 235, in fun
    return caller(func, *(extras + args), **kw)
  File "/opt/pipx/venvs/github-runner-manager/lib/python3.10/site-packages/openstack/cloud/_utils.py", line 233, in func_wrapper
    return func(*args, **kwargs)
  File "/opt/pipx/venvs/github-runner-manager/lib/python3.10/site-packages/openstack/cloud/_compute.py", line 1075, in create_server
    server = self.compute.create_server(**kwargs)
  File "/opt/pipx/venvs/github-runner-manager/lib/python3.10/site-packages/openstack/compute/v2/_proxy.py", line 741, in create_server
    return self._create(_server.Server, **attrs)
  File "/opt/pipx/venvs/github-runner-manager/lib/python3.10/site-packages/openstack/proxy.py", line 770, in _create
    return res.create(self, base_path=base_path)
  File "/opt/pipx/venvs/github-runner-manager/lib/python3.10/site-packages/openstack/resource.py", line 1463, in create
    self._translate_response(
  File "/opt/pipx/venvs/github-runner-manager/lib/python3.10/site-packages/openstack/resource.py", line 1231, in _translate_response
    exceptions.raise_from_response(response, error_message=error_message)
  File "/opt/pipx/venvs/github-runner-manager/lib/python3.10/site-packages/openstack/exceptions.py", line 264, in raise_from_response
    raise cls(
openstack.exceptions.ForbiddenException: ForbiddenException: 403: Client Error for url: https://nova.ps7.canonical.com:8774/v2.1/servers, Maximum number of ports exceeded
2025-12-01 07:33:57,897 - INFO - github_runner_manager.openstack_cloud.openstack_cloud - Deleting key: test-xya04q2y-0-n-9522061be3ac
2025-12-01 07:33:57,926 - INFO - github_runner_manager.openstack_cloud.openstack_cloud - Deleted key: test-xya04q2y-0-n-9522061be3ac
2025-12-01 07:33:57,927 - WARNING - github_runner_manager.manager.runner_manager - Deleting runner test-xya04q2y-0-n-9522061be3ac from platform after creation failed
2025-12-01 07:33:57,927 - INFO - github_runner_manager.platform.github_provider - Delete runners from GitHub provider: ['233155']
2025-12-01 07:33:58,276 - ERROR - github_runner_manager.manager.runner_manager - Failed to spawn a runner.
Traceback (most recent call last):
  File "/opt/pipx/venvs/github-runner-manager/lib/python3.10/site-packages/github_runner_manager/openstack_cloud/openstack_cloud.py", line 290, in launch_instance
    server = conn.create_server(
  File "/opt/pipx/venvs/github-runner-manager/lib/python3.10/site-packages/decorator.py", line 235, in fun
    return caller(func, *(extras + args), **kw)
  File "/opt/pipx/venvs/github-runner-manager/lib/python3.10/site-packages/openstack/cloud/_utils.py", line 233, in func_wrapper
    return func(*args, **kwargs)
  File "/opt/pipx/venvs/github-runner-manager/lib/python3.10/site-packages/openstack/cloud/_compute.py", line 1075, in create_server
    server = self.compute.create_server(**kwargs)
  File "/opt/pipx/venvs/github-runner-manager/lib/python3.10/site-packages/openstack/compute/v2/_proxy.py", line 741, in create_server
    return self._create(_server.Server, **attrs)
  File "/opt/pipx/venvs/github-runner-manager/lib/python3.10/site-packages/openstack/proxy.py", line 770, in _create
    return res.create(self, base_path=base_path)
  File "/opt/pipx/venvs/github-runner-manager/lib/python3.10/site-packages/openstack/resource.py", line 1463, in create
    self._translate_response(
  File "/opt/pipx/venvs/github-runner-manager/lib/python3.10/site-packages/openstack/resource.py", line 1231, in _translate_response
    exceptions.raise_from_response(response, error_message=error_message)
  File "/opt/pipx/venvs/github-runner-manager/lib/python3.10/site-packages/openstack/exceptions.py", line 264, in raise_from_response
    raise cls(
openstack.exceptions.ForbiddenException: ForbiddenException: 403: Client Error for url: https://nova.ps7.canonical.com:8774/v2.1/servers, Maximum number of ports exceeded

The above exception was the direct cause of the following exception:

Traceback (most recent call last):
  File "/opt/pipx/venvs/github-runner-manager/lib/python3.10/site-packages/github_runner_manager/openstack_cloud/openstack_runner_manager.py", line 110, in create_runner
    instance = self._openstack_cloud.launch_instance(
  File "/opt/pipx/venvs/github-runner-manager/lib/python3.10/site-packages/github_runner_manager/openstack_cloud/openstack_cloud.py", line 180, in exception_handling_wrapper
    return func(*args, **kwargs)
  File "/opt/pipx/venvs/github-runner-manager/lib/python3.10/site-packages/github_runner_manager/openstack_cloud/openstack_cloud.py", line 327, in launch_instance
    raise OpenStackError(f"Failed to create openstack server {instance_id}") from err
github_runner_manager.errors.OpenStackError: Failed to create openstack server test-xya04q2y-0-n-ca2a817305c7

The above exception was the direct cause of the following exception:

Traceback (most recent call last):
  File "/opt/pipx/venvs/github-runner-manager/lib/python3.10/site-packages/github_runner_manager/manager/runner_manager.py", line 236, in _spawn_runners_using_multiprocessing
    instance_id = next(jobs)
  File "/usr/lib/python3.10/multiprocessing/pool.py", line 873, in next
    raise value
  File "/usr/lib/python3.10/multiprocessing/pool.py", line 125, in worker
    result = (True, func(*args, **kwds))
  File "/opt/pipx/venvs/github-runner-manager/lib/python3.10/site-packages/github_runner_manager/manager/runner_manager.py", line 539, in _create_runner
    args.cloud_runner_manager.create_runner(
  File "/opt/pipx/venvs/github-runner-manager/lib/python3.10/site-packages/github_runner_manager/openstack_cloud/openstack_runner_manager.py", line 117, in create_runner
    raise RunnerCreateError(
github_runner_manager.errors.RunnerCreateError: Failed to create RunnerIdentity(instance_id=InstanceID('test-xya04q2y-0-n-ca2a817305c7'), metadata=RunnerMetadata(platform_name=<Platform.GITHUB: 'github'>, runner_id='233154', url=None)) openstack runner
2025-12-01 07:33:58,350 - ERROR - github_runner_manager.manager.runner_manager - Failed to spawn a runner.
Traceback (most recent call last):
  File "/opt/pipx/venvs/github-runner-manager/lib/python3.10/site-packages/github_runner_manager/openstack_cloud/openstack_cloud.py", line 290, in launch_instance
    server = conn.create_server(
  File "/opt/pipx/venvs/github-runner-manager/lib/python3.10/site-packages/decorator.py", line 235, in fun
    return caller(func, *(extras + args), **kw)
  File "/opt/pipx/venvs/github-runner-manager/lib/python3.10/site-packages/openstack/cloud/_utils.py", line 233, in func_wrapper
    return func(*args, **kwargs)
  File "/opt/pipx/venvs/github-runner-manager/lib/python3.10/site-packages/openstack/cloud/_compute.py", line 1075, in create_server
    server = self.compute.create_server(**kwargs)
  File "/opt/pipx/venvs/github-runner-manager/lib/python3.10/site-packages/openstack/compute/v2/_proxy.py", line 741, in create_server
    return self._create(_server.Server, **attrs)
  File "/opt/pipx/venvs/github-runner-manager/lib/python3.10/site-packages/openstack/proxy.py", line 770, in _create
    return res.create(self, base_path=base_path)
  File "/opt/pipx/venvs/github-runner-manager/lib/python3.10/site-packages/openstack/resource.py", line 1463, in create
    self._translate_response(
  File "/opt/pipx/venvs/github-runner-manager/lib/python3.10/site-packages/openstack/resource.py", line 1231, in _translate_response
    exceptions.raise_from_response(response, error_message=error_message)
  File "/opt/pipx/venvs/github-runner-manager/lib/python3.10/site-packages/openstack/exceptions.py", line 264, in raise_from_response
    raise cls(
openstack.exceptions.ForbiddenException: ForbiddenException: 403: Client Error for url: https://nova.ps7.canonical.com:8774/v2.1/servers, Maximum number of ports exceeded

The above exception was the direct cause of the following exception:

Traceback (most recent call last):
  File "/opt/pipx/venvs/github-runner-manager/lib/python3.10/site-packages/github_runner_manager/openstack_cloud/openstack_runner_manager.py", line 110, in create_runner
    instance = self._openstack_cloud.launch_instance(
  File "/opt/pipx/venvs/github-runner-manager/lib/python3.10/site-packages/github_runner_manager/openstack_cloud/openstack_cloud.py", line 180, in exception_handling_wrapper
    return func(*args, **kwargs)
  File "/opt/pipx/venvs/github-runner-manager/lib/python3.10/site-packages/github_runner_manager/openstack_cloud/openstack_cloud.py", line 327, in launch_instance
    raise OpenStackError(f"Failed to create openstack server {instance_id}") from err
github_runner_manager.errors.OpenStackError: Failed to create openstack server test-xya04q2y-0-n-9522061be3ac

The above exception was the direct cause of the following exception:

Traceback (most recent call last):
  File "/opt/pipx/venvs/github-runner-manager/lib/python3.10/site-packages/github_runner_manager/manager/runner_manager.py", line 236, in _spawn_runners_using_multiprocessing
    instance_id = next(jobs)
  File "/usr/lib/python3.10/multiprocessing/pool.py", line 873, in next
    raise value
  File "/usr/lib/python3.10/multiprocessing/pool.py", line 125, in worker
    result = (True, func(*args, **kwds))
  File "/opt/pipx/venvs/github-runner-manager/lib/python3.10/site-packages/github_runner_manager/manager/runner_manager.py", line 539, in _create_runner
    args.cloud_runner_manager.create_runner(
  File "/opt/pipx/venvs/github-runner-manager/lib/python3.10/site-packages/github_runner_manager/openstack_cloud/openstack_runner_manager.py", line 117, in create_runner
    raise RunnerCreateError(
github_runner_manager.errors.RunnerCreateError: Failed to create RunnerIdentity(instance_id=InstanceID('test-xya04q2y-0-n-9522061be3ac'), metadata=RunnerMetadata(platform_name=<Platform.GITHUB: 'github'>, runner_id='233155', url=None)) openstack runner
2025-12-01 07:33:58,351 - INFO - github_runner_manager.openstack_cloud.openstack_cloud - Getting all openstack servers managed by the charm
2025-12-01 07:33:59,650 - INFO - github_runner_manager.manager.runner_manager - list vms response: []
2025-12-01 07:34:00,597 - INFO - github_runner_manager.manager.runner_manager - runner health response RunnersHealthResponse(requested_runners=[], failed_requested_runners=[], non_requested_runners=[])
2025-12-01 07:34:00,597 - INFO - github_runner_manager.manager.runner_scaler - Found 0 busy runners: []
2025-12-01 07:34:00,597 - INFO - github_runner_manager.manager.runner_scaler - Found 0 idle runners: []
2025-12-01 07:34:00,597 - INFO - github_runner_manager.manager.runner_scaler - Found 0 offline runners that are healthy: []
2025-12-01 07:34:00,597 - INFO - github_runner_manager.manager.runner_scaler - Found 0 unhealthy runners: []
2025-12-01 07:34:00,597 - INFO - github_runner_manager.manager.runner_scaler - Current available runners (idle + healthy offline): set()
2025-12-01 07:34:00,598 - INFO - github_runner_manager.manager.runner_scaler - Current active runners: set()
2025-12-01 07:34:00,598 - INFO - github_runner_manager.manager.runner_scaler - Finished reconciliation.
2025-12-01 07:34:00,598 - INFO - github_runner_manager.reconcile_service - Change in number of runner after reconcile: 2
2025-12-01 07:34:00,598 - INFO - github_runner_manager.reconcile_service - End reconciliation
2025-12-01 07:34:04,945 - INFO - werkzeug - 127.0.0.1 - - [01/Dec/2025 07:34:04] "[35m[1mGET /health HTTP/1.1[0m" 204 -
2025-12-01 07:36:00,612 - INFO - github_runner_manager.reconcile_service - Start reconciliation
2025-12-01 07:36:00,612 - INFO - github_runner_manager.reconcile_service - Reconcile ID: 8e6d492e-f2f9-4cdf-946a-c422c6f06f76
2025-12-01 07:36:00,631 - INFO - github_runner_manager.manager.runner_scaler - Start reconcile. base_quantity 2. max_quantity: 0.
2025-12-01 07:36:00,631 - INFO - github_runner_manager.manager.runner_manager - runner_manager::cleanup
2025-12-01 07:36:00,631 - INFO - github_runner_manager.openstack_cloud.openstack_cloud - Getting all openstack servers managed by the charm
2025-12-01 07:36:00,959 - WARNING - github_runner_manager.openstack_cloud.openstack_cloud - The maximum compute API version 2.96 is greater than the supported version 2.91. Using the maximum supported version.
2025-12-01 07:36:02,222 - INFO - github_runner_manager.manager.runner_manager - VMs: []
2025-12-01 07:36:03,078 - INFO - github_runner_manager.manager.runner_manager - Runner health: RunnersHealthResponse(requested_runners=[], failed_requested_runners=[], non_requested_runners=[])
2025-12-01 07:36:04,362 - INFO - github_runner_manager.openstack_cloud.openstack_cloud - Cleaning up SSH key files
2025-12-01 07:36:04,363 - INFO - github_runner_manager.openstack_cloud.openstack_cloud - Found 0 key files, clean up 0 key files
2025-12-01 07:36:04,363 - INFO - github_runner_manager.openstack_cloud.openstack_cloud - Cleaning up openstack keypairs
2025-12-01 07:36:04,390 - INFO - github_runner_manager.manager.runner_manager - Cleaning up platform runners: []
2025-12-01 07:36:04,390 - INFO - github_runner_manager.platform.github_provider - Delete runners from GitHub provider: []
2025-12-01 07:36:04,390 - INFO - github_runner_manager.manager.runner_manager - Cleaned up platform runners: []
2025-12-01 07:36:04,390 - INFO - github_runner_manager.manager.runner_manager - Extracting metrics from VMs: []
2025-12-01 07:36:04,390 - INFO - github_runner_manager.manager.runner_manager - Cleaning up VMs: []
2025-12-01 07:36:04,390 - INFO - github_runner_manager.manager.runner_manager - Cleaned up VMs: []
2025-12-01 07:36:04,390 - INFO - github_runner_manager.openstack_cloud.openstack_cloud - Getting all openstack servers managed by the charm
2025-12-01 07:36:05,831 - INFO - github_runner_manager.manager.runner_manager - list vms response: []
2025-12-01 07:36:06,739 - INFO - github_runner_manager.manager.runner_manager - runner health response RunnersHealthResponse(requested_runners=[], failed_requested_runners=[], non_requested_runners=[])
2025-12-01 07:36:06,739 - INFO - github_runner_manager.manager.runner_scaler - Reconcile runners from 0 to 2
2025-12-01 07:36:06,739 - INFO - github_runner_manager.manager.runner_manager - Creating 2 runners
2025-12-01 07:36:07,209 - INFO - github_runner_manager.openstack_cloud.openstack_cloud - Creating openstack server with RunnerIdentity(instance_id=InstanceID('test-xya04q2y-0-n-cbd9b39ef0ed'), metadata=RunnerMetadata(platform_name=<Platform.GITHUB: 'github'>, runner_id='233161', url=None))
2025-12-01 07:36:07,273 - INFO - github_runner_manager.openstack_cloud.openstack_cloud - Creating openstack server with RunnerIdentity(instance_id=InstanceID('test-xya04q2y-0-n-b109318fc1dd'), metadata=RunnerMetadata(platform_name=<Platform.GITHUB: 'github'>, runner_id='233162', url=None))
2025-12-01 07:36:08,410 - ERROR - github_runner_manager.openstack_cloud.openstack_cloud - Failed to create openstack server test-xya04q2y-0-n-cbd9b39ef0ed
Traceback (most recent call last):
  File "/opt/pipx/venvs/github-runner-manager/lib/python3.10/site-packages/github_runner_manager/openstack_cloud/openstack_cloud.py", line 290, in launch_instance
    server = conn.create_server(
  File "/opt/pipx/venvs/github-runner-manager/lib/python3.10/site-packages/decorator.py", line 235, in fun
    return caller(func, *(extras + args), **kw)
  File "/opt/pipx/venvs/github-runner-manager/lib/python3.10/site-packages/openstack/cloud/_utils.py", line 233, in func_wrapper
    return func(*args, **kwargs)
  File "/opt/pipx/venvs/github-runner-manager/lib/python3.10/site-packages/openstack/cloud/_compute.py", line 1075, in create_server
    server = self.compute.create_server(**kwargs)
  File "/opt/pipx/venvs/github-runner-manager/lib/python3.10/site-packages/openstack/compute/v2/_proxy.py", line 741, in create_server
    return self._create(_server.Server, **attrs)
  File "/opt/pipx/venvs/github-runner-manager/lib/python3.10/site-packages/openstack/proxy.py", line 770, in _create
    return res.create(self, base_path=base_path)
  File "/opt/pipx/venvs/github-runner-manager/lib/python3.10/site-packages/openstack/resource.py", line 1463, in create
    self._translate_response(
  File "/opt/pipx/venvs/github-runner-manager/lib/python3.10/site-packages/openstack/resource.py", line 1231, in _translate_response
    exceptions.raise_from_response(response, error_message=error_message)
  File "/opt/pipx/venvs/github-runner-manager/lib/python3.10/site-packages/openstack/exceptions.py", line 264, in raise_from_response
    raise cls(
openstack.exceptions.ForbiddenException: ForbiddenException: 403: Client Error for url: https://nova.ps7.canonical.com:8774/v2.1/servers, Maximum number of ports exceeded
2025-12-01 07:36:08,410 - INFO - github_runner_manager.openstack_cloud.openstack_cloud - Deleting key: test-xya04q2y-0-n-cbd9b39ef0ed
2025-12-01 07:36:08,435 - ERROR - github_runner_manager.openstack_cloud.openstack_cloud - Failed to create openstack server test-xya04q2y-0-n-b109318fc1dd
Traceback (most recent call last):
  File "/opt/pipx/venvs/github-runner-manager/lib/python3.10/site-packages/github_runner_manager/openstack_cloud/openstack_cloud.py", line 290, in launch_instance
    server = conn.create_server(
  File "/opt/pipx/venvs/github-runner-manager/lib/python3.10/site-packages/decorator.py", line 235, in fun
    return caller(func, *(extras + args), **kw)
  File "/opt/pipx/venvs/github-runner-manager/lib/python3.10/site-packages/openstack/cloud/_utils.py", line 233, in func_wrapper
    return func(*args, **kwargs)
  File "/opt/pipx/venvs/github-runner-manager/lib/python3.10/site-packages/openstack/cloud/_compute.py", line 1075, in create_server
    server = self.compute.create_server(**kwargs)
  File "/opt/pipx/venvs/github-runner-manager/lib/python3.10/site-packages/openstack/compute/v2/_proxy.py", line 741, in create_server
    return self._create(_server.Server, **attrs)
  File "/opt/pipx/venvs/github-runner-manager/lib/python3.10/site-packages/openstack/proxy.py", line 770, in _create
    return res.create(self, base_path=base_path)
  File "/opt/pipx/venvs/github-runner-manager/lib/python3.10/site-packages/openstack/resource.py", line 1463, in create
    self._translate_response(
  File "/opt/pipx/venvs/github-runner-manager/lib/python3.10/site-packages/openstack/resource.py", line 1231, in _translate_response
    exceptions.raise_from_response(response, error_message=error_message)
  File "/opt/pipx/venvs/github-runner-manager/lib/python3.10/site-packages/openstack/exceptions.py", line 264, in raise_from_response
    raise cls(
openstack.exceptions.ForbiddenException: ForbiddenException: 403: Client Error for url: https://nova.ps7.canonical.com:8774/v2.1/servers, Maximum number of ports exceeded
2025-12-01 07:36:08,435 - INFO - github_runner_manager.openstack_cloud.openstack_cloud - Deleting key: test-xya04q2y-0-n-b109318fc1dd
2025-12-01 07:36:08,448 - INFO - github_runner_manager.openstack_cloud.openstack_cloud - Deleted key: test-xya04q2y-0-n-cbd9b39ef0ed
2025-12-01 07:36:08,448 - WARNING - github_runner_manager.manager.runner_manager - Deleting runner test-xya04q2y-0-n-cbd9b39ef0ed from platform after creation failed
2025-12-01 07:36:08,448 - INFO - github_runner_manager.platform.github_provider - Delete runners from GitHub provider: ['233161']
2025-12-01 07:36:08,459 - INFO - github_runner_manager.openstack_cloud.openstack_cloud - Deleted key: test-xya04q2y-0-n-b109318fc1dd
2025-12-01 07:36:08,459 - WARNING - github_runner_manager.manager.runner_manager - Deleting runner test-xya04q2y-0-n-b109318fc1dd from platform after creation failed
2025-12-01 07:36:08,459 - INFO - github_runner_manager.platform.github_provider - Delete runners from GitHub provider: ['233162']
2025-12-01 07:36:08,867 - ERROR - github_runner_manager.manager.runner_manager - Failed to spawn a runner.
Traceback (most recent call last):
  File "/opt/pipx/venvs/github-runner-manager/lib/python3.10/site-packages/github_runner_manager/openstack_cloud/openstack_cloud.py", line 290, in launch_instance
    server = conn.create_server(
  File "/opt/pipx/venvs/github-runner-manager/lib/python3.10/site-packages/decorator.py", line 235, in fun
    return caller(func, *(extras + args), **kw)
  File "/opt/pipx/venvs/github-runner-manager/lib/python3.10/site-packages/openstack/cloud/_utils.py", line 233, in func_wrapper
    return func(*args, **kwargs)
  File "/opt/pipx/venvs/github-runner-manager/lib/python3.10/site-packages/openstack/cloud/_compute.py", line 1075, in create_server
    server = self.compute.create_server(**kwargs)
  File "/opt/pipx/venvs/github-runner-manager/lib/python3.10/site-packages/openstack/compute/v2/_proxy.py", line 741, in create_server
    return self._create(_server.Server, **attrs)
  File "/opt/pipx/venvs/github-runner-manager/lib/python3.10/site-packages/openstack/proxy.py", line 770, in _create
    return res.create(self, base_path=base_path)
  File "/opt/pipx/venvs/github-runner-manager/lib/python3.10/site-packages/openstack/resource.py", line 1463, in create
    self._translate_response(
  File "/opt/pipx/venvs/github-runner-manager/lib/python3.10/site-packages/openstack/resource.py", line 1231, in _translate_response
    exceptions.raise_from_response(response, error_message=error_message)
  File "/opt/pipx/venvs/github-runner-manager/lib/python3.10/site-packages/openstack/exceptions.py", line 264, in raise_from_response
    raise cls(
openstack.exceptions.ForbiddenException: ForbiddenException: 403: Client Error for url: https://nova.ps7.canonical.com:8774/v2.1/servers, Maximum number of ports exceeded

The above exception was the direct cause of the following exception:

Traceback (most recent call last):
  File "/opt/pipx/venvs/github-runner-manager/lib/python3.10/site-packages/github_runner_manager/openstack_cloud/openstack_runner_manager.py", line 110, in create_runner
    instance = self._openstack_cloud.launch_instance(
  File "/opt/pipx/venvs/github-runner-manager/lib/python3.10/site-packages/github_runner_manager/openstack_cloud/openstack_cloud.py", line 180, in exception_handling_wrapper
    return func(*args, **kwargs)
  File "/opt/pipx/venvs/github-runner-manager/lib/python3.10/site-packages/github_runner_manager/openstack_cloud/openstack_cloud.py", line 327, in launch_instance
    raise OpenStackError(f"Failed to create openstack server {instance_id}") from err
github_runner_manager.errors.OpenStackError: Failed to create openstack server test-xya04q2y-0-n-cbd9b39ef0ed

The above exception was the direct cause of the following exception:

Traceback (most recent call last):
  File "/opt/pipx/venvs/github-runner-manager/lib/python3.10/site-packages/github_runner_manager/manager/runner_manager.py", line 236, in _spawn_runners_using_multiprocessing
    instance_id = next(jobs)
  File "/usr/lib/python3.10/multiprocessing/pool.py", line 873, in next
    raise value
  File "/usr/lib/python3.10/multiprocessing/pool.py", line 125, in worker
    result = (True, func(*args, **kwds))
  File "/opt/pipx/venvs/github-runner-manager/lib/python3.10/site-packages/github_runner_manager/manager/runner_manager.py", line 539, in _create_runner
    args.cloud_runner_manager.create_runner(
  File "/opt/pipx/venvs/github-runner-manager/lib/python3.10/site-packages/github_runner_manager/openstack_cloud/openstack_runner_manager.py", line 117, in create_runner
    raise RunnerCreateError(
github_runner_manager.errors.RunnerCreateError: Failed to create RunnerIdentity(instance_id=InstanceID('test-xya04q2y-0-n-cbd9b39ef0ed'), metadata=RunnerMetadata(platform_name=<Platform.GITHUB: 'github'>, runner_id='233161', url=None)) openstack runner
2025-12-01 07:36:08,911 - ERROR - github_runner_manager.manager.runner_manager - Failed to spawn a runner.
Traceback (most recent call last):
  File "/opt/pipx/venvs/github-runner-manager/lib/python3.10/site-packages/github_runner_manager/openstack_cloud/openstack_cloud.py", line 290, in launch_instance
    server = conn.create_server(
  File "/opt/pipx/venvs/github-runner-manager/lib/python3.10/site-packages/decorator.py", line 235, in fun
    return caller(func, *(extras + args), **kw)
  File "/opt/pipx/venvs/github-runner-manager/lib/python3.10/site-packages/openstack/cloud/_utils.py", line 233, in func_wrapper
    return func(*args, **kwargs)
  File "/opt/pipx/venvs/github-runner-manager/lib/python3.10/site-packages/openstack/cloud/_compute.py", line 1075, in create_server
    server = self.compute.create_server(**kwargs)
  File "/opt/pipx/venvs/github-runner-manager/lib/python3.10/site-packages/openstack/compute/v2/_proxy.py", line 741, in create_server
    return self._create(_server.Server, **attrs)
  File "/opt/pipx/venvs/github-runner-manager/lib/python3.10/site-packages/openstack/proxy.py", line 770, in _create
    return res.create(self, base_path=base_path)
  File "/opt/pipx/venvs/github-runner-manager/lib/python3.10/site-packages/openstack/resource.py", line 1463, in create
    self._translate_response(
  File "/opt/pipx/venvs/github-runner-manager/lib/python3.10/site-packages/openstack/resource.py", line 1231, in _translate_response
    exceptions.raise_from_response(response, error_message=error_message)
  File "/opt/pipx/venvs/github-runner-manager/lib/python3.10/site-packages/openstack/exceptions.py", line 264, in raise_from_response
    raise cls(
openstack.exceptions.ForbiddenException: ForbiddenException: 403: Client Error for url: https://nova.ps7.canonical.com:8774/v2.1/servers, Maximum number of ports exceeded

The above exception was the direct cause of the following exception:

Traceback (most recent call last):
  File "/opt/pipx/venvs/github-runner-manager/lib/python3.10/site-packages/github_runner_manager/openstack_cloud/openstack_runner_manager.py", line 110, in create_runner
    instance = self._openstack_cloud.launch_instance(
  File "/opt/pipx/venvs/github-runner-manager/lib/python3.10/site-packages/github_runner_manager/openstack_cloud/openstack_cloud.py", line 180, in exception_handling_wrapper
    return func(*args, **kwargs)
  File "/opt/pipx/venvs/github-runner-manager/lib/python3.10/site-packages/github_runner_manager/openstack_cloud/openstack_cloud.py", line 327, in launch_instance
    raise OpenStackError(f"Failed to create openstack server {instance_id}") from err
github_runner_manager.errors.OpenStackError: Failed to create openstack server test-xya04q2y-0-n-b109318fc1dd

The above exception was the direct cause of the following exception:

Traceback (most recent call last):
  File "/opt/pipx/venvs/github-runner-manager/lib/python3.10/site-packages/github_runner_manager/manager/runner_manager.py", line 236, in _spawn_runners_using_multiprocessing
    instance_id = next(jobs)
  File "/usr/lib/python3.10/multiprocessing/pool.py", line 873, in next
    raise value
  File "/usr/lib/python3.10/multiprocessing/pool.py", line 125, in worker
    result = (True, func(*args, **kwds))
  File "/opt/pipx/venvs/github-runner-manager/lib/python3.10/site-packages/github_runner_manager/manager/runner_manager.py", line 539, in _create_runner
    args.cloud_runner_manager.create_runner(
  File "/opt/pipx/venvs/github-runner-manager/lib/python3.10/site-packages/github_runner_manager/openstack_cloud/openstack_runner_manager.py", line 117, in create_runner
    raise RunnerCreateError(
github_runner_manager.errors.RunnerCreateError: Failed to create RunnerIdentity(instance_id=InstanceID('test-xya04q2y-0-n-b109318fc1dd'), metadata=RunnerMetadata(platform_name=<Platform.GITHUB: 'github'>, runner_id='233162', url=None)) openstack runner
2025-12-01 07:36:08,912 - INFO - github_runner_manager.openstack_cloud.openstack_cloud - Getting all openstack servers managed by the charm
2025-12-01 07:36:10,619 - INFO - github_runner_manager.manager.runner_manager - list vms response: []
2025-12-01 07:36:11,444 - INFO - github_runner_manager.manager.runner_manager - runner health response RunnersHealthResponse(requested_runners=[], failed_requested_runners=[], non_requested_runners=[])
2025-12-01 07:36:11,444 - INFO - github_runner_manager.manager.runner_scaler - Found 0 busy runners: []
2025-12-01 07:36:11,444 - INFO - github_runner_manager.manager.runner_scaler - Found 0 idle runners: []
2025-12-01 07:36:11,444 - INFO - github_runner_manager.manager.runner_scaler - Found 0 offline runners that are healthy: []
2025-12-01 07:36:11,444 - INFO - github_runner_manager.manager.runner_scaler - Found 0 unhealthy runners: []
2025-12-01 07:36:11,444 - INFO - github_runner_manager.manager.runner_scaler - Current available runners (idle + healthy offline): set()
2025-12-01 07:36:11,444 - INFO - github_runner_manager.manager.runner_scaler - Current active runners: set()
2025-12-01 07:36:11,444 - INFO - github_runner_manager.manager.runner_scaler - Finished reconciliation.
2025-12-01 07:36:11,444 - INFO - github_runner_manager.reconcile_service - Change in number of runner after reconcile: 2
2025-12-01 07:36:11,444 - INFO - github_runner_manager.reconcile_service - End reconciliation
2025-12-01 07:36:24,587 - INFO - werkzeug - 127.0.0.1 - - [01/Dec/2025 07:36:24] "[35m[1mGET /health HTTP/1.1[0m" 204 -
2025-12-01 07:36:24,594 - INFO - github_runner_manager.http_server - Checking runners...
2025-12-01 07:36:24,614 - INFO - github_runner_manager.openstack_cloud.openstack_cloud - Getting all openstack servers managed by the charm
2025-12-01 07:36:24,940 - WARNING - github_runner_manager.openstack_cloud.openstack_cloud - The maximum compute API version 2.96 is greater than the supported version 2.91. Using the maximum supported version.
2025-12-01 07:36:26,176 - INFO - github_runner_manager.manager.runner_manager - list vms response: []
2025-12-01 07:36:27,084 - INFO - github_runner_manager.manager.runner_manager - runner health response RunnersHealthResponse(requested_runners=[], failed_requested_runners=[], non_requested_runners=[])
2025-12-01 07:36:27,085 - INFO - werkzeug - 127.0.0.1 - - [01/Dec/2025 07:36:27] "GET /runner/check HTTP/1.1" 200 -
2025-12-01 07:36:58,653 - INFO - werkzeug - 127.0.0.1 - - [01/Dec/2025 07:36:58] "[35m[1mGET /health HTTP/1.1[0m" 204 -
2025-12-01 07:36:58,659 - INFO - github_runner_manager.http_server - Checking runners...
2025-12-01 07:36:58,681 - INFO - github_runner_manager.openstack_cloud.openstack_cloud - Getting all openstack servers managed by the charm
2025-12-01 07:36:59,037 - WARNING - github_runner_manager.openstack_cloud.openstack_cloud - The maximum compute API version 2.96 is greater than the supported version 2.91. Using the maximum supported version.
2025-12-01 07:37:00,249 - INFO - github_runner_manager.manager.runner_manager - list vms response: []
2025-12-01 07:37:01,159 - INFO - github_runner_manager.manager.runner_manager - runner health response RunnersHealthResponse(requested_runners=[], failed_requested_runners=[], non_requested_runners=[])
2025-12-01 07:37:01,160 - INFO - werkzeug - 127.0.0.1 - - [01/Dec/2025 07:37:01] "GET /runner/check HTTP/1.1" 200 -
2025-12-01 07:37:32,675 - INFO - werkzeug - 127.0.0.1 - - [01/Dec/2025 07:37:32] "[35m[1mGET /health HTTP/1.1[0m" 204 -
2025-12-01 07:37:32,681 - INFO - github_runner_manager.http_server - Checking runners...
2025-12-01 07:37:32,702 - INFO - github_runner_manager.openstack_cloud.openstack_cloud - Getting all openstack servers managed by the charm
2025-12-01 07:37:33,053 - WARNING - github_runner_manager.openstack_cloud.openstack_cloud - The maximum compute API version 2.96 is greater than the supported version 2.91. Using the maximum supported version.
2025-12-01 07:37:35,034 - INFO - github_runner_manager.manager.runner_manager - list vms response: []
2025-12-01 07:37:36,109 - INFO - github_runner_manager.manager.runner_manager - runner health response RunnersHealthResponse(requested_runners=[], failed_requested_runners=[], non_requested_runners=[])
2025-12-01 07:37:36,110 - INFO - werkzeug - 127.0.0.1 - - [01/Dec/2025 07:37:36] "GET /runner/check HTTP/1.1" 200 -
2025-12-01 07:38:07,702 - INFO - werkzeug - 127.0.0.1 - - [01/Dec/2025 07:38:07] "[35m[1mGET /health HTTP/1.1[0m" 204 -
2025-12-01 07:38:07,708 - INFO - github_runner_manager.http_server - Checking runners...
2025-12-01 07:38:07,727 - INFO - github_runner_manager.openstack_cloud.openstack_cloud - Getting all openstack servers managed by the charm
2025-12-01 07:38:08,232 - WARNING - github_runner_manager.openstack_cloud.openstack_cloud - The maximum compute API version 2.96 is greater than the supported version 2.91. Using the maximum supported version.
2025-12-01 07:38:09,365 - INFO - github_runner_manager.manager.runner_manager - list vms response: []
2025-12-01 07:38:10,151 - INFO - github_runner_manager.manager.runner_manager - runner health response RunnersHealthResponse(requested_runners=[], failed_requested_runners=[], non_requested_runners=[])
2025-12-01 07:38:10,152 - INFO - werkzeug - 127.0.0.1 - - [01/Dec/2025 07:38:10] "GET /runner/check HTTP/1.1" 200 -
2025-12-01 07:38:11,453 - INFO - github_runner_manager.reconcile_service - Start reconciliation
2025-12-01 07:38:11,453 - INFO - github_runner_manager.reconcile_service - Reconcile ID: 617f803d-748e-4e7a-90a1-ba2df1e857f4
2025-12-01 07:38:11,471 - INFO - github_runner_manager.manager.runner_scaler - Start reconcile. base_quantity 2. max_quantity: 0.
2025-12-01 07:38:11,471 - INFO - github_runner_manager.manager.runner_manager - runner_manager::cleanup
2025-12-01 07:38:11,471 - INFO - github_runner_manager.openstack_cloud.openstack_cloud - Getting all openstack servers managed by the charm
2025-12-01 07:38:11,800 - WARNING - github_runner_manager.openstack_cloud.openstack_cloud - The maximum compute API version 2.96 is greater than the supported version 2.91. Using the maximum supported version.
2025-12-01 07:38:13,149 - INFO - github_runner_manager.manager.runner_manager - VMs: []
2025-12-01 07:38:13,970 - INFO - github_runner_manager.manager.runner_manager - Runner health: RunnersHealthResponse(requested_runners=[], failed_requested_runners=[], non_requested_runners=[])
2025-12-01 07:38:15,195 - INFO - github_runner_manager.openstack_cloud.openstack_cloud - Cleaning up SSH key files
2025-12-01 07:38:15,195 - INFO - github_runner_manager.openstack_cloud.openstack_cloud - Found 0 key files, clean up 0 key files
2025-12-01 07:38:15,195 - INFO - github_runner_manager.openstack_cloud.openstack_cloud - Cleaning up openstack keypairs
2025-12-01 07:38:15,221 - INFO - github_runner_manager.manager.runner_manager - Cleaning up platform runners: []
2025-12-01 07:38:15,221 - INFO - github_runner_manager.platform.github_provider - Delete runners from GitHub provider: []
2025-12-01 07:38:15,221 - INFO - github_runner_manager.manager.runner_manager - Cleaned up platform runners: []
2025-12-01 07:38:15,221 - INFO - github_runner_manager.manager.runner_manager - Extracting metrics from VMs: []
2025-12-01 07:38:15,221 - INFO - github_runner_manager.manager.runner_manager - Cleaning up VMs: []
2025-12-01 07:38:15,221 - INFO - github_runner_manager.manager.runner_manager - Cleaned up VMs: []
2025-12-01 07:38:15,221 - INFO - github_runner_manager.openstack_cloud.openstack_cloud - Getting all openstack servers managed by the charm
2025-12-01 07:38:17,099 - INFO - github_runner_manager.manager.runner_manager - list vms response: []
2025-12-01 07:38:17,984 - INFO - github_runner_manager.manager.runner_manager - runner health response RunnersHealthResponse(requested_runners=[], failed_requested_runners=[], non_requested_runners=[])
2025-12-01 07:38:17,984 - INFO - github_runner_manager.manager.runner_scaler - Reconcile runners from 0 to 2
2025-12-01 07:38:17,984 - INFO - github_runner_manager.manager.runner_manager - Creating 2 runners
2025-12-01 07:38:18,465 - INFO - github_runner_manager.openstack_cloud.openstack_cloud - Creating openstack server with RunnerIdentity(instance_id=InstanceID('test-xya04q2y-0-n-dba0c0f32ddf'), metadata=RunnerMetadata(platform_name=<Platform.GITHUB: 'github'>, runner_id='233167', url=None))
2025-12-01 07:38:18,513 - INFO - github_runner_manager.openstack_cloud.openstack_cloud - Creating openstack server with RunnerIdentity(instance_id=InstanceID('test-xya04q2y-0-n-b405cb3f0871'), metadata=RunnerMetadata(platform_name=<Platform.GITHUB: 'github'>, runner_id='233168', url=None))
2025-12-01 07:38:19,649 - ERROR - github_runner_manager.openstack_cloud.openstack_cloud - Failed to create openstack server test-xya04q2y-0-n-b405cb3f0871
Traceback (most recent call last):
  File "/opt/pipx/venvs/github-runner-manager/lib/python3.10/site-packages/github_runner_manager/openstack_cloud/openstack_cloud.py", line 290, in launch_instance
    server = conn.create_server(
  File "/opt/pipx/venvs/github-runner-manager/lib/python3.10/site-packages/decorator.py", line 235, in fun
    return caller(func, *(extras + args), **kw)
  File "/opt/pipx/venvs/github-runner-manager/lib/python3.10/site-packages/openstack/cloud/_utils.py", line 233, in func_wrapper
    return func(*args, **kwargs)
  File "/opt/pipx/venvs/github-runner-manager/lib/python3.10/site-packages/openstack/cloud/_compute.py", line 1075, in create_server
    server = self.compute.create_server(**kwargs)
  File "/opt/pipx/venvs/github-runner-manager/lib/python3.10/site-packages/openstack/compute/v2/_proxy.py", line 741, in create_server
    return self._create(_server.Server, **attrs)
  File "/opt/pipx/venvs/github-runner-manager/lib/python3.10/site-packages/openstack/proxy.py", line 770, in _create
    return res.create(self, base_path=base_path)
  File "/opt/pipx/venvs/github-runner-manager/lib/python3.10/site-packages/openstack/resource.py", line 1463, in create
    self._translate_response(
  File "/opt/pipx/venvs/github-runner-manager/lib/python3.10/site-packages/openstack/resource.py", line 1231, in _translate_response
    exceptions.raise_from_response(response, error_message=error_message)
  File "/opt/pipx/venvs/github-runner-manager/lib/python3.10/site-packages/openstack/exceptions.py", line 264, in raise_from_response
    raise cls(
openstack.exceptions.ForbiddenException: ForbiddenException: 403: Client Error for url: https://nova.ps7.canonical.com:8774/v2.1/servers, Maximum number of ports exceeded
2025-12-01 07:38:19,649 - INFO - github_runner_manager.openstack_cloud.openstack_cloud - Deleting key: test-xya04q2y-0-n-b405cb3f0871
2025-12-01 07:38:19,674 - INFO - github_runner_manager.openstack_cloud.openstack_cloud - Deleted key: test-xya04q2y-0-n-b405cb3f0871
2025-12-01 07:38:19,674 - WARNING - github_runner_manager.manager.runner_manager - Deleting runner test-xya04q2y-0-n-b405cb3f0871 from platform after creation failed
2025-12-01 07:38:19,674 - INFO - github_runner_manager.platform.github_provider - Delete runners from GitHub provider: ['233168']
2025-12-01 07:38:19,710 - ERROR - github_runner_manager.openstack_cloud.openstack_cloud - Failed to create openstack server test-xya04q2y-0-n-dba0c0f32ddf
Traceback (most recent call last):
  File "/opt/pipx/venvs/github-runner-manager/lib/python3.10/site-packages/github_runner_manager/openstack_cloud/openstack_cloud.py", line 290, in launch_instance
    server = conn.create_server(
  File "/opt/pipx/venvs/github-runner-manager/lib/python3.10/site-packages/decorator.py", line 235, in fun
    return caller(func, *(extras + args), **kw)
  File "/opt/pipx/venvs/github-runner-manager/lib/python3.10/site-packages/openstack/cloud/_utils.py", line 233, in func_wrapper
    return func(*args, **kwargs)
  File "/opt/pipx/venvs/github-runner-manager/lib/python3.10/site-packages/openstack/cloud/_compute.py", line 1075, in create_server
    server = self.compute.create_server(**kwargs)
  File "/opt/pipx/venvs/github-runner-manager/lib/python3.10/site-packages/openstack/compute/v2/_proxy.py", line 741, in create_server
    return self._create(_server.Server, **attrs)
  File "/opt/pipx/venvs/github-runner-manager/lib/python3.10/site-packages/openstack/proxy.py", line 770, in _create
    return res.create(self, base_path=base_path)
  File "/opt/pipx/venvs/github-runner-manager/lib/python3.10/site-packages/openstack/resource.py", line 1463, in create
    self._translate_response(
  File "/opt/pipx/venvs/github-runner-manager/lib/python3.10/site-packages/openstack/resource.py", line 1231, in _translate_response
    exceptions.raise_from_response(response, error_message=error_message)
  File "/opt/pipx/venvs/github-runner-manager/lib/python3.10/site-packages/openstack/exceptions.py", line 264, in raise_from_response
    raise cls(
openstack.exceptions.ForbiddenException: ForbiddenException: 403: Client Error for url: https://nova.ps7.canonical.com:8774/v2.1/servers, Maximum number of ports exceeded
2025-12-01 07:38:19,711 - INFO - github_runner_manager.openstack_cloud.openstack_cloud - Deleting key: test-xya04q2y-0-n-dba0c0f32ddf
2025-12-01 07:38:19,735 - INFO - github_runner_manager.openstack_cloud.openstack_cloud - Deleted key: test-xya04q2y-0-n-dba0c0f32ddf
2025-12-01 07:38:19,735 - WARNING - github_runner_manager.manager.runner_manager - Deleting runner test-xya04q2y-0-n-dba0c0f32ddf from platform after creation failed
2025-12-01 07:38:19,735 - INFO - github_runner_manager.platform.github_provider - Delete runners from GitHub provider: ['233167']
2025-12-01 07:38:20,106 - ERROR - github_runner_manager.manager.runner_manager - Failed to spawn a runner.
Traceback (most recent call last):
  File "/opt/pipx/venvs/github-runner-manager/lib/python3.10/site-packages/github_runner_manager/openstack_cloud/openstack_cloud.py", line 290, in launch_instance
    server = conn.create_server(
  File "/opt/pipx/venvs/github-runner-manager/lib/python3.10/site-packages/decorator.py", line 235, in fun
    return caller(func, *(extras + args), **kw)
  File "/opt/pipx/venvs/github-runner-manager/lib/python3.10/site-packages/openstack/cloud/_utils.py", line 233, in func_wrapper
    return func(*args, **kwargs)
  File "/opt/pipx/venvs/github-runner-manager/lib/python3.10/site-packages/openstack/cloud/_compute.py", line 1075, in create_server
    server = self.compute.create_server(**kwargs)
  File "/opt/pipx/venvs/github-runner-manager/lib/python3.10/site-packages/openstack/compute/v2/_proxy.py", line 741, in create_server
    return self._create(_server.Server, **attrs)
  File "/opt/pipx/venvs/github-runner-manager/lib/python3.10/site-packages/openstack/proxy.py", line 770, in _create
    return res.create(self, base_path=base_path)
  File "/opt/pipx/venvs/github-runner-manager/lib/python3.10/site-packages/openstack/resource.py", line 1463, in create
    self._translate_response(
  File "/opt/pipx/venvs/github-runner-manager/lib/python3.10/site-packages/openstack/resource.py", line 1231, in _translate_response
    exceptions.raise_from_response(response, error_message=error_message)
  File "/opt/pipx/venvs/github-runner-manager/lib/python3.10/site-packages/openstack/exceptions.py", line 264, in raise_from_response
    raise cls(
openstack.exceptions.ForbiddenException: ForbiddenException: 403: Client Error for url: https://nova.ps7.canonical.com:8774/v2.1/servers, Maximum number of ports exceeded

The above exception was the direct cause of the following exception:

Traceback (most recent call last):
  File "/opt/pipx/venvs/github-runner-manager/lib/python3.10/site-packages/github_runner_manager/openstack_cloud/openstack_runner_manager.py", line 110, in create_runner
    instance = self._openstack_cloud.launch_instance(
  File "/opt/pipx/venvs/github-runner-manager/lib/python3.10/site-packages/github_runner_manager/openstack_cloud/openstack_cloud.py", line 180, in exception_handling_wrapper
    return func(*args, **kwargs)
  File "/opt/pipx/venvs/github-runner-manager/lib/python3.10/site-packages/github_runner_manager/openstack_cloud/openstack_cloud.py", line 327, in launch_instance
    raise OpenStackError(f"Failed to create openstack server {instance_id}") from err
github_runner_manager.errors.OpenStackError: Failed to create openstack server test-xya04q2y-0-n-b405cb3f0871

The above exception was the direct cause of the following exception:

Traceback (most recent call last):
  File "/opt/pipx/venvs/github-runner-manager/lib/python3.10/site-packages/github_runner_manager/manager/runner_manager.py", line 236, in _spawn_runners_using_multiprocessing
    instance_id = next(jobs)
  File "/usr/lib/python3.10/multiprocessing/pool.py", line 873, in next
    raise value
  File "/usr/lib/python3.10/multiprocessing/pool.py", line 125, in worker
    result = (True, func(*args, **kwds))
  File "/opt/pipx/venvs/github-runner-manager/lib/python3.10/site-packages/github_runner_manager/manager/runner_manager.py", line 539, in _create_runner
    args.cloud_runner_manager.create_runner(
  File "/opt/pipx/venvs/github-runner-manager/lib/python3.10/site-packages/github_runner_manager/openstack_cloud/openstack_runner_manager.py", line 117, in create_runner
    raise RunnerCreateError(
github_runner_manager.errors.RunnerCreateError: Failed to create RunnerIdentity(instance_id=InstanceID('test-xya04q2y-0-n-b405cb3f0871'), metadata=RunnerMetadata(platform_name=<Platform.GITHUB: 'github'>, runner_id='233168', url=None)) openstack runner
2025-12-01 07:38:20,171 - ERROR - github_runner_manager.manager.runner_manager - Failed to spawn a runner.
Traceback (most recent call last):
  File "/opt/pipx/venvs/github-runner-manager/lib/python3.10/site-packages/github_runner_manager/openstack_cloud/openstack_cloud.py", line 290, in launch_instance
    server = conn.create_server(
  File "/opt/pipx/venvs/github-runner-manager/lib/python3.10/site-packages/decorator.py", line 235, in fun
    return caller(func, *(extras + args), **kw)
  File "/opt/pipx/venvs/github-runner-manager/lib/python3.10/site-packages/openstack/cloud/_utils.py", line 233, in func_wrapper
    return func(*args, **kwargs)
  File "/opt/pipx/venvs/github-runner-manager/lib/python3.10/site-packages/openstack/cloud/_compute.py", line 1075, in create_server
    server = self.compute.create_server(**kwargs)
  File "/opt/pipx/venvs/github-runner-manager/lib/python3.10/site-packages/openstack/compute/v2/_proxy.py", line 741, in create_server
    return self._create(_server.Server, **attrs)
  File "/opt/pipx/venvs/github-runner-manager/lib/python3.10/site-packages/openstack/proxy.py", line 770, in _create
    return res.create(self, base_path=base_path)
  File "/opt/pipx/venvs/github-runner-manager/lib/python3.10/site-packages/openstack/resource.py", line 1463, in create
    self._translate_response(
  File "/opt/pipx/venvs/github-runner-manager/lib/python3.10/site-packages/openstack/resource.py", line 1231, in _translate_response
    exceptions.raise_from_response(response, error_message=error_message)
  File "/opt/pipx/venvs/github-runner-manager/lib/python3.10/site-packages/openstack/exceptions.py", line 264, in raise_from_response
    raise cls(
openstack.exceptions.ForbiddenException: ForbiddenException: 403: Client Error for url: https://nova.ps7.canonical.com:8774/v2.1/servers, Maximum number of ports exceeded

The above exception was the direct cause of the following exception:

Traceback (most recent call last):
  File "/opt/pipx/venvs/github-runner-manager/lib/python3.10/site-packages/github_runner_manager/openstack_cloud/openstack_runner_manager.py", line 110, in create_runner
    instance = self._openstack_cloud.launch_instance(
  File "/opt/pipx/venvs/github-runner-manager/lib/python3.10/site-packages/github_runner_manager/openstack_cloud/openstack_cloud.py", line 180, in exception_handling_wrapper
    return func(*args, **kwargs)
  File "/opt/pipx/venvs/github-runner-manager/lib/python3.10/site-packages/github_runner_manager/openstack_cloud/openstack_cloud.py", line 327, in launch_instance
    raise OpenStackError(f"Failed to create openstack server {instance_id}") from err
github_runner_manager.errors.OpenStackError: Failed to create openstack server test-xya04q2y-0-n-dba0c0f32ddf

The above exception was the direct cause of the following exception:

Traceback (most recent call last):
  File "/opt/pipx/venvs/github-runner-manager/lib/python3.10/site-packages/github_runner_manager/manager/runner_manager.py", line 236, in _spawn_runners_using_multiprocessing
    instance_id = next(jobs)
  File "/usr/lib/python3.10/multiprocessing/pool.py", line 873, in next
    raise value
  File "/usr/lib/python3.10/multiprocessing/pool.py", line 125, in worker
    result = (True, func(*args, **kwds))
  File "/opt/pipx/venvs/github-runner-manager/lib/python3.10/site-packages/github_runner_manager/manager/runner_manager.py", line 539, in _create_runner
    args.cloud_runner_manager.create_runner(
  File "/opt/pipx/venvs/github-runner-manager/lib/python3.10/site-packages/github_runner_manager/openstack_cloud/openstack_runner_manager.py", line 117, in create_runner
    raise RunnerCreateError(
github_runner_manager.errors.RunnerCreateError: Failed to create RunnerIdentity(instance_id=InstanceID('test-xya04q2y-0-n-dba0c0f32ddf'), metadata=RunnerMetadata(platform_name=<Platform.GITHUB: 'github'>, runner_id='233167', url=None)) openstack runner
2025-12-01 07:38:20,172 - INFO - github_runner_manager.openstack_cloud.openstack_cloud - Getting all openstack servers managed by the charm
2025-12-01 07:38:21,637 - INFO - github_runner_manager.manager.runner_manager - list vms response: []
2025-12-01 07:38:22,544 - INFO - github_runner_manager.manager.runner_manager - runner health response RunnersHealthResponse(requested_runners=[], failed_requested_runners=[], non_requested_runners=[])
2025-12-01 07:38:22,544 - INFO - github_runner_manager.manager.runner_scaler - Found 0 busy runners: []
2025-12-01 07:38:22,544 - INFO - github_runner_manager.manager.runner_scaler - Found 0 idle runners: []
2025-12-01 07:38:22,544 - INFO - github_runner_manager.manager.runner_scaler - Found 0 offline runners that are healthy: []
2025-12-01 07:38:22,544 - INFO - github_runner_manager.manager.runner_scaler - Found 0 unhealthy runners: []
2025-12-01 07:38:22,544 - INFO - github_runner_manager.manager.runner_scaler - Current available runners (idle + healthy offline): set()
2025-12-01 07:38:22,544 - INFO - github_runner_manager.manager.runner_scaler - Current active runners: set()
2025-12-01 07:38:22,544 - INFO - github_runner_manager.manager.runner_scaler - Finished reconciliation.
2025-12-01 07:38:22,544 - INFO - github_runner_manager.reconcile_service - Change in number of runner after reconcile: 2
2025-12-01 07:38:22,544 - INFO - github_runner_manager.reconcile_service - End reconciliation
2025-12-01 07:38:41,762 - INFO - werkzeug - 127.0.0.1 - - [01/Dec/2025 07:38:41] "[35m[1mGET /health HTTP/1.1[0m" 204 -
2025-12-01 07:38:41,768 - INFO - github_runner_manager.http_server - Checking runners...
2025-12-01 07:38:41,788 - INFO - github_runner_manager.openstack_cloud.openstack_cloud - Getting all openstack servers managed by the charm
2025-12-01 07:38:42,153 - WARNING - github_runner_manager.openstack_cloud.openstack_cloud - The maximum compute API version 2.96 is greater than the supported version 2.91. Using the maximum supported version.
2025-12-01 07:38:43,504 - INFO - github_runner_manager.manager.runner_manager - list vms response: []
2025-12-01 07:38:44,362 - INFO - github_runner_manager.manager.runner_manager - runner health response RunnersHealthResponse(requested_runners=[], failed_requested_runners=[], non_requested_runners=[])
2025-12-01 07:38:44,362 - INFO - werkzeug - 127.0.0.1 - - [01/Dec/2025 07:38:44] "GET /runner/check HTTP/1.1" 200 -
2025-12-01 07:39:15,792 - INFO - werkzeug - 127.0.0.1 - - [01/Dec/2025 07:39:15] "[35m[1mGET /health HTTP/1.1[0m" 204 -
2025-12-01 07:39:15,798 - INFO - github_runner_manager.http_server - Checking runners...
2025-12-01 07:39:15,816 - INFO - github_runner_manager.openstack_cloud.openstack_cloud - Getting all openstack servers managed by the charm
2025-12-01 07:39:16,149 - WARNING - github_runner_manager.openstack_cloud.openstack_cloud - The maximum compute API version 2.96 is greater than the supported version 2.91. Using the maximum supported version.
2025-12-01 07:39:17,426 - INFO - github_runner_manager.manager.runner_manager - list vms response: []
2025-12-01 07:39:18,378 - INFO - github_runner_manager.manager.runner_manager - runner health response RunnersHealthResponse(requested_runners=[], failed_requested_runners=[], non_requested_runners=[])
2025-12-01 07:39:18,378 - INFO - werkzeug - 127.0.0.1 - - [01/Dec/2025 07:39:18] "GET /runner/check HTTP/1.1" 200 -
2025-12-01 07:39:49,810 - INFO - werkzeug - 127.0.0.1 - - [01/Dec/2025 07:39:49] "[35m[1mGET /health HTTP/1.1[0m" 204 -
2025-12-01 07:39:49,816 - INFO - github_runner_manager.http_server - Checking runners...
2025-12-01 07:39:49,838 - INFO - github_runner_manager.openstack_cloud.openstack_cloud - Getting all openstack servers managed by the charm
2025-12-01 07:39:50,201 - WARNING - github_runner_manager.openstack_cloud.openstack_cloud - The maximum compute API version 2.96 is greater than the supported version 2.91. Using the maximum supported version.
2025-12-01 07:39:51,726 - INFO - github_runner_manager.manager.runner_manager - list vms response: []
2025-12-01 07:39:52,858 - INFO - github_runner_manager.manager.runner_manager - runner health response RunnersHealthResponse(requested_runners=[], failed_requested_runners=[], non_requested_runners=[])
2025-12-01 07:39:52,859 - INFO - werkzeug - 127.0.0.1 - - [01/Dec/2025 07:39:52] "GET /runner/check HTTP/1.1" 200 -
2025-12-01 07:40:22,592 - INFO - github_runner_manager.reconcile_service - Start reconciliation
2025-12-01 07:40:22,593 - INFO - github_runner_manager.reconcile_service - Reconcile ID: cc95689b-acd2-4393-80df-2eaea70c396f
2025-12-01 07:40:22,613 - INFO - github_runner_manager.manager.runner_scaler - Start reconcile. base_quantity 2. max_quantity: 0.
2025-12-01 07:40:22,613 - INFO - github_runner_manager.manager.runner_manager - runner_manager::cleanup
2025-12-01 07:40:22,613 - INFO - github_runner_manager.openstack_cloud.openstack_cloud - Getting all openstack servers managed by the charm
2025-12-01 07:40:22,963 - WARNING - github_runner_manager.openstack_cloud.openstack_cloud - The maximum compute API version 2.96 is greater than the supported version 2.91. Using the maximum supported version.
2025-12-01 07:40:23,967 - INFO - werkzeug - 127.0.0.1 - - [01/Dec/2025 07:40:23] "[35m[1mGET /health HTTP/1.1[0m" 204 -
2025-12-01 07:40:23,973 - INFO - github_runner_manager.http_server - Checking runners...
2025-12-01 07:40:23,996 - INFO - github_runner_manager.openstack_cloud.openstack_cloud - Getting all openstack servers managed by the charm
2025-12-01 07:40:24,301 - INFO - github_runner_manager.manager.runner_manager - VMs: []
2025-12-01 07:40:24,342 - WARNING - github_runner_manager.openstack_cloud.openstack_cloud - The maximum compute API version 2.96 is greater than the supported version 2.91. Using the maximum supported version.
2025-12-01 07:40:25,194 - INFO - github_runner_manager.manager.runner_manager - Runner health: RunnersHealthResponse(requested_runners=[], failed_requested_runners=[], non_requested_runners=[])
2025-12-01 07:40:25,671 - INFO - github_runner_manager.manager.runner_manager - list vms response: []
2025-12-01 07:40:26,562 - INFO - github_runner_manager.manager.runner_manager - runner health response RunnersHealthResponse(requested_runners=[], failed_requested_runners=[], non_requested_runners=[])
2025-12-01 07:40:26,562 - INFO - werkzeug - 127.0.0.1 - - [01/Dec/2025 07:40:26] "GET /runner/check HTTP/1.1" 200 -
2025-12-01 07:40:27,421 - INFO - github_runner_manager.openstack_cloud.openstack_cloud - Cleaning up SSH key files
2025-12-01 07:40:27,421 - INFO - github_runner_manager.openstack_cloud.openstack_cloud - Found 0 key files, clean up 0 key files
2025-12-01 07:40:27,421 - INFO - github_runner_manager.openstack_cloud.openstack_cloud - Cleaning up openstack keypairs
2025-12-01 07:40:27,449 - INFO - github_runner_manager.manager.runner_manager - Cleaning up platform runners: []
2025-12-01 07:40:27,449 - INFO - github_runner_manager.platform.github_provider - Delete runners from GitHub provider: []
2025-12-01 07:40:27,449 - INFO - github_runner_manager.manager.runner_manager - Cleaned up platform runners: []
2025-12-01 07:40:27,449 - INFO - github_runner_manager.manager.runner_manager - Extracting metrics from VMs: []
2025-12-01 07:40:27,449 - INFO - github_runner_manager.manager.runner_manager - Cleaning up VMs: []
2025-12-01 07:40:27,449 - INFO - github_runner_manager.manager.runner_manager - Cleaned up VMs: []
2025-12-01 07:40:27,449 - INFO - github_runner_manager.openstack_cloud.openstack_cloud - Getting all openstack servers managed by the charm
2025-12-01 07:40:28,757 - INFO - github_runner_manager.manager.runner_manager - list vms response: []
2025-12-01 07:40:29,632 - INFO - github_runner_manager.manager.runner_manager - runner health response RunnersHealthResponse(requested_runners=[], failed_requested_runners=[], non_requested_runners=[])
2025-12-01 07:40:29,632 - INFO - github_runner_manager.manager.runner_scaler - Reconcile runners from 0 to 2
2025-12-01 07:40:29,632 - INFO - github_runner_manager.manager.runner_manager - Creating 2 runners
2025-12-01 07:40:30,216 - INFO - github_runner_manager.openstack_cloud.openstack_cloud - Creating openstack server with RunnerIdentity(instance_id=InstanceID('test-xya04q2y-0-n-4d8ddf0f2170'), metadata=RunnerMetadata(platform_name=<Platform.GITHUB: 'github'>, runner_id='233174', url=None))
2025-12-01 07:40:31,294 - INFO - github_runner_manager.openstack_cloud.openstack_cloud - Creating openstack server with RunnerIdentity(instance_id=InstanceID('test-xya04q2y-0-n-2d0b516e25dc'), metadata=RunnerMetadata(platform_name=<Platform.GITHUB: 'github'>, runner_id='233175', url=None))
2025-12-01 07:40:32,651 - ERROR - github_runner_manager.openstack_cloud.openstack_cloud - Failed to create openstack server test-xya04q2y-0-n-2d0b516e25dc
Traceback (most recent call last):
  File "/opt/pipx/venvs/github-runner-manager/lib/python3.10/site-packages/github_runner_manager/openstack_cloud/openstack_cloud.py", line 290, in launch_instance
    server = conn.create_server(
  File "/opt/pipx/venvs/github-runner-manager/lib/python3.10/site-packages/decorator.py", line 235, in fun
    return caller(func, *(extras + args), **kw)
  File "/opt/pipx/venvs/github-runner-manager/lib/python3.10/site-packages/openstack/cloud/_utils.py", line 233, in func_wrapper
    return func(*args, **kwargs)
  File "/opt/pipx/venvs/github-runner-manager/lib/python3.10/site-packages/openstack/cloud/_compute.py", line 1075, in create_server
    server = self.compute.create_server(**kwargs)
  File "/opt/pipx/venvs/github-runner-manager/lib/python3.10/site-packages/openstack/compute/v2/_proxy.py", line 741, in create_server
    return self._create(_server.Server, **attrs)
  File "/opt/pipx/venvs/github-runner-manager/lib/python3.10/site-packages/openstack/proxy.py", line 770, in _create
    return res.create(self, base_path=base_path)
  File "/opt/pipx/venvs/github-runner-manager/lib/python3.10/site-packages/openstack/resource.py", line 1463, in create
    self._translate_response(
  File "/opt/pipx/venvs/github-runner-manager/lib/python3.10/site-packages/openstack/resource.py", line 1231, in _translate_response
    exceptions.raise_from_response(response, error_message=error_message)
  File "/opt/pipx/venvs/github-runner-manager/lib/python3.10/site-packages/openstack/exceptions.py", line 264, in raise_from_response
    raise cls(
openstack.exceptions.ForbiddenException: ForbiddenException: 403: Client Error for url: https://nova.ps7.canonical.com:8774/v2.1/servers, Maximum number of ports exceeded
2025-12-01 07:40:32,652 - INFO - github_runner_manager.openstack_cloud.openstack_cloud - Deleting key: test-xya04q2y-0-n-2d0b516e25dc
2025-12-01 07:40:32,675 - INFO - github_runner_manager.openstack_cloud.openstack_cloud - Deleted key: test-xya04q2y-0-n-2d0b516e25dc
2025-12-01 07:40:32,675 - WARNING - github_runner_manager.manager.runner_manager - Deleting runner test-xya04q2y-0-n-2d0b516e25dc from platform after creation failed
2025-12-01 07:40:32,675 - INFO - github_runner_manager.platform.github_provider - Delete runners from GitHub provider: ['233175']
2025-12-01 07:40:33,118 - ERROR - github_runner_manager.manager.runner_manager - Failed to spawn a runner.
Traceback (most recent call last):
  File "/opt/pipx/venvs/github-runner-manager/lib/python3.10/site-packages/github_runner_manager/openstack_cloud/openstack_cloud.py", line 290, in launch_instance
    server = conn.create_server(
  File "/opt/pipx/venvs/github-runner-manager/lib/python3.10/site-packages/decorator.py", line 235, in fun
    return caller(func, *(extras + args), **kw)
  File "/opt/pipx/venvs/github-runner-manager/lib/python3.10/site-packages/openstack/cloud/_utils.py", line 233, in func_wrapper
    return func(*args, **kwargs)
  File "/opt/pipx/venvs/github-runner-manager/lib/python3.10/site-packages/openstack/cloud/_compute.py", line 1075, in create_server
    server = self.compute.create_server(**kwargs)
  File "/opt/pipx/venvs/github-runner-manager/lib/python3.10/site-packages/openstack/compute/v2/_proxy.py", line 741, in create_server
    return self._create(_server.Server, **attrs)
  File "/opt/pipx/venvs/github-runner-manager/lib/python3.10/site-packages/openstack/proxy.py", line 770, in _create
    return res.create(self, base_path=base_path)
  File "/opt/pipx/venvs/github-runner-manager/lib/python3.10/site-packages/openstack/resource.py", line 1463, in create
    self._translate_response(
  File "/opt/pipx/venvs/github-runner-manager/lib/python3.10/site-packages/openstack/resource.py", line 1231, in _translate_response
    exceptions.raise_from_response(response, error_message=error_message)
  File "/opt/pipx/venvs/github-runner-manager/lib/python3.10/site-packages/openstack/exceptions.py", line 264, in raise_from_response
    raise cls(
openstack.exceptions.ForbiddenException: ForbiddenException: 403: Client Error for url: https://nova.ps7.canonical.com:8774/v2.1/servers, Maximum number of ports exceeded

The above exception was the direct cause of the following exception:

Traceback (most recent call last):
  File "/opt/pipx/venvs/github-runner-manager/lib/python3.10/site-packages/github_runner_manager/openstack_cloud/openstack_runner_manager.py", line 110, in create_runner
    instance = self._openstack_cloud.launch_instance(
  File "/opt/pipx/venvs/github-runner-manager/lib/python3.10/site-packages/github_runner_manager/openstack_cloud/openstack_cloud.py", line 180, in exception_handling_wrapper
    return func(*args, **kwargs)
  File "/opt/pipx/venvs/github-runner-manager/lib/python3.10/site-packages/github_runner_manager/openstack_cloud/openstack_cloud.py", line 327, in launch_instance
    raise OpenStackError(f"Failed to create openstack server {instance_id}") from err
github_runner_manager.errors.OpenStackError: Failed to create openstack server test-xya04q2y-0-n-2d0b516e25dc

The above exception was the direct cause of the following exception:

Traceback (most recent call last):
  File "/opt/pipx/venvs/github-runner-manager/lib/python3.10/site-packages/github_runner_manager/manager/runner_manager.py", line 236, in _spawn_runners_using_multiprocessing
    instance_id = next(jobs)
  File "/usr/lib/python3.10/multiprocessing/pool.py", line 873, in next
    raise value
  File "/usr/lib/python3.10/multiprocessing/pool.py", line 125, in worker
    result = (True, func(*args, **kwds))
  File "/opt/pipx/venvs/github-runner-manager/lib/python3.10/site-packages/github_runner_manager/manager/runner_manager.py", line 539, in _create_runner
    args.cloud_runner_manager.create_runner(
  File "/opt/pipx/venvs/github-runner-manager/lib/python3.10/site-packages/github_runner_manager/openstack_cloud/openstack_runner_manager.py", line 117, in create_runner
    raise RunnerCreateError(
github_runner_manager.errors.RunnerCreateError: Failed to create RunnerIdentity(instance_id=InstanceID('test-xya04q2y-0-n-2d0b516e25dc'), metadata=RunnerMetadata(platform_name=<Platform.GITHUB: 'github'>, runner_id='233175', url=None)) openstack runner
2025-12-01 07:40:46,692 - ERROR - github_runner_manager.openstack_cloud.openstack_cloud - Failed to create openstack server test-xya04q2y-0-n-4d8ddf0f2170
Traceback (most recent call last):
  File "/opt/pipx/venvs/github-runner-manager/lib/python3.10/site-packages/github_runner_manager/openstack_cloud/openstack_cloud.py", line 290, in launch_instance
    server = conn.create_server(
  File "/opt/pipx/venvs/github-runner-manager/lib/python3.10/site-packages/decorator.py", line 235, in fun
    return caller(func, *(extras + args), **kw)
  File "/opt/pipx/venvs/github-runner-manager/lib/python3.10/site-packages/openstack/cloud/_utils.py", line 233, in func_wrapper
    return func(*args, **kwargs)
  File "/opt/pipx/venvs/github-runner-manager/lib/python3.10/site-packages/openstack/cloud/_compute.py", line 1075, in create_server
    server = self.compute.create_server(**kwargs)
  File "/opt/pipx/venvs/github-runner-manager/lib/python3.10/site-packages/openstack/compute/v2/_proxy.py", line 741, in create_server
    return self._create(_server.Server, **attrs)
  File "/opt/pipx/venvs/github-runner-manager/lib/python3.10/site-packages/openstack/proxy.py", line 770, in _create
    return res.create(self, base_path=base_path)
  File "/opt/pipx/venvs/github-runner-manager/lib/python3.10/site-packages/openstack/resource.py", line 1463, in create
    self._translate_response(
  File "/opt/pipx/venvs/github-runner-manager/lib/python3.10/site-packages/openstack/resource.py", line 1231, in _translate_response
    exceptions.raise_from_response(response, error_message=error_message)
  File "/opt/pipx/venvs/github-runner-manager/lib/python3.10/site-packages/openstack/exceptions.py", line 264, in raise_from_response
    raise cls(
openstack.exceptions.ForbiddenException: ForbiddenException: 403: Client Error for url: https://nova.ps7.canonical.com:8774/v2.1/servers, Maximum number of ports exceeded
2025-12-01 07:40:46,692 - INFO - github_runner_manager.openstack_cloud.openstack_cloud - Deleting key: test-xya04q2y-0-n-4d8ddf0f2170
2025-12-01 07:40:46,726 - INFO - github_runner_manager.openstack_cloud.openstack_cloud - Deleted key: test-xya04q2y-0-n-4d8ddf0f2170
2025-12-01 07:40:46,726 - WARNING - github_runner_manager.manager.runner_manager - Deleting runner test-xya04q2y-0-n-4d8ddf0f2170 from platform after creation failed
2025-12-01 07:40:46,726 - INFO - github_runner_manager.platform.github_provider - Delete runners from GitHub provider: ['233174']
2025-12-01 07:40:47,142 - ERROR - github_runner_manager.manager.runner_manager - Failed to spawn a runner.
Traceback (most recent call last):
  File "/opt/pipx/venvs/github-runner-manager/lib/python3.10/site-packages/github_runner_manager/openstack_cloud/openstack_cloud.py", line 290, in launch_instance
    server = conn.create_server(
  File "/opt/pipx/venvs/github-runner-manager/lib/python3.10/site-packages/decorator.py", line 235, in fun
    return caller(func, *(extras + args), **kw)
  File "/opt/pipx/venvs/github-runner-manager/lib/python3.10/site-packages/openstack/cloud/_utils.py", line 233, in func_wrapper
    return func(*args, **kwargs)
  File "/opt/pipx/venvs/github-runner-manager/lib/python3.10/site-packages/openstack/cloud/_compute.py", line 1075, in create_server
    server = self.compute.create_server(**kwargs)
  File "/opt/pipx/venvs/github-runner-manager/lib/python3.10/site-packages/openstack/compute/v2/_proxy.py", line 741, in create_server
    return self._create(_server.Server, **attrs)
  File "/opt/pipx/venvs/github-runner-manager/lib/python3.10/site-packages/openstack/proxy.py", line 770, in _create
    return res.create(self, base_path=base_path)
  File "/opt/pipx/venvs/github-runner-manager/lib/python3.10/site-packages/openstack/resource.py", line 1463, in create
    self._translate_response(
  File "/opt/pipx/venvs/github-runner-manager/lib/python3.10/site-packages/openstack/resource.py", line 1231, in _translate_response
    exceptions.raise_from_response(response, error_message=error_message)
  File "/opt/pipx/venvs/github-runner-manager/lib/python3.10/site-packages/openstack/exceptions.py", line 264, in raise_from_response
    raise cls(
openstack.exceptions.ForbiddenException: ForbiddenException: 403: Client Error for url: https://nova.ps7.canonical.com:8774/v2.1/servers, Maximum number of ports exceeded

The above exception was the direct cause of the following exception:

Traceback (most recent call last):
  File "/opt/pipx/venvs/github-runner-manager/lib/python3.10/site-packages/github_runner_manager/openstack_cloud/openstack_runner_manager.py", line 110, in create_runner
    instance = self._openstack_cloud.launch_instance(
  File "/opt/pipx/venvs/github-runner-manager/lib/python3.10/site-packages/github_runner_manager/openstack_cloud/openstack_cloud.py", line 180, in exception_handling_wrapper
    return func(*args, **kwargs)
  File "/opt/pipx/venvs/github-runner-manager/lib/python3.10/site-packages/github_runner_manager/openstack_cloud/openstack_cloud.py", line 327, in launch_instance
    raise OpenStackError(f"Failed to create openstack server {instance_id}") from err
github_runner_manager.errors.OpenStackError: Failed to create openstack server test-xya04q2y-0-n-4d8ddf0f2170

The above exception was the direct cause of the following exception:

Traceback (most recent call last):
  File "/opt/pipx/venvs/github-runner-manager/lib/python3.10/site-packages/github_runner_manager/manager/runner_manager.py", line 236, in _spawn_runners_using_multiprocessing
    instance_id = next(jobs)
  File "/usr/lib/python3.10/multiprocessing/pool.py", line 873, in next
    raise value
  File "/usr/lib/python3.10/multiprocessing/pool.py", line 125, in worker
    result = (True, func(*args, **kwds))
  File "/opt/pipx/venvs/github-runner-manager/lib/python3.10/site-packages/github_runner_manager/manager/runner_manager.py", line 539, in _create_runner
    args.cloud_runner_manager.create_runner(
  File "/opt/pipx/venvs/github-runner-manager/lib/python3.10/site-packages/github_runner_manager/openstack_cloud/openstack_runner_manager.py", line 117, in create_runner
    raise RunnerCreateError(
github_runner_manager.errors.RunnerCreateError: Failed to create RunnerIdentity(instance_id=InstanceID('test-xya04q2y-0-n-4d8ddf0f2170'), metadata=RunnerMetadata(platform_name=<Platform.GITHUB: 'github'>, runner_id='233174', url=None)) openstack runner
2025-12-01 07:40:47,143 - INFO - github_runner_manager.openstack_cloud.openstack_cloud - Getting all openstack servers managed by the charm
2025-12-01 07:40:49,012 - INFO - github_runner_manager.manager.runner_manager - list vms response: []
2025-12-01 07:40:49,983 - INFO - github_runner_manager.manager.runner_manager - runner health response RunnersHealthResponse(requested_runners=[], failed_requested_runners=[], non_requested_runners=[])
2025-12-01 07:40:49,983 - INFO - github_runner_manager.manager.runner_scaler - Found 0 busy runners: []
2025-12-01 07:40:49,983 - INFO - github_runner_manager.manager.runner_scaler - Found 0 idle runners: []
2025-12-01 07:40:49,983 - INFO - github_runner_manager.manager.runner_scaler - Found 0 offline runners that are healthy: []
2025-12-01 07:40:49,983 - INFO - github_runner_manager.manager.runner_scaler - Found 0 unhealthy runners: []
2025-12-01 07:40:49,983 - INFO - github_runner_manager.manager.runner_scaler - Current available runners (idle + healthy offline): set()
2025-12-01 07:40:49,983 - INFO - github_runner_manager.manager.runner_scaler - Current active runners: set()
2025-12-01 07:40:49,983 - INFO - github_runner_manager.manager.runner_scaler - Finished reconciliation.
2025-12-01 07:40:49,983 - INFO - github_runner_manager.reconcile_service - Change in number of runner after reconcile: 2
2025-12-01 07:40:49,983 - INFO - github_runner_manager.reconcile_service - End reconciliation
2025-12-01 07:40:57,898 - INFO - werkzeug - 127.0.0.1 - - [01/Dec/2025 07:40:57] "[35m[1mGET /health HTTP/1.1[0m" 204 -
2025-12-01 07:40:57,904 - INFO - github_runner_manager.http_server - Checking runners...
2025-12-01 07:40:57,924 - INFO - github_runner_manager.openstack_cloud.openstack_cloud - Getting all openstack servers managed by the charm
2025-12-01 07:40:58,292 - WARNING - github_runner_manager.openstack_cloud.openstack_cloud - The maximum compute API version 2.96 is greater than the supported version 2.91. Using the maximum supported version.
2025-12-01 07:40:59,564 - INFO - github_runner_manager.manager.runner_manager - list vms response: []
2025-12-01 07:41:00,504 - INFO - github_runner_manager.manager.runner_manager - runner health response RunnersHealthResponse(requested_runners=[], failed_requested_runners=[], non_requested_runners=[])
2025-12-01 07:41:00,504 - INFO - werkzeug - 127.0.0.1 - - [01/Dec/2025 07:41:00] "GET /runner/check HTTP/1.1" 200 -
2025-12-01 07:41:31,952 - INFO - werkzeug - 127.0.0.1 - - [01/Dec/2025 07:41:31] "[35m[1mGET /health HTTP/1.1[0m" 204 -
2025-12-01 07:41:31,957 - INFO - github_runner_manager.http_server - Checking runners...
2025-12-01 07:41:31,975 - INFO - github_runner_manager.openstack_cloud.openstack_cloud - Getting all openstack servers managed by the charm
2025-12-01 07:41:32,321 - WARNING - github_runner_manager.openstack_cloud.openstack_cloud - The maximum compute API version 2.96 is greater than the supported version 2.91. Using the maximum supported version.
2025-12-01 07:41:33,588 - INFO - github_runner_manager.manager.runner_manager - list vms response: []
2025-12-01 07:41:34,526 - INFO - github_runner_manager.manager.runner_manager - runner health response RunnersHealthResponse(requested_runners=[], failed_requested_runners=[], non_requested_runners=[])
2025-12-01 07:41:34,526 - INFO - werkzeug - 127.0.0.1 - - [01/Dec/2025 07:41:34] "GET /runner/check HTTP/1.1" 200 -
2025-12-01 07:42:05,977 - INFO - werkzeug - 127.0.0.1 - - [01/Dec/2025 07:42:05] "[35m[1mGET /health HTTP/1.1[0m" 204 -
2025-12-01 07:42:05,983 - INFO - github_runner_manager.http_server - Checking runners...
2025-12-01 07:42:06,001 - INFO - github_runner_manager.openstack_cloud.openstack_cloud - Getting all openstack servers managed by the charm
2025-12-01 07:42:06,343 - WARNING - github_runner_manager.openstack_cloud.openstack_cloud - The maximum compute API version 2.96 is greater than the supported version 2.91. Using the maximum supported version.
2025-12-01 07:42:07,524 - INFO - github_runner_manager.manager.runner_manager - list vms response: []
2025-12-01 07:42:08,399 - INFO - github_runner_manager.manager.runner_manager - runner health response RunnersHealthResponse(requested_runners=[], failed_requested_runners=[], non_requested_runners=[])
2025-12-01 07:42:08,400 - INFO - werkzeug - 127.0.0.1 - - [01/Dec/2025 07:42:08] "GET /runner/check HTTP/1.1" 200 -
2025-12-01 07:42:40,012 - INFO - werkzeug - 127.0.0.1 - - [01/Dec/2025 07:42:40] "[35m[1mGET /health HTTP/1.1[0m" 204 -
2025-12-01 07:42:40,018 - INFO - github_runner_manager.http_server - Checking runners...
2025-12-01 07:42:40,036 - INFO - github_runner_manager.openstack_cloud.openstack_cloud - Getting all openstack servers managed by the charm
2025-12-01 07:42:40,353 - WARNING - github_runner_manager.openstack_cloud.openstack_cloud - The maximum compute API version 2.96 is greater than the supported version 2.91. Using the maximum supported version.
2025-12-01 07:42:41,582 - INFO - github_runner_manager.manager.runner_manager - list vms response: []
2025-12-01 07:42:42,606 - INFO - github_runner_manager.manager.runner_manager - runner health response RunnersHealthResponse(requested_runners=[], failed_requested_runners=[], non_requested_runners=[])
2025-12-01 07:42:42,606 - INFO - werkzeug - 127.0.0.1 - - [01/Dec/2025 07:42:42] "GET /runner/check HTTP/1.1" 200 -
2025-12-01 07:42:50,052 - INFO - github_runner_manager.reconcile_service - Start reconciliation
2025-12-01 07:42:50,052 - INFO - github_runner_manager.reconcile_service - Reconcile ID: b96ff490-b1a2-43af-ad0f-64f54ea9b2d8
2025-12-01 07:42:50,071 - INFO - github_runner_manager.manager.runner_scaler - Start reconcile. base_quantity 2. max_quantity: 0.
2025-12-01 07:42:50,071 - INFO - github_runner_manager.manager.runner_manager - runner_manager::cleanup
2025-12-01 07:42:50,071 - INFO - github_runner_manager.openstack_cloud.openstack_cloud - Getting all openstack servers managed by the charm
2025-12-01 07:42:50,428 - WARNING - github_runner_manager.openstack_cloud.openstack_cloud - The maximum compute API version 2.96 is greater than the supported version 2.91. Using the maximum supported version.
2025-12-01 07:42:52,009 - INFO - github_runner_manager.manager.runner_manager - VMs: []
2025-12-01 07:42:52,899 - INFO - github_runner_manager.manager.runner_manager - Runner health: RunnersHealthResponse(requested_runners=[], failed_requested_runners=[], non_requested_runners=[])
2025-12-01 07:42:54,195 - INFO - github_runner_manager.openstack_cloud.openstack_cloud - Cleaning up SSH key files
2025-12-01 07:42:54,195 - INFO - github_runner_manager.openstack_cloud.openstack_cloud - Found 0 key files, clean up 0 key files
2025-12-01 07:42:54,195 - INFO - github_runner_manager.openstack_cloud.openstack_cloud - Cleaning up openstack keypairs
2025-12-01 07:42:54,231 - INFO - github_runner_manager.manager.runner_manager - Cleaning up platform runners: []
2025-12-01 07:42:54,231 - INFO - github_runner_manager.platform.github_provider - Delete runners from GitHub provider: []
2025-12-01 07:42:54,231 - INFO - github_runner_manager.manager.runner_manager - Cleaned up platform runners: []
2025-12-01 07:42:54,231 - INFO - github_runner_manager.manager.runner_manager - Extracting metrics from VMs: []
2025-12-01 07:42:54,231 - INFO - github_runner_manager.manager.runner_manager - Cleaning up VMs: []
2025-12-01 07:42:54,231 - INFO - github_runner_manager.manager.runner_manager - Cleaned up VMs: []
2025-12-01 07:42:54,231 - INFO - github_runner_manager.openstack_cloud.openstack_cloud - Getting all openstack servers managed by the charm
2025-12-01 07:42:55,434 - INFO - github_runner_manager.manager.runner_manager - list vms response: []
2025-12-01 07:42:56,267 - INFO - github_runner_manager.manager.runner_manager - runner health response RunnersHealthResponse(requested_runners=[], failed_requested_runners=[], non_requested_runners=[])
2025-12-01 07:42:56,268 - INFO - github_runner_manager.manager.runner_scaler - Reconcile runners from 0 to 2
2025-12-01 07:42:56,268 - INFO - github_runner_manager.manager.runner_manager - Creating 2 runners
2025-12-01 07:42:56,751 - INFO - github_runner_manager.openstack_cloud.openstack_cloud - Creating openstack server with RunnerIdentity(instance_id=InstanceID('test-xya04q2y-0-n-384befba50c2'), metadata=RunnerMetadata(platform_name=<Platform.GITHUB: 'github'>, runner_id='233178', url=None))
2025-12-01 07:42:56,846 - INFO - github_runner_manager.openstack_cloud.openstack_cloud - Creating openstack server with RunnerIdentity(instance_id=InstanceID('test-xya04q2y-0-n-17b17a083858'), metadata=RunnerMetadata(platform_name=<Platform.GITHUB: 'github'>, runner_id='233179', url=None))
2025-12-01 07:42:58,106 - ERROR - github_runner_manager.openstack_cloud.openstack_cloud - Failed to create openstack server test-xya04q2y-0-n-384befba50c2
Traceback (most recent call last):
  File "/opt/pipx/venvs/github-runner-manager/lib/python3.10/site-packages/github_runner_manager/openstack_cloud/openstack_cloud.py", line 290, in launch_instance
    server = conn.create_server(
  File "/opt/pipx/venvs/github-runner-manager/lib/python3.10/site-packages/decorator.py", line 235, in fun
    return caller(func, *(extras + args), **kw)
  File "/opt/pipx/venvs/github-runner-manager/lib/python3.10/site-packages/openstack/cloud/_utils.py", line 233, in func_wrapper
    return func(*args, **kwargs)
  File "/opt/pipx/venvs/github-runner-manager/lib/python3.10/site-packages/openstack/cloud/_compute.py", line 1075, in create_server
    server = self.compute.create_server(**kwargs)
  File "/opt/pipx/venvs/github-runner-manager/lib/python3.10/site-packages/openstack/compute/v2/_proxy.py", line 741, in create_server
    return self._create(_server.Server, **attrs)
  File "/opt/pipx/venvs/github-runner-manager/lib/python3.10/site-packages/openstack/proxy.py", line 770, in _create
    return res.create(self, base_path=base_path)
  File "/opt/pipx/venvs/github-runner-manager/lib/python3.10/site-packages/openstack/resource.py", line 1463, in create
    self._translate_response(
  File "/opt/pipx/venvs/github-runner-manager/lib/python3.10/site-packages/openstack/resource.py", line 1231, in _translate_response
    exceptions.raise_from_response(response, error_message=error_message)
  File "/opt/pipx/venvs/github-runner-manager/lib/python3.10/site-packages/openstack/exceptions.py", line 264, in raise_from_response
    raise cls(
openstack.exceptions.ForbiddenException: ForbiddenException: 403: Client Error for url: https://nova.ps7.canonical.com:8774/v2.1/servers, Maximum number of ports exceeded
2025-12-01 07:42:58,107 - INFO - github_runner_manager.openstack_cloud.openstack_cloud - Deleting key: test-xya04q2y-0-n-384befba50c2
2025-12-01 07:42:58,112 - ERROR - github_runner_manager.openstack_cloud.openstack_cloud - Failed to create openstack server test-xya04q2y-0-n-17b17a083858
Traceback (most recent call last):
  File "/opt/pipx/venvs/github-runner-manager/lib/python3.10/site-packages/github_runner_manager/openstack_cloud/openstack_cloud.py", line 290, in launch_instance
    server = conn.create_server(
  File "/opt/pipx/venvs/github-runner-manager/lib/python3.10/site-packages/decorator.py", line 235, in fun
    return caller(func, *(extras + args), **kw)
  File "/opt/pipx/venvs/github-runner-manager/lib/python3.10/site-packages/openstack/cloud/_utils.py", line 233, in func_wrapper
    return func(*args, **kwargs)
  File "/opt/pipx/venvs/github-runner-manager/lib/python3.10/site-packages/openstack/cloud/_compute.py", line 1075, in create_server
    server = self.compute.create_server(**kwargs)
  File "/opt/pipx/venvs/github-runner-manager/lib/python3.10/site-packages/openstack/compute/v2/_proxy.py", line 741, in create_server
    return self._create(_server.Server, **attrs)
  File "/opt/pipx/venvs/github-runner-manager/lib/python3.10/site-packages/openstack/proxy.py", line 770, in _create
    return res.create(self, base_path=base_path)
  File "/opt/pipx/venvs/github-runner-manager/lib/python3.10/site-packages/openstack/resource.py", line 1463, in create
    self._translate_response(
  File "/opt/pipx/venvs/github-runner-manager/lib/python3.10/site-packages/openstack/resource.py", line 1231, in _translate_response
    exceptions.raise_from_response(response, error_message=error_message)
  File "/opt/pipx/venvs/github-runner-manager/lib/python3.10/site-packages/openstack/exceptions.py", line 264, in raise_from_response
    raise cls(
openstack.exceptions.ForbiddenException: ForbiddenException: 403: Client Error for url: https://nova.ps7.canonical.com:8774/v2.1/servers, Maximum number of ports exceeded
2025-12-01 07:42:58,112 - INFO - github_runner_manager.openstack_cloud.openstack_cloud - Deleting key: test-xya04q2y-0-n-17b17a083858
2025-12-01 07:42:58,137 - INFO - github_runner_manager.openstack_cloud.openstack_cloud - Deleted key: test-xya04q2y-0-n-17b17a083858
2025-12-01 07:42:58,137 - WARNING - github_runner_manager.manager.runner_manager - Deleting runner test-xya04q2y-0-n-17b17a083858 from platform after creation failed
2025-12-01 07:42:58,137 - INFO - github_runner_manager.platform.github_provider - Delete runners from GitHub provider: ['233179']
2025-12-01 07:42:58,137 - INFO - github_runner_manager.openstack_cloud.openstack_cloud - Deleted key: test-xya04q2y-0-n-384befba50c2
2025-12-01 07:42:58,137 - WARNING - github_runner_manager.manager.runner_manager - Deleting runner test-xya04q2y-0-n-384befba50c2 from platform after creation failed
2025-12-01 07:42:58,137 - INFO - github_runner_manager.platform.github_provider - Delete runners from GitHub provider: ['233178']
2025-12-01 07:42:58,555 - ERROR - github_runner_manager.manager.runner_manager - Failed to spawn a runner.
Traceback (most recent call last):
  File "/opt/pipx/venvs/github-runner-manager/lib/python3.10/site-packages/github_runner_manager/openstack_cloud/openstack_cloud.py", line 290, in launch_instance
    server = conn.create_server(
  File "/opt/pipx/venvs/github-runner-manager/lib/python3.10/site-packages/decorator.py", line 235, in fun
    return caller(func, *(extras + args), **kw)
  File "/opt/pipx/venvs/github-runner-manager/lib/python3.10/site-packages/openstack/cloud/_utils.py", line 233, in func_wrapper
    return func(*args, **kwargs)
  File "/opt/pipx/venvs/github-runner-manager/lib/python3.10/site-packages/openstack/cloud/_compute.py", line 1075, in create_server
    server = self.compute.create_server(**kwargs)
  File "/opt/pipx/venvs/github-runner-manager/lib/python3.10/site-packages/openstack/compute/v2/_proxy.py", line 741, in create_server
    return self._create(_server.Server, **attrs)
  File "/opt/pipx/venvs/github-runner-manager/lib/python3.10/site-packages/openstack/proxy.py", line 770, in _create
    return res.create(self, base_path=base_path)
  File "/opt/pipx/venvs/github-runner-manager/lib/python3.10/site-packages/openstack/resource.py", line 1463, in create
    self._translate_response(
  File "/opt/pipx/venvs/github-runner-manager/lib/python3.10/site-packages/openstack/resource.py", line 1231, in _translate_response
    exceptions.raise_from_response(response, error_message=error_message)
  File "/opt/pipx/venvs/github-runner-manager/lib/python3.10/site-packages/openstack/exceptions.py", line 264, in raise_from_response
    raise cls(
openstack.exceptions.ForbiddenException: ForbiddenException: 403: Client Error for url: https://nova.ps7.canonical.com:8774/v2.1/servers, Maximum number of ports exceeded

The above exception was the direct cause of the following exception:

Traceback (most recent call last):
  File "/opt/pipx/venvs/github-runner-manager/lib/python3.10/site-packages/github_runner_manager/openstack_cloud/openstack_runner_manager.py", line 110, in create_runner
    instance = self._openstack_cloud.launch_instance(
  File "/opt/pipx/venvs/github-runner-manager/lib/python3.10/site-packages/github_runner_manager/openstack_cloud/openstack_cloud.py", line 180, in exception_handling_wrapper
    return func(*args, **kwargs)
  File "/opt/pipx/venvs/github-runner-manager/lib/python3.10/site-packages/github_runner_manager/openstack_cloud/openstack_cloud.py", line 327, in launch_instance
    raise OpenStackError(f"Failed to create openstack server {instance_id}") from err
github_runner_manager.errors.OpenStackError: Failed to create openstack server test-xya04q2y-0-n-17b17a083858

The above exception was the direct cause of the following exception:

Traceback (most recent call last):
  File "/opt/pipx/venvs/github-runner-manager/lib/python3.10/site-packages/github_runner_manager/manager/runner_manager.py", line 236, in _spawn_runners_using_multiprocessing
    instance_id = next(jobs)
  File "/usr/lib/python3.10/multiprocessing/pool.py", line 873, in next
    raise value
  File "/usr/lib/python3.10/multiprocessing/pool.py", line 125, in worker
    result = (True, func(*args, **kwds))
  File "/opt/pipx/venvs/github-runner-manager/lib/python3.10/site-packages/github_runner_manager/manager/runner_manager.py", line 539, in _create_runner
    args.cloud_runner_manager.create_runner(
  File "/opt/pipx/venvs/github-runner-manager/lib/python3.10/site-packages/github_runner_manager/openstack_cloud/openstack_runner_manager.py", line 117, in create_runner
    raise RunnerCreateError(
github_runner_manager.errors.RunnerCreateError: Failed to create RunnerIdentity(instance_id=InstanceID('test-xya04q2y-0-n-17b17a083858'), metadata=RunnerMetadata(platform_name=<Platform.GITHUB: 'github'>, runner_id='233179', url=None)) openstack runner
2025-12-01 07:42:58,569 - ERROR - github_runner_manager.manager.runner_manager - Failed to spawn a runner.
Traceback (most recent call last):
  File "/opt/pipx/venvs/github-runner-manager/lib/python3.10/site-packages/github_runner_manager/openstack_cloud/openstack_cloud.py", line 290, in launch_instance
    server = conn.create_server(
  File "/opt/pipx/venvs/github-runner-manager/lib/python3.10/site-packages/decorator.py", line 235, in fun
    return caller(func, *(extras + args), **kw)
  File "/opt/pipx/venvs/github-runner-manager/lib/python3.10/site-packages/openstack/cloud/_utils.py", line 233, in func_wrapper
    return func(*args, **kwargs)
  File "/opt/pipx/venvs/github-runner-manager/lib/python3.10/site-packages/openstack/cloud/_compute.py", line 1075, in create_server
    server = self.compute.create_server(**kwargs)
  File "/opt/pipx/venvs/github-runner-manager/lib/python3.10/site-packages/openstack/compute/v2/_proxy.py", line 741, in create_server
    return self._create(_server.Server, **attrs)
  File "/opt/pipx/venvs/github-runner-manager/lib/python3.10/site-packages/openstack/proxy.py", line 770, in _create
    return res.create(self, base_path=base_path)
  File "/opt/pipx/venvs/github-runner-manager/lib/python3.10/site-packages/openstack/resource.py", line 1463, in create
    self._translate_response(
  File "/opt/pipx/venvs/github-runner-manager/lib/python3.10/site-packages/openstack/resource.py", line 1231, in _translate_response
    exceptions.raise_from_response(response, error_message=error_message)
  File "/opt/pipx/venvs/github-runner-manager/lib/python3.10/site-packages/openstack/exceptions.py", line 264, in raise_from_response
    raise cls(
openstack.exceptions.ForbiddenException: ForbiddenException: 403: Client Error for url: https://nova.ps7.canonical.com:8774/v2.1/servers, Maximum number of ports exceeded

The above exception was the direct cause of the following exception:

Traceback (most recent call last):
  File "/opt/pipx/venvs/github-runner-manager/lib/python3.10/site-packages/github_runner_manager/openstack_cloud/openstack_runner_manager.py", line 110, in create_runner
    instance = self._openstack_cloud.launch_instance(
  File "/opt/pipx/venvs/github-runner-manager/lib/python3.10/site-packages/github_runner_manager/openstack_cloud/openstack_cloud.py", line 180, in exception_handling_wrapper
    return func(*args, **kwargs)
  File "/opt/pipx/venvs/github-runner-manager/lib/python3.10/site-packages/github_runner_manager/openstack_cloud/openstack_cloud.py", line 327, in launch_instance
    raise OpenStackError(f"Failed to create openstack server {instance_id}") from err
github_runner_manager.errors.OpenStackError: Failed to create openstack server test-xya04q2y-0-n-384befba50c2

The above exception was the direct cause of the following exception:

Traceback (most recent call last):
  File "/opt/pipx/venvs/github-runner-manager/lib/python3.10/site-packages/github_runner_manager/manager/runner_manager.py", line 236, in _spawn_runners_using_multiprocessing
    instance_id = next(jobs)
  File "/usr/lib/python3.10/multiprocessing/pool.py", line 873, in next
    raise value
  File "/usr/lib/python3.10/multiprocessing/pool.py", line 125, in worker
    result = (True, func(*args, **kwds))
  File "/opt/pipx/venvs/github-runner-manager/lib/python3.10/site-packages/github_runner_manager/manager/runner_manager.py", line 539, in _create_runner
    args.cloud_runner_manager.create_runner(
  File "/opt/pipx/venvs/github-runner-manager/lib/python3.10/site-packages/github_runner_manager/openstack_cloud/openstack_runner_manager.py", line 117, in create_runner
    raise RunnerCreateError(
github_runner_manager.errors.RunnerCreateError: Failed to create RunnerIdentity(instance_id=InstanceID('test-xya04q2y-0-n-384befba50c2'), metadata=RunnerMetadata(platform_name=<Platform.GITHUB: 'github'>, runner_id='233178', url=None)) openstack runner
2025-12-01 07:42:58,569 - INFO - github_runner_manager.openstack_cloud.openstack_cloud - Getting all openstack servers managed by the charm
2025-12-01 07:42:59,801 - INFO - github_runner_manager.manager.runner_manager - list vms response: []
2025-12-01 07:43:00,749 - INFO - github_runner_manager.manager.runner_manager - runner health response RunnersHealthResponse(requested_runners=[], failed_requested_runners=[], non_requested_runners=[])
2025-12-01 07:43:00,750 - INFO - github_runner_manager.manager.runner_scaler - Found 0 busy runners: []
2025-12-01 07:43:00,750 - INFO - github_runner_manager.manager.runner_scaler - Found 0 idle runners: []
2025-12-01 07:43:00,750 - INFO - github_runner_manager.manager.runner_scaler - Found 0 offline runners that are healthy: []
2025-12-01 07:43:00,750 - INFO - github_runner_manager.manager.runner_scaler - Found 0 unhealthy runners: []
2025-12-01 07:43:00,750 - INFO - github_runner_manager.manager.runner_scaler - Current available runners (idle + healthy offline): set()
2025-12-01 07:43:00,750 - INFO - github_runner_manager.manager.runner_scaler - Current active runners: set()
2025-12-01 07:43:00,751 - INFO - github_runner_manager.manager.runner_scaler - Finished reconciliation.
2025-12-01 07:43:00,751 - INFO - github_runner_manager.reconcile_service - Change in number of runner after reconcile: 2
2025-12-01 07:43:00,751 - INFO - github_runner_manager.reconcile_service - End reconciliation
2025-12-01 07:43:14,056 - INFO - werkzeug - 127.0.0.1 - - [01/Dec/2025 07:43:14] "[35m[1mGET /health HTTP/1.1[0m" 204 -
2025-12-01 07:43:14,062 - INFO - github_runner_manager.http_server - Checking runners...
2025-12-01 07:43:14,080 - INFO - github_runner_manager.openstack_cloud.openstack_cloud - Getting all openstack servers managed by the charm
2025-12-01 07:43:14,397 - WARNING - github_runner_manager.openstack_cloud.openstack_cloud - The maximum compute API version 2.96 is greater than the supported version 2.91. Using the maximum supported version.
2025-12-01 07:43:15,745 - INFO - github_runner_manager.manager.runner_manager - list vms response: []
2025-12-01 07:43:16,549 - INFO - github_runner_manager.manager.runner_manager - runner health response RunnersHealthResponse(requested_runners=[], failed_requested_runners=[], non_requested_runners=[])
2025-12-01 07:43:16,549 - INFO - werkzeug - 127.0.0.1 - - [01/Dec/2025 07:43:16] "GET /runner/check HTTP/1.1" 200 -
2025-12-01 07:43:48,096 - INFO - werkzeug - 127.0.0.1 - - [01/Dec/2025 07:43:48] "[35m[1mGET /health HTTP/1.1[0m" 204 -
2025-12-01 07:43:48,102 - INFO - github_runner_manager.http_server - Checking runners...
2025-12-01 07:43:48,122 - INFO - github_runner_manager.openstack_cloud.openstack_cloud - Getting all openstack servers managed by the charm
2025-12-01 07:43:48,469 - WARNING - github_runner_manager.openstack_cloud.openstack_cloud - The maximum compute API version 2.96 is greater than the supported version 2.91. Using the maximum supported version.
2025-12-01 07:43:49,800 - INFO - github_runner_manager.manager.runner_manager - list vms response: []
2025-12-01 07:43:51,470 - INFO - github_runner_manager.manager.runner_manager - runner health response RunnersHealthResponse(requested_runners=[], failed_requested_runners=[], non_requested_runners=[])
2025-12-01 07:43:51,470 - INFO - werkzeug - 127.0.0.1 - - [01/Dec/2025 07:43:51] "GET /runner/check HTTP/1.1" 200 -
2025-12-01 07:44:23,204 - INFO - werkzeug - 127.0.0.1 - - [01/Dec/2025 07:44:23] "[35m[1mGET /health HTTP/1.1[0m" 204 -
2025-12-01 07:44:23,210 - INFO - github_runner_manager.http_server - Checking runners...
2025-12-01 07:44:23,230 - INFO - github_runner_manager.openstack_cloud.openstack_cloud - Getting all openstack servers managed by the charm
2025-12-01 07:44:23,579 - WARNING - github_runner_manager.openstack_cloud.openstack_cloud - The maximum compute API version 2.96 is greater than the supported version 2.91. Using the maximum supported version.
2025-12-01 07:44:24,782 - INFO - github_runner_manager.manager.runner_manager - list vms response: []
2025-12-01 07:44:25,741 - INFO - github_runner_manager.manager.runner_manager - runner health response RunnersHealthResponse(requested_runners=[], failed_requested_runners=[], non_requested_runners=[])
2025-12-01 07:44:25,742 - INFO - werkzeug - 127.0.0.1 - - [01/Dec/2025 07:44:25] "GET /runner/check HTTP/1.1" 200 -
2025-12-01 07:44:57,213 - INFO - werkzeug - 127.0.0.1 - - [01/Dec/2025 07:44:57] "[35m[1mGET /health HTTP/1.1[0m" 204 -
2025-12-01 07:44:57,219 - INFO - github_runner_manager.http_server - Checking runners...
2025-12-01 07:44:57,238 - INFO - github_runner_manager.openstack_cloud.openstack_cloud - Getting all openstack servers managed by the charm
2025-12-01 07:44:57,601 - WARNING - github_runner_manager.openstack_cloud.openstack_cloud - The maximum compute API version 2.96 is greater than the supported version 2.91. Using the maximum supported version.
2025-12-01 07:44:58,889 - INFO - github_runner_manager.manager.runner_manager - list vms response: []
2025-12-01 07:44:59,813 - INFO - github_runner_manager.manager.runner_manager - runner health response RunnersHealthResponse(requested_runners=[], failed_requested_runners=[], non_requested_runners=[])
2025-12-01 07:44:59,814 - INFO - werkzeug - 127.0.0.1 - - [01/Dec/2025 07:44:59] "GET /runner/check HTTP/1.1" 200 -
2025-12-01 07:45:00,851 - INFO - github_runner_manager.reconcile_service - Start reconciliation
2025-12-01 07:45:00,853 - INFO - github_runner_manager.reconcile_service - Reconcile ID: 94909fce-bf42-49d4-8981-ce5245634f2d
2025-12-01 07:45:00,872 - INFO - github_runner_manager.manager.runner_scaler - Start reconcile. base_quantity 2. max_quantity: 0.
2025-12-01 07:45:00,872 - INFO - github_runner_manager.manager.runner_manager - runner_manager::cleanup
2025-12-01 07:45:00,872 - INFO - github_runner_manager.openstack_cloud.openstack_cloud - Getting all openstack servers managed by the charm
2025-12-01 07:45:01,251 - WARNING - github_runner_manager.openstack_cloud.openstack_cloud - The maximum compute API version 2.96 is greater than the supported version 2.91. Using the maximum supported version.
2025-12-01 07:45:03,222 - INFO - github_runner_manager.manager.runner_manager - VMs: []
2025-12-01 07:45:04,258 - INFO - github_runner_manager.manager.runner_manager - Runner health: RunnersHealthResponse(requested_runners=[], failed_requested_runners=[], non_requested_runners=[])
2025-12-01 07:45:05,588 - INFO - github_runner_manager.openstack_cloud.openstack_cloud - Cleaning up SSH key files
2025-12-01 07:45:05,588 - INFO - github_runner_manager.openstack_cloud.openstack_cloud - Found 0 key files, clean up 0 key files
2025-12-01 07:45:05,588 - INFO - github_runner_manager.openstack_cloud.openstack_cloud - Cleaning up openstack keypairs
2025-12-01 07:45:05,617 - INFO - github_runner_manager.manager.runner_manager - Cleaning up platform runners: []
2025-12-01 07:45:05,618 - INFO - github_runner_manager.platform.github_provider - Delete runners from GitHub provider: []
2025-12-01 07:45:05,618 - INFO - github_runner_manager.manager.runner_manager - Cleaned up platform runners: []
2025-12-01 07:45:05,618 - INFO - github_runner_manager.manager.runner_manager - Extracting metrics from VMs: []
2025-12-01 07:45:05,618 - INFO - github_runner_manager.manager.runner_manager - Cleaning up VMs: []
2025-12-01 07:45:05,618 - INFO - github_runner_manager.manager.runner_manager - Cleaned up VMs: []
2025-12-01 07:45:05,618 - INFO - github_runner_manager.openstack_cloud.openstack_cloud - Getting all openstack servers managed by the charm
2025-12-01 07:45:07,403 - INFO - github_runner_manager.manager.runner_manager - list vms response: []
2025-12-01 07:45:08,278 - INFO - github_runner_manager.manager.runner_manager - runner health response RunnersHealthResponse(requested_runners=[], failed_requested_runners=[], non_requested_runners=[])
2025-12-01 07:45:08,278 - INFO - github_runner_manager.manager.runner_scaler - Reconcile runners from 0 to 2
2025-12-01 07:45:08,278 - INFO - github_runner_manager.manager.runner_manager - Creating 2 runners
2025-12-01 07:45:08,818 - INFO - github_runner_manager.openstack_cloud.openstack_cloud - Creating openstack server with RunnerIdentity(instance_id=InstanceID('test-xya04q2y-0-n-9e42ad78f3ca'), metadata=RunnerMetadata(platform_name=<Platform.GITHUB: 'github'>, runner_id='233182', url=None))
2025-12-01 07:45:08,884 - INFO - github_runner_manager.openstack_cloud.openstack_cloud - Creating openstack server with RunnerIdentity(instance_id=InstanceID('test-xya04q2y-0-n-7f327c5f3dd8'), metadata=RunnerMetadata(platform_name=<Platform.GITHUB: 'github'>, runner_id='233183', url=None))
2025-12-01 07:45:10,091 - ERROR - github_runner_manager.openstack_cloud.openstack_cloud - Failed to create openstack server test-xya04q2y-0-n-9e42ad78f3ca
Traceback (most recent call last):
  File "/opt/pipx/venvs/github-runner-manager/lib/python3.10/site-packages/github_runner_manager/openstack_cloud/openstack_cloud.py", line 290, in launch_instance
    server = conn.create_server(
  File "/opt/pipx/venvs/github-runner-manager/lib/python3.10/site-packages/decorator.py", line 235, in fun
    return caller(func, *(extras + args), **kw)
  File "/opt/pipx/venvs/github-runner-manager/lib/python3.10/site-packages/openstack/cloud/_utils.py", line 233, in func_wrapper
    return func(*args, **kwargs)
  File "/opt/pipx/venvs/github-runner-manager/lib/python3.10/site-packages/openstack/cloud/_compute.py", line 1075, in create_server
    server = self.compute.create_server(**kwargs)
  File "/opt/pipx/venvs/github-runner-manager/lib/python3.10/site-packages/openstack/compute/v2/_proxy.py", line 741, in create_server
    return self._create(_server.Server, **attrs)
  File "/opt/pipx/venvs/github-runner-manager/lib/python3.10/site-packages/openstack/proxy.py", line 770, in _create
    return res.create(self, base_path=base_path)
  File "/opt/pipx/venvs/github-runner-manager/lib/python3.10/site-packages/openstack/resource.py", line 1463, in create
    self._translate_response(
  File "/opt/pipx/venvs/github-runner-manager/lib/python3.10/site-packages/openstack/resource.py", line 1231, in _translate_response
    exceptions.raise_from_response(response, error_message=error_message)
  File "/opt/pipx/venvs/github-runner-manager/lib/python3.10/site-packages/openstack/exceptions.py", line 264, in raise_from_response
    raise cls(
openstack.exceptions.ForbiddenException: ForbiddenException: 403: Client Error for url: https://nova.ps7.canonical.com:8774/v2.1/servers, Maximum number of ports exceeded
2025-12-01 07:45:10,091 - INFO - github_runner_manager.openstack_cloud.openstack_cloud - Deleting key: test-xya04q2y-0-n-9e42ad78f3ca
2025-12-01 07:45:10,119 - INFO - github_runner_manager.openstack_cloud.openstack_cloud - Deleted key: test-xya04q2y-0-n-9e42ad78f3ca
2025-12-01 07:45:10,119 - WARNING - github_runner_manager.manager.runner_manager - Deleting runner test-xya04q2y-0-n-9e42ad78f3ca from platform after creation failed
2025-12-01 07:45:10,119 - INFO - github_runner_manager.platform.github_provider - Delete runners from GitHub provider: ['233182']
2025-12-01 07:45:10,174 - ERROR - github_runner_manager.openstack_cloud.openstack_cloud - Failed to create openstack server test-xya04q2y-0-n-7f327c5f3dd8
Traceback (most recent call last):
  File "/opt/pipx/venvs/github-runner-manager/lib/python3.10/site-packages/github_runner_manager/openstack_cloud/openstack_cloud.py", line 290, in launch_instance
    server = conn.create_server(
  File "/opt/pipx/venvs/github-runner-manager/lib/python3.10/site-packages/decorator.py", line 235, in fun
    return caller(func, *(extras + args), **kw)
  File "/opt/pipx/venvs/github-runner-manager/lib/python3.10/site-packages/openstack/cloud/_utils.py", line 233, in func_wrapper
    return func(*args, **kwargs)
  File "/opt/pipx/venvs/github-runner-manager/lib/python3.10/site-packages/openstack/cloud/_compute.py", line 1075, in create_server
    server = self.compute.create_server(**kwargs)
  File "/opt/pipx/venvs/github-runner-manager/lib/python3.10/site-packages/openstack/compute/v2/_proxy.py", line 741, in create_server
    return self._create(_server.Server, **attrs)
  File "/opt/pipx/venvs/github-runner-manager/lib/python3.10/site-packages/openstack/proxy.py", line 770, in _create
    return res.create(self, base_path=base_path)
  File "/opt/pipx/venvs/github-runner-manager/lib/python3.10/site-packages/openstack/resource.py", line 1463, in create
    self._translate_response(
  File "/opt/pipx/venvs/github-runner-manager/lib/python3.10/site-packages/openstack/resource.py", line 1231, in _translate_response
    exceptions.raise_from_response(response, error_message=error_message)
  File "/opt/pipx/venvs/github-runner-manager/lib/python3.10/site-packages/openstack/exceptions.py", line 264, in raise_from_response
    raise cls(
openstack.exceptions.ForbiddenException: ForbiddenException: 403: Client Error for url: https://nova.ps7.canonical.com:8774/v2.1/servers, Maximum number of ports exceeded
2025-12-01 07:45:10,174 - INFO - github_runner_manager.openstack_cloud.openstack_cloud - Deleting key: test-xya04q2y-0-n-7f327c5f3dd8
2025-12-01 07:45:10,202 - INFO - github_runner_manager.openstack_cloud.openstack_cloud - Deleted key: test-xya04q2y-0-n-7f327c5f3dd8
2025-12-01 07:45:10,202 - WARNING - github_runner_manager.manager.runner_manager - Deleting runner test-xya04q2y-0-n-7f327c5f3dd8 from platform after creation failed
2025-12-01 07:45:10,202 - INFO - github_runner_manager.platform.github_provider - Delete runners from GitHub provider: ['233183']
2025-12-01 07:45:10,565 - ERROR - github_runner_manager.manager.runner_manager - Failed to spawn a runner.
Traceback (most recent call last):
  File "/opt/pipx/venvs/github-runner-manager/lib/python3.10/site-packages/github_runner_manager/openstack_cloud/openstack_cloud.py", line 290, in launch_instance
    server = conn.create_server(
  File "/opt/pipx/venvs/github-runner-manager/lib/python3.10/site-packages/decorator.py", line 235, in fun
    return caller(func, *(extras + args), **kw)
  File "/opt/pipx/venvs/github-runner-manager/lib/python3.10/site-packages/openstack/cloud/_utils.py", line 233, in func_wrapper
    return func(*args, **kwargs)
  File "/opt/pipx/venvs/github-runner-manager/lib/python3.10/site-packages/openstack/cloud/_compute.py", line 1075, in create_server
    server = self.compute.create_server(**kwargs)
  File "/opt/pipx/venvs/github-runner-manager/lib/python3.10/site-packages/openstack/compute/v2/_proxy.py", line 741, in create_server
    return self._create(_server.Server, **attrs)
  File "/opt/pipx/venvs/github-runner-manager/lib/python3.10/site-packages/openstack/proxy.py", line 770, in _create
    return res.create(self, base_path=base_path)
  File "/opt/pipx/venvs/github-runner-manager/lib/python3.10/site-packages/openstack/resource.py", line 1463, in create
    self._translate_response(
  File "/opt/pipx/venvs/github-runner-manager/lib/python3.10/site-packages/openstack/resource.py", line 1231, in _translate_response
    exceptions.raise_from_response(response, error_message=error_message)
  File "/opt/pipx/venvs/github-runner-manager/lib/python3.10/site-packages/openstack/exceptions.py", line 264, in raise_from_response
    raise cls(
openstack.exceptions.ForbiddenException: ForbiddenException: 403: Client Error for url: https://nova.ps7.canonical.com:8774/v2.1/servers, Maximum number of ports exceeded

The above exception was the direct cause of the following exception:

Traceback (most recent call last):
  File "/opt/pipx/venvs/github-runner-manager/lib/python3.10/site-packages/github_runner_manager/openstack_cloud/openstack_runner_manager.py", line 110, in create_runner
    instance = self._openstack_cloud.launch_instance(
  File "/opt/pipx/venvs/github-runner-manager/lib/python3.10/site-packages/github_runner_manager/openstack_cloud/openstack_cloud.py", line 180, in exception_handling_wrapper
    return func(*args, **kwargs)
  File "/opt/pipx/venvs/github-runner-manager/lib/python3.10/site-packages/github_runner_manager/openstack_cloud/openstack_cloud.py", line 327, in launch_instance
    raise OpenStackError(f"Failed to create openstack server {instance_id}") from err
github_runner_manager.errors.OpenStackError: Failed to create openstack server test-xya04q2y-0-n-9e42ad78f3ca

The above exception was the direct cause of the following exception:

Traceback (most recent call last):
  File "/opt/pipx/venvs/github-runner-manager/lib/python3.10/site-packages/github_runner_manager/manager/runner_manager.py", line 236, in _spawn_runners_using_multiprocessing
    instance_id = next(jobs)
  File "/usr/lib/python3.10/multiprocessing/pool.py", line 873, in next
    raise value
  File "/usr/lib/python3.10/multiprocessing/pool.py", line 125, in worker
    result = (True, func(*args, **kwds))
  File "/opt/pipx/venvs/github-runner-manager/lib/python3.10/site-packages/github_runner_manager/manager/runner_manager.py", line 539, in _create_runner
    args.cloud_runner_manager.create_runner(
  File "/opt/pipx/venvs/github-runner-manager/lib/python3.10/site-packages/github_runner_manager/openstack_cloud/openstack_runner_manager.py", line 117, in create_runner
    raise RunnerCreateError(
github_runner_manager.errors.RunnerCreateError: Failed to create RunnerIdentity(instance_id=InstanceID('test-xya04q2y-0-n-9e42ad78f3ca'), metadata=RunnerMetadata(platform_name=<Platform.GITHUB: 'github'>, runner_id='233182', url=None)) openstack runner
2025-12-01 07:45:10,653 - ERROR - github_runner_manager.manager.runner_manager - Failed to spawn a runner.
Traceback (most recent call last):
  File "/opt/pipx/venvs/github-runner-manager/lib/python3.10/site-packages/github_runner_manager/openstack_cloud/openstack_cloud.py", line 290, in launch_instance
    server = conn.create_server(
  File "/opt/pipx/venvs/github-runner-manager/lib/python3.10/site-packages/decorator.py", line 235, in fun
    return caller(func, *(extras + args), **kw)
  File "/opt/pipx/venvs/github-runner-manager/lib/python3.10/site-packages/openstack/cloud/_utils.py", line 233, in func_wrapper
    return func(*args, **kwargs)
  File "/opt/pipx/venvs/github-runner-manager/lib/python3.10/site-packages/openstack/cloud/_compute.py", line 1075, in create_server
    server = self.compute.create_server(**kwargs)
  File "/opt/pipx/venvs/github-runner-manager/lib/python3.10/site-packages/openstack/compute/v2/_proxy.py", line 741, in create_server
    return self._create(_server.Server, **attrs)
  File "/opt/pipx/venvs/github-runner-manager/lib/python3.10/site-packages/openstack/proxy.py", line 770, in _create
    return res.create(self, base_path=base_path)
  File "/opt/pipx/venvs/github-runner-manager/lib/python3.10/site-packages/openstack/resource.py", line 1463, in create
    self._translate_response(
  File "/opt/pipx/venvs/github-runner-manager/lib/python3.10/site-packages/openstack/resource.py", line 1231, in _translate_response
    exceptions.raise_from_response(response, error_message=error_message)
  File "/opt/pipx/venvs/github-runner-manager/lib/python3.10/site-packages/openstack/exceptions.py", line 264, in raise_from_response
    raise cls(
openstack.exceptions.ForbiddenException: ForbiddenException: 403: Client Error for url: https://nova.ps7.canonical.com:8774/v2.1/servers, Maximum number of ports exceeded

The above exception was the direct cause of the following exception:

Traceback (most recent call last):
  File "/opt/pipx/venvs/github-runner-manager/lib/python3.10/site-packages/github_runner_manager/openstack_cloud/openstack_runner_manager.py", line 110, in create_runner
    instance = self._openstack_cloud.launch_instance(
  File "/opt/pipx/venvs/github-runner-manager/lib/python3.10/site-packages/github_runner_manager/openstack_cloud/openstack_cloud.py", line 180, in exception_handling_wrapper
    return func(*args, **kwargs)
  File "/opt/pipx/venvs/github-runner-manager/lib/python3.10/site-packages/github_runner_manager/openstack_cloud/openstack_cloud.py", line 327, in launch_instance
    raise OpenStackError(f"Failed to create openstack server {instance_id}") from err
github_runner_manager.errors.OpenStackError: Failed to create openstack server test-xya04q2y-0-n-7f327c5f3dd8

The above exception was the direct cause of the following exception:

Traceback (most recent call last):
  File "/opt/pipx/venvs/github-runner-manager/lib/python3.10/site-packages/github_runner_manager/manager/runner_manager.py", line 236, in _spawn_runners_using_multiprocessing
    instance_id = next(jobs)
  File "/usr/lib/python3.10/multiprocessing/pool.py", line 873, in next
    raise value
  File "/usr/lib/python3.10/multiprocessing/pool.py", line 125, in worker
    result = (True, func(*args, **kwds))
  File "/opt/pipx/venvs/github-runner-manager/lib/python3.10/site-packages/github_runner_manager/manager/runner_manager.py", line 539, in _create_runner
    args.cloud_runner_manager.create_runner(
  File "/opt/pipx/venvs/github-runner-manager/lib/python3.10/site-packages/github_runner_manager/openstack_cloud/openstack_runner_manager.py", line 117, in create_runner
    raise RunnerCreateError(
github_runner_manager.errors.RunnerCreateError: Failed to create RunnerIdentity(instance_id=InstanceID('test-xya04q2y-0-n-7f327c5f3dd8'), metadata=RunnerMetadata(platform_name=<Platform.GITHUB: 'github'>, runner_id='233183', url=None)) openstack runner
2025-12-01 07:45:10,654 - INFO - github_runner_manager.openstack_cloud.openstack_cloud - Getting all openstack servers managed by the charm
2025-12-01 07:45:11,931 - INFO - github_runner_manager.manager.runner_manager - list vms response: []
2025-12-01 07:45:12,860 - INFO - github_runner_manager.manager.runner_manager - runner health response RunnersHealthResponse(requested_runners=[], failed_requested_runners=[], non_requested_runners=[])
2025-12-01 07:45:12,860 - INFO - github_runner_manager.manager.runner_scaler - Found 0 busy runners: []
2025-12-01 07:45:12,860 - INFO - github_runner_manager.manager.runner_scaler - Found 0 idle runners: []
2025-12-01 07:45:12,860 - INFO - github_runner_manager.manager.runner_scaler - Found 0 offline runners that are healthy: []
2025-12-01 07:45:12,860 - INFO - github_runner_manager.manager.runner_scaler - Found 0 unhealthy runners: []
2025-12-01 07:45:12,861 - INFO - github_runner_manager.manager.runner_scaler - Current available runners (idle + healthy offline): set()
2025-12-01 07:45:12,861 - INFO - github_runner_manager.manager.runner_scaler - Current active runners: set()
2025-12-01 07:45:12,861 - INFO - github_runner_manager.manager.runner_scaler - Finished reconciliation.
2025-12-01 07:45:12,861 - INFO - github_runner_manager.reconcile_service - Change in number of runner after reconcile: 2
2025-12-01 07:45:12,861 - INFO - github_runner_manager.reconcile_service - End reconciliation
2025-12-01 07:45:31,207 - INFO - werkzeug - 127.0.0.1 - - [01/Dec/2025 07:45:31] "[35m[1mGET /health HTTP/1.1[0m" 204 -
2025-12-01 07:45:31,212 - INFO - github_runner_manager.http_server - Checking runners...
2025-12-01 07:45:31,231 - INFO - github_runner_manager.openstack_cloud.openstack_cloud - Getting all openstack servers managed by the charm
2025-12-01 07:45:31,568 - WARNING - github_runner_manager.openstack_cloud.openstack_cloud - The maximum compute API version 2.96 is greater than the supported version 2.91. Using the maximum supported version.
2025-12-01 07:45:32,947 - INFO - github_runner_manager.manager.runner_manager - list vms response: []
2025-12-01 07:45:33,787 - INFO - github_runner_manager.manager.runner_manager - runner health response RunnersHealthResponse(requested_runners=[], failed_requested_runners=[], non_requested_runners=[])
2025-12-01 07:45:33,788 - INFO - werkzeug - 127.0.0.1 - - [01/Dec/2025 07:45:33] "GET /runner/check HTTP/1.1" 200 -
2025-12-01 07:46:05,255 - INFO - werkzeug - 127.0.0.1 - - [01/Dec/2025 07:46:05] "[35m[1mGET /health HTTP/1.1[0m" 204 -
2025-12-01 07:46:05,261 - INFO - github_runner_manager.http_server - Checking runners...
2025-12-01 07:46:05,280 - INFO - github_runner_manager.openstack_cloud.openstack_cloud - Getting all openstack servers managed by the charm
2025-12-01 07:46:05,618 - WARNING - github_runner_manager.openstack_cloud.openstack_cloud - The maximum compute API version 2.96 is greater than the supported version 2.91. Using the maximum supported version.
2025-12-01 07:46:06,882 - INFO - github_runner_manager.manager.runner_manager - list vms response: []
2025-12-01 07:46:07,767 - INFO - github_runner_manager.manager.runner_manager - runner health response RunnersHealthResponse(requested_runners=[], failed_requested_runners=[], non_requested_runners=[])
2025-12-01 07:46:07,767 - INFO - werkzeug - 127.0.0.1 - - [01/Dec/2025 07:46:07] "GET /runner/check HTTP/1.1" 200 -
2025-12-01 07:46:39,305 - INFO - werkzeug - 127.0.0.1 - - [01/Dec/2025 07:46:39] "[35m[1mGET /health HTTP/1.1[0m" 204 -
2025-12-01 07:46:39,311 - INFO - github_runner_manager.http_server - Checking runners...
2025-12-01 07:46:39,334 - INFO - github_runner_manager.openstack_cloud.openstack_cloud - Getting all openstack servers managed by the charm
2025-12-01 07:46:39,685 - WARNING - github_runner_manager.openstack_cloud.openstack_cloud - The maximum compute API version 2.96 is greater than the supported version 2.91. Using the maximum supported version.
2025-12-01 07:46:40,927 - INFO - github_runner_manager.manager.runner_manager - list vms response: []
2025-12-01 07:46:41,804 - INFO - github_runner_manager.manager.runner_manager - runner health response RunnersHealthResponse(requested_runners=[], failed_requested_runners=[], non_requested_runners=[])
2025-12-01 07:46:41,805 - INFO - werkzeug - 127.0.0.1 - - [01/Dec/2025 07:46:41] "GET /runner/check HTTP/1.1" 200 -
2025-12-01 07:47:12,960 - INFO - github_runner_manager.reconcile_service - Start reconciliation
2025-12-01 07:47:12,960 - INFO - github_runner_manager.reconcile_service - Reconcile ID: feae6c96-9377-466f-882f-c5f63b58f82c
2025-12-01 07:47:13,004 - INFO - github_runner_manager.manager.runner_scaler - Start reconcile. base_quantity 2. max_quantity: 0.
2025-12-01 07:47:13,004 - INFO - github_runner_manager.manager.runner_manager - runner_manager::cleanup
2025-12-01 07:47:13,004 - INFO - github_runner_manager.openstack_cloud.openstack_cloud - Getting all openstack servers managed by the charm
2025-12-01 07:47:13,403 - WARNING - github_runner_manager.openstack_cloud.openstack_cloud - The maximum compute API version 2.96 is greater than the supported version 2.91. Using the maximum supported version.
2025-12-01 07:47:13,475 - INFO - werkzeug - 127.0.0.1 - - [01/Dec/2025 07:47:13] "[35m[1mGET /health HTTP/1.1[0m" 204 -
2025-12-01 07:47:13,481 - INFO - github_runner_manager.http_server - Checking runners...
2025-12-01 07:47:13,498 - INFO - github_runner_manager.openstack_cloud.openstack_cloud - Getting all openstack servers managed by the charm
2025-12-01 07:47:13,816 - WARNING - github_runner_manager.openstack_cloud.openstack_cloud - The maximum compute API version 2.96 is greater than the supported version 2.91. Using the maximum supported version.
2025-12-01 07:47:15,030 - INFO - github_runner_manager.manager.runner_manager - list vms response: []
2025-12-01 07:47:15,115 - INFO - github_runner_manager.manager.runner_manager - VMs: []
2025-12-01 07:47:15,861 - INFO - github_runner_manager.manager.runner_manager - runner health response RunnersHealthResponse(requested_runners=[], failed_requested_runners=[], non_requested_runners=[])
2025-12-01 07:47:15,862 - INFO - werkzeug - 127.0.0.1 - - [01/Dec/2025 07:47:15] "GET /runner/check HTTP/1.1" 200 -
2025-12-01 07:47:16,075 - INFO - github_runner_manager.manager.runner_manager - Runner health: RunnersHealthResponse(requested_runners=[], failed_requested_runners=[], non_requested_runners=[])
2025-12-01 07:47:17,400 - INFO - github_runner_manager.openstack_cloud.openstack_cloud - Cleaning up SSH key files
2025-12-01 07:47:17,400 - INFO - github_runner_manager.openstack_cloud.openstack_cloud - Found 0 key files, clean up 0 key files
2025-12-01 07:47:17,400 - INFO - github_runner_manager.openstack_cloud.openstack_cloud - Cleaning up openstack keypairs
2025-12-01 07:47:17,428 - INFO - github_runner_manager.manager.runner_manager - Cleaning up platform runners: []
2025-12-01 07:47:17,428 - INFO - github_runner_manager.platform.github_provider - Delete runners from GitHub provider: []
2025-12-01 07:47:17,428 - INFO - github_runner_manager.manager.runner_manager - Cleaned up platform runners: []
2025-12-01 07:47:17,428 - INFO - github_runner_manager.manager.runner_manager - Extracting metrics from VMs: []
2025-12-01 07:47:17,428 - INFO - github_runner_manager.manager.runner_manager - Cleaning up VMs: []
2025-12-01 07:47:17,428 - INFO - github_runner_manager.manager.runner_manager - Cleaned up VMs: []
2025-12-01 07:47:17,428 - INFO - github_runner_manager.openstack_cloud.openstack_cloud - Getting all openstack servers managed by the charm
2025-12-01 07:47:18,634 - INFO - github_runner_manager.manager.runner_manager - list vms response: []
2025-12-01 07:47:19,573 - INFO - github_runner_manager.manager.runner_manager - runner health response RunnersHealthResponse(requested_runners=[], failed_requested_runners=[], non_requested_runners=[])
2025-12-01 07:47:19,573 - INFO - github_runner_manager.manager.runner_scaler - Reconcile runners from 0 to 2
2025-12-01 07:47:19,573 - INFO - github_runner_manager.manager.runner_manager - Creating 2 runners
2025-12-01 07:47:20,070 - INFO - github_runner_manager.openstack_cloud.openstack_cloud - Creating openstack server with RunnerIdentity(instance_id=InstanceID('test-xya04q2y-0-n-8ad4fda38c62'), metadata=RunnerMetadata(platform_name=<Platform.GITHUB: 'github'>, runner_id='233186', url=None))
2025-12-01 07:47:20,202 - INFO - github_runner_manager.openstack_cloud.openstack_cloud - Creating openstack server with RunnerIdentity(instance_id=InstanceID('test-xya04q2y-0-n-de2682ff7976'), metadata=RunnerMetadata(platform_name=<Platform.GITHUB: 'github'>, runner_id='233187', url=None))
2025-12-01 07:47:21,474 - ERROR - github_runner_manager.openstack_cloud.openstack_cloud - Failed to create openstack server test-xya04q2y-0-n-8ad4fda38c62
Traceback (most recent call last):
  File "/opt/pipx/venvs/github-runner-manager/lib/python3.10/site-packages/github_runner_manager/openstack_cloud/openstack_cloud.py", line 290, in launch_instance
    server = conn.create_server(
  File "/opt/pipx/venvs/github-runner-manager/lib/python3.10/site-packages/decorator.py", line 235, in fun
    return caller(func, *(extras + args), **kw)
  File "/opt/pipx/venvs/github-runner-manager/lib/python3.10/site-packages/openstack/cloud/_utils.py", line 233, in func_wrapper
    return func(*args, **kwargs)
  File "/opt/pipx/venvs/github-runner-manager/lib/python3.10/site-packages/openstack/cloud/_compute.py", line 1075, in create_server
    server = self.compute.create_server(**kwargs)
  File "/opt/pipx/venvs/github-runner-manager/lib/python3.10/site-packages/openstack/compute/v2/_proxy.py", line 741, in create_server
    return self._create(_server.Server, **attrs)
  File "/opt/pipx/venvs/github-runner-manager/lib/python3.10/site-packages/openstack/proxy.py", line 770, in _create
    return res.create(self, base_path=base_path)
  File "/opt/pipx/venvs/github-runner-manager/lib/python3.10/site-packages/openstack/resource.py", line 1463, in create
    self._translate_response(
  File "/opt/pipx/venvs/github-runner-manager/lib/python3.10/site-packages/openstack/resource.py", line 1231, in _translate_response
    exceptions.raise_from_response(response, error_message=error_message)
  File "/opt/pipx/venvs/github-runner-manager/lib/python3.10/site-packages/openstack/exceptions.py", line 264, in raise_from_response
    raise cls(
openstack.exceptions.ForbiddenException: ForbiddenException: 403: Client Error for url: https://nova.ps7.canonical.com:8774/v2.1/servers, Maximum number of ports exceeded
2025-12-01 07:47:21,474 - INFO - github_runner_manager.openstack_cloud.openstack_cloud - Deleting key: test-xya04q2y-0-n-8ad4fda38c62
2025-12-01 07:47:21,498 - INFO - github_runner_manager.openstack_cloud.openstack_cloud - Deleted key: test-xya04q2y-0-n-8ad4fda38c62
2025-12-01 07:47:21,498 - WARNING - github_runner_manager.manager.runner_manager - Deleting runner test-xya04q2y-0-n-8ad4fda38c62 from platform after creation failed
2025-12-01 07:47:21,498 - INFO - github_runner_manager.platform.github_provider - Delete runners from GitHub provider: ['233186']
2025-12-01 07:47:21,633 - ERROR - github_runner_manager.openstack_cloud.openstack_cloud - Failed to create openstack server test-xya04q2y-0-n-de2682ff7976
Traceback (most recent call last):
  File "/opt/pipx/venvs/github-runner-manager/lib/python3.10/site-packages/github_runner_manager/openstack_cloud/openstack_cloud.py", line 290, in launch_instance
    server = conn.create_server(
  File "/opt/pipx/venvs/github-runner-manager/lib/python3.10/site-packages/decorator.py", line 235, in fun
    return caller(func, *(extras + args), **kw)
  File "/opt/pipx/venvs/github-runner-manager/lib/python3.10/site-packages/openstack/cloud/_utils.py", line 233, in func_wrapper
    return func(*args, **kwargs)
  File "/opt/pipx/venvs/github-runner-manager/lib/python3.10/site-packages/openstack/cloud/_compute.py", line 1075, in create_server
    server = self.compute.create_server(**kwargs)
  File "/opt/pipx/venvs/github-runner-manager/lib/python3.10/site-packages/openstack/compute/v2/_proxy.py", line 741, in create_server
    return self._create(_server.Server, **attrs)
  File "/opt/pipx/venvs/github-runner-manager/lib/python3.10/site-packages/openstack/proxy.py", line 770, in _create
    return res.create(self, base_path=base_path)
  File "/opt/pipx/venvs/github-runner-manager/lib/python3.10/site-packages/openstack/resource.py", line 1463, in create
    self._translate_response(
  File "/opt/pipx/venvs/github-runner-manager/lib/python3.10/site-packages/openstack/resource.py", line 1231, in _translate_response
    exceptions.raise_from_response(response, error_message=error_message)
  File "/opt/pipx/venvs/github-runner-manager/lib/python3.10/site-packages/openstack/exceptions.py", line 264, in raise_from_response
    raise cls(
openstack.exceptions.ForbiddenException: ForbiddenException: 403: Client Error for url: https://nova.ps7.canonical.com:8774/v2.1/servers, Maximum number of ports exceeded
2025-12-01 07:47:21,633 - INFO - github_runner_manager.openstack_cloud.openstack_cloud - Deleting key: test-xya04q2y-0-n-de2682ff7976
2025-12-01 07:47:21,659 - INFO - github_runner_manager.openstack_cloud.openstack_cloud - Deleted key: test-xya04q2y-0-n-de2682ff7976
2025-12-01 07:47:21,659 - WARNING - github_runner_manager.manager.runner_manager - Deleting runner test-xya04q2y-0-n-de2682ff7976 from platform after creation failed
2025-12-01 07:47:21,659 - INFO - github_runner_manager.platform.github_provider - Delete runners from GitHub provider: ['233187']
2025-12-01 07:47:21,945 - ERROR - github_runner_manager.manager.runner_manager - Failed to spawn a runner.
Traceback (most recent call last):
  File "/opt/pipx/venvs/github-runner-manager/lib/python3.10/site-packages/github_runner_manager/openstack_cloud/openstack_cloud.py", line 290, in launch_instance
    server = conn.create_server(
  File "/opt/pipx/venvs/github-runner-manager/lib/python3.10/site-packages/decorator.py", line 235, in fun
    return caller(func, *(extras + args), **kw)
  File "/opt/pipx/venvs/github-runner-manager/lib/python3.10/site-packages/openstack/cloud/_utils.py", line 233, in func_wrapper
    return func(*args, **kwargs)
  File "/opt/pipx/venvs/github-runner-manager/lib/python3.10/site-packages/openstack/cloud/_compute.py", line 1075, in create_server
    server = self.compute.create_server(**kwargs)
  File "/opt/pipx/venvs/github-runner-manager/lib/python3.10/site-packages/openstack/compute/v2/_proxy.py", line 741, in create_server
    return self._create(_server.Server, **attrs)
  File "/opt/pipx/venvs/github-runner-manager/lib/python3.10/site-packages/openstack/proxy.py", line 770, in _create
    return res.create(self, base_path=base_path)
  File "/opt/pipx/venvs/github-runner-manager/lib/python3.10/site-packages/openstack/resource.py", line 1463, in create
    self._translate_response(
  File "/opt/pipx/venvs/github-runner-manager/lib/python3.10/site-packages/openstack/resource.py", line 1231, in _translate_response
    exceptions.raise_from_response(response, error_message=error_message)
  File "/opt/pipx/venvs/github-runner-manager/lib/python3.10/site-packages/openstack/exceptions.py", line 264, in raise_from_response
    raise cls(
openstack.exceptions.ForbiddenException: ForbiddenException: 403: Client Error for url: https://nova.ps7.canonical.com:8774/v2.1/servers, Maximum number of ports exceeded

The above exception was the direct cause of the following exception:

Traceback (most recent call last):
  File "/opt/pipx/venvs/github-runner-manager/lib/python3.10/site-packages/github_runner_manager/openstack_cloud/openstack_runner_manager.py", line 110, in create_runner
    instance = self._openstack_cloud.launch_instance(
  File "/opt/pipx/venvs/github-runner-manager/lib/python3.10/site-packages/github_runner_manager/openstack_cloud/openstack_cloud.py", line 180, in exception_handling_wrapper
    return func(*args, **kwargs)
  File "/opt/pipx/venvs/github-runner-manager/lib/python3.10/site-packages/github_runner_manager/openstack_cloud/openstack_cloud.py", line 327, in launch_instance
    raise OpenStackError(f"Failed to create openstack server {instance_id}") from err
github_runner_manager.errors.OpenStackError: Failed to create openstack server test-xya04q2y-0-n-8ad4fda38c62

The above exception was the direct cause of the following exception:

Traceback (most recent call last):
  File "/opt/pipx/venvs/github-runner-manager/lib/python3.10/site-packages/github_runner_manager/manager/runner_manager.py", line 236, in _spawn_runners_using_multiprocessing
    instance_id = next(jobs)
  File "/usr/lib/python3.10/multiprocessing/pool.py", line 873, in next
    raise value
  File "/usr/lib/python3.10/multiprocessing/pool.py", line 125, in worker
    result = (True, func(*args, **kwds))
  File "/opt/pipx/venvs/github-runner-manager/lib/python3.10/site-packages/github_runner_manager/manager/runner_manager.py", line 539, in _create_runner
    args.cloud_runner_manager.create_runner(
  File "/opt/pipx/venvs/github-runner-manager/lib/python3.10/site-packages/github_runner_manager/openstack_cloud/openstack_runner_manager.py", line 117, in create_runner
    raise RunnerCreateError(
github_runner_manager.errors.RunnerCreateError: Failed to create RunnerIdentity(instance_id=InstanceID('test-xya04q2y-0-n-8ad4fda38c62'), metadata=RunnerMetadata(platform_name=<Platform.GITHUB: 'github'>, runner_id='233186', url=None)) openstack runner
2025-12-01 07:47:22,088 - ERROR - github_runner_manager.manager.runner_manager - Failed to spawn a runner.
Traceback (most recent call last):
  File "/opt/pipx/venvs/github-runner-manager/lib/python3.10/site-packages/github_runner_manager/openstack_cloud/openstack_cloud.py", line 290, in launch_instance
    server = conn.create_server(
  File "/opt/pipx/venvs/github-runner-manager/lib/python3.10/site-packages/decorator.py", line 235, in fun
    return caller(func, *(extras + args), **kw)
  File "/opt/pipx/venvs/github-runner-manager/lib/python3.10/site-packages/openstack/cloud/_utils.py", line 233, in func_wrapper
    return func(*args, **kwargs)
  File "/opt/pipx/venvs/github-runner-manager/lib/python3.10/site-packages/openstack/cloud/_compute.py", line 1075, in create_server
    server = self.compute.create_server(**kwargs)
  File "/opt/pipx/venvs/github-runner-manager/lib/python3.10/site-packages/openstack/compute/v2/_proxy.py", line 741, in create_server
    return self._create(_server.Server, **attrs)
  File "/opt/pipx/venvs/github-runner-manager/lib/python3.10/site-packages/openstack/proxy.py", line 770, in _create
    return res.create(self, base_path=base_path)
  File "/opt/pipx/venvs/github-runner-manager/lib/python3.10/site-packages/openstack/resource.py", line 1463, in create
    self._translate_response(
  File "/opt/pipx/venvs/github-runner-manager/lib/python3.10/site-packages/openstack/resource.py", line 1231, in _translate_response
    exceptions.raise_from_response(response, error_message=error_message)
  File "/opt/pipx/venvs/github-runner-manager/lib/python3.10/site-packages/openstack/exceptions.py", line 264, in raise_from_response
    raise cls(
openstack.exceptions.ForbiddenException: ForbiddenException: 403: Client Error for url: https://nova.ps7.canonical.com:8774/v2.1/servers, Maximum number of ports exceeded

The above exception was the direct cause of the following exception:

Traceback (most recent call last):
  File "/opt/pipx/venvs/github-runner-manager/lib/python3.10/site-packages/github_runner_manager/openstack_cloud/openstack_runner_manager.py", line 110, in create_runner
    instance = self._openstack_cloud.launch_instance(
  File "/opt/pipx/venvs/github-runner-manager/lib/python3.10/site-packages/github_runner_manager/openstack_cloud/openstack_cloud.py", line 180, in exception_handling_wrapper
    return func(*args, **kwargs)
  File "/opt/pipx/venvs/github-runner-manager/lib/python3.10/site-packages/github_runner_manager/openstack_cloud/openstack_cloud.py", line 327, in launch_instance
    raise OpenStackError(f"Failed to create openstack server {instance_id}") from err
github_runner_manager.errors.OpenStackError: Failed to create openstack server test-xya04q2y-0-n-de2682ff7976

The above exception was the direct cause of the following exception:

Traceback (most recent call last):
  File "/opt/pipx/venvs/github-runner-manager/lib/python3.10/site-packages/github_runner_manager/manager/runner_manager.py", line 236, in _spawn_runners_using_multiprocessing
    instance_id = next(jobs)
  File "/usr/lib/python3.10/multiprocessing/pool.py", line 873, in next
    raise value
  File "/usr/lib/python3.10/multiprocessing/pool.py", line 125, in worker
    result = (True, func(*args, **kwds))
  File "/opt/pipx/venvs/github-runner-manager/lib/python3.10/site-packages/github_runner_manager/manager/runner_manager.py", line 539, in _create_runner
    args.cloud_runner_manager.create_runner(
  File "/opt/pipx/venvs/github-runner-manager/lib/python3.10/site-packages/github_runner_manager/openstack_cloud/openstack_runner_manager.py", line 117, in create_runner
    raise RunnerCreateError(
github_runner_manager.errors.RunnerCreateError: Failed to create RunnerIdentity(instance_id=InstanceID('test-xya04q2y-0-n-de2682ff7976'), metadata=RunnerMetadata(platform_name=<Platform.GITHUB: 'github'>, runner_id='233187', url=None)) openstack runner
2025-12-01 07:47:22,089 - INFO - github_runner_manager.openstack_cloud.openstack_cloud - Getting all openstack servers managed by the charm
2025-12-01 07:47:23,355 - INFO - github_runner_manager.manager.runner_manager - list vms response: []
2025-12-01 07:47:24,292 - INFO - github_runner_manager.manager.runner_manager - runner health response RunnersHealthResponse(requested_runners=[], failed_requested_runners=[], non_requested_runners=[])
2025-12-01 07:47:24,292 - INFO - github_runner_manager.manager.runner_scaler - Found 0 busy runners: []
2025-12-01 07:47:24,293 - INFO - github_runner_manager.manager.runner_scaler - Found 0 idle runners: []
2025-12-01 07:47:24,293 - INFO - github_runner_manager.manager.runner_scaler - Found 0 offline runners that are healthy: []
2025-12-01 07:47:24,293 - INFO - github_runner_manager.manager.runner_scaler - Found 0 unhealthy runners: []
2025-12-01 07:47:24,293 - INFO - github_runner_manager.manager.runner_scaler - Current available runners (idle + healthy offline): set()
2025-12-01 07:47:24,293 - INFO - github_runner_manager.manager.runner_scaler - Current active runners: set()
2025-12-01 07:47:24,294 - INFO - github_runner_manager.manager.runner_scaler - Finished reconciliation.
2025-12-01 07:47:24,295 - INFO - github_runner_manager.reconcile_service - Change in number of runner after reconcile: 2
2025-12-01 07:47:24,295 - INFO - github_runner_manager.reconcile_service - End reconciliation
2025-12-01 07:47:48,228 - INFO - root - Starting GitHub runner manager service version: 0.7.0
2025-12-01 07:47:48,233 - INFO - github_runner_manager.http_server - Starting the server...
 * Serving Flask app 'github_runner_manager.http_server'
 * Debug mode: off
2025-12-01 07:47:48,234 - INFO - werkzeug - [31m[1mWARNING: This is a development server. Do not use it in a production deployment. Use a production WSGI server instead.[0m
 * Running on http://127.0.0.1:55555
2025-12-01 07:47:48,234 - INFO - werkzeug - [33mPress CTRL+C to quit[0m
2025-12-01 07:47:48,234 - INFO - github_runner_manager.reconcile_service - Starting the reconcile service...
2025-12-01 07:47:48,234 - INFO - github_runner_manager.reconcile_service - Start reconciliation
2025-12-01 07:47:48,234 - INFO - github_runner_manager.reconcile_service - Reconcile ID: 593340eb-148c-450c-bfd8-7c0c146a5199
2025-12-01 07:47:48,253 - INFO - github_runner_manager.manager.runner_scaler - Start reconcile. base_quantity 0. max_quantity: 0.
2025-12-01 07:47:48,254 - INFO - github_runner_manager.manager.runner_manager - runner_manager::cleanup
2025-12-01 07:47:48,254 - INFO - github_runner_manager.openstack_cloud.openstack_cloud - Getting all openstack servers managed by the charm
2025-12-01 07:47:48,584 - WARNING - github_runner_manager.openstack_cloud.openstack_cloud - The maximum compute API version 2.96 is greater than the supported version 2.91. Using the maximum supported version.
2025-12-01 07:47:50,521 - INFO - github_runner_manager.manager.runner_manager - VMs: []
2025-12-01 07:47:51,515 - INFO - github_runner_manager.manager.runner_manager - Runner health: RunnersHealthResponse(requested_runners=[], failed_requested_runners=[], non_requested_runners=[])
2025-12-01 07:47:52,772 - INFO - github_runner_manager.openstack_cloud.openstack_cloud - Cleaning up SSH key files
2025-12-01 07:47:52,772 - INFO - github_runner_manager.openstack_cloud.openstack_cloud - Found 0 key files, clean up 0 key files
2025-12-01 07:47:52,772 - INFO - github_runner_manager.openstack_cloud.openstack_cloud - Cleaning up openstack keypairs
2025-12-01 07:47:52,798 - INFO - github_runner_manager.manager.runner_manager - Cleaning up platform runners: []
2025-12-01 07:47:52,798 - INFO - github_runner_manager.platform.github_provider - Delete runners from GitHub provider: []
2025-12-01 07:47:52,798 - INFO - github_runner_manager.manager.runner_manager - Cleaned up platform runners: []
2025-12-01 07:47:52,799 - INFO - github_runner_manager.manager.runner_manager - Extracting metrics from VMs: []
2025-12-01 07:47:52,799 - INFO - github_runner_manager.manager.runner_manager - Cleaning up VMs: []
2025-12-01 07:47:52,799 - INFO - github_runner_manager.manager.runner_manager - Cleaned up VMs: []
2025-12-01 07:47:52,799 - INFO - github_runner_manager.openstack_cloud.openstack_cloud - Getting all openstack servers managed by the charm
2025-12-01 07:47:54,073 - INFO - github_runner_manager.manager.runner_manager - list vms response: []
2025-12-01 07:47:55,078 - INFO - github_runner_manager.manager.runner_manager - runner health response RunnersHealthResponse(requested_runners=[], failed_requested_runners=[], non_requested_runners=[])
2025-12-01 07:47:55,078 - INFO - github_runner_manager.manager.runner_scaler - Reconcile runners from 0 to 0
2025-12-01 07:47:55,078 - INFO - github_runner_manager.manager.runner_scaler - No changes to the number of runners.
2025-12-01 07:47:55,078 - INFO - github_runner_manager.openstack_cloud.openstack_cloud - Getting all openstack servers managed by the charm
2025-12-01 07:47:56,349 - INFO - github_runner_manager.manager.runner_manager - list vms response: []
2025-12-01 07:47:57,431 - INFO - github_runner_manager.manager.runner_manager - runner health response RunnersHealthResponse(requested_runners=[], failed_requested_runners=[], non_requested_runners=[])
2025-12-01 07:47:57,432 - INFO - github_runner_manager.manager.runner_scaler - Found 0 busy runners: []
2025-12-01 07:47:57,432 - INFO - github_runner_manager.manager.runner_scaler - Found 0 idle runners: []
2025-12-01 07:47:57,432 - INFO - github_runner_manager.manager.runner_scaler - Found 0 offline runners that are healthy: []
2025-12-01 07:47:57,432 - INFO - github_runner_manager.manager.runner_scaler - Found 0 unhealthy runners: []
2025-12-01 07:47:57,432 - INFO - github_runner_manager.manager.runner_scaler - Current available runners (idle + healthy offline): set()
2025-12-01 07:47:57,432 - INFO - github_runner_manager.manager.runner_scaler - Current active runners: set()
2025-12-01 07:47:57,432 - INFO - github_runner_manager.manager.runner_scaler - Finished reconciliation.
2025-12-01 07:47:57,432 - INFO - github_runner_manager.reconcile_service - Change in number of runner after reconcile: 0
2025-12-01 07:47:57,432 - INFO - github_runner_manager.reconcile_service - End reconciliation
2025-12-01 07:48:02,893 - INFO - werkzeug - 127.0.0.1 - - [01/Dec/2025 07:48:02] "[35m[1mGET /health HTTP/1.1[0m" 204 -
2025-12-01 07:49:57,533 - INFO - github_runner_manager.reconcile_service - Start reconciliation
2025-12-01 07:49:57,533 - INFO - github_runner_manager.reconcile_service - Reconcile ID: 3911f46d-b44e-47d3-a8ed-e38d3d31baa6
2025-12-01 07:49:57,552 - INFO - github_runner_manager.manager.runner_scaler - Start reconcile. base_quantity 0. max_quantity: 0.
2025-12-01 07:49:57,552 - INFO - github_runner_manager.manager.runner_manager - runner_manager::cleanup
2025-12-01 07:49:57,552 - INFO - github_runner_manager.openstack_cloud.openstack_cloud - Getting all openstack servers managed by the charm
2025-12-01 07:49:57,896 - WARNING - github_runner_manager.openstack_cloud.openstack_cloud - The maximum compute API version 2.96 is greater than the supported version 2.91. Using the maximum supported version.
2025-12-01 07:49:59,640 - INFO - github_runner_manager.manager.runner_manager - VMs: []
2025-12-01 07:50:00,598 - INFO - github_runner_manager.manager.runner_manager - Runner health: RunnersHealthResponse(requested_runners=[], failed_requested_runners=[], non_requested_runners=[])
2025-12-01 07:50:02,356 - INFO - github_runner_manager.openstack_cloud.openstack_cloud - Cleaning up SSH key files
2025-12-01 07:50:02,357 - INFO - github_runner_manager.openstack_cloud.openstack_cloud - Found 0 key files, clean up 0 key files
2025-12-01 07:50:02,357 - INFO - github_runner_manager.openstack_cloud.openstack_cloud - Cleaning up openstack keypairs
2025-12-01 07:50:02,390 - INFO - github_runner_manager.manager.runner_manager - Cleaning up platform runners: []
2025-12-01 07:50:02,390 - INFO - github_runner_manager.platform.github_provider - Delete runners from GitHub provider: []
2025-12-01 07:50:02,390 - INFO - github_runner_manager.manager.runner_manager - Cleaned up platform runners: []
2025-12-01 07:50:02,390 - INFO - github_runner_manager.manager.runner_manager - Extracting metrics from VMs: []
2025-12-01 07:50:02,390 - INFO - github_runner_manager.manager.runner_manager - Cleaning up VMs: []
2025-12-01 07:50:02,390 - INFO - github_runner_manager.manager.runner_manager - Cleaned up VMs: []
2025-12-01 07:50:02,390 - INFO - github_runner_manager.openstack_cloud.openstack_cloud - Getting all openstack servers managed by the charm
2025-12-01 07:50:03,647 - INFO - github_runner_manager.manager.runner_manager - list vms response: []
2025-12-01 07:50:04,543 - INFO - github_runner_manager.manager.runner_manager - runner health response RunnersHealthResponse(requested_runners=[], failed_requested_runners=[], non_requested_runners=[])
2025-12-01 07:50:04,543 - INFO - github_runner_manager.manager.runner_scaler - Reconcile runners from 0 to 0
2025-12-01 07:50:04,543 - INFO - github_runner_manager.manager.runner_scaler - No changes to the number of runners.
2025-12-01 07:50:04,543 - INFO - github_runner_manager.openstack_cloud.openstack_cloud - Getting all openstack servers managed by the charm
2025-12-01 07:50:05,758 - INFO - github_runner_manager.manager.runner_manager - list vms response: []
2025-12-01 07:50:06,670 - INFO - github_runner_manager.manager.runner_manager - runner health response RunnersHealthResponse(requested_runners=[], failed_requested_runners=[], non_requested_runners=[])
2025-12-01 07:50:06,670 - INFO - github_runner_manager.manager.runner_scaler - Found 0 busy runners: []
2025-12-01 07:50:06,670 - INFO - github_runner_manager.manager.runner_scaler - Found 0 idle runners: []
2025-12-01 07:50:06,670 - INFO - github_runner_manager.manager.runner_scaler - Found 0 offline runners that are healthy: []
2025-12-01 07:50:06,670 - INFO - github_runner_manager.manager.runner_scaler - Found 0 unhealthy runners: []
2025-12-01 07:50:06,671 - INFO - github_runner_manager.manager.runner_scaler - Current available runners (idle + healthy offline): set()
2025-12-01 07:50:06,671 - INFO - github_runner_manager.manager.runner_scaler - Current active runners: set()
2025-12-01 07:50:06,671 - INFO - github_runner_manager.manager.runner_scaler - Finished reconciliation.
2025-12-01 07:50:06,671 - INFO - github_runner_manager.reconcile_service - Change in number of runner after reconcile: 0
2025-12-01 07:50:06,671 - INFO - github_runner_manager.reconcile_service - End reconciliation

07:50:27 INFO Reactive log: 
cat: '/var/log/reactive_runner/*.log': No such file or directory

07:50:28 INFO Metrics log: 
{"timestamp": 1764574400.4995615, "event": "reconciliation", "flavor": "test-xya04q2y", "crashed_runners": 0, "idle_runners": 0, "active_runners": 0, "expected_runners": 0, "duration": 8.179920196533203}
{"timestamp": 1764574440.598199, "event": "reconciliation", "flavor": "test-xya04q2y", "crashed_runners": 0, "idle_runners": 0, "active_runners": 0, "expected_runners": 2, "duration": 10.301700592041016}
{"timestamp": 1764574571.4443512, "event": "reconciliation", "flavor": "test-xya04q2y", "crashed_runners": 0, "idle_runners": 0, "active_runners": 0, "expected_runners": 2, "duration": 10.812684059143066}
{"timestamp": 1764574702.544414, "event": "reconciliation", "flavor": "test-xya04q2y", "crashed_runners": 0, "idle_runners": 0, "active_runners": 0, "expected_runners": 2, "duration": 11.072889566421509}
{"timestamp": 1764574849.983383, "event": "reconciliation", "flavor": "test-xya04q2y", "crashed_runners": 0, "idle_runners": 0, "active_runners": 0, "expected_runners": 2, "duration": 27.369479179382324}
{"timestamp": 1764574980.7502701, "event": "reconciliation", "flavor": "test-xya04q2y", "crashed_runners": 0, "idle_runners": 0, "active_runners": 0, "expected_runners": 2, "duration": 10.678948402404785}
{"timestamp": 1764575112.8611386, "event": "reconciliation", "flavor": "test-xya04q2y", "crashed_runners": 0, "idle_runners": 0, "active_runners": 0, "expected_runners": 2, "duration": 11.98893928527832}
{"timestamp": 1764575244.2932086, "event": "reconciliation", "flavor": "test-xya04q2y", "crashed_runners": 0, "idle_runners": 0, "active_runners": 0, "expected_runners": 2, "duration": 11.288959264755249}
{"timestamp": 1764575277.4323645, "event": "reconciliation", "flavor": "test-xya04q2y", "crashed_runners": 0, "idle_runners": 0, "active_runners": 0, "expected_runners": 0, "duration": 9.178154230117798}
{"timestamp": 1764575406.6711047, "event": "reconciliation", "flavor": "test-xya04q2y", "crashed_runners": 0, "idle_runners": 0, "active_runners": 0, "expected_runners": 0, "duration": 9.118854761123657}

07:50:29 INFO OpenStack servers: []
07:50:29 INFO Model status:

Model                   Controller           Cloud/Region         Version  SLA          Timestamp
test-charm-runner-p7g4  github-pr-932c5-lxd  localhost/localhost  3.6.12   unsupported  07:50:29Z

App                                   Version  Status  Scale  Charm          Channel      Rev  Exposed  Message
github-runner-image-builder-xya04q2y           active      1  any-charm      latest/beta  124  no       
test-xya04q2y                                  active      1  github-runner                 0  no       

Unit                                     Workload  Agent  Machine  Public address  Ports  Message
github-runner-image-builder-xya04q2y/0*  active    idle   0        10.125.14.143          
test-xya04q2y/0*                         active    idle   1        10.125.14.206          

Machine  State    Address        Inst id        Base          AZ             Message
0        started  10.125.14.143  juju-529a54-0  ubuntu@24.04  github-runner  Running
1        started  10.125.14.206  juju-529a54-1  ubuntu@22.04  github-runner  Running

07:50:29 INFO Juju error logs:

machine-0: 07:31:05 ERROR juju.worker.dependency "lxd-container-provisioner" manifold worker returned unexpected error: container types not yet available
machine-0: 07:31:05 ERROR juju.worker.dependency "kvm-container-provisioner" manifold worker returned unexpected error: container types not yet available
machine-1: 07:32:01 ERROR juju.worker.dependency "kvm-container-provisioner" manifold worker returned unexpected error: container types not yet available
machine-1: 07:32:01 ERROR juju.worker.dependency "lxd-container-provisioner" manifold worker returned unexpected error: container types not yet available
unit-test-xya04q2y-0: 07:33:08 ERROR unit.test-xya04q2y/0.juju-log Missing image integration.
Traceback (most recent call last):
  File "/var/lib/juju/agents/unit-test-xya04q2y-0/charm/./src/charm.py", line 118, in func_with_catch_errors
    func(self, event)
  File "/var/lib/juju/agents/unit-test-xya04q2y-0/charm/./src/charm.py", line 342, in _on_config_changed
    self._check_image_ready()
  File "/var/lib/juju/agents/unit-test-xya04q2y-0/charm/./src/charm.py", line 512, in _check_image_ready
    raise ImageIntegrationMissingError("No image integration found")
errors.ImageIntegrationMissingError: No image integration found
unit-test-xya04q2y-0: 07:33:09 ERROR unit.test-xya04q2y/0.juju-log Missing image integration.
Traceback (most recent call last):
  File "/var/lib/juju/agents/unit-test-xya04q2y-0/charm/./src/charm.py", line 118, in func_with_catch_errors
    func(self, event)
  File "/var/lib/juju/agents/unit-test-xya04q2y-0/charm/./src/charm.py", line 313, in _on_start
    self._check_image_ready()
  File "/var/lib/juju/agents/unit-test-xya04q2y-0/charm/./src/charm.py", line 512, in _check_image_ready
    raise ImageIntegrationMissingError("No image integration found")
errors.ImageIntegrationMissingError: No image integration found

07:50:29 INFO Forgetting model main...