18:26:04 WARNING unexpected facade SSHServer received from the controller
18:26:04 INFO Adding model github-pr-77d1e-lxd:test-charm-upgrade-q96r on cloud localhost
18:26:05 WARNING unexpected facade SSHServer received from the controller
18:26:05 WARNING unexpected facade SSHSession received from the controller
18:26:05 WARNING unexpected facade SSHTunneler received from the controller
18:26:07 INFO Deploying ch:amd64/jammy/github-runner-image-builder-110
18:26:35 INFO Deploying local:jammy/github-runner-0
18:26:36 INFO Waiting for model:
  test-cfr4c3cs/0 [allocating] waiting: waiting for machine
  github-runner-image-builder-cfr4c3cs/0 [allocating] waiting: waiting for machine
18:27:06 INFO Waiting for model:
  test-cfr4c3cs/0 [allocating] waiting: waiting for machine
  github-runner-image-builder-cfr4c3cs/0 [allocating] waiting: waiting for machine
18:27:36 INFO Waiting for model:
  test-cfr4c3cs/0 [allocating] waiting: waiting for machine
  github-runner-image-builder-cfr4c3cs/0 [allocating] waiting: waiting for machine
18:28:06 INFO Waiting for model:
  test-cfr4c3cs/0 [allocating] waiting: agent initialising
  github-runner-image-builder-cfr4c3cs/0 [allocating] waiting: agent initialising
18:28:36 INFO Waiting for model:
  test-cfr4c3cs/0 [executing] maintenance: installing charm software
  github-runner-image-builder-cfr4c3cs/0 [executing] maintenance: Setting up Builder.
18:29:06 INFO Waiting for model:
  test-cfr4c3cs/0 [executing] maintenance: installing charm software
  github-runner-image-builder-cfr4c3cs/0 [executing] maintenance: Setting up Builder.
18:29:36 INFO Waiting for model:
  test-cfr4c3cs/0 [executing] blocked: Please provide image integration.
  github-runner-image-builder-cfr4c3cs/0 [executing] maintenance: Setting up Builder.
18:30:06 INFO Waiting for model:
  test-cfr4c3cs/0 [idle] blocked: Please provide image integration.
  github-runner-image-builder-cfr4c3cs/0 [executing] maintenance: Setting up Builder.
18:30:36 INFO Waiting for model:
  test-cfr4c3cs/0 [idle] blocked: Please provide image integration.
  github-runner-image-builder-cfr4c3cs/0 [executing] maintenance: Setting up Builder.
18:31:06 INFO Waiting for model:
  test-cfr4c3cs/0 [idle] blocked: Please provide image integration.
  github-runner-image-builder-cfr4c3cs/0 [executing] maintenance: Setting up Builder.
18:31:36 INFO Waiting for model:
  test-cfr4c3cs/0 [idle] waiting: Waiting for image over integration.
  github-runner-image-builder-cfr4c3cs/0 [executing] blocked: image integration required.
18:32:06 INFO Waiting for model:
  test-cfr4c3cs/0 [idle] waiting: Waiting for image over integration.
  github-runner-image-builder-cfr4c3cs/0 [executing] active: Building image.
18:32:36 INFO Waiting for model:
  test-cfr4c3cs/0 [idle] waiting: Waiting for image over integration.
  github-runner-image-builder-cfr4c3cs/0 [executing] active: Building image.
18:33:06 INFO Waiting for model:
  test-cfr4c3cs/0 [idle] waiting: Waiting for image over integration.
  github-runner-image-builder-cfr4c3cs/0 [executing] active: Building image.
18:33:36 INFO Waiting for model:
  test-cfr4c3cs/0 [idle] waiting: Waiting for image over integration.
  github-runner-image-builder-cfr4c3cs/0 [executing] active: Building image.
18:34:06 INFO Waiting for model:
  test-cfr4c3cs/0 [idle] waiting: Waiting for image over integration.
  github-runner-image-builder-cfr4c3cs/0 [executing] active: Building image.
18:34:36 INFO Waiting for model:
  test-cfr4c3cs/0 [idle] waiting: Waiting for image over integration.
  github-runner-image-builder-cfr4c3cs/0 [executing] active: Building image.
18:35:07 INFO Waiting for model:
  test-cfr4c3cs/0 [idle] waiting: Waiting for image over integration.
  github-runner-image-builder-cfr4c3cs/0 [executing] active: Building image.
18:35:37 INFO Waiting for model:
  test-cfr4c3cs/0 [idle] waiting: Waiting for image over integration.
  github-runner-image-builder-cfr4c3cs/0 [executing] active: Building image.
18:36:07 INFO Waiting for model:
  test-cfr4c3cs/0 [idle] waiting: Waiting for image over integration.
  github-runner-image-builder-cfr4c3cs/0 [executing] active: Building image.
18:36:37 INFO Waiting for model:
  test-cfr4c3cs/0 [idle] waiting: Waiting for image over integration.
  github-runner-image-builder-cfr4c3cs/0 [executing] active: Building image.
18:37:07 INFO Waiting for model:
  test-cfr4c3cs/0 [idle] waiting: Waiting for image over integration.
  github-runner-image-builder-cfr4c3cs/0 [executing] active: Building image.
18:37:37 INFO Waiting for model:
  test-cfr4c3cs/0 [idle] waiting: Waiting for image over integration.
  github-runner-image-builder-cfr4c3cs/0 [executing] active: Building image.
18:38:07 INFO Waiting for model:
  test-cfr4c3cs/0 [idle] waiting: Waiting for image over integration.
  github-runner-image-builder-cfr4c3cs/0 [executing] active: Building image.
18:38:37 INFO Waiting for model:
  test-cfr4c3cs/0 [idle] waiting: Waiting for image over integration.
  github-runner-image-builder-cfr4c3cs/0 [executing] active: Building image.
18:39:07 INFO Waiting for model:
  test-cfr4c3cs/0 [idle] waiting: Waiting for image over integration.
  github-runner-image-builder-cfr4c3cs/0 [executing] active: Building image.
18:39:37 INFO Waiting for model:
  test-cfr4c3cs/0 [idle] waiting: Waiting for image over integration.
  github-runner-image-builder-cfr4c3cs/0 [executing] active: Building image.
18:40:07 INFO Waiting for model:
  test-cfr4c3cs/0 [idle] waiting: Waiting for image over integration.
  github-runner-image-builder-cfr4c3cs/0 [executing] active: Building image.
18:40:37 INFO Waiting for model:
  test-cfr4c3cs/0 [idle] waiting: Waiting for image over integration.
  github-runner-image-builder-cfr4c3cs/0 [executing] active: Building image.
18:41:07 INFO Waiting for model:
  test-cfr4c3cs/0 [idle] waiting: Waiting for image over integration.
  github-runner-image-builder-cfr4c3cs/0 [executing] active: Building image.
18:41:37 INFO Waiting for model:
  test-cfr4c3cs/0 [idle] waiting: Waiting for image over integration.
  github-runner-image-builder-cfr4c3cs/0 [executing] active: Building image.
18:42:07 INFO Waiting for model:
  test-cfr4c3cs/0 [idle] waiting: Waiting for image over integration.
  github-runner-image-builder-cfr4c3cs/0 [executing] active: Building image.
18:42:37 INFO Waiting for model:
  test-cfr4c3cs/0 [idle] waiting: Waiting for image over integration.
  github-runner-image-builder-cfr4c3cs/0 [executing] active: Building image.
18:43:07 INFO Waiting for model:
  test-cfr4c3cs/0 [idle] waiting: Waiting for image over integration.
  github-runner-image-builder-cfr4c3cs/0 [executing] active: Building image.
18:43:37 INFO Waiting for model:
  test-cfr4c3cs/0 [idle] waiting: Waiting for image over integration.
  github-runner-image-builder-cfr4c3cs/0 [executing] active: Building image.
18:44:08 INFO Waiting for model:
  test-cfr4c3cs/0 [idle] waiting: Waiting for image over integration.
  github-runner-image-builder-cfr4c3cs/0 [executing] active: Building image.
18:44:38 INFO Waiting for model:
  test-cfr4c3cs/0 [idle] waiting: Waiting for image over integration.
  github-runner-image-builder-cfr4c3cs/0 [executing] active: Building image.
18:45:08 INFO Waiting for model:
  test-cfr4c3cs/0 [idle] waiting: Waiting for image over integration.
  github-runner-image-builder-cfr4c3cs/0 [executing] active: Building image.
18:45:38 INFO Waiting for model:
  test-cfr4c3cs/0 [idle] waiting: Waiting for image over integration.
  github-runner-image-builder-cfr4c3cs/0 [executing] active: Building image.
18:46:08 INFO Waiting for model:
  test-cfr4c3cs/0 [executing] maintenance: Update image for runners
  github-runner-image-builder-cfr4c3cs/0 [idle] active: 
18:46:38 INFO Waiting for model:
  test-cfr4c3cs/0 [idle] active: 
18:49:29 INFO Waiting for model:
  test-cfr4c3cs/0 [idle] active:
18:50:04 INFO Model status:

Model                    Controller           Cloud/Region         Version  SLA          Timestamp
test-charm-upgrade-q96r  github-pr-77d1e-lxd  localhost/localhost  3.6.9    unsupported  18:50:04Z

App                                   Version  Status  Scale  Charm                        Channel      Rev  Exposed  Message
github-runner-image-builder-cfr4c3cs           active      1  github-runner-image-builder  latest/edge  110  no       
test-cfr4c3cs                                  active      1  github-runner                               1  no       

Unit                                     Workload  Agent  Machine  Public address  Ports  Message
github-runner-image-builder-cfr4c3cs/0*  active    idle   0        10.120.186.86          
test-cfr4c3cs/0*                         active    idle   1        10.120.186.140         

Machine  State    Address         Inst id        Base          AZ             Message
0        started  10.120.186.86   juju-c31545-0  ubuntu@22.04  github-runner  Running
1        started  10.120.186.140  juju-c31545-1  ubuntu@22.04  github-runner  Running

18:50:05 INFO Juju error logs:

machine-0: 18:27:58 ERROR juju.worker.dependency "kvm-container-provisioner" manifold worker returned unexpected error: container types not yet available
machine-0: 18:27:58 ERROR juju.worker.dependency "lxd-container-provisioner" manifold worker returned unexpected error: container types not yet available
unit-github-runner-image-builder-cfr4c3cs-0: 18:27:58 ERROR juju.worker.meterstatus error running "meter-status-changed": charm missing from disk
machine-1: 18:28:00 ERROR juju.worker.dependency "lxd-container-provisioner" manifold worker returned unexpected error: container types not yet available
machine-1: 18:28:00 ERROR juju.worker.dependency "kvm-container-provisioner" manifold worker returned unexpected error: container types not yet available
unit-test-cfr4c3cs-0: 18:28:00 ERROR juju.worker.meterstatus error running "meter-status-changed": charm missing from disk
unit-github-runner-image-builder-cfr4c3cs-0: 18:29:00 ERROR unit.github-runner-image-builder-cfr4c3cs/0.juju-log Pipx command failed, code: 1, out: None, err: None
unit-test-cfr4c3cs-0: 18:29:33 ERROR unit.test-cfr4c3cs/0.juju-log Missing image integration.
Traceback (most recent call last):
  File "/var/lib/juju/agents/unit-test-cfr4c3cs-0/charm/./src/charm.py", line 118, in func_with_catch_errors
    func(self, event)
  File "/var/lib/juju/agents/unit-test-cfr4c3cs-0/charm/./src/charm.py", line 342, in _on_config_changed
    self._check_image_ready()
  File "/var/lib/juju/agents/unit-test-cfr4c3cs-0/charm/./src/charm.py", line 512, in _check_image_ready
    raise ImageIntegrationMissingError("No image integration found")
errors.ImageIntegrationMissingError: No image integration found
unit-test-cfr4c3cs-0: 18:29:36 ERROR unit.test-cfr4c3cs/0.juju-log Missing image integration.
Traceback (most recent call last):
  File "/var/lib/juju/agents/unit-test-cfr4c3cs-0/charm/./src/charm.py", line 118, in func_with_catch_errors
    func(self, event)
  File "/var/lib/juju/agents/unit-test-cfr4c3cs-0/charm/./src/charm.py", line 313, in _on_start
    self._check_image_ready()
  File "/var/lib/juju/agents/unit-test-cfr4c3cs-0/charm/./src/charm.py", line 512, in _check_image_ready
    raise ImageIntegrationMissingError("No image integration found")
errors.ImageIntegrationMissingError: No image integration found
unit-test-cfr4c3cs-0: 18:31:34 ERROR unit.test-cfr4c3cs/0.juju-log image:0: Missing image in image integration.
Traceback (most recent call last):
  File "/var/lib/juju/agents/unit-test-cfr4c3cs-0/charm/./src/charm.py", line 118, in func_with_catch_errors
    func(self, event)
  File "/var/lib/juju/agents/unit-test-cfr4c3cs-0/charm/./src/charm.py", line 477, in _on_image_relation_changed
    self._check_image_ready()
  File "/var/lib/juju/agents/unit-test-cfr4c3cs-0/charm/./src/charm.py", line 514, in _check_image_ready
    raise ImageNotFoundError("No image found in the image integration")
errors.ImageNotFoundError: No image found in the image integration

18:50:05 INFO Forgetting model main...