{"uid":"df3f5f8593681d56","name":"test_dispatch_workflow_failure","fullName":"tests.integration.test_charm_fork_repo#test_dispatch_workflow_failure","historyId":"aecc2c5bd9e3b57c494b399079c58bd6","time":{"start":1754288936150,"stop":1754288936150,"duration":0},"description":"\n    arrange:         1. A forked repository.         2. A working application using repo-policy checks with one runner on the forked repository.\n    act: Trigger a workflow dispatch that fails the repo policy check on a branch\n     in the forked repository.\n    assert: The workflow that was dispatched failed and the reason is logged.\n    ","descriptionHtml":"<pre><code>arrange:         1. A forked repository.         2. A working application using repo-policy checks with one runner on the forked repository.\nact: Trigger a workflow dispatch that fails the repo policy check on a branch\n in the forked repository.\nassert: The workflow that was dispatched failed and the reason is logged.\n</code></pre>\n","status":"broken","statusMessage":"AttributeError: 'RateLimitOverview' object has no attribute 'core'","statusTrace":"Traceback (most recent call last):\n  File \"/home/ubuntu/actions-runner/_work/github-runner-operator/github-runner-operator/.tox/integration-juju3.6/lib/python3.10/site-packages/_pytest/runner.py\", line 344, in from_call\n    result: TResult | None = func()\n  File \"/home/ubuntu/actions-runner/_work/github-runner-operator/github-runner-operator/.tox/integration-juju3.6/lib/python3.10/site-packages/_pytest/runner.py\", line 246, in <lambda>\n    lambda: runtest_hook(item=item, **kwds), when=when, reraise=reraise\n  File \"/home/ubuntu/actions-runner/_work/github-runner-operator/github-runner-operator/.tox/integration-juju3.6/lib/python3.10/site-packages/pluggy/_hooks.py\", line 512, in __call__\n    return self._hookexec(self.name, self._hookimpls.copy(), kwargs, firstresult)\n  File \"/home/ubuntu/actions-runner/_work/github-runner-operator/github-runner-operator/.tox/integration-juju3.6/lib/python3.10/site-packages/pluggy/_manager.py\", line 120, in _hookexec\n    return self._inner_hookexec(hook_name, methods, kwargs, firstresult)\n  File \"/home/ubuntu/actions-runner/_work/github-runner-operator/github-runner-operator/.tox/integration-juju3.6/lib/python3.10/site-packages/pluggy/_callers.py\", line 167, in _multicall\n    raise exception\n  File \"/home/ubuntu/actions-runner/_work/github-runner-operator/github-runner-operator/.tox/integration-juju3.6/lib/python3.10/site-packages/pluggy/_callers.py\", line 139, in _multicall\n    teardown.throw(exception)\n  File \"/home/ubuntu/actions-runner/_work/github-runner-operator/github-runner-operator/.tox/integration-juju3.6/lib/python3.10/site-packages/_pytest/logging.py\", line 843, in pytest_runtest_setup\n    yield\n  File \"/home/ubuntu/actions-runner/_work/github-runner-operator/github-runner-operator/.tox/integration-juju3.6/lib/python3.10/site-packages/pluggy/_callers.py\", line 139, in _multicall\n    teardown.throw(exception)\n  File \"/home/ubuntu/actions-runner/_work/github-runner-operator/github-runner-operator/.tox/integration-juju3.6/lib/python3.10/site-packages/pluggy/_callers.py\", line 53, in run_old_style_hookwrapper\n    return result.get_result()\n  File \"/home/ubuntu/actions-runner/_work/github-runner-operator/github-runner-operator/.tox/integration-juju3.6/lib/python3.10/site-packages/pluggy/_result.py\", line 103, in get_result\n    raise exc.with_traceback(tb)\n  File \"/home/ubuntu/actions-runner/_work/github-runner-operator/github-runner-operator/.tox/integration-juju3.6/lib/python3.10/site-packages/pluggy/_callers.py\", line 38, in run_old_style_hookwrapper\n    res = yield\n  File \"/home/ubuntu/actions-runner/_work/github-runner-operator/github-runner-operator/.tox/integration-juju3.6/lib/python3.10/site-packages/pluggy/_callers.py\", line 139, in _multicall\n    teardown.throw(exception)\n  File \"/home/ubuntu/actions-runner/_work/github-runner-operator/github-runner-operator/.tox/integration-juju3.6/lib/python3.10/site-packages/_pytest/capture.py\", line 895, in pytest_runtest_setup\n    return (yield)\n  File \"/home/ubuntu/actions-runner/_work/github-runner-operator/github-runner-operator/.tox/integration-juju3.6/lib/python3.10/site-packages/pluggy/_callers.py\", line 121, in _multicall\n    res = hook_impl.function(*args)\n  File \"/home/ubuntu/actions-runner/_work/github-runner-operator/github-runner-operator/.tox/integration-juju3.6/lib/python3.10/site-packages/_pytest/runner.py\", line 164, in pytest_runtest_setup\n    item.session._setupstate.setup(item)\n  File \"/home/ubuntu/actions-runner/_work/github-runner-operator/github-runner-operator/.tox/integration-juju3.6/lib/python3.10/site-packages/_pytest/runner.py\", line 514, in setup\n    col.setup()\n  File \"/home/ubuntu/actions-runner/_work/github-runner-operator/github-runner-operator/.tox/integration-juju3.6/lib/python3.10/site-packages/_pytest/python.py\", line 1674, in setup\n    self._request._fillfixtures()\n  File \"/home/ubuntu/actions-runner/_work/github-runner-operator/github-runner-operator/.tox/integration-juju3.6/lib/python3.10/site-packages/_pytest/fixtures.py\", line 719, in _fillfixtures\n    item.funcargs[argname] = self.getfixturevalue(argname)\n  File \"/home/ubuntu/actions-runner/_work/github-runner-operator/github-runner-operator/.tox/integration-juju3.6/lib/python3.10/site-packages/_pytest/fixtures.py\", line 548, in getfixturevalue\n    fixturedef = self._get_active_fixturedef(argname)\n  File \"/home/ubuntu/actions-runner/_work/github-runner-operator/github-runner-operator/.tox/integration-juju3.6/lib/python3.10/site-packages/_pytest/fixtures.py\", line 639, in _get_active_fixturedef\n    fixturedef.execute(request=subrequest)\n  File \"/home/ubuntu/actions-runner/_work/github-runner-operator/github-runner-operator/.tox/integration-juju3.6/lib/python3.10/site-packages/_pytest/fixtures.py\", line 1083, in execute\n    fixturedef = request._get_active_fixturedef(argname)\n  File \"/home/ubuntu/actions-runner/_work/github-runner-operator/github-runner-operator/.tox/integration-juju3.6/lib/python3.10/site-packages/_pytest/fixtures.py\", line 639, in _get_active_fixturedef\n    fixturedef.execute(request=subrequest)\n  File \"/home/ubuntu/actions-runner/_work/github-runner-operator/github-runner-operator/.tox/integration-juju3.6/lib/python3.10/site-packages/_pytest/fixtures.py\", line 1083, in execute\n    fixturedef = request._get_active_fixturedef(argname)\n  File \"/home/ubuntu/actions-runner/_work/github-runner-operator/github-runner-operator/.tox/integration-juju3.6/lib/python3.10/site-packages/_pytest/fixtures.py\", line 639, in _get_active_fixturedef\n    fixturedef.execute(request=subrequest)\n  File \"/home/ubuntu/actions-runner/_work/github-runner-operator/github-runner-operator/.tox/integration-juju3.6/lib/python3.10/site-packages/_pytest/fixtures.py\", line 1083, in execute\n    fixturedef = request._get_active_fixturedef(argname)\n  File \"/home/ubuntu/actions-runner/_work/github-runner-operator/github-runner-operator/.tox/integration-juju3.6/lib/python3.10/site-packages/_pytest/fixtures.py\", line 639, in _get_active_fixturedef\n    fixturedef.execute(request=subrequest)\n  File \"/home/ubuntu/actions-runner/_work/github-runner-operator/github-runner-operator/.tox/integration-juju3.6/lib/python3.10/site-packages/_pytest/fixtures.py\", line 1127, in execute\n    result = ihook.pytest_fixture_setup(fixturedef=self, request=request)\n  File \"/home/ubuntu/actions-runner/_work/github-runner-operator/github-runner-operator/.tox/integration-juju3.6/lib/python3.10/site-packages/pluggy/_hooks.py\", line 512, in __call__\n    return self._hookexec(self.name, self._hookimpls.copy(), kwargs, firstresult)\n  File \"/home/ubuntu/actions-runner/_work/github-runner-operator/github-runner-operator/.tox/integration-juju3.6/lib/python3.10/site-packages/pluggy/_manager.py\", line 120, in _hookexec\n    return self._inner_hookexec(hook_name, methods, kwargs, firstresult)\n  File \"/home/ubuntu/actions-runner/_work/github-runner-operator/github-runner-operator/.tox/integration-juju3.6/lib/python3.10/site-packages/pluggy/_callers.py\", line 167, in _multicall\n    raise exception\n  File \"/home/ubuntu/actions-runner/_work/github-runner-operator/github-runner-operator/.tox/integration-juju3.6/lib/python3.10/site-packages/pluggy/_callers.py\", line 139, in _multicall\n    teardown.throw(exception)\n  File \"/home/ubuntu/actions-runner/_work/github-runner-operator/github-runner-operator/.tox/integration-juju3.6/lib/python3.10/site-packages/pluggy/_callers.py\", line 53, in run_old_style_hookwrapper\n    return result.get_result()\n  File \"/home/ubuntu/actions-runner/_work/github-runner-operator/github-runner-operator/.tox/integration-juju3.6/lib/python3.10/site-packages/pluggy/_result.py\", line 103, in get_result\n    raise exc.with_traceback(tb)\n  File \"/home/ubuntu/actions-runner/_work/github-runner-operator/github-runner-operator/.tox/integration-juju3.6/lib/python3.10/site-packages/pluggy/_callers.py\", line 38, in run_old_style_hookwrapper\n    res = yield\n  File \"/home/ubuntu/actions-runner/_work/github-runner-operator/github-runner-operator/.tox/integration-juju3.6/lib/python3.10/site-packages/pluggy/_callers.py\", line 139, in _multicall\n    teardown.throw(exception)\n  File \"/home/ubuntu/actions-runner/_work/github-runner-operator/github-runner-operator/.tox/integration-juju3.6/lib/python3.10/site-packages/pluggy/_callers.py\", line 53, in run_old_style_hookwrapper\n    return result.get_result()\n  File \"/home/ubuntu/actions-runner/_work/github-runner-operator/github-runner-operator/.tox/integration-juju3.6/lib/python3.10/site-packages/pluggy/_result.py\", line 103, in get_result\n    raise exc.with_traceback(tb)\n  File \"/home/ubuntu/actions-runner/_work/github-runner-operator/github-runner-operator/.tox/integration-juju3.6/lib/python3.10/site-packages/pluggy/_callers.py\", line 38, in run_old_style_hookwrapper\n    res = yield\n  File \"/home/ubuntu/actions-runner/_work/github-runner-operator/github-runner-operator/.tox/integration-juju3.6/lib/python3.10/site-packages/pluggy/_callers.py\", line 139, in _multicall\n    teardown.throw(exception)\n  File \"/home/ubuntu/actions-runner/_work/github-runner-operator/github-runner-operator/.tox/integration-juju3.6/lib/python3.10/site-packages/_pytest/setuponly.py\", line 36, in pytest_fixture_setup\n    return (yield)\n  File \"/home/ubuntu/actions-runner/_work/github-runner-operator/github-runner-operator/.tox/integration-juju3.6/lib/python3.10/site-packages/pluggy/_callers.py\", line 121, in _multicall\n    res = hook_impl.function(*args)\n  File \"/home/ubuntu/actions-runner/_work/github-runner-operator/github-runner-operator/.tox/integration-juju3.6/lib/python3.10/site-packages/_pytest/fixtures.py\", line 1195, in pytest_fixture_setup\n    result = call_fixture_func(fixturefunc, request, kwargs)\n  File \"/home/ubuntu/actions-runner/_work/github-runner-operator/github-runner-operator/.tox/integration-juju3.6/lib/python3.10/site-packages/_pytest/fixtures.py\", line 929, in call_fixture_func\n    fixture_result = fixturefunc(**kwargs)\n  File \"/home/ubuntu/actions-runner/_work/github-runner-operator/github-runner-operator/tests/integration/conftest.py\", line 614, in github_client\n    logging.info(\"GitHub token rate limit: %s\", rate_limit.core)\nAttributeError: 'RateLimitOverview' object has no attribute 'core'","flaky":false,"newFailed":false,"newBroken":false,"newPassed":false,"retriesCount":1,"retriesStatusChange":true,"beforeStages":[{"name":"event_loop","time":{"start":1754288936151,"stop":1754288936152,"duration":1},"status":"passed","steps":[],"attachments":[],"parameters":[],"shouldDisplayMessage":false,"stepsCount":0,"attachmentsCount":0,"hasContent":false,"attachmentStep":false},{"name":"tmp_path_factory","time":{"start":1754288936153,"stop":1754288936153,"duration":0},"status":"passed","steps":[],"attachments":[],"parameters":[],"shouldDisplayMessage":false,"stepsCount":0,"attachmentsCount":0,"hasContent":false,"attachmentStep":false},{"name":"pytestconfig","time":{"start":1754288936153,"stop":1754288936153,"duration":0},"status":"passed","steps":[],"attachments":[],"parameters":[],"shouldDisplayMessage":false,"stepsCount":0,"attachmentsCount":0,"hasContent":false,"attachmentStep":false},{"name":"ops_test","time":{"start":1754288936153,"stop":1754288936931,"duration":778},"status":"passed","steps":[],"attachments":[],"parameters":[],"shouldDisplayMessage":false,"stepsCount":0,"attachmentsCount":0,"hasContent":false,"attachmentStep":false},{"name":"model","time":{"start":1754288936932,"stop":1754288936945,"duration":13},"status":"passed","steps":[],"attachments":[],"parameters":[],"shouldDisplayMessage":false,"stepsCount":0,"attachmentsCount":0,"hasContent":false,"attachmentStep":false},{"name":"http_proxy","time":{"start":1754288936932,"stop":1754288936932,"duration":0},"status":"passed","steps":[],"attachments":[],"parameters":[],"shouldDisplayMessage":false,"stepsCount":0,"attachmentsCount":0,"hasContent":false,"attachmentStep":false},{"name":"no_proxy","time":{"start":1754288936932,"stop":1754288936932,"duration":0},"status":"passed","steps":[],"attachments":[],"parameters":[],"shouldDisplayMessage":false,"stepsCount":0,"attachmentsCount":0,"hasContent":false,"attachmentStep":false},{"name":"https_proxy","time":{"start":1754288936932,"stop":1754288936932,"duration":0},"status":"passed","steps":[],"attachments":[],"parameters":[],"shouldDisplayMessage":false,"stepsCount":0,"attachmentsCount":0,"hasContent":false,"attachmentStep":false},{"name":"basic_app","time":{"start":1754288936945,"stop":1754290062416,"duration":1125471},"status":"passed","steps":[],"attachments":[],"parameters":[],"shouldDisplayMessage":false,"stepsCount":0,"attachmentsCount":0,"hasContent":false,"attachmentStep":false},{"name":"charm_file","time":{"start":1754288936946,"stop":1754288936946,"duration":0},"status":"passed","steps":[],"attachments":[],"parameters":[],"shouldDisplayMessage":false,"stepsCount":0,"attachmentsCount":0,"hasContent":false,"attachmentStep":false},{"name":"existing_app_suffix","time":{"start":1754288936946,"stop":1754288936946,"duration":0},"status":"passed","steps":[],"attachments":[],"parameters":[],"shouldDisplayMessage":false,"stepsCount":0,"attachmentsCount":0,"hasContent":false,"attachmentStep":false},{"name":"openstack_clouds_yaml","time":{"start":1754288936946,"stop":1754288936946,"duration":0},"status":"passed","steps":[],"attachments":[],"parameters":[],"shouldDisplayMessage":false,"stepsCount":0,"attachmentsCount":0,"hasContent":false,"attachmentStep":false},{"name":"app_name","time":{"start":1754288936946,"stop":1754288936946,"duration":0},"status":"passed","steps":[],"attachments":[],"parameters":[],"shouldDisplayMessage":false,"stepsCount":0,"attachmentsCount":0,"hasContent":false,"attachmentStep":false},{"name":"random_app_name_suffix","time":{"start":1754288936946,"stop":1754288936946,"duration":0},"status":"passed","steps":[],"attachments":[],"parameters":[],"shouldDisplayMessage":false,"stepsCount":0,"attachmentsCount":0,"hasContent":false,"attachmentStep":false},{"name":"openstack_https_proxy","time":{"start":1754288936947,"stop":1754288936947,"duration":0},"status":"passed","steps":[],"attachments":[],"parameters":[],"shouldDisplayMessage":false,"stepsCount":0,"attachmentsCount":0,"hasContent":false,"attachmentStep":false},{"name":"path","time":{"start":1754288936947,"stop":1754288936947,"duration":0},"status":"passed","steps":[],"attachments":[],"parameters":[],"shouldDisplayMessage":false,"stepsCount":0,"attachmentsCount":0,"hasContent":false,"attachmentStep":false},{"name":"token","time":{"start":1754288936947,"stop":1754288936947,"duration":0},"status":"passed","steps":[],"attachments":[],"parameters":[],"shouldDisplayMessage":false,"stepsCount":0,"attachmentsCount":0,"hasContent":false,"attachmentStep":false},{"name":"openstack_http_proxy","time":{"start":1754288936947,"stop":1754288936947,"duration":0},"status":"passed","steps":[],"attachments":[],"parameters":[],"shouldDisplayMessage":false,"stepsCount":0,"attachmentsCount":0,"hasContent":false,"attachmentStep":false},{"name":"private_endpoint_config","time":{"start":1754288936947,"stop":1754288936947,"duration":0},"status":"passed","steps":[],"attachments":[],"parameters":[],"shouldDisplayMessage":false,"stepsCount":0,"attachmentsCount":0,"hasContent":false,"attachmentStep":false},{"name":"openstack_no_proxy","time":{"start":1754288936947,"stop":1754288936947,"duration":0},"status":"passed","steps":[],"attachments":[],"parameters":[],"shouldDisplayMessage":false,"stepsCount":0,"attachmentsCount":0,"hasContent":false,"attachmentStep":false},{"name":"clouds_yaml_contents","time":{"start":1754288936948,"stop":1754288936948,"duration":0},"status":"passed","steps":[],"attachments":[],"parameters":[],"shouldDisplayMessage":false,"stepsCount":0,"attachmentsCount":0,"hasContent":false,"attachmentStep":false},{"name":"private_endpoint_clouds_yaml","time":{"start":1754288936948,"stop":1754288936948,"duration":0},"status":"passed","steps":[],"attachments":[],"parameters":[],"shouldDisplayMessage":false,"stepsCount":0,"attachmentsCount":0,"hasContent":false,"attachmentStep":false},{"name":"image_builder_app_name","time":{"start":1754288936948,"stop":1754288936948,"duration":0},"status":"passed","steps":[],"attachments":[],"parameters":[],"shouldDisplayMessage":false,"stepsCount":0,"attachmentsCount":0,"hasContent":false,"attachmentStep":false},{"name":"flavor_name","time":{"start":1754288936948,"stop":1754288936948,"duration":0},"status":"passed","steps":[],"attachments":[],"parameters":[],"shouldDisplayMessage":false,"stepsCount":0,"attachmentsCount":0,"hasContent":false,"attachmentStep":false},{"name":"network_name","time":{"start":1754288936948,"stop":1754288936948,"duration":0},"status":"passed","steps":[],"attachments":[],"parameters":[],"shouldDisplayMessage":false,"stepsCount":0,"attachmentsCount":0,"hasContent":false,"attachmentStep":false},{"name":"image_builder_config","time":{"start":1754288936949,"stop":1754288936949,"duration":0},"status":"passed","steps":[],"attachments":[],"parameters":[],"shouldDisplayMessage":false,"stepsCount":0,"attachmentsCount":0,"hasContent":false,"attachmentStep":false},{"name":"openstack_model_proxy","time":{"start":1754288936949,"stop":1754288936964,"duration":15},"status":"passed","steps":[],"attachments":[],"parameters":[],"shouldDisplayMessage":false,"stepsCount":0,"attachmentsCount":0,"hasContent":false,"attachmentStep":false},{"name":"openstack_connection","time":{"start":1754288936965,"stop":1754288936988,"duration":23},"status":"passed","steps":[],"attachments":[],"parameters":[],"shouldDisplayMessage":false,"stepsCount":0,"attachmentsCount":0,"hasContent":false,"attachmentStep":false},{"name":"image_builder","time":{"start":1754288936988,"stop":1754288938832,"duration":1844},"status":"passed","steps":[],"attachments":[],"parameters":[],"shouldDisplayMessage":false,"stepsCount":0,"attachmentsCount":0,"hasContent":false,"attachmentStep":false},{"name":"app_openstack_runner","time":{"start":1754288938832,"stop":1754290062415,"duration":1123583},"status":"passed","steps":[],"attachments":[],"parameters":[],"shouldDisplayMessage":false,"stepsCount":0,"attachmentsCount":0,"hasContent":false,"attachmentStep":false},{"name":"github_client","time":{"start":1754290062416,"stop":1754290062793,"duration":377},"status":"broken","statusMessage":"AttributeError: 'RateLimitOverview' object has no attribute 'core'\n","statusTrace":"  File \"/home/ubuntu/actions-runner/_work/github-runner-operator/github-runner-operator/.tox/integration-juju3.6/lib/python3.10/site-packages/pluggy/_callers.py\", line 38, in run_old_style_hookwrapper\n    res = yield\n  File \"/home/ubuntu/actions-runner/_work/github-runner-operator/github-runner-operator/.tox/integration-juju3.6/lib/python3.10/site-packages/pluggy/_callers.py\", line 139, in _multicall\n    teardown.throw(exception)\n  File \"/home/ubuntu/actions-runner/_work/github-runner-operator/github-runner-operator/.tox/integration-juju3.6/lib/python3.10/site-packages/pluggy/_callers.py\", line 53, in run_old_style_hookwrapper\n    return result.get_result()\n  File \"/home/ubuntu/actions-runner/_work/github-runner-operator/github-runner-operator/.tox/integration-juju3.6/lib/python3.10/site-packages/pluggy/_result.py\", line 103, in get_result\n    raise exc.with_traceback(tb)\n  File \"/home/ubuntu/actions-runner/_work/github-runner-operator/github-runner-operator/.tox/integration-juju3.6/lib/python3.10/site-packages/pluggy/_callers.py\", line 38, in run_old_style_hookwrapper\n    res = yield\n  File \"/home/ubuntu/actions-runner/_work/github-runner-operator/github-runner-operator/.tox/integration-juju3.6/lib/python3.10/site-packages/pluggy/_callers.py\", line 139, in _multicall\n    teardown.throw(exception)\n  File \"/home/ubuntu/actions-runner/_work/github-runner-operator/github-runner-operator/.tox/integration-juju3.6/lib/python3.10/site-packages/_pytest/setuponly.py\", line 36, in pytest_fixture_setup\n    return (yield)\n  File \"/home/ubuntu/actions-runner/_work/github-runner-operator/github-runner-operator/.tox/integration-juju3.6/lib/python3.10/site-packages/pluggy/_callers.py\", line 121, in _multicall\n    res = hook_impl.function(*args)\n  File \"/home/ubuntu/actions-runner/_work/github-runner-operator/github-runner-operator/.tox/integration-juju3.6/lib/python3.10/site-packages/_pytest/fixtures.py\", line 1195, in pytest_fixture_setup\n    result = call_fixture_func(fixturefunc, request, kwargs)\n  File \"/home/ubuntu/actions-runner/_work/github-runner-operator/github-runner-operator/.tox/integration-juju3.6/lib/python3.10/site-packages/_pytest/fixtures.py\", line 929, in call_fixture_func\n    fixture_result = fixturefunc(**kwargs)\n  File \"/home/ubuntu/actions-runner/_work/github-runner-operator/github-runner-operator/tests/integration/conftest.py\", line 614, in github_client\n    logging.info(\"GitHub token rate limit: %s\", rate_limit.core)\n","steps":[],"attachments":[],"parameters":[],"shouldDisplayMessage":true,"stepsCount":0,"attachmentsCount":0,"hasContent":true,"attachmentStep":false}],"testStage":{"description":"\n    arrange:         1. A forked repository.         2. A working application using repo-policy checks with one runner on the forked repository.\n    act: Trigger a workflow dispatch that fails the repo policy check on a branch\n     in the forked repository.\n    assert: The workflow that was dispatched failed and the reason is logged.\n    ","status":"broken","statusMessage":"AttributeError: 'RateLimitOverview' object has no attribute 'core'","statusTrace":"Traceback (most recent call last):\n  File \"/home/ubuntu/actions-runner/_work/github-runner-operator/github-runner-operator/.tox/integration-juju3.6/lib/python3.10/site-packages/_pytest/runner.py\", line 344, in from_call\n    result: TResult | None = func()\n  File \"/home/ubuntu/actions-runner/_work/github-runner-operator/github-runner-operator/.tox/integration-juju3.6/lib/python3.10/site-packages/_pytest/runner.py\", line 246, in <lambda>\n    lambda: runtest_hook(item=item, **kwds), when=when, reraise=reraise\n  File \"/home/ubuntu/actions-runner/_work/github-runner-operator/github-runner-operator/.tox/integration-juju3.6/lib/python3.10/site-packages/pluggy/_hooks.py\", line 512, in __call__\n    return self._hookexec(self.name, self._hookimpls.copy(), kwargs, firstresult)\n  File \"/home/ubuntu/actions-runner/_work/github-runner-operator/github-runner-operator/.tox/integration-juju3.6/lib/python3.10/site-packages/pluggy/_manager.py\", line 120, in _hookexec\n    return self._inner_hookexec(hook_name, methods, kwargs, firstresult)\n  File \"/home/ubuntu/actions-runner/_work/github-runner-operator/github-runner-operator/.tox/integration-juju3.6/lib/python3.10/site-packages/pluggy/_callers.py\", line 167, in _multicall\n    raise exception\n  File \"/home/ubuntu/actions-runner/_work/github-runner-operator/github-runner-operator/.tox/integration-juju3.6/lib/python3.10/site-packages/pluggy/_callers.py\", line 139, in _multicall\n    teardown.throw(exception)\n  File \"/home/ubuntu/actions-runner/_work/github-runner-operator/github-runner-operator/.tox/integration-juju3.6/lib/python3.10/site-packages/_pytest/logging.py\", line 843, in pytest_runtest_setup\n    yield\n  File \"/home/ubuntu/actions-runner/_work/github-runner-operator/github-runner-operator/.tox/integration-juju3.6/lib/python3.10/site-packages/pluggy/_callers.py\", line 139, in _multicall\n    teardown.throw(exception)\n  File \"/home/ubuntu/actions-runner/_work/github-runner-operator/github-runner-operator/.tox/integration-juju3.6/lib/python3.10/site-packages/pluggy/_callers.py\", line 53, in run_old_style_hookwrapper\n    return result.get_result()\n  File \"/home/ubuntu/actions-runner/_work/github-runner-operator/github-runner-operator/.tox/integration-juju3.6/lib/python3.10/site-packages/pluggy/_result.py\", line 103, in get_result\n    raise exc.with_traceback(tb)\n  File \"/home/ubuntu/actions-runner/_work/github-runner-operator/github-runner-operator/.tox/integration-juju3.6/lib/python3.10/site-packages/pluggy/_callers.py\", line 38, in run_old_style_hookwrapper\n    res = yield\n  File \"/home/ubuntu/actions-runner/_work/github-runner-operator/github-runner-operator/.tox/integration-juju3.6/lib/python3.10/site-packages/pluggy/_callers.py\", line 139, in _multicall\n    teardown.throw(exception)\n  File \"/home/ubuntu/actions-runner/_work/github-runner-operator/github-runner-operator/.tox/integration-juju3.6/lib/python3.10/site-packages/_pytest/capture.py\", line 895, in pytest_runtest_setup\n    return (yield)\n  File \"/home/ubuntu/actions-runner/_work/github-runner-operator/github-runner-operator/.tox/integration-juju3.6/lib/python3.10/site-packages/pluggy/_callers.py\", line 121, in _multicall\n    res = hook_impl.function(*args)\n  File \"/home/ubuntu/actions-runner/_work/github-runner-operator/github-runner-operator/.tox/integration-juju3.6/lib/python3.10/site-packages/_pytest/runner.py\", line 164, in pytest_runtest_setup\n    item.session._setupstate.setup(item)\n  File \"/home/ubuntu/actions-runner/_work/github-runner-operator/github-runner-operator/.tox/integration-juju3.6/lib/python3.10/site-packages/_pytest/runner.py\", line 514, in setup\n    col.setup()\n  File \"/home/ubuntu/actions-runner/_work/github-runner-operator/github-runner-operator/.tox/integration-juju3.6/lib/python3.10/site-packages/_pytest/python.py\", line 1674, in setup\n    self._request._fillfixtures()\n  File \"/home/ubuntu/actions-runner/_work/github-runner-operator/github-runner-operator/.tox/integration-juju3.6/lib/python3.10/site-packages/_pytest/fixtures.py\", line 719, in _fillfixtures\n    item.funcargs[argname] = self.getfixturevalue(argname)\n  File \"/home/ubuntu/actions-runner/_work/github-runner-operator/github-runner-operator/.tox/integration-juju3.6/lib/python3.10/site-packages/_pytest/fixtures.py\", line 548, in getfixturevalue\n    fixturedef = self._get_active_fixturedef(argname)\n  File \"/home/ubuntu/actions-runner/_work/github-runner-operator/github-runner-operator/.tox/integration-juju3.6/lib/python3.10/site-packages/_pytest/fixtures.py\", line 639, in _get_active_fixturedef\n    fixturedef.execute(request=subrequest)\n  File \"/home/ubuntu/actions-runner/_work/github-runner-operator/github-runner-operator/.tox/integration-juju3.6/lib/python3.10/site-packages/_pytest/fixtures.py\", line 1083, in execute\n    fixturedef = request._get_active_fixturedef(argname)\n  File \"/home/ubuntu/actions-runner/_work/github-runner-operator/github-runner-operator/.tox/integration-juju3.6/lib/python3.10/site-packages/_pytest/fixtures.py\", line 639, in _get_active_fixturedef\n    fixturedef.execute(request=subrequest)\n  File \"/home/ubuntu/actions-runner/_work/github-runner-operator/github-runner-operator/.tox/integration-juju3.6/lib/python3.10/site-packages/_pytest/fixtures.py\", line 1083, in execute\n    fixturedef = request._get_active_fixturedef(argname)\n  File \"/home/ubuntu/actions-runner/_work/github-runner-operator/github-runner-operator/.tox/integration-juju3.6/lib/python3.10/site-packages/_pytest/fixtures.py\", line 639, in _get_active_fixturedef\n    fixturedef.execute(request=subrequest)\n  File \"/home/ubuntu/actions-runner/_work/github-runner-operator/github-runner-operator/.tox/integration-juju3.6/lib/python3.10/site-packages/_pytest/fixtures.py\", line 1083, in execute\n    fixturedef = request._get_active_fixturedef(argname)\n  File \"/home/ubuntu/actions-runner/_work/github-runner-operator/github-runner-operator/.tox/integration-juju3.6/lib/python3.10/site-packages/_pytest/fixtures.py\", line 639, in _get_active_fixturedef\n    fixturedef.execute(request=subrequest)\n  File \"/home/ubuntu/actions-runner/_work/github-runner-operator/github-runner-operator/.tox/integration-juju3.6/lib/python3.10/site-packages/_pytest/fixtures.py\", line 1127, in execute\n    result = ihook.pytest_fixture_setup(fixturedef=self, request=request)\n  File \"/home/ubuntu/actions-runner/_work/github-runner-operator/github-runner-operator/.tox/integration-juju3.6/lib/python3.10/site-packages/pluggy/_hooks.py\", line 512, in __call__\n    return self._hookexec(self.name, self._hookimpls.copy(), kwargs, firstresult)\n  File \"/home/ubuntu/actions-runner/_work/github-runner-operator/github-runner-operator/.tox/integration-juju3.6/lib/python3.10/site-packages/pluggy/_manager.py\", line 120, in _hookexec\n    return self._inner_hookexec(hook_name, methods, kwargs, firstresult)\n  File \"/home/ubuntu/actions-runner/_work/github-runner-operator/github-runner-operator/.tox/integration-juju3.6/lib/python3.10/site-packages/pluggy/_callers.py\", line 167, in _multicall\n    raise exception\n  File \"/home/ubuntu/actions-runner/_work/github-runner-operator/github-runner-operator/.tox/integration-juju3.6/lib/python3.10/site-packages/pluggy/_callers.py\", line 139, in _multicall\n    teardown.throw(exception)\n  File \"/home/ubuntu/actions-runner/_work/github-runner-operator/github-runner-operator/.tox/integration-juju3.6/lib/python3.10/site-packages/pluggy/_callers.py\", line 53, in run_old_style_hookwrapper\n    return result.get_result()\n  File \"/home/ubuntu/actions-runner/_work/github-runner-operator/github-runner-operator/.tox/integration-juju3.6/lib/python3.10/site-packages/pluggy/_result.py\", line 103, in get_result\n    raise exc.with_traceback(tb)\n  File \"/home/ubuntu/actions-runner/_work/github-runner-operator/github-runner-operator/.tox/integration-juju3.6/lib/python3.10/site-packages/pluggy/_callers.py\", line 38, in run_old_style_hookwrapper\n    res = yield\n  File \"/home/ubuntu/actions-runner/_work/github-runner-operator/github-runner-operator/.tox/integration-juju3.6/lib/python3.10/site-packages/pluggy/_callers.py\", line 139, in _multicall\n    teardown.throw(exception)\n  File \"/home/ubuntu/actions-runner/_work/github-runner-operator/github-runner-operator/.tox/integration-juju3.6/lib/python3.10/site-packages/pluggy/_callers.py\", line 53, in run_old_style_hookwrapper\n    return result.get_result()\n  File \"/home/ubuntu/actions-runner/_work/github-runner-operator/github-runner-operator/.tox/integration-juju3.6/lib/python3.10/site-packages/pluggy/_result.py\", line 103, in get_result\n    raise exc.with_traceback(tb)\n  File \"/home/ubuntu/actions-runner/_work/github-runner-operator/github-runner-operator/.tox/integration-juju3.6/lib/python3.10/site-packages/pluggy/_callers.py\", line 38, in run_old_style_hookwrapper\n    res = yield\n  File \"/home/ubuntu/actions-runner/_work/github-runner-operator/github-runner-operator/.tox/integration-juju3.6/lib/python3.10/site-packages/pluggy/_callers.py\", line 139, in _multicall\n    teardown.throw(exception)\n  File \"/home/ubuntu/actions-runner/_work/github-runner-operator/github-runner-operator/.tox/integration-juju3.6/lib/python3.10/site-packages/_pytest/setuponly.py\", line 36, in pytest_fixture_setup\n    return (yield)\n  File \"/home/ubuntu/actions-runner/_work/github-runner-operator/github-runner-operator/.tox/integration-juju3.6/lib/python3.10/site-packages/pluggy/_callers.py\", line 121, in _multicall\n    res = hook_impl.function(*args)\n  File \"/home/ubuntu/actions-runner/_work/github-runner-operator/github-runner-operator/.tox/integration-juju3.6/lib/python3.10/site-packages/_pytest/fixtures.py\", line 1195, in pytest_fixture_setup\n    result = call_fixture_func(fixturefunc, request, kwargs)\n  File \"/home/ubuntu/actions-runner/_work/github-runner-operator/github-runner-operator/.tox/integration-juju3.6/lib/python3.10/site-packages/_pytest/fixtures.py\", line 929, in call_fixture_func\n    fixture_result = fixturefunc(**kwargs)\n  File \"/home/ubuntu/actions-runner/_work/github-runner-operator/github-runner-operator/tests/integration/conftest.py\", line 614, in github_client\n    logging.info(\"GitHub token rate limit: %s\", rate_limit.core)\nAttributeError: 'RateLimitOverview' object has no attribute 'core'","steps":[],"attachments":[{"uid":"97ab8517f44e38e8","name":"log","source":"97ab8517f44e38e8.txt","type":"text/plain","size":18320}],"parameters":[],"shouldDisplayMessage":true,"stepsCount":0,"attachmentsCount":1,"hasContent":true,"attachmentStep":false},"afterStages":[{"name":"app_openstack_runner::finalizer","time":{"start":1754290062798,"stop":1754290063838,"duration":1040},"status":"passed","steps":[],"attachments":[],"parameters":[],"shouldDisplayMessage":false,"stepsCount":0,"attachmentsCount":0,"hasContent":false,"attachmentStep":false},{"name":"image_builder::finalizer","time":{"start":1754290063839,"stop":1754290064329,"duration":490},"status":"passed","steps":[],"attachments":[],"parameters":[],"shouldDisplayMessage":false,"stepsCount":0,"attachmentsCount":0,"hasContent":false,"attachmentStep":false},{"name":"openstack_connection::0","time":{"start":1754290064331,"stop":1754290064476,"duration":145},"status":"passed","steps":[],"attachments":[],"parameters":[],"shouldDisplayMessage":false,"stepsCount":0,"attachmentsCount":0,"hasContent":false,"attachmentStep":false},{"name":"ops_test::finalizer","time":{"start":1754290064487,"stop":1754290065093,"duration":606},"status":"passed","steps":[],"attachments":[],"parameters":[],"shouldDisplayMessage":false,"stepsCount":0,"attachmentsCount":0,"hasContent":false,"attachmentStep":false},{"name":"event_loop::2","time":{"start":1754290065094,"stop":1754290065094,"duration":0},"status":"passed","steps":[],"attachments":[],"parameters":[],"shouldDisplayMessage":false,"stepsCount":0,"attachmentsCount":0,"hasContent":false,"attachmentStep":false},{"name":"event_loop::_close_event_loop","time":{"start":1754290065094,"stop":1754290065094,"duration":0},"status":"passed","steps":[],"attachments":[],"parameters":[],"shouldDisplayMessage":false,"stepsCount":0,"attachmentsCount":0,"hasContent":false,"attachmentStep":false},{"name":"event_loop::_provide_clean_event_loop","time":{"start":1754290065094,"stop":1754290065095,"duration":1},"status":"passed","steps":[],"attachments":[],"parameters":[],"shouldDisplayMessage":false,"stepsCount":0,"attachmentsCount":0,"hasContent":false,"attachmentStep":false}],"labels":[{"name":"tag","value":"abort_on_fail"},{"name":"tag","value":"asyncio"},{"name":"tag","value":"openstack"},{"name":"parentSuite","value":"tests.integration"},{"name":"suite","value":"test_charm_fork_repo"},{"name":"host","value":"github-runner"},{"name":"thread","value":"12354-MainThread"},{"name":"framework","value":"pytest"},{"name":"language","value":"cpython3"},{"name":"package","value":"tests.integration.test_charm_fork_repo"},{"name":"resultFormat","value":"allure2"}],"parameters":[],"links":[],"hidden":false,"retry":false,"extra":{"severity":"normal","retries":[{"uid":"22a9fd495470b4c7","status":"unknown","time":{}}],"categories":[{"name":"Test defects","matchedStatuses":[]}],"history":{"statistic":{"failed":14,"broken":59,"skipped":0,"passed":98,"unknown":11,"total":182},"items":[{"uid":"5695e531b4bca301","reportUrl":"../3301//#testresult/5695e531b4bca301","status":"broken","statusDetails":"AttributeError: 'RateLimitOverview' object has no attribute 'core'","time":{"start":1754245460218,"stop":1754245460218,"duration":0}},{"uid":"198ab58c6a62caad","reportUrl":"../3300//#testresult/198ab58c6a62caad","status":"broken","statusDetails":"AttributeError: 'RateLimitOverview' object has no attribute 'core'","time":{"start":1754202281728,"stop":1754202281728,"duration":0}},{"uid":"adf0bb88f5fba8cb","reportUrl":"../3299//#testresult/adf0bb88f5fba8cb","status":"broken","statusDetails":"AttributeError: 'RateLimitOverview' object has no attribute 'core'","time":{"start":1754159065781,"stop":1754159065781,"duration":0}},{"uid":"2f3d8c4cb5365f2b","reportUrl":"../3298//#testresult/2f3d8c4cb5365f2b","status":"broken","statusDetails":"AttributeError: 'RateLimitOverview' object has no attribute 'core'","time":{"start":1754115910278,"stop":1754115910278,"duration":0}},{"uid":"7da5bf08adea38ce","reportUrl":"../3297//#testresult/7da5bf08adea38ce","status":"broken","statusDetails":"AttributeError: 'RateLimitOverview' object has no attribute 'core'","time":{"start":1754072850670,"stop":1754072850670,"duration":0}},{"uid":"2024faffd43428d2","reportUrl":"../3296//#testresult/2024faffd43428d2","status":"broken","statusDetails":"AttributeError: 'RateLimitOverview' object has no attribute 'core'","time":{"start":1754029676880,"stop":1754029676880,"duration":0}},{"uid":"f2c3ce8ee83bc28c","reportUrl":"../3295//#testresult/f2c3ce8ee83bc28c","status":"broken","statusDetails":"AttributeError: 'RateLimitOverview' object has no attribute 'core'","time":{"start":1753986362867,"stop":1753986362867,"duration":0}},{"uid":"4df6c025c71fa6a5","reportUrl":"../3294//#testresult/4df6c025c71fa6a5","status":"broken","statusDetails":"juju.errors.JujuUnitError: Unit in error: github-runner-image-builder-injnpxbh/0","time":{"start":1753943126028,"stop":1753943126028,"duration":0}},{"uid":"695a029edc74463b","reportUrl":"../3290//#testresult/695a029edc74463b","status":"passed","time":{"start":1753901186947,"stop":1753901500472,"duration":313525}},{"uid":"7127be8308806177","reportUrl":"../2853//#testresult/7127be8308806177","status":"passed","time":{"start":1749711505902,"stop":1749711807100,"duration":301198}},{"uid":"dfb0a92a032aec22","reportUrl":"../2844//#testresult/dfb0a92a032aec22","status":"passed","time":{"start":1749667196978,"stop":1749667427233,"duration":230255}},{"uid":"f5ada19b771d43de","reportUrl":"../2840//#testresult/f5ada19b771d43de","status":"passed","time":{"start":1749624199974,"stop":1749624436643,"duration":236669}},{"uid":"12e043386e16b8b8","reportUrl":"../2834//#testresult/12e043386e16b8b8","status":"failed","statusDetails":"AssertionError: Unable to get reconcile ID: cat: /var/log/reconcile.id: No such file or directory","time":{"start":1749580711438,"stop":1749580787481,"duration":76043}},{"uid":"78fb925496ce5b55","reportUrl":"../2830//#testresult/78fb925496ce5b55","status":"failed","statusDetails":"AssertionError: Unable to get reconcile ID: cat: /var/log/reconcile.id: No such file or directory","time":{"start":1749538767536,"stop":1749538849299,"duration":81763}},{"uid":"34c4e1393b133b22","reportUrl":"../2823//#testresult/34c4e1393b133b22","status":"passed","time":{"start":1749451286064,"stop":1749451549719,"duration":263655}},{"uid":"1397014b08874446","reportUrl":"../2822//#testresult/1397014b08874446","status":"broken","statusDetails":"github.GithubException.UnknownObjectException: 404 {\"message\": \"Not Found\", \"documentation_url\": \"https://docs.github.com/rest/actions/workflow-jobs#download-job-logs-for-a-workflow-run\", \"status\": \"404\"}","time":{"start":1749407884060,"stop":1749408160681,"duration":276621}},{"uid":"e63ccba2d1079c6b","reportUrl":"../2821//#testresult/e63ccba2d1079c6b","status":"passed","time":{"start":1749364724420,"stop":1749364959359,"duration":234939}},{"uid":"c8c7dc59a503c533","reportUrl":"../2820//#testresult/c8c7dc59a503c533","status":"passed","time":{"start":1749321538272,"stop":1749321847454,"duration":309182}},{"uid":"97bc65478fcbf0d","reportUrl":"../2819//#testresult/97bc65478fcbf0d","status":"passed","time":{"start":1749278384565,"stop":1749278640761,"duration":256196}},{"uid":"29d681de99435a03","reportUrl":"../2818//#testresult/29d681de99435a03","status":"passed","time":{"start":1749235234153,"stop":1749235488645,"duration":254492}}]},"tags":["asyncio","abort_on_fail","openstack"]},"source":"df3f5f8593681d56.json","parameterValues":[]}