06:20:21 WARNING unexpected facade SSHServer received from the controller
06:20:21 INFO Adding model github-pr-71e3b-lxd:test-charm-upgrade-mz64 on cloud localhost
06:20:21 WARNING unexpected facade SSHServer received from the controller
06:20:21 WARNING unexpected facade SSHSession received from the controller
06:20:21 WARNING unexpected facade SSHTunneler received from the controller
06:20:21 INFO Deploying fake image builder via any-charm for image ID 1ad6e456-fa35-47ef-988f-1e793a60f258
06:20:23 INFO Deploying ch:amd64/noble/any-charm-124
06:20:40 INFO Deploying local:jammy/github-runner-0
06:20:40 INFO Waiting for model:
  test-h5ui96o4/0 [allocating] waiting: waiting for machine
  github-runner-image-builder-h5ui96o4/0 [allocating] waiting: waiting for machine
06:21:10 INFO Waiting for model:
  test-h5ui96o4/0 [allocating] waiting: waiting for machine
  github-runner-image-builder-h5ui96o4/0 [idle] active: 
06:21:40 INFO Waiting for model:
  test-h5ui96o4/0 [allocating] waiting: waiting for machine
06:22:10 INFO Waiting for model:
  test-h5ui96o4/0 [allocating] waiting: agent initialising
06:22:40 INFO Waiting for model:
  test-h5ui96o4/0 [executing] maintenance: installing charm software
06:23:10 INFO Waiting for model:
  test-h5ui96o4/0 [executing] maintenance: Update image for runners
06:23:40 INFO Waiting for model:
  test-h5ui96o4/0 [idle] active: 
06:25:35 INFO Waiting for model:
  test-h5ui96o4/0 [idle] active:
06:26:06 INFO Model status:

Model                    Controller           Cloud/Region         Version  SLA          Timestamp
test-charm-upgrade-mz64  github-pr-71e3b-lxd  localhost/localhost  3.6.12   unsupported  06:26:06Z

App                                   Version  Status  Scale  Charm          Channel      Rev  Exposed  Message
github-runner-image-builder-h5ui96o4           active      1  any-charm      latest/beta  124  no       
test-h5ui96o4                                  active      1  github-runner                 1  no       

Unit                                     Workload  Agent  Machine  Public address  Ports  Message
github-runner-image-builder-h5ui96o4/0*  active    idle   0        10.27.85.132           
test-h5ui96o4/0*                         active    idle   1        10.27.85.117           

Machine  State    Address       Inst id        Base          AZ             Message
0        started  10.27.85.132  juju-4f8930-0  ubuntu@24.04  github-runner  Running
1        started  10.27.85.117  juju-4f8930-1  ubuntu@22.04  github-runner  Running

06:26:06 INFO Juju error logs:

machine-0: 06:20:56 ERROR juju.worker.dependency "lxd-container-provisioner" manifold worker returned unexpected error: container types not yet available
machine-0: 06:20:56 ERROR juju.worker.dependency "kvm-container-provisioner" manifold worker returned unexpected error: container types not yet available
machine-1: 06:22:05 ERROR juju.worker.dependency "kvm-container-provisioner" manifold worker returned unexpected error: container types not yet available
machine-1: 06:22:05 ERROR juju.worker.dependency "lxd-container-provisioner" manifold worker returned unexpected error: container types not yet available
unit-test-h5ui96o4-0: 06:23:00 ERROR unit.test-h5ui96o4/0.juju-log Missing image integration.
Traceback (most recent call last):
  File "/var/lib/juju/agents/unit-test-h5ui96o4-0/charm/./src/charm.py", line 119, in func_with_catch_errors
    func(self, event)
  File "/var/lib/juju/agents/unit-test-h5ui96o4-0/charm/./src/charm.py", line 354, in _on_config_changed
    self._check_image_ready()
  File "/var/lib/juju/agents/unit-test-h5ui96o4-0/charm/./src/charm.py", line 524, in _check_image_ready
    raise ImageIntegrationMissingError("No image integration found")
errors.ImageIntegrationMissingError: No image integration found
unit-test-h5ui96o4-0: 06:23:01 ERROR unit.test-h5ui96o4/0.juju-log Missing image integration.
Traceback (most recent call last):
  File "/var/lib/juju/agents/unit-test-h5ui96o4-0/charm/./src/charm.py", line 119, in func_with_catch_errors
    func(self, event)
  File "/var/lib/juju/agents/unit-test-h5ui96o4-0/charm/./src/charm.py", line 317, in _on_start
    self._check_image_ready()
  File "/var/lib/juju/agents/unit-test-h5ui96o4-0/charm/./src/charm.py", line 524, in _check_image_ready
    raise ImageIntegrationMissingError("No image integration found")
errors.ImageIntegrationMissingError: No image integration found

06:26:06 INFO Forgetting model main...