18:56:49 INFO Waiting for model:
  test-s8h348d2/0 [idle] active: 
18:57:05 INFO Current reconcile ID: 8495efb8-0b7c-479f-9ee7-edc363511d8b
18:57:05 INFO Waiting for reconcile ID: 8495efb8-0b7c-479f-9ee7-edc363511d8b
18:58:06 INFO Current reconcile ID: 8495efb8-0b7c-479f-9ee7-edc363511d8b
18:58:06 INFO Current reconcile ID: 8495efb8-0b7c-479f-9ee7-edc363511d8b, expected reconcile ID: 8495efb8-0b7c-479f-9ee7-edc363511d8b
18:58:06 INFO Waiting for reconcile ID: 8495efb8-0b7c-479f-9ee7-edc363511d8b
18:59:07 INFO Current reconcile ID: bcba855f-a653-4ab7-a213-d687ea0f0af1
18:59:07 INFO Current reconcile ID: bcba855f-a653-4ab7-a213-d687ea0f0af1, expected reconcile ID: 8495efb8-0b7c-479f-9ee7-edc363511d8b
18:59:11 INFO Model status:

Model                      Controller           Cloud/Region         Version  SLA          Timestamp
test-charm-no-runner-0ays  github-pr-a94c6-lxd  localhost/localhost  3.6.9    unsupported  18:59:11Z

App                                   Version  Status  Scale  Charm                        Channel      Rev  Exposed  Message
github-runner-image-builder-s8h348d2           active      1  github-runner-image-builder  latest/edge  126  no       
test-s8h348d2                                  active      1  github-runner                               0  no       

Unit                                     Workload  Agent  Machine  Public address  Ports  Message
github-runner-image-builder-s8h348d2/0*  active    idle   0        10.92.250.163          
test-s8h348d2/0*                         active    idle   1        10.92.250.72           

Machine  State    Address        Inst id        Base          AZ             Message
0        started  10.92.250.163  juju-d85c4a-0  ubuntu@22.04  github-runner  Running
1        started  10.92.250.72   juju-d85c4a-1  ubuntu@22.04  github-runner  Running

18:59:11 INFO Juju error logs:

machine-0: 18:27:16 ERROR juju.worker.dependency "lxd-container-provisioner" manifold worker returned unexpected error: container types not yet available
machine-0: 18:27:16 ERROR juju.worker.dependency "kvm-container-provisioner" manifold worker returned unexpected error: container types not yet available
unit-github-runner-image-builder-s8h348d2-0: 18:27:16 ERROR juju.worker.meterstatus error running "meter-status-changed": charm missing from disk
machine-1: 18:27:25 ERROR juju.worker.dependency "kvm-container-provisioner" manifold worker returned unexpected error: container types not yet available
machine-1: 18:27:25 ERROR juju.worker.dependency "lxd-container-provisioner" manifold worker returned unexpected error: container types not yet available
unit-test-s8h348d2-0: 18:27:26 ERROR juju.worker.meterstatus error running "meter-status-changed": charm missing from disk
unit-github-runner-image-builder-s8h348d2-0: 18:27:58 ERROR unit.github-runner-image-builder-s8h348d2/0.juju-log Pipx command failed, code: 1, out: None, err: None
unit-test-s8h348d2-0: 18:28:24 ERROR unit.test-s8h348d2/0.juju-log Missing image integration.
Traceback (most recent call last):
  File "/var/lib/juju/agents/unit-test-s8h348d2-0/charm/./src/charm.py", line 118, in func_with_catch_errors
    func(self, event)
  File "/var/lib/juju/agents/unit-test-s8h348d2-0/charm/./src/charm.py", line 342, in _on_config_changed
    self._check_image_ready()
  File "/var/lib/juju/agents/unit-test-s8h348d2-0/charm/./src/charm.py", line 512, in _check_image_ready
    raise ImageIntegrationMissingError("No image integration found")
errors.ImageIntegrationMissingError: No image integration found
unit-test-s8h348d2-0: 18:28:26 ERROR unit.test-s8h348d2/0.juju-log Missing image integration.
Traceback (most recent call last):
  File "/var/lib/juju/agents/unit-test-s8h348d2-0/charm/./src/charm.py", line 118, in func_with_catch_errors
    func(self, event)
  File "/var/lib/juju/agents/unit-test-s8h348d2-0/charm/./src/charm.py", line 313, in _on_start
    self._check_image_ready()
  File "/var/lib/juju/agents/unit-test-s8h348d2-0/charm/./src/charm.py", line 512, in _check_image_ready
    raise ImageIntegrationMissingError("No image integration found")
errors.ImageIntegrationMissingError: No image integration found
unit-test-s8h348d2-0: 18:29:35 ERROR unit.test-s8h348d2/0.juju-log image:0: Missing image in image integration.
Traceback (most recent call last):
  File "/var/lib/juju/agents/unit-test-s8h348d2-0/charm/./src/charm.py", line 118, in func_with_catch_errors
    func(self, event)
  File "/var/lib/juju/agents/unit-test-s8h348d2-0/charm/./src/charm.py", line 477, in _on_image_relation_changed
    self._check_image_ready()
  File "/var/lib/juju/agents/unit-test-s8h348d2-0/charm/./src/charm.py", line 514, in _check_image_ready
    raise ImageNotFoundError("No image found in the image integration")
errors.ImageNotFoundError: No image found in the image integration

18:59:11 INFO Forgetting model main...