{"uid":"3bfb7ba459d80b1d","name":"test_reactive_mode_scale_down","fullName":"tests.integration.test_reactive#test_reactive_mode_scale_down","historyId":"bb6817de59a8aff167470484d2d33ee6","time":{"start":1768892013853,"stop":1768893081693,"duration":1067840},"description":"\n    arrange: Scale down the number of virtual machines to 2 and spawn a job.\n    act:\n        1. Scale down the number of virtual machines to 0 and call reconcile.\n        2. Spawn a job.\n    assert:\n        1. The job fails.\n        2. The job is queued and there is a message in the queue.\n    ","descriptionHtml":"<pre><code>arrange: Scale down the number of virtual machines to 2 and spawn a job.\nact:\n    1. Scale down the number of virtual machines to 0 and call reconcile.\n    2. Spawn a job.\nassert:\n    1. The job fails.\n    2. The job is queued and there is a message in the queue.\n</code></pre>\n","status":"failed","statusMessage":"AssertionError: Queue test-del49oih expected: 0, received: 1","statusTrace":"Traceback (most recent call last):\n  File \"/home/ubuntu/actions-runner/_work/github-runner-operator/github-runner-operator/.tox/integration-juju3.6/lib/python3.12/site-packages/_pytest/runner.py\", line 353, in from_call\n    result: TResult | None = func()\n                             ^^^^^^\n  File \"/home/ubuntu/actions-runner/_work/github-runner-operator/github-runner-operator/.tox/integration-juju3.6/lib/python3.12/site-packages/_pytest/runner.py\", line 245, in <lambda>\n    lambda: runtest_hook(item=item, **kwds),\n            ^^^^^^^^^^^^^^^^^^^^^^^^^^^^^^^\n  File \"/home/ubuntu/actions-runner/_work/github-runner-operator/github-runner-operator/.tox/integration-juju3.6/lib/python3.12/site-packages/pluggy/_hooks.py\", line 512, in __call__\n    return self._hookexec(self.name, self._hookimpls.copy(), kwargs, firstresult)\n           ^^^^^^^^^^^^^^^^^^^^^^^^^^^^^^^^^^^^^^^^^^^^^^^^^^^^^^^^^^^^^^^^^^^^^^\n  File \"/home/ubuntu/actions-runner/_work/github-runner-operator/github-runner-operator/.tox/integration-juju3.6/lib/python3.12/site-packages/pluggy/_manager.py\", line 120, in _hookexec\n    return self._inner_hookexec(hook_name, methods, kwargs, firstresult)\n           ^^^^^^^^^^^^^^^^^^^^^^^^^^^^^^^^^^^^^^^^^^^^^^^^^^^^^^^^^^^^^\n  File \"/home/ubuntu/actions-runner/_work/github-runner-operator/github-runner-operator/.tox/integration-juju3.6/lib/python3.12/site-packages/pluggy/_callers.py\", line 167, in _multicall\n    raise exception\n  File \"/home/ubuntu/actions-runner/_work/github-runner-operator/github-runner-operator/.tox/integration-juju3.6/lib/python3.12/site-packages/pluggy/_callers.py\", line 139, in _multicall\n    teardown.throw(exception)\n  File \"/home/ubuntu/actions-runner/_work/github-runner-operator/github-runner-operator/.tox/integration-juju3.6/lib/python3.12/site-packages/_pytest/logging.py\", line 850, in pytest_runtest_call\n    yield\n  File \"/home/ubuntu/actions-runner/_work/github-runner-operator/github-runner-operator/.tox/integration-juju3.6/lib/python3.12/site-packages/pluggy/_callers.py\", line 139, in _multicall\n    teardown.throw(exception)\n  File \"/home/ubuntu/actions-runner/_work/github-runner-operator/github-runner-operator/.tox/integration-juju3.6/lib/python3.12/site-packages/pluggy/_callers.py\", line 53, in run_old_style_hookwrapper\n    return result.get_result()\n           ^^^^^^^^^^^^^^^^^^^\n  File \"/home/ubuntu/actions-runner/_work/github-runner-operator/github-runner-operator/.tox/integration-juju3.6/lib/python3.12/site-packages/pluggy/_result.py\", line 103, in get_result\n    raise exc.with_traceback(tb)\n  File \"/home/ubuntu/actions-runner/_work/github-runner-operator/github-runner-operator/.tox/integration-juju3.6/lib/python3.12/site-packages/pluggy/_callers.py\", line 38, in run_old_style_hookwrapper\n    res = yield\n          ^^^^^\n  File \"/home/ubuntu/actions-runner/_work/github-runner-operator/github-runner-operator/.tox/integration-juju3.6/lib/python3.12/site-packages/pluggy/_callers.py\", line 139, in _multicall\n    teardown.throw(exception)\n  File \"/home/ubuntu/actions-runner/_work/github-runner-operator/github-runner-operator/.tox/integration-juju3.6/lib/python3.12/site-packages/_pytest/capture.py\", line 900, in pytest_runtest_call\n    return (yield)\n            ^^^^^\n  File \"/home/ubuntu/actions-runner/_work/github-runner-operator/github-runner-operator/.tox/integration-juju3.6/lib/python3.12/site-packages/pluggy/_callers.py\", line 139, in _multicall\n    teardown.throw(exception)\n  File \"/home/ubuntu/actions-runner/_work/github-runner-operator/github-runner-operator/.tox/integration-juju3.6/lib/python3.12/site-packages/_pytest/skipping.py\", line 268, in pytest_runtest_call\n    return (yield)\n            ^^^^^\n  File \"/home/ubuntu/actions-runner/_work/github-runner-operator/github-runner-operator/.tox/integration-juju3.6/lib/python3.12/site-packages/pluggy/_callers.py\", line 121, in _multicall\n    res = hook_impl.function(*args)\n          ^^^^^^^^^^^^^^^^^^^^^^^^^\n  File \"/home/ubuntu/actions-runner/_work/github-runner-operator/github-runner-operator/.tox/integration-juju3.6/lib/python3.12/site-packages/_pytest/runner.py\", line 179, in pytest_runtest_call\n    item.runtest()\n  File \"/home/ubuntu/actions-runner/_work/github-runner-operator/github-runner-operator/.tox/integration-juju3.6/lib/python3.12/site-packages/_pytest/python.py\", line 1720, in runtest\n    self.ihook.pytest_pyfunc_call(pyfuncitem=self)\n  File \"/home/ubuntu/actions-runner/_work/github-runner-operator/github-runner-operator/.tox/integration-juju3.6/lib/python3.12/site-packages/pluggy/_hooks.py\", line 512, in __call__\n    return self._hookexec(self.name, self._hookimpls.copy(), kwargs, firstresult)\n           ^^^^^^^^^^^^^^^^^^^^^^^^^^^^^^^^^^^^^^^^^^^^^^^^^^^^^^^^^^^^^^^^^^^^^^\n  File \"/home/ubuntu/actions-runner/_work/github-runner-operator/github-runner-operator/.tox/integration-juju3.6/lib/python3.12/site-packages/pluggy/_manager.py\", line 120, in _hookexec\n    return self._inner_hookexec(hook_name, methods, kwargs, firstresult)\n           ^^^^^^^^^^^^^^^^^^^^^^^^^^^^^^^^^^^^^^^^^^^^^^^^^^^^^^^^^^^^^\n  File \"/home/ubuntu/actions-runner/_work/github-runner-operator/github-runner-operator/.tox/integration-juju3.6/lib/python3.12/site-packages/pluggy/_callers.py\", line 167, in _multicall\n    raise exception\n  File \"/home/ubuntu/actions-runner/_work/github-runner-operator/github-runner-operator/.tox/integration-juju3.6/lib/python3.12/site-packages/pluggy/_callers.py\", line 139, in _multicall\n    teardown.throw(exception)\n  File \"/home/ubuntu/actions-runner/_work/github-runner-operator/github-runner-operator/.tox/integration-juju3.6/lib/python3.12/site-packages/pluggy/_callers.py\", line 53, in run_old_style_hookwrapper\n    return result.get_result()\n           ^^^^^^^^^^^^^^^^^^^\n  File \"/home/ubuntu/actions-runner/_work/github-runner-operator/github-runner-operator/.tox/integration-juju3.6/lib/python3.12/site-packages/pluggy/_result.py\", line 103, in get_result\n    raise exc.with_traceback(tb)\n  File \"/home/ubuntu/actions-runner/_work/github-runner-operator/github-runner-operator/.tox/integration-juju3.6/lib/python3.12/site-packages/pluggy/_callers.py\", line 38, in run_old_style_hookwrapper\n    res = yield\n          ^^^^^\n  File \"/home/ubuntu/actions-runner/_work/github-runner-operator/github-runner-operator/.tox/integration-juju3.6/lib/python3.12/site-packages/pluggy/_callers.py\", line 121, in _multicall\n    res = hook_impl.function(*args)\n          ^^^^^^^^^^^^^^^^^^^^^^^^^\n  File \"/home/ubuntu/actions-runner/_work/github-runner-operator/github-runner-operator/.tox/integration-juju3.6/lib/python3.12/site-packages/_pytest/python.py\", line 166, in pytest_pyfunc_call\n    result = testfunction(**testargs)\n             ^^^^^^^^^^^^^^^^^^^^^^^^\n  File \"/home/ubuntu/actions-runner/_work/github-runner-operator/github-runner-operator/.tox/integration-juju3.6/lib/python3.12/site-packages/pytest_asyncio/plugin.py\", line 529, in inner\n    _loop.run_until_complete(task)\n  File \"/home/ubuntu/actions-runner/_work/github-runner-operator/github-runner-operator/.tox/integration-juju3.6/lib/python3.12/site-packages/nest_asyncio.py\", line 98, in run_until_complete\n    return f.result()\n           ^^^^^^^^^^\n  File \"/usr/lib/python3.12/asyncio/futures.py\", line 203, in result\n    raise self._exception.with_traceback(self._exception_tb)\n  File \"/usr/lib/python3.12/asyncio/tasks.py\", line 314, in __step_run_and_handle_result\n    result = coro.send(None)\n             ^^^^^^^^^^^^^^^\n  File \"/home/ubuntu/actions-runner/_work/github-runner-operator/github-runner-operator/tests/integration/test_reactive.py\", line 258, in test_reactive_mode_scale_down\n    assert_queue_is_empty(mongodb_uri, app.name)\n  File \"/home/ubuntu/actions-runner/_work/github-runner-operator/github-runner-operator/tests/integration/utils_reactive.py\", line 157, in assert_queue_is_empty\n    assert_queue_has_size(mongodb_uri, queue_name, 0)\n  File \"/home/ubuntu/actions-runner/_work/github-runner-operator/github-runner-operator/tests/integration/utils_reactive.py\", line 173, in assert_queue_has_size\n    assert queue_size == size, f\"Queue {queue_name} expected: {size}, received: {queue_size}\"\n           ^^^^^^^^^^^^^^^^^^\nAssertionError: Queue test-del49oih expected: 0, received: 1","flaky":true,"newFailed":true,"newBroken":false,"newPassed":false,"retriesCount":1,"retriesStatusChange":true,"beforeStages":[{"name":"event_loop","time":{"start":1768890074193,"stop":1768890074193,"duration":0},"status":"passed","steps":[],"attachments":[],"parameters":[],"shouldDisplayMessage":false,"stepsCount":0,"attachmentsCount":0,"hasContent":false,"attachmentStep":false},{"name":"tmp_path_factory","time":{"start":1768890074194,"stop":1768890074194,"duration":0},"status":"passed","steps":[],"attachments":[],"parameters":[],"shouldDisplayMessage":false,"stepsCount":0,"attachmentsCount":0,"hasContent":false,"attachmentStep":false},{"name":"ops_test","time":{"start":1768890074194,"stop":1768890074607,"duration":413},"status":"passed","steps":[],"attachments":[],"parameters":[],"shouldDisplayMessage":false,"stepsCount":0,"attachmentsCount":0,"hasContent":false,"attachmentStep":false},{"name":"pytestconfig","time":{"start":1768890074194,"stop":1768890074194,"duration":0},"status":"passed","steps":[],"attachments":[],"parameters":[],"shouldDisplayMessage":false,"stepsCount":0,"attachmentsCount":0,"hasContent":false,"attachmentStep":false},{"name":"github_client","time":{"start":1768890074607,"stop":1768890074839,"duration":232},"status":"passed","steps":[],"attachments":[],"parameters":[],"shouldDisplayMessage":false,"stepsCount":0,"attachmentsCount":0,"hasContent":false,"attachmentStep":false},{"name":"github_config","time":{"start":1768890074607,"stop":1768890074607,"duration":0},"status":"passed","steps":[],"attachments":[],"parameters":[],"shouldDisplayMessage":false,"stepsCount":0,"attachmentsCount":0,"hasContent":false,"attachmentStep":false},{"name":"github_repository","time":{"start":1768890074839,"stop":1768890075398,"duration":559},"status":"passed","steps":[],"attachments":[],"parameters":[],"shouldDisplayMessage":false,"stepsCount":0,"attachmentsCount":0,"hasContent":false,"attachmentStep":false},{"name":"test_github_branch","time":{"start":1768890075398,"stop":1768890077041,"duration":1643},"status":"passed","steps":[],"attachments":[],"parameters":[],"shouldDisplayMessage":false,"stepsCount":0,"attachmentsCount":0,"hasContent":false,"attachmentStep":false},{"name":"proxy_config","time":{"start":1768890077041,"stop":1768890077041,"duration":0},"status":"passed","steps":[],"attachments":[],"parameters":[],"shouldDisplayMessage":false,"stepsCount":0,"attachmentsCount":0,"hasContent":false,"attachmentStep":false},{"name":"model","time":{"start":1768890077041,"stop":1768890077049,"duration":8},"status":"passed","steps":[],"attachments":[],"parameters":[],"shouldDisplayMessage":false,"stepsCount":0,"attachmentsCount":0,"hasContent":false,"attachmentStep":false},{"name":"mongodb","time":{"start":1768890077049,"stop":1768890079347,"duration":2298},"status":"passed","steps":[],"attachments":[],"parameters":[],"shouldDisplayMessage":false,"stepsCount":0,"attachmentsCount":0,"hasContent":false,"attachmentStep":false},{"name":"existing_app_suffix","time":{"start":1768890077049,"stop":1768890077049,"duration":0},"status":"passed","steps":[],"attachments":[],"parameters":[],"shouldDisplayMessage":false,"stepsCount":0,"attachmentsCount":0,"hasContent":false,"attachmentStep":false},{"name":"charm_file","time":{"start":1768890079347,"stop":1768890079348,"duration":1},"status":"passed","steps":[],"attachments":[],"parameters":[],"shouldDisplayMessage":false,"stepsCount":0,"attachmentsCount":0,"hasContent":false,"attachmentStep":false},{"name":"image_builder_config","time":{"start":1768890079348,"stop":1768890079348,"duration":0},"status":"passed","steps":[],"attachments":[],"parameters":[],"shouldDisplayMessage":false,"stepsCount":0,"attachmentsCount":0,"hasContent":false,"attachmentStep":false},{"name":"random_app_name_suffix","time":{"start":1768890079348,"stop":1768890079348,"duration":0},"status":"passed","steps":[],"attachments":[],"parameters":[],"shouldDisplayMessage":false,"stepsCount":0,"attachmentsCount":0,"hasContent":false,"attachmentStep":false},{"name":"app_name","time":{"start":1768890079348,"stop":1768890079348,"duration":0},"status":"passed","steps":[],"attachments":[],"parameters":[],"shouldDisplayMessage":false,"stepsCount":0,"attachmentsCount":0,"hasContent":false,"attachmentStep":false},{"name":"image_builder_app_name","time":{"start":1768890079348,"stop":1768890079348,"duration":0},"status":"passed","steps":[],"attachments":[],"parameters":[],"shouldDisplayMessage":false,"stepsCount":0,"attachmentsCount":0,"hasContent":false,"attachmentStep":false},{"name":"openstack_config","time":{"start":1768890079348,"stop":1768890079348,"duration":0},"status":"passed","steps":[],"attachments":[],"parameters":[],"shouldDisplayMessage":false,"stepsCount":0,"attachmentsCount":0,"hasContent":false,"attachmentStep":false},{"name":"openstack_connection","time":{"start":1768890079348,"stop":1768890079363,"duration":15},"status":"passed","steps":[],"attachments":[],"parameters":[],"shouldDisplayMessage":false,"stepsCount":0,"attachmentsCount":0,"hasContent":false,"attachmentStep":false},{"name":"image_builder","time":{"start":1768890079364,"stop":1768890082930,"duration":3566},"status":"passed","steps":[],"attachments":[],"parameters":[],"shouldDisplayMessage":false,"stepsCount":0,"attachmentsCount":0,"hasContent":false,"attachmentStep":false},{"name":"dockerhub_mirror","time":{"start":1768890082930,"stop":1768890082930,"duration":0},"status":"passed","steps":[],"attachments":[],"parameters":[],"shouldDisplayMessage":false,"stepsCount":0,"attachmentsCount":0,"hasContent":false,"attachmentStep":false},{"name":"app_openstack_runner","time":{"start":1768890082930,"stop":1768890341220,"duration":258290},"status":"passed","steps":[],"attachments":[],"parameters":[],"shouldDisplayMessage":false,"stepsCount":0,"attachmentsCount":0,"hasContent":false,"attachmentStep":false},{"name":"app_for_reactive","time":{"start":1768890341220,"stop":1768890443359,"duration":102139},"status":"passed","steps":[],"attachments":[],"parameters":[],"shouldDisplayMessage":false,"stepsCount":0,"attachmentsCount":0,"hasContent":false,"attachmentStep":false},{"name":"abort_on_fail","time":{"start":1768891857419,"stop":1768891857419,"duration":0},"status":"passed","steps":[],"attachments":[],"parameters":[],"shouldDisplayMessage":false,"stepsCount":0,"attachmentsCount":0,"hasContent":false,"attachmentStep":false},{"name":"app","time":{"start":1768891857419,"stop":1768892013852,"duration":156433},"status":"passed","steps":[],"attachments":[],"parameters":[],"shouldDisplayMessage":false,"stepsCount":0,"attachmentsCount":0,"hasContent":false,"attachmentStep":false}],"testStage":{"description":"\n    arrange: Scale down the number of virtual machines to 2 and spawn a job.\n    act:\n        1. Scale down the number of virtual machines to 0 and call reconcile.\n        2. Spawn a job.\n    assert:\n        1. The job fails.\n        2. The job is queued and there is a message in the queue.\n    ","status":"failed","statusMessage":"AssertionError: Queue test-del49oih expected: 0, received: 1","statusTrace":"Traceback (most recent call last):\n  File \"/home/ubuntu/actions-runner/_work/github-runner-operator/github-runner-operator/.tox/integration-juju3.6/lib/python3.12/site-packages/_pytest/runner.py\", line 353, in from_call\n    result: TResult | None = func()\n                             ^^^^^^\n  File \"/home/ubuntu/actions-runner/_work/github-runner-operator/github-runner-operator/.tox/integration-juju3.6/lib/python3.12/site-packages/_pytest/runner.py\", line 245, in <lambda>\n    lambda: runtest_hook(item=item, **kwds),\n            ^^^^^^^^^^^^^^^^^^^^^^^^^^^^^^^\n  File \"/home/ubuntu/actions-runner/_work/github-runner-operator/github-runner-operator/.tox/integration-juju3.6/lib/python3.12/site-packages/pluggy/_hooks.py\", line 512, in __call__\n    return self._hookexec(self.name, self._hookimpls.copy(), kwargs, firstresult)\n           ^^^^^^^^^^^^^^^^^^^^^^^^^^^^^^^^^^^^^^^^^^^^^^^^^^^^^^^^^^^^^^^^^^^^^^\n  File \"/home/ubuntu/actions-runner/_work/github-runner-operator/github-runner-operator/.tox/integration-juju3.6/lib/python3.12/site-packages/pluggy/_manager.py\", line 120, in _hookexec\n    return self._inner_hookexec(hook_name, methods, kwargs, firstresult)\n           ^^^^^^^^^^^^^^^^^^^^^^^^^^^^^^^^^^^^^^^^^^^^^^^^^^^^^^^^^^^^^\n  File \"/home/ubuntu/actions-runner/_work/github-runner-operator/github-runner-operator/.tox/integration-juju3.6/lib/python3.12/site-packages/pluggy/_callers.py\", line 167, in _multicall\n    raise exception\n  File \"/home/ubuntu/actions-runner/_work/github-runner-operator/github-runner-operator/.tox/integration-juju3.6/lib/python3.12/site-packages/pluggy/_callers.py\", line 139, in _multicall\n    teardown.throw(exception)\n  File \"/home/ubuntu/actions-runner/_work/github-runner-operator/github-runner-operator/.tox/integration-juju3.6/lib/python3.12/site-packages/_pytest/logging.py\", line 850, in pytest_runtest_call\n    yield\n  File \"/home/ubuntu/actions-runner/_work/github-runner-operator/github-runner-operator/.tox/integration-juju3.6/lib/python3.12/site-packages/pluggy/_callers.py\", line 139, in _multicall\n    teardown.throw(exception)\n  File \"/home/ubuntu/actions-runner/_work/github-runner-operator/github-runner-operator/.tox/integration-juju3.6/lib/python3.12/site-packages/pluggy/_callers.py\", line 53, in run_old_style_hookwrapper\n    return result.get_result()\n           ^^^^^^^^^^^^^^^^^^^\n  File \"/home/ubuntu/actions-runner/_work/github-runner-operator/github-runner-operator/.tox/integration-juju3.6/lib/python3.12/site-packages/pluggy/_result.py\", line 103, in get_result\n    raise exc.with_traceback(tb)\n  File \"/home/ubuntu/actions-runner/_work/github-runner-operator/github-runner-operator/.tox/integration-juju3.6/lib/python3.12/site-packages/pluggy/_callers.py\", line 38, in run_old_style_hookwrapper\n    res = yield\n          ^^^^^\n  File \"/home/ubuntu/actions-runner/_work/github-runner-operator/github-runner-operator/.tox/integration-juju3.6/lib/python3.12/site-packages/pluggy/_callers.py\", line 139, in _multicall\n    teardown.throw(exception)\n  File \"/home/ubuntu/actions-runner/_work/github-runner-operator/github-runner-operator/.tox/integration-juju3.6/lib/python3.12/site-packages/_pytest/capture.py\", line 900, in pytest_runtest_call\n    return (yield)\n            ^^^^^\n  File \"/home/ubuntu/actions-runner/_work/github-runner-operator/github-runner-operator/.tox/integration-juju3.6/lib/python3.12/site-packages/pluggy/_callers.py\", line 139, in _multicall\n    teardown.throw(exception)\n  File \"/home/ubuntu/actions-runner/_work/github-runner-operator/github-runner-operator/.tox/integration-juju3.6/lib/python3.12/site-packages/_pytest/skipping.py\", line 268, in pytest_runtest_call\n    return (yield)\n            ^^^^^\n  File \"/home/ubuntu/actions-runner/_work/github-runner-operator/github-runner-operator/.tox/integration-juju3.6/lib/python3.12/site-packages/pluggy/_callers.py\", line 121, in _multicall\n    res = hook_impl.function(*args)\n          ^^^^^^^^^^^^^^^^^^^^^^^^^\n  File \"/home/ubuntu/actions-runner/_work/github-runner-operator/github-runner-operator/.tox/integration-juju3.6/lib/python3.12/site-packages/_pytest/runner.py\", line 179, in pytest_runtest_call\n    item.runtest()\n  File \"/home/ubuntu/actions-runner/_work/github-runner-operator/github-runner-operator/.tox/integration-juju3.6/lib/python3.12/site-packages/_pytest/python.py\", line 1720, in runtest\n    self.ihook.pytest_pyfunc_call(pyfuncitem=self)\n  File \"/home/ubuntu/actions-runner/_work/github-runner-operator/github-runner-operator/.tox/integration-juju3.6/lib/python3.12/site-packages/pluggy/_hooks.py\", line 512, in __call__\n    return self._hookexec(self.name, self._hookimpls.copy(), kwargs, firstresult)\n           ^^^^^^^^^^^^^^^^^^^^^^^^^^^^^^^^^^^^^^^^^^^^^^^^^^^^^^^^^^^^^^^^^^^^^^\n  File \"/home/ubuntu/actions-runner/_work/github-runner-operator/github-runner-operator/.tox/integration-juju3.6/lib/python3.12/site-packages/pluggy/_manager.py\", line 120, in _hookexec\n    return self._inner_hookexec(hook_name, methods, kwargs, firstresult)\n           ^^^^^^^^^^^^^^^^^^^^^^^^^^^^^^^^^^^^^^^^^^^^^^^^^^^^^^^^^^^^^\n  File \"/home/ubuntu/actions-runner/_work/github-runner-operator/github-runner-operator/.tox/integration-juju3.6/lib/python3.12/site-packages/pluggy/_callers.py\", line 167, in _multicall\n    raise exception\n  File \"/home/ubuntu/actions-runner/_work/github-runner-operator/github-runner-operator/.tox/integration-juju3.6/lib/python3.12/site-packages/pluggy/_callers.py\", line 139, in _multicall\n    teardown.throw(exception)\n  File \"/home/ubuntu/actions-runner/_work/github-runner-operator/github-runner-operator/.tox/integration-juju3.6/lib/python3.12/site-packages/pluggy/_callers.py\", line 53, in run_old_style_hookwrapper\n    return result.get_result()\n           ^^^^^^^^^^^^^^^^^^^\n  File \"/home/ubuntu/actions-runner/_work/github-runner-operator/github-runner-operator/.tox/integration-juju3.6/lib/python3.12/site-packages/pluggy/_result.py\", line 103, in get_result\n    raise exc.with_traceback(tb)\n  File \"/home/ubuntu/actions-runner/_work/github-runner-operator/github-runner-operator/.tox/integration-juju3.6/lib/python3.12/site-packages/pluggy/_callers.py\", line 38, in run_old_style_hookwrapper\n    res = yield\n          ^^^^^\n  File \"/home/ubuntu/actions-runner/_work/github-runner-operator/github-runner-operator/.tox/integration-juju3.6/lib/python3.12/site-packages/pluggy/_callers.py\", line 121, in _multicall\n    res = hook_impl.function(*args)\n          ^^^^^^^^^^^^^^^^^^^^^^^^^\n  File \"/home/ubuntu/actions-runner/_work/github-runner-operator/github-runner-operator/.tox/integration-juju3.6/lib/python3.12/site-packages/_pytest/python.py\", line 166, in pytest_pyfunc_call\n    result = testfunction(**testargs)\n             ^^^^^^^^^^^^^^^^^^^^^^^^\n  File \"/home/ubuntu/actions-runner/_work/github-runner-operator/github-runner-operator/.tox/integration-juju3.6/lib/python3.12/site-packages/pytest_asyncio/plugin.py\", line 529, in inner\n    _loop.run_until_complete(task)\n  File \"/home/ubuntu/actions-runner/_work/github-runner-operator/github-runner-operator/.tox/integration-juju3.6/lib/python3.12/site-packages/nest_asyncio.py\", line 98, in run_until_complete\n    return f.result()\n           ^^^^^^^^^^\n  File \"/usr/lib/python3.12/asyncio/futures.py\", line 203, in result\n    raise self._exception.with_traceback(self._exception_tb)\n  File \"/usr/lib/python3.12/asyncio/tasks.py\", line 314, in __step_run_and_handle_result\n    result = coro.send(None)\n             ^^^^^^^^^^^^^^^\n  File \"/home/ubuntu/actions-runner/_work/github-runner-operator/github-runner-operator/tests/integration/test_reactive.py\", line 258, in test_reactive_mode_scale_down\n    assert_queue_is_empty(mongodb_uri, app.name)\n  File \"/home/ubuntu/actions-runner/_work/github-runner-operator/github-runner-operator/tests/integration/utils_reactive.py\", line 157, in assert_queue_is_empty\n    assert_queue_has_size(mongodb_uri, queue_name, 0)\n  File \"/home/ubuntu/actions-runner/_work/github-runner-operator/github-runner-operator/tests/integration/utils_reactive.py\", line 173, in assert_queue_has_size\n    assert queue_size == size, f\"Queue {queue_name} expected: {size}, received: {queue_size}\"\n           ^^^^^^^^^^^^^^^^^^\nAssertionError: Queue test-del49oih expected: 0, received: 1","steps":[],"attachments":[{"uid":"1bf1779ed74cec89","name":"log","source":"1bf1779ed74cec89.txt","type":"text/plain","size":221684}],"parameters":[],"shouldDisplayMessage":true,"stepsCount":0,"attachmentsCount":1,"hasContent":true,"attachmentStep":false},"afterStages":[{"name":"app::finalizer","time":{"start":1768893081696,"stop":1768893158912,"duration":77216},"status":"passed","steps":[],"attachments":[],"parameters":[],"shouldDisplayMessage":false,"stepsCount":0,"attachmentsCount":0,"hasContent":false,"attachmentStep":false},{"name":"abort_on_fail::0","time":{"start":1768893158913,"stop":1768893158913,"duration":0},"status":"passed","steps":[],"attachments":[],"parameters":[],"shouldDisplayMessage":false,"stepsCount":0,"attachmentsCount":0,"hasContent":false,"attachmentStep":false},{"name":"app_openstack_runner::finalizer","time":{"start":1768893158913,"stop":1768893161999,"duration":3086},"status":"passed","steps":[],"attachments":[],"parameters":[],"shouldDisplayMessage":false,"stepsCount":0,"attachmentsCount":0,"hasContent":false,"attachmentStep":false},{"name":"image_builder::finalizer","time":{"start":1768893162000,"stop":1768893162000,"duration":0},"status":"passed","steps":[],"attachments":[],"parameters":[],"shouldDisplayMessage":false,"stepsCount":0,"attachmentsCount":0,"hasContent":false,"attachmentStep":false},{"name":"openstack_connection::0","time":{"start":1768893162000,"stop":1768893162438,"duration":438},"status":"passed","steps":[],"attachments":[],"parameters":[],"shouldDisplayMessage":false,"stepsCount":0,"attachmentsCount":0,"hasContent":false,"attachmentStep":false},{"name":"test_github_branch::finalizer","time":{"start":1768893162439,"stop":1768893162950,"duration":511},"status":"passed","steps":[],"attachments":[],"parameters":[],"shouldDisplayMessage":false,"stepsCount":0,"attachmentsCount":0,"hasContent":false,"attachmentStep":false},{"name":"ops_test::finalizer","time":{"start":1768893162951,"stop":1768893163278,"duration":327},"status":"passed","steps":[],"attachments":[],"parameters":[],"shouldDisplayMessage":false,"stepsCount":0,"attachmentsCount":0,"hasContent":false,"attachmentStep":false},{"name":"event_loop::2","time":{"start":1768893163279,"stop":1768893163279,"duration":0},"status":"passed","steps":[],"attachments":[],"parameters":[],"shouldDisplayMessage":false,"stepsCount":0,"attachmentsCount":0,"hasContent":false,"attachmentStep":false},{"name":"event_loop::_close_event_loop","time":{"start":1768893163279,"stop":1768893163279,"duration":0},"status":"passed","steps":[],"attachments":[],"parameters":[],"shouldDisplayMessage":false,"stepsCount":0,"attachmentsCount":0,"hasContent":false,"attachmentStep":false},{"name":"event_loop::_provide_clean_event_loop","time":{"start":1768893163279,"stop":1768893163279,"duration":0},"status":"passed","steps":[],"attachments":[],"parameters":[],"shouldDisplayMessage":false,"stepsCount":0,"attachmentsCount":0,"hasContent":false,"attachmentStep":false}],"labels":[{"name":"tag","value":"abort_on_fail"},{"name":"tag","value":"asyncio"},{"name":"tag","value":"openstack"},{"name":"parentSuite","value":"tests.integration"},{"name":"suite","value":"test_reactive"},{"name":"host","value":"github-runner"},{"name":"thread","value":"12540-MainThread"},{"name":"framework","value":"pytest"},{"name":"language","value":"cpython3"},{"name":"package","value":"tests.integration.test_reactive"},{"name":"resultFormat","value":"allure2"}],"parameters":[],"links":[],"hidden":false,"retry":false,"extra":{"severity":"normal","retries":[{"uid":"85abb121f0b28db6","status":"unknown","time":{}}],"categories":[{"name":"Product defects","matchedStatuses":[]}],"history":{"statistic":{"failed":43,"broken":144,"skipped":54,"passed":208,"unknown":24,"total":473},"items":[{"uid":"9c096d18aed9615c","reportUrl":"../4719//#testresult/9c096d18aed9615c","status":"passed","time":{"start":1768848649985,"stop":1768849829290,"duration":1179305}},{"uid":"d3060fdd21aa082","reportUrl":"../4706//#testresult/d3060fdd21aa082","status":"broken","statusDetails":"juju.errors.JujuUnitError: Unit in error: test-pozm1ivh/0","time":{"start":1768813495094,"stop":1768813495094,"duration":0}},{"uid":"9037ad9e0cad8882","reportUrl":"../4703//#testresult/9037ad9e0cad8882","status":"broken","statusDetails":"juju.errors.JujuUnitError: Unit in error: test-fb2zw4pa/0","time":{"start":1768760508549,"stop":1768760508549,"duration":0}},{"uid":"8363032977584ee0","reportUrl":"../4702//#testresult/8363032977584ee0","status":"broken","statusDetails":"juju.errors.JujuUnitError: Unit in error: test-mgc5ar68/0","time":{"start":1768717294533,"stop":1768717294533,"duration":0}},{"uid":"dac6ad58e37c76b1","reportUrl":"../4701//#testresult/dac6ad58e37c76b1","status":"failed","statusDetails":"AssertionError: Expected 1 job to be created","time":{"start":1768675810135,"stop":1768675968707,"duration":158572}},{"uid":"84f56eca3c67bc7a","reportUrl":"../4700//#testresult/84f56eca3c67bc7a","status":"passed","time":{"start":1768632671825,"stop":1768633881509,"duration":1209684}},{"uid":"52cefcdbe190d3a3","reportUrl":"../4699//#testresult/52cefcdbe190d3a3","status":"passed","time":{"start":1768589422919,"stop":1768590623716,"duration":1200797}},{"uid":"a41b574b59e5cbf7","reportUrl":"../4695//#testresult/a41b574b59e5cbf7","status":"passed","time":{"start":1768546255262,"stop":1768547423635,"duration":1168373}},{"uid":"4c1551e3a1305fe","reportUrl":"../4690//#testresult/4c1551e3a1305fe","status":"failed","statusDetails":"AssertionError: Expected 1 job to be created","time":{"start":1768503217690,"stop":1768504370379,"duration":1152689}},{"uid":"b286ad62beefca93","reportUrl":"../4687//#testresult/b286ad62beefca93","status":"failed","statusDetails":"AssertionError: Queue test-e1ll0hy9 expected: 0, received: 1","time":{"start":1768459870176,"stop":1768460948018,"duration":1077842}},{"uid":"d807a3045147aab4","reportUrl":"../4684//#testresult/d807a3045147aab4","status":"failed","statusDetails":"AssertionError: Queue test-wcogbw3m expected: 0, received: 1","time":{"start":1768416858997,"stop":1768417919074,"duration":1060077}},{"uid":"7e2f904da3a52283","reportUrl":"../4670//#testresult/7e2f904da3a52283","status":"failed","statusDetails":"AssertionError: Queue test-mvotp65e expected: 0, received: 1","time":{"start":1768373477020,"stop":1768374486467,"duration":1009447}},{"uid":"5f66758c5154cb9","reportUrl":"../4669//#testresult/5f66758c5154cb9","status":"skipped","statusDetails":"XFAIL aborted\n\n_pytest.outcomes.XFailed: aborted","time":{"start":1768329154722,"stop":1768329154722,"duration":0}},{"uid":"977e303884aad188","reportUrl":"../4666//#testresult/977e303884aad188","status":"failed","statusDetails":"AssertionError: Queue test-onfwcfq1 expected: 0, received: 1","time":{"start":1768287055951,"stop":1768288063255,"duration":1007304}},{"uid":"fdac48dd8c9a39f8","reportUrl":"../4664//#testresult/fdac48dd8c9a39f8","status":"failed","statusDetails":"AssertionError: Queue test-ba2v4l7p expected: 0, received: 1","time":{"start":1768243803669,"stop":1768244871374,"duration":1067705}},{"uid":"ce86100bbd402e70","reportUrl":"../4659//#testresult/ce86100bbd402e70","status":"skipped","statusDetails":"XFAIL aborted\n\n_pytest.outcomes.XFailed: aborted","time":{"start":1768199659245,"stop":1768199659245,"duration":0}},{"uid":"2595d0f1ac7891bf","reportUrl":"../4657//#testresult/2595d0f1ac7891bf","status":"passed","time":{"start":1768157398601,"stop":1768158628687,"duration":1230086}},{"uid":"fa923597949b858c","reportUrl":"../4656//#testresult/fa923597949b858c","status":"passed","time":{"start":1768114175441,"stop":1768115345599,"duration":1170158}},{"uid":"b3b11965edd4a975","reportUrl":"../4655//#testresult/b3b11965edd4a975","status":"passed","time":{"start":1768070953833,"stop":1768072112397,"duration":1158564}},{"uid":"49bd92ec5c6ec9e8","reportUrl":"../4654//#testresult/49bd92ec5c6ec9e8","status":"passed","time":{"start":1768027757408,"stop":1768028935948,"duration":1178540}}]},"tags":["asyncio","abort_on_fail","openstack"]},"source":"3bfb7ba459d80b1d.json","parameterValues":[]}