06:48:48 INFO GitHub token rate limit: Rate(reset=2025-09-23 07:33:06+00:00, remaining=4562, limit=5000)
06:48:52 INFO Waiting for model:
  test-ruf9k02f/0 [idle] active: 
06:49:22 INFO Waiting for model:
  test-ruf9k02f/0 [idle] active: 
06:49:25 INFO Current reconcile ID: a3681a57-0463-46b1-b9a7-6ca4f2d87129
06:49:25 INFO Waiting for reconcile ID: a3681a57-0463-46b1-b9a7-6ca4f2d87129
06:50:26 INFO Current reconcile ID: a3681a57-0463-46b1-b9a7-6ca4f2d87129
06:50:26 INFO Current reconcile ID: a3681a57-0463-46b1-b9a7-6ca4f2d87129, expected reconcile ID: a3681a57-0463-46b1-b9a7-6ca4f2d87129
06:50:26 INFO Waiting for reconcile ID: a3681a57-0463-46b1-b9a7-6ca4f2d87129
06:51:27 INFO Current reconcile ID: 6524073c-06f1-4083-b180-52bd592871e5
06:51:27 INFO Current reconcile ID: 6524073c-06f1-4083-b180-52bd592871e5, expected reconcile ID: a3681a57-0463-46b1-b9a7-6ca4f2d87129
06:51:35 INFO Wait for condition not met, sleeping 10
06:51:46 INFO Waiting for model:
  test-ruf9k02f/0 [idle] active: 
06:52:16 INFO Waiting for model:
  test-ruf9k02f/0 [idle] active: 
06:52:19 INFO Current reconcile ID: edd7259c-dce9-4a4b-a037-001d7c6e5ac4
06:52:19 INFO Waiting for reconcile ID: edd7259c-dce9-4a4b-a037-001d7c6e5ac4
06:53:20 INFO Current reconcile ID: edd7259c-dce9-4a4b-a037-001d7c6e5ac4
06:53:20 INFO Current reconcile ID: edd7259c-dce9-4a4b-a037-001d7c6e5ac4, expected reconcile ID: edd7259c-dce9-4a4b-a037-001d7c6e5ac4
06:53:20 INFO Waiting for reconcile ID: edd7259c-dce9-4a4b-a037-001d7c6e5ac4
06:54:21 INFO Current reconcile ID: 85b97adb-bac7-4db6-bd8e-c4fab41bb27a
06:54:21 INFO Current reconcile ID: 85b97adb-bac7-4db6-bd8e-c4fab41bb27a, expected reconcile ID: edd7259c-dce9-4a4b-a037-001d7c6e5ac4
06:54:22 INFO File content of /var/log/github-runner-metrics.log: {"timestamp": 1758610216.0, "event": "runner_installed", "flavor": "test-ruf9k02f", "duration": 74.0}
{"timestamp": 1758610298.0, "event": "runner_start", "flavor": "test-ruf9k02f", "workflow": "Workflow Dispatch Tests", "repo": "canonical/github-runner-operator", "github_event": "workflow_dispatch", "idle": 82.0, "queue_duration": 1.0}
{"timestamp": 1758610301.0, "event": "runner_stop", "flavor": "test-ruf9k02f", "workflow": "Workflow Dispatch Tests", "repo": "canonical/github-runner-operator", "github_event": "workflow_dispatch", "status": "normal", "job_duration": 3.0, "job_conclusion": "success"}
{"timestamp": 1758610327.9161317, "event": "reconciliation", "flavor": "test-ruf9k02f", "crashed_runners": 0, "idle_runners": 0, "active_runners": 0, "expected_runners": 0, "duration": 19.729248762130737}
{"timestamp": 1758610456.6696286, "event": "reconciliation", "flavor": "test-ruf9k02f", "crashed_runners": 0, "idle_runners": 0, "active_runners": 0, "expected_runners": 0, "duration": 8.692706823348999}
06:54:26 INFO Model status:

Model                            Controller           Cloud/Region         Version  SLA          Timestamp
test-charm-metrics-success-uzox  github-pr-77d1e-lxd  localhost/localhost  3.6.9    unsupported  06:54:26Z

App                                   Version  Status  Scale  Charm                        Channel      Rev  Exposed  Message
github-runner-image-builder-ruf9k02f           active      1  github-runner-image-builder  latest/edge  110  no       
test-ruf9k02f                                  active      1  github-runner                               0  no       

Unit                                     Workload  Agent  Machine  Public address  Ports  Message
github-runner-image-builder-ruf9k02f/0*  active    idle   0        10.151.233.163         
test-ruf9k02f/0*                         active    idle   1        10.151.233.20          

Machine  State    Address         Inst id        Base          AZ             Message
0        started  10.151.233.163  juju-c48fbc-0  ubuntu@22.04  github-runner  Running
1        started  10.151.233.20   juju-c48fbc-1  ubuntu@22.04  github-runner  Running

06:54:27 INFO Juju error logs:

machine-0: 06:28:33 ERROR juju.worker.dependency "lxd-container-provisioner" manifold worker returned unexpected error: container types not yet available
machine-0: 06:28:33 ERROR juju.worker.dependency "kvm-container-provisioner" manifold worker returned unexpected error: container types not yet available
unit-github-runner-image-builder-ruf9k02f-0: 06:28:33 ERROR juju.worker.meterstatus error running "meter-status-changed": charm missing from disk
machine-1: 06:28:43 ERROR juju.worker.dependency "lxd-container-provisioner" manifold worker returned unexpected error: container types not yet available
machine-1: 06:28:43 ERROR juju.worker.dependency "kvm-container-provisioner" manifold worker returned unexpected error: container types not yet available
unit-test-ruf9k02f-0: 06:28:44 ERROR juju.worker.meterstatus error running "meter-status-changed": charm missing from disk
unit-github-runner-image-builder-ruf9k02f-0: 06:29:30 ERROR unit.github-runner-image-builder-ruf9k02f/0.juju-log Pipx command failed, code: 1, out: None, err: None
unit-test-ruf9k02f-0: 06:30:19 ERROR unit.test-ruf9k02f/0.juju-log Missing image integration.
Traceback (most recent call last):
  File "/var/lib/juju/agents/unit-test-ruf9k02f-0/charm/./src/charm.py", line 118, in func_with_catch_errors
    func(self, event)
  File "/var/lib/juju/agents/unit-test-ruf9k02f-0/charm/./src/charm.py", line 342, in _on_config_changed
    self._check_image_ready()
  File "/var/lib/juju/agents/unit-test-ruf9k02f-0/charm/./src/charm.py", line 512, in _check_image_ready
    raise ImageIntegrationMissingError("No image integration found")
errors.ImageIntegrationMissingError: No image integration found
unit-test-ruf9k02f-0: 06:30:23 ERROR unit.test-ruf9k02f/0.juju-log Missing image integration.
Traceback (most recent call last):
  File "/var/lib/juju/agents/unit-test-ruf9k02f-0/charm/./src/charm.py", line 118, in func_with_catch_errors
    func(self, event)
  File "/var/lib/juju/agents/unit-test-ruf9k02f-0/charm/./src/charm.py", line 313, in _on_start
    self._check_image_ready()
  File "/var/lib/juju/agents/unit-test-ruf9k02f-0/charm/./src/charm.py", line 512, in _check_image_ready
    raise ImageIntegrationMissingError("No image integration found")
errors.ImageIntegrationMissingError: No image integration found
unit-test-ruf9k02f-0: 06:31:28 ERROR unit.test-ruf9k02f/0.juju-log image:0: Missing image in image integration.
Traceback (most recent call last):
  File "/var/lib/juju/agents/unit-test-ruf9k02f-0/charm/./src/charm.py", line 118, in func_with_catch_errors
    func(self, event)
  File "/var/lib/juju/agents/unit-test-ruf9k02f-0/charm/./src/charm.py", line 477, in _on_image_relation_changed
    self._check_image_ready()
  File "/var/lib/juju/agents/unit-test-ruf9k02f-0/charm/./src/charm.py", line 514, in _check_image_ready
    raise ImageNotFoundError("No image found in the image integration")
errors.ImageNotFoundError: No image found in the image integration

06:54:27 INFO Forgetting model main...