06:55:56 WARNING unexpected facade SSHServer received from the controller
06:55:56 INFO Adding model github-pr-420bb-lxd:test-charm-upgrade-69fo on cloud localhost
06:55:57 WARNING unexpected facade SSHServer received from the controller
06:55:57 WARNING unexpected facade SSHSession received from the controller
06:55:57 WARNING unexpected facade SSHTunneler received from the controller
06:55:58 INFO Deploying ch:amd64/jammy/github-runner-image-builder-110
06:56:27 INFO Deploying local:jammy/github-runner-0
06:56:27 INFO Waiting for model:
  test-f7rmjlqs/0 [allocating] waiting: waiting for machine
  github-runner-image-builder-f7rmjlqs/0 [allocating] waiting: waiting for machine
06:56:57 INFO Waiting for model:
  test-f7rmjlqs/0 [allocating] waiting: waiting for machine
  github-runner-image-builder-f7rmjlqs/0 [allocating] waiting: waiting for machine
06:57:27 INFO Waiting for model:
  test-f7rmjlqs/0 [allocating] waiting: waiting for machine
  github-runner-image-builder-f7rmjlqs/0 [allocating] waiting: waiting for machine
06:57:57 INFO Waiting for model:
  test-f7rmjlqs/0 [allocating] waiting: agent initialising
  github-runner-image-builder-f7rmjlqs/0 [executing] maintenance: Setting up Builder.
06:58:27 INFO Waiting for model:
  test-f7rmjlqs/0 [executing] maintenance: installing charm software
  github-runner-image-builder-f7rmjlqs/0 [executing] maintenance: Setting up Builder.
06:58:57 INFO Waiting for model:
  test-f7rmjlqs/0 [executing] maintenance: installing charm software
  github-runner-image-builder-f7rmjlqs/0 [executing] maintenance: Setting up Builder.
06:59:27 INFO Waiting for model:
  test-f7rmjlqs/0 [idle] blocked: Please provide image integration.
  github-runner-image-builder-f7rmjlqs/0 [executing] maintenance: Setting up Builder.
06:59:57 INFO Waiting for model:
  test-f7rmjlqs/0 [idle] blocked: Please provide image integration.
  github-runner-image-builder-f7rmjlqs/0 [executing] maintenance: Setting up Builder.
07:00:27 INFO Waiting for model:
  test-f7rmjlqs/0 [idle] blocked: Please provide image integration.
  github-runner-image-builder-f7rmjlqs/0 [executing] maintenance: Setting up Builder.
07:00:57 INFO Waiting for model:
  test-f7rmjlqs/0 [idle] waiting: Waiting for image over integration.
  github-runner-image-builder-f7rmjlqs/0 [executing] active: Building image.
07:01:27 INFO Waiting for model:
  test-f7rmjlqs/0 [idle] waiting: Waiting for image over integration.
  github-runner-image-builder-f7rmjlqs/0 [executing] active: Building image.
07:01:57 INFO Waiting for model:
  test-f7rmjlqs/0 [idle] waiting: Waiting for image over integration.
  github-runner-image-builder-f7rmjlqs/0 [executing] active: Building image.
07:02:27 INFO Waiting for model:
  test-f7rmjlqs/0 [idle] waiting: Waiting for image over integration.
  github-runner-image-builder-f7rmjlqs/0 [executing] active: Building image.
07:02:57 INFO Waiting for model:
  test-f7rmjlqs/0 [idle] waiting: Waiting for image over integration.
  github-runner-image-builder-f7rmjlqs/0 [executing] active: Building image.
07:03:27 INFO Waiting for model:
  test-f7rmjlqs/0 [idle] waiting: Waiting for image over integration.
  github-runner-image-builder-f7rmjlqs/0 [executing] active: Building image.
07:03:57 INFO Waiting for model:
  test-f7rmjlqs/0 [idle] waiting: Waiting for image over integration.
  github-runner-image-builder-f7rmjlqs/0 [executing] active: Building image.
07:04:28 INFO Waiting for model:
  test-f7rmjlqs/0 [idle] waiting: Waiting for image over integration.
  github-runner-image-builder-f7rmjlqs/0 [executing] active: Building image.
07:04:58 INFO Waiting for model:
  test-f7rmjlqs/0 [idle] waiting: Waiting for image over integration.
  github-runner-image-builder-f7rmjlqs/0 [executing] active: Building image.
07:05:28 INFO Waiting for model:
  test-f7rmjlqs/0 [idle] waiting: Waiting for image over integration.
  github-runner-image-builder-f7rmjlqs/0 [executing] active: Building image.
07:05:58 INFO Waiting for model:
  test-f7rmjlqs/0 [idle] waiting: Waiting for image over integration.
  github-runner-image-builder-f7rmjlqs/0 [executing] active: Building image.
07:06:28 INFO Waiting for model:
  test-f7rmjlqs/0 [idle] waiting: Waiting for image over integration.
  github-runner-image-builder-f7rmjlqs/0 [executing] active: Building image.
07:06:58 INFO Waiting for model:
  test-f7rmjlqs/0 [idle] waiting: Waiting for image over integration.
  github-runner-image-builder-f7rmjlqs/0 [executing] active: Building image.
07:07:28 INFO Waiting for model:
  test-f7rmjlqs/0 [idle] waiting: Waiting for image over integration.
  github-runner-image-builder-f7rmjlqs/0 [executing] active: Building image.
07:07:58 INFO Waiting for model:
  test-f7rmjlqs/0 [idle] waiting: Waiting for image over integration.
  github-runner-image-builder-f7rmjlqs/0 [executing] active: Building image.
07:08:28 INFO Waiting for model:
  test-f7rmjlqs/0 [idle] waiting: Waiting for image over integration.
  github-runner-image-builder-f7rmjlqs/0 [executing] active: Building image.
07:08:58 INFO Waiting for model:
  test-f7rmjlqs/0 [idle] waiting: Waiting for image over integration.
  github-runner-image-builder-f7rmjlqs/0 [executing] active: Building image.
07:09:28 INFO Waiting for model:
  test-f7rmjlqs/0 [idle] waiting: Waiting for image over integration.
  github-runner-image-builder-f7rmjlqs/0 [executing] active: Building image.
07:09:58 INFO Waiting for model:
  test-f7rmjlqs/0 [idle] waiting: Waiting for image over integration.
  github-runner-image-builder-f7rmjlqs/0 [executing] active: Building image.
07:10:28 INFO Waiting for model:
  test-f7rmjlqs/0 [idle] waiting: Waiting for image over integration.
  github-runner-image-builder-f7rmjlqs/0 [executing] active: Building image.
07:10:58 INFO Waiting for model:
  test-f7rmjlqs/0 [idle] waiting: Waiting for image over integration.
  github-runner-image-builder-f7rmjlqs/0 [executing] active: Building image.
07:11:28 INFO Waiting for model:
  test-f7rmjlqs/0 [executing] maintenance: Update image for runners
  github-runner-image-builder-f7rmjlqs/0 [idle] active: 
07:11:58 INFO Waiting for model:
  test-f7rmjlqs/0 [idle] active: 
07:14:12 INFO Waiting for model:
  test-f7rmjlqs/0 [idle] active:
07:14:44 INFO Model status:

Model                    Controller           Cloud/Region         Version  SLA          Timestamp
test-charm-upgrade-69fo  github-pr-420bb-lxd  localhost/localhost  3.6.9    unsupported  07:14:44Z

App                                   Version  Status  Scale  Charm                        Channel      Rev  Exposed  Message
github-runner-image-builder-f7rmjlqs           active      1  github-runner-image-builder  latest/edge  110  no       
test-f7rmjlqs                                  active      1  github-runner                               1  no       

Unit                                     Workload  Agent  Machine  Public address  Ports  Message
github-runner-image-builder-f7rmjlqs/0*  active    idle   0        10.58.97.52            
test-f7rmjlqs/0*                         active    idle   1        10.58.97.116           

Machine  State    Address       Inst id        Base          AZ             Message
0        started  10.58.97.52   juju-48295e-0  ubuntu@22.04  github-runner  Running
1        started  10.58.97.116  juju-48295e-1  ubuntu@22.04  github-runner  Running

07:14:44 INFO Juju error logs:

machine-0: 06:57:41 ERROR juju.worker.dependency "kvm-container-provisioner" manifold worker returned unexpected error: container types not yet available
machine-0: 06:57:41 ERROR juju.worker.dependency "lxd-container-provisioner" manifold worker returned unexpected error: container types not yet available
unit-github-runner-image-builder-f7rmjlqs-0: 06:57:41 ERROR juju.worker.meterstatus error running "meter-status-changed": charm missing from disk
machine-1: 06:57:51 ERROR juju.worker.dependency "kvm-container-provisioner" manifold worker returned unexpected error: container types not yet available
machine-1: 06:57:51 ERROR juju.worker.dependency "lxd-container-provisioner" manifold worker returned unexpected error: container types not yet available
unit-test-f7rmjlqs-0: 06:57:51 ERROR juju.worker.meterstatus error running "meter-status-changed": charm missing from disk
unit-github-runner-image-builder-f7rmjlqs-0: 06:58:31 ERROR unit.github-runner-image-builder-f7rmjlqs/0.juju-log Pipx command failed, code: 1, out: None, err: None
unit-test-f7rmjlqs-0: 06:59:11 ERROR unit.test-f7rmjlqs/0.juju-log Missing image integration.
Traceback (most recent call last):
  File "/var/lib/juju/agents/unit-test-f7rmjlqs-0/charm/./src/charm.py", line 118, in func_with_catch_errors
    func(self, event)
  File "/var/lib/juju/agents/unit-test-f7rmjlqs-0/charm/./src/charm.py", line 342, in _on_config_changed
    self._check_image_ready()
  File "/var/lib/juju/agents/unit-test-f7rmjlqs-0/charm/./src/charm.py", line 512, in _check_image_ready
    raise ImageIntegrationMissingError("No image integration found")
errors.ImageIntegrationMissingError: No image integration found
unit-test-f7rmjlqs-0: 06:59:14 ERROR unit.test-f7rmjlqs/0.juju-log Missing image integration.
Traceback (most recent call last):
  File "/var/lib/juju/agents/unit-test-f7rmjlqs-0/charm/./src/charm.py", line 118, in func_with_catch_errors
    func(self, event)
  File "/var/lib/juju/agents/unit-test-f7rmjlqs-0/charm/./src/charm.py", line 313, in _on_start
    self._check_image_ready()
  File "/var/lib/juju/agents/unit-test-f7rmjlqs-0/charm/./src/charm.py", line 512, in _check_image_ready
    raise ImageIntegrationMissingError("No image integration found")
errors.ImageIntegrationMissingError: No image integration found
unit-test-f7rmjlqs-0: 07:00:36 ERROR unit.test-f7rmjlqs/0.juju-log image:0: Missing image in image integration.
Traceback (most recent call last):
  File "/var/lib/juju/agents/unit-test-f7rmjlqs-0/charm/./src/charm.py", line 118, in func_with_catch_errors
    func(self, event)
  File "/var/lib/juju/agents/unit-test-f7rmjlqs-0/charm/./src/charm.py", line 477, in _on_image_relation_changed
    self._check_image_ready()
  File "/var/lib/juju/agents/unit-test-f7rmjlqs-0/charm/./src/charm.py", line 514, in _check_image_ready
    raise ImageNotFoundError("No image found in the image integration")
errors.ImageNotFoundError: No image found in the image integration

07:14:44 INFO Forgetting model main...