07:06:58 INFO Waiting for model:
  test-b2g6m9wq/0 [idle] active: 
07:07:28 INFO Waiting for model:
  test-b2g6m9wq/0 [idle] active: 
07:07:31 INFO Current reconcile ID: 77956788-aa00-430d-b0f4-ddad31836e2a
07:07:31 INFO Waiting for reconcile ID: 77956788-aa00-430d-b0f4-ddad31836e2a
07:08:32 INFO Current reconcile ID: 77956788-aa00-430d-b0f4-ddad31836e2a
07:08:32 INFO Current reconcile ID: 77956788-aa00-430d-b0f4-ddad31836e2a, expected reconcile ID: 77956788-aa00-430d-b0f4-ddad31836e2a
07:08:32 INFO Waiting for reconcile ID: 77956788-aa00-430d-b0f4-ddad31836e2a
07:09:33 INFO Current reconcile ID: 86bc9e49-2705-408c-a8a8-6d6c2785f800
07:09:33 INFO Current reconcile ID: 86bc9e49-2705-408c-a8a8-6d6c2785f800, expected reconcile ID: 77956788-aa00-430d-b0f4-ddad31836e2a
07:09:40 INFO [TEST SETUP] Exposing port 8080 on test-b2g6m9wq-0-n-26316afa33a1
07:09:40 WARNING dict_values([[{'version': 4, 'addr': '10.145.193.91', 'OS-EXT-IPS:type': 'fixed', 'OS-EXT-IPS-MAC:mac_addr': 'fa:16:3e:36:64:f0'}]])
07:09:41 INFO ssh tunnel command ssh -fNT -R 8080:localhost:8080 -i /home/runner-manager/.ssh/test-b2g6m9wq-0-n-26316afa33a1.key -o "StrictHostKeyChecking no" -o "ControlPersist yes" ubuntu@10.145.193.91 &
07:09:42 INFO ssh tunnel result 0 None Warning: Permanently added '10.145.193.91' (ED25519) to the list of known hosts.

07:09:44 INFO [TEST SETUP] Run command nc -z localhost 8080 on test-b2g6m9wq-0-n-26316afa33a1
07:09:44 WARNING dict_values([[{'version': 4, 'addr': '10.145.193.91', 'OS-EXT-IPS:type': 'fixed', 'OS-EXT-IPS-MAC:mac_addr': 'fa:16:3e:36:64:f0'}]])
07:09:45 WARNING ssh_cmd: su - ubuntu -c 'ssh -i /home/runner-manager/.ssh/test-b2g6m9wq-0-n-26316afa33a1.key -o "StrictHostKeyChecking no" ubuntu@10.145.193.91 nc -z localhost 8080'
07:09:46 INFO Run command 'nc -z localhost 8080' in runner with result 0: 'None' 'Connection to localhost (127.0.0.1) 8080 port [tcp/http-alt] succeeded!
'
07:09:47 INFO [TEST SETUP] Run command curl http://localhost:8080 on test-b2g6m9wq-0-n-26316afa33a1
07:09:47 WARNING dict_values([[{'version': 4, 'addr': '10.145.193.91', 'OS-EXT-IPS:type': 'fixed', 'OS-EXT-IPS-MAC:mac_addr': 'fa:16:3e:36:64:f0'}]])
07:09:48 WARNING ssh_cmd: su - ubuntu -c 'ssh -i /home/runner-manager/.ssh/test-b2g6m9wq-0-n-26316afa33a1.key -o "StrictHostKeyChecking no" ubuntu@10.145.193.91 curl http://localhost:8080'
07:09:49 INFO Run command 'curl http://localhost:8080' in runner with result 0: '<!doctype html>
<html lang=en>
<title>404 Not Found</title>
<h1>Not Found</h1>
<p>The requested URL was not found on the server. If you entered the URL manually please check your spelling and try again.</p>
' '  % Total    % Received % Xferd  Average Speed   Time    Time     Time  Current
                                 Dload  Upload   Total   Spent    Left  Speed
  0     0    0     0    0     0      0      0 --:--:-- --:--:-- --:--:--     0100   207  100   207    0     0  80576      0 --:--:-- --:--:-- --:--:--  101k
'
07:09:51 INFO Wait for condition not met, sleeping 10
07:10:02 INFO Waiting for model:
  test-b2g6m9wq/0 [idle] active: 
07:10:33 INFO Waiting for model:
  test-b2g6m9wq/0 [idle] active: 
07:10:36 INFO Current reconcile ID: 98d6e332-3573-4306-9d81-714a793e5a76
07:10:36 INFO Waiting for reconcile ID: 98d6e332-3573-4306-9d81-714a793e5a76
07:11:37 INFO Current reconcile ID: 98d6e332-3573-4306-9d81-714a793e5a76
07:11:37 INFO Current reconcile ID: 98d6e332-3573-4306-9d81-714a793e5a76, expected reconcile ID: 98d6e332-3573-4306-9d81-714a793e5a76
07:11:37 INFO Waiting for reconcile ID: 98d6e332-3573-4306-9d81-714a793e5a76
07:12:38 INFO Current reconcile ID: 272565ba-006c-4722-b9e1-38d4be05870b
07:12:38 INFO Current reconcile ID: 272565ba-006c-4722-b9e1-38d4be05870b, expected reconcile ID: 98d6e332-3573-4306-9d81-714a793e5a76
07:12:39 INFO Model status:

Model                   Controller           Cloud/Region         Version  SLA          Timestamp
test-charm-runner-utn9  github-pr-420bb-lxd  localhost/localhost  3.6.9    unsupported  07:12:39Z

App                                   Version  Status  Scale  Charm                        Channel      Rev  Exposed  Message
github-runner-image-builder-b2g6m9wq           active      1  github-runner-image-builder  latest/edge  110  no       
test-b2g6m9wq                                  active      1  github-runner                               0  yes      

Unit                                     Workload  Agent  Machine  Public address  Ports     Message
github-runner-image-builder-b2g6m9wq/0*  active    idle   0        10.2.156.252              
test-b2g6m9wq/0*                         active    idle   1        10.2.156.117    8080/tcp  

Machine  State    Address       Inst id        Base          AZ             Message
0        started  10.2.156.252  juju-be6db8-0  ubuntu@22.04  github-runner  Running
1        started  10.2.156.117  juju-be6db8-1  ubuntu@22.04  github-runner  Running

07:12:39 INFO Juju error logs:

machine-0: 06:31:24 ERROR juju.worker.dependency "kvm-container-provisioner" manifold worker returned unexpected error: container types not yet available
machine-0: 06:31:24 ERROR juju.worker.dependency "lxd-container-provisioner" manifold worker returned unexpected error: container types not yet available
unit-github-runner-image-builder-b2g6m9wq-0: 06:31:24 ERROR juju.worker.meterstatus error running "meter-status-changed": charm missing from disk
unit-github-runner-image-builder-b2g6m9wq-0: 06:32:10 ERROR unit.github-runner-image-builder-b2g6m9wq/0.juju-log Pipx command failed, code: 1, out: None, err: None
machine-1: 06:32:32 ERROR juju.worker.dependency "lxd-container-provisioner" manifold worker returned unexpected error: container types not yet available
machine-1: 06:32:32 ERROR juju.worker.dependency "kvm-container-provisioner" manifold worker returned unexpected error: container types not yet available
unit-test-b2g6m9wq-0: 06:32:32 ERROR juju.worker.meterstatus error running "meter-status-changed": charm missing from disk
unit-test-b2g6m9wq-0: 06:33:40 ERROR unit.test-b2g6m9wq/0.juju-log Missing image integration.
Traceback (most recent call last):
  File "/var/lib/juju/agents/unit-test-b2g6m9wq-0/charm/./src/charm.py", line 118, in func_with_catch_errors
    func(self, event)
  File "/var/lib/juju/agents/unit-test-b2g6m9wq-0/charm/./src/charm.py", line 342, in _on_config_changed
    self._check_image_ready()
  File "/var/lib/juju/agents/unit-test-b2g6m9wq-0/charm/./src/charm.py", line 512, in _check_image_ready
    raise ImageIntegrationMissingError("No image integration found")
errors.ImageIntegrationMissingError: No image integration found
unit-test-b2g6m9wq-0: 06:33:42 ERROR unit.test-b2g6m9wq/0.juju-log Missing image integration.
Traceback (most recent call last):
  File "/var/lib/juju/agents/unit-test-b2g6m9wq-0/charm/./src/charm.py", line 118, in func_with_catch_errors
    func(self, event)
  File "/var/lib/juju/agents/unit-test-b2g6m9wq-0/charm/./src/charm.py", line 313, in _on_start
    self._check_image_ready()
  File "/var/lib/juju/agents/unit-test-b2g6m9wq-0/charm/./src/charm.py", line 512, in _check_image_ready
    raise ImageIntegrationMissingError("No image integration found")
errors.ImageIntegrationMissingError: No image integration found
unit-test-b2g6m9wq-0: 06:34:13 ERROR unit.test-b2g6m9wq/0.juju-log image:0: Missing image in image integration.
Traceback (most recent call last):
  File "/var/lib/juju/agents/unit-test-b2g6m9wq-0/charm/./src/charm.py", line 118, in func_with_catch_errors
    func(self, event)
  File "/var/lib/juju/agents/unit-test-b2g6m9wq-0/charm/./src/charm.py", line 477, in _on_image_relation_changed
    self._check_image_ready()
  File "/var/lib/juju/agents/unit-test-b2g6m9wq-0/charm/./src/charm.py", line 514, in _check_image_ready
    raise ImageNotFoundError("No image found in the image integration")
errors.ImageNotFoundError: No image found in the image integration

07:12:39 INFO Forgetting model main...