18:24:37 WARNING unexpected facade SSHServer received from the controller
18:24:37 INFO Adding model github-pr-75840-lxd:test-charm-fork-path-change-juo0 on cloud localhost
18:24:38 WARNING unexpected facade SSHServer received from the controller
18:24:38 WARNING unexpected facade SSHSession received from the controller
18:24:38 WARNING unexpected facade SSHTunneler received from the controller
18:24:39 INFO Deploying ch:amd64/jammy/github-runner-image-builder-100
18:24:55 INFO Deploying local:jammy/github-runner-0
18:24:55 INFO Waiting for model:
  test-i5inigx3/0 [allocating] waiting: waiting for machine
  github-runner-image-builder-i5inigx3/0 [allocating] waiting: waiting for machine
18:25:25 INFO Waiting for model:
  test-i5inigx3/0 [allocating] waiting: waiting for machine
  github-runner-image-builder-i5inigx3/0 [allocating] waiting: waiting for machine
18:25:55 INFO Waiting for model:
  test-i5inigx3/0 [allocating] waiting: waiting for machine
  github-runner-image-builder-i5inigx3/0 [executing] maintenance: Setting up Builder.
18:26:26 INFO Waiting for model:
  test-i5inigx3/0 [allocating] waiting: waiting for machine
  github-runner-image-builder-i5inigx3/0 [executing] maintenance: Setting up Builder.
18:26:56 INFO Waiting for model:
  test-i5inigx3/0 [executing] maintenance: installing charm software
  github-runner-image-builder-i5inigx3/0 [executing] maintenance: Setting up Builder.
18:27:26 INFO Waiting for model:
  test-i5inigx3/0 [executing] maintenance: installing charm software
  github-runner-image-builder-i5inigx3/0 [executing] maintenance: Setting up Builder.
18:27:56 INFO Waiting for model:
  test-i5inigx3/0 [idle] blocked: Please provide image integration.
  github-runner-image-builder-i5inigx3/0 [executing] maintenance: Setting up Builder.
18:28:27 INFO Waiting for model:
  test-i5inigx3/0 [idle] waiting: Waiting for image over integration.
  github-runner-image-builder-i5inigx3/0 [executing] active: Building image.
18:28:57 INFO Waiting for model:
  test-i5inigx3/0 [idle] waiting: Waiting for image over integration.
  github-runner-image-builder-i5inigx3/0 [executing] active: Building image.
18:29:28 INFO Waiting for model:
  test-i5inigx3/0 [idle] waiting: Waiting for image over integration.
  github-runner-image-builder-i5inigx3/0 [executing] active: Building image.
18:29:58 INFO Waiting for model:
  test-i5inigx3/0 [idle] waiting: Waiting for image over integration.
  github-runner-image-builder-i5inigx3/0 [executing] active: Building image.
18:30:28 INFO Waiting for model:
  test-i5inigx3/0 [idle] waiting: Waiting for image over integration.
  github-runner-image-builder-i5inigx3/0 [executing] active: Building image.
18:30:59 INFO Waiting for model:
  test-i5inigx3/0 [idle] waiting: Waiting for image over integration.
  github-runner-image-builder-i5inigx3/0 [executing] active: Building image.
18:31:29 INFO Waiting for model:
  test-i5inigx3/0 [idle] waiting: Waiting for image over integration.
  github-runner-image-builder-i5inigx3/0 [executing] active: Building image.
18:32:00 INFO Waiting for model:
  test-i5inigx3/0 [idle] waiting: Waiting for image over integration.
  github-runner-image-builder-i5inigx3/0 [executing] active: Building image.
18:32:30 INFO Waiting for model:
  test-i5inigx3/0 [idle] waiting: Waiting for image over integration.
  github-runner-image-builder-i5inigx3/0 [executing] active: Building image.
18:33:00 INFO Waiting for model:
  test-i5inigx3/0 [idle] waiting: Waiting for image over integration.
  github-runner-image-builder-i5inigx3/0 [executing] active: Building image.
18:33:31 INFO Waiting for model:
  test-i5inigx3/0 [idle] waiting: Waiting for image over integration.
  github-runner-image-builder-i5inigx3/0 [executing] active: Building image.
18:34:01 INFO Waiting for model:
  test-i5inigx3/0 [idle] waiting: Waiting for image over integration.
  github-runner-image-builder-i5inigx3/0 [executing] active: Building image.
18:34:32 INFO Waiting for model:
  test-i5inigx3/0 [idle] waiting: Waiting for image over integration.
  github-runner-image-builder-i5inigx3/0 [executing] active: Building image.
18:35:02 INFO Waiting for model:
  test-i5inigx3/0 [idle] waiting: Waiting for image over integration.
  github-runner-image-builder-i5inigx3/0 [executing] active: Building image.
18:35:32 INFO Waiting for model:
  test-i5inigx3/0 [idle] waiting: Waiting for image over integration.
  github-runner-image-builder-i5inigx3/0 [executing] active: Building image.
18:36:03 INFO Waiting for model:
  test-i5inigx3/0 [idle] waiting: Waiting for image over integration.
  github-runner-image-builder-i5inigx3/0 [executing] active: Building image.
18:36:33 INFO Waiting for model:
  test-i5inigx3/0 [idle] waiting: Waiting for image over integration.
  github-runner-image-builder-i5inigx3/0 [executing] active: Building image.
18:37:03 INFO Waiting for model:
  test-i5inigx3/0 [idle] waiting: Waiting for image over integration.
  github-runner-image-builder-i5inigx3/0 [executing] active: Building image.
18:37:34 INFO Waiting for model:
  test-i5inigx3/0 [idle] waiting: Waiting for image over integration.
  github-runner-image-builder-i5inigx3/0 [executing] active: Building image.
18:38:04 INFO Waiting for model:
  test-i5inigx3/0 [idle] waiting: Waiting for image over integration.
  github-runner-image-builder-i5inigx3/0 [executing] active: Building image.
18:38:34 INFO Waiting for model:
  test-i5inigx3/0 [idle] waiting: Waiting for image over integration.
  github-runner-image-builder-i5inigx3/0 [executing] active: Building image.
18:39:04 INFO Waiting for model:
  test-i5inigx3/0 [idle] waiting: Waiting for image over integration.
  github-runner-image-builder-i5inigx3/0 [executing] active: Building image.
18:39:34 INFO Waiting for model:
  test-i5inigx3/0 [idle] waiting: Waiting for image over integration.
  github-runner-image-builder-i5inigx3/0 [executing] active: Building image.
18:40:05 INFO Waiting for model:
  test-i5inigx3/0 [idle] waiting: Waiting for image over integration.
  github-runner-image-builder-i5inigx3/0 [executing] active: Building image.
18:40:35 INFO Waiting for model:
  test-i5inigx3/0 [idle] waiting: Waiting for image over integration.
  github-runner-image-builder-i5inigx3/0 [executing] active: Building image.
18:41:05 INFO Waiting for model:
  test-i5inigx3/0 [idle] waiting: Waiting for image over integration.
  github-runner-image-builder-i5inigx3/0 [executing] active: Building image.
18:41:35 INFO Waiting for model:
  test-i5inigx3/0 [idle] waiting: Waiting for image over integration.
  github-runner-image-builder-i5inigx3/0 [executing] active: Building image.
18:42:06 INFO Waiting for model:
  test-i5inigx3/0 [executing] maintenance: Update image for runners
  github-runner-image-builder-i5inigx3/0 [idle] active: 
18:42:35 INFO GitHub token rate limit: Rate(reset=2025-08-13 19:06:24+00:00, remaining=4912, limit=5000)
18:42:47 INFO test_path_config_change
18:42:47 INFO Waiting for model:
  test-i5inigx3/0 [idle] active: 
18:43:17 INFO Waiting for model:
  test-i5inigx3/0 [idle] active: 
18:43:44 INFO Ensure there is a runner (this calls reconcile)
18:43:44 INFO Waiting for model:
  test-i5inigx3/0 [idle] active: 
18:44:14 INFO Waiting for model:
  test-i5inigx3/0 [idle] active: 
18:44:18 INFO Current reconcile ID: 97f7b6c7-a905-43d4-a754-c1d23fc52fb2
18:45:19 INFO Current reconcile ID: 97f7b6c7-a905-43d4-a754-c1d23fc52fb2
18:46:20 INFO Current reconcile ID: ce1c3810-b954-4028-b300-f658418465db
18:46:25 INFO Reconciling (again)
18:46:25 INFO Waiting for model:
  test-i5inigx3/0 [idle] active: 
18:46:55 INFO Waiting for model:
  test-i5inigx3/0 [executing] active: 
18:47:12 INFO Current reconcile ID: f015a9d3-962d-4a7b-aba8-bd3d6f45b8bf
18:48:13 INFO Current reconcile ID: f015a9d3-962d-4a7b-aba8-bd3d6f45b8bf
18:49:14 INFO Current reconcile ID: b4bce6dd-0d1d-4918-8f5d-8db4f66e03b8
18:51:09 INFO runners: ['test-i5inigx3-0-n-f155c0213f7d']
18:51:10 INFO runners in github repo: [SelfHostedActionsRunner(name="amd-jammy-stg-private-endpoint-ps7-0-n-f84072f4c426"), SelfHostedActionsRunner(name="os-amd-jammy-staging-ps6-4-n-044b56621408"), SelfHostedActionsRunner(name="os-amd-jammy-staging-ps6-4-n-24f92314f48f"), SelfHostedActionsRunner(name="os-amd-jammy-staging-ps6-4-n-4e1d8e147ace"), SelfHostedActionsRunner(name="os-amd-jammy-staging-ps6-4-n-5c004bfcabe9"), SelfHostedActionsRunner(name="os-amd-jammy-staging-ps6-4-n-6b6fde15c6a1"), SelfHostedActionsRunner(name="os-amd-jammy-staging-ps6-4-n-735e3e2d9c64"), SelfHostedActionsRunner(name="os-amd-jammy-staging-ps6-4-n-a23285e8d590"), SelfHostedActionsRunner(name="os-amd-jammy-staging-ps6-4-n-aee61531b67a"), SelfHostedActionsRunner(name="os-amd-jammy-staging-ps6-4-n-b16940fe4f16"), SelfHostedActionsRunner(name="os-amd-jammy-staging-ps6-4-n-b624dd42bec8"), SelfHostedActionsRunner(name="os-amd-jammy-staging-ps6-4-n-d02d66505557"), SelfHostedActionsRunner(name="os-amd-jammy-staging-ps7-0-n-5f9360b7bdf7"), SelfHostedActionsRunner(name="test-ae2qc78x-0-n-2724e1e68708"), SelfHostedActionsRunner(name="test-ahftdttr-0-n-45eaefa6a2e3"), SelfHostedActionsRunner(name="test-dl9i86yt-0-n-445cae9904fc"), SelfHostedActionsRunner(name="test-f5ec2pd5-0-n-0812fda150a5"), SelfHostedActionsRunner(name="test-fbuzhx3o-0-n-112a0f877734"), SelfHostedActionsRunner(name="test-gcl3lmqg-0-n-3a0f4ece4567"), SelfHostedActionsRunner(name="test-geq44iar-0-n-a4e96b9ac9b1"), SelfHostedActionsRunner(name="test-h11jsq1r-0-n-6e42f1cae787"), SelfHostedActionsRunner(name="test-hp883xkd-0-n-4c0f9391fb15"), SelfHostedActionsRunner(name="test-i5inigx3-0-n-f155c0213f7d"), SelfHostedActionsRunner(name="test-ioc9p494-0-n-41cff03b747c"), SelfHostedActionsRunner(name="test-mphzd4ur-0-n-08dc49dbca1c"), SelfHostedActionsRunner(name="test-mt8ut60y-0-n-a96c37ea6a34"), SelfHostedActionsRunner(name="test-o1le4u64-0-n-54068d15a271"), SelfHostedActionsRunner(name="test-octknui7-0-n-f5b3030f3ac0"), SelfHostedActionsRunner(name="test-ouqe020n-0-n-baef51cefa60"), SelfHostedActionsRunner(name="test-ozoqsqz7-0-n-f7f48293cd20"), SelfHostedActionsRunner(name="test-p8u1xfc0-0-n-e0b7e27f63b6"), SelfHostedActionsRunner(name="test-pdw7yv4c-0-n-2b20b04ee2c3"), SelfHostedActionsRunner(name="test-r4cs0fjz-0-n-17109186cef6"), SelfHostedActionsRunner(name="test-riauyze9-0-n-6e97ffcc93ee"), SelfHostedActionsRunner(name="test-s487k9gr-0-n-353605a7f5ea"), SelfHostedActionsRunner(name="test-s9k897rx-0-n-3c8d13f42eb1"), SelfHostedActionsRunner(name="test-sm73wue9-0-n-9e86f9596ee2"), SelfHostedActionsRunner(name="test-tc0ntu6f-0-n-fd1d456afc13"), SelfHostedActionsRunner(name="test-tkjg3gq9-0-n-188c037dac40"), SelfHostedActionsRunner(name="test-torpbe8d-0-n-1067dd61682b"), SelfHostedActionsRunner(name="test-us4b77he-0-n-44143d6f1a6d"), SelfHostedActionsRunner(name="test-wmdm6nkf-0-n-e730d17c849d"), SelfHostedActionsRunner(name="test-xbkd9ei6-0-n-986debe06907"), SelfHostedActionsRunner(name="test-xzk6jy96-0-n-e93231819bf7"), SelfHostedActionsRunner(name="test-ya54xl3t-0-n-5f58803013bf"), SelfHostedActionsRunner(name="test-ywwuo2ib-0-n-0ba5c5b31a2a"), SelfHostedActionsRunner(name="test-zgmh9cyp-0-n-f1fef01d45a7")]
18:51:15 INFO Model status:

Model                             Controller           Cloud/Region         Version  SLA          Timestamp
test-charm-fork-path-change-juo0  github-pr-75840-lxd  localhost/localhost  3.6.8    unsupported  18:51:15Z

App                                   Version  Status  Scale  Charm                        Channel      Rev  Exposed  Message
github-runner-image-builder-i5inigx3           active      1  github-runner-image-builder  latest/edge  100  no       
test-i5inigx3                                  active      1  github-runner                               0  no       

Unit                                     Workload  Agent  Machine  Public address  Ports  Message
github-runner-image-builder-i5inigx3/0*  active    idle   0        10.74.87.23            
test-i5inigx3/0*                         active    idle   1        10.74.87.110           

Machine  State    Address       Inst id        Base          AZ  Message
0        started  10.74.87.23   juju-e7a1b9-0  ubuntu@22.04      Running
1        started  10.74.87.110  juju-e7a1b9-1  ubuntu@22.04      Running

18:51:15 INFO Juju error logs:

machine-0: 18:25:36 ERROR juju.worker.dependency "lxd-container-provisioner" manifold worker returned unexpected error: container types not yet available
machine-0: 18:25:36 ERROR juju.worker.dependency "kvm-container-provisioner" manifold worker returned unexpected error: container types not yet available
unit-github-runner-image-builder-i5inigx3-0: 18:25:36 ERROR juju.worker.meterstatus error running "meter-status-changed": charm missing from disk
unit-github-runner-image-builder-i5inigx3-0: 18:26:12 ERROR unit.github-runner-image-builder-i5inigx3/0.juju-log Pipx command failed, code: 1, out: None, err: None
machine-1: 18:26:41 ERROR juju.worker.dependency "kvm-container-provisioner" manifold worker returned unexpected error: container types not yet available
machine-1: 18:26:41 ERROR juju.worker.dependency "lxd-container-provisioner" manifold worker returned unexpected error: container types not yet available
unit-test-i5inigx3-0: 18:26:41 ERROR juju.worker.meterstatus error running "meter-status-changed": charm missing from disk
unit-test-i5inigx3-0: 18:27:45 ERROR unit.test-i5inigx3/0.juju-log Missing image integration.
Traceback (most recent call last):
  File "/var/lib/juju/agents/unit-test-i5inigx3-0/charm/./src/charm.py", line 118, in func_with_catch_errors
    func(self, event)
  File "/var/lib/juju/agents/unit-test-i5inigx3-0/charm/./src/charm.py", line 342, in _on_config_changed
    self._check_image_ready()
  File "/var/lib/juju/agents/unit-test-i5inigx3-0/charm/./src/charm.py", line 512, in _check_image_ready
    raise ImageIntegrationMissingError("No image integration found")
errors.ImageIntegrationMissingError: No image integration found
unit-test-i5inigx3-0: 18:27:48 ERROR unit.test-i5inigx3/0.juju-log Missing image integration.
Traceback (most recent call last):
  File "/var/lib/juju/agents/unit-test-i5inigx3-0/charm/./src/charm.py", line 118, in func_with_catch_errors
    func(self, event)
  File "/var/lib/juju/agents/unit-test-i5inigx3-0/charm/./src/charm.py", line 313, in _on_start
    self._check_image_ready()
  File "/var/lib/juju/agents/unit-test-i5inigx3-0/charm/./src/charm.py", line 512, in _check_image_ready
    raise ImageIntegrationMissingError("No image integration found")
errors.ImageIntegrationMissingError: No image integration found
unit-test-i5inigx3-0: 18:28:08 ERROR unit.test-i5inigx3/0.juju-log image:0: Missing image in image integration.
Traceback (most recent call last):
  File "/var/lib/juju/agents/unit-test-i5inigx3-0/charm/./src/charm.py", line 118, in func_with_catch_errors
    func(self, event)
  File "/var/lib/juju/agents/unit-test-i5inigx3-0/charm/./src/charm.py", line 477, in _on_image_relation_changed
    self._check_image_ready()
  File "/var/lib/juju/agents/unit-test-i5inigx3-0/charm/./src/charm.py", line 514, in _check_image_ready
    raise ImageNotFoundError("No image found in the image integration")
errors.ImageNotFoundError: No image found in the image integration

18:51:15 INFO Forgetting model main...