07:12:52 INFO Waiting for model:
  test-gws9rlef/0 [idle] active: 
07:13:22 INFO Waiting for model:
  test-gws9rlef/0 [idle] active: 
07:13:25 INFO Current reconcile ID: 47c1aa1f-f2f0-4256-bb9a-4ee15012a064
07:13:25 INFO Waiting for reconcile ID: 47c1aa1f-f2f0-4256-bb9a-4ee15012a064
07:14:26 INFO Current reconcile ID: 47c1aa1f-f2f0-4256-bb9a-4ee15012a064
07:14:26 INFO Current reconcile ID: 47c1aa1f-f2f0-4256-bb9a-4ee15012a064, expected reconcile ID: 47c1aa1f-f2f0-4256-bb9a-4ee15012a064
07:14:26 INFO Waiting for reconcile ID: 47c1aa1f-f2f0-4256-bb9a-4ee15012a064
07:15:27 INFO Current reconcile ID: 29917f14-6fb9-418b-b5e1-23684aaed922
07:15:27 INFO Current reconcile ID: 29917f14-6fb9-418b-b5e1-23684aaed922, expected reconcile ID: 47c1aa1f-f2f0-4256-bb9a-4ee15012a064
07:15:27 INFO Waiting for model:
  test-gws9rlef/0 [idle] active: 
07:15:57 INFO Waiting for model:
  test-gws9rlef/0 [idle] active: 
07:16:06 INFO Current reconcile ID: a3fb6ea2-1a85-4bcf-b7e6-2ba0fa1db00d
07:16:06 INFO Waiting for reconcile ID: a3fb6ea2-1a85-4bcf-b7e6-2ba0fa1db00d
07:17:07 INFO Current reconcile ID: a3fb6ea2-1a85-4bcf-b7e6-2ba0fa1db00d
07:17:07 INFO Current reconcile ID: a3fb6ea2-1a85-4bcf-b7e6-2ba0fa1db00d, expected reconcile ID: a3fb6ea2-1a85-4bcf-b7e6-2ba0fa1db00d
07:17:07 INFO Waiting for reconcile ID: a3fb6ea2-1a85-4bcf-b7e6-2ba0fa1db00d
07:18:08 INFO Current reconcile ID: 976ef8bf-6e74-4f04-915e-e3f5813c6c73
07:18:08 INFO Current reconcile ID: 976ef8bf-6e74-4f04-915e-e3f5813c6c73, expected reconcile ID: a3fb6ea2-1a85-4bcf-b7e6-2ba0fa1db00d
07:18:15 INFO Wait for condition not met, sleeping 30
07:18:57 INFO [TEST SETUP] Run command pkill -9 run.sh on test-gws9rlef-0-n-34af1fdf17ef
07:18:57 WARNING dict_values([[{'version': 4, 'addr': '10.151.122.148', 'OS-EXT-IPS:type': 'fixed', 'OS-EXT-IPS-MAC:mac_addr': 'fa:16:3e:54:dd:a9'}]])
07:18:58 WARNING ssh_cmd: su - ubuntu -c 'ssh -i /home/runner-manager/.ssh/test-gws9rlef-0-n-34af1fdf17ef.key -o "StrictHostKeyChecking no" ubuntu@10.151.122.148 pkill -9 run.sh'
07:18:59 INFO Run command 'pkill -9 run.sh' in runner with result 0: 'None' 'Warning: Permanently added '10.151.122.148' (ED25519) to the list of known hosts.
'
07:19:02 INFO Runner test-gws9rlef-0-n-34af1fdf17ef status: online
07:19:02 INFO Runner still marked as online, waiting for it to be marked offline
07:20:03 INFO Waiting for model:
  test-gws9rlef/0 [idle] active: 
07:20:33 INFO Waiting for model:
  test-gws9rlef/0 [idle] active: 
07:20:35 INFO Current reconcile ID: 5ea495d8-6c77-47a6-ba7d-007aa00fabf1
07:20:35 INFO Waiting for reconcile ID: 5ea495d8-6c77-47a6-ba7d-007aa00fabf1
07:21:36 INFO Current reconcile ID: 5ea495d8-6c77-47a6-ba7d-007aa00fabf1
07:21:36 INFO Current reconcile ID: 5ea495d8-6c77-47a6-ba7d-007aa00fabf1, expected reconcile ID: 5ea495d8-6c77-47a6-ba7d-007aa00fabf1
07:21:36 INFO Waiting for reconcile ID: 5ea495d8-6c77-47a6-ba7d-007aa00fabf1
07:22:37 INFO Current reconcile ID: b49edf3c-cde0-4fa4-8d2e-0a9da8d20338
07:22:37 INFO Current reconcile ID: b49edf3c-cde0-4fa4-8d2e-0a9da8d20338, expected reconcile ID: 5ea495d8-6c77-47a6-ba7d-007aa00fabf1
07:22:38 INFO File content of /var/log/github-runner-metrics.log: {"timestamp": 1770016379.8526917, "event": "reconciliation", "flavor": "test-gws9rlef", "crashed_runners": 0, "idle_runners": 0, "active_runners": 0, "expected_runners": 0, "duration": 6.564162254333496}
{"timestamp": 1770016508.0236926, "event": "reconciliation", "flavor": "test-gws9rlef", "crashed_runners": 0, "idle_runners": 0, "active_runners": 0, "expected_runners": 0, "duration": 8.051610708236694}
{"timestamp": 1770016537.73501, "event": "reconciliation", "flavor": "test-gws9rlef", "crashed_runners": 0, "idle_runners": 0, "active_runners": 0, "expected_runners": 1, "duration": 9.751197576522827}
{"timestamp": 1770016665.3385255, "event": "reconciliation", "flavor": "test-gws9rlef", "crashed_runners": 0, "idle_runners": 1, "active_runners": 0, "expected_runners": 1, "duration": 7.525854825973511}
{"timestamp": 1770016619.0, "event": "runner_installed", "flavor": "test-gws9rlef", "duration": 83.0}
{"timestamp": 1770016698.0, "event": "runner_start", "flavor": "test-gws9rlef", "workflow": "Workflow Dispatch Crash Tests", "repo": "canonical/github-runner-operator", "github_event": "workflow_dispatch", "idle": 79.0, "queue_duration": 1.0}
{"timestamp": 1770016739.0, "event": "runner_stop", "flavor": "test-gws9rlef", "workflow": "Workflow Dispatch Crash Tests", "repo": "canonical/github-runner-operator", "github_event": "workflow_dispatch", "status": "abnormal", "status_info": {"code": 137}, "job_duration": 41.0, "job_conclusion": "cancelled"}
{"timestamp": 1770016797.774211, "event": "reconciliation", "flavor": "test-gws9rlef", "crashed_runners": 0, "idle_runners": 0, "active_runners": 0, "expected_runners": 1, "duration": 12.312103271484375}
{"timestamp": 1770016811.5125513, "event": "reconciliation", "flavor": "test-gws9rlef", "crashed_runners": 0, "idle_runners": 0, "active_runners": 0, "expected_runners": 0, "duration": 7.618819713592529}
{"timestamp": 1770016938.6882787, "event": "reconciliation", "flavor": "test-gws9rlef", "crashed_runners": 0, "idle_runners": 0, "active_runners": 0, "expected_runners": 0, "duration": 7.0407798290252686}
07:22:39 INFO Model status:

Model                            Controller           Cloud/Region         Version  SLA          Timestamp
test-charm-metrics-failure-lgb4  github-pr-b87fd-lxd  localhost/localhost  3.6.14   unsupported  07:22:39Z

App                                   Version  Status  Scale  Charm          Channel      Rev  Exposed  Message
github-runner-image-builder-gws9rlef           active      1  any-charm      latest/beta  133  no       
test-gws9rlef                                  active      1  github-runner                 0  yes      

Unit                                     Workload  Agent  Machine  Public address  Ports     Message
github-runner-image-builder-gws9rlef/0*  active    idle   0        10.76.232.101             
test-gws9rlef/0*                         active    idle   1        10.76.232.186   8080/tcp  

Machine  State    Address        Inst id        Base          AZ             Message
0        started  10.76.232.101  juju-d83b12-0  ubuntu@24.04  github-runner  Running
1        started  10.76.232.186  juju-d83b12-1  ubuntu@22.04  github-runner  Running

07:22:39 INFO Juju error logs:

machine-0: 06:59:52 ERROR juju.worker.dependency "kvm-container-provisioner" manifold worker returned unexpected error: container types not yet available
machine-0: 06:59:52 ERROR juju.worker.dependency "lxd-container-provisioner" manifold worker returned unexpected error: container types not yet available
machine-1: 07:01:04 ERROR juju.worker.dependency "kvm-container-provisioner" manifold worker returned unexpected error: container types not yet available
machine-1: 07:01:04 ERROR juju.worker.dependency "lxd-container-provisioner" manifold worker returned unexpected error: container types not yet available
unit-test-gws9rlef-0: 07:02:11 ERROR unit.test-gws9rlef/0.juju-log Missing image integration.
Traceback (most recent call last):
  File "/var/lib/juju/agents/unit-test-gws9rlef-0/charm/./src/charm.py", line 120, in func_with_catch_errors
    func(self, event)
  File "/var/lib/juju/agents/unit-test-gws9rlef-0/charm/./src/charm.py", line 366, in _on_config_changed
    self._check_image_ready()
  File "/var/lib/juju/agents/unit-test-gws9rlef-0/charm/./src/charm.py", line 536, in _check_image_ready
    raise ImageIntegrationMissingError("No image integration found")
errors.ImageIntegrationMissingError: No image integration found
unit-test-gws9rlef-0: 07:02:12 ERROR unit.test-gws9rlef/0.juju-log Missing image integration.
Traceback (most recent call last):
  File "/var/lib/juju/agents/unit-test-gws9rlef-0/charm/./src/charm.py", line 120, in func_with_catch_errors
    func(self, event)
  File "/var/lib/juju/agents/unit-test-gws9rlef-0/charm/./src/charm.py", line 329, in _on_start
    self._check_image_ready()
  File "/var/lib/juju/agents/unit-test-gws9rlef-0/charm/./src/charm.py", line 536, in _check_image_ready
    raise ImageIntegrationMissingError("No image integration found")
errors.ImageIntegrationMissingError: No image integration found

07:22:39 INFO Forgetting model main...