06:35:50 INFO GitHub token rate limit: Rate(reset=2026-02-07 06:44:54+00:00, remaining=4557, limit=5000)
06:35:53 INFO Waiting for model:
  test-ijw3bb1t/0 [idle] active: 
06:36:23 INFO Waiting for model:
  test-ijw3bb1t/0 [idle] active: 
06:36:26 INFO Current reconcile ID: 5347f48d-db99-4420-8495-755e9be0b09c
06:36:26 INFO Waiting for reconcile ID: 5347f48d-db99-4420-8495-755e9be0b09c
06:37:27 INFO Current reconcile ID: 5347f48d-db99-4420-8495-755e9be0b09c
06:37:27 INFO Current reconcile ID: 5347f48d-db99-4420-8495-755e9be0b09c, expected reconcile ID: 5347f48d-db99-4420-8495-755e9be0b09c
06:37:27 INFO Waiting for reconcile ID: 5347f48d-db99-4420-8495-755e9be0b09c
06:38:28 INFO Current reconcile ID: bbb49781-51d7-426e-8e51-323c52bd8de3
06:38:28 INFO Current reconcile ID: bbb49781-51d7-426e-8e51-323c52bd8de3, expected reconcile ID: 5347f48d-db99-4420-8495-755e9be0b09c
06:39:42 INFO Wait for condition not met, sleeping 10
06:39:52 INFO cli: juju config --model github-pr-aeaa2-lxd:test-charm-metrics-success-0j6t test-ijw3bb1t base-virtual-machines=0
06:39:52 INFO Waiting for model:
  test-ijw3bb1t/0 [idle] active: 
06:40:23 INFO Waiting for model:
  test-ijw3bb1t/0 [idle] active: 
06:40:25 INFO Current reconcile ID: 5b9c776a-d5eb-47c2-aa26-61097dffec61
06:40:25 INFO Waiting for reconcile ID: 5b9c776a-d5eb-47c2-aa26-61097dffec61
06:41:26 INFO Current reconcile ID: 5b9c776a-d5eb-47c2-aa26-61097dffec61
06:41:26 INFO Current reconcile ID: 5b9c776a-d5eb-47c2-aa26-61097dffec61, expected reconcile ID: 5b9c776a-d5eb-47c2-aa26-61097dffec61
06:41:26 INFO Waiting for reconcile ID: 5b9c776a-d5eb-47c2-aa26-61097dffec61
06:42:28 INFO Current reconcile ID: c2a58517-e79a-4d72-babb-c298a6a45af4
06:42:28 INFO Current reconcile ID: c2a58517-e79a-4d72-babb-c298a6a45af4, expected reconcile ID: 5b9c776a-d5eb-47c2-aa26-61097dffec61
06:42:29 INFO File content of /var/log/github-runner-metrics.log: {"timestamp": 1770446350.0, "event": "runner_installed", "flavor": "test-ijw3bb1t", "duration": 189.0}
{"timestamp": 1770446385.0, "event": "runner_start", "flavor": "test-ijw3bb1t", "workflow": "Workflow Dispatch Tests", "repo": "canonical/github-runner-operator", "github_event": "workflow_dispatch", "idle": 35.0, "queue_duration": 2.0}
{"timestamp": 1770446389.0, "event": "runner_stop", "flavor": "test-ijw3bb1t", "workflow": "Workflow Dispatch Tests", "repo": "canonical/github-runner-operator", "github_event": "workflow_dispatch", "status": "normal", "job_duration": 4.0, "job_conclusion": "success"}
{"timestamp": 1770446404.9040585, "event": "reconciliation", "flavor": "test-ijw3bb1t", "crashed_runners": 0, "idle_runners": 0, "active_runners": 0, "expected_runners": 0, "duration": 11.124150037765503}
{"timestamp": 1770446530.5739806, "event": "reconciliation", "flavor": "test-ijw3bb1t", "crashed_runners": 0, "idle_runners": 0, "active_runners": 0, "expected_runners": 0, "duration": 5.610561370849609}
06:42:29 INFO Model status:

Model                            Controller           Cloud/Region         Version  SLA          Timestamp
test-charm-metrics-success-0j6t  github-pr-aeaa2-lxd  localhost/localhost  3.6.14   unsupported  06:42:29Z

App                                   Version  Status  Scale  Charm          Channel      Rev  Exposed  Message
github-runner-image-builder-ijw3bb1t           active      1  any-charm      latest/beta  133  no       
test-ijw3bb1t                                  active      1  github-runner                 0  no       

Unit                                     Workload  Agent  Machine  Public address  Ports  Message
github-runner-image-builder-ijw3bb1t/0*  active    idle   0        10.253.52.238          
test-ijw3bb1t/0*                         active    idle   1        10.253.52.80           

Machine  State    Address        Inst id        Base          AZ             Message
0        started  10.253.52.238  juju-0ab380-0  ubuntu@24.04  github-runner  Running
1        started  10.253.52.80   juju-0ab380-1  ubuntu@22.04  github-runner  Running

06:42:30 INFO Juju error logs:

machine-1: 06:28:27 ERROR juju.worker.dependency "lxd-container-provisioner" manifold worker returned unexpected error: container types not yet available
machine-1: 06:28:27 ERROR juju.worker.dependency "kvm-container-provisioner" manifold worker returned unexpected error: container types not yet available
machine-0: 06:28:45 ERROR juju.worker.dependency "kvm-container-provisioner" manifold worker returned unexpected error: container types not yet available
machine-0: 06:28:45 ERROR juju.worker.dependency "lxd-container-provisioner" manifold worker returned unexpected error: container types not yet available
unit-test-ijw3bb1t-0: 06:29:34 ERROR unit.test-ijw3bb1t/0.juju-log Missing image integration.
Traceback (most recent call last):
  File "/var/lib/juju/agents/unit-test-ijw3bb1t-0/charm/./src/charm.py", line 120, in func_with_catch_errors
    func(self, event)
  File "/var/lib/juju/agents/unit-test-ijw3bb1t-0/charm/./src/charm.py", line 366, in _on_config_changed
    self._check_image_ready()
  File "/var/lib/juju/agents/unit-test-ijw3bb1t-0/charm/./src/charm.py", line 536, in _check_image_ready
    raise ImageIntegrationMissingError("No image integration found")
errors.ImageIntegrationMissingError: No image integration found
unit-test-ijw3bb1t-0: 06:29:36 ERROR unit.test-ijw3bb1t/0.juju-log Missing image integration.
Traceback (most recent call last):
  File "/var/lib/juju/agents/unit-test-ijw3bb1t-0/charm/./src/charm.py", line 120, in func_with_catch_errors
    func(self, event)
  File "/var/lib/juju/agents/unit-test-ijw3bb1t-0/charm/./src/charm.py", line 329, in _on_start
    self._check_image_ready()
  File "/var/lib/juju/agents/unit-test-ijw3bb1t-0/charm/./src/charm.py", line 536, in _check_image_ready
    raise ImageIntegrationMissingError("No image integration found")
errors.ImageIntegrationMissingError: No image integration found

06:42:30 INFO Forgetting model main...