18:33:40 INFO Waiting for model:
  test-hzp4k2j9/0 [idle] active: 
18:34:10 INFO Waiting for model:
  test-hzp4k2j9/0 [idle] active: 
18:34:13 INFO Current reconcile ID: 73886b3d-f604-4b9d-80c8-cfd6be4c0f3f
18:34:13 INFO Waiting for reconcile ID: 73886b3d-f604-4b9d-80c8-cfd6be4c0f3f
18:35:14 INFO Current reconcile ID: 73886b3d-f604-4b9d-80c8-cfd6be4c0f3f
18:35:14 INFO Current reconcile ID: 73886b3d-f604-4b9d-80c8-cfd6be4c0f3f, expected reconcile ID: 73886b3d-f604-4b9d-80c8-cfd6be4c0f3f
18:35:14 INFO Waiting for reconcile ID: 73886b3d-f604-4b9d-80c8-cfd6be4c0f3f
18:36:15 INFO Current reconcile ID: 5029796e-606f-4773-91e6-8f0d9ff9ff5d
18:36:15 INFO Current reconcile ID: 5029796e-606f-4773-91e6-8f0d9ff9ff5d, expected reconcile ID: 73886b3d-f604-4b9d-80c8-cfd6be4c0f3f
18:36:15 INFO Waiting for model:
  test-hzp4k2j9/0 [idle] active: 
18:36:45 INFO Waiting for model:
  test-hzp4k2j9/0 [idle] active: 
18:36:52 INFO Current reconcile ID: 34736d48-b713-4b47-b722-4f7514c53855
18:36:52 INFO Waiting for reconcile ID: 34736d48-b713-4b47-b722-4f7514c53855
18:37:53 INFO Current reconcile ID: 34736d48-b713-4b47-b722-4f7514c53855
18:37:53 INFO Current reconcile ID: 34736d48-b713-4b47-b722-4f7514c53855, expected reconcile ID: 34736d48-b713-4b47-b722-4f7514c53855
18:37:53 INFO Waiting for reconcile ID: 34736d48-b713-4b47-b722-4f7514c53855
18:38:54 INFO Current reconcile ID: 780ca39b-908e-4532-8a28-66cae2b5a83e
18:38:54 INFO Current reconcile ID: 780ca39b-908e-4532-8a28-66cae2b5a83e, expected reconcile ID: 34736d48-b713-4b47-b722-4f7514c53855
18:39:00 INFO Wait for condition not met, sleeping 30
18:39:48 INFO [TEST SETUP] Run command pkill -9 run.sh on test-hzp4k2j9-0-n-6b501c3dfb71
18:39:48 WARNING dict_values([[{'version': 4, 'addr': '10.151.122.202', 'OS-EXT-IPS:type': 'fixed', 'OS-EXT-IPS-MAC:mac_addr': 'fa:16:3e:73:a6:0d'}]])
18:39:49 WARNING ssh_cmd: su - ubuntu -c 'ssh -i /home/runner-manager/.ssh/test-hzp4k2j9-0-n-6b501c3dfb71.key -o "StrictHostKeyChecking no" ubuntu@10.151.122.202 pkill -9 run.sh'
18:39:51 INFO Run command 'pkill -9 run.sh' in runner with result 0: 'None' 'Warning: Permanently added '10.151.122.202' (ED25519) to the list of known hosts.
'
18:39:58 INFO Runner test-hzp4k2j9-0-n-6b501c3dfb71 status: online
18:39:58 INFO Runner still marked as online, waiting for it to be marked offline
18:40:59 INFO Waiting for model:
  test-hzp4k2j9/0 [idle] active: 
18:41:29 INFO Waiting for model:
  test-hzp4k2j9/0 [idle] active: 
18:41:31 INFO Current reconcile ID: 125f64a7-cbc5-4d10-a898-0442de233a66
18:41:31 INFO Waiting for reconcile ID: 125f64a7-cbc5-4d10-a898-0442de233a66
18:42:32 INFO Current reconcile ID: 125f64a7-cbc5-4d10-a898-0442de233a66
18:42:32 INFO Current reconcile ID: 125f64a7-cbc5-4d10-a898-0442de233a66, expected reconcile ID: 125f64a7-cbc5-4d10-a898-0442de233a66
18:42:32 INFO Waiting for reconcile ID: 125f64a7-cbc5-4d10-a898-0442de233a66
18:43:34 INFO Current reconcile ID: 87590ffa-2aa3-41e9-b5a1-a50b58d4eb75
18:43:34 INFO Current reconcile ID: 87590ffa-2aa3-41e9-b5a1-a50b58d4eb75, expected reconcile ID: 125f64a7-cbc5-4d10-a898-0442de233a66
18:43:35 INFO File content of /var/log/github-runner-metrics.log: {"timestamp": 1767983628.5757177, "event": "reconciliation", "flavor": "test-hzp4k2j9", "crashed_runners": 0, "idle_runners": 0, "active_runners": 0, "expected_runners": 0, "duration": 6.839025974273682}
{"timestamp": 1767983754.8079343, "event": "reconciliation", "flavor": "test-hzp4k2j9", "crashed_runners": 0, "idle_runners": 0, "active_runners": 0, "expected_runners": 0, "duration": 6.1360557079315186}
{"timestamp": 1767983785.286862, "event": "reconciliation", "flavor": "test-hzp4k2j9", "crashed_runners": 0, "idle_runners": 0, "active_runners": 0, "expected_runners": 1, "duration": 8.87623643875122}
{"timestamp": 1767983912.7464647, "event": "reconciliation", "flavor": "test-hzp4k2j9", "crashed_runners": 0, "idle_runners": 1, "active_runners": 0, "expected_runners": 1, "duration": 7.357511043548584}
{"timestamp": 1767983879.0, "event": "runner_installed", "flavor": "test-hzp4k2j9", "duration": 96.0}
{"timestamp": 1767983943.0, "event": "runner_start", "flavor": "test-hzp4k2j9", "workflow": "Workflow Dispatch Crash Tests", "repo": "canonical/github-runner-operator", "github_event": "workflow_dispatch", "idle": 64.0, "queue_duration": 2.0}
{"timestamp": 1767983990.0, "event": "runner_stop", "flavor": "test-hzp4k2j9", "workflow": "Workflow Dispatch Crash Tests", "repo": "canonical/github-runner-operator", "github_event": "workflow_dispatch", "status": "abnormal", "status_info": {"code": 137}, "job_duration": 47.0, "job_conclusion": "cancelled"}
{"timestamp": 1767984044.094946, "event": "reconciliation", "flavor": "test-hzp4k2j9", "crashed_runners": 0, "idle_runners": 0, "active_runners": 0, "expected_runners": 1, "duration": 11.306008338928223}
{"timestamp": 1767984069.1343293, "event": "reconciliation", "flavor": "test-hzp4k2j9", "crashed_runners": 0, "idle_runners": 0, "active_runners": 0, "expected_runners": 0, "duration": 8.91623044013977}
{"timestamp": 1767984195.8066905, "event": "reconciliation", "flavor": "test-hzp4k2j9", "crashed_runners": 0, "idle_runners": 0, "active_runners": 0, "expected_runners": 0, "duration": 6.552783966064453}
18:43:35 INFO Model status:

Model                            Controller           Cloud/Region         Version  SLA          Timestamp
test-charm-metrics-failure-3luk  github-pr-fe65c-lxd  localhost/localhost  3.6.12   unsupported  18:43:35Z

App                                   Version  Status  Scale  Charm          Channel      Rev  Exposed  Message
github-runner-image-builder-hzp4k2j9           active      1  any-charm      latest/beta  124  no       
test-hzp4k2j9                                  active      1  github-runner                 0  yes      

Unit                                     Workload  Agent  Machine  Public address  Ports     Message
github-runner-image-builder-hzp4k2j9/0*  active    idle   0        10.206.41.147             
test-hzp4k2j9/0*                         active    idle   1        10.206.41.105   8080/tcp  

Machine  State    Address        Inst id        Base          AZ             Message
0        started  10.206.41.147  juju-6b92b8-0  ubuntu@24.04  github-runner  Running
1        started  10.206.41.105  juju-6b92b8-1  ubuntu@22.04  github-runner  Running

18:43:36 INFO Juju error logs:

machine-0: 18:20:32 ERROR juju.worker.dependency "kvm-container-provisioner" manifold worker returned unexpected error: container types not yet available
machine-0: 18:20:32 ERROR juju.worker.dependency "lxd-container-provisioner" manifold worker returned unexpected error: container types not yet available
machine-1: 18:22:05 ERROR juju.worker.dependency "lxd-container-provisioner" manifold worker returned unexpected error: container types not yet available
machine-1: 18:22:05 ERROR juju.worker.dependency "kvm-container-provisioner" manifold worker returned unexpected error: container types not yet available
unit-test-hzp4k2j9-0: 18:23:05 ERROR unit.test-hzp4k2j9/0.juju-log Missing image integration.
Traceback (most recent call last):
  File "/var/lib/juju/agents/unit-test-hzp4k2j9-0/charm/./src/charm.py", line 119, in func_with_catch_errors
    func(self, event)
  File "/var/lib/juju/agents/unit-test-hzp4k2j9-0/charm/./src/charm.py", line 354, in _on_config_changed
    self._check_image_ready()
  File "/var/lib/juju/agents/unit-test-hzp4k2j9-0/charm/./src/charm.py", line 524, in _check_image_ready
    raise ImageIntegrationMissingError("No image integration found")
errors.ImageIntegrationMissingError: No image integration found
unit-test-hzp4k2j9-0: 18:23:06 ERROR unit.test-hzp4k2j9/0.juju-log Missing image integration.
Traceback (most recent call last):
  File "/var/lib/juju/agents/unit-test-hzp4k2j9-0/charm/./src/charm.py", line 119, in func_with_catch_errors
    func(self, event)
  File "/var/lib/juju/agents/unit-test-hzp4k2j9-0/charm/./src/charm.py", line 317, in _on_start
    self._check_image_ready()
  File "/var/lib/juju/agents/unit-test-hzp4k2j9-0/charm/./src/charm.py", line 524, in _check_image_ready
    raise ImageIntegrationMissingError("No image integration found")
errors.ImageIntegrationMissingError: No image integration found

18:43:36 INFO Forgetting model main...