18:19:43 WARNING unexpected facade SSHServer received from the controller
18:19:43 INFO Adding model github-pr-fe65c-lxd:test-charm-upgrade-w5ti on cloud localhost
18:19:43 WARNING unexpected facade SSHServer received from the controller
18:19:43 WARNING unexpected facade SSHSession received from the controller
18:19:43 WARNING unexpected facade SSHTunneler received from the controller
18:19:44 INFO Deploying fake image builder via any-charm for image ID 1ad6e456-fa35-47ef-988f-1e793a60f258
18:19:46 INFO Deploying ch:amd64/noble/any-charm-124
18:20:04 INFO Deploying local:jammy/github-runner-0
18:20:04 INFO Waiting for model:
  test-afcn6tw7/0 [allocating] waiting: waiting for machine
  github-runner-image-builder-afcn6tw7/0 [allocating] waiting: waiting for machine
18:20:34 INFO Waiting for model:
  test-afcn6tw7/0 [allocating] waiting: waiting for machine
  github-runner-image-builder-afcn6tw7/0 [executing] maintenance: installing charm software
18:21:04 INFO Waiting for model:
  test-afcn6tw7/0 [allocating] waiting: waiting for machine
  github-runner-image-builder-afcn6tw7/0 [idle] active: 
18:21:34 INFO Waiting for model:
  test-afcn6tw7/0 [allocating] waiting: waiting for machine
18:22:04 INFO Waiting for model:
  test-afcn6tw7/0 [allocating] waiting: agent initialising
18:22:34 INFO Waiting for model:
  test-afcn6tw7/0 [executing] maintenance: installing charm software
18:23:04 INFO Waiting for model:
  test-afcn6tw7/0 [executing] maintenance: installing charm software
  github-runner-image-builder-afcn6tw7/0 [executing] active: 
18:23:34 INFO Waiting for model:
  test-afcn6tw7/0 [idle] active: 
  github-runner-image-builder-afcn6tw7/0 [idle] active: 
18:25:34 INFO Waiting for model:
  test-afcn6tw7/0 [idle] active:
18:26:10 INFO Model status:

Model                    Controller           Cloud/Region         Version  SLA          Timestamp
test-charm-upgrade-w5ti  github-pr-fe65c-lxd  localhost/localhost  3.6.12   unsupported  18:26:10Z

App                                   Version  Status  Scale  Charm          Channel      Rev  Exposed  Message
github-runner-image-builder-afcn6tw7           active      1  any-charm      latest/beta  124  no       
test-afcn6tw7                                  active      1  github-runner                 1  no       

Unit                                     Workload  Agent  Machine  Public address  Ports  Message
github-runner-image-builder-afcn6tw7/0*  active    idle   0        10.243.51.245          
test-afcn6tw7/0*                         active    idle   1        10.243.51.224          

Machine  State    Address        Inst id        Base          AZ             Message
0        started  10.243.51.245  juju-1777d4-0  ubuntu@24.04  github-runner  Running
1        started  10.243.51.224  juju-1777d4-1  ubuntu@22.04  github-runner  Running

18:26:11 INFO Juju error logs:

machine-0: 18:20:28 ERROR juju.worker.dependency "kvm-container-provisioner" manifold worker returned unexpected error: container types not yet available
machine-0: 18:20:28 ERROR juju.worker.dependency "lxd-container-provisioner" manifold worker returned unexpected error: container types not yet available
machine-1: 18:21:49 ERROR juju.worker.dependency "lxd-container-provisioner" manifold worker returned unexpected error: container types not yet available
machine-1: 18:21:49 ERROR juju.worker.dependency "kvm-container-provisioner" manifold worker returned unexpected error: container types not yet available
unit-test-afcn6tw7-0: 18:23:06 ERROR unit.test-afcn6tw7/0.juju-log Missing image integration.
Traceback (most recent call last):
  File "/var/lib/juju/agents/unit-test-afcn6tw7-0/charm/./src/charm.py", line 119, in func_with_catch_errors
    func(self, event)
  File "/var/lib/juju/agents/unit-test-afcn6tw7-0/charm/./src/charm.py", line 354, in _on_config_changed
    self._check_image_ready()
  File "/var/lib/juju/agents/unit-test-afcn6tw7-0/charm/./src/charm.py", line 524, in _check_image_ready
    raise ImageIntegrationMissingError("No image integration found")
errors.ImageIntegrationMissingError: No image integration found
unit-test-afcn6tw7-0: 18:23:07 ERROR unit.test-afcn6tw7/0.juju-log Missing image integration.
Traceback (most recent call last):
  File "/var/lib/juju/agents/unit-test-afcn6tw7-0/charm/./src/charm.py", line 119, in func_with_catch_errors
    func(self, event)
  File "/var/lib/juju/agents/unit-test-afcn6tw7-0/charm/./src/charm.py", line 317, in _on_start
    self._check_image_ready()
  File "/var/lib/juju/agents/unit-test-afcn6tw7-0/charm/./src/charm.py", line 524, in _check_image_ready
    raise ImageIntegrationMissingError("No image integration found")
errors.ImageIntegrationMissingError: No image integration found

18:26:11 INFO Forgetting model main...