INFO     juju.model:model.py:3211 Waiting for model:
  test-y3q4tot8/0 [executing] maintenance: Reconciling runners
INFO     juju.model:model.py:3211 Waiting for model:
  test-y3q4tot8/0 [idle] active:
INFO     juju.model:model.py:3211 Waiting for model:
  test-y3q4tot8/0 [executing] active: 
INFO     juju.model:model.py:3211 Waiting for model:
  test-y3q4tot8/0 [idle] active: 
INFO     tests.integration.helpers.openstack:openstack.py:49 [TEST SETUP] Exposing port 8080 on test-y3q4tot8-0-68c68f606d6a
WARNING  tests.integration.helpers.openstack:openstack.py:51 dict_values([[{'version': 4, 'addr': '10.145.193.101', 'OS-EXT-IPS:type': 'fixed', 'OS-EXT-IPS-MAC:mac_addr': 'fa:16:3e:c0:3f:0a'}]])
INFO     tests.integration.helpers.openstack:openstack.py:104 [TEST SETUP] Run command nc -z localhost 8080 on test-y3q4tot8-0-68c68f606d6a
WARNING  tests.integration.helpers.openstack:openstack.py:106 dict_values([[{'version': 4, 'addr': '10.145.193.101', 'OS-EXT-IPS:type': 'fixed', 'OS-EXT-IPS-MAC:mac_addr': 'fa:16:3e:c0:3f:0a'}]])
WARNING  root:openstack.py:123 ssh_cmd: su - ubuntu -c 'ssh -i /home/runner-manager/.ssh/test-y3q4tot8-0-68c68f606d6a.key -o "StrictHostKeyChecking no" ubuntu@10.145.193.101 nc -z localhost 8080'
INFO     tests.integration.helpers.openstack:openstack.py:104 [TEST SETUP] Run command curl http://localhost:8080 on test-y3q4tot8-0-68c68f606d6a
WARNING  tests.integration.helpers.openstack:openstack.py:106 dict_values([[{'version': 4, 'addr': '10.145.193.101', 'OS-EXT-IPS:type': 'fixed', 'OS-EXT-IPS-MAC:mac_addr': 'fa:16:3e:c0:3f:0a'}]])
WARNING  root:openstack.py:123 ssh_cmd: su - ubuntu -c 'ssh -i /home/runner-manager/.ssh/test-y3q4tot8-0-68c68f606d6a.key -o "StrictHostKeyChecking no" ubuntu@10.145.193.101 curl http://localhost:8080'
INFO     tests.integration.helpers.common:common.py:525 Wait for condition not met, sleeping 10
INFO     tests.integration.helpers.common:common.py:525 Wait for condition not met, sleeping 60
INFO     juju.model:model.py:3211 Waiting for model:
  test-y3q4tot8/0 [executing] maintenance: Reconciling runners
INFO     pytest_operator.plugin:plugin.py:929 Model status:

Model                   Controller  Cloud/Region         Version  SLA          Timestamp
test-charm-runner-2r71  lxd         localhost/localhost  3.6.1    unsupported  14:38:35Z

App                          Version  Status  Scale  Charm                        Channel      Rev  Exposed  Message
github-runner-image-builder           active      1  github-runner-image-builder  latest/edge    2  no       
test-y3q4tot8                         active      1  github-runner                               0  yes      

Unit                            Workload  Agent  Machine  Public address  Ports     Message
github-runner-image-builder/0*  active    idle   0        10.14.140.245             
test-y3q4tot8/0*                active    idle   1        10.14.140.104   8080/tcp  

Machine  State    Address        Inst id        Base          AZ  Message
0        started  10.14.140.245  juju-3dc8ec-0  ubuntu@22.04      Running
1        started  10.14.140.104  juju-3dc8ec-1  ubuntu@22.04      Running

INFO     pytest_operator.plugin:plugin.py:935 Juju error logs:

unit-test-y3q4tot8-0: 14:22:03 ERROR unit.test-y3q4tot8/0.juju-log pre-job-metrics.json not found for runner test-y3q4tot8-0-7a632f9ad156
Traceback (most recent call last):
  File "/var/lib/juju/agents/unit-test-y3q4tot8-0/charm/venv/github_runner_manager/metrics/runner.py", line 557, in _extract_file_from_storage
    file_content = metrics_storage.path.joinpath(filename).read_text(encoding="utf-8")
  File "/usr/lib/python3.10/pathlib.py", line 1134, in read_text
    with self.open(mode='r', encoding=encoding, errors=errors) as f:
  File "/usr/lib/python3.10/pathlib.py", line 1119, in open
    return self._accessor.open(self, mode, buffering, encoding, errors,
FileNotFoundError: [Errno 2] No such file or directory: '/home/runner-manager/runner-fs/test-y3q4tot8-0-7a632f9ad156/pre-job-metrics.json'
unit-test-y3q4tot8-0: 14:22:03 ERROR unit.test-y3q4tot8/0.juju-log Pre-job metrics for runner test-y3q4tot8-0-7a632f9ad156 not found, stop extracting post-jobs metrics.
unit-test-y3q4tot8-0: 14:22:11 CRITICAL unit.test-y3q4tot8/0.juju-log test mode is enabled
unit-test-y3q4tot8-0: 14:22:52 CRITICAL unit.test-y3q4tot8/0.juju-log test mode is enabled
unit-test-y3q4tot8-0: 14:22:53 CRITICAL unit.test-y3q4tot8/0.juju-log test mode is enabled
unit-test-y3q4tot8-0: 14:25:50 CRITICAL unit.test-y3q4tot8/0.juju-log test mode is enabled
unit-test-y3q4tot8-0: 14:26:23 CRITICAL unit.test-y3q4tot8/0.juju-log test mode is enabled
unit-test-y3q4tot8-0: 14:26:39 CRITICAL unit.test-y3q4tot8/0.juju-log test mode is enabled
unit-test-y3q4tot8-0: 14:26:50 CRITICAL unit.test-y3q4tot8/0.juju-log test mode is enabled
unit-test-y3q4tot8-0: 14:26:51 CRITICAL unit.test-y3q4tot8/0.juju-log test mode is enabled
unit-test-y3q4tot8-0: 14:27:35 ERROR unit.test-y3q4tot8/0.juju-log pre-job-metrics.json not found for runner test-y3q4tot8-0-4eb755866e4c
Traceback (most recent call last):
  File "/var/lib/juju/agents/unit-test-y3q4tot8-0/charm/venv/github_runner_manager/metrics/runner.py", line 557, in _extract_file_from_storage
    file_content = metrics_storage.path.joinpath(filename).read_text(encoding="utf-8")
  File "/usr/lib/python3.10/pathlib.py", line 1134, in read_text
    with self.open(mode='r', encoding=encoding, errors=errors) as f:
  File "/usr/lib/python3.10/pathlib.py", line 1119, in open
    return self._accessor.open(self, mode, buffering, encoding, errors,
FileNotFoundError: [Errno 2] No such file or directory: '/home/runner-manager/runner-fs/test-y3q4tot8-0-4eb755866e4c/pre-job-metrics.json'
unit-test-y3q4tot8-0: 14:27:35 ERROR unit.test-y3q4tot8/0.juju-log Pre-job metrics for runner test-y3q4tot8-0-4eb755866e4c not found, stop extracting post-jobs metrics.
unit-test-y3q4tot8-0: 14:29:31 CRITICAL unit.test-y3q4tot8/0.juju-log test mode is enabled
unit-test-y3q4tot8-0: 14:29:52 CRITICAL unit.test-y3q4tot8/0.juju-log test mode is enabled
unit-test-y3q4tot8-0: 14:30:14 CRITICAL unit.test-y3q4tot8/0.juju-log test mode is enabled
unit-test-y3q4tot8-0: 14:31:02 CRITICAL unit.test-y3q4tot8/0.juju-log test mode is enabled
unit-test-y3q4tot8-0: 14:31:03 CRITICAL unit.test-y3q4tot8/0.juju-log test mode is enabled
unit-test-y3q4tot8-0: 14:31:38 ERROR unit.test-y3q4tot8/0.juju-log post-job-metrics.json not found for runner test-y3q4tot8-0-7f0f6024803c
Traceback (most recent call last):
  File "/var/lib/juju/agents/unit-test-y3q4tot8-0/charm/venv/github_runner_manager/metrics/runner.py", line 557, in _extract_file_from_storage
    file_content = metrics_storage.path.joinpath(filename).read_text(encoding="utf-8")
  File "/usr/lib/python3.10/pathlib.py", line 1134, in read_text
    with self.open(mode='r', encoding=encoding, errors=errors) as f:
  File "/usr/lib/python3.10/pathlib.py", line 1119, in open
    return self._accessor.open(self, mode, buffering, encoding, errors,
FileNotFoundError: [Errno 2] No such file or directory: '/home/runner-manager/runner-fs/test-y3q4tot8-0-7f0f6024803c/post-job-metrics.json'
unit-test-y3q4tot8-0: 14:31:44 CRITICAL unit.test-y3q4tot8/0.juju-log test mode is enabled
unit-test-y3q4tot8-0: 14:31:58 CRITICAL unit.test-y3q4tot8/0.juju-log test mode is enabled
unit-test-y3q4tot8-0: 14:32:14 CRITICAL unit.test-y3q4tot8/0.juju-log test mode is enabled
unit-test-y3q4tot8-0: 14:32:16 CRITICAL unit.test-y3q4tot8/0.juju-log test mode is enabled
unit-test-y3q4tot8-0: 14:33:55 CRITICAL unit.test-y3q4tot8/0.juju-log test mode is enabled
unit-test-y3q4tot8-0: 14:35:11 CRITICAL unit.test-y3q4tot8/0.juju-log test mode is enabled
unit-test-y3q4tot8-0: 14:35:12 CRITICAL unit.test-y3q4tot8/0.juju-log test mode is enabled
unit-test-y3q4tot8-0: 14:35:36 CRITICAL unit.test-y3q4tot8/0.juju-log test mode is enabled
unit-test-y3q4tot8-0: 14:36:25 CRITICAL unit.test-y3q4tot8/0.juju-log test mode is enabled
unit-test-y3q4tot8-0: 14:37:37 CRITICAL unit.test-y3q4tot8/0.juju-log test mode is enabled
unit-test-y3q4tot8-0: 14:37:39 CRITICAL unit.test-y3q4tot8/0.juju-log test mode is enabled
unit-test-y3q4tot8-0: 14:38:02 CRITICAL unit.test-y3q4tot8/0.juju-log test mode is enabled

INFO     pytest_operator.plugin:plugin.py:1017 Forgetting model main...