18:19:12 WARNING unexpected facade SSHServer received from the controller
18:19:12 INFO Adding model github-pr-9abb4-lxd:test-charm-upgrade-ormk on cloud localhost
18:19:12 WARNING unexpected facade SSHServer received from the controller
18:19:12 WARNING unexpected facade SSHSession received from the controller
18:19:12 WARNING unexpected facade SSHTunneler received from the controller
18:19:12 INFO Deploying fake image builder via any-charm for image ID 1ad6e456-fa35-47ef-988f-1e793a60f258
18:19:14 INFO Deploying ch:amd64/noble/any-charm-124
18:19:29 INFO Deploying local:jammy/github-runner-0
18:19:29 INFO Waiting for model:
  test-fbmzlobx/0 [allocating] waiting: waiting for machine
  github-runner-image-builder-fbmzlobx/0 [allocating] waiting: waiting for machine
18:19:59 INFO Waiting for model:
  test-fbmzlobx/0 [allocating] waiting: waiting for machine
  github-runner-image-builder-fbmzlobx/0 [allocating] waiting: waiting for machine
18:20:29 INFO Waiting for model:
  test-fbmzlobx/0 [allocating] waiting: waiting for machine
  github-runner-image-builder-fbmzlobx/0 [idle] active: 
18:20:59 INFO Waiting for model:
  test-fbmzlobx/0 [allocating] waiting: agent initialising
18:21:29 INFO Waiting for model:
  test-fbmzlobx/0 [executing] maintenance: installing charm software
18:21:59 INFO Waiting for model:
  test-fbmzlobx/0 [executing] maintenance: Update image for runners
18:22:29 INFO Waiting for model:
  test-fbmzlobx/0 [idle] active: 
18:24:24 INFO Waiting for model:
  test-fbmzlobx/0 [idle] active:
18:24:56 INFO Model status:

Model                    Controller           Cloud/Region         Version  SLA          Timestamp
test-charm-upgrade-ormk  github-pr-9abb4-lxd  localhost/localhost  3.6.13   unsupported  18:24:55Z

App                                   Version  Status  Scale  Charm          Channel      Rev  Exposed  Message
github-runner-image-builder-fbmzlobx           active      1  any-charm      latest/beta  124  no       
test-fbmzlobx                                  active      1  github-runner                 1  no       

Unit                                     Workload  Agent  Machine  Public address  Ports  Message
github-runner-image-builder-fbmzlobx/0*  active    idle   0        10.43.181.241          
test-fbmzlobx/0*                         active    idle   1        10.43.181.20           

Machine  State    Address        Inst id        Base          AZ             Message
0        started  10.43.181.241  juju-9fc15f-0  ubuntu@24.04  github-runner  Running
1        started  10.43.181.20   juju-9fc15f-1  ubuntu@22.04  github-runner  Running

18:24:56 INFO Juju error logs:

machine-0: 18:20:01 ERROR juju.worker.dependency "lxd-container-provisioner" manifold worker returned unexpected error: container types not yet available
machine-0: 18:20:01 ERROR juju.worker.dependency "kvm-container-provisioner" manifold worker returned unexpected error: container types not yet available
machine-1: 18:20:44 ERROR juju.worker.dependency "kvm-container-provisioner" manifold worker returned unexpected error: container types not yet available
machine-1: 18:20:44 ERROR juju.worker.dependency "lxd-container-provisioner" manifold worker returned unexpected error: container types not yet available
unit-test-fbmzlobx-0: 18:21:40 ERROR unit.test-fbmzlobx/0.juju-log Missing image integration.
Traceback (most recent call last):
  File "/var/lib/juju/agents/unit-test-fbmzlobx-0/charm/./src/charm.py", line 120, in func_with_catch_errors
    func(self, event)
  File "/var/lib/juju/agents/unit-test-fbmzlobx-0/charm/./src/charm.py", line 366, in _on_config_changed
    self._check_image_ready()
  File "/var/lib/juju/agents/unit-test-fbmzlobx-0/charm/./src/charm.py", line 536, in _check_image_ready
    raise ImageIntegrationMissingError("No image integration found")
errors.ImageIntegrationMissingError: No image integration found
unit-test-fbmzlobx-0: 18:21:42 ERROR unit.test-fbmzlobx/0.juju-log Missing image integration.
Traceback (most recent call last):
  File "/var/lib/juju/agents/unit-test-fbmzlobx-0/charm/./src/charm.py", line 120, in func_with_catch_errors
    func(self, event)
  File "/var/lib/juju/agents/unit-test-fbmzlobx-0/charm/./src/charm.py", line 329, in _on_start
    self._check_image_ready()
  File "/var/lib/juju/agents/unit-test-fbmzlobx-0/charm/./src/charm.py", line 536, in _check_image_ready
    raise ImageIntegrationMissingError("No image integration found")
errors.ImageIntegrationMissingError: No image integration found

18:24:56 INFO Forgetting model main...