18:46:21 INFO Waiting for model:
  test-z6603fns/0 [idle] active: 
18:46:51 INFO Waiting for model:
  test-z6603fns/0 [idle] active: 
18:46:54 INFO Current reconcile ID: 9691ea3e-8bf1-42f1-a9f5-350b347f22c7
18:46:54 INFO Waiting for reconcile ID: 9691ea3e-8bf1-42f1-a9f5-350b347f22c7
18:47:55 INFO Current reconcile ID: 9691ea3e-8bf1-42f1-a9f5-350b347f22c7
18:47:55 INFO Current reconcile ID: 9691ea3e-8bf1-42f1-a9f5-350b347f22c7, expected reconcile ID: 9691ea3e-8bf1-42f1-a9f5-350b347f22c7
18:47:55 INFO Waiting for reconcile ID: 9691ea3e-8bf1-42f1-a9f5-350b347f22c7
18:48:56 INFO Current reconcile ID: da5baef3-497b-457d-af7c-8e094ff95538
18:48:56 INFO Current reconcile ID: da5baef3-497b-457d-af7c-8e094ff95538, expected reconcile ID: 9691ea3e-8bf1-42f1-a9f5-350b347f22c7
18:49:01 INFO [TEST SETUP] Exposing port 8080 on test-z6603fns-0-n-aded1e4283a0
18:49:01 WARNING dict_values([[{'version': 4, 'addr': '10.151.122.78', 'OS-EXT-IPS:type': 'fixed', 'OS-EXT-IPS-MAC:mac_addr': 'fa:16:3e:d4:c6:6d'}]])
18:49:02 INFO ssh tunnel command ssh -fNT -R 8080:localhost:8080 -i /home/runner-manager/.ssh/test-z6603fns-0-n-aded1e4283a0.key -o "StrictHostKeyChecking no" -o "ControlPersist yes" ubuntu@10.151.122.78 &
18:49:03 INFO ssh tunnel result 0 None Warning: Permanently added '10.151.122.78' (ED25519) to the list of known hosts.

18:49:04 INFO [TEST SETUP] Run command nc -z localhost 8080 on test-z6603fns-0-n-aded1e4283a0
18:49:04 WARNING dict_values([[{'version': 4, 'addr': '10.151.122.78', 'OS-EXT-IPS:type': 'fixed', 'OS-EXT-IPS-MAC:mac_addr': 'fa:16:3e:d4:c6:6d'}]])
18:49:05 WARNING ssh_cmd: su - ubuntu -c 'ssh -i /home/runner-manager/.ssh/test-z6603fns-0-n-aded1e4283a0.key -o "StrictHostKeyChecking no" ubuntu@10.151.122.78 nc -z localhost 8080'
18:49:06 INFO Run command 'nc -z localhost 8080' in runner with result 0: 'None' 'Connection to localhost (127.0.0.1) 8080 port [tcp/http-alt] succeeded!
'
18:49:06 INFO [TEST SETUP] Run command curl http://localhost:8080 on test-z6603fns-0-n-aded1e4283a0
18:49:06 WARNING dict_values([[{'version': 4, 'addr': '10.151.122.78', 'OS-EXT-IPS:type': 'fixed', 'OS-EXT-IPS-MAC:mac_addr': 'fa:16:3e:d4:c6:6d'}]])
18:49:07 WARNING ssh_cmd: su - ubuntu -c 'ssh -i /home/runner-manager/.ssh/test-z6603fns-0-n-aded1e4283a0.key -o "StrictHostKeyChecking no" ubuntu@10.151.122.78 curl http://localhost:8080'
18:49:08 INFO Run command 'curl http://localhost:8080' in runner with result 0: '<!doctype html>
<html lang=en>
<title>404 Not Found</title>
<h1>Not Found</h1>
<p>The requested URL was not found on the server. If you entered the URL manually please check your spelling and try again.</p>
' '  % Total    % Received % Xferd  Average Speed   Time    Time     Time  Current
                                 Dload  Upload   Total   Spent    Left  Speed
  0     0    0     0    0     0      0      0 --:--:-- --:--:-- --:--:--     0100   207  100   207    0     0  88272      0 --:--:-- --:--:-- --:--:--  101k
'
18:49:10 INFO Wait for condition not met, sleeping 10
18:49:21 INFO Waiting for model:
  test-z6603fns/0 [idle] active: 
18:49:52 INFO Waiting for model:
  test-z6603fns/0 [idle] active: 
18:49:54 INFO Current reconcile ID: 719165fe-39fb-4db6-bc66-bc2ba1a1d6c2
18:49:54 INFO Waiting for reconcile ID: 719165fe-39fb-4db6-bc66-bc2ba1a1d6c2
18:50:55 INFO Current reconcile ID: 719165fe-39fb-4db6-bc66-bc2ba1a1d6c2
18:50:55 INFO Current reconcile ID: 719165fe-39fb-4db6-bc66-bc2ba1a1d6c2, expected reconcile ID: 719165fe-39fb-4db6-bc66-bc2ba1a1d6c2
18:50:55 INFO Waiting for reconcile ID: 719165fe-39fb-4db6-bc66-bc2ba1a1d6c2
18:51:56 INFO Current reconcile ID: 4f0db72a-7c2c-41bf-823c-c675e8c27192
18:51:56 INFO Current reconcile ID: 4f0db72a-7c2c-41bf-823c-c675e8c27192, expected reconcile ID: 719165fe-39fb-4db6-bc66-bc2ba1a1d6c2
18:51:57 INFO Model status:

Model                   Controller           Cloud/Region         Version  SLA          Timestamp
test-charm-runner-5a2y  github-pr-9abb4-lxd  localhost/localhost  3.6.13   unsupported  18:51:57Z

App                                   Version  Status  Scale  Charm          Channel      Rev  Exposed  Message
github-runner-image-builder-z6603fns           active      1  any-charm      latest/beta  124  no       
test-z6603fns                                  active      1  github-runner                 0  yes      

Unit                                     Workload  Agent  Machine  Public address  Ports     Message
github-runner-image-builder-z6603fns/0*  active    idle   0        10.221.102.238            
test-z6603fns/0*                         active    idle   1        10.221.102.101  8080/tcp  

Machine  State    Address         Inst id        Base          AZ             Message
0        started  10.221.102.238  juju-728adc-0  ubuntu@24.04  github-runner  Running
1        started  10.221.102.101  juju-728adc-1  ubuntu@22.04  github-runner  Running

18:51:57 INFO Juju error logs:

machine-0: 18:21:56 ERROR juju.worker.dependency "kvm-container-provisioner" manifold worker returned unexpected error: container types not yet available
machine-0: 18:21:56 ERROR juju.worker.dependency "lxd-container-provisioner" manifold worker returned unexpected error: container types not yet available
machine-1: 18:22:05 ERROR juju.worker.dependency "lxd-container-provisioner" manifold worker returned unexpected error: container types not yet available
machine-1: 18:22:05 ERROR juju.worker.dependency "kvm-container-provisioner" manifold worker returned unexpected error: container types not yet available
unit-test-z6603fns-0: 18:23:06 ERROR unit.test-z6603fns/0.juju-log Missing image integration.
Traceback (most recent call last):
  File "/var/lib/juju/agents/unit-test-z6603fns-0/charm/./src/charm.py", line 120, in func_with_catch_errors
    func(self, event)
  File "/var/lib/juju/agents/unit-test-z6603fns-0/charm/./src/charm.py", line 366, in _on_config_changed
    self._check_image_ready()
  File "/var/lib/juju/agents/unit-test-z6603fns-0/charm/./src/charm.py", line 536, in _check_image_ready
    raise ImageIntegrationMissingError("No image integration found")
errors.ImageIntegrationMissingError: No image integration found
unit-test-z6603fns-0: 18:23:08 ERROR unit.test-z6603fns/0.juju-log Missing image integration.
Traceback (most recent call last):
  File "/var/lib/juju/agents/unit-test-z6603fns-0/charm/./src/charm.py", line 120, in func_with_catch_errors
    func(self, event)
  File "/var/lib/juju/agents/unit-test-z6603fns-0/charm/./src/charm.py", line 329, in _on_start
    self._check_image_ready()
  File "/var/lib/juju/agents/unit-test-z6603fns-0/charm/./src/charm.py", line 536, in _check_image_ready
    raise ImageIntegrationMissingError("No image integration found")
errors.ImageIntegrationMissingError: No image integration found

18:51:57 INFO Forgetting model main...