06:51:22 INFO Waiting for model:
  test-s2utzw6x/0 [idle] active: 
06:51:53 INFO Waiting for model:
  test-s2utzw6x/0 [idle] active: 
06:51:56 INFO Current reconcile ID: 74178eb6-6296-4e28-ba04-dd90d7ad766e
06:51:56 INFO Waiting for reconcile ID: 74178eb6-6296-4e28-ba04-dd90d7ad766e
06:52:57 INFO Current reconcile ID: 74178eb6-6296-4e28-ba04-dd90d7ad766e
06:52:57 INFO Current reconcile ID: 74178eb6-6296-4e28-ba04-dd90d7ad766e, expected reconcile ID: 74178eb6-6296-4e28-ba04-dd90d7ad766e
06:52:57 INFO Waiting for reconcile ID: 74178eb6-6296-4e28-ba04-dd90d7ad766e
06:53:58 INFO Current reconcile ID: 5c12fe80-9333-46d9-8df0-486fdcefa307
06:53:58 INFO Current reconcile ID: 5c12fe80-9333-46d9-8df0-486fdcefa307, expected reconcile ID: 74178eb6-6296-4e28-ba04-dd90d7ad766e
06:53:58 INFO Waiting for model:
  test-s2utzw6x/0 [idle] active: 
06:54:28 INFO Waiting for model:
  test-s2utzw6x/0 [idle] active: 
06:54:39 INFO Current reconcile ID: 459e3e22-7566-4b11-a439-3ad713ff27ea
06:54:39 INFO Waiting for reconcile ID: 459e3e22-7566-4b11-a439-3ad713ff27ea
06:55:40 INFO Current reconcile ID: 459e3e22-7566-4b11-a439-3ad713ff27ea
06:55:40 INFO Current reconcile ID: 459e3e22-7566-4b11-a439-3ad713ff27ea, expected reconcile ID: 459e3e22-7566-4b11-a439-3ad713ff27ea
06:55:40 INFO Waiting for reconcile ID: 459e3e22-7566-4b11-a439-3ad713ff27ea
06:56:41 INFO Current reconcile ID: 6b235c4a-0b1a-4af8-8b3d-ec72cbcaaeb5
06:56:41 INFO Current reconcile ID: 6b235c4a-0b1a-4af8-8b3d-ec72cbcaaeb5, expected reconcile ID: 459e3e22-7566-4b11-a439-3ad713ff27ea
06:56:49 INFO Wait for condition not met, sleeping 30
06:57:32 INFO [TEST SETUP] Run command pkill -9 run.sh on test-s2utzw6x-0-n-68a21dd09e16
06:57:32 WARNING dict_values([[{'version': 4, 'addr': '10.145.193.11', 'OS-EXT-IPS:type': 'fixed', 'OS-EXT-IPS-MAC:mac_addr': 'fa:16:3e:30:a3:53'}]])
06:57:33 WARNING ssh_cmd: su - ubuntu -c 'ssh -i /home/runner-manager/.ssh/test-s2utzw6x-0-n-68a21dd09e16.key -o "StrictHostKeyChecking no" ubuntu@10.145.193.11 pkill -9 run.sh'
06:57:34 INFO Run command 'pkill -9 run.sh' in runner with result 0: 'None' 'Warning: Permanently added '10.145.193.11' (ED25519) to the list of known hosts.
'
06:57:43 INFO Runner test-s2utzw6x-0-n-68a21dd09e16 status: online
06:57:43 INFO Runner still marked as online, waiting for it to be marked offline
06:58:45 INFO Waiting for model:
  test-s2utzw6x/0 [idle] active: 
06:59:15 INFO Waiting for model:
  test-s2utzw6x/0 [idle] active: 
06:59:18 INFO Current reconcile ID: 654c8ebd-5549-45a1-8fd5-9731e0881b1f
06:59:18 INFO Waiting for reconcile ID: 654c8ebd-5549-45a1-8fd5-9731e0881b1f
07:00:19 INFO Current reconcile ID: 654c8ebd-5549-45a1-8fd5-9731e0881b1f
07:00:19 INFO Current reconcile ID: 654c8ebd-5549-45a1-8fd5-9731e0881b1f, expected reconcile ID: 654c8ebd-5549-45a1-8fd5-9731e0881b1f
07:00:19 INFO Waiting for reconcile ID: 654c8ebd-5549-45a1-8fd5-9731e0881b1f
07:01:20 INFO Current reconcile ID: 8e1169a5-c54f-45ce-960f-d81f689180bc
07:01:20 INFO Current reconcile ID: 8e1169a5-c54f-45ce-960f-d81f689180bc, expected reconcile ID: 654c8ebd-5549-45a1-8fd5-9731e0881b1f
07:01:22 INFO File content of /var/log/github-runner-metrics.log: {"timestamp": 1756277496.1362386, "event": "reconciliation", "flavor": "test-s2utzw6x", "crashed_runners": 0, "idle_runners": 0, "active_runners": 0, "expected_runners": 0, "duration": 11.115628719329834}
{"timestamp": 1756277630.9289558, "event": "reconciliation", "flavor": "test-s2utzw6x", "crashed_runners": 0, "idle_runners": 0, "active_runners": 0, "expected_runners": 0, "duration": 14.663981437683105}
{"timestamp": 1756277655.4503307, "event": "reconciliation", "flavor": "test-s2utzw6x", "crashed_runners": 0, "idle_runners": 0, "active_runners": 0, "expected_runners": 1, "duration": 15.1019127368927}
{"timestamp": 1756277785.7894123, "event": "reconciliation", "flavor": "test-s2utzw6x", "crashed_runners": 0, "idle_runners": 1, "active_runners": 0, "expected_runners": 1, "duration": 10.243583679199219}
{"timestamp": 1756277712.0, "event": "runner_installed", "flavor": "test-s2utzw6x", "duration": 60.0}
{"timestamp": 1756277812.0, "event": "runner_start", "flavor": "test-s2utzw6x", "workflow": "Workflow Dispatch Crash Tests", "repo": "canonical/github-runner-operator", "github_event": "workflow_dispatch", "idle": 100.0, "queue_duration": 1.0}
{"timestamp": 1756277854.0, "event": "runner_stop", "flavor": "test-s2utzw6x", "workflow": "Workflow Dispatch Crash Tests", "repo": "canonical/github-runner-operator", "github_event": "workflow_dispatch", "status": "abnormal", "status_info": {"code": 137}, "job_duration": 42.0, "job_conclusion": "cancelled"}
{"timestamp": 1756277920.1551938, "event": "reconciliation", "flavor": "test-s2utzw6x", "crashed_runners": 0, "idle_runners": 0, "active_runners": 0, "expected_runners": 1, "duration": 14.237186193466187}
{"timestamp": 1756277938.6479545, "event": "reconciliation", "flavor": "test-s2utzw6x", "crashed_runners": 0, "idle_runners": 0, "active_runners": 0, "expected_runners": 0, "duration": 10.885751485824585}
{"timestamp": 1756278070.481506, "event": "reconciliation", "flavor": "test-s2utzw6x", "crashed_runners": 0, "idle_runners": 0, "active_runners": 0, "expected_runners": 0, "duration": 11.772222757339478}
07:01:25 INFO Model status:

Model                            Controller           Cloud/Region         Version  SLA          Timestamp
test-charm-metrics-failure-mlsg  github-pr-4b2cf-lxd  localhost/localhost  3.6.9    unsupported  07:01:25Z

App                                   Version  Status  Scale  Charm                        Channel      Rev  Exposed  Message
github-runner-image-builder-s2utzw6x           active      1  github-runner-image-builder  latest/edge  106  no       
test-s2utzw6x                                  active      1  github-runner                               0  yes      

Unit                                     Workload  Agent  Machine  Public address  Ports     Message
github-runner-image-builder-s2utzw6x/0*  active    idle   0        10.170.16.191             
test-s2utzw6x/0*                         active    idle   1        10.170.16.207   8080/tcp  

Machine  State    Address        Inst id        Base          AZ             Message
0        started  10.170.16.191  juju-88e586-0  ubuntu@22.04  github-runner  Running
1        started  10.170.16.207  juju-88e586-1  ubuntu@22.04  github-runner  Running

07:01:25 INFO Juju error logs:

machine-0: 06:26:21 ERROR juju.worker.dependency "kvm-container-provisioner" manifold worker returned unexpected error: container types not yet available
machine-0: 06:26:21 ERROR juju.worker.dependency "lxd-container-provisioner" manifold worker returned unexpected error: container types not yet available
unit-github-runner-image-builder-s2utzw6x-0: 06:26:21 ERROR juju.worker.meterstatus error running "meter-status-changed": charm missing from disk
unit-github-runner-image-builder-s2utzw6x-0: 06:27:01 ERROR unit.github-runner-image-builder-s2utzw6x/0.juju-log Pipx command failed, code: 1, out: None, err: None
machine-1: 06:27:39 ERROR juju.worker.dependency "kvm-container-provisioner" manifold worker returned unexpected error: container types not yet available
machine-1: 06:27:39 ERROR juju.worker.dependency "lxd-container-provisioner" manifold worker returned unexpected error: container types not yet available
unit-test-s2utzw6x-0: 06:27:39 ERROR juju.worker.meterstatus error running "meter-status-changed": charm missing from disk
unit-test-s2utzw6x-0: 06:28:46 ERROR unit.test-s2utzw6x/0.juju-log Missing image integration.
Traceback (most recent call last):
  File "/var/lib/juju/agents/unit-test-s2utzw6x-0/charm/./src/charm.py", line 118, in func_with_catch_errors
    func(self, event)
  File "/var/lib/juju/agents/unit-test-s2utzw6x-0/charm/./src/charm.py", line 342, in _on_config_changed
    self._check_image_ready()
  File "/var/lib/juju/agents/unit-test-s2utzw6x-0/charm/./src/charm.py", line 512, in _check_image_ready
    raise ImageIntegrationMissingError("No image integration found")
errors.ImageIntegrationMissingError: No image integration found
unit-test-s2utzw6x-0: 06:28:48 ERROR unit.test-s2utzw6x/0.juju-log Missing image integration.
Traceback (most recent call last):
  File "/var/lib/juju/agents/unit-test-s2utzw6x-0/charm/./src/charm.py", line 118, in func_with_catch_errors
    func(self, event)
  File "/var/lib/juju/agents/unit-test-s2utzw6x-0/charm/./src/charm.py", line 313, in _on_start
    self._check_image_ready()
  File "/var/lib/juju/agents/unit-test-s2utzw6x-0/charm/./src/charm.py", line 512, in _check_image_ready
    raise ImageIntegrationMissingError("No image integration found")
errors.ImageIntegrationMissingError: No image integration found
unit-test-s2utzw6x-0: 06:28:54 ERROR unit.test-s2utzw6x/0.juju-log image:0: Missing image in image integration.
Traceback (most recent call last):
  File "/var/lib/juju/agents/unit-test-s2utzw6x-0/charm/./src/charm.py", line 118, in func_with_catch_errors
    func(self, event)
  File "/var/lib/juju/agents/unit-test-s2utzw6x-0/charm/./src/charm.py", line 477, in _on_image_relation_changed
    self._check_image_ready()
  File "/var/lib/juju/agents/unit-test-s2utzw6x-0/charm/./src/charm.py", line 514, in _check_image_ready
    raise ImageNotFoundError("No image found in the image integration")
errors.ImageNotFoundError: No image found in the image integration

07:01:25 INFO Forgetting model main...