18:23:02 WARNING unexpected facade SSHServer received from the controller
18:23:02 INFO Adding model github-pr-ef1fa-lxd:test-charm-fork-repo-901g on cloud localhost
18:23:02 WARNING unexpected facade SSHServer received from the controller
18:23:02 WARNING unexpected facade SSHSession received from the controller
18:23:02 WARNING unexpected facade SSHTunneler received from the controller
18:23:04 INFO Deploying ch:amd64/jammy/github-runner-image-builder-128
18:23:16 INFO Deploying local:jammy/github-runner-0
18:23:17 INFO Waiting for model:
  test-np8k2xs9/0 [allocating] waiting: waiting for machine
  github-runner-image-builder-np8k2xs9/0 [allocating] waiting: waiting for machine
18:23:47 INFO Waiting for model:
  test-np8k2xs9/0 [allocating] waiting: waiting for machine
  github-runner-image-builder-np8k2xs9/0 [allocating] waiting: waiting for machine
18:24:17 INFO Waiting for model:
  test-np8k2xs9/0 [allocating] waiting: agent initialising
  github-runner-image-builder-np8k2xs9/0 [allocating] waiting: agent initialising
18:24:47 INFO Waiting for model:
  test-np8k2xs9/0 [executing] maintenance: installing charm software
  github-runner-image-builder-np8k2xs9/0 [executing] maintenance: Setting up Builder.
18:25:17 INFO Waiting for model:
  test-np8k2xs9/0 [idle] blocked: Please provide image integration.
  github-runner-image-builder-np8k2xs9/0 [executing] maintenance: Setting up Builder.
18:25:47 INFO Waiting for model:
  test-np8k2xs9/0 [idle] blocked: Please provide image integration.
  github-runner-image-builder-np8k2xs9/0 [executing] maintenance: Setting up Builder.
18:26:18 INFO Waiting for model:
  test-np8k2xs9/0 [idle] blocked: Please provide image integration.
  github-runner-image-builder-np8k2xs9/0 [executing] maintenance: Setting up Builder.
18:26:48 INFO Waiting for model:
  test-np8k2xs9/0 [idle] waiting: Waiting for image over integration.
  github-runner-image-builder-np8k2xs9/0 [executing] active: Building image.
18:27:18 INFO Waiting for model:
  test-np8k2xs9/0 [idle] waiting: Waiting for image over integration.
  github-runner-image-builder-np8k2xs9/0 [executing] active: Building image.
18:27:49 INFO Waiting for model:
  test-np8k2xs9/0 [idle] waiting: Waiting for image over integration.
  github-runner-image-builder-np8k2xs9/0 [executing] active: Building image.
18:28:19 INFO Waiting for model:
  test-np8k2xs9/0 [idle] waiting: Waiting for image over integration.
  github-runner-image-builder-np8k2xs9/0 [executing] active: Building image.
18:28:50 INFO Waiting for model:
  test-np8k2xs9/0 [idle] waiting: Waiting for image over integration.
  github-runner-image-builder-np8k2xs9/0 [executing] active: Building image.
18:29:20 INFO Waiting for model:
  test-np8k2xs9/0 [idle] waiting: Waiting for image over integration.
  github-runner-image-builder-np8k2xs9/0 [executing] active: Building image.
18:29:50 INFO Waiting for model:
  test-np8k2xs9/0 [idle] waiting: Waiting for image over integration.
  github-runner-image-builder-np8k2xs9/0 [executing] active: Building image.
18:30:20 INFO Waiting for model:
  test-np8k2xs9/0 [idle] waiting: Waiting for image over integration.
  github-runner-image-builder-np8k2xs9/0 [executing] active: Building image.
18:30:50 INFO Waiting for model:
  test-np8k2xs9/0 [idle] waiting: Waiting for image over integration.
  github-runner-image-builder-np8k2xs9/0 [executing] active: Building image.
18:31:21 INFO Waiting for model:
  test-np8k2xs9/0 [idle] waiting: Waiting for image over integration.
  github-runner-image-builder-np8k2xs9/0 [executing] active: Building image.
18:31:51 INFO Waiting for model:
  test-np8k2xs9/0 [idle] waiting: Waiting for image over integration.
  github-runner-image-builder-np8k2xs9/0 [executing] active: Building image.
18:32:22 INFO Waiting for model:
  test-np8k2xs9/0 [idle] waiting: Waiting for image over integration.
  github-runner-image-builder-np8k2xs9/0 [executing] active: Building image.
18:32:52 INFO Waiting for model:
  test-np8k2xs9/0 [idle] waiting: Waiting for image over integration.
  github-runner-image-builder-np8k2xs9/0 [executing] active: Building image.
18:33:22 INFO Waiting for model:
  test-np8k2xs9/0 [idle] waiting: Waiting for image over integration.
  github-runner-image-builder-np8k2xs9/0 [executing] active: Building image.
18:33:53 INFO Waiting for model:
  test-np8k2xs9/0 [idle] waiting: Waiting for image over integration.
  github-runner-image-builder-np8k2xs9/0 [executing] active: Building image.
18:34:23 INFO Waiting for model:
  test-np8k2xs9/0 [idle] waiting: Waiting for image over integration.
  github-runner-image-builder-np8k2xs9/0 [executing] active: Building image.
18:34:53 INFO Waiting for model:
  test-np8k2xs9/0 [idle] waiting: Waiting for image over integration.
  github-runner-image-builder-np8k2xs9/0 [executing] active: Building image.
18:35:23 INFO Waiting for model:
  test-np8k2xs9/0 [idle] waiting: Waiting for image over integration.
  github-runner-image-builder-np8k2xs9/0 [executing] active: Building image.
18:35:53 INFO Waiting for model:
  test-np8k2xs9/0 [idle] waiting: Waiting for image over integration.
  github-runner-image-builder-np8k2xs9/0 [executing] active: Building image.
18:36:23 INFO Waiting for model:
  test-np8k2xs9/0 [idle] waiting: Waiting for image over integration.
  github-runner-image-builder-np8k2xs9/0 [executing] active: Building image.
18:36:54 INFO Waiting for model:
  test-np8k2xs9/0 [idle] waiting: Waiting for image over integration.
  github-runner-image-builder-np8k2xs9/0 [executing] active: Building image.
18:37:24 INFO Waiting for model:
  test-np8k2xs9/0 [idle] active: 
18:37:37 INFO GitHub token rate limit: Rate(reset=2025-11-16 19:23:04+00:00, remaining=4961, limit=5000)
18:38:32 INFO Waiting for model:
  test-np8k2xs9/0 [idle] active: 
18:39:03 INFO Waiting for model:
  test-np8k2xs9/0 [idle] active: 
18:39:06 INFO Current reconcile ID: 4700f1fc-18fe-4db2-82fd-9c74c8aa5062
18:39:06 INFO Waiting for reconcile ID: 4700f1fc-18fe-4db2-82fd-9c74c8aa5062
18:40:07 INFO Current reconcile ID: 4700f1fc-18fe-4db2-82fd-9c74c8aa5062
18:40:07 INFO Current reconcile ID: 4700f1fc-18fe-4db2-82fd-9c74c8aa5062, expected reconcile ID: 4700f1fc-18fe-4db2-82fd-9c74c8aa5062
18:40:07 INFO Waiting for reconcile ID: 4700f1fc-18fe-4db2-82fd-9c74c8aa5062
18:41:08 INFO Current reconcile ID: c781d77b-227c-4165-b5bc-8335e8036eb3
18:41:08 INFO Current reconcile ID: c781d77b-227c-4165-b5bc-8335e8036eb3, expected reconcile ID: 4700f1fc-18fe-4db2-82fd-9c74c8aa5062
18:41:13 INFO [TEST SETUP] Exposing port 8080 on test-np8k2xs9-0-n-2c5fbc0c6141
18:41:13 WARNING dict_values([[{'version': 4, 'addr': '10.151.122.215', 'OS-EXT-IPS:type': 'fixed', 'OS-EXT-IPS-MAC:mac_addr': 'fa:16:3e:64:11:1c'}]])
18:41:14 INFO ssh tunnel command ssh -fNT -R 8080:localhost:8080 -i /home/runner-manager/.ssh/test-np8k2xs9-0-n-2c5fbc0c6141.key -o "StrictHostKeyChecking no" -o "ControlPersist yes" ubuntu@10.151.122.215 &
18:41:15 INFO ssh tunnel result 0 None Warning: Permanently added '10.151.122.215' (ED25519) to the list of known hosts.

18:41:16 INFO [TEST SETUP] Run command nc -z localhost 8080 on test-np8k2xs9-0-n-2c5fbc0c6141
18:41:16 WARNING dict_values([[{'version': 4, 'addr': '10.151.122.215', 'OS-EXT-IPS:type': 'fixed', 'OS-EXT-IPS-MAC:mac_addr': 'fa:16:3e:64:11:1c'}]])
18:41:17 WARNING ssh_cmd: su - ubuntu -c 'ssh -i /home/runner-manager/.ssh/test-np8k2xs9-0-n-2c5fbc0c6141.key -o "StrictHostKeyChecking no" ubuntu@10.151.122.215 nc -z localhost 8080'
18:41:18 INFO Run command 'nc -z localhost 8080' in runner with result 0: 'None' 'Connection to localhost (127.0.0.1) 8080 port [tcp/http-alt] succeeded!
'
18:41:19 INFO [TEST SETUP] Run command curl http://localhost:8080 on test-np8k2xs9-0-n-2c5fbc0c6141
18:41:19 WARNING dict_values([[{'version': 4, 'addr': '10.151.122.215', 'OS-EXT-IPS:type': 'fixed', 'OS-EXT-IPS-MAC:mac_addr': 'fa:16:3e:64:11:1c'}]])
18:41:20 WARNING ssh_cmd: su - ubuntu -c 'ssh -i /home/runner-manager/.ssh/test-np8k2xs9-0-n-2c5fbc0c6141.key -o "StrictHostKeyChecking no" ubuntu@10.151.122.215 curl http://localhost:8080'
18:41:21 INFO Run command 'curl http://localhost:8080' in runner with result 0: '<!doctype html>
<html lang=en>
<title>404 Not Found</title>
<h1>Not Found</h1>
<p>The requested URL was not found on the server. If you entered the URL manually please check your spelling and try again.</p>
' '  % Total    % Received % Xferd  Average Speed   Time    Time     Time  Current
                                 Dload  Upload   Total   Spent    Left  Speed
  0     0    0     0    0     0      0      0 --:--:-- --:--:-- --:--:--     0100   207  100   207    0     0   104k      0 --:--:-- --:--:-- --:--:--  202k
'
18:41:23 INFO Wait for condition not met, sleeping 10
18:41:33 INFO Wait for condition not met, sleeping 60
18:42:39 INFO Model status:

Model                      Controller           Cloud/Region         Version  SLA          Timestamp
test-charm-fork-repo-901g  github-pr-ef1fa-lxd  localhost/localhost  3.6.11   unsupported  18:42:39Z

App                                   Version  Status  Scale  Charm                        Channel      Rev  Exposed  Message
github-runner-image-builder-np8k2xs9           active      1  github-runner-image-builder  latest/edge  128  no       
test-np8k2xs9                                  active      1  github-runner                               0  yes      

Unit                                     Workload  Agent  Machine  Public address  Ports     Message
github-runner-image-builder-np8k2xs9/0*  active    idle   0        10.234.179.191            
test-np8k2xs9/0*                         active    idle   1        10.234.179.31   8080/tcp  

Machine  State    Address         Inst id        Base          AZ             Message
0        started  10.234.179.191  juju-639143-0  ubuntu@22.04  github-runner  Running
1        started  10.234.179.31   juju-639143-1  ubuntu@22.04  github-runner  Running

18:42:39 INFO Juju error logs:

machine-1: 18:24:12 ERROR juju.worker.dependency "lxd-container-provisioner" manifold worker returned unexpected error: container types not yet available
machine-1: 18:24:12 ERROR juju.worker.dependency "kvm-container-provisioner" manifold worker returned unexpected error: container types not yet available
machine-0: 18:24:15 ERROR juju.worker.dependency "kvm-container-provisioner" manifold worker returned unexpected error: container types not yet available
machine-0: 18:24:15 ERROR juju.worker.dependency "lxd-container-provisioner" manifold worker returned unexpected error: container types not yet available
unit-github-runner-image-builder-np8k2xs9-0: 18:24:59 ERROR unit.github-runner-image-builder-np8k2xs9/0.juju-log Pipx command failed, code: 1, out: None, err: None
unit-test-np8k2xs9-0: 18:25:09 ERROR unit.test-np8k2xs9/0.juju-log Missing image integration.
Traceback (most recent call last):
  File "/var/lib/juju/agents/unit-test-np8k2xs9-0/charm/./src/charm.py", line 118, in func_with_catch_errors
    func(self, event)
  File "/var/lib/juju/agents/unit-test-np8k2xs9-0/charm/./src/charm.py", line 342, in _on_config_changed
    self._check_image_ready()
  File "/var/lib/juju/agents/unit-test-np8k2xs9-0/charm/./src/charm.py", line 512, in _check_image_ready
    raise ImageIntegrationMissingError("No image integration found")
errors.ImageIntegrationMissingError: No image integration found
unit-test-np8k2xs9-0: 18:25:11 ERROR unit.test-np8k2xs9/0.juju-log Missing image integration.
Traceback (most recent call last):
  File "/var/lib/juju/agents/unit-test-np8k2xs9-0/charm/./src/charm.py", line 118, in func_with_catch_errors
    func(self, event)
  File "/var/lib/juju/agents/unit-test-np8k2xs9-0/charm/./src/charm.py", line 313, in _on_start
    self._check_image_ready()
  File "/var/lib/juju/agents/unit-test-np8k2xs9-0/charm/./src/charm.py", line 512, in _check_image_ready
    raise ImageIntegrationMissingError("No image integration found")
errors.ImageIntegrationMissingError: No image integration found
unit-test-np8k2xs9-0: 18:26:30 ERROR unit.test-np8k2xs9/0.juju-log image:0: Missing image in image integration.
Traceback (most recent call last):
  File "/var/lib/juju/agents/unit-test-np8k2xs9-0/charm/./src/charm.py", line 118, in func_with_catch_errors
    func(self, event)
  File "/var/lib/juju/agents/unit-test-np8k2xs9-0/charm/./src/charm.py", line 477, in _on_image_relation_changed
    self._check_image_ready()
  File "/var/lib/juju/agents/unit-test-np8k2xs9-0/charm/./src/charm.py", line 514, in _check_image_ready
    raise ImageNotFoundError("No image found in the image integration")
errors.ImageNotFoundError: No image found in the image integration

18:42:39 INFO Forgetting model main...