06:19:40 WARNING unexpected facade SSHServer received from the controller
06:19:40 INFO Adding model github-pr-71e3b-lxd:test-charm-fork-repo-5c9o on cloud localhost
06:19:40 WARNING unexpected facade SSHServer received from the controller
06:19:40 WARNING unexpected facade SSHSession received from the controller
06:19:40 WARNING unexpected facade SSHTunneler received from the controller
06:19:40 INFO Deploying fake image builder via any-charm for image ID 1ad6e456-fa35-47ef-988f-1e793a60f258
06:19:42 INFO Deploying ch:amd64/noble/any-charm-124
06:19:57 INFO Deploying local:jammy/github-runner-0
06:19:57 INFO Waiting for model:
  test-ge6i2cf0/0 [allocating] waiting: waiting for machine
  github-runner-image-builder-ge6i2cf0/0 [allocating] waiting: waiting for machine
06:20:27 INFO Waiting for model:
  test-ge6i2cf0/0 [allocating] waiting: waiting for machine
  github-runner-image-builder-ge6i2cf0/0 [executing] maintenance: installing charm software
06:20:57 INFO Waiting for model:
  test-ge6i2cf0/0 [allocating] waiting: waiting for machine
06:21:27 INFO Waiting for model:
  test-ge6i2cf0/0 [allocating] waiting: waiting for machine
06:21:57 INFO Waiting for model:
  test-ge6i2cf0/0 [executing] maintenance: installing charm software
06:22:27 INFO Waiting for model:
  test-ge6i2cf0/0 [executing] maintenance: installing charm software
06:22:58 INFO Waiting for model:
  test-ge6i2cf0/0 [idle] active: 
06:23:11 INFO GitHub token rate limit: Rate(reset=2025-12-24 06:32:52+00:00, remaining=4770, limit=5000)
06:24:01 INFO Waiting for model:
  test-ge6i2cf0/0 [idle] active: 
06:24:31 INFO Waiting for model:
  test-ge6i2cf0/0 [idle] active: 
06:24:34 INFO Current reconcile ID: 0fe861ef-33dc-4d94-83a4-17de7dfddf3c
06:24:34 INFO Waiting for reconcile ID: 0fe861ef-33dc-4d94-83a4-17de7dfddf3c
06:25:35 INFO Current reconcile ID: 0fe861ef-33dc-4d94-83a4-17de7dfddf3c
06:25:35 INFO Current reconcile ID: 0fe861ef-33dc-4d94-83a4-17de7dfddf3c, expected reconcile ID: 0fe861ef-33dc-4d94-83a4-17de7dfddf3c
06:25:35 INFO Waiting for reconcile ID: 0fe861ef-33dc-4d94-83a4-17de7dfddf3c
06:26:36 INFO Current reconcile ID: 10203c5a-a601-42ef-8bda-b8d934e861b2
06:26:36 INFO Current reconcile ID: 10203c5a-a601-42ef-8bda-b8d934e861b2, expected reconcile ID: 0fe861ef-33dc-4d94-83a4-17de7dfddf3c
06:26:39 INFO [TEST SETUP] Exposing port 8080 on test-ge6i2cf0-0-n-8e602af99203
06:26:39 WARNING dict_values([[{'version': 4, 'addr': '10.151.122.198', 'OS-EXT-IPS:type': 'fixed', 'OS-EXT-IPS-MAC:mac_addr': 'fa:16:3e:1e:04:b7'}]])
06:26:40 INFO ssh tunnel command ssh -fNT -R 8080:localhost:8080 -i /home/runner-manager/.ssh/test-ge6i2cf0-0-n-8e602af99203.key -o "StrictHostKeyChecking no" -o "ControlPersist yes" ubuntu@10.151.122.198 &
06:26:42 INFO ssh tunnel result 0 None Warning: Permanently added '10.151.122.198' (ED25519) to the list of known hosts.

06:26:43 INFO [TEST SETUP] Run command nc -z localhost 8080 on test-ge6i2cf0-0-n-8e602af99203
06:26:43 WARNING dict_values([[{'version': 4, 'addr': '10.151.122.198', 'OS-EXT-IPS:type': 'fixed', 'OS-EXT-IPS-MAC:mac_addr': 'fa:16:3e:1e:04:b7'}]])
06:26:44 WARNING ssh_cmd: su - ubuntu -c 'ssh -i /home/runner-manager/.ssh/test-ge6i2cf0-0-n-8e602af99203.key -o "StrictHostKeyChecking no" ubuntu@10.151.122.198 nc -z localhost 8080'
06:26:45 INFO Run command 'nc -z localhost 8080' in runner with result 0: 'None' 'Connection to localhost (127.0.0.1) 8080 port [tcp/http-alt] succeeded!
'
06:26:45 INFO [TEST SETUP] Run command curl http://localhost:8080 on test-ge6i2cf0-0-n-8e602af99203
06:26:45 WARNING dict_values([[{'version': 4, 'addr': '10.151.122.198', 'OS-EXT-IPS:type': 'fixed', 'OS-EXT-IPS-MAC:mac_addr': 'fa:16:3e:1e:04:b7'}]])
06:26:46 WARNING ssh_cmd: su - ubuntu -c 'ssh -i /home/runner-manager/.ssh/test-ge6i2cf0-0-n-8e602af99203.key -o "StrictHostKeyChecking no" ubuntu@10.151.122.198 curl http://localhost:8080'
06:26:47 INFO Run command 'curl http://localhost:8080' in runner with result 0: '<!doctype html>
<html lang=en>
<title>404 Not Found</title>
<h1>Not Found</h1>
<p>The requested URL was not found on the server. If you entered the URL manually please check your spelling and try again.</p>
' '  % Total    % Received % Xferd  Average Speed   Time    Time     Time  Current
                                 Dload  Upload   Total   Spent    Left  Speed
  0     0    0     0    0     0      0      0 --:--:-- --:--:-- --:--:--     0100   207  100   207    0     0  81049      0 --:--:-- --:--:-- --:--:--  101k
'
06:26:50 INFO Wait for condition not met, sleeping 10
06:27:01 INFO Wait for condition not met, sleeping 60
06:28:04 INFO Model status:

Model                      Controller           Cloud/Region         Version  SLA          Timestamp
test-charm-fork-repo-5c9o  github-pr-71e3b-lxd  localhost/localhost  3.6.12   unsupported  06:28:04Z

App                                   Version  Status  Scale  Charm          Channel      Rev  Exposed  Message
github-runner-image-builder-ge6i2cf0           active      1  any-charm      latest/beta  124  no       
test-ge6i2cf0                                  active      1  github-runner                 0  yes      

Unit                                     Workload  Agent  Machine  Public address  Ports     Message
github-runner-image-builder-ge6i2cf0/0*  active    idle   0        10.122.193.210            
test-ge6i2cf0/0*                         active    idle   1        10.122.193.238  8080/tcp  

Machine  State    Address         Inst id        Base          AZ             Message
0        started  10.122.193.210  juju-191a7e-0  ubuntu@24.04  github-runner  Running
1        started  10.122.193.238  juju-191a7e-1  ubuntu@22.04  github-runner  Running

06:28:04 INFO Juju error logs:

machine-0: 06:20:21 ERROR juju.worker.dependency "lxd-container-provisioner" manifold worker returned unexpected error: container types not yet available
machine-0: 06:20:21 ERROR juju.worker.dependency "kvm-container-provisioner" manifold worker returned unexpected error: container types not yet available
machine-1: 06:21:29 ERROR juju.worker.dependency "lxd-container-provisioner" manifold worker returned unexpected error: container types not yet available
machine-1: 06:21:29 ERROR juju.worker.dependency "kvm-container-provisioner" manifold worker returned unexpected error: container types not yet available
unit-test-ge6i2cf0-0: 06:22:32 ERROR unit.test-ge6i2cf0/0.juju-log Missing image integration.
Traceback (most recent call last):
  File "/var/lib/juju/agents/unit-test-ge6i2cf0-0/charm/./src/charm.py", line 119, in func_with_catch_errors
    func(self, event)
  File "/var/lib/juju/agents/unit-test-ge6i2cf0-0/charm/./src/charm.py", line 354, in _on_config_changed
    self._check_image_ready()
  File "/var/lib/juju/agents/unit-test-ge6i2cf0-0/charm/./src/charm.py", line 524, in _check_image_ready
    raise ImageIntegrationMissingError("No image integration found")
errors.ImageIntegrationMissingError: No image integration found
unit-test-ge6i2cf0-0: 06:22:33 ERROR unit.test-ge6i2cf0/0.juju-log Missing image integration.
Traceback (most recent call last):
  File "/var/lib/juju/agents/unit-test-ge6i2cf0-0/charm/./src/charm.py", line 119, in func_with_catch_errors
    func(self, event)
  File "/var/lib/juju/agents/unit-test-ge6i2cf0-0/charm/./src/charm.py", line 317, in _on_start
    self._check_image_ready()
  File "/var/lib/juju/agents/unit-test-ge6i2cf0-0/charm/./src/charm.py", line 524, in _check_image_ready
    raise ImageIntegrationMissingError("No image integration found")
errors.ImageIntegrationMissingError: No image integration found

06:28:04 INFO Forgetting model main...