06:26:20 WARNING unexpected facade SSHServer received from the controller
06:26:20 INFO Adding model github-pr-ef1fa-lxd:test-charm-fork-path-change-656w on cloud localhost
06:26:21 WARNING unexpected facade SSHServer received from the controller
06:26:21 WARNING unexpected facade SSHSession received from the controller
06:26:21 WARNING unexpected facade SSHTunneler received from the controller
06:26:22 INFO Deploying ch:amd64/jammy/github-runner-image-builder-129
06:26:33 INFO Deploying local:jammy/github-runner-0
06:26:33 INFO Waiting for model:
  test-y006569e/0 [allocating] waiting: waiting for machine
  github-runner-image-builder-y006569e/0 [allocating] waiting: waiting for machine
06:27:03 INFO Waiting for model:
  test-y006569e/0 [allocating] waiting: waiting for machine
  github-runner-image-builder-y006569e/0 [allocating] waiting: waiting for machine
06:27:34 INFO Waiting for model:
  test-y006569e/0 [allocating] waiting: agent initialising
  github-runner-image-builder-y006569e/0 [allocating] waiting: agent initialising
06:28:04 INFO Waiting for model:
  test-y006569e/0 [executing] maintenance: installing charm software
  github-runner-image-builder-y006569e/0 [executing] maintenance: Setting up Builder.
06:28:34 INFO Waiting for model:
  test-y006569e/0 [idle] blocked: Please provide image integration.
  github-runner-image-builder-y006569e/0 [executing] maintenance: Setting up Builder.
06:29:04 INFO Waiting for model:
  test-y006569e/0 [idle] blocked: Please provide image integration.
  github-runner-image-builder-y006569e/0 [executing] maintenance: Setting up Builder.
06:29:35 INFO Waiting for model:
  test-y006569e/0 [idle] blocked: Please provide image integration.
  github-runner-image-builder-y006569e/0 [executing] maintenance: Setting up Builder.
06:30:05 INFO Waiting for model:
  test-y006569e/0 [idle] blocked: Please provide image integration.
  github-runner-image-builder-y006569e/0 [executing] maintenance: Setting up Builder.
06:30:36 INFO Waiting for model:
  test-y006569e/0 [idle] waiting: Waiting for image over integration.
  github-runner-image-builder-y006569e/0 [executing] blocked: image integration required.
06:31:06 INFO Waiting for model:
  test-y006569e/0 [idle] waiting: Waiting for image over integration.
  github-runner-image-builder-y006569e/0 [executing] active: Building image.
06:31:36 INFO Waiting for model:
  test-y006569e/0 [idle] waiting: Waiting for image over integration.
  github-runner-image-builder-y006569e/0 [executing] active: Building image.
06:32:07 INFO Waiting for model:
  test-y006569e/0 [idle] waiting: Waiting for image over integration.
  github-runner-image-builder-y006569e/0 [executing] active: Building image.
06:32:37 INFO Waiting for model:
  test-y006569e/0 [idle] waiting: Waiting for image over integration.
  github-runner-image-builder-y006569e/0 [executing] active: Building image.
06:33:08 INFO Waiting for model:
  test-y006569e/0 [idle] waiting: Waiting for image over integration.
  github-runner-image-builder-y006569e/0 [executing] active: Building image.
06:33:38 INFO Waiting for model:
  test-y006569e/0 [idle] waiting: Waiting for image over integration.
  github-runner-image-builder-y006569e/0 [executing] active: Building image.
06:34:08 INFO Waiting for model:
  test-y006569e/0 [idle] waiting: Waiting for image over integration.
  github-runner-image-builder-y006569e/0 [executing] active: Building image.
06:34:39 INFO Waiting for model:
  test-y006569e/0 [idle] waiting: Waiting for image over integration.
  github-runner-image-builder-y006569e/0 [executing] active: Building image.
06:35:09 INFO Waiting for model:
  test-y006569e/0 [idle] waiting: Waiting for image over integration.
  github-runner-image-builder-y006569e/0 [executing] active: Building image.
06:35:40 INFO Waiting for model:
  test-y006569e/0 [idle] waiting: Waiting for image over integration.
  github-runner-image-builder-y006569e/0 [executing] active: Building image.
06:36:10 INFO Waiting for model:
  test-y006569e/0 [idle] waiting: Waiting for image over integration.
  github-runner-image-builder-y006569e/0 [executing] active: Building image.
06:36:40 INFO Waiting for model:
  test-y006569e/0 [idle] waiting: Waiting for image over integration.
  github-runner-image-builder-y006569e/0 [executing] active: Building image.
06:37:11 INFO Waiting for model:
  test-y006569e/0 [idle] waiting: Waiting for image over integration.
  github-runner-image-builder-y006569e/0 [executing] active: Building image.
06:37:41 INFO Waiting for model:
  test-y006569e/0 [idle] waiting: Waiting for image over integration.
  github-runner-image-builder-y006569e/0 [executing] active: Building image.
06:38:11 INFO Waiting for model:
  test-y006569e/0 [idle] waiting: Waiting for image over integration.
  github-runner-image-builder-y006569e/0 [executing] active: Building image.
06:38:42 INFO Waiting for model:
  test-y006569e/0 [idle] waiting: Waiting for image over integration.
  github-runner-image-builder-y006569e/0 [executing] active: Building image.
06:39:12 INFO Waiting for model:
  test-y006569e/0 [idle] waiting: Waiting for image over integration.
  github-runner-image-builder-y006569e/0 [executing] active: Building image.
06:39:43 INFO Waiting for model:
  test-y006569e/0 [idle] waiting: Waiting for image over integration.
  github-runner-image-builder-y006569e/0 [executing] active: Building image.
06:40:13 INFO Waiting for model:
  test-y006569e/0 [idle] waiting: Waiting for image over integration.
  github-runner-image-builder-y006569e/0 [executing] active: Building image.
06:40:43 INFO Waiting for model:
  test-y006569e/0 [idle] waiting: Waiting for image over integration.
  github-runner-image-builder-y006569e/0 [executing] active: Building image.
06:41:13 INFO Waiting for model:
  test-y006569e/0 [idle] waiting: Waiting for image over integration.
  github-runner-image-builder-y006569e/0 [executing] active: Building image.
06:41:44 INFO Waiting for model:
  test-y006569e/0 [idle] waiting: Waiting for image over integration.
  github-runner-image-builder-y006569e/0 [executing] active: Building image.
06:42:14 INFO Waiting for model:
  test-y006569e/0 [idle] waiting: Waiting for image over integration.
  github-runner-image-builder-y006569e/0 [executing] active: Building image.
06:42:45 INFO Waiting for model:
  test-y006569e/0 [idle] waiting: Waiting for image over integration.
  github-runner-image-builder-y006569e/0 [executing] active: Building image.
06:43:15 INFO Waiting for model:
  test-y006569e/0 [idle] waiting: Waiting for image over integration.
  github-runner-image-builder-y006569e/0 [executing] active: Building image.
06:43:46 INFO Waiting for model:
  test-y006569e/0 [idle] active: 
06:43:53 INFO GitHub token rate limit: Rate(reset=2025-11-17 07:04:15+00:00, remaining=4803, limit=5000)
06:44:04 INFO test_path_config_change
06:44:04 INFO Waiting for model:
  test-y006569e/0 [idle] active: 
06:44:34 INFO Waiting for model:
  test-y006569e/0 [idle] active: 
06:44:55 INFO Ensure there is a runner (this calls reconcile)
06:44:55 INFO Waiting for model:
  test-y006569e/0 [idle] active: 
06:45:25 INFO Waiting for model:
  test-y006569e/0 [idle] active: 
06:45:28 INFO Current reconcile ID: d757bb23-e7db-4fd8-877a-895f91c8a2a2
06:45:28 INFO Waiting for reconcile ID: d757bb23-e7db-4fd8-877a-895f91c8a2a2
06:46:29 INFO Current reconcile ID: d757bb23-e7db-4fd8-877a-895f91c8a2a2
06:46:29 INFO Current reconcile ID: d757bb23-e7db-4fd8-877a-895f91c8a2a2, expected reconcile ID: d757bb23-e7db-4fd8-877a-895f91c8a2a2
06:46:29 INFO Waiting for reconcile ID: d757bb23-e7db-4fd8-877a-895f91c8a2a2
06:47:30 INFO Current reconcile ID: 259c8e10-b7cb-4ed7-81f0-77247a74508a
06:47:30 INFO Current reconcile ID: 259c8e10-b7cb-4ed7-81f0-77247a74508a, expected reconcile ID: d757bb23-e7db-4fd8-877a-895f91c8a2a2
06:47:33 INFO Reconciling (again)
06:47:33 INFO Waiting for model:
  test-y006569e/0 [idle] active: 
06:48:03 INFO Waiting for model:
  test-y006569e/0 [idle] active: 
06:48:11 INFO Current reconcile ID: 4b357955-74d0-45df-aa59-b5821556bef4
06:48:11 INFO Waiting for reconcile ID: 4b357955-74d0-45df-aa59-b5821556bef4
06:49:12 INFO Current reconcile ID: 4b357955-74d0-45df-aa59-b5821556bef4
06:49:12 INFO Current reconcile ID: 4b357955-74d0-45df-aa59-b5821556bef4, expected reconcile ID: 4b357955-74d0-45df-aa59-b5821556bef4
06:49:12 INFO Waiting for reconcile ID: 4b357955-74d0-45df-aa59-b5821556bef4
06:50:13 INFO Current reconcile ID: 75d358e2-34ad-4c79-9560-0b0100969d58
06:50:13 INFO Current reconcile ID: 75d358e2-34ad-4c79-9560-0b0100969d58, expected reconcile ID: 4b357955-74d0-45df-aa59-b5821556bef4
06:51:56 INFO runners: ['test-y006569e-0-n-7fa97e97f18e']
06:51:56 INFO runners in github repo: [SelfHostedActionsRunner(name="amd-noble-stg-private-endpoint-ps7-1-n-412644d93feb"), SelfHostedActionsRunner(name="os-amd-noble-staging-ps6-3-n-18a36eebdea4"), SelfHostedActionsRunner(name="os-amd-noble-staging-ps6-3-n-1e2c38008623"), SelfHostedActionsRunner(name="os-amd-noble-staging-ps6-3-n-45c931e58f12"), SelfHostedActionsRunner(name="os-amd-noble-staging-ps6-3-n-6823f4051eaa"), SelfHostedActionsRunner(name="os-amd-noble-staging-ps7-1-n-0eb5a17e13b4"), SelfHostedActionsRunner(name="test-bb64jsk3-0-n-4861bb08fed2"), SelfHostedActionsRunner(name="test-bf1l27oe-0-n-e92c7661b9b6"), SelfHostedActionsRunner(name="test-boon4x8x-0-n-7cc0a86caee6"), SelfHostedActionsRunner(name="test-c91lzeqo-0-n-51c6739ef305"), SelfHostedActionsRunner(name="test-iw6jfh4q-0-n-af1e9dada671"), SelfHostedActionsRunner(name="test-mqe6t7pu-0-n-9292a93c04b4"), SelfHostedActionsRunner(name="test-p4pb91cc-0-n-2098f8e12e47"), SelfHostedActionsRunner(name="test-rdrbo2mw-0-n-5c8325a71aef"), SelfHostedActionsRunner(name="test-rxhx9ktk-0-n-20afbb66b678"), SelfHostedActionsRunner(name="test-se8f0oob-0-n-ec4ef728de14"), SelfHostedActionsRunner(name="test-uljhw8st-0-n-fc905ef6be36"), SelfHostedActionsRunner(name="test-wqqnwk6r-0-n-8eeb146c6513"), SelfHostedActionsRunner(name="test-wx5ex07e-0-n-147f77b3c125"), SelfHostedActionsRunner(name="test-y006569e-0-n-7fa97e97f18e")]
06:51:59 INFO Model status:

Model                             Controller           Cloud/Region         Version  SLA          Timestamp
test-charm-fork-path-change-656w  github-pr-ef1fa-lxd  localhost/localhost  3.6.11   unsupported  06:51:59Z

App                                   Version  Status  Scale  Charm                        Channel      Rev  Exposed  Message
github-runner-image-builder-y006569e           active      1  github-runner-image-builder  latest/edge  129  no       
test-y006569e                                  active      1  github-runner                               0  no       

Unit                                     Workload  Agent  Machine  Public address  Ports  Message
github-runner-image-builder-y006569e/0*  active    idle   0        10.200.143.45          
test-y006569e/0*                         active    idle   1        10.200.143.57          

Machine  State    Address        Inst id        Base          AZ             Message
0        started  10.200.143.45  juju-cefec9-0  ubuntu@22.04  github-runner  Running
1        started  10.200.143.57  juju-cefec9-1  ubuntu@22.04  github-runner  Running

06:51:59 INFO Juju error logs:

machine-0: 06:27:28 ERROR juju.worker.dependency "lxd-container-provisioner" manifold worker returned unexpected error: container types not yet available
machine-0: 06:27:28 ERROR juju.worker.dependency "kvm-container-provisioner" manifold worker returned unexpected error: container types not yet available
machine-1: 06:27:31 ERROR juju.worker.dependency "lxd-container-provisioner" manifold worker returned unexpected error: container types not yet available
machine-1: 06:27:31 ERROR juju.worker.dependency "kvm-container-provisioner" manifold worker returned unexpected error: container types not yet available
unit-github-runner-image-builder-y006569e-0: 06:28:04 ERROR unit.github-runner-image-builder-y006569e/0.juju-log Pipx command failed, code: 1, out: None, err: None
unit-test-y006569e-0: 06:28:23 ERROR unit.test-y006569e/0.juju-log Missing image integration.
Traceback (most recent call last):
  File "/var/lib/juju/agents/unit-test-y006569e-0/charm/./src/charm.py", line 118, in func_with_catch_errors
    func(self, event)
  File "/var/lib/juju/agents/unit-test-y006569e-0/charm/./src/charm.py", line 342, in _on_config_changed
    self._check_image_ready()
  File "/var/lib/juju/agents/unit-test-y006569e-0/charm/./src/charm.py", line 512, in _check_image_ready
    raise ImageIntegrationMissingError("No image integration found")
errors.ImageIntegrationMissingError: No image integration found
unit-test-y006569e-0: 06:28:24 ERROR unit.test-y006569e/0.juju-log Missing image integration.
Traceback (most recent call last):
  File "/var/lib/juju/agents/unit-test-y006569e-0/charm/./src/charm.py", line 118, in func_with_catch_errors
    func(self, event)
  File "/var/lib/juju/agents/unit-test-y006569e-0/charm/./src/charm.py", line 313, in _on_start
    self._check_image_ready()
  File "/var/lib/juju/agents/unit-test-y006569e-0/charm/./src/charm.py", line 512, in _check_image_ready
    raise ImageIntegrationMissingError("No image integration found")
errors.ImageIntegrationMissingError: No image integration found
unit-test-y006569e-0: 06:30:31 ERROR unit.test-y006569e/0.juju-log image:0: Missing image in image integration.
Traceback (most recent call last):
  File "/var/lib/juju/agents/unit-test-y006569e-0/charm/./src/charm.py", line 118, in func_with_catch_errors
    func(self, event)
  File "/var/lib/juju/agents/unit-test-y006569e-0/charm/./src/charm.py", line 477, in _on_image_relation_changed
    self._check_image_ready()
  File "/var/lib/juju/agents/unit-test-y006569e-0/charm/./src/charm.py", line 514, in _check_image_ready
    raise ImageNotFoundError("No image found in the image integration")
errors.ImageNotFoundError: No image found in the image integration

06:51:59 INFO Forgetting model main...