07:02:53 INFO Waiting for model:
  test-rxhx9ktk/0 [idle] active: 
07:03:24 INFO Waiting for model:
  test-rxhx9ktk/0 [idle] active: 
07:03:26 INFO Current reconcile ID: 9d0406d4-14ea-4bb5-ba99-0c4102baae81
07:03:26 INFO Waiting for reconcile ID: 9d0406d4-14ea-4bb5-ba99-0c4102baae81
07:04:27 INFO Current reconcile ID: 9d0406d4-14ea-4bb5-ba99-0c4102baae81
07:04:27 INFO Current reconcile ID: 9d0406d4-14ea-4bb5-ba99-0c4102baae81, expected reconcile ID: 9d0406d4-14ea-4bb5-ba99-0c4102baae81
07:04:27 INFO Waiting for reconcile ID: 9d0406d4-14ea-4bb5-ba99-0c4102baae81
07:05:28 INFO Current reconcile ID: 4eaa9d27-52bb-4ec1-9800-09cced683529
07:05:28 INFO Current reconcile ID: 4eaa9d27-52bb-4ec1-9800-09cced683529, expected reconcile ID: 9d0406d4-14ea-4bb5-ba99-0c4102baae81
07:05:32 INFO [TEST SETUP] Exposing port 8080 on test-rxhx9ktk-0-n-7824d4cc527b
07:05:32 WARNING dict_values([[{'version': 4, 'addr': '10.151.122.121', 'OS-EXT-IPS:type': 'fixed', 'OS-EXT-IPS-MAC:mac_addr': 'fa:16:3e:25:e9:a7'}]])
07:05:33 INFO ssh tunnel command ssh -fNT -R 8080:localhost:8080 -i /home/runner-manager/.ssh/test-rxhx9ktk-0-n-7824d4cc527b.key -o "StrictHostKeyChecking no" -o "ControlPersist yes" ubuntu@10.151.122.121 &
07:05:34 INFO ssh tunnel result 0 None Warning: Permanently added '10.151.122.121' (ED25519) to the list of known hosts.

07:05:35 INFO [TEST SETUP] Run command nc -z localhost 8080 on test-rxhx9ktk-0-n-7824d4cc527b
07:05:35 WARNING dict_values([[{'version': 4, 'addr': '10.151.122.121', 'OS-EXT-IPS:type': 'fixed', 'OS-EXT-IPS-MAC:mac_addr': 'fa:16:3e:25:e9:a7'}]])
07:05:36 WARNING ssh_cmd: su - ubuntu -c 'ssh -i /home/runner-manager/.ssh/test-rxhx9ktk-0-n-7824d4cc527b.key -o "StrictHostKeyChecking no" ubuntu@10.151.122.121 nc -z localhost 8080'
07:05:37 INFO Run command 'nc -z localhost 8080' in runner with result 0: 'None' 'Connection to localhost (127.0.0.1) 8080 port [tcp/http-alt] succeeded!
'
07:05:38 INFO [TEST SETUP] Run command curl http://localhost:8080 on test-rxhx9ktk-0-n-7824d4cc527b
07:05:38 WARNING dict_values([[{'version': 4, 'addr': '10.151.122.121', 'OS-EXT-IPS:type': 'fixed', 'OS-EXT-IPS-MAC:mac_addr': 'fa:16:3e:25:e9:a7'}]])
07:05:39 WARNING ssh_cmd: su - ubuntu -c 'ssh -i /home/runner-manager/.ssh/test-rxhx9ktk-0-n-7824d4cc527b.key -o "StrictHostKeyChecking no" ubuntu@10.151.122.121 curl http://localhost:8080'
07:05:40 INFO Run command 'curl http://localhost:8080' in runner with result 0: '<!doctype html>
<html lang=en>
<title>404 Not Found</title>
<h1>Not Found</h1>
<p>The requested URL was not found on the server. If you entered the URL manually please check your spelling and try again.</p>
' '  % Total    % Received % Xferd  Average Speed   Time    Time     Time  Current
                                 Dload  Upload   Total   Spent    Left  Speed
  0     0    0     0    0     0      0      0 --:--:-- --:--:-- --:--:--     0100   207  100   207    0     0    99k      0 --:--:-- --:--:-- --:--:--  202k
'
07:05:41 INFO Wait for condition not met, sleeping 10
07:05:52 INFO Waiting for model:
  test-rxhx9ktk/0 [idle] active: 
07:06:22 INFO Waiting for model:
  test-rxhx9ktk/0 [idle] active: 
07:06:25 INFO Current reconcile ID: e0a07cbf-ed90-4fb8-8db7-bb407f3f4aa1
07:06:25 INFO Waiting for reconcile ID: e0a07cbf-ed90-4fb8-8db7-bb407f3f4aa1
07:07:26 INFO Current reconcile ID: e0a07cbf-ed90-4fb8-8db7-bb407f3f4aa1
07:07:26 INFO Current reconcile ID: e0a07cbf-ed90-4fb8-8db7-bb407f3f4aa1, expected reconcile ID: e0a07cbf-ed90-4fb8-8db7-bb407f3f4aa1
07:07:26 INFO Waiting for reconcile ID: e0a07cbf-ed90-4fb8-8db7-bb407f3f4aa1
07:08:27 INFO Current reconcile ID: cb074017-9f71-4cb4-bca0-9c505b0fe28d
07:08:27 INFO Current reconcile ID: cb074017-9f71-4cb4-bca0-9c505b0fe28d, expected reconcile ID: e0a07cbf-ed90-4fb8-8db7-bb407f3f4aa1
07:08:29 INFO Model status:

Model                   Controller           Cloud/Region         Version  SLA          Timestamp
test-charm-runner-f8o0  github-pr-ef1fa-lxd  localhost/localhost  3.6.11   unsupported  07:08:29Z

App                                   Version  Status  Scale  Charm                        Channel      Rev  Exposed  Message
github-runner-image-builder-rxhx9ktk           active      1  github-runner-image-builder  latest/edge  129  no       
test-rxhx9ktk                                  active      1  github-runner                               0  yes      

Unit                                     Workload  Agent  Machine  Public address  Ports     Message
github-runner-image-builder-rxhx9ktk/0*  active    idle   0        10.92.252.96              
test-rxhx9ktk/0*                         active    idle   1        10.92.252.30    8080/tcp  

Machine  State    Address       Inst id        Base          AZ             Message
0        started  10.92.252.96  juju-a682b3-0  ubuntu@22.04  github-runner  Running
1        started  10.92.252.30  juju-a682b3-1  ubuntu@22.04  github-runner  Running

07:08:30 INFO Juju error logs:

machine-1: 06:27:34 ERROR juju.worker.dependency "lxd-container-provisioner" manifold worker returned unexpected error: container types not yet available
machine-1: 06:27:34 ERROR juju.worker.dependency "kvm-container-provisioner" manifold worker returned unexpected error: container types not yet available
machine-0: 06:27:35 ERROR juju.worker.dependency "lxd-container-provisioner" manifold worker returned unexpected error: container types not yet available
machine-0: 06:27:35 ERROR juju.worker.dependency "kvm-container-provisioner" manifold worker returned unexpected error: container types not yet available
unit-github-runner-image-builder-rxhx9ktk-0: 06:28:15 ERROR unit.github-runner-image-builder-rxhx9ktk/0.juju-log Pipx command failed, code: 1, out: None, err: None
unit-test-rxhx9ktk-0: 06:28:26 ERROR unit.test-rxhx9ktk/0.juju-log Missing image integration.
Traceback (most recent call last):
  File "/var/lib/juju/agents/unit-test-rxhx9ktk-0/charm/./src/charm.py", line 118, in func_with_catch_errors
    func(self, event)
  File "/var/lib/juju/agents/unit-test-rxhx9ktk-0/charm/./src/charm.py", line 342, in _on_config_changed
    self._check_image_ready()
  File "/var/lib/juju/agents/unit-test-rxhx9ktk-0/charm/./src/charm.py", line 512, in _check_image_ready
    raise ImageIntegrationMissingError("No image integration found")
errors.ImageIntegrationMissingError: No image integration found
unit-test-rxhx9ktk-0: 06:28:27 ERROR unit.test-rxhx9ktk/0.juju-log Missing image integration.
Traceback (most recent call last):
  File "/var/lib/juju/agents/unit-test-rxhx9ktk-0/charm/./src/charm.py", line 118, in func_with_catch_errors
    func(self, event)
  File "/var/lib/juju/agents/unit-test-rxhx9ktk-0/charm/./src/charm.py", line 313, in _on_start
    self._check_image_ready()
  File "/var/lib/juju/agents/unit-test-rxhx9ktk-0/charm/./src/charm.py", line 512, in _check_image_ready
    raise ImageIntegrationMissingError("No image integration found")
errors.ImageIntegrationMissingError: No image integration found
unit-test-rxhx9ktk-0: 06:29:43 ERROR unit.test-rxhx9ktk/0.juju-log image:0: Missing image in image integration.
Traceback (most recent call last):
  File "/var/lib/juju/agents/unit-test-rxhx9ktk-0/charm/./src/charm.py", line 118, in func_with_catch_errors
    func(self, event)
  File "/var/lib/juju/agents/unit-test-rxhx9ktk-0/charm/./src/charm.py", line 477, in _on_image_relation_changed
    self._check_image_ready()
  File "/var/lib/juju/agents/unit-test-rxhx9ktk-0/charm/./src/charm.py", line 514, in _check_image_ready
    raise ImageNotFoundError("No image found in the image integration")
errors.ImageNotFoundError: No image found in the image integration

07:08:30 INFO Forgetting model main...