06:26:47 WARNING unexpected facade SSHServer received from the controller
06:26:47 INFO Adding model github-pr-ef1fa-lxd:test-charm-upgrade-r8m3 on cloud localhost
06:26:48 WARNING unexpected facade SSHServer received from the controller
06:26:48 WARNING unexpected facade SSHSession received from the controller
06:26:48 WARNING unexpected facade SSHTunneler received from the controller
06:26:49 INFO Deploying ch:amd64/jammy/github-runner-image-builder-129
06:27:10 INFO Deploying local:jammy/github-runner-0
06:27:11 INFO Waiting for model:
  test-boon4x8x/0 [allocating] waiting: waiting for machine
  github-runner-image-builder-boon4x8x/0 [allocating] waiting: waiting for machine
06:27:41 INFO Waiting for model:
  test-boon4x8x/0 [allocating] waiting: waiting for machine
  github-runner-image-builder-boon4x8x/0 [allocating] waiting: waiting for machine
06:28:11 INFO Waiting for model:
  test-boon4x8x/0 [allocating] waiting: agent initialising
  github-runner-image-builder-boon4x8x/0 [executing] maintenance: Setting up Builder.
06:28:41 INFO Waiting for model:
  test-boon4x8x/0 [executing] maintenance: installing charm software
  github-runner-image-builder-boon4x8x/0 [executing] maintenance: Setting up Builder.
06:29:11 INFO Waiting for model:
  test-boon4x8x/0 [idle] blocked: Please provide image integration.
  github-runner-image-builder-boon4x8x/0 [executing] maintenance: Setting up Builder.
06:29:41 INFO Waiting for model:
  test-boon4x8x/0 [idle] blocked: Please provide image integration.
  github-runner-image-builder-boon4x8x/0 [executing] maintenance: Setting up Builder.
06:30:11 INFO Waiting for model:
  test-boon4x8x/0 [idle] waiting: Waiting for image over integration.
  github-runner-image-builder-boon4x8x/0 [executing] active: Building image.
06:30:41 INFO Waiting for model:
  test-boon4x8x/0 [idle] waiting: Waiting for image over integration.
  github-runner-image-builder-boon4x8x/0 [executing] active: Building image.
06:31:11 INFO Waiting for model:
  test-boon4x8x/0 [idle] waiting: Waiting for image over integration.
  github-runner-image-builder-boon4x8x/0 [executing] active: Building image.
06:31:41 INFO Waiting for model:
  test-boon4x8x/0 [idle] waiting: Waiting for image over integration.
  github-runner-image-builder-boon4x8x/0 [executing] active: Building image.
06:32:11 INFO Waiting for model:
  test-boon4x8x/0 [idle] waiting: Waiting for image over integration.
  github-runner-image-builder-boon4x8x/0 [executing] active: Building image.
06:32:41 INFO Waiting for model:
  test-boon4x8x/0 [idle] waiting: Waiting for image over integration.
  github-runner-image-builder-boon4x8x/0 [executing] active: Building image.
06:33:11 INFO Waiting for model:
  test-boon4x8x/0 [idle] waiting: Waiting for image over integration.
  github-runner-image-builder-boon4x8x/0 [executing] active: Building image.
06:33:41 INFO Waiting for model:
  test-boon4x8x/0 [idle] waiting: Waiting for image over integration.
  github-runner-image-builder-boon4x8x/0 [executing] active: Building image.
06:34:11 INFO Waiting for model:
  test-boon4x8x/0 [idle] waiting: Waiting for image over integration.
  github-runner-image-builder-boon4x8x/0 [executing] active: Building image.
06:34:41 INFO Waiting for model:
  test-boon4x8x/0 [idle] waiting: Waiting for image over integration.
  github-runner-image-builder-boon4x8x/0 [executing] active: Building image.
06:35:11 INFO Waiting for model:
  test-boon4x8x/0 [idle] waiting: Waiting for image over integration.
  github-runner-image-builder-boon4x8x/0 [executing] active: Building image.
06:35:41 INFO Waiting for model:
  test-boon4x8x/0 [idle] waiting: Waiting for image over integration.
  github-runner-image-builder-boon4x8x/0 [executing] active: Building image.
06:36:11 INFO Waiting for model:
  test-boon4x8x/0 [idle] waiting: Waiting for image over integration.
  github-runner-image-builder-boon4x8x/0 [executing] active: Building image.
06:36:41 INFO Waiting for model:
  test-boon4x8x/0 [idle] waiting: Waiting for image over integration.
  github-runner-image-builder-boon4x8x/0 [executing] active: Building image.
06:37:11 INFO Waiting for model:
  test-boon4x8x/0 [idle] waiting: Waiting for image over integration.
  github-runner-image-builder-boon4x8x/0 [executing] active: Building image.
06:37:41 INFO Waiting for model:
  test-boon4x8x/0 [idle] waiting: Waiting for image over integration.
  github-runner-image-builder-boon4x8x/0 [executing] active: Building image.
06:38:11 INFO Waiting for model:
  test-boon4x8x/0 [idle] waiting: Waiting for image over integration.
  github-runner-image-builder-boon4x8x/0 [executing] active: Building image.
06:38:41 INFO Waiting for model:
  test-boon4x8x/0 [idle] waiting: Waiting for image over integration.
  github-runner-image-builder-boon4x8x/0 [executing] active: Building image.
06:39:11 INFO Waiting for model:
  test-boon4x8x/0 [idle] waiting: Waiting for image over integration.
  github-runner-image-builder-boon4x8x/0 [executing] active: Building image.
06:39:41 INFO Waiting for model:
  test-boon4x8x/0 [idle] waiting: Waiting for image over integration.
  github-runner-image-builder-boon4x8x/0 [executing] active: Building image.
06:40:11 INFO Waiting for model:
  test-boon4x8x/0 [idle] waiting: Waiting for image over integration.
  github-runner-image-builder-boon4x8x/0 [executing] active: Building image.
06:40:41 INFO Waiting for model:
  test-boon4x8x/0 [idle] waiting: Waiting for image over integration.
  github-runner-image-builder-boon4x8x/0 [executing] active: Building image.
06:41:12 INFO Waiting for model:
  test-boon4x8x/0 [idle] waiting: Waiting for image over integration.
  github-runner-image-builder-boon4x8x/0 [executing] active: Building image.
06:41:42 INFO Waiting for model:
  test-boon4x8x/0 [idle] waiting: Waiting for image over integration.
  github-runner-image-builder-boon4x8x/0 [executing] active: Building image.
06:42:12 INFO Waiting for model:
  test-boon4x8x/0 [idle] waiting: Waiting for image over integration.
  github-runner-image-builder-boon4x8x/0 [executing] active: Building image.
06:42:42 INFO Waiting for model:
  test-boon4x8x/0 [executing] maintenance: Update image for runners
  github-runner-image-builder-boon4x8x/0 [idle] active: 
06:43:12 INFO Waiting for model:
  test-boon4x8x/0 [idle] active: 
06:44:56 INFO Waiting for model:
  test-boon4x8x/0 [idle] active:
06:45:29 INFO Model status:

Model                    Controller           Cloud/Region         Version  SLA          Timestamp
test-charm-upgrade-r8m3  github-pr-ef1fa-lxd  localhost/localhost  3.6.11   unsupported  06:45:29Z

App                                   Version  Status  Scale  Charm                        Channel      Rev  Exposed  Message
github-runner-image-builder-boon4x8x           active      1  github-runner-image-builder  latest/edge  129  no       
test-boon4x8x                                  active      1  github-runner                               1  no       

Unit                                     Workload  Agent  Machine  Public address  Ports  Message
github-runner-image-builder-boon4x8x/0*  active    idle   0        10.171.40.233          
test-boon4x8x/0*                         active    idle   1        10.171.40.166          

Machine  State    Address        Inst id        Base          AZ             Message
0        started  10.171.40.233  juju-569aa4-0  ubuntu@22.04  github-runner  Running
1        started  10.171.40.166  juju-569aa4-1  ubuntu@22.04  github-runner  Running

06:45:29 INFO Juju error logs:

machine-0: 06:27:49 ERROR juju.worker.dependency "lxd-container-provisioner" manifold worker returned unexpected error: container types not yet available
machine-0: 06:27:49 ERROR juju.worker.dependency "kvm-container-provisioner" manifold worker returned unexpected error: container types not yet available
machine-1: 06:28:01 ERROR juju.worker.dependency "kvm-container-provisioner" manifold worker returned unexpected error: container types not yet available
machine-1: 06:28:01 ERROR juju.worker.dependency "lxd-container-provisioner" manifold worker returned unexpected error: container types not yet available
unit-github-runner-image-builder-boon4x8x-0: 06:28:25 ERROR unit.github-runner-image-builder-boon4x8x/0.juju-log Pipx command failed, code: 1, out: None, err: None
unit-test-boon4x8x-0: 06:28:50 ERROR unit.test-boon4x8x/0.juju-log Missing image integration.
Traceback (most recent call last):
  File "/var/lib/juju/agents/unit-test-boon4x8x-0/charm/./src/charm.py", line 118, in func_with_catch_errors
    func(self, event)
  File "/var/lib/juju/agents/unit-test-boon4x8x-0/charm/./src/charm.py", line 342, in _on_config_changed
    self._check_image_ready()
  File "/var/lib/juju/agents/unit-test-boon4x8x-0/charm/./src/charm.py", line 512, in _check_image_ready
    raise ImageIntegrationMissingError("No image integration found")
errors.ImageIntegrationMissingError: No image integration found
unit-test-boon4x8x-0: 06:28:51 ERROR unit.test-boon4x8x/0.juju-log Missing image integration.
Traceback (most recent call last):
  File "/var/lib/juju/agents/unit-test-boon4x8x-0/charm/./src/charm.py", line 118, in func_with_catch_errors
    func(self, event)
  File "/var/lib/juju/agents/unit-test-boon4x8x-0/charm/./src/charm.py", line 313, in _on_start
    self._check_image_ready()
  File "/var/lib/juju/agents/unit-test-boon4x8x-0/charm/./src/charm.py", line 512, in _check_image_ready
    raise ImageIntegrationMissingError("No image integration found")
errors.ImageIntegrationMissingError: No image integration found
unit-test-boon4x8x-0: 06:30:01 ERROR unit.test-boon4x8x/0.juju-log image:0: Missing image in image integration.
Traceback (most recent call last):
  File "/var/lib/juju/agents/unit-test-boon4x8x-0/charm/./src/charm.py", line 118, in func_with_catch_errors
    func(self, event)
  File "/var/lib/juju/agents/unit-test-boon4x8x-0/charm/./src/charm.py", line 477, in _on_image_relation_changed
    self._check_image_ready()
  File "/var/lib/juju/agents/unit-test-boon4x8x-0/charm/./src/charm.py", line 514, in _check_image_ready
    raise ImageNotFoundError("No image found in the image integration")
errors.ImageNotFoundError: No image found in the image integration

06:45:29 INFO Forgetting model main...