18:48:37 INFO Waiting for model:
  test-ap3uetxd/0 [idle] active: 
18:48:53 INFO Current reconcile ID: defe4841-abb9-4e4f-8e4d-e0ffed0be72f
18:49:54 INFO Current reconcile ID: defe4841-abb9-4e4f-8e4d-e0ffed0be72f
18:50:55 INFO Current reconcile ID: cc85bb06-230f-43a2-93a8-92f5691c6dc1
18:50:57 INFO Model status:

Model                      Controller           Cloud/Region         Version  SLA          Timestamp
test-charm-no-runner-73fe  github-pr-54d54-lxd  localhost/localhost  3.6.8    unsupported  18:50:57Z

App                                   Version  Status  Scale  Charm                        Channel      Rev  Exposed  Message
github-runner-image-builder-ap3uetxd           active      1  github-runner-image-builder  latest/edge  100  no       
test-ap3uetxd                                  active      1  github-runner                               0  no       

Unit                                     Workload  Agent  Machine  Public address  Ports  Message
github-runner-image-builder-ap3uetxd/0*  active    idle   0        10.74.163.207          
test-ap3uetxd/0*                         active    idle   1        10.74.163.79           

Machine  State    Address        Inst id        Base          AZ  Message
0        started  10.74.163.207  juju-8a65db-0  ubuntu@22.04      Running
1        started  10.74.163.79   juju-8a65db-1  ubuntu@22.04      Running

18:50:57 INFO Juju error logs:

machine-0: 18:25:29 ERROR juju.worker.dependency "lxd-container-provisioner" manifold worker returned unexpected error: container types not yet available
machine-0: 18:25:29 ERROR juju.worker.dependency "kvm-container-provisioner" manifold worker returned unexpected error: container types not yet available
unit-github-runner-image-builder-ap3uetxd-0: 18:25:29 ERROR juju.worker.meterstatus error running "meter-status-changed": charm missing from disk
machine-1: 18:25:36 ERROR juju.worker.dependency "lxd-container-provisioner" manifold worker returned unexpected error: container types not yet available
machine-1: 18:25:36 ERROR juju.worker.dependency "kvm-container-provisioner" manifold worker returned unexpected error: container types not yet available
unit-test-ap3uetxd-0: 18:25:36 ERROR juju.worker.meterstatus error running "meter-status-changed": charm missing from disk
unit-github-runner-image-builder-ap3uetxd-0: 18:26:12 ERROR unit.github-runner-image-builder-ap3uetxd/0.juju-log Pipx command failed, code: 1, out: None, err: None
unit-test-ap3uetxd-0: 18:26:48 ERROR unit.test-ap3uetxd/0.juju-log Missing image integration.
Traceback (most recent call last):
  File "/var/lib/juju/agents/unit-test-ap3uetxd-0/charm/./src/charm.py", line 118, in func_with_catch_errors
    func(self, event)
  File "/var/lib/juju/agents/unit-test-ap3uetxd-0/charm/./src/charm.py", line 342, in _on_config_changed
    self._check_image_ready()
  File "/var/lib/juju/agents/unit-test-ap3uetxd-0/charm/./src/charm.py", line 512, in _check_image_ready
    raise ImageIntegrationMissingError("No image integration found")
errors.ImageIntegrationMissingError: No image integration found
unit-test-ap3uetxd-0: 18:26:51 ERROR unit.test-ap3uetxd/0.juju-log Missing image integration.
Traceback (most recent call last):
  File "/var/lib/juju/agents/unit-test-ap3uetxd-0/charm/./src/charm.py", line 118, in func_with_catch_errors
    func(self, event)
  File "/var/lib/juju/agents/unit-test-ap3uetxd-0/charm/./src/charm.py", line 313, in _on_start
    self._check_image_ready()
  File "/var/lib/juju/agents/unit-test-ap3uetxd-0/charm/./src/charm.py", line 512, in _check_image_ready
    raise ImageIntegrationMissingError("No image integration found")
errors.ImageIntegrationMissingError: No image integration found
unit-test-ap3uetxd-0: 18:28:06 ERROR unit.test-ap3uetxd/0.juju-log image:0: Missing image in image integration.
Traceback (most recent call last):
  File "/var/lib/juju/agents/unit-test-ap3uetxd-0/charm/./src/charm.py", line 118, in func_with_catch_errors
    func(self, event)
  File "/var/lib/juju/agents/unit-test-ap3uetxd-0/charm/./src/charm.py", line 477, in _on_image_relation_changed
    self._check_image_ready()
  File "/var/lib/juju/agents/unit-test-ap3uetxd-0/charm/./src/charm.py", line 514, in _check_image_ready
    raise ImageNotFoundError("No image found in the image integration")
errors.ImageNotFoundError: No image found in the image integration

18:50:57 INFO Forgetting model main...