INFO     root:conftest.py:589 GitHub token rate limit: Rate(reset=2024-12-24 06:48:38+00:00, remaining=3487, limit=5000)
INFO     root:charm_metrics.py:127 Loop device None not found
INFO     juju.model:__init__.py:3254 Waiting for model:
  test-vwr2dmi6/0 [executing] active: 
INFO     juju.model:__init__.py:3254 Waiting for model:
  test-vwr2dmi6/0 [executing] maintenance: Reconciling runners
INFO     juju.model:__init__.py:3254 Waiting for model:
  test-vwr2dmi6/0 [executing] maintenance: Reconciling runners
INFO     juju.model:__init__.py:3254 Waiting for model:
  test-vwr2dmi6/0 [executing] maintenance: Reconciling runners
INFO     juju.model:__init__.py:3254 Waiting for model:
  test-vwr2dmi6/0 [executing] maintenance: Reconciling runners
INFO     juju.model:__init__.py:3254 Waiting for model:
  test-vwr2dmi6/0 [executing] maintenance: Reconciling runners
INFO     tests.integration.helpers.common:common.py:525 Wait for condition not met, sleeping 10
INFO     tests.integration.helpers.common:common.py:525 Wait for condition not met, sleeping 60
INFO     juju.model:__init__.py:3254 Waiting for model:
  test-vwr2dmi6/0 [executing] active: 
INFO     juju.model:__init__.py:3254 Waiting for model:
  test-vwr2dmi6/0 [idle] active: 
INFO     root:common.py:609 File content of /var/log/github-runner-metrics.log: {"timestamp": 1735022962.0, "event": "runner_installed", "flavor": "test-vwr2dmi6", "duration": 120.58928036689758}
{"timestamp": 1735023018.0, "event": "runner_start", "flavor": "test-vwr2dmi6", "workflow": "Workflow Dispatch Tests", "repo": "canonical/github-runner-operator", "github_event": "workflow_dispatch", "idle": 56.0, "queue_duration": 7.0}
{"timestamp": 1735023026.0, "event": "runner_stop", "flavor": "test-vwr2dmi6", "workflow": "Workflow Dispatch Tests", "repo": "canonical/github-runner-operator", "github_event": "workflow_dispatch", "status": "normal", "job_duration": 8.0, "job_conclusion": "success"}
{"timestamp": 1735023113.249129, "event": "reconciliation", "flavor": "test-vwr2dmi6", "crashed_runners": 0, "idle_runners": 0, "active_runners": 0, "expected_runners": 0, "duration": 30.31238079071045}
{"timestamp": 1735023129.0465598, "event": "reconciliation", "flavor": "test-vwr2dmi6", "crashed_runners": 0, "idle_runners": 0, "active_runners": 0, "expected_runners": 0, "duration": 14.811890840530396}
INFO     pytest_operator.plugin:plugin.py:929 Model status:

Model                            Controller  Cloud/Region         Version  SLA          Timestamp
test-charm-metrics-success-6sve  lxd         localhost/localhost  3.6.1    unsupported  06:52:28Z

App                          Version  Status  Scale  Charm                        Channel      Rev  Exposed  Message
github-runner-image-builder           active      1  github-runner-image-builder  latest/edge    2  no       
test-vwr2dmi6                         active      1  github-runner                               0  no       

Unit                            Workload  Agent  Machine  Public address  Ports  Message
github-runner-image-builder/0*  active    idle   0        10.85.191.133          
test-vwr2dmi6/0*                active    idle   1        10.85.191.174          

Machine  State    Address        Inst id        Base          AZ  Message
0        started  10.85.191.133  juju-7db4ab-0  ubuntu@22.04      Running
1        started  10.85.191.174  juju-7db4ab-1  ubuntu@22.04      Running

INFO     pytest_operator.plugin:plugin.py:935 Juju error logs:

machine-0: 06:25:58 ERROR juju.worker.dependency "kvm-container-provisioner" manifold worker returned unexpected error: container types not yet available
machine-0: 06:25:58 ERROR juju.worker.dependency "lxd-container-provisioner" manifold worker returned unexpected error: container types not yet available
unit-github-runner-image-builder-0: 06:25:58 ERROR juju.worker.meterstatus error running "meter-status-changed": charm missing from disk
machine-1: 06:30:59 ERROR juju.worker.dependency "lxd-container-provisioner" manifold worker returned unexpected error: container types not yet available
machine-1: 06:30:59 ERROR juju.worker.dependency "kvm-container-provisioner" manifold worker returned unexpected error: container types not yet available
unit-test-vwr2dmi6-0: 06:30:59 ERROR juju.worker.meterstatus error running "meter-status-changed": charm missing from disk
unit-test-vwr2dmi6-0: 06:31:11 CRITICAL unit.test-vwr2dmi6/0.juju-log test mode is enabled
unit-test-vwr2dmi6-0: 06:31:13 CRITICAL unit.test-vwr2dmi6/0.juju-log test mode is enabled
unit-test-vwr2dmi6-0: 06:31:16 CRITICAL unit.test-vwr2dmi6/0.juju-log image:0: test mode is enabled
unit-test-vwr2dmi6-0: 06:31:17 CRITICAL unit.test-vwr2dmi6/0.juju-log test mode is enabled
unit-test-vwr2dmi6-0: 06:31:18 CRITICAL unit.test-vwr2dmi6/0.juju-log test mode is enabled
unit-test-vwr2dmi6-0: 06:31:19 CRITICAL unit.test-vwr2dmi6/0.juju-log test mode is enabled
unit-test-vwr2dmi6-0: 06:31:21 CRITICAL unit.test-vwr2dmi6/0.juju-log test mode is enabled
unit-test-vwr2dmi6-0: 06:31:22 CRITICAL unit.test-vwr2dmi6/0.juju-log image:0: test mode is enabled
unit-test-vwr2dmi6-0: 06:31:23 CRITICAL unit.test-vwr2dmi6/0.juju-log image:0: test mode is enabled
unit-test-vwr2dmi6-0: 06:32:15 CRITICAL unit.test-vwr2dmi6/0.juju-log test mode is enabled
unit-test-vwr2dmi6-0: 06:32:16 CRITICAL unit.test-vwr2dmi6/0.juju-log test mode is enabled
unit-test-vwr2dmi6-0: 06:37:34 ERROR unit.test-vwr2dmi6/0.juju-log Timeout creating openstack server test-vwr2dmi6-0-431efa44c82a
Traceback (most recent call last):
  File "/var/lib/juju/agents/unit-test-vwr2dmi6-0/charm/venv/github_runner_manager/openstack_cloud/openstack_cloud.py", line 227, in launch_instance
    server = conn.create_server(
  File "/var/lib/juju/agents/unit-test-vwr2dmi6-0/charm/venv/decorator.py", line 232, in fun
    return caller(func, *(extras + args), **kw)
  File "/var/lib/juju/agents/unit-test-vwr2dmi6-0/charm/venv/openstack/cloud/_utils.py", line 224, in func_wrapper
    return func(*args, **kwargs)
  File "/var/lib/juju/agents/unit-test-vwr2dmi6-0/charm/venv/openstack/cloud/_compute.py", line 1021, in create_server
    server = self.wait_for_server(
  File "/var/lib/juju/agents/unit-test-vwr2dmi6-0/charm/venv/openstack/cloud/_compute.py", line 1142, in wait_for_server
    for count in utils.iterate_timeout(
  File "/var/lib/juju/agents/unit-test-vwr2dmi6-0/charm/venv/openstack/utils.py", line 73, in iterate_timeout
    raise exceptions.ResourceTimeout(message)
openstack.exceptions.ResourceTimeout: Timeout waiting for the server to come up.
unit-test-vwr2dmi6-0: 06:37:38 ERROR unit.test-vwr2dmi6/0.juju-log Failed to spawn a runner.
Traceback (most recent call last):
  File "/var/lib/juju/agents/unit-test-vwr2dmi6-0/charm/venv/github_runner_manager/openstack_cloud/openstack_cloud.py", line 227, in launch_instance
    server = conn.create_server(
  File "/var/lib/juju/agents/unit-test-vwr2dmi6-0/charm/venv/decorator.py", line 232, in fun
    return caller(func, *(extras + args), **kw)
  File "/var/lib/juju/agents/unit-test-vwr2dmi6-0/charm/venv/openstack/cloud/_utils.py", line 224, in func_wrapper
    return func(*args, **kwargs)
  File "/var/lib/juju/agents/unit-test-vwr2dmi6-0/charm/venv/openstack/cloud/_compute.py", line 1021, in create_server
    server = self.wait_for_server(
  File "/var/lib/juju/agents/unit-test-vwr2dmi6-0/charm/venv/openstack/cloud/_compute.py", line 1142, in wait_for_server
    for count in utils.iterate_timeout(
  File "/var/lib/juju/agents/unit-test-vwr2dmi6-0/charm/venv/openstack/utils.py", line 73, in iterate_timeout
    raise exceptions.ResourceTimeout(message)
openstack.exceptions.ResourceTimeout: Timeout waiting for the server to come up.

The above exception was the direct cause of the following exception:

Traceback (most recent call last):
  File "/var/lib/juju/agents/unit-test-vwr2dmi6-0/charm/venv/github_runner_manager/openstack_cloud/openstack_runner_manager.py", line 209, in create_runner
    instance = self._openstack_cloud.launch_instance(
  File "/var/lib/juju/agents/unit-test-vwr2dmi6-0/charm/venv/github_runner_manager/openstack_cloud/openstack_cloud.py", line 138, in exception_handling_wrapper
    return func(*args, **kwargs)
  File "/var/lib/juju/agents/unit-test-vwr2dmi6-0/charm/venv/github_runner_manager/openstack_cloud/openstack_cloud.py", line 246, in launch_instance
    raise OpenStackError(f"Timeout creating openstack server {full_name}") from err
github_runner_manager.errors.OpenStackError: Timeout creating openstack server test-vwr2dmi6-0-431efa44c82a

The above exception was the direct cause of the following exception:

Traceback (most recent call last):
  File "/var/lib/juju/agents/unit-test-vwr2dmi6-0/charm/venv/github_runner_manager/manager/runner_manager.py", line 276, in _spawn_runners
    return (RunnerManager._create_runner(create_runner_args_sequence[0]),)
  File "/var/lib/juju/agents/unit-test-vwr2dmi6-0/charm/venv/github_runner_manager/manager/runner_manager.py", line 404, in _create_runner
    return args.cloud_runner_manager.create_runner(registration_token=args.registration_token)
  File "/var/lib/juju/agents/unit-test-vwr2dmi6-0/charm/venv/github_runner_manager/openstack_cloud/openstack_runner_manager.py", line 217, in create_runner
    raise RunnerCreateError(f"Failed to create {instance_name} openstack runner") from err
github_runner_manager.errors.RunnerCreateError: Failed to create test-vwr2dmi6-0-431efa44c82a openstack runner
unit-test-vwr2dmi6-0: 06:37:43 CRITICAL unit.test-vwr2dmi6/0.juju-log test mode is enabled
unit-test-vwr2dmi6-0: 06:37:58 ERROR unit.test-vwr2dmi6/0.juju-log Failed to create openstack server test-vwr2dmi6-0-4133ce6788c8
Traceback (most recent call last):
  File "/var/lib/juju/agents/unit-test-vwr2dmi6-0/charm/venv/github_runner_manager/openstack_cloud/openstack_cloud.py", line 227, in launch_instance
    server = conn.create_server(
  File "/var/lib/juju/agents/unit-test-vwr2dmi6-0/charm/venv/decorator.py", line 232, in fun
    return caller(func, *(extras + args), **kw)
  File "/var/lib/juju/agents/unit-test-vwr2dmi6-0/charm/venv/openstack/cloud/_utils.py", line 224, in func_wrapper
    return func(*args, **kwargs)
  File "/var/lib/juju/agents/unit-test-vwr2dmi6-0/charm/venv/openstack/cloud/_compute.py", line 960, in create_server
    raise exc.OpenStackCloudException(
openstack.exceptions.SDKException: Image df990166-7029-4a5c-a3de-662b18606cd4 was requested but was not found on the cloud
unit-test-vwr2dmi6-0: 06:37:58 ERROR unit.test-vwr2dmi6/0.juju-log Failed to spawn a runner.
Traceback (most recent call last):
  File "/var/lib/juju/agents/unit-test-vwr2dmi6-0/charm/venv/github_runner_manager/openstack_cloud/openstack_cloud.py", line 227, in launch_instance
    server = conn.create_server(
  File "/var/lib/juju/agents/unit-test-vwr2dmi6-0/charm/venv/decorator.py", line 232, in fun
    return caller(func, *(extras + args), **kw)
  File "/var/lib/juju/agents/unit-test-vwr2dmi6-0/charm/venv/openstack/cloud/_utils.py", line 224, in func_wrapper
    return func(*args, **kwargs)
  File "/var/lib/juju/agents/unit-test-vwr2dmi6-0/charm/venv/openstack/cloud/_compute.py", line 960, in create_server
    raise exc.OpenStackCloudException(
openstack.exceptions.SDKException: Image df990166-7029-4a5c-a3de-662b18606cd4 was requested but was not found on the cloud

The above exception was the direct cause of the following exception:

Traceback (most recent call last):
  File "/var/lib/juju/agents/unit-test-vwr2dmi6-0/charm/venv/github_runner_manager/openstack_cloud/openstack_runner_manager.py", line 209, in create_runner
    instance = self._openstack_cloud.launch_instance(
  File "/var/lib/juju/agents/unit-test-vwr2dmi6-0/charm/venv/github_runner_manager/openstack_cloud/openstack_cloud.py", line 138, in exception_handling_wrapper
    return func(*args, **kwargs)
  File "/var/lib/juju/agents/unit-test-vwr2dmi6-0/charm/venv/github_runner_manager/openstack_cloud/openstack_cloud.py", line 250, in launch_instance
    raise OpenStackError(f"Failed to create openstack server {full_name}") from err
github_runner_manager.errors.OpenStackError: Failed to create openstack server test-vwr2dmi6-0-4133ce6788c8

The above exception was the direct cause of the following exception:

Traceback (most recent call last):
  File "/var/lib/juju/agents/unit-test-vwr2dmi6-0/charm/venv/github_runner_manager/manager/runner_manager.py", line 276, in _spawn_runners
    return (RunnerManager._create_runner(create_runner_args_sequence[0]),)
  File "/var/lib/juju/agents/unit-test-vwr2dmi6-0/charm/venv/github_runner_manager/manager/runner_manager.py", line 404, in _create_runner
    return args.cloud_runner_manager.create_runner(registration_token=args.registration_token)
  File "/var/lib/juju/agents/unit-test-vwr2dmi6-0/charm/venv/github_runner_manager/openstack_cloud/openstack_runner_manager.py", line 217, in create_runner
    raise RunnerCreateError(f"Failed to create {instance_name} openstack runner") from err
github_runner_manager.errors.RunnerCreateError: Failed to create test-vwr2dmi6-0-4133ce6788c8 openstack runner
unit-test-vwr2dmi6-0: 06:38:04 CRITICAL unit.test-vwr2dmi6/0.juju-log image:0: test mode is enabled
unit-test-vwr2dmi6-0: 06:38:11 ERROR unit.test-vwr2dmi6/0.juju-log image:0: runner-installed.timestamp not found for runner test-vwr2dmi6-0-431efa44c82a
Traceback (most recent call last):
  File "/var/lib/juju/agents/unit-test-vwr2dmi6-0/charm/venv/github_runner_manager/metrics/runner.py", line 557, in _extract_file_from_storage
    file_content = metrics_storage.path.joinpath(filename).read_text(encoding="utf-8")
  File "/usr/lib/python3.10/pathlib.py", line 1134, in read_text
    with self.open(mode='r', encoding=encoding, errors=errors) as f:
  File "/usr/lib/python3.10/pathlib.py", line 1119, in open
    return self._accessor.open(self, mode, buffering, encoding, errors,
FileNotFoundError: [Errno 2] No such file or directory: '/home/runner-manager/runner-fs/test-vwr2dmi6-0-431efa44c82a/runner-installed.timestamp'
unit-test-vwr2dmi6-0: 06:38:11 ERROR unit.test-vwr2dmi6/0.juju-log image:0: installed timestamp not found for runner test-vwr2dmi6-0-431efa44c82a, will not extract any metrics.
unit-test-vwr2dmi6-0: 06:40:39 CRITICAL unit.test-vwr2dmi6/0.juju-log test mode is enabled
unit-test-vwr2dmi6-0: 06:40:40 CRITICAL unit.test-vwr2dmi6/0.juju-log test mode is enabled
unit-test-vwr2dmi6-0: 06:41:11 ERROR unit.test-vwr2dmi6/0.juju-log pre-job-metrics.json not found for runner test-vwr2dmi6-0-d1974c221cc4
Traceback (most recent call last):
  File "/var/lib/juju/agents/unit-test-vwr2dmi6-0/charm/venv/github_runner_manager/metrics/runner.py", line 557, in _extract_file_from_storage
    file_content = metrics_storage.path.joinpath(filename).read_text(encoding="utf-8")
  File "/usr/lib/python3.10/pathlib.py", line 1134, in read_text
    with self.open(mode='r', encoding=encoding, errors=errors) as f:
  File "/usr/lib/python3.10/pathlib.py", line 1119, in open
    return self._accessor.open(self, mode, buffering, encoding, errors,
FileNotFoundError: [Errno 2] No such file or directory: '/home/runner-manager/runner-fs/test-vwr2dmi6-0-d1974c221cc4/pre-job-metrics.json'
unit-test-vwr2dmi6-0: 06:41:11 ERROR unit.test-vwr2dmi6/0.juju-log Pre-job metrics for runner test-vwr2dmi6-0-d1974c221cc4 not found, stop extracting post-jobs metrics.
unit-test-vwr2dmi6-0: 06:41:16 CRITICAL unit.test-vwr2dmi6/0.juju-log test mode is enabled
unit-test-vwr2dmi6-0: 06:41:51 CRITICAL unit.test-vwr2dmi6/0.juju-log test mode is enabled
unit-test-vwr2dmi6-0: 06:41:52 CRITICAL unit.test-vwr2dmi6/0.juju-log test mode is enabled
unit-test-vwr2dmi6-0: 06:47:07 ERROR unit.test-vwr2dmi6/0.juju-log Timeout creating openstack server test-vwr2dmi6-0-f495eac7232e
Traceback (most recent call last):
  File "/var/lib/juju/agents/unit-test-vwr2dmi6-0/charm/venv/github_runner_manager/openstack_cloud/openstack_cloud.py", line 227, in launch_instance
    server = conn.create_server(
  File "/var/lib/juju/agents/unit-test-vwr2dmi6-0/charm/venv/decorator.py", line 232, in fun
    return caller(func, *(extras + args), **kw)
  File "/var/lib/juju/agents/unit-test-vwr2dmi6-0/charm/venv/openstack/cloud/_utils.py", line 224, in func_wrapper
    return func(*args, **kwargs)
  File "/var/lib/juju/agents/unit-test-vwr2dmi6-0/charm/venv/openstack/cloud/_compute.py", line 1021, in create_server
    server = self.wait_for_server(
  File "/var/lib/juju/agents/unit-test-vwr2dmi6-0/charm/venv/openstack/cloud/_compute.py", line 1142, in wait_for_server
    for count in utils.iterate_timeout(
  File "/var/lib/juju/agents/unit-test-vwr2dmi6-0/charm/venv/openstack/utils.py", line 73, in iterate_timeout
    raise exceptions.ResourceTimeout(message)
openstack.exceptions.ResourceTimeout: Timeout waiting for the server to come up.
unit-test-vwr2dmi6-0: 06:47:08 ERROR unit.test-vwr2dmi6/0.juju-log Failed to spawn a runner.
Traceback (most recent call last):
  File "/var/lib/juju/agents/unit-test-vwr2dmi6-0/charm/venv/github_runner_manager/openstack_cloud/openstack_cloud.py", line 227, in launch_instance
    server = conn.create_server(
  File "/var/lib/juju/agents/unit-test-vwr2dmi6-0/charm/venv/decorator.py", line 232, in fun
    return caller(func, *(extras + args), **kw)
  File "/var/lib/juju/agents/unit-test-vwr2dmi6-0/charm/venv/openstack/cloud/_utils.py", line 224, in func_wrapper
    return func(*args, **kwargs)
  File "/var/lib/juju/agents/unit-test-vwr2dmi6-0/charm/venv/openstack/cloud/_compute.py", line 1021, in create_server
    server = self.wait_for_server(
  File "/var/lib/juju/agents/unit-test-vwr2dmi6-0/charm/venv/openstack/cloud/_compute.py", line 1142, in wait_for_server
    for count in utils.iterate_timeout(
  File "/var/lib/juju/agents/unit-test-vwr2dmi6-0/charm/venv/openstack/utils.py", line 73, in iterate_timeout
    raise exceptions.ResourceTimeout(message)
openstack.exceptions.ResourceTimeout: Timeout waiting for the server to come up.

The above exception was the direct cause of the following exception:

Traceback (most recent call last):
  File "/var/lib/juju/agents/unit-test-vwr2dmi6-0/charm/venv/github_runner_manager/openstack_cloud/openstack_runner_manager.py", line 209, in create_runner
    instance = self._openstack_cloud.launch_instance(
  File "/var/lib/juju/agents/unit-test-vwr2dmi6-0/charm/venv/github_runner_manager/openstack_cloud/openstack_cloud.py", line 138, in exception_handling_wrapper
    return func(*args, **kwargs)
  File "/var/lib/juju/agents/unit-test-vwr2dmi6-0/charm/venv/github_runner_manager/openstack_cloud/openstack_cloud.py", line 246, in launch_instance
    raise OpenStackError(f"Timeout creating openstack server {full_name}") from err
github_runner_manager.errors.OpenStackError: Timeout creating openstack server test-vwr2dmi6-0-f495eac7232e

The above exception was the direct cause of the following exception:

Traceback (most recent call last):
  File "/var/lib/juju/agents/unit-test-vwr2dmi6-0/charm/venv/github_runner_manager/manager/runner_manager.py", line 276, in _spawn_runners
    return (RunnerManager._create_runner(create_runner_args_sequence[0]),)
  File "/var/lib/juju/agents/unit-test-vwr2dmi6-0/charm/venv/github_runner_manager/manager/runner_manager.py", line 404, in _create_runner
    return args.cloud_runner_manager.create_runner(registration_token=args.registration_token)
  File "/var/lib/juju/agents/unit-test-vwr2dmi6-0/charm/venv/github_runner_manager/openstack_cloud/openstack_runner_manager.py", line 217, in create_runner
    raise RunnerCreateError(f"Failed to create {instance_name} openstack runner") from err
github_runner_manager.errors.RunnerCreateError: Failed to create test-vwr2dmi6-0-f495eac7232e openstack runner
unit-test-vwr2dmi6-0: 06:47:12 CRITICAL unit.test-vwr2dmi6/0.juju-log test mode is enabled
unit-test-vwr2dmi6-0: 06:47:17 ERROR unit.test-vwr2dmi6/0.juju-log runner-installed.timestamp not found for runner test-vwr2dmi6-0-4133ce6788c8
Traceback (most recent call last):
  File "/var/lib/juju/agents/unit-test-vwr2dmi6-0/charm/venv/github_runner_manager/metrics/runner.py", line 557, in _extract_file_from_storage
    file_content = metrics_storage.path.joinpath(filename).read_text(encoding="utf-8")
  File "/usr/lib/python3.10/pathlib.py", line 1134, in read_text
    with self.open(mode='r', encoding=encoding, errors=errors) as f:
  File "/usr/lib/python3.10/pathlib.py", line 1119, in open
    return self._accessor.open(self, mode, buffering, encoding, errors,
FileNotFoundError: [Errno 2] No such file or directory: '/home/runner-manager/runner-fs/test-vwr2dmi6-0-4133ce6788c8/runner-installed.timestamp'
unit-test-vwr2dmi6-0: 06:47:17 ERROR unit.test-vwr2dmi6/0.juju-log installed timestamp not found for runner test-vwr2dmi6-0-4133ce6788c8, will not extract any metrics.
unit-test-vwr2dmi6-0: 06:49:51 CRITICAL unit.test-vwr2dmi6/0.juju-log test mode is enabled
unit-test-vwr2dmi6-0: 06:51:21 CRITICAL unit.test-vwr2dmi6/0.juju-log test mode is enabled
unit-test-vwr2dmi6-0: 06:51:22 CRITICAL unit.test-vwr2dmi6/0.juju-log test mode is enabled
unit-test-vwr2dmi6-0: 06:51:36 ERROR unit.test-vwr2dmi6/0.juju-log runner-installed.timestamp not found for runner test-vwr2dmi6-0-f495eac7232e
Traceback (most recent call last):
  File "/var/lib/juju/agents/unit-test-vwr2dmi6-0/charm/venv/github_runner_manager/metrics/runner.py", line 557, in _extract_file_from_storage
    file_content = metrics_storage.path.joinpath(filename).read_text(encoding="utf-8")
  File "/usr/lib/python3.10/pathlib.py", line 1134, in read_text
    with self.open(mode='r', encoding=encoding, errors=errors) as f:
  File "/usr/lib/python3.10/pathlib.py", line 1119, in open
    return self._accessor.open(self, mode, buffering, encoding, errors,
FileNotFoundError: [Errno 2] No such file or directory: '/home/runner-manager/runner-fs/test-vwr2dmi6-0-f495eac7232e/runner-installed.timestamp'
unit-test-vwr2dmi6-0: 06:51:36 ERROR unit.test-vwr2dmi6/0.juju-log installed timestamp not found for runner test-vwr2dmi6-0-f495eac7232e, will not extract any metrics.
unit-test-vwr2dmi6-0: 06:51:48 ERROR unit.test-vwr2dmi6/0.juju-log Failed to get SSH connection while removing test-vwr2dmi6-0-d37549af806b
Traceback (most recent call last):
  File "/var/lib/juju/agents/unit-test-vwr2dmi6-0/charm/venv/github_runner_manager/openstack_cloud/openstack_runner_manager.py", line 441, in _delete_runner
    ssh_conn = self._openstack_cloud.get_ssh_connection(instance)
  File "/var/lib/juju/agents/unit-test-vwr2dmi6-0/charm/venv/github_runner_manager/openstack_cloud/openstack_cloud.py", line 138, in exception_handling_wrapper
    return func(*args, **kwargs)
  File "/var/lib/juju/agents/unit-test-vwr2dmi6-0/charm/venv/github_runner_manager/openstack_cloud/openstack_cloud.py", line 324, in get_ssh_connection
    raise KeyfileError(
github_runner_manager.errors.KeyfileError: Missing keyfile for server: test-vwr2dmi6-0-d37549af806b, key path: /home/runner-manager/.ssh/test-vwr2dmi6-0-d37549af806b.key
unit-test-vwr2dmi6-0: 06:51:54 CRITICAL unit.test-vwr2dmi6/0.juju-log test mode is enabled

INFO     pytest_operator.plugin:plugin.py:1017 Forgetting model main...