06:25:22 WARNING unexpected facade SSHServer received from the controller
06:25:22 INFO Adding model github-pr-587b7-lxd:test-debug-ssh-fniu on cloud localhost
06:25:22 WARNING unexpected facade SSHServer received from the controller
06:25:22 WARNING unexpected facade SSHSession received from the controller
06:25:22 WARNING unexpected facade SSHTunneler received from the controller
06:25:24 INFO Deploying ch:amd64/jammy/github-runner-image-builder-126
06:25:37 INFO Deploying local:jammy/github-runner-0
06:25:37 INFO Waiting for model:
  test-fhuf88ws/0 [allocating] waiting: waiting for machine
  github-runner-image-builder-fhuf88ws/0 [allocating] waiting: waiting for machine
06:26:08 INFO Waiting for model:
  test-fhuf88ws/0 [allocating] waiting: waiting for machine
  github-runner-image-builder-fhuf88ws/0 [allocating] waiting: waiting for machine
06:26:38 INFO Waiting for model:
  test-fhuf88ws/0 [allocating] waiting: agent initialising
  github-runner-image-builder-fhuf88ws/0 [executing] maintenance: Setting up Builder.
06:27:08 INFO Waiting for model:
  test-fhuf88ws/0 [executing] maintenance: installing charm software
  github-runner-image-builder-fhuf88ws/0 [executing] maintenance: Setting up Builder.
06:27:39 INFO Waiting for model:
  test-fhuf88ws/0 [idle] blocked: Please provide image integration.
  github-runner-image-builder-fhuf88ws/0 [executing] maintenance: Setting up Builder.
06:28:09 INFO Waiting for model:
  test-fhuf88ws/0 [idle] blocked: Please provide image integration.
  github-runner-image-builder-fhuf88ws/0 [executing] maintenance: Setting up Builder.
06:28:39 INFO Waiting for model:
  test-fhuf88ws/0 [idle] blocked: Please provide image integration.
  github-runner-image-builder-fhuf88ws/0 [executing] maintenance: Setting up Builder.
06:29:09 INFO Waiting for model:
  test-fhuf88ws/0 [idle] blocked: Please provide image integration.
  github-runner-image-builder-fhuf88ws/0 [executing] maintenance: Setting up Builder.
06:29:39 INFO Waiting for model:
  test-fhuf88ws/0 [idle] blocked: Please provide image integration.
  github-runner-image-builder-fhuf88ws/0 [executing] maintenance: Setting up Builder.
06:30:09 INFO Waiting for model:
  test-fhuf88ws/0 [idle] waiting: Waiting for image over integration.
  github-runner-image-builder-fhuf88ws/0 [executing] blocked: image integration required.
06:30:39 INFO Waiting for model:
  test-fhuf88ws/0 [idle] waiting: Waiting for image over integration.
  github-runner-image-builder-fhuf88ws/0 [executing] blocked: image integration required.
06:31:09 INFO Waiting for model:
  test-fhuf88ws/0 [idle] waiting: Waiting for image over integration.
  github-runner-image-builder-fhuf88ws/0 [executing] active: Building image.
06:31:40 INFO OpenStack servers: []
06:31:40 INFO Model status:

Model                Controller           Cloud/Region         Version  SLA          Timestamp
test-debug-ssh-fniu  github-pr-587b7-lxd  localhost/localhost  3.6.9    unsupported  06:31:40Z

App                                   Version  Status   Scale  Charm                        Channel      Rev  Exposed  Message
github-runner-image-builder-fhuf88ws           error        1  github-runner-image-builder  latest/edge  126  no       hook failed: "image-relation-changed"
test-fhuf88ws                                  waiting      1  github-runner                               0  no       Waiting for image over integration.

Unit                                     Workload  Agent  Machine  Public address  Ports  Message
github-runner-image-builder-fhuf88ws/0*  error     idle   0        10.133.180.89          hook failed: "image-relation-changed"
test-fhuf88ws/0*                         waiting   idle   1        10.133.180.24          Waiting for image over integration.

Machine  State    Address        Inst id        Base          AZ             Message
0        started  10.133.180.89  juju-e563cf-0  ubuntu@22.04  github-runner  Running
1        started  10.133.180.24  juju-e563cf-1  ubuntu@22.04  github-runner  Running

06:31:40 INFO Juju error logs:

machine-0: 06:26:17 ERROR juju.worker.dependency "lxd-container-provisioner" manifold worker returned unexpected error: container types not yet available
machine-0: 06:26:17 ERROR juju.worker.dependency "kvm-container-provisioner" manifold worker returned unexpected error: container types not yet available
unit-github-runner-image-builder-fhuf88ws-0: 06:26:17 ERROR juju.worker.meterstatus error running "meter-status-changed": charm missing from disk
machine-1: 06:26:32 ERROR juju.worker.dependency "kvm-container-provisioner" manifold worker returned unexpected error: container types not yet available
machine-1: 06:26:32 ERROR juju.worker.dependency "lxd-container-provisioner" manifold worker returned unexpected error: container types not yet available
unit-test-fhuf88ws-0: 06:26:32 ERROR juju.worker.meterstatus error running "meter-status-changed": charm missing from disk
unit-github-runner-image-builder-fhuf88ws-0: 06:26:59 ERROR unit.github-runner-image-builder-fhuf88ws/0.juju-log Pipx command failed, code: 1, out: None, err: None
unit-test-fhuf88ws-0: 06:27:24 ERROR unit.test-fhuf88ws/0.juju-log Missing image integration.
Traceback (most recent call last):
  File "/var/lib/juju/agents/unit-test-fhuf88ws-0/charm/./src/charm.py", line 118, in func_with_catch_errors
    func(self, event)
  File "/var/lib/juju/agents/unit-test-fhuf88ws-0/charm/./src/charm.py", line 342, in _on_config_changed
    self._check_image_ready()
  File "/var/lib/juju/agents/unit-test-fhuf88ws-0/charm/./src/charm.py", line 512, in _check_image_ready
    raise ImageIntegrationMissingError("No image integration found")
errors.ImageIntegrationMissingError: No image integration found
unit-test-fhuf88ws-0: 06:27:26 ERROR unit.test-fhuf88ws/0.juju-log Missing image integration.
Traceback (most recent call last):
  File "/var/lib/juju/agents/unit-test-fhuf88ws-0/charm/./src/charm.py", line 118, in func_with_catch_errors
    func(self, event)
  File "/var/lib/juju/agents/unit-test-fhuf88ws-0/charm/./src/charm.py", line 313, in _on_start
    self._check_image_ready()
  File "/var/lib/juju/agents/unit-test-fhuf88ws-0/charm/./src/charm.py", line 512, in _check_image_ready
    raise ImageIntegrationMissingError("No image integration found")
errors.ImageIntegrationMissingError: No image integration found
unit-test-fhuf88ws-0: 06:29:50 ERROR unit.test-fhuf88ws/0.juju-log image:0: Missing image in image integration.
Traceback (most recent call last):
  File "/var/lib/juju/agents/unit-test-fhuf88ws-0/charm/./src/charm.py", line 118, in func_with_catch_errors
    func(self, event)
  File "/var/lib/juju/agents/unit-test-fhuf88ws-0/charm/./src/charm.py", line 477, in _on_image_relation_changed
    self._check_image_ready()
  File "/var/lib/juju/agents/unit-test-fhuf88ws-0/charm/./src/charm.py", line 514, in _check_image_ready
    raise ImageNotFoundError("No image found in the image integration")
errors.ImageNotFoundError: No image found in the image integration
unit-github-runner-image-builder-fhuf88ws-0: 06:30:54 ERROR unit.github-runner-image-builder-fhuf88ws/0.juju-log image:0: Image build failed, code: 1, out: , err: None, stdout: 
unit-github-runner-image-builder-fhuf88ws-0: 06:31:02 ERROR unit.github-runner-image-builder-fhuf88ws/0.juju-log image:0: Image build failed, code: 1, out: , err: None, stdout: 
unit-github-runner-image-builder-fhuf88ws-0: 06:31:10 ERROR unit.github-runner-image-builder-fhuf88ws/0.juju-log image:0: Image build failed, code: 1, out: , err: None, stdout: 
unit-github-runner-image-builder-fhuf88ws-0: 06:31:20 ERROR unit.github-runner-image-builder-fhuf88ws/0.juju-log image:0: Image build failed, code: 1, out: , err: None, stdout: 

06:31:40 INFO Forgetting model main...