06:25:19 INFO IP Address to use as the fake jobmanager: 10.151.128.212
06:25:19 WARNING unexpected facade SSHServer received from the controller
06:25:19 INFO Adding model github-pr-587b7-lxd:test-jobmanager-prespawned-yqcr on cloud localhost
06:25:19 WARNING unexpected facade SSHServer received from the controller
06:25:19 WARNING unexpected facade SSHSession received from the controller
06:25:19 WARNING unexpected facade SSHTunneler received from the controller
06:25:22 INFO Deploying ch:amd64/jammy/github-runner-image-builder-126
06:25:35 INFO Deploying local:jammy/github-runner-0
06:25:35 INFO Waiting for model:
  test-xxvfrezx/0 [allocating] waiting: waiting for machine
  github-runner-image-builder-xxvfrezx/0 [allocating] waiting: waiting for machine
06:26:06 INFO Waiting for model:
  test-xxvfrezx/0 [allocating] waiting: waiting for machine
  github-runner-image-builder-xxvfrezx/0 [allocating] waiting: waiting for machine
06:26:36 INFO Waiting for model:
  test-xxvfrezx/0 [allocating] waiting: agent initialising
  github-runner-image-builder-xxvfrezx/0 [executing] maintenance: Setting up Builder.
06:27:06 INFO Waiting for model:
  test-xxvfrezx/0 [executing] maintenance: installing charm software
  github-runner-image-builder-xxvfrezx/0 [executing] maintenance: Setting up Builder.
06:27:37 INFO Waiting for model:
  test-xxvfrezx/0 [idle] blocked: Please provide image integration.
  github-runner-image-builder-xxvfrezx/0 [executing] maintenance: Setting up Builder.
06:28:07 INFO Waiting for model:
  test-xxvfrezx/0 [idle] blocked: Please provide image integration.
  github-runner-image-builder-xxvfrezx/0 [executing] maintenance: Setting up Builder.
06:28:38 INFO Waiting for model:
  test-xxvfrezx/0 [idle] blocked: Please provide image integration.
  github-runner-image-builder-xxvfrezx/0 [executing] maintenance: Setting up Builder.
06:29:08 INFO Waiting for model:
  test-xxvfrezx/0 [idle] blocked: Please provide image integration.
  github-runner-image-builder-xxvfrezx/0 [executing] maintenance: Setting up Builder.
06:29:38 INFO Waiting for model:
  test-xxvfrezx/0 [idle] blocked: Please provide image integration.
  github-runner-image-builder-xxvfrezx/0 [executing] maintenance: Setting up Builder.
06:30:09 INFO Waiting for model:
  test-xxvfrezx/0 [idle] waiting: Waiting for image over integration.
  github-runner-image-builder-xxvfrezx/0 [executing] blocked: image integration required.
06:30:39 INFO Waiting for model:
  test-xxvfrezx/0 [idle] waiting: Waiting for image over integration.
  github-runner-image-builder-xxvfrezx/0 [executing] blocked: image integration required.
06:31:09 INFO Waiting for model:
  test-xxvfrezx/0 [idle] waiting: Waiting for image over integration.
  github-runner-image-builder-xxvfrezx/0 [executing] active: Building image.
06:31:37 INFO OpenStack servers: []
06:31:38 INFO Model status:

Model                            Controller           Cloud/Region         Version  SLA          Timestamp
test-jobmanager-prespawned-yqcr  github-pr-587b7-lxd  localhost/localhost  3.6.9    unsupported  06:31:38Z

App                                   Version  Status   Scale  Charm                        Channel      Rev  Exposed  Message
github-runner-image-builder-xxvfrezx           error        1  github-runner-image-builder  latest/edge  126  no       hook failed: "image-relation-changed"
test-xxvfrezx                                  waiting      1  github-runner                               0  no       Waiting for image over integration.

Unit                                     Workload  Agent  Machine  Public address  Ports  Message
github-runner-image-builder-xxvfrezx/0*  error     idle   0        10.84.39.86            hook failed: "image-relation-changed"
test-xxvfrezx/0*                         waiting   idle   1        10.84.39.134           Waiting for image over integration.

Machine  State    Address       Inst id        Base          AZ             Message
0        started  10.84.39.86   juju-e2e306-0  ubuntu@22.04  github-runner  Running
1        started  10.84.39.134  juju-e2e306-1  ubuntu@22.04  github-runner  Running

06:31:38 INFO Juju error logs:

machine-0: 06:26:19 ERROR juju.worker.dependency "lxd-container-provisioner" manifold worker returned unexpected error: container types not yet available
machine-0: 06:26:19 ERROR juju.worker.dependency "kvm-container-provisioner" manifold worker returned unexpected error: container types not yet available
unit-github-runner-image-builder-xxvfrezx-0: 06:26:19 ERROR juju.worker.meterstatus error running "meter-status-changed": charm missing from disk
machine-1: 06:26:29 ERROR juju.worker.dependency "kvm-container-provisioner" manifold worker returned unexpected error: container types not yet available
machine-1: 06:26:29 ERROR juju.worker.dependency "lxd-container-provisioner" manifold worker returned unexpected error: container types not yet available
unit-test-xxvfrezx-0: 06:26:29 ERROR juju.worker.meterstatus error running "meter-status-changed": charm missing from disk
unit-github-runner-image-builder-xxvfrezx-0: 06:27:01 ERROR unit.github-runner-image-builder-xxvfrezx/0.juju-log Pipx command failed, code: 1, out: None, err: None
unit-test-xxvfrezx-0: 06:27:26 ERROR unit.test-xxvfrezx/0.juju-log Missing image integration.
Traceback (most recent call last):
  File "/var/lib/juju/agents/unit-test-xxvfrezx-0/charm/./src/charm.py", line 118, in func_with_catch_errors
    func(self, event)
  File "/var/lib/juju/agents/unit-test-xxvfrezx-0/charm/./src/charm.py", line 342, in _on_config_changed
    self._check_image_ready()
  File "/var/lib/juju/agents/unit-test-xxvfrezx-0/charm/./src/charm.py", line 512, in _check_image_ready
    raise ImageIntegrationMissingError("No image integration found")
errors.ImageIntegrationMissingError: No image integration found
unit-test-xxvfrezx-0: 06:27:27 ERROR unit.test-xxvfrezx/0.juju-log Missing image integration.
Traceback (most recent call last):
  File "/var/lib/juju/agents/unit-test-xxvfrezx-0/charm/./src/charm.py", line 118, in func_with_catch_errors
    func(self, event)
  File "/var/lib/juju/agents/unit-test-xxvfrezx-0/charm/./src/charm.py", line 313, in _on_start
    self._check_image_ready()
  File "/var/lib/juju/agents/unit-test-xxvfrezx-0/charm/./src/charm.py", line 512, in _check_image_ready
    raise ImageIntegrationMissingError("No image integration found")
errors.ImageIntegrationMissingError: No image integration found
unit-test-xxvfrezx-0: 06:29:44 ERROR unit.test-xxvfrezx/0.juju-log image:0: Missing image in image integration.
Traceback (most recent call last):
  File "/var/lib/juju/agents/unit-test-xxvfrezx-0/charm/./src/charm.py", line 118, in func_with_catch_errors
    func(self, event)
  File "/var/lib/juju/agents/unit-test-xxvfrezx-0/charm/./src/charm.py", line 477, in _on_image_relation_changed
    self._check_image_ready()
  File "/var/lib/juju/agents/unit-test-xxvfrezx-0/charm/./src/charm.py", line 514, in _check_image_ready
    raise ImageNotFoundError("No image found in the image integration")
errors.ImageNotFoundError: No image found in the image integration
unit-github-runner-image-builder-xxvfrezx-0: 06:30:52 ERROR unit.github-runner-image-builder-xxvfrezx/0.juju-log image:0: Image build failed, code: 1, out: , err: None, stdout: 
unit-github-runner-image-builder-xxvfrezx-0: 06:31:00 ERROR unit.github-runner-image-builder-xxvfrezx/0.juju-log image:0: Image build failed, code: 1, out: , err: None, stdout: 
unit-github-runner-image-builder-xxvfrezx-0: 06:31:07 ERROR unit.github-runner-image-builder-xxvfrezx/0.juju-log image:0: Image build failed, code: 1, out: , err: None, stdout: 
unit-github-runner-image-builder-xxvfrezx-0: 06:31:18 ERROR unit.github-runner-image-builder-xxvfrezx/0.juju-log image:0: Image build failed, code: 1, out: , err: None, stdout: 

06:31:38 INFO Forgetting model main...