06:25:23 WARNING unexpected facade SSHServer received from the controller
06:25:23 INFO Adding model github-pr-587b7-lxd:test-charm-upgrade-1i18 on cloud localhost
06:25:23 WARNING unexpected facade SSHServer received from the controller
06:25:23 WARNING unexpected facade SSHSession received from the controller
06:25:23 WARNING unexpected facade SSHTunneler received from the controller
06:25:25 INFO Deploying ch:amd64/jammy/github-runner-image-builder-126
06:25:46 INFO Deploying local:jammy/github-runner-0
06:25:47 INFO Waiting for model:
  test-ra25tjpz/0 [allocating] waiting: waiting for machine
  github-runner-image-builder-ra25tjpz/0 [allocating] waiting: waiting for machine
06:26:17 INFO Waiting for model:
  test-ra25tjpz/0 [allocating] waiting: waiting for machine
  github-runner-image-builder-ra25tjpz/0 [allocating] waiting: waiting for machine
06:26:47 INFO Waiting for model:
  test-ra25tjpz/0 [executing] maintenance: installing charm software
  github-runner-image-builder-ra25tjpz/0 [executing] maintenance: Setting up Builder.
06:27:17 INFO Waiting for model:
  test-ra25tjpz/0 [executing] maintenance: installing charm software
  github-runner-image-builder-ra25tjpz/0 [executing] maintenance: Setting up Builder.
06:27:47 INFO Waiting for model:
  test-ra25tjpz/0 [idle] blocked: Please provide image integration.
  github-runner-image-builder-ra25tjpz/0 [executing] maintenance: Setting up Builder.
06:28:17 INFO Waiting for model:
  test-ra25tjpz/0 [idle] blocked: Please provide image integration.
  github-runner-image-builder-ra25tjpz/0 [executing] maintenance: Setting up Builder.
06:28:47 INFO Waiting for model:
  test-ra25tjpz/0 [idle] blocked: Please provide image integration.
  github-runner-image-builder-ra25tjpz/0 [executing] maintenance: Setting up Builder.
06:29:17 INFO Waiting for model:
  test-ra25tjpz/0 [idle] blocked: Please provide image integration.
  github-runner-image-builder-ra25tjpz/0 [executing] maintenance: Setting up Builder.
06:29:47 INFO Waiting for model:
  test-ra25tjpz/0 [idle] blocked: Please provide image integration.
  github-runner-image-builder-ra25tjpz/0 [executing] maintenance: Setting up Builder.
06:30:17 INFO Waiting for model:
  test-ra25tjpz/0 [idle] waiting: Waiting for image over integration.
  github-runner-image-builder-ra25tjpz/0 [executing] blocked: image integration required.
06:30:47 INFO Waiting for model:
  test-ra25tjpz/0 [idle] waiting: Waiting for image over integration.
  github-runner-image-builder-ra25tjpz/0 [executing] blocked: image integration required.
06:31:17 INFO Waiting for model:
  test-ra25tjpz/0 [idle] waiting: Waiting for image over integration.
  github-runner-image-builder-ra25tjpz/0 [executing] active: Building image.
06:31:47 INFO Waiting for model:
  test-ra25tjpz/0 [idle] waiting: Waiting for image over integration.
  github-runner-image-builder-ra25tjpz/0 [executing] active: Building image.
06:32:17 INFO Waiting for model:
  test-ra25tjpz/0 [idle] waiting: Waiting for image over integration.
  github-runner-image-builder-ra25tjpz/0 [idle] error: hook failed: "image-relation-changed"
06:32:47 INFO Waiting for model:
  test-ra25tjpz/0 [idle] waiting: Waiting for image over integration.
  github-runner-image-builder-ra25tjpz/0 [idle] error: hook failed: "image-relation-changed"
06:33:17 INFO Waiting for model:
  test-ra25tjpz/0 [idle] waiting: Waiting for image over integration.
  github-runner-image-builder-ra25tjpz/0 [idle] error: hook failed: "image-relation-changed"
06:33:47 INFO Waiting for model:
  test-ra25tjpz/0 [idle] waiting: Waiting for image over integration.
  github-runner-image-builder-ra25tjpz/0 [idle] error: hook failed: "image-relation-changed"
06:34:17 INFO Waiting for model:
  test-ra25tjpz/0 [idle] waiting: Waiting for image over integration.
  github-runner-image-builder-ra25tjpz/0 [idle] error: hook failed: "image-relation-changed"
06:34:47 INFO Waiting for model:
  test-ra25tjpz/0 [idle] waiting: Waiting for image over integration.
  github-runner-image-builder-ra25tjpz/0 [idle] error: hook failed: "image-relation-changed"
06:35:17 INFO Waiting for model:
  test-ra25tjpz/0 [idle] waiting: Waiting for image over integration.
  github-runner-image-builder-ra25tjpz/0 [idle] error: hook failed: "image-relation-changed"
06:35:47 INFO Waiting for model:
  test-ra25tjpz/0 [idle] waiting: Waiting for image over integration.
  github-runner-image-builder-ra25tjpz/0 [idle] error: hook failed: "image-relation-changed"
06:36:17 INFO Waiting for model:
  test-ra25tjpz/0 [idle] waiting: Waiting for image over integration.
  github-runner-image-builder-ra25tjpz/0 [idle] error: hook failed: "image-relation-changed"
06:36:47 INFO Waiting for model:
  test-ra25tjpz/0 [idle] waiting: Waiting for image over integration.
  github-runner-image-builder-ra25tjpz/0 [idle] error: hook failed: "image-relation-changed"
06:37:17 INFO Waiting for model:
  test-ra25tjpz/0 [idle] waiting: Waiting for image over integration.
  github-runner-image-builder-ra25tjpz/0 [idle] error: hook failed: "image-relation-changed"
06:37:47 INFO Waiting for model:
  test-ra25tjpz/0 [idle] waiting: Waiting for image over integration.
  github-runner-image-builder-ra25tjpz/0 [idle] error: hook failed: "image-relation-changed"
06:38:17 INFO Waiting for model:
  test-ra25tjpz/0 [idle] waiting: Waiting for image over integration.
  github-runner-image-builder-ra25tjpz/0 [idle] error: hook failed: "image-relation-changed"
06:38:47 INFO Waiting for model:
  test-ra25tjpz/0 [idle] waiting: Waiting for image over integration.
  github-runner-image-builder-ra25tjpz/0 [idle] error: hook failed: "image-relation-changed"
06:39:17 INFO Waiting for model:
  test-ra25tjpz/0 [idle] waiting: Waiting for image over integration.
  github-runner-image-builder-ra25tjpz/0 [idle] error: hook failed: "image-relation-changed"
06:39:47 INFO Waiting for model:
  test-ra25tjpz/0 [idle] waiting: Waiting for image over integration.
  github-runner-image-builder-ra25tjpz/0 [idle] error: hook failed: "image-relation-changed"
06:40:18 INFO Waiting for model:
  test-ra25tjpz/0 [idle] waiting: Waiting for image over integration.
  github-runner-image-builder-ra25tjpz/0 [idle] error: hook failed: "image-relation-changed"
06:40:48 INFO Waiting for model:
  test-ra25tjpz/0 [idle] waiting: Waiting for image over integration.
  github-runner-image-builder-ra25tjpz/0 [idle] error: hook failed: "image-relation-changed"
06:41:18 INFO Waiting for model:
  test-ra25tjpz/0 [idle] waiting: Waiting for image over integration.
  github-runner-image-builder-ra25tjpz/0 [idle] error: hook failed: "image-relation-changed"
06:41:48 INFO Waiting for model:
  test-ra25tjpz/0 [idle] waiting: Waiting for image over integration.
  github-runner-image-builder-ra25tjpz/0 [idle] error: hook failed: "image-relation-changed"
06:42:18 INFO Waiting for model:
  test-ra25tjpz/0 [idle] waiting: Waiting for image over integration.
  github-runner-image-builder-ra25tjpz/0 [idle] error: hook failed: "image-relation-changed"
06:42:48 INFO Waiting for model:
  test-ra25tjpz/0 [idle] waiting: Waiting for image over integration.
  github-runner-image-builder-ra25tjpz/0 [idle] error: hook failed: "image-relation-changed"
06:43:18 INFO Waiting for model:
  test-ra25tjpz/0 [idle] waiting: Waiting for image over integration.
  github-runner-image-builder-ra25tjpz/0 [idle] error: hook failed: "image-relation-changed"
06:43:48 INFO Waiting for model:
  test-ra25tjpz/0 [idle] waiting: Waiting for image over integration.
  github-runner-image-builder-ra25tjpz/0 [idle] error: hook failed: "image-relation-changed"
06:44:18 INFO Waiting for model:
  test-ra25tjpz/0 [idle] waiting: Waiting for image over integration.
  github-runner-image-builder-ra25tjpz/0 [idle] error: hook failed: "image-relation-changed"
06:44:48 INFO Waiting for model:
  test-ra25tjpz/0 [idle] waiting: Waiting for image over integration.
  github-runner-image-builder-ra25tjpz/0 [idle] error: hook failed: "image-relation-changed"
06:45:18 INFO Waiting for model:
  test-ra25tjpz/0 [idle] waiting: Waiting for image over integration.
  github-runner-image-builder-ra25tjpz/0 [idle] error: hook failed: "image-relation-changed"
06:45:48 INFO Waiting for model:
  test-ra25tjpz/0 [idle] waiting: Waiting for image over integration.
  github-runner-image-builder-ra25tjpz/0 [idle] error: hook failed: "image-relation-changed"
06:46:18 INFO Waiting for model:
  test-ra25tjpz/0 [idle] waiting: Waiting for image over integration.
  github-runner-image-builder-ra25tjpz/0 [idle] error: hook failed: "image-relation-changed"
06:46:48 INFO Waiting for model:
  test-ra25tjpz/0 [idle] waiting: Waiting for image over integration.
  github-runner-image-builder-ra25tjpz/0 [idle] error: hook failed: "image-relation-changed"
06:47:18 INFO Waiting for model:
  test-ra25tjpz/0 [idle] waiting: Waiting for image over integration.
  github-runner-image-builder-ra25tjpz/0 [idle] error: hook failed: "image-relation-changed"
06:47:48 INFO Waiting for model:
  test-ra25tjpz/0 [idle] waiting: Waiting for image over integration.
  github-runner-image-builder-ra25tjpz/0 [idle] error: hook failed: "image-relation-changed"
06:48:18 INFO Waiting for model:
  test-ra25tjpz/0 [idle] waiting: Waiting for image over integration.
  github-runner-image-builder-ra25tjpz/0 [idle] error: hook failed: "image-relation-changed"
06:48:48 INFO Waiting for model:
  test-ra25tjpz/0 [idle] waiting: Waiting for image over integration.
  github-runner-image-builder-ra25tjpz/0 [idle] error: hook failed: "image-relation-changed"
06:49:18 INFO Waiting for model:
  test-ra25tjpz/0 [idle] waiting: Waiting for image over integration.
  github-runner-image-builder-ra25tjpz/0 [idle] error: hook failed: "image-relation-changed"
06:49:48 INFO Waiting for model:
  test-ra25tjpz/0 [idle] waiting: Waiting for image over integration.
  github-runner-image-builder-ra25tjpz/0 [idle] error: hook failed: "image-relation-changed"
06:50:18 INFO Waiting for model:
  test-ra25tjpz/0 [idle] waiting: Waiting for image over integration.
  github-runner-image-builder-ra25tjpz/0 [idle] error: hook failed: "image-relation-changed"
06:50:49 INFO OpenStack servers: []
06:50:49 INFO Model status:

Model                    Controller           Cloud/Region         Version  SLA          Timestamp
test-charm-upgrade-1i18  github-pr-587b7-lxd  localhost/localhost  3.6.9    unsupported  06:50:49Z

App                                   Version  Status   Scale  Charm                        Channel      Rev  Exposed  Message
github-runner-image-builder-ra25tjpz           error        1  github-runner-image-builder  latest/edge  126  no       hook failed: "image-relation-changed"
test-ra25tjpz                                  waiting      1  github-runner                               0  no       Waiting for image over integration.

Unit                                     Workload  Agent  Machine  Public address  Ports  Message
github-runner-image-builder-ra25tjpz/0*  error     idle   0        10.98.248.46           hook failed: "image-relation-changed"
test-ra25tjpz/0*                         waiting   idle   1        10.98.248.245          Waiting for image over integration.

Machine  State    Address        Inst id        Base          AZ             Message
0        started  10.98.248.46   juju-09bdda-0  ubuntu@22.04  github-runner  Running
1        started  10.98.248.245  juju-09bdda-1  ubuntu@22.04  github-runner  Running

06:50:49 INFO Juju error logs:

machine-0: 06:26:18 ERROR juju.worker.dependency "lxd-container-provisioner" manifold worker returned unexpected error: container types not yet available
machine-0: 06:26:18 ERROR juju.worker.dependency "kvm-container-provisioner" manifold worker returned unexpected error: container types not yet available
unit-github-runner-image-builder-ra25tjpz-0: 06:26:18 ERROR juju.worker.meterstatus error running "meter-status-changed": charm missing from disk
machine-1: 06:26:30 ERROR juju.worker.dependency "lxd-container-provisioner" manifold worker returned unexpected error: container types not yet available
machine-1: 06:26:30 ERROR juju.worker.dependency "kvm-container-provisioner" manifold worker returned unexpected error: container types not yet available
unit-test-ra25tjpz-0: 06:26:30 ERROR juju.worker.meterstatus error running "meter-status-changed": charm missing from disk
unit-github-runner-image-builder-ra25tjpz-0: 06:26:57 ERROR unit.github-runner-image-builder-ra25tjpz/0.juju-log Pipx command failed, code: 1, out: None, err: None
unit-test-ra25tjpz-0: 06:27:27 ERROR unit.test-ra25tjpz/0.juju-log Missing image integration.
Traceback (most recent call last):
  File "/var/lib/juju/agents/unit-test-ra25tjpz-0/charm/./src/charm.py", line 118, in func_with_catch_errors
    func(self, event)
  File "/var/lib/juju/agents/unit-test-ra25tjpz-0/charm/./src/charm.py", line 342, in _on_config_changed
    self._check_image_ready()
  File "/var/lib/juju/agents/unit-test-ra25tjpz-0/charm/./src/charm.py", line 512, in _check_image_ready
    raise ImageIntegrationMissingError("No image integration found")
errors.ImageIntegrationMissingError: No image integration found
unit-test-ra25tjpz-0: 06:27:28 ERROR unit.test-ra25tjpz/0.juju-log Missing image integration.
Traceback (most recent call last):
  File "/var/lib/juju/agents/unit-test-ra25tjpz-0/charm/./src/charm.py", line 118, in func_with_catch_errors
    func(self, event)
  File "/var/lib/juju/agents/unit-test-ra25tjpz-0/charm/./src/charm.py", line 313, in _on_start
    self._check_image_ready()
  File "/var/lib/juju/agents/unit-test-ra25tjpz-0/charm/./src/charm.py", line 512, in _check_image_ready
    raise ImageIntegrationMissingError("No image integration found")
errors.ImageIntegrationMissingError: No image integration found
unit-test-ra25tjpz-0: 06:30:02 ERROR unit.test-ra25tjpz/0.juju-log image:0: Missing image in image integration.
Traceback (most recent call last):
  File "/var/lib/juju/agents/unit-test-ra25tjpz-0/charm/./src/charm.py", line 118, in func_with_catch_errors
    func(self, event)
  File "/var/lib/juju/agents/unit-test-ra25tjpz-0/charm/./src/charm.py", line 477, in _on_image_relation_changed
    self._check_image_ready()
  File "/var/lib/juju/agents/unit-test-ra25tjpz-0/charm/./src/charm.py", line 514, in _check_image_ready
    raise ImageNotFoundError("No image found in the image integration")
errors.ImageNotFoundError: No image found in the image integration
unit-github-runner-image-builder-ra25tjpz-0: 06:31:06 ERROR unit.github-runner-image-builder-ra25tjpz/0.juju-log image:0: Image build failed, code: 1, out: , err: None, stdout: 
unit-github-runner-image-builder-ra25tjpz-0: 06:31:13 ERROR unit.github-runner-image-builder-ra25tjpz/0.juju-log image:0: Image build failed, code: 1, out: , err: None, stdout: 
unit-github-runner-image-builder-ra25tjpz-0: 06:31:20 ERROR unit.github-runner-image-builder-ra25tjpz/0.juju-log image:0: Image build failed, code: 1, out: , err: None, stdout: 
unit-github-runner-image-builder-ra25tjpz-0: 06:31:31 ERROR unit.github-runner-image-builder-ra25tjpz/0.juju-log image:0: Image build failed, code: 1, out: , err: None, stdout: 
unit-github-runner-image-builder-ra25tjpz-0: 06:31:49 ERROR unit.github-runner-image-builder-ra25tjpz/0.juju-log image:0: Image build failed, code: 1, out: , err: None, stdout: 
unit-github-runner-image-builder-ra25tjpz-0: 06:31:49 ERROR unit.github-runner-image-builder-ra25tjpz/0.juju-log image:0: Uncaught exception while in charm code:
multiprocessing.pool.RemoteTraceback: 
"""
Traceback (most recent call last):
  File "/var/lib/juju/agents/unit-github-runner-image-builder-ra25tjpz-0/charm/src/builder.py", line 523, in _run
    stdout = subprocess.check_output(  # pylint: disable=unexpected-keyword-arg # nosec:B603
  File "/usr/lib/python3.10/subprocess.py", line 421, in check_output
    return run(*popenargs, stdout=PIPE, timeout=timeout, check=True,
  File "/usr/lib/python3.10/subprocess.py", line 526, in run
    raise CalledProcessError(retcode, process.args,
subprocess.CalledProcessError: Command '['/usr/bin/run-one', '/usr/bin/sudo', '--preserve-env', '/home/ubuntu/.local/bin/github-runner-image-builder', '--os-cloud', 'builder', 'run', 'github-runner-image-builder-ra25tjpz-noble-x64', '--flavor', 'shared.xsmall', '--keep-revisions', '2', '--network', 'net_stg-ps7-github-runner-test-amd64', '--prefix', 'github-runner-image-builder-ra25tjpz', '--upload-clouds', 'stg-ps7-github-runner-test-amd64_project_stg-ps7-github-runner-test-amd64', '--arch', 'x64', '--base-image', 'noble', '--proxy', 'egress.ps7.internal:3128']' returned non-zero exit status 1.

The above exception was the direct cause of the following exception:

Traceback (most recent call last):
  File "/usr/lib/python3.10/multiprocessing/pool.py", line 125, in worker
    result = (True, func(*args, **kwds))
  File "/usr/lib/python3.10/multiprocessing/pool.py", line 48, in mapstar
    return list(map(*args))
  File "/var/lib/juju/agents/unit-github-runner-image-builder-ra25tjpz-0/charm/venv/tenacity/__init__.py", line 338, in wrapped_f
    return copy(f, *args, **kw)
  File "/var/lib/juju/agents/unit-github-runner-image-builder-ra25tjpz-0/charm/venv/tenacity/__init__.py", line 477, in __call__
    do = self.iter(retry_state=retry_state)
  File "/var/lib/juju/agents/unit-github-runner-image-builder-ra25tjpz-0/charm/venv/tenacity/__init__.py", line 378, in iter
    result = action(retry_state)
  File "/var/lib/juju/agents/unit-github-runner-image-builder-ra25tjpz-0/charm/venv/tenacity/__init__.py", line 420, in exc_check
    raise retry_exc.reraise()
  File "/var/lib/juju/agents/unit-github-runner-image-builder-ra25tjpz-0/charm/venv/tenacity/__init__.py", line 187, in reraise
    raise self.last_attempt.result()
  File "/usr/lib/python3.10/concurrent/futures/_base.py", line 451, in result
    return self.__get_result()
  File "/usr/lib/python3.10/concurrent/futures/_base.py", line 403, in __get_result
    raise self._exception
  File "/var/lib/juju/agents/unit-github-runner-image-builder-ra25tjpz-0/charm/venv/tenacity/__init__.py", line 480, in __call__
    result = fn(*args, **kwargs)
  File "/var/lib/juju/agents/unit-github-runner-image-builder-ra25tjpz-0/charm/src/builder.py", line 553, in _run
    raise BuilderRunError from exc
exceptions.BuilderRunError
"""

The above exception was the direct cause of the following exception:

Traceback (most recent call last):
  File "/var/lib/juju/agents/unit-github-runner-image-builder-ra25tjpz-0/charm/./src/charm.py", line 339, in <module>
    ops.main.main(GithubRunnerImageBuilderCharm)
  File "/var/lib/juju/agents/unit-github-runner-image-builder-ra25tjpz-0/charm/venv/ops/__init__.py", line 363, in main
    return _legacy_main.main(
  File "/var/lib/juju/agents/unit-github-runner-image-builder-ra25tjpz-0/charm/venv/ops/main.py", line 39, in main
    return _main.main(charm_class=charm_class, use_juju_for_storage=use_juju_for_storage)
  File "/var/lib/juju/agents/unit-github-runner-image-builder-ra25tjpz-0/charm/venv/ops/_main.py", line 504, in main
    manager.run()
  File "/var/lib/juju/agents/unit-github-runner-image-builder-ra25tjpz-0/charm/venv/ops/_main.py", line 488, in run
    self._emit()
  File "/var/lib/juju/agents/unit-github-runner-image-builder-ra25tjpz-0/charm/venv/ops/_main.py", line 423, in _emit
    self._emit_charm_event(self.dispatcher.event_name)
  File "/var/lib/juju/agents/unit-github-runner-image-builder-ra25tjpz-0/charm/venv/ops/_main.py", line 467, in _emit_charm_event
    event_to_emit.emit(*args, **kwargs)
  File "/var/lib/juju/agents/unit-github-runner-image-builder-ra25tjpz-0/charm/venv/ops/framework.py", line 351, in emit
    framework._emit(event)
  File "/var/lib/juju/agents/unit-github-runner-image-builder-ra25tjpz-0/charm/venv/ops/framework.py", line 924, in _emit
    self._reemit(event_path)
  File "/var/lib/juju/agents/unit-github-runner-image-builder-ra25tjpz-0/charm/venv/ops/framework.py", line 1036, in _reemit
    custom_handler(event)
  File "/var/lib/juju/agents/unit-github-runner-image-builder-ra25tjpz-0/charm/src/charm_utils.py", line 68, in wrapper
    return method(instance, event)
  File "/var/lib/juju/agents/unit-github-runner-image-builder-ra25tjpz-0/charm/./src/charm.py", line 153, in _on_image_relation_changed
    self._run(cloud_id=cloud_id)
  File "/var/lib/juju/agents/unit-github-runner-image-builder-ra25tjpz-0/charm/./src/charm.py", line 253, in _run
    cloud_images = builder.run(
  File "/var/lib/juju/agents/unit-github-runner-image-builder-ra25tjpz-0/charm/src/builder.py", line 435, in run
    build_results = pool.map(_run, build_configs)
  File "/usr/lib/python3.10/multiprocessing/pool.py", line 367, in map
    return self._map_async(func, iterable, mapstar, chunksize).get()
  File "/usr/lib/python3.10/multiprocessing/pool.py", line 774, in get
    raise self._value
exceptions.BuilderRunError
unit-github-runner-image-builder-ra25tjpz-0: 06:31:49 ERROR juju.worker.uniter.operation hook "image-relation-changed" (via hook dispatching script: dispatch) failed: exit status 1

06:50:49 INFO Forgetting model main...