18:26:08 WARNING unexpected facade SSHServer received from the controller
18:26:08 INFO Adding model github-pr-587b7-lxd:test-charm-fork-path-change-t4s3 on cloud localhost
18:26:08 WARNING unexpected facade SSHServer received from the controller
18:26:08 WARNING unexpected facade SSHSession received from the controller
18:26:08 WARNING unexpected facade SSHTunneler received from the controller
18:26:10 INFO Deploying ch:amd64/jammy/github-runner-image-builder-126
18:26:22 INFO Deploying local:jammy/github-runner-0
18:26:22 INFO Waiting for model:
  test-c65d8nsz/0 [allocating] waiting: waiting for machine
  github-runner-image-builder-c65d8nsz/0 [allocating] waiting: waiting for machine
18:26:52 INFO Waiting for model:
  test-c65d8nsz/0 [allocating] waiting: waiting for machine
  github-runner-image-builder-c65d8nsz/0 [allocating] waiting: waiting for machine
18:27:22 INFO Waiting for model:
  test-c65d8nsz/0 [allocating] waiting: waiting for machine
  github-runner-image-builder-c65d8nsz/0 [executing] maintenance: installing charm software
18:27:52 INFO Waiting for model:
  test-c65d8nsz/0 [allocating] waiting: waiting for machine
  github-runner-image-builder-c65d8nsz/0 [executing] maintenance: Setting up Builder.
18:28:23 INFO Waiting for model:
  test-c65d8nsz/0 [executing] waiting: agent initialising
  github-runner-image-builder-c65d8nsz/0 [executing] maintenance: Setting up Builder.
18:28:53 INFO Waiting for model:
  test-c65d8nsz/0 [executing] maintenance: installing charm software
  github-runner-image-builder-c65d8nsz/0 [executing] maintenance: Setting up Builder.
18:29:23 INFO Waiting for model:
  test-c65d8nsz/0 [idle] blocked: Please provide image integration.
  github-runner-image-builder-c65d8nsz/0 [executing] maintenance: Setting up Builder.
18:29:53 INFO Waiting for model:
  test-c65d8nsz/0 [idle] waiting: Waiting for image over integration.
  github-runner-image-builder-c65d8nsz/0 [executing] active: Building image.
18:30:24 INFO Waiting for model:
  test-c65d8nsz/0 [idle] waiting: Waiting for image over integration.
  github-runner-image-builder-c65d8nsz/0 [executing] active: Building image.
18:30:54 INFO Waiting for model:
  test-c65d8nsz/0 [idle] waiting: Waiting for image over integration.
  github-runner-image-builder-c65d8nsz/0 [executing] active: Building image.
18:31:25 INFO Waiting for model:
  test-c65d8nsz/0 [idle] waiting: Waiting for image over integration.
  github-runner-image-builder-c65d8nsz/0 [executing] active: Building image.
18:31:55 INFO Waiting for model:
  test-c65d8nsz/0 [idle] waiting: Waiting for image over integration.
  github-runner-image-builder-c65d8nsz/0 [executing] active: Building image.
18:32:26 INFO Waiting for model:
  test-c65d8nsz/0 [idle] waiting: Waiting for image over integration.
  github-runner-image-builder-c65d8nsz/0 [executing] active: Building image.
18:32:56 INFO Waiting for model:
  test-c65d8nsz/0 [idle] waiting: Waiting for image over integration.
  github-runner-image-builder-c65d8nsz/0 [executing] active: Building image.
18:33:27 INFO Waiting for model:
  test-c65d8nsz/0 [idle] waiting: Waiting for image over integration.
  github-runner-image-builder-c65d8nsz/0 [executing] active: Building image.
18:33:57 INFO Waiting for model:
  test-c65d8nsz/0 [idle] waiting: Waiting for image over integration.
  github-runner-image-builder-c65d8nsz/0 [executing] active: Building image.
18:34:27 INFO Waiting for model:
  test-c65d8nsz/0 [idle] waiting: Waiting for image over integration.
  github-runner-image-builder-c65d8nsz/0 [executing] active: Building image.
18:34:58 INFO Waiting for model:
  test-c65d8nsz/0 [idle] waiting: Waiting for image over integration.
  github-runner-image-builder-c65d8nsz/0 [executing] active: Building image.
18:35:28 INFO Waiting for model:
  test-c65d8nsz/0 [idle] waiting: Waiting for image over integration.
  github-runner-image-builder-c65d8nsz/0 [executing] active: Building image.
18:35:58 INFO Waiting for model:
  test-c65d8nsz/0 [idle] waiting: Waiting for image over integration.
  github-runner-image-builder-c65d8nsz/0 [executing] active: Building image.
18:36:29 INFO Waiting for model:
  test-c65d8nsz/0 [idle] waiting: Waiting for image over integration.
  github-runner-image-builder-c65d8nsz/0 [executing] active: Building image.
18:36:59 INFO Waiting for model:
  test-c65d8nsz/0 [idle] waiting: Waiting for image over integration.
  github-runner-image-builder-c65d8nsz/0 [executing] active: Building image.
18:37:30 INFO Waiting for model:
  test-c65d8nsz/0 [idle] waiting: Waiting for image over integration.
  github-runner-image-builder-c65d8nsz/0 [executing] active: Building image.
18:38:00 INFO Waiting for model:
  test-c65d8nsz/0 [idle] waiting: Waiting for image over integration.
  github-runner-image-builder-c65d8nsz/0 [executing] active: Building image.
18:38:31 INFO Waiting for model:
  test-c65d8nsz/0 [idle] waiting: Waiting for image over integration.
  github-runner-image-builder-c65d8nsz/0 [executing] active: Building image.
18:39:01 INFO Waiting for model:
  test-c65d8nsz/0 [idle] waiting: Waiting for image over integration.
  github-runner-image-builder-c65d8nsz/0 [executing] active: Building image.
18:39:31 INFO Waiting for model:
  test-c65d8nsz/0 [idle] waiting: Waiting for image over integration.
  github-runner-image-builder-c65d8nsz/0 [executing] active: Building image.
18:40:02 INFO Waiting for model:
  test-c65d8nsz/0 [idle] waiting: Waiting for image over integration.
  github-runner-image-builder-c65d8nsz/0 [executing] active: Building image.
18:40:32 INFO Waiting for model:
  test-c65d8nsz/0 [idle] waiting: Waiting for image over integration.
  github-runner-image-builder-c65d8nsz/0 [executing] active: Building image.
18:41:02 INFO Waiting for model:
  test-c65d8nsz/0 [idle] waiting: Waiting for image over integration.
  github-runner-image-builder-c65d8nsz/0 [executing] active: Building image.
18:41:33 INFO Waiting for model:
  test-c65d8nsz/0 [idle] waiting: Waiting for image over integration.
  github-runner-image-builder-c65d8nsz/0 [executing] active: Building image.
18:42:03 INFO Waiting for model:
  test-c65d8nsz/0 [idle] waiting: Waiting for image over integration.
  github-runner-image-builder-c65d8nsz/0 [executing] active: Building image.
18:42:34 INFO Waiting for model:
  test-c65d8nsz/0 [idle] waiting: Waiting for image over integration.
  github-runner-image-builder-c65d8nsz/0 [executing] active: Building image.
18:43:04 INFO Waiting for model:
  test-c65d8nsz/0 [idle] waiting: Waiting for image over integration.
  github-runner-image-builder-c65d8nsz/0 [executing] active: Building image.
18:43:34 INFO Waiting for model:
  test-c65d8nsz/0 [idle] waiting: Waiting for image over integration.
  github-runner-image-builder-c65d8nsz/0 [executing] active: Building image.
18:44:04 INFO Waiting for model:
  test-c65d8nsz/0 [idle] waiting: Waiting for image over integration.
  github-runner-image-builder-c65d8nsz/0 [executing] active: Building image.
18:44:35 INFO Waiting for model:
  test-c65d8nsz/0 [idle] waiting: Waiting for image over integration.
  github-runner-image-builder-c65d8nsz/0 [executing] active: Building image.
18:45:05 INFO Waiting for model:
  test-c65d8nsz/0 [idle] waiting: Waiting for image over integration.
  github-runner-image-builder-c65d8nsz/0 [executing] active: Building image.
18:45:36 INFO Waiting for model:
  test-c65d8nsz/0 [idle] waiting: Waiting for image over integration.
  github-runner-image-builder-c65d8nsz/0 [executing] active: Building image.
18:46:06 INFO Waiting for model:
  test-c65d8nsz/0 [idle] waiting: Waiting for image over integration.
  github-runner-image-builder-c65d8nsz/0 [executing] active: Building image.
18:46:36 INFO Waiting for model:
  test-c65d8nsz/0 [executing] maintenance: Update image for runners
  github-runner-image-builder-c65d8nsz/0 [idle] active: 
18:47:07 INFO GitHub token rate limit: Rate(reset=2025-10-13 19:15:37+00:00, remaining=4746, limit=5000)
18:47:18 INFO test_path_config_change
18:47:18 INFO Waiting for model:
  test-c65d8nsz/0 [idle] active: 
18:47:49 INFO Waiting for model:
  test-c65d8nsz/0 [idle] active: 
18:48:10 INFO Ensure there is a runner (this calls reconcile)
18:48:10 INFO Waiting for model:
  test-c65d8nsz/0 [idle] active: 
18:48:40 INFO Waiting for model:
  test-c65d8nsz/0 [idle] active: 
18:48:42 INFO Current reconcile ID: acab2ff7-360f-4d7d-b8d4-32b8e7dc40a1
18:48:42 INFO Waiting for reconcile ID: acab2ff7-360f-4d7d-b8d4-32b8e7dc40a1
18:49:44 INFO Current reconcile ID: acab2ff7-360f-4d7d-b8d4-32b8e7dc40a1
18:49:44 INFO Current reconcile ID: acab2ff7-360f-4d7d-b8d4-32b8e7dc40a1, expected reconcile ID: acab2ff7-360f-4d7d-b8d4-32b8e7dc40a1
18:49:44 INFO Waiting for reconcile ID: acab2ff7-360f-4d7d-b8d4-32b8e7dc40a1
18:50:45 INFO Current reconcile ID: 8d9f11b9-81b1-47c0-8c2b-30fcb3309917
18:50:45 INFO Current reconcile ID: 8d9f11b9-81b1-47c0-8c2b-30fcb3309917, expected reconcile ID: acab2ff7-360f-4d7d-b8d4-32b8e7dc40a1
18:50:48 INFO Reconciling (again)
18:50:48 INFO Waiting for model:
  test-c65d8nsz/0 [idle] active: 
18:51:18 INFO Waiting for model:
  test-c65d8nsz/0 [idle] active: 
18:51:25 INFO Current reconcile ID: a3437f8d-a761-4224-9559-2d31964a8ad2
18:51:25 INFO Waiting for reconcile ID: a3437f8d-a761-4224-9559-2d31964a8ad2
18:52:26 INFO Current reconcile ID: a3437f8d-a761-4224-9559-2d31964a8ad2
18:52:26 INFO Current reconcile ID: a3437f8d-a761-4224-9559-2d31964a8ad2, expected reconcile ID: a3437f8d-a761-4224-9559-2d31964a8ad2
18:52:26 INFO Waiting for reconcile ID: a3437f8d-a761-4224-9559-2d31964a8ad2
18:53:27 INFO Current reconcile ID: 661f67c3-e566-4a07-87c5-4d711fbf5997
18:53:27 INFO Current reconcile ID: 661f67c3-e566-4a07-87c5-4d711fbf5997, expected reconcile ID: a3437f8d-a761-4224-9559-2d31964a8ad2
18:54:04 INFO runners: ['test-c65d8nsz-0-n-426720f227fb']
18:54:04 INFO runners in github repo: [SelfHostedActionsRunner(name="amd-noble-stg-private-endpoint-ps7-1-n-e6ae8ea22dee"), SelfHostedActionsRunner(name="os-amd-noble-staging-ps6-3-n-3da447c160cb"), SelfHostedActionsRunner(name="os-amd-noble-staging-ps6-3-n-6093584963f5"), SelfHostedActionsRunner(name="os-amd-noble-staging-ps6-3-n-653325ff5502"), SelfHostedActionsRunner(name="os-amd-noble-staging-ps6-3-n-741acde4ba7f"), SelfHostedActionsRunner(name="os-amd-noble-staging-ps6-3-n-7942f39849c3"), SelfHostedActionsRunner(name="os-amd-noble-staging-ps6-3-n-86aab434ffde"), SelfHostedActionsRunner(name="os-amd-noble-staging-ps6-3-n-a1372ea8692f"), SelfHostedActionsRunner(name="os-amd-noble-staging-ps6-3-n-b0997f67fa7c"), SelfHostedActionsRunner(name="os-amd-noble-staging-ps6-3-n-d5b91e6fb5d0"), SelfHostedActionsRunner(name="os-amd-noble-staging-ps6-3-n-e7ad086a6f33"), SelfHostedActionsRunner(name="os-amd-noble-staging-ps6-3-n-e80cabe42a20"), SelfHostedActionsRunner(name="os-amd-noble-staging-ps7-1-n-8eee070efcee"), SelfHostedActionsRunner(name="reactive-amd64-pfe-ci-ps7-5-r-05a161c73e67"), SelfHostedActionsRunner(name="reactive-amd64-pfe-ci-ps7-5-r-2ad3668e0c58"), SelfHostedActionsRunner(name="reactive-amd64-pfe-ci-ps7-5-r-590b625e10be"), SelfHostedActionsRunner(name="reactive-amd64-pfe-ci-ps7-5-r-68035af49f29"), SelfHostedActionsRunner(name="reactive-amd64-pfe-ci-ps7-5-r-8875d3357433"), SelfHostedActionsRunner(name="reactive-amd64-pfe-ci-ps7-5-r-c8110dc05b6f"), SelfHostedActionsRunner(name="reactive-amd64-pfe-ci-ps7-5-r-f4d68efcdd69"), SelfHostedActionsRunner(name="test-c65d8nsz-0-n-426720f227fb"), SelfHostedActionsRunner(name="test-duoungyw-0-n-560d736bad56"), SelfHostedActionsRunner(name="test-dwuuuoh0-0-n-24a7e2374fdc"), SelfHostedActionsRunner(name="test-dzorj133-0-n-da113350756d"), SelfHostedActionsRunner(name="test-f4sh83dz-0-n-37a5b074ffda"), SelfHostedActionsRunner(name="test-g7w1rmzb-0-n-cedf22323fd8"), SelfHostedActionsRunner(name="test-i467o1nm-0-n-f557be2feb9a"), SelfHostedActionsRunner(name="test-ux86beii-0-n-f64bfdfcdead"), SelfHostedActionsRunner(name="test-w4d9hk4c-0-n-479101a74f85")]
18:54:07 INFO Model status:

Model                             Controller           Cloud/Region         Version  SLA          Timestamp
test-charm-fork-path-change-t4s3  github-pr-587b7-lxd  localhost/localhost  3.6.9    unsupported  18:54:07Z

App                                   Version  Status  Scale  Charm                        Channel      Rev  Exposed  Message
github-runner-image-builder-c65d8nsz           active      1  github-runner-image-builder  latest/edge  126  no       
test-c65d8nsz                                  active      1  github-runner                               0  no       

Unit                                     Workload  Agent  Machine  Public address  Ports  Message
github-runner-image-builder-c65d8nsz/0*  active    idle   0        10.94.134.76           
test-c65d8nsz/0*                         active    idle   1        10.94.134.232          

Machine  State    Address        Inst id        Base          AZ             Message
0        started  10.94.134.76   juju-346353-0  ubuntu@22.04  github-runner  Running
1        started  10.94.134.232  juju-346353-1  ubuntu@22.04  github-runner  Running

18:54:07 INFO Juju error logs:

machine-0: 18:27:15 ERROR juju.worker.dependency "lxd-container-provisioner" manifold worker returned unexpected error: container types not yet available
machine-0: 18:27:15 ERROR juju.worker.dependency "kvm-container-provisioner" manifold worker returned unexpected error: container types not yet available
unit-github-runner-image-builder-c65d8nsz-0: 18:27:15 ERROR juju.worker.meterstatus error running "meter-status-changed": charm missing from disk
unit-github-runner-image-builder-c65d8nsz-0: 18:28:03 ERROR unit.github-runner-image-builder-c65d8nsz/0.juju-log Pipx command failed, code: 1, out: None, err: None
machine-1: 18:28:11 ERROR juju.worker.dependency "lxd-container-provisioner" manifold worker returned unexpected error: container types not yet available
machine-1: 18:28:11 ERROR juju.worker.dependency "kvm-container-provisioner" manifold worker returned unexpected error: container types not yet available
unit-test-c65d8nsz-0: 18:28:11 ERROR juju.worker.meterstatus error running "meter-status-changed": charm missing from disk
unit-test-c65d8nsz-0: 18:29:05 ERROR unit.test-c65d8nsz/0.juju-log Missing image integration.
Traceback (most recent call last):
  File "/var/lib/juju/agents/unit-test-c65d8nsz-0/charm/./src/charm.py", line 118, in func_with_catch_errors
    func(self, event)
  File "/var/lib/juju/agents/unit-test-c65d8nsz-0/charm/./src/charm.py", line 342, in _on_config_changed
    self._check_image_ready()
  File "/var/lib/juju/agents/unit-test-c65d8nsz-0/charm/./src/charm.py", line 512, in _check_image_ready
    raise ImageIntegrationMissingError("No image integration found")
errors.ImageIntegrationMissingError: No image integration found
unit-test-c65d8nsz-0: 18:29:06 ERROR unit.test-c65d8nsz/0.juju-log Missing image integration.
Traceback (most recent call last):
  File "/var/lib/juju/agents/unit-test-c65d8nsz-0/charm/./src/charm.py", line 118, in func_with_catch_errors
    func(self, event)
  File "/var/lib/juju/agents/unit-test-c65d8nsz-0/charm/./src/charm.py", line 313, in _on_start
    self._check_image_ready()
  File "/var/lib/juju/agents/unit-test-c65d8nsz-0/charm/./src/charm.py", line 512, in _check_image_ready
    raise ImageIntegrationMissingError("No image integration found")
errors.ImageIntegrationMissingError: No image integration found
unit-test-c65d8nsz-0: 18:29:33 ERROR unit.test-c65d8nsz/0.juju-log image:0: Missing image in image integration.
Traceback (most recent call last):
  File "/var/lib/juju/agents/unit-test-c65d8nsz-0/charm/./src/charm.py", line 118, in func_with_catch_errors
    func(self, event)
  File "/var/lib/juju/agents/unit-test-c65d8nsz-0/charm/./src/charm.py", line 477, in _on_image_relation_changed
    self._check_image_ready()
  File "/var/lib/juju/agents/unit-test-c65d8nsz-0/charm/./src/charm.py", line 514, in _check_image_ready
    raise ImageNotFoundError("No image found in the image integration")
errors.ImageNotFoundError: No image found in the image integration

18:54:07 INFO Forgetting model main...