18:26:07 WARNING unexpected facade SSHServer received from the controller
18:26:07 INFO Adding model github-pr-587b7-lxd:test-charm-fork-repo-viej on cloud localhost
18:26:07 WARNING unexpected facade SSHServer received from the controller
18:26:07 WARNING unexpected facade SSHSession received from the controller
18:26:07 WARNING unexpected facade SSHTunneler received from the controller
18:26:08 INFO Deploying ch:amd64/jammy/github-runner-image-builder-126
18:26:23 INFO Deploying local:jammy/github-runner-0
18:26:23 INFO Waiting for model:
  test-bsaob1vi/0 [allocating] waiting: waiting for machine
  github-runner-image-builder-bsaob1vi/0 [allocating] waiting: waiting for machine
18:26:54 INFO Waiting for model:
  test-bsaob1vi/0 [allocating] waiting: waiting for machine
  github-runner-image-builder-bsaob1vi/0 [allocating] waiting: waiting for machine
18:27:24 INFO Waiting for model:
  test-bsaob1vi/0 [allocating] waiting: agent initialising
  github-runner-image-builder-bsaob1vi/0 [allocating] waiting: agent initialising
18:27:54 INFO Waiting for model:
  test-bsaob1vi/0 [executing] maintenance: installing charm software
  github-runner-image-builder-bsaob1vi/0 [executing] maintenance: Setting up Builder.
18:28:24 INFO Waiting for model:
  test-bsaob1vi/0 [executing] maintenance: installing charm software
  github-runner-image-builder-bsaob1vi/0 [executing] maintenance: Setting up Builder.
18:28:55 INFO Waiting for model:
  test-bsaob1vi/0 [idle] blocked: Please provide image integration.
  github-runner-image-builder-bsaob1vi/0 [executing] maintenance: Setting up Builder.
18:29:25 INFO Waiting for model:
  test-bsaob1vi/0 [idle] blocked: Please provide image integration.
  github-runner-image-builder-bsaob1vi/0 [executing] maintenance: Setting up Builder.
18:29:55 INFO Waiting for model:
  test-bsaob1vi/0 [idle] waiting: Waiting for image over integration.
  github-runner-image-builder-bsaob1vi/0 [executing] active: Building image.
18:30:26 INFO Waiting for model:
  test-bsaob1vi/0 [idle] waiting: Waiting for image over integration.
  github-runner-image-builder-bsaob1vi/0 [executing] active: Building image.
18:30:56 INFO Waiting for model:
  test-bsaob1vi/0 [idle] waiting: Waiting for image over integration.
  github-runner-image-builder-bsaob1vi/0 [executing] active: Building image.
18:31:26 INFO Waiting for model:
  test-bsaob1vi/0 [idle] waiting: Waiting for image over integration.
  github-runner-image-builder-bsaob1vi/0 [executing] active: Building image.
18:31:57 INFO Waiting for model:
  test-bsaob1vi/0 [idle] waiting: Waiting for image over integration.
  github-runner-image-builder-bsaob1vi/0 [executing] active: Building image.
18:32:27 INFO Waiting for model:
  test-bsaob1vi/0 [idle] waiting: Waiting for image over integration.
  github-runner-image-builder-bsaob1vi/0 [executing] active: Building image.
18:32:58 INFO Waiting for model:
  test-bsaob1vi/0 [idle] waiting: Waiting for image over integration.
  github-runner-image-builder-bsaob1vi/0 [executing] active: Building image.
18:33:28 INFO Waiting for model:
  test-bsaob1vi/0 [idle] waiting: Waiting for image over integration.
  github-runner-image-builder-bsaob1vi/0 [executing] active: Building image.
18:33:58 INFO Waiting for model:
  test-bsaob1vi/0 [idle] waiting: Waiting for image over integration.
  github-runner-image-builder-bsaob1vi/0 [executing] active: Building image.
18:34:29 INFO Waiting for model:
  test-bsaob1vi/0 [idle] waiting: Waiting for image over integration.
  github-runner-image-builder-bsaob1vi/0 [executing] active: Building image.
18:34:59 INFO Waiting for model:
  test-bsaob1vi/0 [idle] waiting: Waiting for image over integration.
  github-runner-image-builder-bsaob1vi/0 [executing] active: Building image.
18:35:30 INFO Waiting for model:
  test-bsaob1vi/0 [idle] waiting: Waiting for image over integration.
  github-runner-image-builder-bsaob1vi/0 [executing] active: Building image.
18:36:00 INFO Waiting for model:
  test-bsaob1vi/0 [idle] waiting: Waiting for image over integration.
  github-runner-image-builder-bsaob1vi/0 [executing] active: Building image.
18:36:30 INFO Waiting for model:
  test-bsaob1vi/0 [idle] waiting: Waiting for image over integration.
  github-runner-image-builder-bsaob1vi/0 [executing] active: Building image.
18:37:01 INFO Waiting for model:
  test-bsaob1vi/0 [idle] waiting: Waiting for image over integration.
  github-runner-image-builder-bsaob1vi/0 [executing] active: Building image.
18:37:31 INFO Waiting for model:
  test-bsaob1vi/0 [idle] waiting: Waiting for image over integration.
  github-runner-image-builder-bsaob1vi/0 [executing] active: Building image.
18:38:02 INFO Waiting for model:
  test-bsaob1vi/0 [idle] waiting: Waiting for image over integration.
  github-runner-image-builder-bsaob1vi/0 [executing] active: Building image.
18:38:32 INFO Waiting for model:
  test-bsaob1vi/0 [idle] waiting: Waiting for image over integration.
  github-runner-image-builder-bsaob1vi/0 [executing] active: Building image.
18:39:02 INFO Waiting for model:
  test-bsaob1vi/0 [idle] waiting: Waiting for image over integration.
  github-runner-image-builder-bsaob1vi/0 [executing] active: Building image.
18:39:33 INFO Waiting for model:
  test-bsaob1vi/0 [idle] waiting: Waiting for image over integration.
  github-runner-image-builder-bsaob1vi/0 [executing] active: Building image.
18:40:03 INFO Waiting for model:
  test-bsaob1vi/0 [idle] waiting: Waiting for image over integration.
  github-runner-image-builder-bsaob1vi/0 [executing] active: Building image.
18:40:34 INFO Waiting for model:
  test-bsaob1vi/0 [idle] waiting: Waiting for image over integration.
  github-runner-image-builder-bsaob1vi/0 [executing] active: Building image.
18:41:04 INFO Waiting for model:
  test-bsaob1vi/0 [idle] waiting: Waiting for image over integration.
  github-runner-image-builder-bsaob1vi/0 [executing] active: Building image.
18:41:34 INFO Waiting for model:
  test-bsaob1vi/0 [idle] waiting: Waiting for image over integration.
  github-runner-image-builder-bsaob1vi/0 [executing] active: Building image.
18:42:04 INFO Waiting for model:
  test-bsaob1vi/0 [idle] waiting: Waiting for image over integration.
  github-runner-image-builder-bsaob1vi/0 [executing] active: Building image.
18:42:35 INFO Waiting for model:
  test-bsaob1vi/0 [idle] waiting: Waiting for image over integration.
  github-runner-image-builder-bsaob1vi/0 [executing] active: Building image.
18:43:05 INFO Waiting for model:
  test-bsaob1vi/0 [idle] waiting: Waiting for image over integration.
  github-runner-image-builder-bsaob1vi/0 [executing] active: Building image.
18:43:35 INFO Waiting for model:
  test-bsaob1vi/0 [idle] waiting: Waiting for image over integration.
  github-runner-image-builder-bsaob1vi/0 [executing] active: Building image.
18:44:05 INFO Waiting for model:
  test-bsaob1vi/0 [idle] waiting: Waiting for image over integration.
  github-runner-image-builder-bsaob1vi/0 [executing] active: Building image.
18:44:36 INFO Waiting for model:
  test-bsaob1vi/0 [idle] waiting: Waiting for image over integration.
  github-runner-image-builder-bsaob1vi/0 [executing] active: Building image.
18:45:06 INFO Waiting for model:
  test-bsaob1vi/0 [executing] maintenance: Update image for runners
  github-runner-image-builder-bsaob1vi/0 [idle] active: 
18:45:35 INFO GitHub token rate limit: Rate(reset=2025-10-13 19:15:37+00:00, remaining=4829, limit=5000)
18:46:25 INFO Waiting for model:
  test-bsaob1vi/0 [idle] active: 
18:46:56 INFO Waiting for model:
  test-bsaob1vi/0 [idle] active: 
18:46:58 INFO Current reconcile ID: 2fda9121-0d42-4087-8823-7e9109d7fecd
18:46:58 INFO Waiting for reconcile ID: 2fda9121-0d42-4087-8823-7e9109d7fecd
18:47:59 INFO Current reconcile ID: 2fda9121-0d42-4087-8823-7e9109d7fecd
18:47:59 INFO Current reconcile ID: 2fda9121-0d42-4087-8823-7e9109d7fecd, expected reconcile ID: 2fda9121-0d42-4087-8823-7e9109d7fecd
18:47:59 INFO Waiting for reconcile ID: 2fda9121-0d42-4087-8823-7e9109d7fecd
18:49:00 INFO Current reconcile ID: a4644cb2-86d4-4485-8df4-c844f5f89c6e
18:49:00 INFO Current reconcile ID: a4644cb2-86d4-4485-8df4-c844f5f89c6e, expected reconcile ID: 2fda9121-0d42-4087-8823-7e9109d7fecd
18:49:04 INFO [TEST SETUP] Exposing port 8080 on test-bsaob1vi-0-n-7f869f8c8a7b
18:49:04 WARNING dict_values([[{'version': 4, 'addr': '10.151.122.236', 'OS-EXT-IPS:type': 'fixed', 'OS-EXT-IPS-MAC:mac_addr': 'fa:16:3e:19:fc:16'}]])
18:49:05 INFO ssh tunnel command ssh -fNT -R 8080:localhost:8080 -i /home/runner-manager/.ssh/test-bsaob1vi-0-n-7f869f8c8a7b.key -o "StrictHostKeyChecking no" -o "ControlPersist yes" ubuntu@10.151.122.236 &
18:49:06 INFO ssh tunnel result 0 None Warning: Permanently added '10.151.122.236' (ED25519) to the list of known hosts.

18:49:07 INFO [TEST SETUP] Run command nc -z localhost 8080 on test-bsaob1vi-0-n-7f869f8c8a7b
18:49:07 WARNING dict_values([[{'version': 4, 'addr': '10.151.122.236', 'OS-EXT-IPS:type': 'fixed', 'OS-EXT-IPS-MAC:mac_addr': 'fa:16:3e:19:fc:16'}]])
18:49:08 WARNING ssh_cmd: su - ubuntu -c 'ssh -i /home/runner-manager/.ssh/test-bsaob1vi-0-n-7f869f8c8a7b.key -o "StrictHostKeyChecking no" ubuntu@10.151.122.236 nc -z localhost 8080'
18:49:09 INFO Run command 'nc -z localhost 8080' in runner with result 0: 'None' 'Connection to localhost (127.0.0.1) 8080 port [tcp/http-alt] succeeded!
'
18:49:10 INFO [TEST SETUP] Run command curl http://localhost:8080 on test-bsaob1vi-0-n-7f869f8c8a7b
18:49:10 WARNING dict_values([[{'version': 4, 'addr': '10.151.122.236', 'OS-EXT-IPS:type': 'fixed', 'OS-EXT-IPS-MAC:mac_addr': 'fa:16:3e:19:fc:16'}]])
18:49:11 WARNING ssh_cmd: su - ubuntu -c 'ssh -i /home/runner-manager/.ssh/test-bsaob1vi-0-n-7f869f8c8a7b.key -o "StrictHostKeyChecking no" ubuntu@10.151.122.236 curl http://localhost:8080'
18:49:12 INFO Run command 'curl http://localhost:8080' in runner with result 0: '<!doctype html>
<html lang=en>
<title>404 Not Found</title>
<h1>Not Found</h1>
<p>The requested URL was not found on the server. If you entered the URL manually please check your spelling and try again.</p>
' '  % Total    % Received % Xferd  Average Speed   Time    Time     Time  Current
                                 Dload  Upload   Total   Spent    Left  Speed
  0     0    0     0    0     0      0      0 --:--:-- --:--:-- --:--:--     0100   207  100   207    0     0   101k      0 --:--:-- --:--:-- --:--:--  202k
'
18:49:13 INFO Wait for condition not met, sleeping 10
18:49:24 INFO Wait for condition not met, sleeping 60
18:50:29 INFO Model status:

Model                      Controller           Cloud/Region         Version  SLA          Timestamp
test-charm-fork-repo-viej  github-pr-587b7-lxd  localhost/localhost  3.6.9    unsupported  18:50:29Z

App                                   Version  Status  Scale  Charm                        Channel      Rev  Exposed  Message
github-runner-image-builder-bsaob1vi           active      1  github-runner-image-builder  latest/edge  126  no       
test-bsaob1vi                                  active      1  github-runner                               0  yes      

Unit                                     Workload  Agent  Machine  Public address  Ports     Message
github-runner-image-builder-bsaob1vi/0*  active    idle   0        10.33.251.210             
test-bsaob1vi/0*                         active    idle   1        10.33.251.240   8080/tcp  

Machine  State    Address        Inst id        Base          AZ             Message
0        started  10.33.251.210  juju-43149f-0  ubuntu@22.04  github-runner  Running
1        started  10.33.251.240  juju-43149f-1  ubuntu@22.04  github-runner  Running

18:50:29 INFO Juju error logs:

machine-0: 18:27:20 ERROR juju.worker.dependency "kvm-container-provisioner" manifold worker returned unexpected error: container types not yet available
machine-0: 18:27:20 ERROR juju.worker.dependency "lxd-container-provisioner" manifold worker returned unexpected error: container types not yet available
unit-github-runner-image-builder-bsaob1vi-0: 18:27:20 ERROR juju.worker.meterstatus error running "meter-status-changed": charm missing from disk
machine-1: 18:27:21 ERROR juju.worker.dependency "kvm-container-provisioner" manifold worker returned unexpected error: container types not yet available
machine-1: 18:27:21 ERROR juju.worker.dependency "lxd-container-provisioner" manifold worker returned unexpected error: container types not yet available
unit-test-bsaob1vi-0: 18:27:21 ERROR juju.worker.meterstatus error running "meter-status-changed": charm missing from disk
unit-github-runner-image-builder-bsaob1vi-0: 18:28:04 ERROR unit.github-runner-image-builder-bsaob1vi/0.juju-log Pipx command failed, code: 1, out: None, err: None
unit-test-bsaob1vi-0: 18:28:32 ERROR unit.test-bsaob1vi/0.juju-log Missing image integration.
Traceback (most recent call last):
  File "/var/lib/juju/agents/unit-test-bsaob1vi-0/charm/./src/charm.py", line 118, in func_with_catch_errors
    func(self, event)
  File "/var/lib/juju/agents/unit-test-bsaob1vi-0/charm/./src/charm.py", line 342, in _on_config_changed
    self._check_image_ready()
  File "/var/lib/juju/agents/unit-test-bsaob1vi-0/charm/./src/charm.py", line 512, in _check_image_ready
    raise ImageIntegrationMissingError("No image integration found")
errors.ImageIntegrationMissingError: No image integration found
unit-test-bsaob1vi-0: 18:28:34 ERROR unit.test-bsaob1vi/0.juju-log Missing image integration.
Traceback (most recent call last):
  File "/var/lib/juju/agents/unit-test-bsaob1vi-0/charm/./src/charm.py", line 118, in func_with_catch_errors
    func(self, event)
  File "/var/lib/juju/agents/unit-test-bsaob1vi-0/charm/./src/charm.py", line 313, in _on_start
    self._check_image_ready()
  File "/var/lib/juju/agents/unit-test-bsaob1vi-0/charm/./src/charm.py", line 512, in _check_image_ready
    raise ImageIntegrationMissingError("No image integration found")
errors.ImageIntegrationMissingError: No image integration found
unit-test-bsaob1vi-0: 18:29:33 ERROR unit.test-bsaob1vi/0.juju-log image:0: Missing image in image integration.
Traceback (most recent call last):
  File "/var/lib/juju/agents/unit-test-bsaob1vi-0/charm/./src/charm.py", line 118, in func_with_catch_errors
    func(self, event)
  File "/var/lib/juju/agents/unit-test-bsaob1vi-0/charm/./src/charm.py", line 477, in _on_image_relation_changed
    self._check_image_ready()
  File "/var/lib/juju/agents/unit-test-bsaob1vi-0/charm/./src/charm.py", line 514, in _check_image_ready
    raise ImageNotFoundError("No image found in the image integration")
errors.ImageNotFoundError: No image found in the image integration

18:50:29 INFO Forgetting model main...