18:18:42 WARNING unexpected facade SSHServer received from the controller
18:18:42 INFO Adding model github-pr-fe65c-lxd:test-charm-fork-repo-1mp0 on cloud localhost
18:18:42 WARNING unexpected facade SSHServer received from the controller
18:18:42 WARNING unexpected facade SSHSession received from the controller
18:18:42 WARNING unexpected facade SSHTunneler received from the controller
18:18:42 INFO Deploying fake image builder via any-charm for image ID 1ad6e456-fa35-47ef-988f-1e793a60f258
18:18:43 INFO Deploying ch:amd64/noble/any-charm-124
18:19:00 INFO Deploying local:jammy/github-runner-0
18:19:01 INFO Waiting for model:
  test-jruz9jtr/0 [allocating] waiting: waiting for machine
  github-runner-image-builder-jruz9jtr/0 [allocating] waiting: waiting for machine
18:19:31 INFO Waiting for model:
  test-jruz9jtr/0 [allocating] waiting: waiting for machine
  github-runner-image-builder-jruz9jtr/0 [allocating] waiting: waiting for machine
18:20:02 INFO Waiting for model:
  test-jruz9jtr/0 [allocating] waiting: waiting for machine
  github-runner-image-builder-jruz9jtr/0 [executing] maintenance: installing charm software
18:20:32 INFO Waiting for model:
  test-jruz9jtr/0 [allocating] waiting: waiting for machine
18:21:02 INFO Waiting for model:
  test-jruz9jtr/0 [allocating] waiting: agent initialising
18:21:32 INFO Waiting for model:
  test-jruz9jtr/0 [executing] maintenance: installing charm software
18:22:02 INFO Waiting for model:
  test-jruz9jtr/0 [executing] maintenance: installing charm software
18:22:33 INFO Waiting for model:
  test-jruz9jtr/0 [executing] maintenance: Update image for runners
  github-runner-image-builder-jruz9jtr/0 [idle] active: 
18:22:58 INFO GitHub token rate limit: Rate(reset=2026-01-11 18:28:47+00:00, remaining=4890, limit=5000)
18:23:50 INFO Waiting for model:
  test-jruz9jtr/0 [idle] active: 
18:24:20 INFO Waiting for model:
  test-jruz9jtr/0 [idle] active: 
18:24:23 INFO Current reconcile ID: 66d3bf91-cf64-42a7-9e44-51648793e893
18:24:23 INFO Waiting for reconcile ID: 66d3bf91-cf64-42a7-9e44-51648793e893
18:25:24 INFO Current reconcile ID: 66d3bf91-cf64-42a7-9e44-51648793e893
18:25:24 INFO Current reconcile ID: 66d3bf91-cf64-42a7-9e44-51648793e893, expected reconcile ID: 66d3bf91-cf64-42a7-9e44-51648793e893
18:25:24 INFO Waiting for reconcile ID: 66d3bf91-cf64-42a7-9e44-51648793e893
18:26:25 INFO Current reconcile ID: 3202a410-eda6-42f2-9e53-361db51746f8
18:26:25 INFO Current reconcile ID: 3202a410-eda6-42f2-9e53-361db51746f8, expected reconcile ID: 66d3bf91-cf64-42a7-9e44-51648793e893
18:26:29 INFO [TEST SETUP] Exposing port 8080 on test-jruz9jtr-0-n-89d916ae81ee
18:26:29 WARNING dict_values([[{'version': 4, 'addr': '10.151.122.129', 'OS-EXT-IPS:type': 'fixed', 'OS-EXT-IPS-MAC:mac_addr': 'fa:16:3e:3d:c2:ea'}]])
18:26:30 INFO ssh tunnel command ssh -fNT -R 8080:localhost:8080 -i /home/runner-manager/.ssh/test-jruz9jtr-0-n-89d916ae81ee.key -o "StrictHostKeyChecking no" -o "ControlPersist yes" ubuntu@10.151.122.129 &
18:26:31 INFO ssh tunnel result 0 None Warning: Permanently added '10.151.122.129' (ED25519) to the list of known hosts.

18:26:32 INFO [TEST SETUP] Run command nc -z localhost 8080 on test-jruz9jtr-0-n-89d916ae81ee
18:26:32 WARNING dict_values([[{'version': 4, 'addr': '10.151.122.129', 'OS-EXT-IPS:type': 'fixed', 'OS-EXT-IPS-MAC:mac_addr': 'fa:16:3e:3d:c2:ea'}]])
18:26:33 WARNING ssh_cmd: su - ubuntu -c 'ssh -i /home/runner-manager/.ssh/test-jruz9jtr-0-n-89d916ae81ee.key -o "StrictHostKeyChecking no" ubuntu@10.151.122.129 nc -z localhost 8080'
18:26:34 INFO Run command 'nc -z localhost 8080' in runner with result 0: 'None' 'Connection to localhost (127.0.0.1) 8080 port [tcp/http-alt] succeeded!
'
18:26:34 INFO [TEST SETUP] Run command curl http://localhost:8080 on test-jruz9jtr-0-n-89d916ae81ee
18:26:34 WARNING dict_values([[{'version': 4, 'addr': '10.151.122.129', 'OS-EXT-IPS:type': 'fixed', 'OS-EXT-IPS-MAC:mac_addr': 'fa:16:3e:3d:c2:ea'}]])
18:26:35 WARNING ssh_cmd: su - ubuntu -c 'ssh -i /home/runner-manager/.ssh/test-jruz9jtr-0-n-89d916ae81ee.key -o "StrictHostKeyChecking no" ubuntu@10.151.122.129 curl http://localhost:8080'
18:26:36 INFO Run command 'curl http://localhost:8080' in runner with result 0: '<!doctype html>
<html lang=en>
<title>404 Not Found</title>
<h1>Not Found</h1>
<p>The requested URL was not found on the server. If you entered the URL manually please check your spelling and try again.</p>
' '  % Total    % Received % Xferd  Average Speed   Time    Time     Time  Current
                                 Dload  Upload   Total   Spent    Left  Speed
  0     0    0     0    0     0      0      0 --:--:-- --:--:-- --:--:--     0100   207  100   207    0     0  86430      0 --:--:-- --:--:-- --:--:--  101k
'
18:26:39 INFO Wait for condition not met, sleeping 10
18:26:50 INFO Wait for condition not met, sleeping 60
18:27:58 INFO Model status:

Model                      Controller           Cloud/Region         Version  SLA          Timestamp
test-charm-fork-repo-1mp0  github-pr-fe65c-lxd  localhost/localhost  3.6.12   unsupported  18:27:58Z

App                                   Version  Status  Scale  Charm          Channel      Rev  Exposed  Message
github-runner-image-builder-jruz9jtr           active      1  any-charm      latest/beta  124  no       
test-jruz9jtr                                  active      1  github-runner                 0  yes      

Unit                                     Workload  Agent  Machine  Public address  Ports     Message
github-runner-image-builder-jruz9jtr/0*  active    idle   0        10.68.121.39              
test-jruz9jtr/0*                         active    idle   1        10.68.121.211   8080/tcp  

Machine  State    Address        Inst id        Base          AZ             Message
0        started  10.68.121.39   juju-1e74e2-0  ubuntu@24.04  github-runner  Running
1        started  10.68.121.211  juju-1e74e2-1  ubuntu@22.04  github-runner  Running

18:27:58 INFO Juju error logs:

machine-0: 18:19:55 ERROR juju.worker.dependency "kvm-container-provisioner" manifold worker returned unexpected error: container types not yet available
machine-0: 18:19:55 ERROR juju.worker.dependency "lxd-container-provisioner" manifold worker returned unexpected error: container types not yet available
machine-1: 18:20:51 ERROR juju.worker.dependency "lxd-container-provisioner" manifold worker returned unexpected error: container types not yet available
machine-1: 18:20:51 ERROR juju.worker.dependency "kvm-container-provisioner" manifold worker returned unexpected error: container types not yet available
unit-test-jruz9jtr-0: 18:22:19 ERROR unit.test-jruz9jtr/0.juju-log Missing image integration.
Traceback (most recent call last):
  File "/var/lib/juju/agents/unit-test-jruz9jtr-0/charm/./src/charm.py", line 119, in func_with_catch_errors
    func(self, event)
  File "/var/lib/juju/agents/unit-test-jruz9jtr-0/charm/./src/charm.py", line 354, in _on_config_changed
    self._check_image_ready()
  File "/var/lib/juju/agents/unit-test-jruz9jtr-0/charm/./src/charm.py", line 524, in _check_image_ready
    raise ImageIntegrationMissingError("No image integration found")
errors.ImageIntegrationMissingError: No image integration found
unit-test-jruz9jtr-0: 18:22:20 ERROR unit.test-jruz9jtr/0.juju-log Missing image integration.
Traceback (most recent call last):
  File "/var/lib/juju/agents/unit-test-jruz9jtr-0/charm/./src/charm.py", line 119, in func_with_catch_errors
    func(self, event)
  File "/var/lib/juju/agents/unit-test-jruz9jtr-0/charm/./src/charm.py", line 317, in _on_start
    self._check_image_ready()
  File "/var/lib/juju/agents/unit-test-jruz9jtr-0/charm/./src/charm.py", line 524, in _check_image_ready
    raise ImageIntegrationMissingError("No image integration found")
errors.ImageIntegrationMissingError: No image integration found

18:27:58 INFO Forgetting model main...