18:42:48 INFO Waiting for model:
  test-fy5v7bax/0 [idle] active: 
18:43:18 INFO Waiting for model:
  test-fy5v7bax/0 [idle] active: 
18:43:20 INFO Current reconcile ID: 8b7d50ca-65d5-44b1-8784-d0add2779b66
18:43:20 INFO Waiting for reconcile ID: 8b7d50ca-65d5-44b1-8784-d0add2779b66
18:44:21 INFO Current reconcile ID: 8b7d50ca-65d5-44b1-8784-d0add2779b66
18:44:21 INFO Current reconcile ID: 8b7d50ca-65d5-44b1-8784-d0add2779b66, expected reconcile ID: 8b7d50ca-65d5-44b1-8784-d0add2779b66
18:44:21 INFO Waiting for reconcile ID: 8b7d50ca-65d5-44b1-8784-d0add2779b66
18:45:22 INFO Current reconcile ID: c86525be-4f6e-45f8-88b9-b96ccd70712f
18:45:22 INFO Current reconcile ID: c86525be-4f6e-45f8-88b9-b96ccd70712f, expected reconcile ID: 8b7d50ca-65d5-44b1-8784-d0add2779b66
18:45:26 INFO [TEST SETUP] Exposing port 8080 on test-fy5v7bax-0-n-d4ae1f3ef13d
18:45:26 WARNING dict_values([[{'version': 4, 'addr': '10.151.122.53', 'OS-EXT-IPS:type': 'fixed', 'OS-EXT-IPS-MAC:mac_addr': 'fa:16:3e:eb:22:b3'}]])
18:45:27 INFO ssh tunnel command ssh -fNT -R 8080:localhost:8080 -i /home/runner-manager/.ssh/test-fy5v7bax-0-n-d4ae1f3ef13d.key -o "StrictHostKeyChecking no" -o "ControlPersist yes" ubuntu@10.151.122.53 &
18:45:28 INFO ssh tunnel result 0 None Warning: Permanently added '10.151.122.53' (ED25519) to the list of known hosts.

18:45:30 INFO [TEST SETUP] Run command nc -z localhost 8080 on test-fy5v7bax-0-n-d4ae1f3ef13d
18:45:30 WARNING dict_values([[{'version': 4, 'addr': '10.151.122.53', 'OS-EXT-IPS:type': 'fixed', 'OS-EXT-IPS-MAC:mac_addr': 'fa:16:3e:eb:22:b3'}]])
18:45:31 WARNING ssh_cmd: su - ubuntu -c 'ssh -i /home/runner-manager/.ssh/test-fy5v7bax-0-n-d4ae1f3ef13d.key -o "StrictHostKeyChecking no" ubuntu@10.151.122.53 nc -z localhost 8080'
18:45:32 INFO Run command 'nc -z localhost 8080' in runner with result 0: 'None' 'Connection to localhost (127.0.0.1) 8080 port [tcp/http-alt] succeeded!
'
18:45:32 INFO [TEST SETUP] Run command curl http://localhost:8080 on test-fy5v7bax-0-n-d4ae1f3ef13d
18:45:32 WARNING dict_values([[{'version': 4, 'addr': '10.151.122.53', 'OS-EXT-IPS:type': 'fixed', 'OS-EXT-IPS-MAC:mac_addr': 'fa:16:3e:eb:22:b3'}]])
18:45:33 WARNING ssh_cmd: su - ubuntu -c 'ssh -i /home/runner-manager/.ssh/test-fy5v7bax-0-n-d4ae1f3ef13d.key -o "StrictHostKeyChecking no" ubuntu@10.151.122.53 curl http://localhost:8080'
18:45:34 INFO Run command 'curl http://localhost:8080' in runner with result 0: '<!doctype html>
<html lang=en>
<title>404 Not Found</title>
<h1>Not Found</h1>
<p>The requested URL was not found on the server. If you entered the URL manually please check your spelling and try again.</p>
' '  % Total    % Received % Xferd  Average Speed   Time    Time     Time  Current
                                 Dload  Upload   Total   Spent    Left  Speed
  0     0    0     0    0     0      0      0 --:--:-- --:--:-- --:--:--     0100   207  100   207    0     0  95479      0 --:--:-- --:--:-- --:--:--  101k
'
18:45:36 INFO Wait for condition not met, sleeping 10
18:45:47 INFO Waiting for model:
  test-fy5v7bax/0 [idle] active: 
18:46:18 INFO Waiting for model:
  test-fy5v7bax/0 [idle] active: 
18:46:20 INFO Current reconcile ID: 7517d897-2108-4647-9691-a37a29cc6aae
18:46:20 INFO Waiting for reconcile ID: 7517d897-2108-4647-9691-a37a29cc6aae
18:47:21 INFO Current reconcile ID: 7517d897-2108-4647-9691-a37a29cc6aae
18:47:21 INFO Current reconcile ID: 7517d897-2108-4647-9691-a37a29cc6aae, expected reconcile ID: 7517d897-2108-4647-9691-a37a29cc6aae
18:47:21 INFO Waiting for reconcile ID: 7517d897-2108-4647-9691-a37a29cc6aae
18:48:22 INFO Current reconcile ID: ff93c3c0-23f7-4caa-a1d8-d76c76a7367b
18:48:22 INFO Current reconcile ID: ff93c3c0-23f7-4caa-a1d8-d76c76a7367b, expected reconcile ID: 7517d897-2108-4647-9691-a37a29cc6aae
18:48:22 INFO Model status:

Model                   Controller           Cloud/Region         Version  SLA          Timestamp
test-charm-runner-5zmc  github-pr-fe65c-lxd  localhost/localhost  3.6.12   unsupported  18:48:22Z

App                                   Version  Status  Scale  Charm          Channel      Rev  Exposed  Message
github-runner-image-builder-fy5v7bax           active      1  any-charm      latest/beta  124  no       
test-fy5v7bax                                  active      1  github-runner                 0  yes      

Unit                                     Workload  Agent  Machine  Public address  Ports     Message
github-runner-image-builder-fy5v7bax/0*  active    idle   0        10.88.152.188             
test-fy5v7bax/0*                         active    idle   1        10.88.152.10    8080/tcp  

Machine  State    Address        Inst id        Base          AZ             Message
0        started  10.88.152.188  juju-b7f77c-0  ubuntu@24.04  github-runner  Running
1        started  10.88.152.10   juju-b7f77c-1  ubuntu@22.04  github-runner  Running

18:48:23 INFO Juju error logs:

machine-0: 18:19:28 ERROR juju.worker.dependency "lxd-container-provisioner" manifold worker returned unexpected error: container types not yet available
machine-0: 18:19:28 ERROR juju.worker.dependency "kvm-container-provisioner" manifold worker returned unexpected error: container types not yet available
machine-1: 18:20:57 ERROR juju.worker.dependency "lxd-container-provisioner" manifold worker returned unexpected error: container types not yet available
machine-1: 18:20:57 ERROR juju.worker.dependency "kvm-container-provisioner" manifold worker returned unexpected error: container types not yet available
unit-test-fy5v7bax-0: 18:22:25 ERROR unit.test-fy5v7bax/0.juju-log Missing image integration.
Traceback (most recent call last):
  File "/var/lib/juju/agents/unit-test-fy5v7bax-0/charm/./src/charm.py", line 119, in func_with_catch_errors
    func(self, event)
  File "/var/lib/juju/agents/unit-test-fy5v7bax-0/charm/./src/charm.py", line 354, in _on_config_changed
    self._check_image_ready()
  File "/var/lib/juju/agents/unit-test-fy5v7bax-0/charm/./src/charm.py", line 524, in _check_image_ready
    raise ImageIntegrationMissingError("No image integration found")
errors.ImageIntegrationMissingError: No image integration found
unit-test-fy5v7bax-0: 18:22:26 ERROR unit.test-fy5v7bax/0.juju-log Missing image integration.
Traceback (most recent call last):
  File "/var/lib/juju/agents/unit-test-fy5v7bax-0/charm/./src/charm.py", line 119, in func_with_catch_errors
    func(self, event)
  File "/var/lib/juju/agents/unit-test-fy5v7bax-0/charm/./src/charm.py", line 317, in _on_start
    self._check_image_ready()
  File "/var/lib/juju/agents/unit-test-fy5v7bax-0/charm/./src/charm.py", line 524, in _check_image_ready
    raise ImageIntegrationMissingError("No image integration found")
errors.ImageIntegrationMissingError: No image integration found

18:48:23 INFO Forgetting model main...