07:05:13 WARNING unexpected facade SSHServer received from the controller
07:05:13 INFO Adding model github-pr-b87fd-lxd:test-charm-upgrade-b8eh on cloud localhost
07:05:13 WARNING unexpected facade SSHServer received from the controller
07:05:13 WARNING unexpected facade SSHSession received from the controller
07:05:13 WARNING unexpected facade SSHTunneler received from the controller
07:05:13 INFO Deploying fake image builder via any-charm for image ID 1ad6e456-fa35-47ef-988f-1e793a60f258
07:05:15 INFO Deploying ch:amd64/noble/any-charm-133
07:05:35 INFO Deploying local:jammy/github-runner-0
07:05:35 INFO Waiting for model:
  test-bjgtbcuy/0 [allocating] waiting: waiting for machine
  github-runner-image-builder-bjgtbcuy/0 [allocating] waiting: waiting for machine
07:06:05 INFO Waiting for model:
  test-bjgtbcuy/0 [allocating] waiting: waiting for machine
  github-runner-image-builder-bjgtbcuy/0 [allocating] waiting: agent initialising
07:06:35 INFO Waiting for model:
  test-bjgtbcuy/0 [allocating] waiting: waiting for machine
  github-runner-image-builder-bjgtbcuy/0 [idle] active: 
07:07:05 INFO Waiting for model:
  test-bjgtbcuy/0 [allocating] waiting: agent initialising
07:07:35 INFO Waiting for model:
  test-bjgtbcuy/0 [executing] maintenance: installing charm software
07:08:05 INFO Waiting for model:
  test-bjgtbcuy/0 [executing] maintenance: Update image for runners
07:08:35 INFO Waiting for model:
  test-bjgtbcuy/0 [idle] active: 
07:10:36 INFO Waiting for model:
  test-bjgtbcuy/0 [idle] active:
07:11:08 INFO Model status:

Model                    Controller           Cloud/Region         Version  SLA          Timestamp
test-charm-upgrade-b8eh  github-pr-b87fd-lxd  localhost/localhost  3.6.14   unsupported  07:11:08Z

App                                   Version  Status  Scale  Charm          Channel      Rev  Exposed  Message
github-runner-image-builder-bjgtbcuy           active      1  any-charm      latest/beta  133  no       
test-bjgtbcuy                                  active      1  github-runner                 1  no       

Unit                                     Workload  Agent  Machine  Public address  Ports  Message
github-runner-image-builder-bjgtbcuy/0*  active    idle   0        10.230.58.241          
test-bjgtbcuy/0*                         active    idle   1        10.230.58.99           

Machine  State    Address        Inst id        Base          AZ             Message
0        started  10.230.58.241  juju-793171-0  ubuntu@24.04  github-runner  Running
1        started  10.230.58.99   juju-793171-1  ubuntu@22.04  github-runner  Running

07:11:08 INFO Juju error logs:

machine-0: 07:06:04 ERROR juju.worker.dependency "kvm-container-provisioner" manifold worker returned unexpected error: container types not yet available
machine-0: 07:06:04 ERROR juju.worker.dependency "lxd-container-provisioner" manifold worker returned unexpected error: container types not yet available
machine-1: 07:07:03 ERROR juju.worker.dependency "lxd-container-provisioner" manifold worker returned unexpected error: container types not yet available
machine-1: 07:07:03 ERROR juju.worker.dependency "kvm-container-provisioner" manifold worker returned unexpected error: container types not yet available
unit-test-bjgtbcuy-0: 07:08:01 ERROR unit.test-bjgtbcuy/0.juju-log Missing image integration.
Traceback (most recent call last):
  File "/var/lib/juju/agents/unit-test-bjgtbcuy-0/charm/./src/charm.py", line 120, in func_with_catch_errors
    func(self, event)
  File "/var/lib/juju/agents/unit-test-bjgtbcuy-0/charm/./src/charm.py", line 366, in _on_config_changed
    self._check_image_ready()
  File "/var/lib/juju/agents/unit-test-bjgtbcuy-0/charm/./src/charm.py", line 536, in _check_image_ready
    raise ImageIntegrationMissingError("No image integration found")
errors.ImageIntegrationMissingError: No image integration found
unit-test-bjgtbcuy-0: 07:08:02 ERROR unit.test-bjgtbcuy/0.juju-log Missing image integration.
Traceback (most recent call last):
  File "/var/lib/juju/agents/unit-test-bjgtbcuy-0/charm/./src/charm.py", line 120, in func_with_catch_errors
    func(self, event)
  File "/var/lib/juju/agents/unit-test-bjgtbcuy-0/charm/./src/charm.py", line 329, in _on_start
    self._check_image_ready()
  File "/var/lib/juju/agents/unit-test-bjgtbcuy-0/charm/./src/charm.py", line 536, in _check_image_ready
    raise ImageIntegrationMissingError("No image integration found")
errors.ImageIntegrationMissingError: No image integration found

07:11:08 INFO Forgetting model main...