07:00:58 WARNING unexpected facade SSHServer received from the controller
07:00:58 INFO Adding model github-pr-b87fd-lxd:test-multi-unit-same-machine-gnc1 on cloud localhost
07:00:58 WARNING unexpected facade SSHServer received from the controller
07:00:58 WARNING unexpected facade SSHSession received from the controller
07:00:58 WARNING unexpected facade SSHTunneler received from the controller
07:00:58 INFO Deploying fake image builder via any-charm for image ID 1ad6e456-fa35-47ef-988f-1e793a60f258
07:01:01 INFO Deploying ch:amd64/noble/any-charm-133
07:01:15 INFO Deploying local:jammy/github-runner-0
07:01:15 INFO Waiting for model:
  test-r5hll4h6/0 [allocating] waiting: waiting for machine
  github-runner-image-builder-r5hll4h6/0 [allocating] waiting: waiting for machine
07:01:46 INFO Waiting for model:
  test-r5hll4h6/0 [allocating] waiting: waiting for machine
  github-runner-image-builder-r5hll4h6/0 [allocating] waiting: waiting for machine
07:02:16 INFO Waiting for model:
  test-r5hll4h6/0 [allocating] waiting: waiting for machine
  github-runner-image-builder-r5hll4h6/0 [allocating] waiting: waiting for machine
07:02:47 INFO Waiting for model:
  test-r5hll4h6/0 [allocating] waiting: waiting for machine
07:03:17 INFO Waiting for model:
  test-r5hll4h6/0 [allocating] waiting: agent initialising
07:03:47 INFO Waiting for model:
  test-r5hll4h6/0 [executing] maintenance: installing charm software
07:04:17 INFO Waiting for model:
  test-r5hll4h6/0 [executing] maintenance: Update image for runners
  github-runner-image-builder-r5hll4h6/0 [idle] active: 
07:04:47 INFO Waiting for model:
  test-r5hll4h6/0 [idle] active:
07:04:52 INFO Waiting for model:
  test-r5hll4h6/0 [idle] active: 
  test-r5hll4h6/1 [allocating] waiting: installing agent
07:05:23 INFO Waiting for model:
  test-r5hll4h6/0 [idle] active: 
  test-r5hll4h6/1 [executing] maintenance: installing charm software
07:05:53 INFO Waiting for model:
  test-r5hll4h6/0 [idle] active: 
  test-r5hll4h6/1 [executing] maintenance: Update image for runners
07:06:13 INFO File content of /var/lib/github-runner-manager/test-r5hll4h6-0/http_port: 55555
07:06:14 INFO File content of /var/lib/github-runner-manager/test-r5hll4h6-1/http_port: 55556
07:06:17 INFO File content of /var/lib/github-runner-manager/test-r5hll4h6-1/http_port: 55556
07:06:20 INFO File content of /var/lib/github-runner-manager/test-r5hll4h6-1/http_port: 55556
07:06:21 INFO Model status:

Model                              Controller           Cloud/Region         Version  SLA          Timestamp
test-multi-unit-same-machine-gnc1  github-pr-b87fd-lxd  localhost/localhost  3.6.14   unsupported  07:06:21Z

App                                   Version  Status  Scale  Charm          Channel      Rev  Exposed  Message
github-runner-image-builder-r5hll4h6           active      1  any-charm      latest/beta  133  no       
test-r5hll4h6                                  active      2  github-runner                 0  no       

Unit                                     Workload  Agent  Machine  Public address  Ports  Message
github-runner-image-builder-r5hll4h6/0*  active    idle   0        10.68.50.77            
test-r5hll4h6/0*                         active    idle   1        10.68.50.195           
test-r5hll4h6/1                          active    idle   1        10.68.50.195           

Machine  State    Address       Inst id        Base          AZ             Message
0        started  10.68.50.77   juju-cb807d-0  ubuntu@24.04  github-runner  Running
1        started  10.68.50.195  juju-cb807d-1  ubuntu@22.04  github-runner  Running

07:06:21 INFO Juju error logs:

machine-0: 07:02:20 ERROR juju.worker.dependency "kvm-container-provisioner" manifold worker returned unexpected error: container types not yet available
machine-0: 07:02:20 ERROR juju.worker.dependency "lxd-container-provisioner" manifold worker returned unexpected error: container types not yet available
machine-1: 07:02:57 ERROR juju.worker.dependency "kvm-container-provisioner" manifold worker returned unexpected error: container types not yet available
machine-1: 07:02:57 ERROR juju.worker.dependency "lxd-container-provisioner" manifold worker returned unexpected error: container types not yet available
unit-test-r5hll4h6-0: 07:04:13 ERROR unit.test-r5hll4h6/0.juju-log Missing image integration.
Traceback (most recent call last):
  File "/var/lib/juju/agents/unit-test-r5hll4h6-0/charm/./src/charm.py", line 120, in func_with_catch_errors
    func(self, event)
  File "/var/lib/juju/agents/unit-test-r5hll4h6-0/charm/./src/charm.py", line 366, in _on_config_changed
    self._check_image_ready()
  File "/var/lib/juju/agents/unit-test-r5hll4h6-0/charm/./src/charm.py", line 536, in _check_image_ready
    raise ImageIntegrationMissingError("No image integration found")
errors.ImageIntegrationMissingError: No image integration found
unit-test-r5hll4h6-0: 07:04:14 ERROR unit.test-r5hll4h6/0.juju-log Missing image integration.
Traceback (most recent call last):
  File "/var/lib/juju/agents/unit-test-r5hll4h6-0/charm/./src/charm.py", line 120, in func_with_catch_errors
    func(self, event)
  File "/var/lib/juju/agents/unit-test-r5hll4h6-0/charm/./src/charm.py", line 329, in _on_start
    self._check_image_ready()
  File "/var/lib/juju/agents/unit-test-r5hll4h6-0/charm/./src/charm.py", line 536, in _check_image_ready
    raise ImageIntegrationMissingError("No image integration found")
errors.ImageIntegrationMissingError: No image integration found
unit-test-r5hll4h6-1: 07:05:30 ERROR unit.test-r5hll4h6/1.juju-log Missing image integration.
Traceback (most recent call last):
  File "/var/lib/juju/agents/unit-test-r5hll4h6-1/charm/./src/charm.py", line 120, in func_with_catch_errors
    func(self, event)
  File "/var/lib/juju/agents/unit-test-r5hll4h6-1/charm/./src/charm.py", line 366, in _on_config_changed
    self._check_image_ready()
  File "/var/lib/juju/agents/unit-test-r5hll4h6-1/charm/./src/charm.py", line 536, in _check_image_ready
    raise ImageIntegrationMissingError("No image integration found")
errors.ImageIntegrationMissingError: No image integration found
unit-test-r5hll4h6-1: 07:05:31 ERROR unit.test-r5hll4h6/1.juju-log Missing image integration.
Traceback (most recent call last):
  File "/var/lib/juju/agents/unit-test-r5hll4h6-1/charm/./src/charm.py", line 120, in func_with_catch_errors
    func(self, event)
  File "/var/lib/juju/agents/unit-test-r5hll4h6-1/charm/./src/charm.py", line 329, in _on_start
    self._check_image_ready()
  File "/var/lib/juju/agents/unit-test-r5hll4h6-1/charm/./src/charm.py", line 536, in _check_image_ready
    raise ImageIntegrationMissingError("No image integration found")
errors.ImageIntegrationMissingError: No image integration found

07:06:21 INFO Forgetting model main...