INFO     juju.model:model.py:3211 Waiting for model:
  test-a1p9e3rs/0 [executing] maintenance: Reconciling runners
INFO     juju.model:model.py:3211 Waiting for model:
  test-a1p9e3rs/0 [idle] active:
INFO     juju.model:model.py:3211 Waiting for model:
  test-a1p9e3rs/0 [executing] maintenance: Reconciling runners
INFO     juju.model:model.py:3211 Waiting for model:
  test-a1p9e3rs/0 [idle] active: 
INFO     tests.integration.helpers.openstack:openstack.py:49 [TEST SETUP] Exposing port 8080 on test-a1p9e3rs-0-bdb1622cd7bd
WARNING  tests.integration.helpers.openstack:openstack.py:51 dict_values([[{'version': 4, 'addr': '10.145.193.157', 'OS-EXT-IPS:type': 'fixed', 'OS-EXT-IPS-MAC:mac_addr': 'fa:16:3e:7c:2e:2f'}]])
INFO     tests.integration.helpers.openstack:openstack.py:104 [TEST SETUP] Run command nc -z localhost 8080 on test-a1p9e3rs-0-bdb1622cd7bd
WARNING  tests.integration.helpers.openstack:openstack.py:106 dict_values([[{'version': 4, 'addr': '10.145.193.157', 'OS-EXT-IPS:type': 'fixed', 'OS-EXT-IPS-MAC:mac_addr': 'fa:16:3e:7c:2e:2f'}]])
WARNING  root:openstack.py:123 ssh_cmd: su - ubuntu -c 'ssh -i /home/runner-manager/.ssh/test-a1p9e3rs-0-bdb1622cd7bd.key -o "StrictHostKeyChecking no" ubuntu@10.145.193.157 nc -z localhost 8080'
INFO     tests.integration.helpers.openstack:openstack.py:104 [TEST SETUP] Run command curl http://localhost:8080 on test-a1p9e3rs-0-bdb1622cd7bd
WARNING  tests.integration.helpers.openstack:openstack.py:106 dict_values([[{'version': 4, 'addr': '10.145.193.157', 'OS-EXT-IPS:type': 'fixed', 'OS-EXT-IPS-MAC:mac_addr': 'fa:16:3e:7c:2e:2f'}]])
WARNING  root:openstack.py:123 ssh_cmd: su - ubuntu -c 'ssh -i /home/runner-manager/.ssh/test-a1p9e3rs-0-bdb1622cd7bd.key -o "StrictHostKeyChecking no" ubuntu@10.145.193.157 curl http://localhost:8080'
INFO     tests.integration.helpers.common:common.py:507 Wait for condition not met, sleeping 10
INFO     tests.integration.helpers.common:common.py:507 Wait for condition not met, sleeping 60
INFO     juju.model:model.py:3211 Waiting for model:
  test-a1p9e3rs/0 [executing] active: 
INFO     pytest_operator.plugin:plugin.py:929 Model status:

Model                   Controller  Cloud/Region         Version  SLA          Timestamp
test-charm-runner-jzbc  lxd         localhost/localhost  3.6.1    unsupported  10:06:26Z

App                          Version  Status  Scale  Charm                        Channel      Rev  Exposed  Message
github-runner-image-builder           active      1  github-runner-image-builder  latest/edge    2  no       
test-a1p9e3rs                         active      1  github-runner                               0  yes      

Unit                            Workload  Agent  Machine  Public address  Ports     Message
github-runner-image-builder/0*  active    idle   0        10.157.20.81              
test-a1p9e3rs/0*                active    idle   1        10.157.20.79    8080/tcp  

Machine  State    Address       Inst id        Base          AZ  Message
0        started  10.157.20.81  juju-9267fb-0  ubuntu@22.04      Running
1        started  10.157.20.79  juju-9267fb-1  ubuntu@22.04      Running

INFO     pytest_operator.plugin:plugin.py:935 Juju error logs:

unit-test-a1p9e3rs-0: 09:49:29 CRITICAL unit.test-a1p9e3rs/0.juju-log test mode is enabled
unit-test-a1p9e3rs-0: 09:49:30 CRITICAL unit.test-a1p9e3rs/0.juju-log test mode is enabled
unit-test-a1p9e3rs-0: 09:51:15 CRITICAL unit.test-a1p9e3rs/0.juju-log test mode is enabled
unit-test-a1p9e3rs-0: 09:51:39 CRITICAL unit.test-a1p9e3rs/0.juju-log image:0: test mode is enabled
unit-test-a1p9e3rs-0: 09:52:09 ERROR unit.test-a1p9e3rs/0.juju-log image:0: pre-job-metrics.json not found for runner test-a1p9e3rs-0-bafe9681ff8d
Traceback (most recent call last):
  File "/var/lib/juju/agents/unit-test-a1p9e3rs-0/charm/venv/github_runner_manager/metrics/runner.py", line 557, in _extract_file_from_storage
    file_content = metrics_storage.path.joinpath(filename).read_text(encoding="utf-8")
  File "/usr/lib/python3.10/pathlib.py", line 1134, in read_text
    with self.open(mode='r', encoding=encoding, errors=errors) as f:
  File "/usr/lib/python3.10/pathlib.py", line 1119, in open
    return self._accessor.open(self, mode, buffering, encoding, errors,
FileNotFoundError: [Errno 2] No such file or directory: '/home/runner-manager/runner-fs/test-a1p9e3rs-0-bafe9681ff8d/pre-job-metrics.json'
unit-test-a1p9e3rs-0: 09:52:09 ERROR unit.test-a1p9e3rs/0.juju-log image:0: Pre-job metrics for runner test-a1p9e3rs-0-bafe9681ff8d not found, stop extracting post-jobs metrics.
unit-test-a1p9e3rs-0: 09:54:13 CRITICAL unit.test-a1p9e3rs/0.juju-log test mode is enabled
unit-test-a1p9e3rs-0: 09:54:30 CRITICAL unit.test-a1p9e3rs/0.juju-log test mode is enabled
unit-test-a1p9e3rs-0: 09:54:37 CRITICAL unit.test-a1p9e3rs/0.juju-log test mode is enabled
unit-test-a1p9e3rs-0: 09:54:38 CRITICAL unit.test-a1p9e3rs/0.juju-log test mode is enabled
unit-test-a1p9e3rs-0: 09:55:07 ERROR unit.test-a1p9e3rs/0.juju-log pre-job-metrics.json not found for runner test-a1p9e3rs-0-315391b056fc
Traceback (most recent call last):
  File "/var/lib/juju/agents/unit-test-a1p9e3rs-0/charm/venv/github_runner_manager/metrics/runner.py", line 557, in _extract_file_from_storage
    file_content = metrics_storage.path.joinpath(filename).read_text(encoding="utf-8")
  File "/usr/lib/python3.10/pathlib.py", line 1134, in read_text
    with self.open(mode='r', encoding=encoding, errors=errors) as f:
  File "/usr/lib/python3.10/pathlib.py", line 1119, in open
    return self._accessor.open(self, mode, buffering, encoding, errors,
FileNotFoundError: [Errno 2] No such file or directory: '/home/runner-manager/runner-fs/test-a1p9e3rs-0-315391b056fc/pre-job-metrics.json'
unit-test-a1p9e3rs-0: 09:55:07 ERROR unit.test-a1p9e3rs/0.juju-log Pre-job metrics for runner test-a1p9e3rs-0-315391b056fc not found, stop extracting post-jobs metrics.
unit-test-a1p9e3rs-0: 09:57:20 CRITICAL unit.test-a1p9e3rs/0.juju-log test mode is enabled
unit-test-a1p9e3rs-0: 09:57:40 CRITICAL unit.test-a1p9e3rs/0.juju-log test mode is enabled
unit-test-a1p9e3rs-0: 09:58:00 CRITICAL unit.test-a1p9e3rs/0.juju-log test mode is enabled
unit-test-a1p9e3rs-0: 09:58:50 CRITICAL unit.test-a1p9e3rs/0.juju-log test mode is enabled
unit-test-a1p9e3rs-0: 09:58:51 CRITICAL unit.test-a1p9e3rs/0.juju-log test mode is enabled
unit-test-a1p9e3rs-0: 09:59:21 ERROR unit.test-a1p9e3rs/0.juju-log post-job-metrics.json not found for runner test-a1p9e3rs-0-9aee9bc1d58e
Traceback (most recent call last):
  File "/var/lib/juju/agents/unit-test-a1p9e3rs-0/charm/venv/github_runner_manager/metrics/runner.py", line 557, in _extract_file_from_storage
    file_content = metrics_storage.path.joinpath(filename).read_text(encoding="utf-8")
  File "/usr/lib/python3.10/pathlib.py", line 1134, in read_text
    with self.open(mode='r', encoding=encoding, errors=errors) as f:
  File "/usr/lib/python3.10/pathlib.py", line 1119, in open
    return self._accessor.open(self, mode, buffering, encoding, errors,
FileNotFoundError: [Errno 2] No such file or directory: '/home/runner-manager/runner-fs/test-a1p9e3rs-0-9aee9bc1d58e/post-job-metrics.json'
unit-test-a1p9e3rs-0: 09:59:27 CRITICAL unit.test-a1p9e3rs/0.juju-log test mode is enabled
unit-test-a1p9e3rs-0: 09:59:55 CRITICAL unit.test-a1p9e3rs/0.juju-log test mode is enabled
unit-test-a1p9e3rs-0: 09:59:56 CRITICAL unit.test-a1p9e3rs/0.juju-log test mode is enabled
unit-test-a1p9e3rs-0: 10:01:54 CRITICAL unit.test-a1p9e3rs/0.juju-log test mode is enabled
unit-test-a1p9e3rs-0: 10:02:14 CRITICAL unit.test-a1p9e3rs/0.juju-log test mode is enabled
unit-test-a1p9e3rs-0: 10:03:07 CRITICAL unit.test-a1p9e3rs/0.juju-log test mode is enabled
unit-test-a1p9e3rs-0: 10:03:08 CRITICAL unit.test-a1p9e3rs/0.juju-log test mode is enabled
unit-test-a1p9e3rs-0: 10:03:31 CRITICAL unit.test-a1p9e3rs/0.juju-log test mode is enabled
unit-test-a1p9e3rs-0: 10:04:07 CRITICAL unit.test-a1p9e3rs/0.juju-log test mode is enabled
unit-test-a1p9e3rs-0: 10:05:34 CRITICAL unit.test-a1p9e3rs/0.juju-log test mode is enabled
unit-test-a1p9e3rs-0: 10:05:35 CRITICAL unit.test-a1p9e3rs/0.juju-log test mode is enabled
unit-test-a1p9e3rs-0: 10:05:57 CRITICAL unit.test-a1p9e3rs/0.juju-log test mode is enabled

INFO     pytest_operator.plugin:plugin.py:1017 Forgetting model main...