18:28:41 WARNING unexpected facade SSHServer received from the controller
18:28:41 INFO Adding model github-pr-77d1e-lxd:test-charm-fork-path-change-vo5f on cloud localhost
18:28:42 WARNING unexpected facade SSHServer received from the controller
18:28:42 WARNING unexpected facade SSHSession received from the controller
18:28:42 WARNING unexpected facade SSHTunneler received from the controller
18:28:44 INFO Deploying ch:amd64/jammy/github-runner-image-builder-110
18:30:28 INFO Deploying local:jammy/github-runner-0
18:30:29 INFO Waiting for model:
  test-yx0czqdg/0 [allocating] waiting: waiting for machine
  github-runner-image-builder-yx0czqdg/0 [allocating] waiting: waiting for machine
18:30:59 INFO Waiting for model:
  test-yx0czqdg/0 [allocating] waiting: waiting for machine
  github-runner-image-builder-yx0czqdg/0 [allocating] waiting: waiting for machine
18:31:29 INFO Waiting for model:
  test-yx0czqdg/0 [allocating] waiting: waiting for machine
  github-runner-image-builder-yx0czqdg/0 [allocating] waiting: agent initialising
18:32:00 INFO Waiting for model:
  test-yx0czqdg/0 [allocating] waiting: waiting for machine
  github-runner-image-builder-yx0czqdg/0 [allocating] waiting: agent initialising
18:32:30 INFO Waiting for model:
  test-yx0czqdg/0 [allocating] waiting: waiting for machine
  github-runner-image-builder-yx0czqdg/0 [executing] maintenance: Setting up Builder.
18:33:00 INFO Waiting for model:
  test-yx0czqdg/0 [allocating] waiting: agent initialising
  github-runner-image-builder-yx0czqdg/0 [executing] maintenance: Setting up Builder.
18:33:30 INFO Waiting for model:
  test-yx0czqdg/0 [allocating] waiting: agent initialising
  github-runner-image-builder-yx0czqdg/0 [executing] maintenance: Setting up Builder.
18:34:00 INFO Waiting for model:
  test-yx0czqdg/0 [allocating] waiting: agent initialising
  github-runner-image-builder-yx0czqdg/0 [executing] maintenance: Setting up Builder.
18:34:30 INFO Waiting for model:
  test-yx0czqdg/0 [executing] maintenance: installing charm software
  github-runner-image-builder-yx0czqdg/0 [executing] maintenance: Setting up Builder.
18:35:01 INFO Waiting for model:
  test-yx0czqdg/0 [executing] maintenance: installing charm software
  github-runner-image-builder-yx0czqdg/0 [executing] maintenance: Setting up Builder.
18:35:31 INFO Waiting for model:
  test-yx0czqdg/0 [executing] maintenance: installing charm software
  github-runner-image-builder-yx0czqdg/0 [executing] maintenance: Setting up Builder.
18:36:01 INFO Waiting for model:
  test-yx0czqdg/0 [executing] maintenance: installing charm software
  github-runner-image-builder-yx0czqdg/0 [executing] maintenance: Setting up Builder.
18:36:32 INFO Waiting for model:
  test-yx0czqdg/0 [idle] waiting: Waiting for image over integration.
  github-runner-image-builder-yx0czqdg/0 [executing] blocked: image integration required.
18:37:02 INFO Waiting for model:
  test-yx0czqdg/0 [idle] waiting: Waiting for image over integration.
  github-runner-image-builder-yx0czqdg/0 [executing] active: Building image.
18:37:32 INFO Waiting for model:
  test-yx0czqdg/0 [idle] waiting: Waiting for image over integration.
  github-runner-image-builder-yx0czqdg/0 [executing] active: Building image.
18:38:02 INFO Waiting for model:
  test-yx0czqdg/0 [idle] waiting: Waiting for image over integration.
  github-runner-image-builder-yx0czqdg/0 [executing] active: Building image.
18:38:33 INFO Waiting for model:
  test-yx0czqdg/0 [idle] waiting: Waiting for image over integration.
  github-runner-image-builder-yx0czqdg/0 [executing] active: Building image.
18:39:03 INFO Waiting for model:
  test-yx0czqdg/0 [idle] waiting: Waiting for image over integration.
  github-runner-image-builder-yx0czqdg/0 [executing] active: Building image.
18:39:33 INFO Waiting for model:
  test-yx0czqdg/0 [idle] waiting: Waiting for image over integration.
  github-runner-image-builder-yx0czqdg/0 [executing] active: Building image.
18:40:04 INFO Waiting for model:
  test-yx0czqdg/0 [idle] waiting: Waiting for image over integration.
  github-runner-image-builder-yx0czqdg/0 [executing] active: Building image.
18:40:34 INFO Waiting for model:
  test-yx0czqdg/0 [idle] waiting: Waiting for image over integration.
  github-runner-image-builder-yx0czqdg/0 [executing] active: Building image.
18:41:04 INFO Waiting for model:
  test-yx0czqdg/0 [idle] waiting: Waiting for image over integration.
  github-runner-image-builder-yx0czqdg/0 [executing] active: Building image.
18:41:35 INFO Waiting for model:
  test-yx0czqdg/0 [idle] waiting: Waiting for image over integration.
  github-runner-image-builder-yx0czqdg/0 [executing] active: Building image.
18:42:05 INFO Waiting for model:
  test-yx0czqdg/0 [idle] waiting: Waiting for image over integration.
  github-runner-image-builder-yx0czqdg/0 [executing] active: Building image.
18:42:35 INFO Waiting for model:
  test-yx0czqdg/0 [idle] waiting: Waiting for image over integration.
  github-runner-image-builder-yx0czqdg/0 [executing] active: Building image.
18:43:05 INFO Waiting for model:
  test-yx0czqdg/0 [idle] waiting: Waiting for image over integration.
  github-runner-image-builder-yx0czqdg/0 [executing] active: Building image.
18:43:36 INFO Waiting for model:
  test-yx0czqdg/0 [idle] waiting: Waiting for image over integration.
  github-runner-image-builder-yx0czqdg/0 [executing] active: Building image.
18:44:06 INFO Waiting for model:
  test-yx0czqdg/0 [idle] waiting: Waiting for image over integration.
  github-runner-image-builder-yx0czqdg/0 [executing] active: Building image.
18:44:37 INFO Waiting for model:
  test-yx0czqdg/0 [idle] waiting: Waiting for image over integration.
  github-runner-image-builder-yx0czqdg/0 [executing] active: Building image.
18:45:07 INFO Waiting for model:
  test-yx0czqdg/0 [idle] waiting: Waiting for image over integration.
  github-runner-image-builder-yx0czqdg/0 [executing] active: Building image.
18:45:38 INFO Waiting for model:
  test-yx0czqdg/0 [idle] waiting: Waiting for image over integration.
  github-runner-image-builder-yx0czqdg/0 [executing] active: Building image.
18:46:08 INFO Waiting for model:
  test-yx0czqdg/0 [idle] waiting: Waiting for image over integration.
  github-runner-image-builder-yx0czqdg/0 [executing] active: Building image.
18:46:38 INFO Waiting for model:
  test-yx0czqdg/0 [idle] waiting: Waiting for image over integration.
  github-runner-image-builder-yx0czqdg/0 [executing] active: Building image.
18:47:08 INFO Waiting for model:
  test-yx0czqdg/0 [idle] waiting: Waiting for image over integration.
  github-runner-image-builder-yx0czqdg/0 [executing] active: Building image.
18:47:38 INFO Waiting for model:
  test-yx0czqdg/0 [idle] waiting: Waiting for image over integration.
  github-runner-image-builder-yx0czqdg/0 [executing] active: Building image.
18:48:09 INFO Waiting for model:
  test-yx0czqdg/0 [idle] waiting: Waiting for image over integration.
  github-runner-image-builder-yx0czqdg/0 [executing] active: Building image.
18:48:39 INFO Waiting for model:
  test-yx0czqdg/0 [idle] active: 
18:48:53 INFO GitHub token rate limit: Rate(reset=2025-09-23 19:46:59+00:00, remaining=4930, limit=5000)
18:49:05 INFO test_path_config_change
18:49:05 INFO Waiting for model:
  test-yx0czqdg/0 [idle] active: 
18:49:35 INFO Waiting for model:
  test-yx0czqdg/0 [idle] active: 
18:50:02 INFO Ensure there is a runner (this calls reconcile)
18:50:02 INFO Waiting for model:
  test-yx0czqdg/0 [idle] active: 
18:50:32 INFO Waiting for model:
  test-yx0czqdg/0 [idle] active: 
18:50:36 INFO Current reconcile ID: 0522157b-9b51-4f15-a10d-e857b4f35018
18:50:36 INFO Waiting for reconcile ID: 0522157b-9b51-4f15-a10d-e857b4f35018
18:51:37 INFO Current reconcile ID: 0522157b-9b51-4f15-a10d-e857b4f35018
18:51:37 INFO Current reconcile ID: 0522157b-9b51-4f15-a10d-e857b4f35018, expected reconcile ID: 0522157b-9b51-4f15-a10d-e857b4f35018
18:51:37 INFO Waiting for reconcile ID: 0522157b-9b51-4f15-a10d-e857b4f35018
18:52:38 INFO Current reconcile ID: 5f53c572-70be-4312-a6c7-71389829e1cd
18:52:38 INFO Current reconcile ID: 5f53c572-70be-4312-a6c7-71389829e1cd, expected reconcile ID: 0522157b-9b51-4f15-a10d-e857b4f35018
18:52:44 INFO Reconciling (again)
18:52:45 INFO Waiting for model:
  test-yx0czqdg/0 [idle] active: 
18:53:15 INFO Waiting for model:
  test-yx0czqdg/0 [idle] active: 
18:53:29 INFO Current reconcile ID: 9c280213-b6c9-4626-a2f9-dba92a9f27a7
18:53:29 INFO Waiting for reconcile ID: 9c280213-b6c9-4626-a2f9-dba92a9f27a7
18:54:30 INFO Current reconcile ID: 9c280213-b6c9-4626-a2f9-dba92a9f27a7
18:54:30 INFO Current reconcile ID: 9c280213-b6c9-4626-a2f9-dba92a9f27a7, expected reconcile ID: 9c280213-b6c9-4626-a2f9-dba92a9f27a7
18:54:30 INFO Waiting for reconcile ID: 9c280213-b6c9-4626-a2f9-dba92a9f27a7
18:55:31 INFO Current reconcile ID: 0453b6e2-5f1f-45a2-93f2-09c5c2d308ee
18:55:31 INFO Current reconcile ID: 0453b6e2-5f1f-45a2-93f2-09c5c2d308ee, expected reconcile ID: 9c280213-b6c9-4626-a2f9-dba92a9f27a7
18:56:15 INFO runners: ['test-yx0czqdg-0-n-fbe72f049382']
18:56:16 INFO runners in github repo: [SelfHostedActionsRunner(name="amd-noble-stg-private-endpoint-ps7-1-n-cb642c97034c"), SelfHostedActionsRunner(name="os-amd-noble-staging-ps6-3-n-0525d81ad168"), SelfHostedActionsRunner(name="os-amd-noble-staging-ps6-3-n-2743f13dd8d3"), SelfHostedActionsRunner(name="os-amd-noble-staging-ps6-3-n-507d4d9831fb"), SelfHostedActionsRunner(name="os-amd-noble-staging-ps6-3-n-517ab7af09e0"), SelfHostedActionsRunner(name="os-amd-noble-staging-ps6-3-n-5ed5b4badb2e"), SelfHostedActionsRunner(name="os-amd-noble-staging-ps6-3-n-ab17fdc96b30"), SelfHostedActionsRunner(name="os-amd-noble-staging-ps6-3-n-b58d1ddab817"), SelfHostedActionsRunner(name="os-amd-noble-staging-ps6-3-n-c19a406b90a0"), SelfHostedActionsRunner(name="os-amd-noble-staging-ps6-3-n-cf0d8897651f"), SelfHostedActionsRunner(name="os-amd-noble-staging-ps7-1-n-5262ccc1687b"), SelfHostedActionsRunner(name="reactive-amd64-pfe-ci-ps7-4-n-63ea7963765d"), SelfHostedActionsRunner(name="reactive-amd64-pfe-ci-ps7-4-n-a372cdac275f"), SelfHostedActionsRunner(name="test-bc1r3s4k-0-n-1d885fcee11e"), SelfHostedActionsRunner(name="test-bw569czx-0-n-e88f018e438e"), SelfHostedActionsRunner(name="test-e6hq3uwz-0-n-40efd0735530"), SelfHostedActionsRunner(name="test-ff44wbzf-0-n-60f43da334c5"), SelfHostedActionsRunner(name="test-hrsbnwyo-0-n-ca22b59ac3ec"), SelfHostedActionsRunner(name="test-hv6b2hz3-0-n-a327f962022a"), SelfHostedActionsRunner(name="test-iynwiz26-0-n-5e1852507af0"), SelfHostedActionsRunner(name="test-kjbjz5rn-0-n-116a0fc1905c"), SelfHostedActionsRunner(name="test-nglktqkb-0-n-0d50687ee615"), SelfHostedActionsRunner(name="test-nk7gqlay-0-n-d913598f215e"), SelfHostedActionsRunner(name="test-sumeusis-0-n-bfd810ef0e61"), SelfHostedActionsRunner(name="test-uy0nlgpr-0-n-91a26bb90ba0"), SelfHostedActionsRunner(name="test-v2mml6yf-0-n-43000acaba1b"), SelfHostedActionsRunner(name="test-v7hxx7vg-0-n-7fd31a58f6c3"), SelfHostedActionsRunner(name="test-vpsakqiu-0-n-b0d7ccbf2cfa"), SelfHostedActionsRunner(name="test-w76v7xgm-0-n-a7cc4848cd52"), SelfHostedActionsRunner(name="test-x7m9wgt9-0-n-e046f819b470"), SelfHostedActionsRunner(name="test-xf2g52gw-0-n-b09450bd8193"), SelfHostedActionsRunner(name="test-yoxp1yhh-0-n-1318ff6163f5"), SelfHostedActionsRunner(name="test-yx0czqdg-0-n-fbe72f049382")]
18:56:20 INFO Model status:

Model                             Controller           Cloud/Region         Version  SLA          Timestamp
test-charm-fork-path-change-vo5f  github-pr-77d1e-lxd  localhost/localhost  3.6.10   unsupported  18:56:20Z

App                                   Version  Status  Scale  Charm                        Channel      Rev  Exposed  Message
github-runner-image-builder-yx0czqdg           active      1  github-runner-image-builder  latest/edge  110  no       
test-yx0czqdg                                  active      1  github-runner                               0  no       

Unit                                     Workload  Agent  Machine  Public address  Ports  Message
github-runner-image-builder-yx0czqdg/0*  active    idle   0        10.84.142.138          
test-yx0czqdg/0*                         active    idle   1        10.84.142.55           

Machine  State    Address        Inst id        Base          AZ             Message
0        started  10.84.142.138  juju-aad7f4-0  ubuntu@22.04  github-runner  Running
1        started  10.84.142.55   juju-aad7f4-1  ubuntu@22.04  github-runner  Running

18:56:21 INFO Juju error logs:

machine-0: 18:31:27 ERROR juju.worker.dependency "lxd-container-provisioner" manifold worker returned unexpected error: container types not yet available
machine-0: 18:31:27 ERROR juju.worker.dependency "kvm-container-provisioner" manifold worker returned unexpected error: container types not yet available
machine-1: 18:32:46 ERROR juju.worker.dependency "lxd-container-provisioner" manifold worker returned unexpected error: container types not yet available
machine-1: 18:32:46 ERROR juju.worker.dependency "kvm-container-provisioner" manifold worker returned unexpected error: container types not yet available
unit-github-runner-image-builder-yx0czqdg-0: 18:33:44 ERROR unit.github-runner-image-builder-yx0czqdg/0.juju-log Pipx command failed, code: 1, out: None, err: None
unit-test-yx0czqdg-0: 18:36:12 ERROR unit.test-yx0czqdg/0.juju-log Missing image integration.
Traceback (most recent call last):
  File "/var/lib/juju/agents/unit-test-yx0czqdg-0/charm/./src/charm.py", line 118, in func_with_catch_errors
    func(self, event)
  File "/var/lib/juju/agents/unit-test-yx0czqdg-0/charm/./src/charm.py", line 342, in _on_config_changed
    self._check_image_ready()
  File "/var/lib/juju/agents/unit-test-yx0czqdg-0/charm/./src/charm.py", line 512, in _check_image_ready
    raise ImageIntegrationMissingError("No image integration found")
errors.ImageIntegrationMissingError: No image integration found
unit-test-yx0czqdg-0: 18:36:17 ERROR unit.test-yx0czqdg/0.juju-log Missing image integration.
Traceback (most recent call last):
  File "/var/lib/juju/agents/unit-test-yx0czqdg-0/charm/./src/charm.py", line 118, in func_with_catch_errors
    func(self, event)
  File "/var/lib/juju/agents/unit-test-yx0czqdg-0/charm/./src/charm.py", line 313, in _on_start
    self._check_image_ready()
  File "/var/lib/juju/agents/unit-test-yx0czqdg-0/charm/./src/charm.py", line 512, in _check_image_ready
    raise ImageIntegrationMissingError("No image integration found")
errors.ImageIntegrationMissingError: No image integration found
unit-test-yx0czqdg-0: 18:36:26 ERROR unit.test-yx0czqdg/0.juju-log image:0: Missing image in image integration.
Traceback (most recent call last):
  File "/var/lib/juju/agents/unit-test-yx0czqdg-0/charm/./src/charm.py", line 118, in func_with_catch_errors
    func(self, event)
  File "/var/lib/juju/agents/unit-test-yx0czqdg-0/charm/./src/charm.py", line 477, in _on_image_relation_changed
    self._check_image_ready()
  File "/var/lib/juju/agents/unit-test-yx0czqdg-0/charm/./src/charm.py", line 514, in _check_image_ready
    raise ImageNotFoundError("No image found in the image integration")
errors.ImageNotFoundError: No image found in the image integration

18:56:21 INFO Forgetting model main...