06:44:22 WARNING unexpected facade SSHServer received from the controller
06:44:22 INFO Adding model github-pr-4ab4b-lxd:test-charm-metrics-failure-watt on cloud localhost
06:44:22 WARNING unexpected facade SSHServer received from the controller
06:44:22 WARNING unexpected facade SSHSession received from the controller
06:44:22 WARNING unexpected facade SSHTunneler received from the controller
06:44:22 WARNING unexpected facade SSHServer received from the controller
06:44:22 INFO GitHub token rate limit: Rate(reset=2026-02-20 07:44:15+00:00, remaining=4996, limit=5000)
06:44:24 INFO Deploying fake image builder via any-charm for image ID 1ad6e456-fa35-47ef-988f-1e793a60f258
06:44:26 INFO Deploying ch:amd64/noble/any-charm-133
06:44:42 INFO Deploying local:jammy/github-runner-0
06:44:43 INFO Waiting for model:
  test-wfy9o62j/0 [allocating] waiting: waiting for machine
  github-runner-image-builder-wfy9o62j/0 [allocating] waiting: waiting for machine
06:45:13 INFO Waiting for model:
  test-wfy9o62j/0 [allocating] waiting: waiting for machine
  github-runner-image-builder-wfy9o62j/0 [executing] maintenance: installing charm software
06:45:43 INFO Waiting for model:
  test-wfy9o62j/0 [allocating] waiting: waiting for machine
06:46:14 INFO Waiting for model:
  test-wfy9o62j/0 [allocating] waiting: waiting for machine
06:46:44 INFO Waiting for model:
  test-wfy9o62j/0 [allocating] waiting: agent initialising
06:47:14 INFO Waiting for model:
  test-wfy9o62j/0 [executing] maintenance: installing charm software
06:47:45 INFO Waiting for model:
  test-wfy9o62j/0 [executing] maintenance: Update image for runners
  github-runner-image-builder-wfy9o62j/0 [idle] active: 
06:48:05 INFO cli: juju config --model github-pr-4ab4b-lxd:test-charm-metrics-failure-watt test-wfy9o62j base-virtual-machines=0
06:48:05 INFO Waiting for model:
  test-wfy9o62j/0 [idle] active: 
06:48:22 INFO Current reconcile ID: d9eaa27a-75c2-4617-86ea-58b62a892684
06:48:22 INFO Waiting for reconcile ID: d9eaa27a-75c2-4617-86ea-58b62a892684
06:49:23 INFO Current reconcile ID: d9eaa27a-75c2-4617-86ea-58b62a892684
06:49:23 INFO Current reconcile ID: d9eaa27a-75c2-4617-86ea-58b62a892684, expected reconcile ID: d9eaa27a-75c2-4617-86ea-58b62a892684
06:49:23 INFO Waiting for reconcile ID: d9eaa27a-75c2-4617-86ea-58b62a892684
06:50:24 INFO Current reconcile ID: 5caf2344-1659-4664-819c-a977a8092204
06:50:24 INFO Current reconcile ID: 5caf2344-1659-4664-819c-a977a8092204, expected reconcile ID: d9eaa27a-75c2-4617-86ea-58b62a892684
06:50:24 INFO cli: juju config --model github-pr-4ab4b-lxd:test-charm-metrics-failure-watt test-wfy9o62j path=canonical/github-runner-operator
06:50:24 INFO cli: juju config --model github-pr-4ab4b-lxd:test-charm-metrics-failure-watt test-wfy9o62j base-virtual-machines=1
06:50:24 INFO Waiting for model:
  test-wfy9o62j/0 [executing] active: 
06:50:55 INFO Waiting for model:
  test-wfy9o62j/0 [idle] active: 
06:50:57 INFO Current reconcile ID: 82065834-77dc-4b60-9285-78d9957af552
06:50:57 INFO Waiting for reconcile ID: 82065834-77dc-4b60-9285-78d9957af552
06:51:58 INFO Current reconcile ID: 82065834-77dc-4b60-9285-78d9957af552
06:51:58 INFO Current reconcile ID: 82065834-77dc-4b60-9285-78d9957af552, expected reconcile ID: 82065834-77dc-4b60-9285-78d9957af552
06:51:58 INFO Waiting for reconcile ID: 82065834-77dc-4b60-9285-78d9957af552
06:52:59 INFO Current reconcile ID: 2e0efdf1-82c7-4bd1-b5c1-74f4ba32fd87
06:52:59 INFO Current reconcile ID: 2e0efdf1-82c7-4bd1-b5c1-74f4ba32fd87, expected reconcile ID: 82065834-77dc-4b60-9285-78d9957af552
06:53:06 INFO Wait for condition not met, sleeping 30
06:53:48 INFO [TEST SETUP] Run command pkill -9 run.sh on test-wfy9o62j-0-n-210e40336296
06:53:48 WARNING dict_values([[{'version': 4, 'addr': '10.151.122.78', 'OS-EXT-IPS:type': 'fixed', 'OS-EXT-IPS-MAC:mac_addr': 'fa:16:3e:b0:7f:3e'}]])
06:53:49 WARNING ssh_cmd: su - ubuntu -c 'ssh -i /home/runner-manager/.ssh/test-wfy9o62j-0-n-210e40336296.key -o "StrictHostKeyChecking no" ubuntu@10.151.122.78 pkill -9 run.sh'
06:53:50 INFO Run command 'pkill -9 run.sh' in runner with result 0: 'None' 'Warning: Permanently added '10.151.122.78' (ED25519) to the list of known hosts.
'
06:53:53 INFO Runner test-wfy9o62j-0-n-210e40336296 status: online
06:53:53 INFO Runner still marked as online, waiting for it to be marked offline
06:54:55 INFO Waiting for model:
  test-wfy9o62j/0 [idle] active: 
06:55:25 INFO Waiting for model:
  test-wfy9o62j/0 [idle] active: 
06:55:28 INFO Current reconcile ID: cf771fda-f7f1-4f14-a8d2-b4ce5c61bbdf
06:55:28 INFO Waiting for reconcile ID: cf771fda-f7f1-4f14-a8d2-b4ce5c61bbdf
06:56:29 INFO Current reconcile ID: cf771fda-f7f1-4f14-a8d2-b4ce5c61bbdf
06:56:29 INFO Current reconcile ID: cf771fda-f7f1-4f14-a8d2-b4ce5c61bbdf, expected reconcile ID: cf771fda-f7f1-4f14-a8d2-b4ce5c61bbdf
06:56:29 INFO Waiting for reconcile ID: cf771fda-f7f1-4f14-a8d2-b4ce5c61bbdf
06:57:30 INFO Current reconcile ID: 6d20241b-ebcd-4040-99ba-989d00ed472b
06:57:30 INFO Current reconcile ID: 6d20241b-ebcd-4040-99ba-989d00ed472b, expected reconcile ID: cf771fda-f7f1-4f14-a8d2-b4ce5c61bbdf
06:57:31 INFO File content of /var/log/github-runner-metrics.log: {"timestamp": 1771570181.8128898, "event": "reconciliation", "flavor": "test-wfy9o62j", "crashed_runners": 0, "idle_runners": 0, "active_runners": 0, "expected_runners": 0, "duration": 7.422574281692505}
{"timestamp": 1771570244.136284, "event": "reconciliation", "flavor": "test-wfy9o62j", "crashed_runners": 0, "idle_runners": 0, "active_runners": 0, "expected_runners": 1, "duration": 18.478644609451294}
{"timestamp": 1771570370.3423667, "event": "reconciliation", "flavor": "test-wfy9o62j", "crashed_runners": 0, "idle_runners": 1, "active_runners": 0, "expected_runners": 1, "duration": 6.0647969245910645}
{"timestamp": 1771570325.0, "event": "runner_installed", "flavor": "test-wfy9o62j", "duration": 82.0}
{"timestamp": 1771570388.0, "event": "runner_start", "flavor": "test-wfy9o62j", "workflow": "Workflow Dispatch Crash Tests", "repo": "canonical/github-runner-operator", "github_event": "workflow_dispatch", "idle": 63.0, "queue_duration": 2.0}
{"timestamp": 1771570429.0, "event": "runner_stop", "flavor": "test-wfy9o62j", "workflow": "Workflow Dispatch Crash Tests", "repo": "canonical/github-runner-operator", "github_event": "workflow_dispatch", "status": "abnormal", "status_info": {"code": 137}, "job_duration": 41.0, "job_conclusion": "cancelled"}
{"timestamp": 1771570513.1475408, "event": "reconciliation", "flavor": "test-wfy9o62j", "crashed_runners": 0, "idle_runners": 0, "active_runners": 0, "expected_runners": 0, "duration": 17.131229400634766}
{"timestamp": 1771570640.146708, "event": "reconciliation", "flavor": "test-wfy9o62j", "crashed_runners": 0, "idle_runners": 0, "active_runners": 0, "expected_runners": 0, "duration": 6.880473852157593}
06:57:31 INFO Model status:

Model                            Controller           Cloud/Region         Version  SLA          Timestamp
test-charm-metrics-failure-watt  github-pr-4ab4b-lxd  localhost/localhost  3.6.14   unsupported  06:57:31Z

App                                   Version  Status  Scale  Charm          Channel      Rev  Exposed  Message
github-runner-image-builder-wfy9o62j           active      1  any-charm      latest/beta  133  no       
test-wfy9o62j                                  active      1  github-runner                 0  no       

Unit                                     Workload  Agent  Machine  Public address  Ports  Message
github-runner-image-builder-wfy9o62j/0*  active    idle   0        10.91.149.190          
test-wfy9o62j/0*                         active    idle   1        10.91.149.196          

Machine  State    Address        Inst id        Base          AZ             Message
0        started  10.91.149.190  juju-978cd6-0  ubuntu@24.04  github-runner  Running
1        started  10.91.149.196  juju-978cd6-1  ubuntu@22.04  github-runner  Running

06:57:32 INFO Juju error logs:

machine-0: 06:45:07 ERROR juju.worker.dependency "kvm-container-provisioner" manifold worker returned unexpected error: container types not yet available
machine-0: 06:45:07 ERROR juju.worker.dependency "lxd-container-provisioner" manifold worker returned unexpected error: container types not yet available
machine-1: 06:46:26 ERROR juju.worker.dependency "kvm-container-provisioner" manifold worker returned unexpected error: container types not yet available
machine-1: 06:46:26 ERROR juju.worker.dependency "lxd-container-provisioner" manifold worker returned unexpected error: container types not yet available
unit-test-wfy9o62j-0: 06:47:26 ERROR unit.test-wfy9o62j/0.juju-log Missing image integration.
Traceback (most recent call last):
  File "/var/lib/juju/agents/unit-test-wfy9o62j-0/charm/./src/charm.py", line 122, in func_with_catch_errors
    func(self, event)
  File "/var/lib/juju/agents/unit-test-wfy9o62j-0/charm/./src/charm.py", line 375, in _on_config_changed
    self._check_image_ready()
  File "/var/lib/juju/agents/unit-test-wfy9o62j-0/charm/./src/charm.py", line 569, in _check_image_ready
    raise ImageIntegrationMissingError("No image integration found")
errors.ImageIntegrationMissingError: No image integration found
unit-test-wfy9o62j-0: 06:47:27 ERROR unit.test-wfy9o62j/0.juju-log Missing image integration.
Traceback (most recent call last):
  File "/var/lib/juju/agents/unit-test-wfy9o62j-0/charm/./src/charm.py", line 122, in func_with_catch_errors
    func(self, event)
  File "/var/lib/juju/agents/unit-test-wfy9o62j-0/charm/./src/charm.py", line 338, in _on_start
    self._check_image_ready()
  File "/var/lib/juju/agents/unit-test-wfy9o62j-0/charm/./src/charm.py", line 569, in _check_image_ready
    raise ImageIntegrationMissingError("No image integration found")
errors.ImageIntegrationMissingError: No image integration found

06:57:32 INFO Forgetting model main...