18:20:19 WARNING unexpected facade SSHServer received from the controller
18:20:19 INFO Adding model github-pr-71e3b-lxd:test-charm-upgrade-c1kv on cloud localhost
18:20:19 WARNING unexpected facade SSHServer received from the controller
18:20:19 WARNING unexpected facade SSHSession received from the controller
18:20:19 WARNING unexpected facade SSHTunneler received from the controller
18:20:19 INFO Deploying fake image builder via any-charm for image ID 1ad6e456-fa35-47ef-988f-1e793a60f258
18:20:22 INFO Deploying ch:amd64/noble/any-charm-124
18:20:38 INFO Deploying local:jammy/github-runner-0
18:20:39 INFO Waiting for model:
  test-bt3jn85i/0 [allocating] waiting: waiting for machine
  github-runner-image-builder-bt3jn85i/0 [allocating] waiting: waiting for machine
18:21:09 INFO Waiting for model:
  test-bt3jn85i/0 [allocating] waiting: waiting for machine
  github-runner-image-builder-bt3jn85i/0 [idle] active: 
18:21:39 INFO Waiting for model:
  test-bt3jn85i/0 [allocating] waiting: waiting for machine
18:22:09 INFO Waiting for model:
  test-bt3jn85i/0 [allocating] waiting: agent initialising
18:22:39 INFO Waiting for model:
  test-bt3jn85i/0 [executing] maintenance: installing charm software
18:23:09 INFO Waiting for model:
  test-bt3jn85i/0 [executing] maintenance: Update image for runners
18:23:39 INFO Waiting for model:
  test-bt3jn85i/0 [idle] active: 
18:26:37 INFO Waiting for model:
  test-bt3jn85i/0 [idle] active:
18:27:08 INFO Model status:

Model                    Controller           Cloud/Region         Version  SLA          Timestamp
test-charm-upgrade-c1kv  github-pr-71e3b-lxd  localhost/localhost  3.6.12   unsupported  18:27:08Z

App                                   Version  Status  Scale  Charm          Channel      Rev  Exposed  Message
github-runner-image-builder-bt3jn85i           active      1  any-charm      latest/beta  124  no       
test-bt3jn85i                                  active      1  github-runner                 1  no       

Unit                                     Workload  Agent  Machine  Public address  Ports  Message
github-runner-image-builder-bt3jn85i/0*  active    idle   0        10.92.179.147          
test-bt3jn85i/0*                         active    idle   1        10.92.179.248          

Machine  State    Address        Inst id        Base          AZ             Message
0        started  10.92.179.147  juju-2369e9-0  ubuntu@24.04  github-runner  Running
1        started  10.92.179.248  juju-2369e9-1  ubuntu@22.04  github-runner  Running

18:27:08 INFO Juju error logs:

machine-0: 18:20:56 ERROR juju.worker.dependency "lxd-container-provisioner" manifold worker returned unexpected error: container types not yet available
machine-0: 18:20:56 ERROR juju.worker.dependency "kvm-container-provisioner" manifold worker returned unexpected error: container types not yet available
machine-1: 18:21:59 ERROR juju.worker.dependency "kvm-container-provisioner" manifold worker returned unexpected error: container types not yet available
machine-1: 18:21:59 ERROR juju.worker.dependency "lxd-container-provisioner" manifold worker returned unexpected error: container types not yet available
unit-test-bt3jn85i-0: 18:22:52 ERROR unit.test-bt3jn85i/0.juju-log Missing image integration.
Traceback (most recent call last):
  File "/var/lib/juju/agents/unit-test-bt3jn85i-0/charm/./src/charm.py", line 119, in func_with_catch_errors
    func(self, event)
  File "/var/lib/juju/agents/unit-test-bt3jn85i-0/charm/./src/charm.py", line 354, in _on_config_changed
    self._check_image_ready()
  File "/var/lib/juju/agents/unit-test-bt3jn85i-0/charm/./src/charm.py", line 524, in _check_image_ready
    raise ImageIntegrationMissingError("No image integration found")
errors.ImageIntegrationMissingError: No image integration found
unit-test-bt3jn85i-0: 18:22:53 ERROR unit.test-bt3jn85i/0.juju-log Missing image integration.
Traceback (most recent call last):
  File "/var/lib/juju/agents/unit-test-bt3jn85i-0/charm/./src/charm.py", line 119, in func_with_catch_errors
    func(self, event)
  File "/var/lib/juju/agents/unit-test-bt3jn85i-0/charm/./src/charm.py", line 317, in _on_start
    self._check_image_ready()
  File "/var/lib/juju/agents/unit-test-bt3jn85i-0/charm/./src/charm.py", line 524, in _check_image_ready
    raise ImageIntegrationMissingError("No image integration found")
errors.ImageIntegrationMissingError: No image integration found

18:27:08 INFO Forgetting model main...