06:24:12 WARNING unexpected facade SSHServer received from the controller
06:24:12 INFO Adding model github-pr-77d1e-lxd:test-charm-fork-path-change-uq2z on cloud localhost
06:24:12 WARNING unexpected facade SSHServer received from the controller
06:24:12 WARNING unexpected facade SSHSession received from the controller
06:24:12 WARNING unexpected facade SSHTunneler received from the controller
06:24:14 INFO Deploying ch:amd64/jammy/github-runner-image-builder-110
06:24:36 INFO Deploying local:jammy/github-runner-0
06:24:37 INFO Waiting for model:
  test-w496j15y/0 [allocating] waiting: waiting for machine
  github-runner-image-builder-w496j15y/0 [allocating] waiting: waiting for machine
06:25:07 INFO Waiting for model:
  test-w496j15y/0 [allocating] waiting: waiting for machine
  github-runner-image-builder-w496j15y/0 [allocating] waiting: waiting for machine
06:25:37 INFO Waiting for model:
  test-w496j15y/0 [allocating] waiting: waiting for machine
  github-runner-image-builder-w496j15y/0 [allocating] waiting: waiting for machine
06:26:07 INFO Waiting for model:
  test-w496j15y/0 [allocating] waiting: waiting for machine
  github-runner-image-builder-w496j15y/0 [allocating] waiting: agent initialising
06:26:38 INFO Waiting for model:
  test-w496j15y/0 [executing] maintenance: installing charm software
  github-runner-image-builder-w496j15y/0 [executing] maintenance: Setting up Builder.
06:27:08 INFO Waiting for model:
  test-w496j15y/0 [executing] maintenance: installing charm software
  github-runner-image-builder-w496j15y/0 [executing] maintenance: Setting up Builder.
06:27:39 INFO Waiting for model:
  test-w496j15y/0 [executing] blocked: Please provide image integration.
  github-runner-image-builder-w496j15y/0 [executing] maintenance: Setting up Builder.
06:28:09 INFO Waiting for model:
  test-w496j15y/0 [idle] blocked: Please provide image integration.
  github-runner-image-builder-w496j15y/0 [executing] maintenance: Setting up Builder.
06:28:39 INFO Waiting for model:
  test-w496j15y/0 [idle] blocked: Please provide image integration.
  github-runner-image-builder-w496j15y/0 [executing] maintenance: Setting up Builder.
06:29:09 INFO Waiting for model:
  test-w496j15y/0 [idle] waiting: Waiting for image over integration.
  github-runner-image-builder-w496j15y/0 [executing] active: Building image.
06:29:40 INFO Waiting for model:
  test-w496j15y/0 [idle] waiting: Waiting for image over integration.
  github-runner-image-builder-w496j15y/0 [executing] active: Building image.
06:30:10 INFO Waiting for model:
  test-w496j15y/0 [idle] waiting: Waiting for image over integration.
  github-runner-image-builder-w496j15y/0 [executing] active: Building image.
06:30:40 INFO Waiting for model:
  test-w496j15y/0 [idle] waiting: Waiting for image over integration.
  github-runner-image-builder-w496j15y/0 [executing] active: Building image.
06:31:11 INFO Waiting for model:
  test-w496j15y/0 [idle] waiting: Waiting for image over integration.
  github-runner-image-builder-w496j15y/0 [executing] active: Building image.
06:31:41 INFO Waiting for model:
  test-w496j15y/0 [idle] waiting: Waiting for image over integration.
  github-runner-image-builder-w496j15y/0 [executing] active: Building image.
06:32:11 INFO Waiting for model:
  test-w496j15y/0 [idle] waiting: Waiting for image over integration.
  github-runner-image-builder-w496j15y/0 [executing] active: Building image.
06:32:41 INFO Waiting for model:
  test-w496j15y/0 [idle] waiting: Waiting for image over integration.
  github-runner-image-builder-w496j15y/0 [executing] active: Building image.
06:33:11 INFO Waiting for model:
  test-w496j15y/0 [idle] waiting: Waiting for image over integration.
  github-runner-image-builder-w496j15y/0 [executing] active: Building image.
06:33:41 INFO Waiting for model:
  test-w496j15y/0 [idle] waiting: Waiting for image over integration.
  github-runner-image-builder-w496j15y/0 [executing] active: Building image.
06:34:12 INFO Waiting for model:
  test-w496j15y/0 [idle] waiting: Waiting for image over integration.
  github-runner-image-builder-w496j15y/0 [executing] active: Building image.
06:34:42 INFO Waiting for model:
  test-w496j15y/0 [idle] waiting: Waiting for image over integration.
  github-runner-image-builder-w496j15y/0 [executing] active: Building image.
06:35:12 INFO Waiting for model:
  test-w496j15y/0 [idle] waiting: Waiting for image over integration.
  github-runner-image-builder-w496j15y/0 [executing] active: Building image.
06:35:42 INFO Waiting for model:
  test-w496j15y/0 [idle] waiting: Waiting for image over integration.
  github-runner-image-builder-w496j15y/0 [executing] active: Building image.
06:36:12 INFO Waiting for model:
  test-w496j15y/0 [idle] waiting: Waiting for image over integration.
  github-runner-image-builder-w496j15y/0 [executing] active: Building image.
06:36:42 INFO Waiting for model:
  test-w496j15y/0 [idle] waiting: Waiting for image over integration.
  github-runner-image-builder-w496j15y/0 [executing] active: Building image.
06:37:13 INFO Waiting for model:
  test-w496j15y/0 [idle] waiting: Waiting for image over integration.
  github-runner-image-builder-w496j15y/0 [executing] active: Building image.
06:37:43 INFO Waiting for model:
  test-w496j15y/0 [idle] waiting: Waiting for image over integration.
  github-runner-image-builder-w496j15y/0 [executing] active: Building image.
06:38:13 INFO Waiting for model:
  test-w496j15y/0 [idle] waiting: Waiting for image over integration.
  github-runner-image-builder-w496j15y/0 [executing] active: Building image.
06:38:43 INFO Waiting for model:
  test-w496j15y/0 [idle] waiting: Waiting for image over integration.
  github-runner-image-builder-w496j15y/0 [executing] active: Building image.
06:39:14 INFO Waiting for model:
  test-w496j15y/0 [idle] waiting: Waiting for image over integration.
  github-runner-image-builder-w496j15y/0 [executing] active: Building image.
06:39:44 INFO Waiting for model:
  test-w496j15y/0 [idle] waiting: Waiting for image over integration.
  github-runner-image-builder-w496j15y/0 [executing] active: Building image.
06:40:14 INFO Waiting for model:
  test-w496j15y/0 [idle] waiting: Waiting for image over integration.
  github-runner-image-builder-w496j15y/0 [executing] active: Building image.
06:40:44 INFO Waiting for model:
  test-w496j15y/0 [idle] waiting: Waiting for image over integration.
  github-runner-image-builder-w496j15y/0 [executing] active: Building image.
06:41:15 INFO Waiting for model:
  test-w496j15y/0 [idle] waiting: Waiting for image over integration.
  github-runner-image-builder-w496j15y/0 [executing] active: Building image.
06:41:45 INFO Waiting for model:
  test-w496j15y/0 [idle] waiting: Waiting for image over integration.
  github-runner-image-builder-w496j15y/0 [executing] active: Building image.
06:42:15 INFO Waiting for model:
  test-w496j15y/0 [idle] waiting: Waiting for image over integration.
  github-runner-image-builder-w496j15y/0 [executing] active: Building image.
06:42:46 INFO Waiting for model:
  test-w496j15y/0 [idle] waiting: Waiting for image over integration.
  github-runner-image-builder-w496j15y/0 [executing] active: Building image.
06:43:16 INFO Waiting for model:
  test-w496j15y/0 [idle] waiting: Waiting for image over integration.
  github-runner-image-builder-w496j15y/0 [executing] active: Building image.
06:43:46 INFO Waiting for model:
  test-w496j15y/0 [idle] waiting: Waiting for image over integration.
  github-runner-image-builder-w496j15y/0 [executing] active: Building image.
06:44:16 INFO Waiting for model:
  test-w496j15y/0 [idle] waiting: Waiting for image over integration.
  github-runner-image-builder-w496j15y/0 [executing] active: Building image.
06:44:47 INFO Waiting for model:
  test-w496j15y/0 [idle] waiting: Waiting for image over integration.
  github-runner-image-builder-w496j15y/0 [executing] active: Building image.
06:45:17 INFO Waiting for model:
  test-w496j15y/0 [idle] waiting: Waiting for image over integration.
  github-runner-image-builder-w496j15y/0 [executing] active: Building image.
06:45:48 INFO Waiting for model:
  test-w496j15y/0 [idle] waiting: Waiting for image over integration.
  github-runner-image-builder-w496j15y/0 [executing] active: Building image.
06:46:18 INFO Waiting for model:
  test-w496j15y/0 [idle] waiting: Waiting for image over integration.
  github-runner-image-builder-w496j15y/0 [executing] active: Building image.
06:46:48 INFO Waiting for model:
  test-w496j15y/0 [idle] waiting: Waiting for image over integration.
  github-runner-image-builder-w496j15y/0 [executing] active: Building image.
06:47:18 INFO Waiting for model:
  test-w496j15y/0 [idle] waiting: Waiting for image over integration.
  github-runner-image-builder-w496j15y/0 [executing] active: Building image.
06:47:49 INFO Waiting for model:
  test-w496j15y/0 [executing] maintenance: Update image for runners
  github-runner-image-builder-w496j15y/0 [idle] active: 
06:48:19 INFO Waiting for model:
  test-w496j15y/0 [idle] active: 
06:48:25 INFO GitHub token rate limit: Rate(reset=2025-09-20 07:37:11+00:00, remaining=4746, limit=5000)
06:48:37 INFO test_path_config_change
06:48:37 INFO Waiting for model:
  test-w496j15y/0 [idle] active: 
06:49:07 INFO Waiting for model:
  test-w496j15y/0 [idle] active: 
06:49:31 INFO Ensure there is a runner (this calls reconcile)
06:49:31 INFO Waiting for model:
  test-w496j15y/0 [idle] active: 
06:50:01 INFO Waiting for model:
  test-w496j15y/0 [idle] active: 
06:50:05 INFO Current reconcile ID: ba7e7b21-d07f-415b-a7a8-a891edde8983
06:50:05 INFO Waiting for reconcile ID: ba7e7b21-d07f-415b-a7a8-a891edde8983
06:51:06 INFO Current reconcile ID: ba7e7b21-d07f-415b-a7a8-a891edde8983
06:51:06 INFO Current reconcile ID: ba7e7b21-d07f-415b-a7a8-a891edde8983, expected reconcile ID: ba7e7b21-d07f-415b-a7a8-a891edde8983
06:51:06 INFO Waiting for reconcile ID: ba7e7b21-d07f-415b-a7a8-a891edde8983
06:52:07 INFO Current reconcile ID: 925007bf-ab86-4213-a3cd-1642eb122c9e
06:52:07 INFO Current reconcile ID: 925007bf-ab86-4213-a3cd-1642eb122c9e, expected reconcile ID: ba7e7b21-d07f-415b-a7a8-a891edde8983
06:52:12 INFO Reconciling (again)
06:52:12 INFO Waiting for model:
  test-w496j15y/0 [idle] active: 
06:52:43 INFO Waiting for model:
  test-w496j15y/0 [executing] active: 
06:53:02 INFO Current reconcile ID: 55d4d6e1-5ba0-4f89-aa6c-6deb991f993a
06:53:02 INFO Waiting for reconcile ID: 55d4d6e1-5ba0-4f89-aa6c-6deb991f993a
06:54:03 INFO Current reconcile ID: 55d4d6e1-5ba0-4f89-aa6c-6deb991f993a
06:54:03 INFO Current reconcile ID: 55d4d6e1-5ba0-4f89-aa6c-6deb991f993a, expected reconcile ID: 55d4d6e1-5ba0-4f89-aa6c-6deb991f993a
06:54:03 INFO Waiting for reconcile ID: 55d4d6e1-5ba0-4f89-aa6c-6deb991f993a
06:55:04 INFO Current reconcile ID: d1fe5c78-a5e6-40e4-ae49-382bac61a502
06:55:04 INFO Current reconcile ID: d1fe5c78-a5e6-40e4-ae49-382bac61a502, expected reconcile ID: 55d4d6e1-5ba0-4f89-aa6c-6deb991f993a
06:55:47 INFO runners: ['test-w496j15y-0-n-f5673f57cbe2']
06:55:48 INFO runners in github repo: [SelfHostedActionsRunner(name="amd-noble-stg-private-endpoint-ps7-1-n-70444cc0af11"), SelfHostedActionsRunner(name="os-amd-noble-staging-ps6-3-n-2452cf720a89"), SelfHostedActionsRunner(name="os-amd-noble-staging-ps6-3-n-43f2b918a9de"), SelfHostedActionsRunner(name="os-amd-noble-staging-ps6-3-n-4c9b7563ade1"), SelfHostedActionsRunner(name="os-amd-noble-staging-ps6-3-n-696e9296bc0e"), SelfHostedActionsRunner(name="os-amd-noble-staging-ps6-3-n-87c10900b31a"), SelfHostedActionsRunner(name="os-amd-noble-staging-ps6-3-n-91ee2c76ff8d"), SelfHostedActionsRunner(name="os-amd-noble-staging-ps6-3-n-97c1c6f47676"), SelfHostedActionsRunner(name="os-amd-noble-staging-ps6-3-n-988819180e4c"), SelfHostedActionsRunner(name="os-amd-noble-staging-ps6-3-n-a7e70ff64e9f"), SelfHostedActionsRunner(name="os-amd-noble-staging-ps6-3-n-b02e0f5f792a"), SelfHostedActionsRunner(name="os-amd-noble-staging-ps6-3-n-c25f7fb1a4a1"), SelfHostedActionsRunner(name="os-amd-noble-staging-ps7-1-n-ef2f8db7227e"), SelfHostedActionsRunner(name="reactive-amd64-pfe-ci-ps7-4-n-36dfe81c1e96"), SelfHostedActionsRunner(name="reactive-amd64-pfe-ci-ps7-4-n-ca0724ea3380"), SelfHostedActionsRunner(name="test-aaaohkhu-0-n-eda66c81b0f4"), SelfHostedActionsRunner(name="test-afu1a10f-0-n-6fba452bee6f"), SelfHostedActionsRunner(name="test-aqnegx39-0-n-f5df097e8317"), SelfHostedActionsRunner(name="test-bzqgb4jz-0-n-27d5e2312dd5"), SelfHostedActionsRunner(name="test-clep18s0-0-n-777751275624"), SelfHostedActionsRunner(name="test-fhf5icsl-0-n-da51effa45af"), SelfHostedActionsRunner(name="test-l3iw6wkd-0-n-1f5e62a12488"), SelfHostedActionsRunner(name="test-n94ioess-0-n-2e82d209ff70"), SelfHostedActionsRunner(name="test-ptgzmjuy-0-n-9317a20c4621"), SelfHostedActionsRunner(name="test-rul27zfn-0-n-028123c213ff"), SelfHostedActionsRunner(name="test-sjaccqlc-0-n-ec2c87357d1d"), SelfHostedActionsRunner(name="test-tn5a1rey-0-n-ec5849f07870"), SelfHostedActionsRunner(name="test-v65w88y5-0-n-50ada70df883"), SelfHostedActionsRunner(name="test-w496j15y-0-n-f5673f57cbe2"), SelfHostedActionsRunner(name="test-z5feqn2u-0-n-c24bc62ddbc9")]
06:55:53 INFO Model status:

Model                             Controller           Cloud/Region         Version  SLA          Timestamp
test-charm-fork-path-change-uq2z  github-pr-77d1e-lxd  localhost/localhost  3.6.9    unsupported  06:55:53Z

App                                   Version  Status  Scale  Charm                        Channel      Rev  Exposed  Message
github-runner-image-builder-w496j15y           active      1  github-runner-image-builder  latest/edge  110  no       
test-w496j15y                                  active      1  github-runner                               0  no       

Unit                                     Workload  Agent  Machine  Public address  Ports  Message
github-runner-image-builder-w496j15y/0*  active    idle   0        10.233.180.80          
test-w496j15y/0*                         active    idle   1        10.233.180.49          

Machine  State    Address        Inst id        Base          AZ             Message
0        started  10.233.180.80  juju-3422b1-0  ubuntu@22.04  github-runner  Running
1        started  10.233.180.49  juju-3422b1-1  ubuntu@22.04  github-runner  Running

06:55:53 INFO Juju error logs:

machine-0: 06:25:59 ERROR juju.worker.dependency "lxd-container-provisioner" manifold worker returned unexpected error: container types not yet available
machine-0: 06:25:59 ERROR juju.worker.dependency "kvm-container-provisioner" manifold worker returned unexpected error: container types not yet available
unit-github-runner-image-builder-w496j15y-0: 06:25:59 ERROR juju.worker.meterstatus error running "meter-status-changed": charm missing from disk
machine-1: 06:26:11 ERROR juju.worker.dependency "lxd-container-provisioner" manifold worker returned unexpected error: container types not yet available
machine-1: 06:26:11 ERROR juju.worker.dependency "kvm-container-provisioner" manifold worker returned unexpected error: container types not yet available
unit-test-w496j15y-0: 06:26:11 ERROR juju.worker.meterstatus error running "meter-status-changed": charm missing from disk
unit-github-runner-image-builder-w496j15y-0: 06:26:50 ERROR unit.github-runner-image-builder-w496j15y/0.juju-log Pipx command failed, code: 1, out: None, err: None
unit-test-w496j15y-0: 06:27:36 ERROR unit.test-w496j15y/0.juju-log Missing image integration.
Traceback (most recent call last):
  File "/var/lib/juju/agents/unit-test-w496j15y-0/charm/./src/charm.py", line 118, in func_with_catch_errors
    func(self, event)
  File "/var/lib/juju/agents/unit-test-w496j15y-0/charm/./src/charm.py", line 342, in _on_config_changed
    self._check_image_ready()
  File "/var/lib/juju/agents/unit-test-w496j15y-0/charm/./src/charm.py", line 512, in _check_image_ready
    raise ImageIntegrationMissingError("No image integration found")
errors.ImageIntegrationMissingError: No image integration found
unit-test-w496j15y-0: 06:27:39 ERROR unit.test-w496j15y/0.juju-log Missing image integration.
Traceback (most recent call last):
  File "/var/lib/juju/agents/unit-test-w496j15y-0/charm/./src/charm.py", line 118, in func_with_catch_errors
    func(self, event)
  File "/var/lib/juju/agents/unit-test-w496j15y-0/charm/./src/charm.py", line 313, in _on_start
    self._check_image_ready()
  File "/var/lib/juju/agents/unit-test-w496j15y-0/charm/./src/charm.py", line 512, in _check_image_ready
    raise ImageIntegrationMissingError("No image integration found")
errors.ImageIntegrationMissingError: No image integration found
unit-test-w496j15y-0: 06:28:50 ERROR unit.test-w496j15y/0.juju-log image:0: Missing image in image integration.
Traceback (most recent call last):
  File "/var/lib/juju/agents/unit-test-w496j15y-0/charm/./src/charm.py", line 118, in func_with_catch_errors
    func(self, event)
  File "/var/lib/juju/agents/unit-test-w496j15y-0/charm/./src/charm.py", line 477, in _on_image_relation_changed
    self._check_image_ready()
  File "/var/lib/juju/agents/unit-test-w496j15y-0/charm/./src/charm.py", line 514, in _check_image_ready
    raise ImageNotFoundError("No image found in the image integration")
errors.ImageNotFoundError: No image found in the image integration

06:55:53 INFO Forgetting model main...