18:23:46 WARNING unexpected facade SSHServer received from the controller
18:23:46 INFO Adding model github-pr-f6dab-lxd:test-charm-fork-path-change-5e2r on cloud localhost
18:23:47 WARNING unexpected facade SSHServer received from the controller
18:23:47 WARNING unexpected facade SSHSession received from the controller
18:23:47 WARNING unexpected facade SSHTunneler received from the controller
18:23:48 INFO Deploying ch:amd64/jammy/github-runner-image-builder-108
18:24:05 INFO Deploying local:jammy/github-runner-0
18:24:05 INFO Waiting for model:
  test-tas3fsnt/0 [allocating] waiting: waiting for machine
  github-runner-image-builder-tas3fsnt/0 [allocating] waiting: waiting for machine
18:24:36 INFO Waiting for model:
  test-tas3fsnt/0 [allocating] waiting: waiting for machine
  github-runner-image-builder-tas3fsnt/0 [allocating] waiting: waiting for machine
18:25:06 INFO Waiting for model:
  test-tas3fsnt/0 [allocating] waiting: waiting for machine
  github-runner-image-builder-tas3fsnt/0 [allocating] waiting: waiting for machine
18:25:36 INFO Waiting for model:
  test-tas3fsnt/0 [allocating] waiting: waiting for machine
  github-runner-image-builder-tas3fsnt/0 [executing] maintenance: Setting up Builder.
18:26:06 INFO Waiting for model:
  test-tas3fsnt/0 [allocating] waiting: waiting for machine
  github-runner-image-builder-tas3fsnt/0 [executing] maintenance: Setting up Builder.
18:26:36 INFO Waiting for model:
  test-tas3fsnt/0 [executing] maintenance: installing charm software
  github-runner-image-builder-tas3fsnt/0 [executing] maintenance: Setting up Builder.
18:27:07 INFO Waiting for model:
  test-tas3fsnt/0 [executing] maintenance: installing charm software
  github-runner-image-builder-tas3fsnt/0 [executing] maintenance: Setting up Builder.
18:27:37 INFO Waiting for model:
  test-tas3fsnt/0 [idle] blocked: Please provide image integration.
  github-runner-image-builder-tas3fsnt/0 [executing] maintenance: Setting up Builder.
18:28:07 INFO Waiting for model:
  test-tas3fsnt/0 [idle] waiting: Waiting for image over integration.
  github-runner-image-builder-tas3fsnt/0 [executing] active: Building image.
18:28:37 INFO Waiting for model:
  test-tas3fsnt/0 [idle] waiting: Waiting for image over integration.
  github-runner-image-builder-tas3fsnt/0 [executing] active: Building image.
18:29:07 INFO Waiting for model:
  test-tas3fsnt/0 [idle] waiting: Waiting for image over integration.
  github-runner-image-builder-tas3fsnt/0 [executing] active: Building image.
18:29:38 INFO Waiting for model:
  test-tas3fsnt/0 [idle] waiting: Waiting for image over integration.
  github-runner-image-builder-tas3fsnt/0 [executing] active: Building image.
18:30:08 INFO Waiting for model:
  test-tas3fsnt/0 [idle] waiting: Waiting for image over integration.
  github-runner-image-builder-tas3fsnt/0 [executing] active: Building image.
18:30:38 INFO Waiting for model:
  test-tas3fsnt/0 [idle] waiting: Waiting for image over integration.
  github-runner-image-builder-tas3fsnt/0 [executing] active: Building image.
18:31:08 INFO Waiting for model:
  test-tas3fsnt/0 [idle] waiting: Waiting for image over integration.
  github-runner-image-builder-tas3fsnt/0 [executing] active: Building image.
18:31:39 INFO Waiting for model:
  test-tas3fsnt/0 [idle] waiting: Waiting for image over integration.
  github-runner-image-builder-tas3fsnt/0 [executing] active: Building image.
18:32:09 INFO Waiting for model:
  test-tas3fsnt/0 [idle] waiting: Waiting for image over integration.
  github-runner-image-builder-tas3fsnt/0 [executing] active: Building image.
18:32:40 INFO Waiting for model:
  test-tas3fsnt/0 [idle] waiting: Waiting for image over integration.
  github-runner-image-builder-tas3fsnt/0 [executing] active: Building image.
18:33:10 INFO Waiting for model:
  test-tas3fsnt/0 [idle] waiting: Waiting for image over integration.
  github-runner-image-builder-tas3fsnt/0 [executing] active: Building image.
18:33:40 INFO Waiting for model:
  test-tas3fsnt/0 [idle] waiting: Waiting for image over integration.
  github-runner-image-builder-tas3fsnt/0 [executing] active: Building image.
18:34:11 INFO Waiting for model:
  test-tas3fsnt/0 [idle] waiting: Waiting for image over integration.
  github-runner-image-builder-tas3fsnt/0 [executing] active: Building image.
18:34:41 INFO Waiting for model:
  test-tas3fsnt/0 [idle] waiting: Waiting for image over integration.
  github-runner-image-builder-tas3fsnt/0 [executing] active: Building image.
18:35:12 INFO Waiting for model:
  test-tas3fsnt/0 [idle] waiting: Waiting for image over integration.
  github-runner-image-builder-tas3fsnt/0 [executing] active: Building image.
18:35:42 INFO Waiting for model:
  test-tas3fsnt/0 [idle] waiting: Waiting for image over integration.
  github-runner-image-builder-tas3fsnt/0 [executing] active: Building image.
18:36:12 INFO Waiting for model:
  test-tas3fsnt/0 [idle] waiting: Waiting for image over integration.
  github-runner-image-builder-tas3fsnt/0 [executing] active: Building image.
18:36:42 INFO Waiting for model:
  test-tas3fsnt/0 [idle] waiting: Waiting for image over integration.
  github-runner-image-builder-tas3fsnt/0 [executing] active: Building image.
18:37:13 INFO Waiting for model:
  test-tas3fsnt/0 [idle] waiting: Waiting for image over integration.
  github-runner-image-builder-tas3fsnt/0 [executing] active: Building image.
18:37:43 INFO Waiting for model:
  test-tas3fsnt/0 [idle] waiting: Waiting for image over integration.
  github-runner-image-builder-tas3fsnt/0 [executing] active: Building image.
18:38:14 INFO Waiting for model:
  test-tas3fsnt/0 [idle] waiting: Waiting for image over integration.
  github-runner-image-builder-tas3fsnt/0 [executing] active: Building image.
18:38:44 INFO Waiting for model:
  test-tas3fsnt/0 [executing] maintenance: Update image for runners
  github-runner-image-builder-tas3fsnt/0 [idle] active: 
18:39:07 INFO GitHub token rate limit: Rate(reset=2025-08-31 19:18:12+00:00, remaining=4949, limit=5000)
18:39:19 INFO test_path_config_change
18:39:19 INFO Waiting for model:
  test-tas3fsnt/0 [idle] active: 
18:39:49 INFO Waiting for model:
  test-tas3fsnt/0 [idle] active: 
18:40:12 INFO Ensure there is a runner (this calls reconcile)
18:40:12 INFO Waiting for model:
  test-tas3fsnt/0 [idle] active: 
18:40:42 INFO Waiting for model:
  test-tas3fsnt/0 [idle] active: 
18:40:45 INFO Current reconcile ID: b29937ac-cd93-450a-8441-a5ebd849d0d1
18:40:45 INFO Waiting for reconcile ID: b29937ac-cd93-450a-8441-a5ebd849d0d1
18:41:47 INFO Current reconcile ID: b29937ac-cd93-450a-8441-a5ebd849d0d1
18:41:47 INFO Current reconcile ID: b29937ac-cd93-450a-8441-a5ebd849d0d1, expected reconcile ID: b29937ac-cd93-450a-8441-a5ebd849d0d1
18:41:47 INFO Waiting for reconcile ID: b29937ac-cd93-450a-8441-a5ebd849d0d1
18:42:48 INFO Current reconcile ID: cbce4ff2-8b0f-44ea-b4ba-4f706204d2ad
18:42:48 INFO Current reconcile ID: cbce4ff2-8b0f-44ea-b4ba-4f706204d2ad, expected reconcile ID: b29937ac-cd93-450a-8441-a5ebd849d0d1
18:42:52 INFO Reconciling (again)
18:42:52 INFO Waiting for model:
  test-tas3fsnt/0 [idle] active: 
18:43:22 INFO Waiting for model:
  test-tas3fsnt/0 [idle] active: 
18:43:31 INFO Current reconcile ID: 3f5eb1c8-9fdc-4e0f-8d1f-385bb0ce3e6e
18:43:31 INFO Waiting for reconcile ID: 3f5eb1c8-9fdc-4e0f-8d1f-385bb0ce3e6e
18:44:32 INFO Current reconcile ID: 3f5eb1c8-9fdc-4e0f-8d1f-385bb0ce3e6e
18:44:32 INFO Current reconcile ID: 3f5eb1c8-9fdc-4e0f-8d1f-385bb0ce3e6e, expected reconcile ID: 3f5eb1c8-9fdc-4e0f-8d1f-385bb0ce3e6e
18:44:32 INFO Waiting for reconcile ID: 3f5eb1c8-9fdc-4e0f-8d1f-385bb0ce3e6e
18:45:34 INFO Current reconcile ID: a56454e2-775a-4625-87f3-bd8541fc6722
18:45:34 INFO Current reconcile ID: a56454e2-775a-4625-87f3-bd8541fc6722, expected reconcile ID: 3f5eb1c8-9fdc-4e0f-8d1f-385bb0ce3e6e
18:46:51 INFO runners: ['test-tas3fsnt-0-n-c897c58a765d']
18:46:52 INFO runners in github repo: [SelfHostedActionsRunner(name="amd-jammy-stg-private-endpoint-ps7-0-n-ea42be24213a"), SelfHostedActionsRunner(name="os-amd-jammy-staging-ps6-4-n-1eff50fa0d97"), SelfHostedActionsRunner(name="os-amd-jammy-staging-ps6-4-n-25a6d286fee3"), SelfHostedActionsRunner(name="os-amd-jammy-staging-ps6-4-n-27ecfee55d5c"), SelfHostedActionsRunner(name="os-amd-jammy-staging-ps6-4-n-2ee87a366073"), SelfHostedActionsRunner(name="os-amd-jammy-staging-ps6-4-n-34002a5de0cc"), SelfHostedActionsRunner(name="os-amd-jammy-staging-ps6-4-n-6507f1f9c000"), SelfHostedActionsRunner(name="os-amd-jammy-staging-ps6-4-n-7e1a31fcc7e9"), SelfHostedActionsRunner(name="os-amd-jammy-staging-ps6-4-n-9b3bdfce9b26"), SelfHostedActionsRunner(name="os-amd-jammy-staging-ps6-4-n-b8bb0f4f8332"), SelfHostedActionsRunner(name="os-amd-jammy-staging-ps6-4-n-bf4f1f02e847"), SelfHostedActionsRunner(name="os-amd-jammy-staging-ps6-4-n-f42f2285bc25"), SelfHostedActionsRunner(name="os-amd-jammy-staging-ps7-0-n-d58f2756d8b8"), SelfHostedActionsRunner(name="reactive-amd64-pfe-ci-ps7-3-n-db24dcfac3aa"), SelfHostedActionsRunner(name="test-befzqh3p-0-n-9ae8111cfe32"), SelfHostedActionsRunner(name="test-e8m6toxu-0-n-fe29b7d92472"), SelfHostedActionsRunner(name="test-gzoho3wu-0-n-186c9247cd79"), SelfHostedActionsRunner(name="test-isbw37a6-0-n-5f638c203f07"), SelfHostedActionsRunner(name="test-lmck436x-0-n-7e229dbcbb14"), SelfHostedActionsRunner(name="test-mf3es6mv-0-n-8dbf405e353a"), SelfHostedActionsRunner(name="test-nv9p77or-0-n-8558684b0c3b"), SelfHostedActionsRunner(name="test-tas3fsnt-0-n-c897c58a765d"), SelfHostedActionsRunner(name="test-useems0h-0-n-4707f84d2165"), SelfHostedActionsRunner(name="test-w1rbuljh-0-n-2fa641a0a963"), SelfHostedActionsRunner(name="test-w5m37jo3-0-n-9f83b3b8cb47")]
18:46:53 INFO Model status:

Model                             Controller           Cloud/Region         Version  SLA          Timestamp
test-charm-fork-path-change-5e2r  github-pr-f6dab-lxd  localhost/localhost  3.6.9    unsupported  18:46:53Z

App                                   Version  Status  Scale  Charm                        Channel      Rev  Exposed  Message
github-runner-image-builder-tas3fsnt           active      1  github-runner-image-builder  latest/edge  108  no       
test-tas3fsnt                                  active      1  github-runner                               0  no       

Unit                                     Workload  Agent  Machine  Public address  Ports  Message
github-runner-image-builder-tas3fsnt/0*  active    idle   0        10.238.197.212         
test-tas3fsnt/0*                         active    idle   1        10.238.197.26          

Machine  State    Address         Inst id        Base          AZ             Message
0        started  10.238.197.212  juju-b129d6-0  ubuntu@22.04  github-runner  Running
1        started  10.238.197.26   juju-b129d6-1  ubuntu@22.04  github-runner  Running

18:46:53 INFO Juju error logs:

machine-0: 18:25:09 ERROR juju.worker.dependency "lxd-container-provisioner" manifold worker returned unexpected error: container types not yet available
machine-0: 18:25:09 ERROR juju.worker.dependency "kvm-container-provisioner" manifold worker returned unexpected error: container types not yet available
unit-github-runner-image-builder-tas3fsnt-0: 18:25:09 ERROR juju.worker.meterstatus error running "meter-status-changed": charm missing from disk
unit-github-runner-image-builder-tas3fsnt-0: 18:25:52 ERROR unit.github-runner-image-builder-tas3fsnt/0.juju-log Pipx command failed, code: 1, out: None, err: None
machine-1: 18:26:15 ERROR juju.worker.dependency "kvm-container-provisioner" manifold worker returned unexpected error: container types not yet available
machine-1: 18:26:15 ERROR juju.worker.dependency "lxd-container-provisioner" manifold worker returned unexpected error: container types not yet available
unit-test-tas3fsnt-0: 18:26:15 ERROR juju.worker.meterstatus error running "meter-status-changed": charm missing from disk
unit-test-tas3fsnt-0: 18:27:26 ERROR unit.test-tas3fsnt/0.juju-log Missing image integration.
Traceback (most recent call last):
  File "/var/lib/juju/agents/unit-test-tas3fsnt-0/charm/./src/charm.py", line 118, in func_with_catch_errors
    func(self, event)
  File "/var/lib/juju/agents/unit-test-tas3fsnt-0/charm/./src/charm.py", line 342, in _on_config_changed
    self._check_image_ready()
  File "/var/lib/juju/agents/unit-test-tas3fsnt-0/charm/./src/charm.py", line 512, in _check_image_ready
    raise ImageIntegrationMissingError("No image integration found")
errors.ImageIntegrationMissingError: No image integration found
unit-test-tas3fsnt-0: 18:27:28 ERROR unit.test-tas3fsnt/0.juju-log Missing image integration.
Traceback (most recent call last):
  File "/var/lib/juju/agents/unit-test-tas3fsnt-0/charm/./src/charm.py", line 118, in func_with_catch_errors
    func(self, event)
  File "/var/lib/juju/agents/unit-test-tas3fsnt-0/charm/./src/charm.py", line 313, in _on_start
    self._check_image_ready()
  File "/var/lib/juju/agents/unit-test-tas3fsnt-0/charm/./src/charm.py", line 512, in _check_image_ready
    raise ImageIntegrationMissingError("No image integration found")
errors.ImageIntegrationMissingError: No image integration found
unit-test-tas3fsnt-0: 18:27:39 ERROR unit.test-tas3fsnt/0.juju-log image:0: Missing image in image integration.
Traceback (most recent call last):
  File "/var/lib/juju/agents/unit-test-tas3fsnt-0/charm/./src/charm.py", line 118, in func_with_catch_errors
    func(self, event)
  File "/var/lib/juju/agents/unit-test-tas3fsnt-0/charm/./src/charm.py", line 477, in _on_image_relation_changed
    self._check_image_ready()
  File "/var/lib/juju/agents/unit-test-tas3fsnt-0/charm/./src/charm.py", line 514, in _check_image_ready
    raise ImageNotFoundError("No image found in the image integration")
errors.ImageNotFoundError: No image found in the image integration

18:46:53 INFO Forgetting model main...