INFO     pytest_operator.plugin:plugin.py:929 Model status:

Model                            Controller  Cloud/Region         Version  SLA          Timestamp
test-charm-metrics-failure-ldpm  lxd         localhost/localhost  3.6.1    unsupported  18:32:22Z

App                          Version  Status  Scale  Charm                        Channel      Rev  Exposed  Message
github-runner-image-builder           active      1  github-runner-image-builder  latest/edge    2  no       
test-iz0r4wt1                         active      1  github-runner                               0  yes      

Unit                            Workload  Agent  Machine  Public address  Ports     Message
github-runner-image-builder/0*  active    idle   0        10.157.152.240            
test-iz0r4wt1/0*                active    idle   1        10.157.152.58   8080/tcp  

Machine  State    Address         Inst id        Base          AZ  Message
0        started  10.157.152.240  juju-cc84f8-0  ubuntu@22.04      Running
1        started  10.157.152.58   juju-cc84f8-1  ubuntu@22.04      Running

INFO     pytest_operator.plugin:plugin.py:935 Juju error logs:

machine-0: 18:25:03 ERROR juju.worker.dependency "kvm-container-provisioner" manifold worker returned unexpected error: container types not yet available
machine-0: 18:25:03 ERROR juju.worker.dependency "lxd-container-provisioner" manifold worker returned unexpected error: container types not yet available
unit-github-runner-image-builder-0: 18:25:03 ERROR juju.worker.meterstatus error running "meter-status-changed": charm missing from disk
machine-1: 18:28:08 ERROR juju.worker.dependency "kvm-container-provisioner" manifold worker returned unexpected error: container types not yet available
machine-1: 18:28:08 ERROR juju.worker.dependency "lxd-container-provisioner" manifold worker returned unexpected error: container types not yet available
unit-test-iz0r4wt1-0: 18:28:08 ERROR juju.worker.meterstatus error running "meter-status-changed": charm missing from disk
unit-test-iz0r4wt1-0: 18:28:19 CRITICAL unit.test-iz0r4wt1/0.juju-log test mode is enabled
unit-test-iz0r4wt1-0: 18:28:21 CRITICAL unit.test-iz0r4wt1/0.juju-log test mode is enabled
unit-test-iz0r4wt1-0: 18:28:24 CRITICAL unit.test-iz0r4wt1/0.juju-log image:0: test mode is enabled
unit-test-iz0r4wt1-0: 18:28:25 CRITICAL unit.test-iz0r4wt1/0.juju-log test mode is enabled
unit-test-iz0r4wt1-0: 18:28:26 CRITICAL unit.test-iz0r4wt1/0.juju-log test mode is enabled
unit-test-iz0r4wt1-0: 18:28:27 CRITICAL unit.test-iz0r4wt1/0.juju-log test mode is enabled
unit-test-iz0r4wt1-0: 18:28:29 CRITICAL unit.test-iz0r4wt1/0.juju-log test mode is enabled
unit-test-iz0r4wt1-0: 18:28:30 CRITICAL unit.test-iz0r4wt1/0.juju-log image:0: test mode is enabled
unit-test-iz0r4wt1-0: 18:28:31 CRITICAL unit.test-iz0r4wt1/0.juju-log image:0: test mode is enabled
unit-test-iz0r4wt1-0: 18:29:24 CRITICAL unit.test-iz0r4wt1/0.juju-log test mode is enabled
unit-test-iz0r4wt1-0: 18:29:26 CRITICAL unit.test-iz0r4wt1/0.juju-log test mode is enabled
unit-test-iz0r4wt1-0: 18:29:43 CRITICAL unit.test-iz0r4wt1/0.juju-log test mode is enabled
unit-test-iz0r4wt1-0: 18:30:17 CRITICAL unit.test-iz0r4wt1/0.juju-log test mode is enabled
unit-test-iz0r4wt1-0: 18:30:33 CRITICAL unit.test-iz0r4wt1/0.juju-log test mode is enabled
unit-test-iz0r4wt1-0: 18:31:15 CRITICAL unit.test-iz0r4wt1/0.juju-log test mode is enabled
unit-test-iz0r4wt1-0: 18:31:17 CRITICAL unit.test-iz0r4wt1/0.juju-log test mode is enabled
unit-test-iz0r4wt1-0: 18:31:34 ERROR unit.test-iz0r4wt1/0.juju-log Failed to create openstack server test-iz0r4wt1-0-2efe77f55899
Traceback (most recent call last):
  File "/var/lib/juju/agents/unit-test-iz0r4wt1-0/charm/venv/github_runner_manager/openstack_cloud/openstack_cloud.py", line 227, in launch_instance
    server = conn.create_server(
  File "/var/lib/juju/agents/unit-test-iz0r4wt1-0/charm/venv/decorator.py", line 232, in fun
    return caller(func, *(extras + args), **kw)
  File "/var/lib/juju/agents/unit-test-iz0r4wt1-0/charm/venv/openstack/cloud/_utils.py", line 224, in func_wrapper
    return func(*args, **kwargs)
  File "/var/lib/juju/agents/unit-test-iz0r4wt1-0/charm/venv/openstack/cloud/_compute.py", line 992, in create_server
    server = self.compute.create_server(**kwargs)
  File "/var/lib/juju/agents/unit-test-iz0r4wt1-0/charm/venv/openstack/compute/v2/_proxy.py", line 727, in create_server
    return self._create(_server.Server, **attrs)
  File "/var/lib/juju/agents/unit-test-iz0r4wt1-0/charm/venv/openstack/proxy.py", line 643, in _create
    return res.create(self, base_path=base_path)
  File "/var/lib/juju/agents/unit-test-iz0r4wt1-0/charm/venv/openstack/resource.py", line 1533, in create
    self._translate_response(response, **response_kwargs)
  File "/var/lib/juju/agents/unit-test-iz0r4wt1-0/charm/venv/openstack/resource.py", line 1285, in _translate_response
    exceptions.raise_from_response(response, error_message=error_message)
  File "/var/lib/juju/agents/unit-test-iz0r4wt1-0/charm/venv/openstack/exceptions.py", line 247, in raise_from_response
    raise cls(
openstack.exceptions.ForbiddenException: ForbiddenException: 403: Client Error for url: https://nova.ps6.canonical.com:8774/v2.1/servers, Quota exceeded for cores, instances, ram: Requested 2, 1, 8192, but already used 40, 20, 163840 of 40, 20, 164000 cores, instances, ram
unit-test-iz0r4wt1-0: 18:31:34 ERROR unit.test-iz0r4wt1/0.juju-log Failed to spawn a runner.
Traceback (most recent call last):
  File "/var/lib/juju/agents/unit-test-iz0r4wt1-0/charm/venv/github_runner_manager/openstack_cloud/openstack_cloud.py", line 227, in launch_instance
    server = conn.create_server(
  File "/var/lib/juju/agents/unit-test-iz0r4wt1-0/charm/venv/decorator.py", line 232, in fun
    return caller(func, *(extras + args), **kw)
  File "/var/lib/juju/agents/unit-test-iz0r4wt1-0/charm/venv/openstack/cloud/_utils.py", line 224, in func_wrapper
    return func(*args, **kwargs)
  File "/var/lib/juju/agents/unit-test-iz0r4wt1-0/charm/venv/openstack/cloud/_compute.py", line 992, in create_server
    server = self.compute.create_server(**kwargs)
  File "/var/lib/juju/agents/unit-test-iz0r4wt1-0/charm/venv/openstack/compute/v2/_proxy.py", line 727, in create_server
    return self._create(_server.Server, **attrs)
  File "/var/lib/juju/agents/unit-test-iz0r4wt1-0/charm/venv/openstack/proxy.py", line 643, in _create
    return res.create(self, base_path=base_path)
  File "/var/lib/juju/agents/unit-test-iz0r4wt1-0/charm/venv/openstack/resource.py", line 1533, in create
    self._translate_response(response, **response_kwargs)
  File "/var/lib/juju/agents/unit-test-iz0r4wt1-0/charm/venv/openstack/resource.py", line 1285, in _translate_response
    exceptions.raise_from_response(response, error_message=error_message)
  File "/var/lib/juju/agents/unit-test-iz0r4wt1-0/charm/venv/openstack/exceptions.py", line 247, in raise_from_response
    raise cls(
openstack.exceptions.ForbiddenException: ForbiddenException: 403: Client Error for url: https://nova.ps6.canonical.com:8774/v2.1/servers, Quota exceeded for cores, instances, ram: Requested 2, 1, 8192, but already used 40, 20, 163840 of 40, 20, 164000 cores, instances, ram

The above exception was the direct cause of the following exception:

Traceback (most recent call last):
  File "/var/lib/juju/agents/unit-test-iz0r4wt1-0/charm/venv/github_runner_manager/openstack_cloud/openstack_runner_manager.py", line 209, in create_runner
    instance = self._openstack_cloud.launch_instance(
  File "/var/lib/juju/agents/unit-test-iz0r4wt1-0/charm/venv/github_runner_manager/openstack_cloud/openstack_cloud.py", line 138, in exception_handling_wrapper
    return func(*args, **kwargs)
  File "/var/lib/juju/agents/unit-test-iz0r4wt1-0/charm/venv/github_runner_manager/openstack_cloud/openstack_cloud.py", line 250, in launch_instance
    raise OpenStackError(f"Failed to create openstack server {full_name}") from err
github_runner_manager.errors.OpenStackError: Failed to create openstack server test-iz0r4wt1-0-2efe77f55899

The above exception was the direct cause of the following exception:

Traceback (most recent call last):
  File "/var/lib/juju/agents/unit-test-iz0r4wt1-0/charm/venv/github_runner_manager/manager/runner_manager.py", line 276, in _spawn_runners
    return (RunnerManager._create_runner(create_runner_args_sequence[0]),)
  File "/var/lib/juju/agents/unit-test-iz0r4wt1-0/charm/venv/github_runner_manager/manager/runner_manager.py", line 404, in _create_runner
    return args.cloud_runner_manager.create_runner(registration_token=args.registration_token)
  File "/var/lib/juju/agents/unit-test-iz0r4wt1-0/charm/venv/github_runner_manager/openstack_cloud/openstack_runner_manager.py", line 217, in create_runner
    raise RunnerCreateError(f"Failed to create {instance_name} openstack runner") from err
github_runner_manager.errors.RunnerCreateError: Failed to create test-iz0r4wt1-0-2efe77f55899 openstack runner
unit-test-iz0r4wt1-0: 18:31:40 CRITICAL unit.test-iz0r4wt1/0.juju-log test mode is enabled
unit-test-iz0r4wt1-0: 18:31:55 ERROR unit.test-iz0r4wt1/0.juju-log Failed to create openstack server test-iz0r4wt1-0-2a01e20f037e
Traceback (most recent call last):
  File "/var/lib/juju/agents/unit-test-iz0r4wt1-0/charm/venv/github_runner_manager/openstack_cloud/openstack_cloud.py", line 227, in launch_instance
    server = conn.create_server(
  File "/var/lib/juju/agents/unit-test-iz0r4wt1-0/charm/venv/decorator.py", line 232, in fun
    return caller(func, *(extras + args), **kw)
  File "/var/lib/juju/agents/unit-test-iz0r4wt1-0/charm/venv/openstack/cloud/_utils.py", line 224, in func_wrapper
    return func(*args, **kwargs)
  File "/var/lib/juju/agents/unit-test-iz0r4wt1-0/charm/venv/openstack/cloud/_compute.py", line 992, in create_server
    server = self.compute.create_server(**kwargs)
  File "/var/lib/juju/agents/unit-test-iz0r4wt1-0/charm/venv/openstack/compute/v2/_proxy.py", line 727, in create_server
    return self._create(_server.Server, **attrs)
  File "/var/lib/juju/agents/unit-test-iz0r4wt1-0/charm/venv/openstack/proxy.py", line 643, in _create
    return res.create(self, base_path=base_path)
  File "/var/lib/juju/agents/unit-test-iz0r4wt1-0/charm/venv/openstack/resource.py", line 1533, in create
    self._translate_response(response, **response_kwargs)
  File "/var/lib/juju/agents/unit-test-iz0r4wt1-0/charm/venv/openstack/resource.py", line 1285, in _translate_response
    exceptions.raise_from_response(response, error_message=error_message)
  File "/var/lib/juju/agents/unit-test-iz0r4wt1-0/charm/venv/openstack/exceptions.py", line 247, in raise_from_response
    raise cls(
openstack.exceptions.ForbiddenException: ForbiddenException: 403: Client Error for url: https://nova.ps6.canonical.com:8774/v2.1/servers, Maximum number of ports exceeded
unit-test-iz0r4wt1-0: 18:31:55 ERROR unit.test-iz0r4wt1/0.juju-log Failed to spawn a runner.
Traceback (most recent call last):
  File "/var/lib/juju/agents/unit-test-iz0r4wt1-0/charm/venv/github_runner_manager/openstack_cloud/openstack_cloud.py", line 227, in launch_instance
    server = conn.create_server(
  File "/var/lib/juju/agents/unit-test-iz0r4wt1-0/charm/venv/decorator.py", line 232, in fun
    return caller(func, *(extras + args), **kw)
  File "/var/lib/juju/agents/unit-test-iz0r4wt1-0/charm/venv/openstack/cloud/_utils.py", line 224, in func_wrapper
    return func(*args, **kwargs)
  File "/var/lib/juju/agents/unit-test-iz0r4wt1-0/charm/venv/openstack/cloud/_compute.py", line 992, in create_server
    server = self.compute.create_server(**kwargs)
  File "/var/lib/juju/agents/unit-test-iz0r4wt1-0/charm/venv/openstack/compute/v2/_proxy.py", line 727, in create_server
    return self._create(_server.Server, **attrs)
  File "/var/lib/juju/agents/unit-test-iz0r4wt1-0/charm/venv/openstack/proxy.py", line 643, in _create
    return res.create(self, base_path=base_path)
  File "/var/lib/juju/agents/unit-test-iz0r4wt1-0/charm/venv/openstack/resource.py", line 1533, in create
    self._translate_response(response, **response_kwargs)
  File "/var/lib/juju/agents/unit-test-iz0r4wt1-0/charm/venv/openstack/resource.py", line 1285, in _translate_response
    exceptions.raise_from_response(response, error_message=error_message)
  File "/var/lib/juju/agents/unit-test-iz0r4wt1-0/charm/venv/openstack/exceptions.py", line 247, in raise_from_response
    raise cls(
openstack.exceptions.ForbiddenException: ForbiddenException: 403: Client Error for url: https://nova.ps6.canonical.com:8774/v2.1/servers, Maximum number of ports exceeded

The above exception was the direct cause of the following exception:

Traceback (most recent call last):
  File "/var/lib/juju/agents/unit-test-iz0r4wt1-0/charm/venv/github_runner_manager/openstack_cloud/openstack_runner_manager.py", line 209, in create_runner
    instance = self._openstack_cloud.launch_instance(
  File "/var/lib/juju/agents/unit-test-iz0r4wt1-0/charm/venv/github_runner_manager/openstack_cloud/openstack_cloud.py", line 138, in exception_handling_wrapper
    return func(*args, **kwargs)
  File "/var/lib/juju/agents/unit-test-iz0r4wt1-0/charm/venv/github_runner_manager/openstack_cloud/openstack_cloud.py", line 250, in launch_instance
    raise OpenStackError(f"Failed to create openstack server {full_name}") from err
github_runner_manager.errors.OpenStackError: Failed to create openstack server test-iz0r4wt1-0-2a01e20f037e

The above exception was the direct cause of the following exception:

Traceback (most recent call last):
  File "/var/lib/juju/agents/unit-test-iz0r4wt1-0/charm/venv/github_runner_manager/manager/runner_manager.py", line 276, in _spawn_runners
    return (RunnerManager._create_runner(create_runner_args_sequence[0]),)
  File "/var/lib/juju/agents/unit-test-iz0r4wt1-0/charm/venv/github_runner_manager/manager/runner_manager.py", line 404, in _create_runner
    return args.cloud_runner_manager.create_runner(registration_token=args.registration_token)
  File "/var/lib/juju/agents/unit-test-iz0r4wt1-0/charm/venv/github_runner_manager/openstack_cloud/openstack_runner_manager.py", line 217, in create_runner
    raise RunnerCreateError(f"Failed to create {instance_name} openstack runner") from err
github_runner_manager.errors.RunnerCreateError: Failed to create test-iz0r4wt1-0-2a01e20f037e openstack runner

INFO     pytest_operator.plugin:plugin.py:1017 Forgetting model main...