06:55:42 INFO GitHub token rate limit: Rate(reset=2025-08-17 07:21:00+00:00, remaining=4457, limit=5000)
06:55:52 INFO Waiting for model:
  test-ftse219v/0 [idle] active: 
06:56:22 INFO Waiting for model:
  test-ftse219v/0 [idle] active: 
06:56:25 INFO Current reconcile ID: a236aee2-6355-4d3f-b8c5-5d125576d02b
06:57:26 INFO Current reconcile ID: a236aee2-6355-4d3f-b8c5-5d125576d02b
06:58:27 INFO Current reconcile ID: 343536f8-aaf9-4dce-af94-756f7afdbf43
06:58:35 INFO Wait for condition not met, sleeping 10
06:58:46 INFO Waiting for model:
  test-ftse219v/0 [idle] active: 
06:59:16 INFO Waiting for model:
  test-ftse219v/0 [idle] active: 
06:59:21 INFO Current reconcile ID: 1ed2e12e-127a-4094-b54f-4cc1291809b1
07:00:22 INFO Current reconcile ID: 1ed2e12e-127a-4094-b54f-4cc1291809b1
07:01:23 INFO Current reconcile ID: 1ed2e12e-127a-4094-b54f-4cc1291809b1
07:02:24 INFO Current reconcile ID: f6c75b51-a536-413c-874b-a5f02804cbb1
07:02:25 INFO File content of /var/log/github-runner-metrics.log: {"timestamp": 1755413799.0, "event": "runner_installed", "flavor": "test-ftse219v", "duration": 33.0}
{"timestamp": 1755413917.0, "event": "runner_start", "flavor": "test-ftse219v", "workflow": "Workflow Dispatch Tests", "repo": "canonical/github-runner-operator", "github_event": "workflow_dispatch", "idle": 118.0, "queue_duration": 0.0}
{"timestamp": 1755413919.0, "event": "runner_stop", "flavor": "test-ftse219v", "workflow": "Workflow Dispatch Tests", "repo": "canonical/github-runner-operator", "github_event": "workflow_dispatch", "status": "normal", "job_duration": 2.0, "job_conclusion": "success"}
{"timestamp": 1755413952.6381688, "event": "reconciliation", "flavor": "test-ftse219v", "crashed_runners": 0, "idle_runners": 0, "active_runners": 0, "expected_runners": 0, "duration": 22.426694631576538}
{"timestamp": 1755414086.0340478, "event": "reconciliation", "flavor": "test-ftse219v", "crashed_runners": 0, "idle_runners": 0, "active_runners": 0, "expected_runners": 0, "duration": 13.35528016090393}
07:02:26 INFO Model status:

Model                            Controller           Cloud/Region         Version  SLA          Timestamp
test-charm-metrics-success-z67c  github-pr-c6dfb-lxd  localhost/localhost  3.6.8    unsupported  07:02:26Z

App                                   Version  Status  Scale  Charm                        Channel      Rev  Exposed  Message
github-runner-image-builder-ftse219v           active      1  github-runner-image-builder  latest/edge  100  no       
test-ftse219v                                  active      1  github-runner                               0  no       

Unit                                     Workload  Agent  Machine  Public address  Ports  Message
github-runner-image-builder-ftse219v/0*  active    idle   0        10.185.253.143         
test-ftse219v/0*                         active    idle   1        10.185.253.212         

Machine  State    Address         Inst id        Base          AZ  Message
0        started  10.185.253.143  juju-97e16c-0  ubuntu@22.04      Running
1        started  10.185.253.212  juju-97e16c-1  ubuntu@22.04      Running

07:02:26 INFO Juju error logs:

machine-0: 06:33:52 ERROR juju.worker.dependency "lxd-container-provisioner" manifold worker returned unexpected error: container types not yet available
machine-0: 06:33:52 ERROR juju.worker.dependency "kvm-container-provisioner" manifold worker returned unexpected error: container types not yet available
unit-github-runner-image-builder-ftse219v-0: 06:33:52 ERROR juju.worker.meterstatus error running "meter-status-changed": charm missing from disk
unit-github-runner-image-builder-ftse219v-0: 06:34:32 ERROR unit.github-runner-image-builder-ftse219v/0.juju-log Pipx command failed, code: 1, out: None, err: None
machine-1: 06:34:54 ERROR juju.worker.dependency "lxd-container-provisioner" manifold worker returned unexpected error: container types not yet available
machine-1: 06:34:54 ERROR juju.worker.dependency "kvm-container-provisioner" manifold worker returned unexpected error: container types not yet available
unit-test-ftse219v-0: 06:34:54 ERROR juju.worker.meterstatus error running "meter-status-changed": charm missing from disk
unit-test-ftse219v-0: 06:36:01 ERROR unit.test-ftse219v/0.juju-log Missing image integration.
Traceback (most recent call last):
  File "/var/lib/juju/agents/unit-test-ftse219v-0/charm/./src/charm.py", line 118, in func_with_catch_errors
    func(self, event)
  File "/var/lib/juju/agents/unit-test-ftse219v-0/charm/./src/charm.py", line 342, in _on_config_changed
    self._check_image_ready()
  File "/var/lib/juju/agents/unit-test-ftse219v-0/charm/./src/charm.py", line 512, in _check_image_ready
    raise ImageIntegrationMissingError("No image integration found")
errors.ImageIntegrationMissingError: No image integration found
unit-test-ftse219v-0: 06:36:04 ERROR unit.test-ftse219v/0.juju-log Missing image integration.
Traceback (most recent call last):
  File "/var/lib/juju/agents/unit-test-ftse219v-0/charm/./src/charm.py", line 118, in func_with_catch_errors
    func(self, event)
  File "/var/lib/juju/agents/unit-test-ftse219v-0/charm/./src/charm.py", line 313, in _on_start
    self._check_image_ready()
  File "/var/lib/juju/agents/unit-test-ftse219v-0/charm/./src/charm.py", line 512, in _check_image_ready
    raise ImageIntegrationMissingError("No image integration found")
errors.ImageIntegrationMissingError: No image integration found
unit-test-ftse219v-0: 06:36:38 ERROR unit.test-ftse219v/0.juju-log image:0: Missing image in image integration.
Traceback (most recent call last):
  File "/var/lib/juju/agents/unit-test-ftse219v-0/charm/./src/charm.py", line 118, in func_with_catch_errors
    func(self, event)
  File "/var/lib/juju/agents/unit-test-ftse219v-0/charm/./src/charm.py", line 477, in _on_image_relation_changed
    self._check_image_ready()
  File "/var/lib/juju/agents/unit-test-ftse219v-0/charm/./src/charm.py", line 514, in _check_image_ready
    raise ImageNotFoundError("No image found in the image integration")
errors.ImageNotFoundError: No image found in the image integration

07:02:26 INFO Forgetting model main...