18:25:08 INFO Adding model github-pr-43d35-lxd:test-debug-ssh-yzh6 on cloud localhost
18:25:09 WARNING unexpected facade AgentLifeFlag received from the controller
18:25:09 WARNING unknown common facade version for AgentLifeFlag,
versions known to client : [2, 3]
versions known to controller : [1]
18:25:09 WARNING unexpected facade SecretsDrain received from the controller
18:25:10 INFO Deploying ch:amd64/jammy/github-runner-image-builder-83
18:25:35 INFO Deploying local:jammy/github-runner-0
18:25:35 INFO Waiting for model:
  test-pr5jhfil/0 [allocating] waiting: waiting for machine
  github-runner-image-builder-pr5jhfil/0 [allocating] waiting: waiting for machine
18:26:05 INFO Waiting for model:
  test-pr5jhfil/0 [allocating] waiting: waiting for machine
  github-runner-image-builder-pr5jhfil/0 [allocating] waiting: waiting for machine
18:26:35 INFO Waiting for model:
  test-pr5jhfil/0 [allocating] waiting: waiting for machine
  github-runner-image-builder-pr5jhfil/0 [executing] maintenance: Setting up Builder.
18:27:05 INFO Waiting for model:
  test-pr5jhfil/0 [executing] maintenance: installing charm software
  github-runner-image-builder-pr5jhfil/0 [executing] maintenance: Setting up Builder.
18:27:35 INFO Waiting for model:
  test-pr5jhfil/0 [executing] maintenance: installing charm software
  github-runner-image-builder-pr5jhfil/0 [executing] maintenance: Setting up Builder.
18:28:05 INFO Waiting for model:
  test-pr5jhfil/0 [executing] blocked: Please provide image integration.
  github-runner-image-builder-pr5jhfil/0 [executing] maintenance: Setting up Builder.
18:28:35 INFO Waiting for model:
  test-pr5jhfil/0 [idle] blocked: Please provide image integration.
  github-runner-image-builder-pr5jhfil/0 [executing] maintenance: Setting up Builder.
18:29:05 INFO Waiting for model:
  test-pr5jhfil/0 [idle] blocked: Please provide image integration.
  github-runner-image-builder-pr5jhfil/0 [executing] maintenance: Setting up Builder.
18:29:35 INFO Waiting for model:
  test-pr5jhfil/0 [idle] blocked: Please provide image integration.
  github-runner-image-builder-pr5jhfil/0 [executing] maintenance: Setting up Builder.
18:30:06 INFO Waiting for model:
  test-pr5jhfil/0 [idle] blocked: Please provide image integration.
  github-runner-image-builder-pr5jhfil/0 [executing] maintenance: Setting up Builder.
18:30:36 INFO Waiting for model:
  test-pr5jhfil/0 [idle] blocked: Please provide image integration.
  github-runner-image-builder-pr5jhfil/0 [executing] maintenance: Setting up Builder.
18:31:06 INFO Waiting for model:
  test-pr5jhfil/0 [idle] blocked: Please provide image integration.
  github-runner-image-builder-pr5jhfil/0 [executing] maintenance: Setting up Builder.
18:31:36 INFO Model status:

Model                Controller           Cloud/Region         Version  SLA          Timestamp
test-debug-ssh-yzh6  github-pr-43d35-lxd  localhost/localhost  3.1.10   unsupported  18:31:36Z

App                                   Version  Status   Scale  Charm                        Channel      Rev  Exposed  Message
github-runner-image-builder-pr5jhfil           error        1  github-runner-image-builder  latest/edge   83  no       hook failed: "install"
test-pr5jhfil                                  blocked      1  github-runner                               0  no       Please provide image integration.

Unit                                     Workload  Agent  Machine  Public address  Ports  Message
github-runner-image-builder-pr5jhfil/0*  error     idle   0        10.202.111.33          hook failed: "install"
test-pr5jhfil/0*                         blocked   idle   1        10.202.111.102         Please provide image integration.

Machine  State    Address         Inst id        Base          AZ  Message
0        started  10.202.111.33   juju-e8392e-0  ubuntu@22.04      Running
1        started  10.202.111.102  juju-e8392e-1  ubuntu@22.04      Running

18:31:37 INFO Juju error logs:

machine-0: 18:26:14 ERROR juju.worker.dependency "lxd-container-provisioner" manifold worker returned unexpected error: container types not yet available
machine-0: 18:26:14 ERROR juju.worker.dependency "kvm-container-provisioner" manifold worker returned unexpected error: container types not yet available
machine-0: 18:26:14 ERROR juju.worker.dependency "broker-tracker" manifold worker returned unexpected error: no container types determined
unit-github-runner-image-builder-pr5jhfil-0: 18:26:14 ERROR juju.worker.meterstatus error running "meter-status-changed": charm missing from disk
machine-1: 18:26:44 ERROR juju.worker.dependency "broker-tracker" manifold worker returned unexpected error: no container types determined
machine-1: 18:26:44 ERROR juju.worker.dependency "kvm-container-provisioner" manifold worker returned unexpected error: container types not yet available
machine-1: 18:26:44 ERROR juju.worker.dependency "lxd-container-provisioner" manifold worker returned unexpected error: container types not yet available
unit-test-pr5jhfil-0: 18:26:44 ERROR juju.worker.meterstatus error running "meter-status-changed": charm missing from disk
unit-github-runner-image-builder-pr5jhfil-0: 18:31:31 ERROR unit.github-runner-image-builder-pr5jhfil/0.juju-log Uncaught exception while in charm code:
Traceback (most recent call last):
  File "/var/lib/juju/agents/unit-github-runner-image-builder-pr5jhfil-0/charm/src/proxy.py", line 27, in setup
    subprocess.run(  # nosec: B603
  File "/usr/lib/python3.10/subprocess.py", line 505, in run
    stdout, stderr = process.communicate(input, timeout=timeout)
  File "/usr/lib/python3.10/subprocess.py", line 1154, in communicate
    stdout, stderr = self._communicate(input, endtime, timeout)
  File "/usr/lib/python3.10/subprocess.py", line 2047, in _communicate
    self.wait(timeout=self._remaining_time(endtime))
  File "/usr/lib/python3.10/subprocess.py", line 1209, in wait
    return self._wait(timeout=timeout)
  File "/usr/lib/python3.10/subprocess.py", line 1951, in _wait
    raise TimeoutExpired(self.args, timeout)
subprocess.TimeoutExpired: Command '['/usr/bin/sudo', 'snap', 'install', 'aproxy', '--channel=latest/edge']' timed out after 299.9999549760014 seconds

The above exception was the direct cause of the following exception:

Traceback (most recent call last):
  File "/var/lib/juju/agents/unit-github-runner-image-builder-pr5jhfil-0/charm/./src/charm.py", line 300, in <module>
    ops.main.main(GithubRunnerImageBuilderCharm)
  File "/var/lib/juju/agents/unit-github-runner-image-builder-pr5jhfil-0/charm/venv/ops/__init__.py", line 359, in main
    return _legacy_main.main(
  File "/var/lib/juju/agents/unit-github-runner-image-builder-pr5jhfil-0/charm/venv/ops/main.py", line 39, in main
    return _main.main(charm_class=charm_class, use_juju_for_storage=use_juju_for_storage)
  File "/var/lib/juju/agents/unit-github-runner-image-builder-pr5jhfil-0/charm/venv/ops/_main.py", line 474, in main
    manager.run()
  File "/var/lib/juju/agents/unit-github-runner-image-builder-pr5jhfil-0/charm/venv/ops/_main.py", line 458, in run
    self._emit()
  File "/var/lib/juju/agents/unit-github-runner-image-builder-pr5jhfil-0/charm/venv/ops/_main.py", line 402, in _emit
    self._emit_charm_event(self.dispatcher.event_name)
  File "/var/lib/juju/agents/unit-github-runner-image-builder-pr5jhfil-0/charm/venv/ops/_main.py", line 437, in _emit_charm_event
    event_to_emit.emit(*args, **kwargs)
  File "/var/lib/juju/agents/unit-github-runner-image-builder-pr5jhfil-0/charm/venv/ops/framework.py", line 351, in emit
    framework._emit(event)
  File "/var/lib/juju/agents/unit-github-runner-image-builder-pr5jhfil-0/charm/venv/ops/framework.py", line 923, in _emit
    self._reemit(event_path)
  File "/var/lib/juju/agents/unit-github-runner-image-builder-pr5jhfil-0/charm/venv/ops/framework.py", line 1029, in _reemit
    custom_handler(event)
  File "/var/lib/juju/agents/unit-github-runner-image-builder-pr5jhfil-0/charm/src/charm_utils.py", line 68, in wrapper
    return method(instance, event)
  File "/var/lib/juju/agents/unit-github-runner-image-builder-pr5jhfil-0/charm/./src/charm.py", line 75, in _on_install
    self._setup_builder()
  File "/var/lib/juju/agents/unit-github-runner-image-builder-pr5jhfil-0/charm/./src/charm.py", line 169, in _setup_builder
    proxy.setup(proxy=state.ProxyConfig.from_env())
  File "/var/lib/juju/agents/unit-github-runner-image-builder-pr5jhfil-0/charm/src/proxy.py", line 35, in setup
    raise ProxyInstallError from exc
exceptions.ProxyInstallError
unit-github-runner-image-builder-pr5jhfil-0: 18:31:31 ERROR juju.worker.uniter.operation hook "install" (via hook dispatching script: dispatch) failed: exit status 1

18:31:38 INFO Forgetting model main...