18:54:59 INFO Model status:

Model                   Controller           Cloud/Region         Version  SLA          Timestamp
test-charm-runner-6omj  github-pr-43d35-lxd  localhost/localhost  3.6.6    unsupported  18:54:59Z

App                                   Version  Status  Scale  Charm                        Channel      Rev  Exposed  Message
github-runner-image-builder-cnnvdb61           active      1  github-runner-image-builder  latest/edge   83  no       
test-cnnvdb61                                  active      1  github-runner                               0  no       

Unit                                     Workload  Agent  Machine  Public address  Ports  Message
github-runner-image-builder-cnnvdb61/0*  active    idle   0        10.150.49.108          
test-cnnvdb61/0*                         active    idle   1        10.150.49.121          

Machine  State    Address        Inst id        Base          AZ  Message
0        started  10.150.49.108  juju-d12086-0  ubuntu@22.04      Running
1        started  10.150.49.121  juju-d12086-1  ubuntu@22.04      Running

18:54:59 INFO Juju error logs:

machine-0: 18:26:01 ERROR juju.worker.dependency "lxd-container-provisioner" manifold worker returned unexpected error: container types not yet available
machine-0: 18:26:01 ERROR juju.worker.dependency "kvm-container-provisioner" manifold worker returned unexpected error: container types not yet available
unit-github-runner-image-builder-cnnvdb61-0: 18:26:01 ERROR juju.worker.meterstatus error running "meter-status-changed": charm missing from disk
unit-github-runner-image-builder-cnnvdb61-0: 18:26:38 ERROR unit.github-runner-image-builder-cnnvdb61/0.juju-log Pipx command failed, code: 1, out: None, err: None
machine-1: 18:26:59 ERROR juju.worker.dependency "kvm-container-provisioner" manifold worker returned unexpected error: container types not yet available
machine-1: 18:26:59 ERROR juju.worker.dependency "lxd-container-provisioner" manifold worker returned unexpected error: container types not yet available
unit-test-cnnvdb61-0: 18:27:00 ERROR juju.worker.meterstatus error running "meter-status-changed": charm missing from disk
unit-test-cnnvdb61-0: 18:48:59 ERROR unit.test-cnnvdb61/0.juju-log No metrics returned after deleting test-cnnvdb61-0-n-e32f885d0314
unit-test-cnnvdb61-0: 18:54:10 ERROR unit.test-cnnvdb61/0.juju-log Timeout creating openstack server test-cnnvdb61-0-n-bd6acc1c2fc0
Traceback (most recent call last):
  File "/var/lib/juju/agents/unit-test-cnnvdb61-0/charm/venv/github_runner_manager/openstack_cloud/openstack_cloud.py", line 245, in launch_instance
    server = conn.create_server(
  File "/var/lib/juju/agents/unit-test-cnnvdb61-0/charm/venv/decorator.py", line 235, in fun
    return caller(func, *(extras + args), **kw)
  File "/var/lib/juju/agents/unit-test-cnnvdb61-0/charm/venv/openstack/cloud/_utils.py", line 233, in func_wrapper
    return func(*args, **kwargs)
  File "/var/lib/juju/agents/unit-test-cnnvdb61-0/charm/venv/openstack/cloud/_compute.py", line 1104, in create_server
    server = self.wait_for_server(
  File "/var/lib/juju/agents/unit-test-cnnvdb61-0/charm/venv/openstack/cloud/_compute.py", line 1243, in wait_for_server
    for count in utils.iterate_timeout(
  File "/var/lib/juju/agents/unit-test-cnnvdb61-0/charm/venv/openstack/utils.py", line 88, in iterate_timeout
    raise exceptions.ResourceTimeout(message)
openstack.exceptions.ResourceTimeout: Timeout waiting for the server to come up.
unit-test-cnnvdb61-0: 18:54:11 ERROR unit.test-cnnvdb61/0.juju-log Failed to spawn a runner.
Traceback (most recent call last):
  File "/var/lib/juju/agents/unit-test-cnnvdb61-0/charm/venv/github_runner_manager/openstack_cloud/openstack_cloud.py", line 245, in launch_instance
    server = conn.create_server(
  File "/var/lib/juju/agents/unit-test-cnnvdb61-0/charm/venv/decorator.py", line 235, in fun
    return caller(func, *(extras + args), **kw)
  File "/var/lib/juju/agents/unit-test-cnnvdb61-0/charm/venv/openstack/cloud/_utils.py", line 233, in func_wrapper
    return func(*args, **kwargs)
  File "/var/lib/juju/agents/unit-test-cnnvdb61-0/charm/venv/openstack/cloud/_compute.py", line 1104, in create_server
    server = self.wait_for_server(
  File "/var/lib/juju/agents/unit-test-cnnvdb61-0/charm/venv/openstack/cloud/_compute.py", line 1243, in wait_for_server
    for count in utils.iterate_timeout(
  File "/var/lib/juju/agents/unit-test-cnnvdb61-0/charm/venv/openstack/utils.py", line 88, in iterate_timeout
    raise exceptions.ResourceTimeout(message)
openstack.exceptions.ResourceTimeout: Timeout waiting for the server to come up.

The above exception was the direct cause of the following exception:

Traceback (most recent call last):
  File "/var/lib/juju/agents/unit-test-cnnvdb61-0/charm/venv/github_runner_manager/openstack_cloud/openstack_runner_manager.py", line 140, in create_runner
    instance = self._openstack_cloud.launch_instance(
  File "/var/lib/juju/agents/unit-test-cnnvdb61-0/charm/venv/github_runner_manager/openstack_cloud/openstack_cloud.py", line 144, in exception_handling_wrapper
    return func(*args, **kwargs)
  File "/var/lib/juju/agents/unit-test-cnnvdb61-0/charm/venv/github_runner_manager/openstack_cloud/openstack_cloud.py", line 265, in launch_instance
    raise OpenStackError(f"Timeout creating openstack server {instance_id}") from err
github_runner_manager.errors.OpenStackError: Timeout creating openstack server test-cnnvdb61-0-n-bd6acc1c2fc0

The above exception was the direct cause of the following exception:

Traceback (most recent call last):
  File "/var/lib/juju/agents/unit-test-cnnvdb61-0/charm/venv/github_runner_manager/manager/runner_manager.py", line 391, in _spawn_runners
    return (RunnerManager._create_runner(create_runner_args_sequence[0]),)
  File "/var/lib/juju/agents/unit-test-cnnvdb61-0/charm/venv/github_runner_manager/manager/runner_manager.py", line 521, in _create_runner
    args.cloud_runner_manager.create_runner(
  File "/var/lib/juju/agents/unit-test-cnnvdb61-0/charm/venv/github_runner_manager/openstack_cloud/openstack_runner_manager.py", line 147, in create_runner
    raise RunnerCreateError(
github_runner_manager.errors.RunnerCreateError: Failed to create RunnerIdentity(instance_id=InstanceID('test-cnnvdb61-0-n-bd6acc1c2fc0'), metadata=RunnerMetadata(platform_name='github', runner_id='107365', url=None)) openstack runner

18:54:59 INFO Forgetting model main...