18:49:39 INFO Waiting for model:
  test-deuk9tgf/0 [idle] active: 
18:49:55 INFO Current reconcile ID: f485bf29-42e6-468b-b686-604a31c03048
18:49:55 INFO Waiting for reconcile ID: f485bf29-42e6-468b-b686-604a31c03048
18:50:56 INFO Current reconcile ID: 5d904527-fae0-42d2-9b7a-2985bfed766b
18:50:56 INFO Current reconcile ID: 5d904527-fae0-42d2-9b7a-2985bfed766b, expected reconcile ID: f485bf29-42e6-468b-b686-604a31c03048
18:50:58 INFO Model status:

Model                      Controller           Cloud/Region         Version  SLA          Timestamp
test-charm-no-runner-fca3  github-pr-420bb-lxd  localhost/localhost  3.6.9    unsupported  18:50:58Z

App                                   Version  Status  Scale  Charm                        Channel      Rev  Exposed  Message
github-runner-image-builder-deuk9tgf           active      1  github-runner-image-builder  latest/edge  110  no       
test-deuk9tgf                                  active      1  github-runner                               0  no       

Unit                                     Workload  Agent  Machine  Public address  Ports  Message
github-runner-image-builder-deuk9tgf/0*  active    idle   0        10.204.252.171         
test-deuk9tgf/0*                         active    idle   1        10.204.252.101         

Machine  State    Address         Inst id        Base          AZ             Message
0        started  10.204.252.171  juju-c768b1-0  ubuntu@22.04  github-runner  Running
1        started  10.204.252.101  juju-c768b1-1  ubuntu@22.04  github-runner  Running

18:50:58 INFO Juju error logs:

machine-0: 18:25:55 ERROR juju.worker.dependency "kvm-container-provisioner" manifold worker returned unexpected error: container types not yet available
machine-0: 18:25:55 ERROR juju.worker.dependency "lxd-container-provisioner" manifold worker returned unexpected error: container types not yet available
unit-github-runner-image-builder-deuk9tgf-0: 18:25:55 ERROR juju.worker.meterstatus error running "meter-status-changed": charm missing from disk
machine-1: 18:26:04 ERROR juju.worker.dependency "kvm-container-provisioner" manifold worker returned unexpected error: container types not yet available
machine-1: 18:26:04 ERROR juju.worker.dependency "lxd-container-provisioner" manifold worker returned unexpected error: container types not yet available
unit-test-deuk9tgf-0: 18:26:04 ERROR juju.worker.meterstatus error running "meter-status-changed": charm missing from disk
unit-github-runner-image-builder-deuk9tgf-0: 18:26:44 ERROR unit.github-runner-image-builder-deuk9tgf/0.juju-log Pipx command failed, code: 1, out: None, err: None
unit-test-deuk9tgf-0: 18:27:20 ERROR unit.test-deuk9tgf/0.juju-log Missing image integration.
Traceback (most recent call last):
  File "/var/lib/juju/agents/unit-test-deuk9tgf-0/charm/./src/charm.py", line 118, in func_with_catch_errors
    func(self, event)
  File "/var/lib/juju/agents/unit-test-deuk9tgf-0/charm/./src/charm.py", line 342, in _on_config_changed
    self._check_image_ready()
  File "/var/lib/juju/agents/unit-test-deuk9tgf-0/charm/./src/charm.py", line 512, in _check_image_ready
    raise ImageIntegrationMissingError("No image integration found")
errors.ImageIntegrationMissingError: No image integration found
unit-test-deuk9tgf-0: 18:27:23 ERROR unit.test-deuk9tgf/0.juju-log Missing image integration.
Traceback (most recent call last):
  File "/var/lib/juju/agents/unit-test-deuk9tgf-0/charm/./src/charm.py", line 118, in func_with_catch_errors
    func(self, event)
  File "/var/lib/juju/agents/unit-test-deuk9tgf-0/charm/./src/charm.py", line 313, in _on_start
    self._check_image_ready()
  File "/var/lib/juju/agents/unit-test-deuk9tgf-0/charm/./src/charm.py", line 512, in _check_image_ready
    raise ImageIntegrationMissingError("No image integration found")
errors.ImageIntegrationMissingError: No image integration found
unit-test-deuk9tgf-0: 18:28:42 ERROR unit.test-deuk9tgf/0.juju-log image:0: Missing image in image integration.
Traceback (most recent call last):
  File "/var/lib/juju/agents/unit-test-deuk9tgf-0/charm/./src/charm.py", line 118, in func_with_catch_errors
    func(self, event)
  File "/var/lib/juju/agents/unit-test-deuk9tgf-0/charm/./src/charm.py", line 477, in _on_image_relation_changed
    self._check_image_ready()
  File "/var/lib/juju/agents/unit-test-deuk9tgf-0/charm/./src/charm.py", line 514, in _check_image_ready
    raise ImageNotFoundError("No image found in the image integration")
errors.ImageNotFoundError: No image found in the image integration

18:50:58 INFO Forgetting model main...