18:27:11 WARNING unexpected facade SSHServer received from the controller
18:27:11 INFO Adding model github-pr-35148-lxd:test-multi-unit-same-machine-cxhj on cloud localhost
18:27:11 WARNING unexpected facade SSHServer received from the controller
18:27:11 WARNING unexpected facade SSHSession received from the controller
18:27:11 WARNING unexpected facade SSHTunneler received from the controller
18:27:11 INFO Deploying fake image builder via any-charm for image ID 1ad6e456-fa35-47ef-988f-1e793a60f258
18:27:13 INFO Deploying ch:amd64/noble/any-charm-124
18:27:32 INFO Deploying local:jammy/github-runner-0
18:27:32 INFO Waiting for model:
  test-d10qxbbe/0 [allocating] waiting: waiting for machine
  github-runner-image-builder-d10qxbbe/0 [allocating] waiting: waiting for machine
18:28:02 INFO Waiting for model:
  test-d10qxbbe/0 [allocating] waiting: waiting for machine
  github-runner-image-builder-d10qxbbe/0 [allocating] waiting: agent initialising
18:28:33 INFO Waiting for model:
  test-d10qxbbe/0 [allocating] waiting: waiting for machine
18:29:03 INFO Waiting for model:
  test-d10qxbbe/0 [allocating] waiting: waiting for machine
18:29:33 INFO Waiting for model:
  test-d10qxbbe/0 [allocating] waiting: waiting for machine
18:30:04 INFO Waiting for model:
  test-d10qxbbe/0 [allocating] waiting: agent initialising
18:30:34 INFO Waiting for model:
  test-d10qxbbe/0 [executing] maintenance: installing charm software
18:31:05 INFO Waiting for model:
  test-d10qxbbe/0 [executing] maintenance: Update image for runners
  github-runner-image-builder-d10qxbbe/0 [idle] active: 
18:31:35 INFO Waiting for model:
  test-d10qxbbe/0 [idle] active:
18:31:42 INFO Waiting for model:
  test-d10qxbbe/0 [idle] active: 
  test-d10qxbbe/1 [allocating] waiting: installing agent
18:32:12 INFO Waiting for model:
  test-d10qxbbe/0 [idle] active: 
  test-d10qxbbe/1 [executing] maintenance: installing charm software
18:32:43 INFO Waiting for model:
  test-d10qxbbe/0 [idle] active: 
  test-d10qxbbe/1 [executing] maintenance: Update image for runners
18:33:12 INFO File content of /var/lib/github-runner-manager/test-d10qxbbe-0/http_port: 55555
18:33:13 INFO File content of /var/lib/github-runner-manager/test-d10qxbbe-1/http_port: 55556
18:33:16 INFO File content of /var/lib/github-runner-manager/test-d10qxbbe-1/http_port: 55556
18:33:19 INFO File content of /var/lib/github-runner-manager/test-d10qxbbe-1/http_port: 55556
18:33:20 INFO Model status:

Model                              Controller           Cloud/Region         Version  SLA          Timestamp
test-multi-unit-same-machine-cxhj  github-pr-35148-lxd  localhost/localhost  3.6.13   unsupported  18:33:20Z

App                                   Version  Status  Scale  Charm          Channel      Rev  Exposed  Message
github-runner-image-builder-d10qxbbe           active      1  any-charm      latest/beta  124  no       
test-d10qxbbe                                  active      2  github-runner                 0  no       

Unit                                     Workload  Agent  Machine  Public address  Ports  Message
github-runner-image-builder-d10qxbbe/0*  active    idle   0        10.162.154.211         
test-d10qxbbe/0*                         active    idle   1        10.162.154.205         
test-d10qxbbe/1                          active    idle   1        10.162.154.205         

Machine  State    Address         Inst id        Base          AZ             Message
0        started  10.162.154.211  juju-320889-0  ubuntu@24.04  github-runner  Running
1        started  10.162.154.205  juju-320889-1  ubuntu@22.04  github-runner  Running

18:33:20 INFO Juju error logs:

machine-0: 18:27:59 ERROR juju.worker.dependency "lxd-container-provisioner" manifold worker returned unexpected error: container types not yet available
machine-0: 18:27:59 ERROR juju.worker.dependency "kvm-container-provisioner" manifold worker returned unexpected error: container types not yet available
machine-1: 18:29:44 ERROR juju.worker.dependency "kvm-container-provisioner" manifold worker returned unexpected error: container types not yet available
machine-1: 18:29:44 ERROR juju.worker.dependency "lxd-container-provisioner" manifold worker returned unexpected error: container types not yet available
unit-test-d10qxbbe-0: 18:31:00 ERROR unit.test-d10qxbbe/0.juju-log Missing image integration.
Traceback (most recent call last):
  File "/var/lib/juju/agents/unit-test-d10qxbbe-0/charm/./src/charm.py", line 120, in func_with_catch_errors
    func(self, event)
  File "/var/lib/juju/agents/unit-test-d10qxbbe-0/charm/./src/charm.py", line 358, in _on_config_changed
    self._check_image_ready()
  File "/var/lib/juju/agents/unit-test-d10qxbbe-0/charm/./src/charm.py", line 528, in _check_image_ready
    raise ImageIntegrationMissingError("No image integration found")
errors.ImageIntegrationMissingError: No image integration found
unit-test-d10qxbbe-0: 18:31:02 ERROR unit.test-d10qxbbe/0.juju-log Missing image integration.
Traceback (most recent call last):
  File "/var/lib/juju/agents/unit-test-d10qxbbe-0/charm/./src/charm.py", line 120, in func_with_catch_errors
    func(self, event)
  File "/var/lib/juju/agents/unit-test-d10qxbbe-0/charm/./src/charm.py", line 321, in _on_start
    self._check_image_ready()
  File "/var/lib/juju/agents/unit-test-d10qxbbe-0/charm/./src/charm.py", line 528, in _check_image_ready
    raise ImageIntegrationMissingError("No image integration found")
errors.ImageIntegrationMissingError: No image integration found
unit-test-d10qxbbe-1: 18:32:26 ERROR unit.test-d10qxbbe/1.juju-log Missing image integration.
Traceback (most recent call last):
  File "/var/lib/juju/agents/unit-test-d10qxbbe-1/charm/./src/charm.py", line 120, in func_with_catch_errors
    func(self, event)
  File "/var/lib/juju/agents/unit-test-d10qxbbe-1/charm/./src/charm.py", line 358, in _on_config_changed
    self._check_image_ready()
  File "/var/lib/juju/agents/unit-test-d10qxbbe-1/charm/./src/charm.py", line 528, in _check_image_ready
    raise ImageIntegrationMissingError("No image integration found")
errors.ImageIntegrationMissingError: No image integration found
unit-test-d10qxbbe-1: 18:32:27 ERROR unit.test-d10qxbbe/1.juju-log Missing image integration.
Traceback (most recent call last):
  File "/var/lib/juju/agents/unit-test-d10qxbbe-1/charm/./src/charm.py", line 120, in func_with_catch_errors
    func(self, event)
  File "/var/lib/juju/agents/unit-test-d10qxbbe-1/charm/./src/charm.py", line 321, in _on_start
    self._check_image_ready()
  File "/var/lib/juju/agents/unit-test-d10qxbbe-1/charm/./src/charm.py", line 528, in _check_image_ready
    raise ImageIntegrationMissingError("No image integration found")
errors.ImageIntegrationMissingError: No image integration found

18:33:20 INFO Forgetting model main...