18:26:17 WARNING unexpected facade SSHServer received from the controller
18:26:17 INFO Adding model github-pr-587b7-lxd:test-charm-fork-repo-vssn on cloud localhost
18:26:17 WARNING unexpected facade SSHServer received from the controller
18:26:17 WARNING unexpected facade SSHSession received from the controller
18:26:17 WARNING unexpected facade SSHTunneler received from the controller
18:26:19 INFO Deploying ch:amd64/jammy/github-runner-image-builder-126
18:26:31 INFO Deploying local:jammy/github-runner-0
18:26:32 INFO Waiting for model:
  test-e9l0ed13/0 [allocating] waiting: waiting for machine
  github-runner-image-builder-e9l0ed13/0 [allocating] waiting: waiting for machine
18:27:02 INFO Waiting for model:
  test-e9l0ed13/0 [allocating] waiting: waiting for machine
  github-runner-image-builder-e9l0ed13/0 [allocating] waiting: waiting for machine
18:27:32 INFO Waiting for model:
  test-e9l0ed13/0 [executing] waiting: agent initialising
  github-runner-image-builder-e9l0ed13/0 [executing] maintenance: Setting up Builder.
18:28:02 INFO Waiting for model:
  test-e9l0ed13/0 [executing] maintenance: installing charm software
  github-runner-image-builder-e9l0ed13/0 [executing] maintenance: Setting up Builder.
18:28:33 INFO Waiting for model:
  test-e9l0ed13/0 [idle] blocked: Please provide image integration.
  github-runner-image-builder-e9l0ed13/0 [executing] maintenance: Setting up Builder.
18:29:03 INFO Waiting for model:
  test-e9l0ed13/0 [idle] blocked: Please provide image integration.
  github-runner-image-builder-e9l0ed13/0 [executing] maintenance: Setting up Builder.
18:29:33 INFO Waiting for model:
  test-e9l0ed13/0 [idle] blocked: Please provide image integration.
  github-runner-image-builder-e9l0ed13/0 [executing] maintenance: Setting up Builder.
18:30:04 INFO Waiting for model:
  test-e9l0ed13/0 [idle] blocked: Please provide image integration.
  github-runner-image-builder-e9l0ed13/0 [executing] maintenance: Setting up Builder.
18:30:34 INFO Waiting for model:
  test-e9l0ed13/0 [idle] blocked: Please provide image integration.
  github-runner-image-builder-e9l0ed13/0 [executing] maintenance: Setting up Builder.
18:31:05 INFO Waiting for model:
  test-e9l0ed13/0 [idle] waiting: Waiting for image over integration.
  github-runner-image-builder-e9l0ed13/0 [executing] blocked: image integration required.
18:31:35 INFO Waiting for model:
  test-e9l0ed13/0 [idle] waiting: Waiting for image over integration.
  github-runner-image-builder-e9l0ed13/0 [executing] blocked: image integration required.
18:32:05 INFO Waiting for model:
  test-e9l0ed13/0 [idle] waiting: Waiting for image over integration.
  github-runner-image-builder-e9l0ed13/0 [executing] blocked: image integration required.
18:32:36 INFO Waiting for model:
  test-e9l0ed13/0 [idle] waiting: Waiting for image over integration.
  github-runner-image-builder-e9l0ed13/0 [executing] active: Building image.
18:32:55 INFO OpenStack servers: []
18:32:55 INFO Model status:

Model                      Controller           Cloud/Region         Version  SLA          Timestamp
test-charm-fork-repo-vssn  github-pr-587b7-lxd  localhost/localhost  3.6.9    unsupported  18:32:55Z

App                                   Version  Status   Scale  Charm                        Channel      Rev  Exposed  Message
github-runner-image-builder-e9l0ed13           error        1  github-runner-image-builder  latest/edge  126  no       hook failed: "image-relation-changed"
test-e9l0ed13                                  waiting      1  github-runner                               0  no       Waiting for image over integration.

Unit                                     Workload  Agent  Machine  Public address  Ports  Message
github-runner-image-builder-e9l0ed13/0*  error     idle   0        10.196.204.253         hook failed: "image-relation-changed"
test-e9l0ed13/0*                         waiting   idle   1        10.196.204.153         Waiting for image over integration.

Machine  State    Address         Inst id        Base          AZ             Message
0        started  10.196.204.253  juju-37b749-0  ubuntu@22.04  github-runner  Running
1        started  10.196.204.153  juju-37b749-1  ubuntu@22.04  github-runner  Running

18:32:55 INFO Juju error logs:

machine-0: 18:27:18 ERROR juju.worker.dependency "lxd-container-provisioner" manifold worker returned unexpected error: container types not yet available
machine-0: 18:27:18 ERROR juju.worker.dependency "kvm-container-provisioner" manifold worker returned unexpected error: container types not yet available
unit-github-runner-image-builder-e9l0ed13-0: 18:27:18 ERROR juju.worker.meterstatus error running "meter-status-changed": charm missing from disk
machine-1: 18:27:23 ERROR juju.worker.dependency "kvm-container-provisioner" manifold worker returned unexpected error: container types not yet available
machine-1: 18:27:23 ERROR juju.worker.dependency "lxd-container-provisioner" manifold worker returned unexpected error: container types not yet available
unit-test-e9l0ed13-0: 18:27:23 ERROR juju.worker.meterstatus error running "meter-status-changed": charm missing from disk
unit-github-runner-image-builder-e9l0ed13-0: 18:27:57 ERROR unit.github-runner-image-builder-e9l0ed13/0.juju-log Pipx command failed, code: 1, out: None, err: None
unit-test-e9l0ed13-0: 18:28:15 ERROR unit.test-e9l0ed13/0.juju-log Missing image integration.
Traceback (most recent call last):
  File "/var/lib/juju/agents/unit-test-e9l0ed13-0/charm/./src/charm.py", line 118, in func_with_catch_errors
    func(self, event)
  File "/var/lib/juju/agents/unit-test-e9l0ed13-0/charm/./src/charm.py", line 342, in _on_config_changed
    self._check_image_ready()
  File "/var/lib/juju/agents/unit-test-e9l0ed13-0/charm/./src/charm.py", line 512, in _check_image_ready
    raise ImageIntegrationMissingError("No image integration found")
errors.ImageIntegrationMissingError: No image integration found
unit-test-e9l0ed13-0: 18:28:16 ERROR unit.test-e9l0ed13/0.juju-log Missing image integration.
Traceback (most recent call last):
  File "/var/lib/juju/agents/unit-test-e9l0ed13-0/charm/./src/charm.py", line 118, in func_with_catch_errors
    func(self, event)
  File "/var/lib/juju/agents/unit-test-e9l0ed13-0/charm/./src/charm.py", line 313, in _on_start
    self._check_image_ready()
  File "/var/lib/juju/agents/unit-test-e9l0ed13-0/charm/./src/charm.py", line 512, in _check_image_ready
    raise ImageIntegrationMissingError("No image integration found")
errors.ImageIntegrationMissingError: No image integration found
unit-test-e9l0ed13-0: 18:30:55 ERROR unit.test-e9l0ed13/0.juju-log image:0: Missing image in image integration.
Traceback (most recent call last):
  File "/var/lib/juju/agents/unit-test-e9l0ed13-0/charm/./src/charm.py", line 118, in func_with_catch_errors
    func(self, event)
  File "/var/lib/juju/agents/unit-test-e9l0ed13-0/charm/./src/charm.py", line 477, in _on_image_relation_changed
    self._check_image_ready()
  File "/var/lib/juju/agents/unit-test-e9l0ed13-0/charm/./src/charm.py", line 514, in _check_image_ready
    raise ImageNotFoundError("No image found in the image integration")
errors.ImageNotFoundError: No image found in the image integration
unit-github-runner-image-builder-e9l0ed13-0: 18:32:10 ERROR unit.github-runner-image-builder-e9l0ed13/0.juju-log image:0: Image build failed, code: 1, out: , err: None, stdout: 
unit-github-runner-image-builder-e9l0ed13-0: 18:32:17 ERROR unit.github-runner-image-builder-e9l0ed13/0.juju-log image:0: Image build failed, code: 1, out: , err: None, stdout: 
unit-github-runner-image-builder-e9l0ed13-0: 18:32:25 ERROR unit.github-runner-image-builder-e9l0ed13/0.juju-log image:0: Image build failed, code: 1, out: , err: None, stdout: 
unit-github-runner-image-builder-e9l0ed13-0: 18:32:35 ERROR unit.github-runner-image-builder-e9l0ed13/0.juju-log image:0: Image build failed, code: 1, out: , err: None, stdout: 

18:32:55 INFO Forgetting model main...