18:53:37 INFO Waiting for model:
  test-g4auctp7/0 [idle] active: 
18:53:54 INFO Current reconcile ID: 72d320ce-ccb3-45bf-a05d-485e77daf992
18:54:55 INFO Current reconcile ID: 842bd709-c30e-4fe6-a361-346fee3fde97
18:54:57 INFO Model status:

Model                      Controller           Cloud/Region         Version  SLA          Timestamp
test-charm-no-runner-eg5o  github-pr-c6dfb-lxd  localhost/localhost  3.6.8    unsupported  18:54:57Z

App                                   Version  Status  Scale  Charm                        Channel      Rev  Exposed  Message
github-runner-image-builder-g4auctp7           active      1  github-runner-image-builder  latest/edge  105  no       
test-g4auctp7                                  active      1  github-runner                               0  no       

Unit                                     Workload  Agent  Machine  Public address  Ports  Message
github-runner-image-builder-g4auctp7/0*  active    idle   0        10.217.25.49           
test-g4auctp7/0*                         active    idle   1        10.217.25.219          

Machine  State    Address        Inst id        Base          AZ  Message
0        started  10.217.25.49   juju-de0d21-0  ubuntu@22.04      Running
1        started  10.217.25.219  juju-de0d21-1  ubuntu@22.04      Running

18:54:57 INFO Juju error logs:

machine-0: 18:27:44 ERROR juju.worker.dependency "lxd-container-provisioner" manifold worker returned unexpected error: container types not yet available
machine-0: 18:27:44 ERROR juju.worker.dependency "kvm-container-provisioner" manifold worker returned unexpected error: container types not yet available
unit-github-runner-image-builder-g4auctp7-0: 18:27:44 ERROR juju.worker.meterstatus error running "meter-status-changed": charm missing from disk
machine-1: 18:27:55 ERROR juju.worker.dependency "lxd-container-provisioner" manifold worker returned unexpected error: container types not yet available
machine-1: 18:27:55 ERROR juju.worker.dependency "kvm-container-provisioner" manifold worker returned unexpected error: container types not yet available
unit-test-g4auctp7-0: 18:27:55 ERROR juju.worker.meterstatus error running "meter-status-changed": charm missing from disk
unit-github-runner-image-builder-g4auctp7-0: 18:28:50 ERROR unit.github-runner-image-builder-g4auctp7/0.juju-log Pipx command failed, code: 1, out: None, err: None
unit-test-g4auctp7-0: 18:29:47 ERROR unit.test-g4auctp7/0.juju-log Missing image integration.
Traceback (most recent call last):
  File "/var/lib/juju/agents/unit-test-g4auctp7-0/charm/./src/charm.py", line 118, in func_with_catch_errors
    func(self, event)
  File "/var/lib/juju/agents/unit-test-g4auctp7-0/charm/./src/charm.py", line 342, in _on_config_changed
    self._check_image_ready()
  File "/var/lib/juju/agents/unit-test-g4auctp7-0/charm/./src/charm.py", line 512, in _check_image_ready
    raise ImageIntegrationMissingError("No image integration found")
errors.ImageIntegrationMissingError: No image integration found
unit-test-g4auctp7-0: 18:29:50 ERROR unit.test-g4auctp7/0.juju-log Missing image integration.
Traceback (most recent call last):
  File "/var/lib/juju/agents/unit-test-g4auctp7-0/charm/./src/charm.py", line 118, in func_with_catch_errors
    func(self, event)
  File "/var/lib/juju/agents/unit-test-g4auctp7-0/charm/./src/charm.py", line 313, in _on_start
    self._check_image_ready()
  File "/var/lib/juju/agents/unit-test-g4auctp7-0/charm/./src/charm.py", line 512, in _check_image_ready
    raise ImageIntegrationMissingError("No image integration found")
errors.ImageIntegrationMissingError: No image integration found
unit-test-g4auctp7-0: 18:31:08 ERROR unit.test-g4auctp7/0.juju-log image:0: Missing image in image integration.
Traceback (most recent call last):
  File "/var/lib/juju/agents/unit-test-g4auctp7-0/charm/./src/charm.py", line 118, in func_with_catch_errors
    func(self, event)
  File "/var/lib/juju/agents/unit-test-g4auctp7-0/charm/./src/charm.py", line 477, in _on_image_relation_changed
    self._check_image_ready()
  File "/var/lib/juju/agents/unit-test-g4auctp7-0/charm/./src/charm.py", line 514, in _check_image_ready
    raise ImageNotFoundError("No image found in the image integration")
errors.ImageNotFoundError: No image found in the image integration

18:54:57 INFO Forgetting model main...