18:54:00 INFO GitHub token rate limit: Rate(reset=2025-08-18 19:29:19+00:00, remaining=4474, limit=5000)
18:54:05 INFO Waiting for model:
  test-dsx24rc5/0 [idle] active: 
18:54:35 INFO Waiting for model:
  test-dsx24rc5/0 [idle] active: 
18:54:39 INFO Current reconcile ID: 1640fa94-6431-48b3-b18d-af2bd9bbbfdd
18:55:40 INFO Current reconcile ID: 1640fa94-6431-48b3-b18d-af2bd9bbbfdd
18:56:41 INFO Current reconcile ID: af844f6b-41d5-4426-96a0-73ededb21a67
18:56:51 INFO Wait for condition not met, sleeping 10
18:57:02 INFO Waiting for model:
  test-dsx24rc5/0 [idle] active: 
18:57:32 INFO Waiting for model:
  test-dsx24rc5/0 [idle] active: 
18:57:36 INFO Current reconcile ID: 51c27448-8564-4f6c-9be6-dbcd99a2178f
18:58:37 INFO Current reconcile ID: 51c27448-8564-4f6c-9be6-dbcd99a2178f
18:59:38 INFO Current reconcile ID: 51c27448-8564-4f6c-9be6-dbcd99a2178f
19:00:39 INFO Current reconcile ID: 1fb1129a-75f9-437a-9364-26c0b397b80d
19:00:40 INFO File content of /var/log/github-runner-metrics.log: {"timestamp": 1755543308.0, "event": "runner_installed", "flavor": "test-dsx24rc5", "duration": 46.0}
{"timestamp": 1755543414.0, "event": "runner_start", "flavor": "test-dsx24rc5", "workflow": "Workflow Dispatch Tests", "repo": "canonical/github-runner-operator", "github_event": "workflow_dispatch", "idle": 106.0, "queue_duration": 1.0}
{"timestamp": 1755543417.0, "event": "runner_stop", "flavor": "test-dsx24rc5", "workflow": "Workflow Dispatch Tests", "repo": "canonical/github-runner-operator", "github_event": "workflow_dispatch", "status": "normal", "job_duration": 3.0, "job_conclusion": "success"}
{"timestamp": 1755543446.597202, "event": "reconciliation", "flavor": "test-dsx24rc5", "crashed_runners": 0, "idle_runners": 0, "active_runners": 0, "expected_runners": 0, "duration": 21.189181566238403}
{"timestamp": 1755543578.8488674, "event": "reconciliation", "flavor": "test-dsx24rc5", "crashed_runners": 0, "idle_runners": 0, "active_runners": 0, "expected_runners": 0, "duration": 12.127621412277222}
19:00:42 INFO Model status:

Model                            Controller           Cloud/Region         Version  SLA          Timestamp
test-charm-metrics-success-yldj  github-pr-c6dfb-lxd  localhost/localhost  3.6.8    unsupported  19:00:42Z

App                                   Version  Status  Scale  Charm                        Channel      Rev  Exposed  Message
github-runner-image-builder-dsx24rc5           active      1  github-runner-image-builder  latest/edge  105  no       
test-dsx24rc5                                  active      1  github-runner                               0  no       

Unit                                     Workload  Agent  Machine  Public address  Ports  Message
github-runner-image-builder-dsx24rc5/0*  active    idle   0        10.196.66.59           
test-dsx24rc5/0*                         active    idle   1        10.196.66.100          

Machine  State    Address        Inst id        Base          AZ  Message
0        started  10.196.66.59   juju-8803c6-0  ubuntu@22.04      Running
1        started  10.196.66.100  juju-8803c6-1  ubuntu@22.04      Running

19:00:42 INFO Juju error logs:

machine-0: 18:26:56 ERROR juju.worker.dependency "lxd-container-provisioner" manifold worker returned unexpected error: container types not yet available
machine-0: 18:26:56 ERROR juju.worker.dependency "kvm-container-provisioner" manifold worker returned unexpected error: container types not yet available
unit-github-runner-image-builder-dsx24rc5-0: 18:26:56 ERROR juju.worker.meterstatus error running "meter-status-changed": charm missing from disk
machine-1: 18:27:06 ERROR juju.worker.dependency "kvm-container-provisioner" manifold worker returned unexpected error: container types not yet available
machine-1: 18:27:06 ERROR juju.worker.dependency "lxd-container-provisioner" manifold worker returned unexpected error: container types not yet available
unit-test-dsx24rc5-0: 18:27:06 ERROR juju.worker.meterstatus error running "meter-status-changed": charm missing from disk
unit-github-runner-image-builder-dsx24rc5-0: 18:27:55 ERROR unit.github-runner-image-builder-dsx24rc5/0.juju-log Pipx command failed, code: 1, out: None, err: None
unit-test-dsx24rc5-0: 18:28:43 ERROR unit.test-dsx24rc5/0.juju-log Missing image integration.
Traceback (most recent call last):
  File "/var/lib/juju/agents/unit-test-dsx24rc5-0/charm/./src/charm.py", line 118, in func_with_catch_errors
    func(self, event)
  File "/var/lib/juju/agents/unit-test-dsx24rc5-0/charm/./src/charm.py", line 342, in _on_config_changed
    self._check_image_ready()
  File "/var/lib/juju/agents/unit-test-dsx24rc5-0/charm/./src/charm.py", line 512, in _check_image_ready
    raise ImageIntegrationMissingError("No image integration found")
errors.ImageIntegrationMissingError: No image integration found
unit-test-dsx24rc5-0: 18:28:46 ERROR unit.test-dsx24rc5/0.juju-log Missing image integration.
Traceback (most recent call last):
  File "/var/lib/juju/agents/unit-test-dsx24rc5-0/charm/./src/charm.py", line 118, in func_with_catch_errors
    func(self, event)
  File "/var/lib/juju/agents/unit-test-dsx24rc5-0/charm/./src/charm.py", line 313, in _on_start
    self._check_image_ready()
  File "/var/lib/juju/agents/unit-test-dsx24rc5-0/charm/./src/charm.py", line 512, in _check_image_ready
    raise ImageIntegrationMissingError("No image integration found")
errors.ImageIntegrationMissingError: No image integration found
unit-test-dsx24rc5-0: 18:30:12 ERROR unit.test-dsx24rc5/0.juju-log image:0: Missing image in image integration.
Traceback (most recent call last):
  File "/var/lib/juju/agents/unit-test-dsx24rc5-0/charm/./src/charm.py", line 118, in func_with_catch_errors
    func(self, event)
  File "/var/lib/juju/agents/unit-test-dsx24rc5-0/charm/./src/charm.py", line 477, in _on_image_relation_changed
    self._check_image_ready()
  File "/var/lib/juju/agents/unit-test-dsx24rc5-0/charm/./src/charm.py", line 514, in _check_image_ready
    raise ImageNotFoundError("No image found in the image integration")
errors.ImageNotFoundError: No image found in the image integration

19:00:42 INFO Forgetting model main...