06:24:41 WARNING unexpected facade SSHServer received from the controller
06:24:41 INFO Adding model github-pr-77d1e-lxd:test-charm-fork-path-change-igpb on cloud localhost
06:24:41 WARNING unexpected facade SSHServer received from the controller
06:24:41 WARNING unexpected facade SSHSession received from the controller
06:24:41 WARNING unexpected facade SSHTunneler received from the controller
06:24:43 INFO Deploying ch:amd64/jammy/github-runner-image-builder-110
06:25:03 INFO Deploying local:jammy/github-runner-0
06:25:03 INFO Waiting for model:
  test-l2w0zeeq/0 [allocating] waiting: waiting for machine
  github-runner-image-builder-l2w0zeeq/0 [allocating] waiting: waiting for machine
06:25:33 INFO Waiting for model:
  test-l2w0zeeq/0 [allocating] waiting: waiting for machine
  github-runner-image-builder-l2w0zeeq/0 [allocating] waiting: waiting for machine
06:26:04 INFO Waiting for model:
  test-l2w0zeeq/0 [allocating] waiting: waiting for machine
  github-runner-image-builder-l2w0zeeq/0 [allocating] waiting: waiting for machine
06:26:34 INFO Waiting for model:
  test-l2w0zeeq/0 [allocating] waiting: agent initialising
  github-runner-image-builder-l2w0zeeq/0 [executing] maintenance: Setting up Builder.
06:27:04 INFO Waiting for model:
  test-l2w0zeeq/0 [executing] maintenance: installing charm software
  github-runner-image-builder-l2w0zeeq/0 [executing] maintenance: Setting up Builder.
06:27:35 INFO Waiting for model:
  test-l2w0zeeq/0 [executing] maintenance: installing charm software
  github-runner-image-builder-l2w0zeeq/0 [executing] maintenance: Setting up Builder.
06:28:05 INFO Waiting for model:
  test-l2w0zeeq/0 [idle] blocked: Please provide image integration.
  github-runner-image-builder-l2w0zeeq/0 [executing] maintenance: Setting up Builder.
06:28:36 INFO Waiting for model:
  test-l2w0zeeq/0 [idle] blocked: Please provide image integration.
  github-runner-image-builder-l2w0zeeq/0 [executing] maintenance: Setting up Builder.
06:29:06 INFO Waiting for model:
  test-l2w0zeeq/0 [idle] waiting: Waiting for image over integration.
  github-runner-image-builder-l2w0zeeq/0 [executing] active: Building image.
06:29:36 INFO Waiting for model:
  test-l2w0zeeq/0 [idle] waiting: Waiting for image over integration.
  github-runner-image-builder-l2w0zeeq/0 [executing] active: Building image.
06:30:07 INFO Waiting for model:
  test-l2w0zeeq/0 [idle] waiting: Waiting for image over integration.
  github-runner-image-builder-l2w0zeeq/0 [executing] active: Building image.
06:30:37 INFO Waiting for model:
  test-l2w0zeeq/0 [idle] waiting: Waiting for image over integration.
  github-runner-image-builder-l2w0zeeq/0 [executing] active: Building image.
06:31:07 INFO Waiting for model:
  test-l2w0zeeq/0 [idle] waiting: Waiting for image over integration.
  github-runner-image-builder-l2w0zeeq/0 [executing] active: Building image.
06:31:37 INFO Waiting for model:
  test-l2w0zeeq/0 [idle] waiting: Waiting for image over integration.
  github-runner-image-builder-l2w0zeeq/0 [executing] active: Building image.
06:32:07 INFO Waiting for model:
  test-l2w0zeeq/0 [idle] waiting: Waiting for image over integration.
  github-runner-image-builder-l2w0zeeq/0 [executing] active: Building image.
06:32:38 INFO Waiting for model:
  test-l2w0zeeq/0 [idle] waiting: Waiting for image over integration.
  github-runner-image-builder-l2w0zeeq/0 [executing] active: Building image.
06:33:08 INFO Waiting for model:
  test-l2w0zeeq/0 [idle] waiting: Waiting for image over integration.
  github-runner-image-builder-l2w0zeeq/0 [executing] active: Building image.
06:33:39 INFO Waiting for model:
  test-l2w0zeeq/0 [idle] waiting: Waiting for image over integration.
  github-runner-image-builder-l2w0zeeq/0 [executing] active: Building image.
06:34:09 INFO Waiting for model:
  test-l2w0zeeq/0 [idle] waiting: Waiting for image over integration.
  github-runner-image-builder-l2w0zeeq/0 [executing] active: Building image.
06:34:40 INFO Waiting for model:
  test-l2w0zeeq/0 [idle] waiting: Waiting for image over integration.
  github-runner-image-builder-l2w0zeeq/0 [executing] active: Building image.
06:35:10 INFO Waiting for model:
  test-l2w0zeeq/0 [idle] waiting: Waiting for image over integration.
  github-runner-image-builder-l2w0zeeq/0 [executing] active: Building image.
06:35:40 INFO Waiting for model:
  test-l2w0zeeq/0 [idle] waiting: Waiting for image over integration.
  github-runner-image-builder-l2w0zeeq/0 [executing] active: Building image.
06:36:10 INFO Waiting for model:
  test-l2w0zeeq/0 [idle] waiting: Waiting for image over integration.
  github-runner-image-builder-l2w0zeeq/0 [executing] active: Building image.
06:36:40 INFO Waiting for model:
  test-l2w0zeeq/0 [idle] waiting: Waiting for image over integration.
  github-runner-image-builder-l2w0zeeq/0 [executing] active: Building image.
06:37:11 INFO Waiting for model:
  test-l2w0zeeq/0 [idle] waiting: Waiting for image over integration.
  github-runner-image-builder-l2w0zeeq/0 [executing] active: Building image.
06:37:41 INFO Waiting for model:
  test-l2w0zeeq/0 [idle] waiting: Waiting for image over integration.
  github-runner-image-builder-l2w0zeeq/0 [executing] active: Building image.
06:38:11 INFO Waiting for model:
  test-l2w0zeeq/0 [idle] waiting: Waiting for image over integration.
  github-runner-image-builder-l2w0zeeq/0 [executing] active: Building image.
06:38:42 INFO Waiting for model:
  test-l2w0zeeq/0 [idle] waiting: Waiting for image over integration.
  github-runner-image-builder-l2w0zeeq/0 [executing] active: Building image.
06:39:12 INFO Waiting for model:
  test-l2w0zeeq/0 [idle] waiting: Waiting for image over integration.
  github-runner-image-builder-l2w0zeeq/0 [executing] active: Building image.
06:39:42 INFO Waiting for model:
  test-l2w0zeeq/0 [idle] waiting: Waiting for image over integration.
  github-runner-image-builder-l2w0zeeq/0 [executing] active: Building image.
06:40:13 INFO Waiting for model:
  test-l2w0zeeq/0 [idle] waiting: Waiting for image over integration.
  github-runner-image-builder-l2w0zeeq/0 [executing] active: Building image.
06:40:43 INFO Waiting for model:
  test-l2w0zeeq/0 [idle] waiting: Waiting for image over integration.
  github-runner-image-builder-l2w0zeeq/0 [executing] active: Building image.
06:41:13 INFO Waiting for model:
  test-l2w0zeeq/0 [idle] waiting: Waiting for image over integration.
  github-runner-image-builder-l2w0zeeq/0 [executing] active: Building image.
06:41:44 INFO Waiting for model:
  test-l2w0zeeq/0 [idle] waiting: Waiting for image over integration.
  github-runner-image-builder-l2w0zeeq/0 [executing] active: Building image.
06:42:14 INFO Waiting for model:
  test-l2w0zeeq/0 [idle] waiting: Waiting for image over integration.
  github-runner-image-builder-l2w0zeeq/0 [executing] active: Building image.
06:42:44 INFO Waiting for model:
  test-l2w0zeeq/0 [idle] waiting: Waiting for image over integration.
  github-runner-image-builder-l2w0zeeq/0 [executing] active: Building image.
06:43:15 INFO Waiting for model:
  test-l2w0zeeq/0 [executing] maintenance: Update image for runners
06:43:36 INFO GitHub token rate limit: Rate(reset=2025-09-21 07:41:44+00:00, remaining=4929, limit=5000)
06:43:47 INFO test_path_config_change
06:43:47 INFO Waiting for model:
  test-l2w0zeeq/0 [idle] active: 
06:44:17 INFO Waiting for model:
  test-l2w0zeeq/0 [idle] active: 
06:44:42 INFO Ensure there is a runner (this calls reconcile)
06:44:42 INFO Waiting for model:
  test-l2w0zeeq/0 [idle] active: 
06:45:12 INFO Waiting for model:
  test-l2w0zeeq/0 [idle] active: 
06:45:15 INFO Current reconcile ID: 406103f0-cb46-4f96-8ea0-c6283cb2df02
06:45:15 INFO Waiting for reconcile ID: 406103f0-cb46-4f96-8ea0-c6283cb2df02
06:46:16 INFO Current reconcile ID: 406103f0-cb46-4f96-8ea0-c6283cb2df02
06:46:16 INFO Current reconcile ID: 406103f0-cb46-4f96-8ea0-c6283cb2df02, expected reconcile ID: 406103f0-cb46-4f96-8ea0-c6283cb2df02
06:46:16 INFO Waiting for reconcile ID: 406103f0-cb46-4f96-8ea0-c6283cb2df02
06:47:17 INFO Current reconcile ID: 9187b968-75e3-42a1-bf03-4449021a436d
06:47:17 INFO Current reconcile ID: 9187b968-75e3-42a1-bf03-4449021a436d, expected reconcile ID: 406103f0-cb46-4f96-8ea0-c6283cb2df02
06:47:24 INFO Reconciling (again)
06:47:24 INFO Waiting for model:
  test-l2w0zeeq/0 [idle] active: 
06:47:54 INFO Waiting for model:
  test-l2w0zeeq/0 [executing] active: 
06:48:14 INFO Current reconcile ID: ac3cb31e-9ed2-4f76-a09f-c7095df199ab
06:48:14 INFO Waiting for reconcile ID: ac3cb31e-9ed2-4f76-a09f-c7095df199ab
06:49:15 INFO Current reconcile ID: ac3cb31e-9ed2-4f76-a09f-c7095df199ab
06:49:15 INFO Current reconcile ID: ac3cb31e-9ed2-4f76-a09f-c7095df199ab, expected reconcile ID: ac3cb31e-9ed2-4f76-a09f-c7095df199ab
06:49:15 INFO Waiting for reconcile ID: ac3cb31e-9ed2-4f76-a09f-c7095df199ab
06:50:16 INFO Current reconcile ID: 04d4292d-e7e7-42b6-9cda-9d665fe1187d
06:50:16 INFO Current reconcile ID: 04d4292d-e7e7-42b6-9cda-9d665fe1187d, expected reconcile ID: ac3cb31e-9ed2-4f76-a09f-c7095df199ab
06:51:33 INFO runners: ['test-l2w0zeeq-0-n-41e8dc62f157']
06:51:34 INFO runners in github repo: [SelfHostedActionsRunner(name="amd-noble-stg-private-endpoint-ps7-1-n-5bea05ceb4a4"), SelfHostedActionsRunner(name="os-amd-noble-staging-ps6-3-n-282bdc2f487f"), SelfHostedActionsRunner(name="os-amd-noble-staging-ps6-3-n-4234500636ca"), SelfHostedActionsRunner(name="os-amd-noble-staging-ps6-3-n-6406a8433345"), SelfHostedActionsRunner(name="os-amd-noble-staging-ps6-3-n-7c83a4f9cc47"), SelfHostedActionsRunner(name="os-amd-noble-staging-ps6-3-n-a7686284bea9"), SelfHostedActionsRunner(name="os-amd-noble-staging-ps6-3-n-b536d5024856"), SelfHostedActionsRunner(name="os-amd-noble-staging-ps6-3-n-b8c5821c962e"), SelfHostedActionsRunner(name="os-amd-noble-staging-ps6-3-n-c1c397180a15"), SelfHostedActionsRunner(name="os-amd-noble-staging-ps6-3-n-f87078d2a1b8"), SelfHostedActionsRunner(name="os-amd-noble-staging-ps7-1-n-a6d8652d7923"), SelfHostedActionsRunner(name="reactive-amd64-pfe-ci-ps7-4-n-4babad6694f7"), SelfHostedActionsRunner(name="reactive-amd64-pfe-ci-ps7-4-n-f0604bc6b6a7"), SelfHostedActionsRunner(name="test-aadscv4d-0-n-8e713ba7ce1a"), SelfHostedActionsRunner(name="test-bzqgb4jz-0-n-27d5e2312dd5"), SelfHostedActionsRunner(name="test-gqc3a2sr-0-n-5455a9b02412"), SelfHostedActionsRunner(name="test-gwiz3pl8-0-n-e69519e09546"), SelfHostedActionsRunner(name="test-k10a5xuo-0-n-4d3745f89d17"), SelfHostedActionsRunner(name="test-l2w0zeeq-0-n-41e8dc62f157"), SelfHostedActionsRunner(name="test-n94ioess-0-n-2e82d209ff70"), SelfHostedActionsRunner(name="test-pyhri6f5-0-n-b811e88fe3a6"), SelfHostedActionsRunner(name="test-qw5e371j-0-n-01f023b005e6"), SelfHostedActionsRunner(name="test-uvfgvoar-0-n-39ded34269d1"), SelfHostedActionsRunner(name="test-v65w88y5-0-n-50ada70df883"), SelfHostedActionsRunner(name="test-w496j15y-0-n-67cfd1ffe59b"), SelfHostedActionsRunner(name="test-z5feqn2u-0-n-c24bc62ddbc9"), SelfHostedActionsRunner(name="test-zhqih1un-0-n-bca104dd12eb")]
06:51:38 INFO Model status:

Model                             Controller           Cloud/Region         Version  SLA          Timestamp
test-charm-fork-path-change-igpb  github-pr-77d1e-lxd  localhost/localhost  3.6.9    unsupported  06:51:38Z

App                                   Version  Status  Scale  Charm                        Channel      Rev  Exposed  Message
github-runner-image-builder-l2w0zeeq           active      1  github-runner-image-builder  latest/edge  110  no       
test-l2w0zeeq                                  active      1  github-runner                               0  no       

Unit                                     Workload  Agent  Machine  Public address  Ports  Message
github-runner-image-builder-l2w0zeeq/0*  active    idle   0        10.87.61.29            
test-l2w0zeeq/0*                         active    idle   1        10.87.61.6             

Machine  State    Address      Inst id        Base          AZ             Message
0        started  10.87.61.29  juju-1ed2bb-0  ubuntu@22.04  github-runner  Running
1        started  10.87.61.6   juju-1ed2bb-1  ubuntu@22.04  github-runner  Running

06:51:38 INFO Juju error logs:

machine-0: 06:26:22 ERROR juju.worker.dependency "lxd-container-provisioner" manifold worker returned unexpected error: container types not yet available
machine-0: 06:26:22 ERROR juju.worker.dependency "kvm-container-provisioner" manifold worker returned unexpected error: container types not yet available
unit-github-runner-image-builder-l2w0zeeq-0: 06:26:23 ERROR juju.worker.meterstatus error running "meter-status-changed": charm missing from disk
machine-1: 06:26:28 ERROR juju.worker.dependency "kvm-container-provisioner" manifold worker returned unexpected error: container types not yet available
machine-1: 06:26:28 ERROR juju.worker.dependency "lxd-container-provisioner" manifold worker returned unexpected error: container types not yet available
unit-test-l2w0zeeq-0: 06:26:28 ERROR juju.worker.meterstatus error running "meter-status-changed": charm missing from disk
unit-github-runner-image-builder-l2w0zeeq-0: 06:27:10 ERROR unit.github-runner-image-builder-l2w0zeeq/0.juju-log Pipx command failed, code: 1, out: None, err: None
unit-test-l2w0zeeq-0: 06:27:40 ERROR unit.test-l2w0zeeq/0.juju-log Missing image integration.
Traceback (most recent call last):
  File "/var/lib/juju/agents/unit-test-l2w0zeeq-0/charm/./src/charm.py", line 118, in func_with_catch_errors
    func(self, event)
  File "/var/lib/juju/agents/unit-test-l2w0zeeq-0/charm/./src/charm.py", line 342, in _on_config_changed
    self._check_image_ready()
  File "/var/lib/juju/agents/unit-test-l2w0zeeq-0/charm/./src/charm.py", line 512, in _check_image_ready
    raise ImageIntegrationMissingError("No image integration found")
errors.ImageIntegrationMissingError: No image integration found
unit-test-l2w0zeeq-0: 06:27:43 ERROR unit.test-l2w0zeeq/0.juju-log Missing image integration.
Traceback (most recent call last):
  File "/var/lib/juju/agents/unit-test-l2w0zeeq-0/charm/./src/charm.py", line 118, in func_with_catch_errors
    func(self, event)
  File "/var/lib/juju/agents/unit-test-l2w0zeeq-0/charm/./src/charm.py", line 313, in _on_start
    self._check_image_ready()
  File "/var/lib/juju/agents/unit-test-l2w0zeeq-0/charm/./src/charm.py", line 512, in _check_image_ready
    raise ImageIntegrationMissingError("No image integration found")
errors.ImageIntegrationMissingError: No image integration found
unit-test-l2w0zeeq-0: 06:28:58 ERROR unit.test-l2w0zeeq/0.juju-log image:0: Missing image in image integration.
Traceback (most recent call last):
  File "/var/lib/juju/agents/unit-test-l2w0zeeq-0/charm/./src/charm.py", line 118, in func_with_catch_errors
    func(self, event)
  File "/var/lib/juju/agents/unit-test-l2w0zeeq-0/charm/./src/charm.py", line 477, in _on_image_relation_changed
    self._check_image_ready()
  File "/var/lib/juju/agents/unit-test-l2w0zeeq-0/charm/./src/charm.py", line 514, in _check_image_ready
    raise ImageNotFoundError("No image found in the image integration")
errors.ImageNotFoundError: No image found in the image integration

06:51:38 INFO Forgetting model main...