INFO     pytest_operator.plugin:plugin.py:929 Model status:

Model                   Controller  Cloud/Region         Version  SLA          Timestamp
test-charm-runner-1gji  lxd         localhost/localhost  3.6.1    unsupported  17:33:12Z

App                          Version  Status  Scale  Charm                        Channel      Rev  Exposed  Message
github-runner-image-builder           error       1  github-runner-image-builder  latest/edge    2  no       hook failed: "install"

Unit                            Workload  Agent  Machine  Public address  Ports  Message
github-runner-image-builder/0*  error     idle   0        10.166.114.175         hook failed: "install"

Machine  State    Address         Inst id        Base          AZ  Message
0        started  10.166.114.175  juju-ba7d9f-0  ubuntu@22.04      Running

INFO     pytest_operator.plugin:plugin.py:935 Juju error logs:

machine-0: 17:26:57 ERROR juju.worker.dependency "kvm-container-provisioner" manifold worker returned unexpected error: container types not yet available
machine-0: 17:26:57 ERROR juju.worker.dependency "lxd-container-provisioner" manifold worker returned unexpected error: container types not yet available
unit-github-runner-image-builder-0: 17:26:57 ERROR juju.worker.meterstatus error running "meter-status-changed": charm missing from disk
unit-github-runner-image-builder-0: 17:33:07 ERROR unit.github-runner-image-builder/0.juju-log Uncaught exception while in charm code:
Traceback (most recent call last):
  File "/var/lib/juju/agents/unit-github-runner-image-builder-0/charm/src/builder.py", line 78, in _install_dependencies
    subprocess.run(  # nosec: B603
  File "/usr/lib/python3.10/subprocess.py", line 505, in run
    stdout, stderr = process.communicate(input, timeout=timeout)
  File "/usr/lib/python3.10/subprocess.py", line 1154, in communicate
    stdout, stderr = self._communicate(input, endtime, timeout)
  File "/usr/lib/python3.10/subprocess.py", line 2047, in _communicate
    self.wait(timeout=self._remaining_time(endtime))
  File "/usr/lib/python3.10/subprocess.py", line 1209, in wait
    return self._wait(timeout=timeout)
  File "/usr/lib/python3.10/subprocess.py", line 1951, in _wait
    raise TimeoutExpired(self.args, timeout)
subprocess.TimeoutExpired: Command '['/usr/bin/pipx', 'install', 'git+https://github.com/canonical/github-runner-image-builder@edge']' timed out after 299.999958674 seconds

The above exception was the direct cause of the following exception:

Traceback (most recent call last):
  File "/var/lib/juju/agents/unit-github-runner-image-builder-0/charm/src/builder.py", line 59, in initialize
    _install_dependencies(channel=init_config.channel)
  File "/var/lib/juju/agents/unit-github-runner-image-builder-0/charm/src/builder.py", line 89, in _install_dependencies
    raise DependencyInstallError from exc
exceptions.DependencyInstallError

The above exception was the direct cause of the following exception:

Traceback (most recent call last):
  File "/var/lib/juju/agents/unit-github-runner-image-builder-0/charm/./src/charm.py", line 165, in <module>
    ops.main.main(GithubRunnerImageBuilderCharm)
  File "/var/lib/juju/agents/unit-github-runner-image-builder-0/charm/venv/ops/main.py", line 548, in main
    manager.run()
  File "/var/lib/juju/agents/unit-github-runner-image-builder-0/charm/venv/ops/main.py", line 527, in run
    self._emit()
  File "/var/lib/juju/agents/unit-github-runner-image-builder-0/charm/venv/ops/main.py", line 516, in _emit
    _emit_charm_event(self.charm, self.dispatcher.event_name)
  File "/var/lib/juju/agents/unit-github-runner-image-builder-0/charm/venv/ops/main.py", line 147, in _emit_charm_event
    event_to_emit.emit(*args, **kwargs)
  File "/var/lib/juju/agents/unit-github-runner-image-builder-0/charm/venv/ops/framework.py", line 348, in emit
    framework._emit(event)
  File "/var/lib/juju/agents/unit-github-runner-image-builder-0/charm/venv/ops/framework.py", line 860, in _emit
    self._reemit(event_path)
  File "/var/lib/juju/agents/unit-github-runner-image-builder-0/charm/venv/ops/framework.py", line 950, in _reemit
    custom_handler(event)
  File "/var/lib/juju/agents/unit-github-runner-image-builder-0/charm/src/charm_utils.py", line 68, in wrapper
    return method(instance, event)
  File "/var/lib/juju/agents/unit-github-runner-image-builder-0/charm/./src/charm.py", line 82, in _on_install
    builder.initialize(init_config=init_config)
  File "/var/lib/juju/agents/unit-github-runner-image-builder-0/charm/src/builder.py", line 64, in initialize
    raise BuilderSetupError from exc
exceptions.BuilderSetupError
unit-github-runner-image-builder-0: 17:33:08 ERROR juju.worker.uniter.operation hook "install" (via hook dispatching script: dispatch) failed: exit status 1

INFO     pytest_operator.plugin:plugin.py:1017 Forgetting model main...