18:21:32 WARNING unexpected facade SSHServer received from the controller
18:21:32 INFO Adding model github-pr-9abb4-lxd:test-multi-unit-same-machine-5obf on cloud localhost
18:21:33 WARNING unexpected facade SSHServer received from the controller
18:21:33 WARNING unexpected facade SSHSession received from the controller
18:21:33 WARNING unexpected facade SSHTunneler received from the controller
18:21:33 INFO Deploying fake image builder via any-charm for image ID 1ad6e456-fa35-47ef-988f-1e793a60f258
18:21:36 INFO Deploying ch:amd64/noble/any-charm-124
18:22:01 INFO Deploying local:jammy/github-runner-0
18:22:01 INFO Waiting for model:
  test-vumlthiv/0 [allocating] waiting: waiting for machine
  github-runner-image-builder-vumlthiv/0 [allocating] waiting: waiting for machine
18:22:32 INFO Waiting for model:
  test-vumlthiv/0 [allocating] waiting: waiting for machine
  github-runner-image-builder-vumlthiv/0 [allocating] waiting: waiting for machine
18:23:02 INFO Waiting for model:
  test-vumlthiv/0 [allocating] waiting: waiting for machine
  github-runner-image-builder-vumlthiv/0 [executing] maintenance: installing charm software
18:23:32 INFO Waiting for model:
  test-vumlthiv/0 [allocating] waiting: waiting for machine
18:24:02 INFO Waiting for model:
  test-vumlthiv/0 [allocating] waiting: waiting for machine
18:24:33 INFO Waiting for model:
  test-vumlthiv/0 [allocating] waiting: agent initialising
18:25:03 INFO Waiting for model:
  test-vumlthiv/0 [executing] maintenance: installing charm software
18:25:33 INFO Waiting for model:
  test-vumlthiv/0 [executing] maintenance: installing charm software
18:26:03 INFO Waiting for model:
  test-vumlthiv/0 [executing] maintenance: installing charm software
18:26:34 INFO Waiting for model:
  test-vumlthiv/0 [executing] maintenance: Update image for runners
  github-runner-image-builder-vumlthiv/0 [idle] active:
18:27:04 INFO Waiting for model:
  test-vumlthiv/0 [idle] active: 
  test-vumlthiv/1 [allocating] waiting: installing agent
18:27:34 INFO Waiting for model:
  test-vumlthiv/0 [idle] active: 
  test-vumlthiv/1 [allocating] waiting: agent initialising
18:28:05 INFO Waiting for model:
  test-vumlthiv/0 [idle] active: 
  test-vumlthiv/1 [executing] maintenance: installing charm software
18:28:35 INFO Waiting for model:
  test-vumlthiv/0 [idle] active: 
  test-vumlthiv/1 [executing] maintenance: Update image for runners
18:29:06 INFO File content of /var/lib/github-runner-manager/test-vumlthiv-0/http_port: 55555
18:29:07 INFO File content of /var/lib/github-runner-manager/test-vumlthiv-1/http_port: 55556
18:29:10 INFO File content of /var/lib/github-runner-manager/test-vumlthiv-1/http_port: 55556
18:29:13 INFO File content of /var/lib/github-runner-manager/test-vumlthiv-1/http_port: 55556
18:29:14 INFO Model status:

Model                              Controller           Cloud/Region         Version  SLA          Timestamp
test-multi-unit-same-machine-5obf  github-pr-9abb4-lxd  localhost/localhost  3.6.13   unsupported  18:29:14Z

App                                   Version  Status  Scale  Charm          Channel      Rev  Exposed  Message
github-runner-image-builder-vumlthiv           active      1  any-charm      latest/beta  124  no       
test-vumlthiv                                  active      2  github-runner                 0  no       

Unit                                     Workload  Agent  Machine  Public address  Ports  Message
github-runner-image-builder-vumlthiv/0*  active    idle   0        10.80.191.180          
test-vumlthiv/0*                         active    idle   1        10.80.191.233          
test-vumlthiv/1                          active    idle   1        10.80.191.233          

Machine  State    Address        Inst id        Base          AZ             Message
0        started  10.80.191.180  juju-098c23-0  ubuntu@24.04  github-runner  Running
1        started  10.80.191.233  juju-098c23-1  ubuntu@22.04  github-runner  Running

18:29:14 INFO Juju error logs:

machine-0: 18:22:52 ERROR juju.worker.dependency "lxd-container-provisioner" manifold worker returned unexpected error: container types not yet available
machine-0: 18:22:52 ERROR juju.worker.dependency "kvm-container-provisioner" manifold worker returned unexpected error: container types not yet available
machine-1: 18:24:09 ERROR juju.worker.dependency "kvm-container-provisioner" manifold worker returned unexpected error: container types not yet available
machine-1: 18:24:09 ERROR juju.worker.dependency "lxd-container-provisioner" manifold worker returned unexpected error: container types not yet available
unit-test-vumlthiv-0: 18:26:14 ERROR unit.test-vumlthiv/0.juju-log Missing image integration.
Traceback (most recent call last):
  File "/var/lib/juju/agents/unit-test-vumlthiv-0/charm/./src/charm.py", line 120, in func_with_catch_errors
    func(self, event)
  File "/var/lib/juju/agents/unit-test-vumlthiv-0/charm/./src/charm.py", line 366, in _on_config_changed
    self._check_image_ready()
  File "/var/lib/juju/agents/unit-test-vumlthiv-0/charm/./src/charm.py", line 536, in _check_image_ready
    raise ImageIntegrationMissingError("No image integration found")
errors.ImageIntegrationMissingError: No image integration found
unit-test-vumlthiv-0: 18:26:16 ERROR unit.test-vumlthiv/0.juju-log Missing image integration.
Traceback (most recent call last):
  File "/var/lib/juju/agents/unit-test-vumlthiv-0/charm/./src/charm.py", line 120, in func_with_catch_errors
    func(self, event)
  File "/var/lib/juju/agents/unit-test-vumlthiv-0/charm/./src/charm.py", line 329, in _on_start
    self._check_image_ready()
  File "/var/lib/juju/agents/unit-test-vumlthiv-0/charm/./src/charm.py", line 536, in _check_image_ready
    raise ImageIntegrationMissingError("No image integration found")
errors.ImageIntegrationMissingError: No image integration found
unit-test-vumlthiv-1: 18:28:20 ERROR unit.test-vumlthiv/1.juju-log Missing image integration.
Traceback (most recent call last):
  File "/var/lib/juju/agents/unit-test-vumlthiv-1/charm/./src/charm.py", line 120, in func_with_catch_errors
    func(self, event)
  File "/var/lib/juju/agents/unit-test-vumlthiv-1/charm/./src/charm.py", line 366, in _on_config_changed
    self._check_image_ready()
  File "/var/lib/juju/agents/unit-test-vumlthiv-1/charm/./src/charm.py", line 536, in _check_image_ready
    raise ImageIntegrationMissingError("No image integration found")
errors.ImageIntegrationMissingError: No image integration found
unit-test-vumlthiv-1: 18:28:22 ERROR unit.test-vumlthiv/1.juju-log Missing image integration.
Traceback (most recent call last):
  File "/var/lib/juju/agents/unit-test-vumlthiv-1/charm/./src/charm.py", line 120, in func_with_catch_errors
    func(self, event)
  File "/var/lib/juju/agents/unit-test-vumlthiv-1/charm/./src/charm.py", line 329, in _on_start
    self._check_image_ready()
  File "/var/lib/juju/agents/unit-test-vumlthiv-1/charm/./src/charm.py", line 536, in _check_image_ready
    raise ImageIntegrationMissingError("No image integration found")
errors.ImageIntegrationMissingError: No image integration found

18:29:14 INFO Forgetting model main...