18:18:45 WARNING unexpected facade SSHServer received from the controller
18:18:45 INFO Adding model github-pr-42766-lxd:test-charm-fork-repo-0yog on cloud localhost
18:18:45 WARNING unexpected facade SSHServer received from the controller
18:18:45 WARNING unexpected facade SSHSession received from the controller
18:18:45 WARNING unexpected facade SSHTunneler received from the controller
18:18:45 INFO Deploying fake image builder via any-charm for image ID a03a9239-9e72-4b54-ad7d-f85dec8c01d2
18:18:47 INFO Deploying ch:amd64/noble/any-charm-124
18:19:00 INFO Deploying local:jammy/github-runner-0
18:19:00 INFO Waiting for model:
  test-ghu3rdic/0 [allocating] waiting: waiting for machine
  github-runner-image-builder-ghu3rdic/0 [allocating] waiting: waiting for machine
18:19:31 INFO Waiting for model:
  test-ghu3rdic/0 [allocating] waiting: waiting for machine
  github-runner-image-builder-ghu3rdic/0 [allocating] waiting: agent initialising
18:20:01 INFO Waiting for model:
  test-ghu3rdic/0 [allocating] waiting: waiting for machine
18:20:31 INFO Waiting for model:
  test-ghu3rdic/0 [allocating] waiting: waiting for machine
18:21:02 INFO Waiting for model:
  test-ghu3rdic/0 [executing] maintenance: installing charm software
18:21:32 INFO Waiting for model:
  test-ghu3rdic/0 [executing] maintenance: installing charm software
18:22:03 INFO Waiting for model:
  test-ghu3rdic/0 [executing] maintenance: Update image for runners
  github-runner-image-builder-ghu3rdic/0 [idle] active: 
18:22:28 INFO GitHub token rate limit: Rate(reset=2025-12-10 18:29:29+00:00, remaining=4865, limit=5000)
18:23:21 INFO Waiting for model:
  test-ghu3rdic/0 [idle] active: 
18:23:51 INFO Waiting for model:
  test-ghu3rdic/0 [idle] active: 
18:23:53 INFO Current reconcile ID: 0713bd4e-fc98-4ba3-b4f8-21d8ae6cc83d
18:23:53 INFO Waiting for reconcile ID: 0713bd4e-fc98-4ba3-b4f8-21d8ae6cc83d
18:24:55 INFO Current reconcile ID: 0713bd4e-fc98-4ba3-b4f8-21d8ae6cc83d
18:24:55 INFO Current reconcile ID: 0713bd4e-fc98-4ba3-b4f8-21d8ae6cc83d, expected reconcile ID: 0713bd4e-fc98-4ba3-b4f8-21d8ae6cc83d
18:24:55 INFO Waiting for reconcile ID: 0713bd4e-fc98-4ba3-b4f8-21d8ae6cc83d
18:25:56 INFO Current reconcile ID: 75e452df-4de6-42c1-9f98-0fa1dca3dfbc
18:25:56 INFO Current reconcile ID: 75e452df-4de6-42c1-9f98-0fa1dca3dfbc, expected reconcile ID: 0713bd4e-fc98-4ba3-b4f8-21d8ae6cc83d
18:25:59 INFO [TEST SETUP] Exposing port 8080 on test-ghu3rdic-0-n-7672bc2f9cbf
18:25:59 WARNING dict_values([[{'version': 4, 'addr': '10.151.122.206', 'OS-EXT-IPS:type': 'fixed', 'OS-EXT-IPS-MAC:mac_addr': 'fa:16:3e:85:b8:9e'}]])
18:26:00 INFO ssh tunnel command ssh -fNT -R 8080:localhost:8080 -i /home/runner-manager/.ssh/test-ghu3rdic-0-n-7672bc2f9cbf.key -o "StrictHostKeyChecking no" -o "ControlPersist yes" ubuntu@10.151.122.206 &
18:26:01 INFO ssh tunnel result 0 None Warning: Permanently added '10.151.122.206' (ED25519) to the list of known hosts.

18:26:03 INFO [TEST SETUP] Run command nc -z localhost 8080 on test-ghu3rdic-0-n-7672bc2f9cbf
18:26:03 WARNING dict_values([[{'version': 4, 'addr': '10.151.122.206', 'OS-EXT-IPS:type': 'fixed', 'OS-EXT-IPS-MAC:mac_addr': 'fa:16:3e:85:b8:9e'}]])
18:26:04 WARNING ssh_cmd: su - ubuntu -c 'ssh -i /home/runner-manager/.ssh/test-ghu3rdic-0-n-7672bc2f9cbf.key -o "StrictHostKeyChecking no" ubuntu@10.151.122.206 nc -z localhost 8080'
18:26:05 INFO Run command 'nc -z localhost 8080' in runner with result 0: 'None' 'Connection to localhost (127.0.0.1) 8080 port [tcp/http-alt] succeeded!
'
18:26:06 INFO [TEST SETUP] Run command curl http://localhost:8080 on test-ghu3rdic-0-n-7672bc2f9cbf
18:26:06 WARNING dict_values([[{'version': 4, 'addr': '10.151.122.206', 'OS-EXT-IPS:type': 'fixed', 'OS-EXT-IPS-MAC:mac_addr': 'fa:16:3e:85:b8:9e'}]])
18:26:07 WARNING ssh_cmd: su - ubuntu -c 'ssh -i /home/runner-manager/.ssh/test-ghu3rdic-0-n-7672bc2f9cbf.key -o "StrictHostKeyChecking no" ubuntu@10.151.122.206 curl http://localhost:8080'
18:26:08 INFO Run command 'curl http://localhost:8080' in runner with result 0: '<!doctype html>
<html lang=en>
<title>404 Not Found</title>
<h1>Not Found</h1>
<p>The requested URL was not found on the server. If you entered the URL manually please check your spelling and try again.</p>
' '  % Total    % Received % Xferd  Average Speed   Time    Time     Time  Current
                                 Dload  Upload   Total   Spent    Left  Speed
  0     0    0     0    0     0      0      0 --:--:-- --:--:-- --:--:--     0100   207  100   207    0     0  96458      0 --:--:-- --:--:-- --:--:--  101k
'
18:26:09 INFO Wait for condition not met, sleeping 10
18:26:20 INFO Wait for condition not met, sleeping 60
18:27:24 INFO Model status:

Model                      Controller           Cloud/Region         Version  SLA          Timestamp
test-charm-fork-repo-0yog  github-pr-42766-lxd  localhost/localhost  3.6.12   unsupported  18:27:24Z

App                                   Version  Status  Scale  Charm          Channel      Rev  Exposed  Message
github-runner-image-builder-ghu3rdic           active      1  any-charm      latest/beta  124  no       
test-ghu3rdic                                  active      1  github-runner                 0  yes      

Unit                                     Workload  Agent  Machine  Public address  Ports     Message
github-runner-image-builder-ghu3rdic/0*  active    idle   0        10.244.60.170             
test-ghu3rdic/0*                         active    idle   1        10.244.60.47    8080/tcp  

Machine  State    Address        Inst id        Base          AZ             Message
0        started  10.244.60.170  juju-31c542-0  ubuntu@24.04  github-runner  Running
1        started  10.244.60.47   juju-31c542-1  ubuntu@22.04  github-runner  Running

18:27:24 INFO Juju error logs:

machine-0: 18:19:31 ERROR juju.worker.dependency "kvm-container-provisioner" manifold worker returned unexpected error: container types not yet available
machine-0: 18:19:31 ERROR juju.worker.dependency "lxd-container-provisioner" manifold worker returned unexpected error: container types not yet available
machine-1: 18:20:35 ERROR juju.worker.dependency "kvm-container-provisioner" manifold worker returned unexpected error: container types not yet available
machine-1: 18:20:35 ERROR juju.worker.dependency "lxd-container-provisioner" manifold worker returned unexpected error: container types not yet available
unit-test-ghu3rdic-0: 18:21:49 ERROR unit.test-ghu3rdic/0.juju-log Missing image integration.
Traceback (most recent call last):
  File "/var/lib/juju/agents/unit-test-ghu3rdic-0/charm/./src/charm.py", line 119, in func_with_catch_errors
    func(self, event)
  File "/var/lib/juju/agents/unit-test-ghu3rdic-0/charm/./src/charm.py", line 354, in _on_config_changed
    self._check_image_ready()
  File "/var/lib/juju/agents/unit-test-ghu3rdic-0/charm/./src/charm.py", line 524, in _check_image_ready
    raise ImageIntegrationMissingError("No image integration found")
errors.ImageIntegrationMissingError: No image integration found
unit-test-ghu3rdic-0: 18:21:50 ERROR unit.test-ghu3rdic/0.juju-log Missing image integration.
Traceback (most recent call last):
  File "/var/lib/juju/agents/unit-test-ghu3rdic-0/charm/./src/charm.py", line 119, in func_with_catch_errors
    func(self, event)
  File "/var/lib/juju/agents/unit-test-ghu3rdic-0/charm/./src/charm.py", line 317, in _on_start
    self._check_image_ready()
  File "/var/lib/juju/agents/unit-test-ghu3rdic-0/charm/./src/charm.py", line 524, in _check_image_ready
    raise ImageIntegrationMissingError("No image integration found")
errors.ImageIntegrationMissingError: No image integration found

18:27:24 INFO Forgetting model main...