18:33:42 INFO OpenStack servers: []
18:33:43 INFO Model status:

Model               Controller           Cloud/Region         Version  SLA          Timestamp
test-reactive-qsym  github-pr-587b7-lxd  localhost/localhost  3.6.9    unsupported  18:33:43Z

App                                   Version  Status   Scale  Charm                        Channel      Rev  Exposed  Message
github-runner-image-builder-v1udvril           error        1  github-runner-image-builder  latest/edge  126  no       hook failed: "image-relation-changed"
mongodb                               6.0.24   active       1  mongodb                      6/edge       229  no       
test-v1udvril                                  waiting      1  github-runner                               0  no       Waiting for image over integration.

Unit                                     Workload  Agent  Machine  Public address  Ports      Message
github-runner-image-builder-v1udvril/0*  error     idle   1        10.117.32.114              hook failed: "image-relation-changed"
mongodb/0*                               active    idle   0        10.117.32.119   27017/tcp  Primary.
test-v1udvril/0*                         waiting   idle   2        10.117.32.137              Waiting for image over integration.

Machine  State    Address        Inst id        Base          AZ             Message
0        started  10.117.32.119  juju-07d4f2-0  ubuntu@22.04  github-runner  Running
1        started  10.117.32.114  juju-07d4f2-1  ubuntu@22.04  github-runner  Running
2        started  10.117.32.137  juju-07d4f2-2  ubuntu@22.04  github-runner  Running

18:33:43 INFO Juju error logs:

machine-0: 18:26:06 ERROR juju.worker.dependency "kvm-container-provisioner" manifold worker returned unexpected error: container types not yet available
machine-0: 18:26:06 ERROR juju.worker.dependency "lxd-container-provisioner" manifold worker returned unexpected error: container types not yet available
unit-mongodb-0: 18:26:06 ERROR juju.worker.meterstatus error running "meter-status-changed": charm missing from disk
machine-2: 18:26:24 ERROR juju.worker.dependency "lxd-container-provisioner" manifold worker returned unexpected error: container types not yet available
machine-2: 18:26:24 ERROR juju.worker.dependency "kvm-container-provisioner" manifold worker returned unexpected error: container types not yet available
unit-test-v1udvril-0: 18:26:24 ERROR juju.worker.meterstatus error running "meter-status-changed": charm missing from disk
unit-mongodb-0: 18:26:47 ERROR unit.mongodb/0.juju-log Unable to set params: ['vm.max_map_count']
unit-mongodb-0: 18:26:47 ERROR unit.mongodb/0.juju-log Error setting values on sysctl: Unable to set params: ['vm.max_map_count']
machine-1: 18:27:06 ERROR juju.worker.dependency "kvm-container-provisioner" manifold worker returned unexpected error: container types not yet available
machine-1: 18:27:06 ERROR juju.worker.dependency "lxd-container-provisioner" manifold worker returned unexpected error: container types not yet available
unit-github-runner-image-builder-v1udvril-0: 18:27:06 ERROR juju.worker.meterstatus error running "meter-status-changed": charm missing from disk
unit-test-v1udvril-0: 18:27:20 ERROR unit.test-v1udvril/0.juju-log Missing image integration.
Traceback (most recent call last):
  File "/var/lib/juju/agents/unit-test-v1udvril-0/charm/./src/charm.py", line 118, in func_with_catch_errors
    func(self, event)
  File "/var/lib/juju/agents/unit-test-v1udvril-0/charm/./src/charm.py", line 342, in _on_config_changed
    self._check_image_ready()
  File "/var/lib/juju/agents/unit-test-v1udvril-0/charm/./src/charm.py", line 512, in _check_image_ready
    raise ImageIntegrationMissingError("No image integration found")
errors.ImageIntegrationMissingError: No image integration found
unit-test-v1udvril-0: 18:27:21 ERROR unit.test-v1udvril/0.juju-log Missing image integration.
Traceback (most recent call last):
  File "/var/lib/juju/agents/unit-test-v1udvril-0/charm/./src/charm.py", line 118, in func_with_catch_errors
    func(self, event)
  File "/var/lib/juju/agents/unit-test-v1udvril-0/charm/./src/charm.py", line 313, in _on_start
    self._check_image_ready()
  File "/var/lib/juju/agents/unit-test-v1udvril-0/charm/./src/charm.py", line 512, in _check_image_ready
    raise ImageIntegrationMissingError("No image integration found")
errors.ImageIntegrationMissingError: No image integration found
unit-github-runner-image-builder-v1udvril-0: 18:27:41 ERROR unit.github-runner-image-builder-v1udvril/0.juju-log Pipx command failed, code: 1, out: None, err: None
unit-test-v1udvril-0: 18:31:41 ERROR unit.test-v1udvril/0.juju-log image:4: Missing image in image integration.
Traceback (most recent call last):
  File "/var/lib/juju/agents/unit-test-v1udvril-0/charm/./src/charm.py", line 118, in func_with_catch_errors
    func(self, event)
  File "/var/lib/juju/agents/unit-test-v1udvril-0/charm/./src/charm.py", line 477, in _on_image_relation_changed
    self._check_image_ready()
  File "/var/lib/juju/agents/unit-test-v1udvril-0/charm/./src/charm.py", line 514, in _check_image_ready
    raise ImageNotFoundError("No image found in the image integration")
errors.ImageNotFoundError: No image found in the image integration
unit-github-runner-image-builder-v1udvril-0: 18:32:58 ERROR unit.github-runner-image-builder-v1udvril/0.juju-log image:4: Image build failed, code: 1, out: , err: None, stdout: 
unit-github-runner-image-builder-v1udvril-0: 18:33:05 ERROR unit.github-runner-image-builder-v1udvril/0.juju-log image:4: Image build failed, code: 1, out: , err: None, stdout: 
unit-github-runner-image-builder-v1udvril-0: 18:33:12 ERROR unit.github-runner-image-builder-v1udvril/0.juju-log image:4: Image build failed, code: 1, out: , err: None, stdout: 
unit-github-runner-image-builder-v1udvril-0: 18:33:22 ERROR unit.github-runner-image-builder-v1udvril/0.juju-log image:4: Image build failed, code: 1, out: , err: None, stdout: 

18:33:43 INFO Forgetting model main...