06:34:07 INFO Waiting for model:
  test-jthyl1wg/0 [idle] active: 
06:34:38 INFO Waiting for model:
  test-jthyl1wg/0 [idle] active: 
06:34:40 INFO Current reconcile ID: 621acf66-2755-4e7d-a87f-e5a4fcf3c532
06:34:40 INFO Waiting for reconcile ID: 621acf66-2755-4e7d-a87f-e5a4fcf3c532
06:35:42 INFO Current reconcile ID: 621acf66-2755-4e7d-a87f-e5a4fcf3c532
06:35:42 INFO Current reconcile ID: 621acf66-2755-4e7d-a87f-e5a4fcf3c532, expected reconcile ID: 621acf66-2755-4e7d-a87f-e5a4fcf3c532
06:35:42 INFO Waiting for reconcile ID: 621acf66-2755-4e7d-a87f-e5a4fcf3c532
06:36:43 INFO Current reconcile ID: 7d137496-9552-4bf2-9489-0c6e1548d0b0
06:36:43 INFO Current reconcile ID: 7d137496-9552-4bf2-9489-0c6e1548d0b0, expected reconcile ID: 621acf66-2755-4e7d-a87f-e5a4fcf3c532
06:36:43 INFO Waiting for model:
  test-jthyl1wg/0 [idle] active: 
06:37:13 INFO Waiting for model:
  test-jthyl1wg/0 [idle] active: 
06:37:20 INFO Current reconcile ID: 345c049e-59f7-4e64-a8e8-3bf46e79d54a
06:37:20 INFO Waiting for reconcile ID: 345c049e-59f7-4e64-a8e8-3bf46e79d54a
06:38:21 INFO Current reconcile ID: 345c049e-59f7-4e64-a8e8-3bf46e79d54a
06:38:21 INFO Current reconcile ID: 345c049e-59f7-4e64-a8e8-3bf46e79d54a, expected reconcile ID: 345c049e-59f7-4e64-a8e8-3bf46e79d54a
06:38:21 INFO Waiting for reconcile ID: 345c049e-59f7-4e64-a8e8-3bf46e79d54a
06:39:22 INFO Current reconcile ID: 7e5c38de-435c-4cc1-bcad-a6fe6741191c
06:39:22 INFO Current reconcile ID: 7e5c38de-435c-4cc1-bcad-a6fe6741191c, expected reconcile ID: 345c049e-59f7-4e64-a8e8-3bf46e79d54a
06:39:27 INFO Wait for condition not met, sleeping 30
06:40:09 INFO [TEST SETUP] Run command pkill -9 run.sh on test-jthyl1wg-0-n-925965fd6b05
06:40:09 WARNING dict_values([[{'version': 4, 'addr': '10.151.122.115', 'OS-EXT-IPS:type': 'fixed', 'OS-EXT-IPS-MAC:mac_addr': 'fa:16:3e:7b:be:44'}]])
06:40:10 WARNING ssh_cmd: su - ubuntu -c 'ssh -i /home/runner-manager/.ssh/test-jthyl1wg-0-n-925965fd6b05.key -o "StrictHostKeyChecking no" ubuntu@10.151.122.115 pkill -9 run.sh'
06:40:11 INFO Run command 'pkill -9 run.sh' in runner with result 0: 'None' 'Warning: Permanently added '10.151.122.115' (ED25519) to the list of known hosts.
'
06:40:14 INFO Runner test-jthyl1wg-0-n-925965fd6b05 status: online
06:40:14 INFO Runner still marked as online, waiting for it to be marked offline
06:41:14 INFO Waiting for model:
  test-jthyl1wg/0 [idle] active: 
06:41:45 INFO Waiting for model:
  test-jthyl1wg/0 [idle] active: 
06:41:47 INFO Current reconcile ID: a58213c0-e50e-463b-9d6f-360c6caf6014
06:41:47 INFO Waiting for reconcile ID: a58213c0-e50e-463b-9d6f-360c6caf6014
06:42:48 INFO Current reconcile ID: a58213c0-e50e-463b-9d6f-360c6caf6014
06:42:48 INFO Current reconcile ID: a58213c0-e50e-463b-9d6f-360c6caf6014, expected reconcile ID: a58213c0-e50e-463b-9d6f-360c6caf6014
06:42:48 INFO Waiting for reconcile ID: a58213c0-e50e-463b-9d6f-360c6caf6014
06:43:49 INFO Current reconcile ID: 7d0bbb1f-c4b8-4cfe-8e56-0693d69c9d05
06:43:49 INFO Current reconcile ID: 7d0bbb1f-c4b8-4cfe-8e56-0693d69c9d05, expected reconcile ID: a58213c0-e50e-463b-9d6f-360c6caf6014
06:43:50 INFO File content of /var/log/github-runner-metrics.log: {"timestamp": 1766471654.9115734, "event": "reconciliation", "flavor": "test-jthyl1wg", "crashed_runners": 0, "idle_runners": 0, "active_runners": 0, "expected_runners": 0, "duration": 6.133042812347412}
{"timestamp": 1766471780.9954455, "event": "reconciliation", "flavor": "test-jthyl1wg", "crashed_runners": 0, "idle_runners": 0, "active_runners": 0, "expected_runners": 0, "duration": 6.0107996463775635}
{"timestamp": 1766471812.4140632, "event": "reconciliation", "flavor": "test-jthyl1wg", "crashed_runners": 0, "idle_runners": 0, "active_runners": 0, "expected_runners": 1, "duration": 8.509913206100464}
{"timestamp": 1766471938.874287, "event": "reconciliation", "flavor": "test-jthyl1wg", "crashed_runners": 0, "idle_runners": 1, "active_runners": 0, "expected_runners": 1, "duration": 6.401585102081299}
{"timestamp": 1766471907.0, "event": "runner_installed", "flavor": "test-jthyl1wg", "duration": 96.0}
{"timestamp": 1766471971.0, "event": "runner_start", "flavor": "test-jthyl1wg", "workflow": "Workflow Dispatch Crash Tests", "repo": "canonical/github-runner-operator", "github_event": "workflow_dispatch", "idle": 64.0, "queue_duration": 2.0}
{"timestamp": 1766472011.0, "event": "runner_stop", "flavor": "test-jthyl1wg", "workflow": "Workflow Dispatch Crash Tests", "repo": "canonical/github-runner-operator", "github_event": "workflow_dispatch", "status": "abnormal", "status_info": {"code": 137}, "job_duration": 40.0, "job_conclusion": "cancelled"}
{"timestamp": 1766472069.3628287, "event": "reconciliation", "flavor": "test-jthyl1wg", "crashed_runners": 0, "idle_runners": 0, "active_runners": 0, "expected_runners": 1, "duration": 10.36951756477356}
{"timestamp": 1766472084.7471642, "event": "reconciliation", "flavor": "test-jthyl1wg", "crashed_runners": 0, "idle_runners": 0, "active_runners": 0, "expected_runners": 0, "duration": 9.36308479309082}
{"timestamp": 1766472211.1380565, "event": "reconciliation", "flavor": "test-jthyl1wg", "crashed_runners": 0, "idle_runners": 0, "active_runners": 0, "expected_runners": 0, "duration": 6.247207880020142}
06:43:51 INFO Model status:

Model                            Controller           Cloud/Region         Version  SLA          Timestamp
test-charm-metrics-failure-e1g5  github-pr-71e3b-lxd  localhost/localhost  3.6.12   unsupported  06:43:51Z

App                                   Version  Status  Scale  Charm          Channel      Rev  Exposed  Message
github-runner-image-builder-jthyl1wg           active      1  any-charm      latest/beta  124  no       
test-jthyl1wg                                  active      1  github-runner                 0  yes      

Unit                                     Workload  Agent  Machine  Public address  Ports     Message
github-runner-image-builder-jthyl1wg/0*  active    idle   0        10.0.22.163               
test-jthyl1wg/0*                         active    idle   1        10.0.22.143     8080/tcp  

Machine  State    Address      Inst id        Base          AZ             Message
0        started  10.0.22.163  juju-13c06f-0  ubuntu@24.04  github-runner  Running
1        started  10.0.22.143  juju-13c06f-1  ubuntu@22.04  github-runner  Running

06:43:51 INFO Juju error logs:

machine-0: 06:20:14 ERROR juju.worker.dependency "lxd-container-provisioner" manifold worker returned unexpected error: container types not yet available
machine-0: 06:20:14 ERROR juju.worker.dependency "kvm-container-provisioner" manifold worker returned unexpected error: container types not yet available
machine-1: 06:21:23 ERROR juju.worker.dependency "kvm-container-provisioner" manifold worker returned unexpected error: container types not yet available
machine-1: 06:21:23 ERROR juju.worker.dependency "lxd-container-provisioner" manifold worker returned unexpected error: container types not yet available
unit-test-jthyl1wg-0: 06:22:25 ERROR unit.test-jthyl1wg/0.juju-log Missing image integration.
Traceback (most recent call last):
  File "/var/lib/juju/agents/unit-test-jthyl1wg-0/charm/./src/charm.py", line 119, in func_with_catch_errors
    func(self, event)
  File "/var/lib/juju/agents/unit-test-jthyl1wg-0/charm/./src/charm.py", line 354, in _on_config_changed
    self._check_image_ready()
  File "/var/lib/juju/agents/unit-test-jthyl1wg-0/charm/./src/charm.py", line 524, in _check_image_ready
    raise ImageIntegrationMissingError("No image integration found")
errors.ImageIntegrationMissingError: No image integration found
unit-test-jthyl1wg-0: 06:22:26 ERROR unit.test-jthyl1wg/0.juju-log Missing image integration.
Traceback (most recent call last):
  File "/var/lib/juju/agents/unit-test-jthyl1wg-0/charm/./src/charm.py", line 119, in func_with_catch_errors
    func(self, event)
  File "/var/lib/juju/agents/unit-test-jthyl1wg-0/charm/./src/charm.py", line 317, in _on_start
    self._check_image_ready()
  File "/var/lib/juju/agents/unit-test-jthyl1wg-0/charm/./src/charm.py", line 524, in _check_image_ready
    raise ImageIntegrationMissingError("No image integration found")
errors.ImageIntegrationMissingError: No image integration found

06:43:51 INFO Forgetting model main...