06:30:11 INFO Application log: 
2025-12-19 06:22:27,961 - INFO - root - Starting GitHub runner manager service version: 0.10.1
2025-12-19 06:22:27,966 - INFO - github_runner_manager.http_server - Starting the server...
 * Serving Flask app 'github_runner_manager.http_server'
 * Debug mode: off
2025-12-19 06:22:27,967 - INFO - werkzeug - [31m[1mWARNING: This is a development server. Do not use it in a production deployment. Use a production WSGI server instead.[0m
 * Running on http://127.0.0.1:55555
2025-12-19 06:22:27,967 - INFO - werkzeug - [33mPress CTRL+C to quit[0m
2025-12-19 06:22:27,967 - INFO - github_runner_manager.reconcile_service - Starting the reconcile service...
2025-12-19 06:22:27,968 - INFO - github_runner_manager.reconcile_service - Start reconciliation
2025-12-19 06:22:27,968 - INFO - github_runner_manager.reconcile_service - Reconcile ID: c477ae93-b58c-4b81-b545-ed8d7616821a
2025-12-19 06:22:27,986 - INFO - github_runner_manager.manager.runner_scaler - Start reconcile. base_quantity 0. max_quantity: 0.
2025-12-19 06:22:27,986 - INFO - github_runner_manager.manager.runner_manager - runner_manager::cleanup
2025-12-19 06:22:27,986 - INFO - github_runner_manager.openstack_cloud.openstack_cloud - Getting all openstack servers managed by the charm
2025-12-19 06:22:28,347 - WARNING - github_runner_manager.openstack_cloud.openstack_cloud - The maximum compute API version 2.96 is greater than the supported version 2.91. Using the maximum supported version.
2025-12-19 06:22:30,176 - INFO - github_runner_manager.manager.runner_manager - VMs: []
2025-12-19 06:22:31,157 - INFO - github_runner_manager.manager.runner_manager - Runner health: RunnersHealthResponse(requested_runners=[], failed_requested_runners=[], non_requested_runners=[])
2025-12-19 06:22:33,627 - INFO - github_runner_manager.openstack_cloud.openstack_cloud - Cleaning up SSH key files
2025-12-19 06:22:33,627 - INFO - github_runner_manager.openstack_cloud.openstack_cloud - Found 0 key files, clean up 0 key files
2025-12-19 06:22:33,627 - INFO - github_runner_manager.openstack_cloud.openstack_cloud - Cleaning up openstack keypairs
2025-12-19 06:22:33,667 - INFO - github_runner_manager.manager.runner_manager - Cleaning up platform runners: []
2025-12-19 06:22:33,667 - INFO - github_runner_manager.platform.github_provider - Delete runners from GitHub provider: []
2025-12-19 06:22:33,667 - INFO - github_runner_manager.manager.runner_manager - Cleaned up platform runners: []
2025-12-19 06:22:33,667 - INFO - github_runner_manager.manager.runner_manager - Extracting metrics from VMs: []
2025-12-19 06:22:33,668 - INFO - github_runner_manager.manager.runner_manager - Cleaning up VMs: []
2025-12-19 06:22:33,668 - INFO - github_runner_manager.manager.runner_manager - Cleaned up VMs: []
2025-12-19 06:22:33,668 - INFO - github_runner_manager.openstack_cloud.openstack_cloud - Getting all openstack servers managed by the charm
2025-12-19 06:22:36,197 - INFO - github_runner_manager.manager.runner_manager - list vms response: []
2025-12-19 06:22:37,079 - INFO - github_runner_manager.manager.runner_manager - runner health response RunnersHealthResponse(requested_runners=[], failed_requested_runners=[], non_requested_runners=[])
2025-12-19 06:22:37,079 - INFO - github_runner_manager.manager.runner_scaler - Reconcile runners from 0 to 0
2025-12-19 06:22:37,079 - INFO - github_runner_manager.manager.runner_scaler - No changes to the number of runners.
2025-12-19 06:22:37,079 - INFO - github_runner_manager.openstack_cloud.openstack_cloud - Getting all openstack servers managed by the charm
2025-12-19 06:22:38,922 - INFO - github_runner_manager.manager.runner_manager - list vms response: []
2025-12-19 06:22:40,011 - INFO - github_runner_manager.manager.runner_manager - runner health response RunnersHealthResponse(requested_runners=[], failed_requested_runners=[], non_requested_runners=[])
2025-12-19 06:22:40,011 - INFO - github_runner_manager.manager.runner_scaler - Found 0 busy runners: []
2025-12-19 06:22:40,011 - INFO - github_runner_manager.manager.runner_scaler - Found 0 idle runners: []
2025-12-19 06:22:40,011 - INFO - github_runner_manager.manager.runner_scaler - Found 0 offline runners that are healthy: []
2025-12-19 06:22:40,011 - INFO - github_runner_manager.manager.runner_scaler - Found 0 unhealthy runners: []
2025-12-19 06:22:40,011 - INFO - github_runner_manager.manager.runner_scaler - Current available runners (idle + healthy offline): set()
2025-12-19 06:22:40,011 - INFO - github_runner_manager.manager.runner_scaler - Current active runners: set()
2025-12-19 06:22:40,012 - INFO - github_runner_manager.manager.runner_scaler - Finished reconciliation.
2025-12-19 06:22:40,012 - INFO - github_runner_manager.reconcile_service - Change in number of runner after reconcile: 0
2025-12-19 06:22:40,012 - INFO - github_runner_manager.reconcile_service - End reconciliation
2025-12-19 06:22:42,636 - INFO - werkzeug - 127.0.0.1 - - [19/Dec/2025 06:22:42] "[35m[1mGET /health HTTP/1.1[0m" 204 -
2025-12-19 06:22:42,642 - INFO - werkzeug - 127.0.0.1 - - [19/Dec/2025 06:22:42] "[35m[1mGET /health HTTP/1.1[0m" 204 -
2025-12-19 06:22:42,647 - INFO - github_runner_manager.http_server - Attempting to acquire the lock: unlocked
2025-12-19 06:22:42,647 - INFO - github_runner_manager.http_server - Flushing runners...
2025-12-19 06:22:42,664 - INFO - github_runner_manager.http_server - Flushing busy: False
2025-12-19 06:22:42,664 - INFO - github_runner_manager.manager.runner_manager - runner_manager::cleanup
2025-12-19 06:22:42,664 - INFO - github_runner_manager.openstack_cloud.openstack_cloud - Getting all openstack servers managed by the charm
2025-12-19 06:22:43,007 - WARNING - github_runner_manager.openstack_cloud.openstack_cloud - The maximum compute API version 2.96 is greater than the supported version 2.91. Using the maximum supported version.
2025-12-19 06:22:45,462 - INFO - github_runner_manager.manager.runner_manager - VMs: []
2025-12-19 06:22:46,266 - INFO - github_runner_manager.manager.runner_manager - Runner health: RunnersHealthResponse(requested_runners=[], failed_requested_runners=[], non_requested_runners=[])
2025-12-19 06:22:48,042 - INFO - github_runner_manager.openstack_cloud.openstack_cloud - Cleaning up SSH key files
2025-12-19 06:22:48,043 - INFO - github_runner_manager.openstack_cloud.openstack_cloud - Found 0 key files, clean up 0 key files
2025-12-19 06:22:48,043 - INFO - github_runner_manager.openstack_cloud.openstack_cloud - Cleaning up openstack keypairs
2025-12-19 06:22:48,080 - INFO - github_runner_manager.manager.runner_manager - Cleaning up platform runners: []
2025-12-19 06:22:48,080 - INFO - github_runner_manager.platform.github_provider - Delete runners from GitHub provider: []
2025-12-19 06:22:48,080 - INFO - github_runner_manager.manager.runner_manager - Cleaned up platform runners: []
2025-12-19 06:22:48,080 - INFO - github_runner_manager.manager.runner_manager - Extracting metrics from VMs: []
2025-12-19 06:22:48,080 - INFO - github_runner_manager.manager.runner_manager - Cleaning up VMs: []
2025-12-19 06:22:48,080 - INFO - github_runner_manager.manager.runner_manager - Cleaned up VMs: []
2025-12-19 06:22:48,080 - INFO - github_runner_manager.manager.runner_manager - runner_manager::flush_runners. mode FlushMode.FLUSH_IDLE
2025-12-19 06:22:48,081 - INFO - github_runner_manager.openstack_cloud.openstack_cloud - Getting all openstack servers managed by the charm
2025-12-19 06:22:50,131 - INFO - github_runner_manager.manager.runner_manager - VMs: []
2025-12-19 06:22:50,878 - INFO - github_runner_manager.manager.runner_manager - Runner health: RunnersHealthResponse(requested_runners=[], failed_requested_runners=[], non_requested_runners=[])
2025-12-19 06:22:50,878 - INFO - github_runner_manager.manager.runner_manager - Runners to clean up: set()
2025-12-19 06:22:50,878 - INFO - github_runner_manager.manager.runner_manager - Runners to flush: set()
2025-12-19 06:22:50,878 - INFO - github_runner_manager.manager.runner_manager - Deleting platform runners: []
2025-12-19 06:22:50,878 - INFO - github_runner_manager.platform.github_provider - Delete runners from GitHub provider: []
2025-12-19 06:22:50,878 - INFO - github_runner_manager.manager.runner_manager - Deleted runners: []
2025-12-19 06:22:50,878 - INFO - github_runner_manager.manager.runner_manager - Extracting metrics from VMs: []
2025-12-19 06:22:50,878 - INFO - github_runner_manager.manager.runner_manager - Deleting VMs: []
2025-12-19 06:22:50,878 - INFO - github_runner_manager.manager.runner_manager - Deleted VMs: []
2025-12-19 06:22:50,878 - INFO - github_runner_manager.http_server - Flushed 0 runners
2025-12-19 06:22:50,878 - INFO - werkzeug - 127.0.0.1 - - [19/Dec/2025 06:22:50] "[35m[1mPOST /runner/flush?flush-busy=False HTTP/1.1[0m" 204 -
2025-12-19 06:23:07,974 - INFO - root - Starting GitHub runner manager service version: 0.10.1
2025-12-19 06:23:07,980 - INFO - github_runner_manager.http_server - Starting the server...
 * Serving Flask app 'github_runner_manager.http_server'
 * Debug mode: off
2025-12-19 06:23:07,981 - INFO - werkzeug - [31m[1mWARNING: This is a development server. Do not use it in a production deployment. Use a production WSGI server instead.[0m
 * Running on http://127.0.0.1:55555
2025-12-19 06:23:07,981 - INFO - werkzeug - [33mPress CTRL+C to quit[0m
2025-12-19 06:23:07,981 - INFO - github_runner_manager.reconcile_service - Starting the reconcile service...
2025-12-19 06:23:07,981 - INFO - github_runner_manager.reconcile_service - Start reconciliation
2025-12-19 06:23:07,981 - INFO - github_runner_manager.reconcile_service - Reconcile ID: 6e0b47bb-c485-4d30-87db-2f12ac0efb79
2025-12-19 06:23:07,999 - INFO - github_runner_manager.manager.runner_scaler - Start reconcile. base_quantity 2. max_quantity: 0.
2025-12-19 06:23:07,999 - INFO - github_runner_manager.manager.runner_manager - runner_manager::cleanup
2025-12-19 06:23:07,999 - INFO - github_runner_manager.openstack_cloud.openstack_cloud - Getting all openstack servers managed by the charm
2025-12-19 06:23:08,357 - WARNING - github_runner_manager.openstack_cloud.openstack_cloud - The maximum compute API version 2.96 is greater than the supported version 2.91. Using the maximum supported version.
2025-12-19 06:23:10,156 - INFO - github_runner_manager.manager.runner_manager - VMs: []
2025-12-19 06:23:11,155 - INFO - github_runner_manager.manager.runner_manager - Runner health: RunnersHealthResponse(requested_runners=[], failed_requested_runners=[], non_requested_runners=[])
2025-12-19 06:23:13,133 - INFO - github_runner_manager.openstack_cloud.openstack_cloud - Cleaning up SSH key files
2025-12-19 06:23:13,133 - INFO - github_runner_manager.openstack_cloud.openstack_cloud - Found 0 key files, clean up 0 key files
2025-12-19 06:23:13,133 - INFO - github_runner_manager.openstack_cloud.openstack_cloud - Cleaning up openstack keypairs
2025-12-19 06:23:13,173 - INFO - github_runner_manager.manager.runner_manager - Cleaning up platform runners: []
2025-12-19 06:23:13,173 - INFO - github_runner_manager.platform.github_provider - Delete runners from GitHub provider: []
2025-12-19 06:23:13,173 - INFO - github_runner_manager.manager.runner_manager - Cleaned up platform runners: []
2025-12-19 06:23:13,173 - INFO - github_runner_manager.manager.runner_manager - Extracting metrics from VMs: []
2025-12-19 06:23:13,173 - INFO - github_runner_manager.manager.runner_manager - Cleaning up VMs: []
2025-12-19 06:23:13,173 - INFO - github_runner_manager.manager.runner_manager - Cleaned up VMs: []
2025-12-19 06:23:13,173 - INFO - github_runner_manager.openstack_cloud.openstack_cloud - Getting all openstack servers managed by the charm
2025-12-19 06:23:14,841 - INFO - github_runner_manager.manager.runner_manager - list vms response: []
2025-12-19 06:23:15,672 - INFO - github_runner_manager.manager.runner_manager - runner health response RunnersHealthResponse(requested_runners=[], failed_requested_runners=[], non_requested_runners=[])
2025-12-19 06:23:15,672 - INFO - github_runner_manager.manager.runner_scaler - Reconcile runners from 0 to 2
2025-12-19 06:23:15,672 - INFO - github_runner_manager.manager.runner_manager - Creating 2 runners
2025-12-19 06:23:16,258 - INFO - github_runner_manager.openstack_cloud.openstack_cloud - Creating openstack server with RunnerIdentity(instance_id=InstanceID('test-jfekyenk-0-n-42fef8fd1988'), metadata=RunnerMetadata(platform_name=<Platform.GITHUB: 'github'>, runner_id='291226', url=None))
2025-12-19 06:23:16,269 - INFO - github_runner_manager.openstack_cloud.openstack_cloud - Creating openstack server with RunnerIdentity(instance_id=InstanceID('test-jfekyenk-0-n-527c503c4fc8'), metadata=RunnerMetadata(platform_name=<Platform.GITHUB: 'github'>, runner_id='291227', url=None))
2025-12-19 06:23:17,615 - ERROR - github_runner_manager.openstack_cloud.openstack_cloud - Failed to create openstack server test-jfekyenk-0-n-527c503c4fc8
Traceback (most recent call last):
  File "/opt/pipx/venvs/github-runner-manager/lib/python3.10/site-packages/github_runner_manager/openstack_cloud/openstack_cloud.py", line 293, in launch_instance
    server = conn.create_server(
  File "/opt/pipx/venvs/github-runner-manager/lib/python3.10/site-packages/decorator.py", line 235, in fun
    return caller(func, *(extras + args), **kw)
  File "/opt/pipx/venvs/github-runner-manager/lib/python3.10/site-packages/openstack/cloud/_utils.py", line 233, in func_wrapper
    return func(*args, **kwargs)
  File "/opt/pipx/venvs/github-runner-manager/lib/python3.10/site-packages/openstack/cloud/_compute.py", line 1075, in create_server
    server = self.compute.create_server(**kwargs)
  File "/opt/pipx/venvs/github-runner-manager/lib/python3.10/site-packages/openstack/compute/v2/_proxy.py", line 741, in create_server
    return self._create(_server.Server, **attrs)
  File "/opt/pipx/venvs/github-runner-manager/lib/python3.10/site-packages/openstack/proxy.py", line 770, in _create
    return res.create(self, base_path=base_path)
  File "/opt/pipx/venvs/github-runner-manager/lib/python3.10/site-packages/openstack/resource.py", line 1463, in create
    self._translate_response(
  File "/opt/pipx/venvs/github-runner-manager/lib/python3.10/site-packages/openstack/resource.py", line 1231, in _translate_response
    exceptions.raise_from_response(response, error_message=error_message)
  File "/opt/pipx/venvs/github-runner-manager/lib/python3.10/site-packages/openstack/exceptions.py", line 264, in raise_from_response
    raise cls(
openstack.exceptions.ForbiddenException: ForbiddenException: 403: Client Error for url: https://nova.ps7.canonical.com:8774/v2.1/servers, Quota exceeded for cores, instances: Requested 2, 1, but already used 40, 20 of 40, 20 cores, instances
2025-12-19 06:23:17,617 - INFO - github_runner_manager.openstack_cloud.openstack_cloud - Deleting key: test-jfekyenk-0-n-527c503c4fc8
2025-12-19 06:23:17,652 - ERROR - github_runner_manager.openstack_cloud.openstack_cloud - Failed to create openstack server test-jfekyenk-0-n-42fef8fd1988
Traceback (most recent call last):
  File "/opt/pipx/venvs/github-runner-manager/lib/python3.10/site-packages/github_runner_manager/openstack_cloud/openstack_cloud.py", line 293, in launch_instance
    server = conn.create_server(
  File "/opt/pipx/venvs/github-runner-manager/lib/python3.10/site-packages/decorator.py", line 235, in fun
    return caller(func, *(extras + args), **kw)
  File "/opt/pipx/venvs/github-runner-manager/lib/python3.10/site-packages/openstack/cloud/_utils.py", line 233, in func_wrapper
    return func(*args, **kwargs)
  File "/opt/pipx/venvs/github-runner-manager/lib/python3.10/site-packages/openstack/cloud/_compute.py", line 1075, in create_server
    server = self.compute.create_server(**kwargs)
  File "/opt/pipx/venvs/github-runner-manager/lib/python3.10/site-packages/openstack/compute/v2/_proxy.py", line 741, in create_server
    return self._create(_server.Server, **attrs)
  File "/opt/pipx/venvs/github-runner-manager/lib/python3.10/site-packages/openstack/proxy.py", line 770, in _create
    return res.create(self, base_path=base_path)
  File "/opt/pipx/venvs/github-runner-manager/lib/python3.10/site-packages/openstack/resource.py", line 1463, in create
    self._translate_response(
  File "/opt/pipx/venvs/github-runner-manager/lib/python3.10/site-packages/openstack/resource.py", line 1231, in _translate_response
    exceptions.raise_from_response(response, error_message=error_message)
  File "/opt/pipx/venvs/github-runner-manager/lib/python3.10/site-packages/openstack/exceptions.py", line 264, in raise_from_response
    raise cls(
openstack.exceptions.ForbiddenException: ForbiddenException: 403: Client Error for url: https://nova.ps7.canonical.com:8774/v2.1/servers, Quota exceeded for cores, instances: Requested 2, 1, but already used 40, 20 of 40, 20 cores, instances
2025-12-19 06:23:17,653 - INFO - github_runner_manager.openstack_cloud.openstack_cloud - Deleting key: test-jfekyenk-0-n-42fef8fd1988
2025-12-19 06:23:17,655 - INFO - github_runner_manager.openstack_cloud.openstack_cloud - Deleted key: test-jfekyenk-0-n-527c503c4fc8
2025-12-19 06:23:17,655 - WARNING - github_runner_manager.manager.runner_manager - Deleting runner test-jfekyenk-0-n-527c503c4fc8 from platform after creation failed
2025-12-19 06:23:17,655 - INFO - github_runner_manager.platform.github_provider - Delete runners from GitHub provider: ['291227']
2025-12-19 06:23:17,688 - INFO - github_runner_manager.openstack_cloud.openstack_cloud - Deleted key: test-jfekyenk-0-n-42fef8fd1988
2025-12-19 06:23:17,689 - WARNING - github_runner_manager.manager.runner_manager - Deleting runner test-jfekyenk-0-n-42fef8fd1988 from platform after creation failed
2025-12-19 06:23:17,689 - INFO - github_runner_manager.platform.github_provider - Delete runners from GitHub provider: ['291226']
2025-12-19 06:23:18,064 - ERROR - github_runner_manager.manager.runner_manager - Failed to spawn a runner.
Traceback (most recent call last):
  File "/opt/pipx/venvs/github-runner-manager/lib/python3.10/site-packages/github_runner_manager/openstack_cloud/openstack_cloud.py", line 293, in launch_instance
    server = conn.create_server(
  File "/opt/pipx/venvs/github-runner-manager/lib/python3.10/site-packages/decorator.py", line 235, in fun
    return caller(func, *(extras + args), **kw)
  File "/opt/pipx/venvs/github-runner-manager/lib/python3.10/site-packages/openstack/cloud/_utils.py", line 233, in func_wrapper
    return func(*args, **kwargs)
  File "/opt/pipx/venvs/github-runner-manager/lib/python3.10/site-packages/openstack/cloud/_compute.py", line 1075, in create_server
    server = self.compute.create_server(**kwargs)
  File "/opt/pipx/venvs/github-runner-manager/lib/python3.10/site-packages/openstack/compute/v2/_proxy.py", line 741, in create_server
    return self._create(_server.Server, **attrs)
  File "/opt/pipx/venvs/github-runner-manager/lib/python3.10/site-packages/openstack/proxy.py", line 770, in _create
    return res.create(self, base_path=base_path)
  File "/opt/pipx/venvs/github-runner-manager/lib/python3.10/site-packages/openstack/resource.py", line 1463, in create
    self._translate_response(
  File "/opt/pipx/venvs/github-runner-manager/lib/python3.10/site-packages/openstack/resource.py", line 1231, in _translate_response
    exceptions.raise_from_response(response, error_message=error_message)
  File "/opt/pipx/venvs/github-runner-manager/lib/python3.10/site-packages/openstack/exceptions.py", line 264, in raise_from_response
    raise cls(
openstack.exceptions.ForbiddenException: ForbiddenException: 403: Client Error for url: https://nova.ps7.canonical.com:8774/v2.1/servers, Quota exceeded for cores, instances: Requested 2, 1, but already used 40, 20 of 40, 20 cores, instances

The above exception was the direct cause of the following exception:

Traceback (most recent call last):
  File "/opt/pipx/venvs/github-runner-manager/lib/python3.10/site-packages/github_runner_manager/openstack_cloud/openstack_runner_manager.py", line 110, in create_runner
    instance = self._openstack_cloud.launch_instance(
  File "/opt/pipx/venvs/github-runner-manager/lib/python3.10/site-packages/github_runner_manager/openstack_cloud/openstack_cloud.py", line 183, in exception_handling_wrapper
    return func(*args, **kwargs)
  File "/opt/pipx/venvs/github-runner-manager/lib/python3.10/site-packages/github_runner_manager/openstack_cloud/openstack_cloud.py", line 330, in launch_instance
    raise OpenStackError(f"Failed to create openstack server {instance_id}") from err
github_runner_manager.errors.OpenStackError: Failed to create openstack server test-jfekyenk-0-n-527c503c4fc8

The above exception was the direct cause of the following exception:

Traceback (most recent call last):
  File "/opt/pipx/venvs/github-runner-manager/lib/python3.10/site-packages/github_runner_manager/manager/runner_manager.py", line 236, in _spawn_runners_using_multiprocessing
    instance_id = next(jobs)
  File "/usr/lib/python3.10/multiprocessing/pool.py", line 873, in next
    raise value
  File "/usr/lib/python3.10/multiprocessing/pool.py", line 125, in worker
    result = (True, func(*args, **kwds))
  File "/opt/pipx/venvs/github-runner-manager/lib/python3.10/site-packages/github_runner_manager/manager/runner_manager.py", line 539, in _create_runner
    args.cloud_runner_manager.create_runner(
  File "/opt/pipx/venvs/github-runner-manager/lib/python3.10/site-packages/github_runner_manager/openstack_cloud/openstack_runner_manager.py", line 117, in create_runner
    raise RunnerCreateError(
github_runner_manager.errors.RunnerCreateError: Failed to create RunnerIdentity(instance_id=InstanceID('test-jfekyenk-0-n-527c503c4fc8'), metadata=RunnerMetadata(platform_name=<Platform.GITHUB: 'github'>, runner_id='291227', url=None)) openstack runner
2025-12-19 06:23:18,127 - ERROR - github_runner_manager.manager.runner_manager - Failed to spawn a runner.
Traceback (most recent call last):
  File "/opt/pipx/venvs/github-runner-manager/lib/python3.10/site-packages/github_runner_manager/openstack_cloud/openstack_cloud.py", line 293, in launch_instance
    server = conn.create_server(
  File "/opt/pipx/venvs/github-runner-manager/lib/python3.10/site-packages/decorator.py", line 235, in fun
    return caller(func, *(extras + args), **kw)
  File "/opt/pipx/venvs/github-runner-manager/lib/python3.10/site-packages/openstack/cloud/_utils.py", line 233, in func_wrapper
    return func(*args, **kwargs)
  File "/opt/pipx/venvs/github-runner-manager/lib/python3.10/site-packages/openstack/cloud/_compute.py", line 1075, in create_server
    server = self.compute.create_server(**kwargs)
  File "/opt/pipx/venvs/github-runner-manager/lib/python3.10/site-packages/openstack/compute/v2/_proxy.py", line 741, in create_server
    return self._create(_server.Server, **attrs)
  File "/opt/pipx/venvs/github-runner-manager/lib/python3.10/site-packages/openstack/proxy.py", line 770, in _create
    return res.create(self, base_path=base_path)
  File "/opt/pipx/venvs/github-runner-manager/lib/python3.10/site-packages/openstack/resource.py", line 1463, in create
    self._translate_response(
  File "/opt/pipx/venvs/github-runner-manager/lib/python3.10/site-packages/openstack/resource.py", line 1231, in _translate_response
    exceptions.raise_from_response(response, error_message=error_message)
  File "/opt/pipx/venvs/github-runner-manager/lib/python3.10/site-packages/openstack/exceptions.py", line 264, in raise_from_response
    raise cls(
openstack.exceptions.ForbiddenException: ForbiddenException: 403: Client Error for url: https://nova.ps7.canonical.com:8774/v2.1/servers, Quota exceeded for cores, instances: Requested 2, 1, but already used 40, 20 of 40, 20 cores, instances

The above exception was the direct cause of the following exception:

Traceback (most recent call last):
  File "/opt/pipx/venvs/github-runner-manager/lib/python3.10/site-packages/github_runner_manager/openstack_cloud/openstack_runner_manager.py", line 110, in create_runner
    instance = self._openstack_cloud.launch_instance(
  File "/opt/pipx/venvs/github-runner-manager/lib/python3.10/site-packages/github_runner_manager/openstack_cloud/openstack_cloud.py", line 183, in exception_handling_wrapper
    return func(*args, **kwargs)
  File "/opt/pipx/venvs/github-runner-manager/lib/python3.10/site-packages/github_runner_manager/openstack_cloud/openstack_cloud.py", line 330, in launch_instance
    raise OpenStackError(f"Failed to create openstack server {instance_id}") from err
github_runner_manager.errors.OpenStackError: Failed to create openstack server test-jfekyenk-0-n-42fef8fd1988

The above exception was the direct cause of the following exception:

Traceback (most recent call last):
  File "/opt/pipx/venvs/github-runner-manager/lib/python3.10/site-packages/github_runner_manager/manager/runner_manager.py", line 236, in _spawn_runners_using_multiprocessing
    instance_id = next(jobs)
  File "/usr/lib/python3.10/multiprocessing/pool.py", line 873, in next
    raise value
  File "/usr/lib/python3.10/multiprocessing/pool.py", line 125, in worker
    result = (True, func(*args, **kwds))
  File "/opt/pipx/venvs/github-runner-manager/lib/python3.10/site-packages/github_runner_manager/manager/runner_manager.py", line 539, in _create_runner
    args.cloud_runner_manager.create_runner(
  File "/opt/pipx/venvs/github-runner-manager/lib/python3.10/site-packages/github_runner_manager/openstack_cloud/openstack_runner_manager.py", line 117, in create_runner
    raise RunnerCreateError(
github_runner_manager.errors.RunnerCreateError: Failed to create RunnerIdentity(instance_id=InstanceID('test-jfekyenk-0-n-42fef8fd1988'), metadata=RunnerMetadata(platform_name=<Platform.GITHUB: 'github'>, runner_id='291226', url=None)) openstack runner
2025-12-19 06:23:18,127 - INFO - github_runner_manager.openstack_cloud.openstack_cloud - Getting all openstack servers managed by the charm
2025-12-19 06:23:19,935 - INFO - github_runner_manager.manager.runner_manager - list vms response: []
2025-12-19 06:23:20,763 - INFO - github_runner_manager.manager.runner_manager - runner health response RunnersHealthResponse(requested_runners=[], failed_requested_runners=[], non_requested_runners=[])
2025-12-19 06:23:20,763 - INFO - github_runner_manager.manager.runner_scaler - Found 0 busy runners: []
2025-12-19 06:23:20,763 - INFO - github_runner_manager.manager.runner_scaler - Found 0 idle runners: []
2025-12-19 06:23:20,763 - INFO - github_runner_manager.manager.runner_scaler - Found 0 offline runners that are healthy: []
2025-12-19 06:23:20,763 - INFO - github_runner_manager.manager.runner_scaler - Found 0 unhealthy runners: []
2025-12-19 06:23:20,763 - INFO - github_runner_manager.manager.runner_scaler - Current available runners (idle + healthy offline): set()
2025-12-19 06:23:20,763 - INFO - github_runner_manager.manager.runner_scaler - Current active runners: set()
2025-12-19 06:23:20,763 - INFO - github_runner_manager.manager.runner_scaler - Finished reconciliation.
2025-12-19 06:23:20,763 - INFO - github_runner_manager.reconcile_service - Change in number of runner after reconcile: 2
2025-12-19 06:23:20,763 - INFO - github_runner_manager.reconcile_service - End reconciliation
2025-12-19 06:23:22,651 - INFO - werkzeug - 127.0.0.1 - - [19/Dec/2025 06:23:22] "[35m[1mGET /health HTTP/1.1[0m" 204 -
2025-12-19 06:25:20,855 - INFO - github_runner_manager.reconcile_service - Start reconciliation
2025-12-19 06:25:20,855 - INFO - github_runner_manager.reconcile_service - Reconcile ID: 5e1d47bd-0af2-4f3a-98fb-b638830dcc7b
2025-12-19 06:25:20,873 - INFO - github_runner_manager.manager.runner_scaler - Start reconcile. base_quantity 2. max_quantity: 0.
2025-12-19 06:25:20,873 - INFO - github_runner_manager.manager.runner_manager - runner_manager::cleanup
2025-12-19 06:25:20,873 - INFO - github_runner_manager.openstack_cloud.openstack_cloud - Getting all openstack servers managed by the charm
2025-12-19 06:25:21,227 - WARNING - github_runner_manager.openstack_cloud.openstack_cloud - The maximum compute API version 2.96 is greater than the supported version 2.91. Using the maximum supported version.
2025-12-19 06:25:23,064 - INFO - github_runner_manager.manager.runner_manager - VMs: []
2025-12-19 06:25:24,045 - INFO - github_runner_manager.manager.runner_manager - Runner health: RunnersHealthResponse(requested_runners=[], failed_requested_runners=[], non_requested_runners=[])
2025-12-19 06:25:25,707 - INFO - github_runner_manager.openstack_cloud.openstack_cloud - Cleaning up SSH key files
2025-12-19 06:25:25,707 - INFO - github_runner_manager.openstack_cloud.openstack_cloud - Found 0 key files, clean up 0 key files
2025-12-19 06:25:25,707 - INFO - github_runner_manager.openstack_cloud.openstack_cloud - Cleaning up openstack keypairs
2025-12-19 06:25:25,744 - INFO - github_runner_manager.manager.runner_manager - Cleaning up platform runners: []
2025-12-19 06:25:25,744 - INFO - github_runner_manager.platform.github_provider - Delete runners from GitHub provider: []
2025-12-19 06:25:25,745 - INFO - github_runner_manager.manager.runner_manager - Cleaned up platform runners: []
2025-12-19 06:25:25,745 - INFO - github_runner_manager.manager.runner_manager - Extracting metrics from VMs: []
2025-12-19 06:25:25,745 - INFO - github_runner_manager.manager.runner_manager - Cleaning up VMs: []
2025-12-19 06:25:25,745 - INFO - github_runner_manager.manager.runner_manager - Cleaned up VMs: []
2025-12-19 06:25:25,745 - INFO - github_runner_manager.openstack_cloud.openstack_cloud - Getting all openstack servers managed by the charm
2025-12-19 06:25:27,441 - INFO - github_runner_manager.manager.runner_manager - list vms response: []
2025-12-19 06:25:28,277 - INFO - github_runner_manager.manager.runner_manager - runner health response RunnersHealthResponse(requested_runners=[], failed_requested_runners=[], non_requested_runners=[])
2025-12-19 06:25:28,277 - INFO - github_runner_manager.manager.runner_scaler - Reconcile runners from 0 to 2
2025-12-19 06:25:28,277 - INFO - github_runner_manager.manager.runner_manager - Creating 2 runners
2025-12-19 06:25:28,754 - INFO - github_runner_manager.openstack_cloud.openstack_cloud - Creating openstack server with RunnerIdentity(instance_id=InstanceID('test-jfekyenk-0-n-122bed88c1f8'), metadata=RunnerMetadata(platform_name=<Platform.GITHUB: 'github'>, runner_id='291231', url=None))
2025-12-19 06:25:28,761 - INFO - github_runner_manager.openstack_cloud.openstack_cloud - Creating openstack server with RunnerIdentity(instance_id=InstanceID('test-jfekyenk-0-n-0a9bd133a8d5'), metadata=RunnerMetadata(platform_name=<Platform.GITHUB: 'github'>, runner_id='291232', url=None))
2025-12-19 06:25:30,331 - INFO - github_runner_manager.openstack_cloud.openstack_runner_manager - Runner test-jfekyenk-0-n-0a9bd133a8d5 created successfully
2025-12-19 06:25:30,562 - INFO - github_runner_manager.openstack_cloud.openstack_runner_manager - Runner test-jfekyenk-0-n-122bed88c1f8 created successfully
2025-12-19 06:25:30,562 - INFO - github_runner_manager.openstack_cloud.openstack_cloud - Getting all openstack servers managed by the charm
2025-12-19 06:25:32,952 - INFO - github_runner_manager.manager.runner_manager - list vms response: [VM(instance_id=InstanceID('test-jfekyenk-0-n-122bed88c1f8'), metadata=RunnerMetadata(platform_name='github', runner_id='291231', url=None), state=<VMState.CREATED: '1'>, created_at=datetime.datetime(2025, 12, 19, 6, 25, 32, tzinfo=datetime.timezone.utc)), VM(instance_id=InstanceID('test-jfekyenk-0-n-0a9bd133a8d5'), metadata=RunnerMetadata(platform_name='github', runner_id='291232', url=None), state=<VMState.CREATED: '1'>, created_at=datetime.datetime(2025, 12, 19, 6, 25, 31, tzinfo=datetime.timezone.utc))]
2025-12-19 06:25:33,906 - INFO - github_runner_manager.manager.runner_manager - runner health response RunnersHealthResponse(requested_runners=[PlatformRunnerHealth(identity=VM(instance_id=InstanceID('test-jfekyenk-0-n-122bed88c1f8'), metadata=RunnerMetadata(platform_name='github', runner_id='291231', url=None), state=<VMState.CREATED: '1'>, created_at=datetime.datetime(2025, 12, 19, 6, 25, 32, tzinfo=datetime.timezone.utc)), online=False, busy=False, deletable=False, runner_in_platform=True), PlatformRunnerHealth(identity=VM(instance_id=InstanceID('test-jfekyenk-0-n-0a9bd133a8d5'), metadata=RunnerMetadata(platform_name='github', runner_id='291232', url=None), state=<VMState.CREATED: '1'>, created_at=datetime.datetime(2025, 12, 19, 6, 25, 31, tzinfo=datetime.timezone.utc)), online=False, busy=False, deletable=False, runner_in_platform=True)], failed_requested_runners=[], non_requested_runners=[])
2025-12-19 06:25:33,906 - INFO - github_runner_manager.manager.runner_scaler - Runner test-jfekyenk-0-n-122bed88c1f8: state=PlatformRunnerState.OFFLINE, health=HealthState.UNKNOWN
2025-12-19 06:25:33,906 - INFO - github_runner_manager.manager.runner_scaler - Runner test-jfekyenk-0-n-0a9bd133a8d5: state=PlatformRunnerState.OFFLINE, health=HealthState.UNKNOWN
2025-12-19 06:25:33,906 - INFO - github_runner_manager.manager.runner_scaler - Found 0 busy runners: []
2025-12-19 06:25:33,906 - INFO - github_runner_manager.manager.runner_scaler - Found 0 idle runners: []
2025-12-19 06:25:33,906 - INFO - github_runner_manager.manager.runner_scaler - Found 0 offline runners that are healthy: []
2025-12-19 06:25:33,906 - INFO - github_runner_manager.manager.runner_scaler - Found 2 unhealthy runners: [RunnerInstance(name='test-jfekyenk-0-n-122bed88c1f8', instance_id=InstanceID('test-jfekyenk-0-n-122bed88c1f8'), metadata=RunnerMetadata(platform_name='github', runner_id='291231', url=None), platform_state=<PlatformRunnerState.OFFLINE: '3'>, platform_health=PlatformRunnerHealth(identity=VM(instance_id=InstanceID('test-jfekyenk-0-n-122bed88c1f8'), metadata=RunnerMetadata(platform_name='github', runner_id='291231', url=None), state=<VMState.CREATED: '1'>, created_at=datetime.datetime(2025, 12, 19, 6, 25, 32, tzinfo=datetime.timezone.utc)), online=False, busy=False, deletable=False, runner_in_platform=True), cloud_state=<VMState.CREATED: '1'>), RunnerInstance(name='test-jfekyenk-0-n-0a9bd133a8d5', instance_id=InstanceID('test-jfekyenk-0-n-0a9bd133a8d5'), metadata=RunnerMetadata(platform_name='github', runner_id='291232', url=None), platform_state=<PlatformRunnerState.OFFLINE: '3'>, platform_health=PlatformRunnerHealth(identity=VM(instance_id=InstanceID('test-jfekyenk-0-n-0a9bd133a8d5'), metadata=RunnerMetadata(platform_name='github', runner_id='291232', url=None), state=<VMState.CREATED: '1'>, created_at=datetime.datetime(2025, 12, 19, 6, 25, 31, tzinfo=datetime.timezone.utc)), online=False, busy=False, deletable=False, runner_in_platform=True), cloud_state=<VMState.CREATED: '1'>)]
2025-12-19 06:25:33,906 - INFO - github_runner_manager.manager.runner_scaler - Current available runners (idle + healthy offline): set()
2025-12-19 06:25:33,906 - INFO - github_runner_manager.manager.runner_scaler - Current active runners: set()
2025-12-19 06:25:33,906 - INFO - github_runner_manager.manager.runner_scaler - Finished reconciliation.
2025-12-19 06:25:33,907 - INFO - github_runner_manager.reconcile_service - Change in number of runner after reconcile: 2
2025-12-19 06:25:33,907 - INFO - github_runner_manager.reconcile_service - End reconciliation
2025-12-19 06:25:41,795 - INFO - werkzeug - 127.0.0.1 - - [19/Dec/2025 06:25:41] "[35m[1mGET /health HTTP/1.1[0m" 204 -
2025-12-19 06:25:41,801 - INFO - github_runner_manager.http_server - Checking runners...
2025-12-19 06:25:41,818 - INFO - github_runner_manager.openstack_cloud.openstack_cloud - Getting all openstack servers managed by the charm
2025-12-19 06:25:42,162 - WARNING - github_runner_manager.openstack_cloud.openstack_cloud - The maximum compute API version 2.96 is greater than the supported version 2.91. Using the maximum supported version.
2025-12-19 06:25:44,008 - INFO - github_runner_manager.manager.runner_manager - list vms response: [VM(instance_id=InstanceID('test-jfekyenk-0-n-122bed88c1f8'), metadata=RunnerMetadata(platform_name='github', runner_id='291231', url=None), state=<VMState.ERROR: '4'>, created_at=datetime.datetime(2025, 12, 19, 6, 25, 31, tzinfo=datetime.timezone.utc)), VM(instance_id=InstanceID('test-jfekyenk-0-n-0a9bd133a8d5'), metadata=RunnerMetadata(platform_name='github', runner_id='291232', url=None), state=<VMState.CREATED: '1'>, created_at=datetime.datetime(2025, 12, 19, 6, 25, 31, tzinfo=datetime.timezone.utc))]
2025-12-19 06:25:44,991 - INFO - github_runner_manager.manager.runner_manager - runner health response RunnersHealthResponse(requested_runners=[PlatformRunnerHealth(identity=VM(instance_id=InstanceID('test-jfekyenk-0-n-122bed88c1f8'), metadata=RunnerMetadata(platform_name='github', runner_id='291231', url=None), state=<VMState.ERROR: '4'>, created_at=datetime.datetime(2025, 12, 19, 6, 25, 31, tzinfo=datetime.timezone.utc)), online=False, busy=False, deletable=False, runner_in_platform=True), PlatformRunnerHealth(identity=VM(instance_id=InstanceID('test-jfekyenk-0-n-0a9bd133a8d5'), metadata=RunnerMetadata(platform_name='github', runner_id='291232', url=None), state=<VMState.CREATED: '1'>, created_at=datetime.datetime(2025, 12, 19, 6, 25, 31, tzinfo=datetime.timezone.utc)), online=False, busy=False, deletable=False, runner_in_platform=True)], failed_requested_runners=[], non_requested_runners=[])
2025-12-19 06:25:44,991 - INFO - werkzeug - 127.0.0.1 - - [19/Dec/2025 06:25:44] "GET /runner/check HTTP/1.1" 200 -
2025-12-19 06:26:15,826 - INFO - werkzeug - 127.0.0.1 - - [19/Dec/2025 06:26:15] "[35m[1mGET /health HTTP/1.1[0m" 204 -
2025-12-19 06:26:15,832 - INFO - github_runner_manager.http_server - Checking runners...
2025-12-19 06:26:15,849 - INFO - github_runner_manager.openstack_cloud.openstack_cloud - Getting all openstack servers managed by the charm
2025-12-19 06:26:16,212 - WARNING - github_runner_manager.openstack_cloud.openstack_cloud - The maximum compute API version 2.96 is greater than the supported version 2.91. Using the maximum supported version.
2025-12-19 06:26:17,856 - INFO - github_runner_manager.manager.runner_manager - list vms response: [VM(instance_id=InstanceID('test-jfekyenk-0-n-122bed88c1f8'), metadata=RunnerMetadata(platform_name='github', runner_id='291231', url=None), state=<VMState.ERROR: '4'>, created_at=datetime.datetime(2025, 12, 19, 6, 25, 31, tzinfo=datetime.timezone.utc)), VM(instance_id=InstanceID('test-jfekyenk-0-n-0a9bd133a8d5'), metadata=RunnerMetadata(platform_name='github', runner_id='291232', url=None), state=<VMState.ACTIVE: '2'>, created_at=datetime.datetime(2025, 12, 19, 6, 25, 31, tzinfo=datetime.timezone.utc))]
2025-12-19 06:26:18,783 - INFO - github_runner_manager.manager.runner_manager - runner health response RunnersHealthResponse(requested_runners=[PlatformRunnerHealth(identity=VM(instance_id=InstanceID('test-jfekyenk-0-n-122bed88c1f8'), metadata=RunnerMetadata(platform_name='github', runner_id='291231', url=None), state=<VMState.ERROR: '4'>, created_at=datetime.datetime(2025, 12, 19, 6, 25, 31, tzinfo=datetime.timezone.utc)), online=False, busy=False, deletable=False, runner_in_platform=True), PlatformRunnerHealth(identity=VM(instance_id=InstanceID('test-jfekyenk-0-n-0a9bd133a8d5'), metadata=RunnerMetadata(platform_name='github', runner_id='291232', url=None), state=<VMState.ACTIVE: '2'>, created_at=datetime.datetime(2025, 12, 19, 6, 25, 31, tzinfo=datetime.timezone.utc)), online=False, busy=False, deletable=False, runner_in_platform=True)], failed_requested_runners=[], non_requested_runners=[])
2025-12-19 06:26:18,784 - INFO - werkzeug - 127.0.0.1 - - [19/Dec/2025 06:26:18] "GET /runner/check HTTP/1.1" 200 -
2025-12-19 06:26:49,859 - INFO - werkzeug - 127.0.0.1 - - [19/Dec/2025 06:26:49] "[35m[1mGET /health HTTP/1.1[0m" 204 -
2025-12-19 06:26:49,865 - INFO - github_runner_manager.http_server - Checking runners...
2025-12-19 06:26:49,882 - INFO - github_runner_manager.openstack_cloud.openstack_cloud - Getting all openstack servers managed by the charm
2025-12-19 06:26:50,233 - WARNING - github_runner_manager.openstack_cloud.openstack_cloud - The maximum compute API version 2.96 is greater than the supported version 2.91. Using the maximum supported version.
2025-12-19 06:26:52,129 - INFO - github_runner_manager.manager.runner_manager - list vms response: [VM(instance_id=InstanceID('test-jfekyenk-0-n-122bed88c1f8'), metadata=RunnerMetadata(platform_name='github', runner_id='291231', url=None), state=<VMState.ERROR: '4'>, created_at=datetime.datetime(2025, 12, 19, 6, 25, 31, tzinfo=datetime.timezone.utc)), VM(instance_id=InstanceID('test-jfekyenk-0-n-0a9bd133a8d5'), metadata=RunnerMetadata(platform_name='github', runner_id='291232', url=None), state=<VMState.ACTIVE: '2'>, created_at=datetime.datetime(2025, 12, 19, 6, 25, 31, tzinfo=datetime.timezone.utc))]
2025-12-19 06:26:52,939 - INFO - github_runner_manager.manager.runner_manager - runner health response RunnersHealthResponse(requested_runners=[PlatformRunnerHealth(identity=VM(instance_id=InstanceID('test-jfekyenk-0-n-122bed88c1f8'), metadata=RunnerMetadata(platform_name='github', runner_id='291231', url=None), state=<VMState.ERROR: '4'>, created_at=datetime.datetime(2025, 12, 19, 6, 25, 31, tzinfo=datetime.timezone.utc)), online=False, busy=False, deletable=False, runner_in_platform=True), PlatformRunnerHealth(identity=VM(instance_id=InstanceID('test-jfekyenk-0-n-0a9bd133a8d5'), metadata=RunnerMetadata(platform_name='github', runner_id='291232', url=None), state=<VMState.ACTIVE: '2'>, created_at=datetime.datetime(2025, 12, 19, 6, 25, 31, tzinfo=datetime.timezone.utc)), online=False, busy=False, deletable=False, runner_in_platform=True)], failed_requested_runners=[], non_requested_runners=[])
2025-12-19 06:26:52,940 - INFO - werkzeug - 127.0.0.1 - - [19/Dec/2025 06:26:52] "GET /runner/check HTTP/1.1" 200 -
2025-12-19 06:27:23,896 - INFO - werkzeug - 127.0.0.1 - - [19/Dec/2025 06:27:23] "[35m[1mGET /health HTTP/1.1[0m" 204 -
2025-12-19 06:27:23,902 - INFO - github_runner_manager.http_server - Checking runners...
2025-12-19 06:27:23,919 - INFO - github_runner_manager.openstack_cloud.openstack_cloud - Getting all openstack servers managed by the charm
2025-12-19 06:27:24,299 - WARNING - github_runner_manager.openstack_cloud.openstack_cloud - The maximum compute API version 2.96 is greater than the supported version 2.91. Using the maximum supported version.
2025-12-19 06:27:25,878 - INFO - github_runner_manager.manager.runner_manager - list vms response: [VM(instance_id=InstanceID('test-jfekyenk-0-n-122bed88c1f8'), metadata=RunnerMetadata(platform_name='github', runner_id='291231', url=None), state=<VMState.ERROR: '4'>, created_at=datetime.datetime(2025, 12, 19, 6, 25, 31, tzinfo=datetime.timezone.utc)), VM(instance_id=InstanceID('test-jfekyenk-0-n-0a9bd133a8d5'), metadata=RunnerMetadata(platform_name='github', runner_id='291232', url=None), state=<VMState.ACTIVE: '2'>, created_at=datetime.datetime(2025, 12, 19, 6, 25, 31, tzinfo=datetime.timezone.utc))]
2025-12-19 06:27:26,739 - INFO - github_runner_manager.manager.runner_manager - runner health response RunnersHealthResponse(requested_runners=[PlatformRunnerHealth(identity=VM(instance_id=InstanceID('test-jfekyenk-0-n-122bed88c1f8'), metadata=RunnerMetadata(platform_name='github', runner_id='291231', url=None), state=<VMState.ERROR: '4'>, created_at=datetime.datetime(2025, 12, 19, 6, 25, 31, tzinfo=datetime.timezone.utc)), online=False, busy=False, deletable=False, runner_in_platform=True), PlatformRunnerHealth(identity=VM(instance_id=InstanceID('test-jfekyenk-0-n-0a9bd133a8d5'), metadata=RunnerMetadata(platform_name='github', runner_id='291232', url=None), state=<VMState.ACTIVE: '2'>, created_at=datetime.datetime(2025, 12, 19, 6, 25, 31, tzinfo=datetime.timezone.utc)), online=True, busy=False, deletable=False, runner_in_platform=True)], failed_requested_runners=[], non_requested_runners=[])
2025-12-19 06:27:26,740 - INFO - werkzeug - 127.0.0.1 - - [19/Dec/2025 06:27:26] "GET /runner/check HTTP/1.1" 200 -
2025-12-19 06:27:27,928 - INFO - werkzeug - 127.0.0.1 - - [19/Dec/2025 06:27:27] "[35m[1mGET /health HTTP/1.1[0m" 204 -
2025-12-19 06:27:27,934 - INFO - github_runner_manager.http_server - Checking runners...
2025-12-19 06:27:27,952 - INFO - github_runner_manager.openstack_cloud.openstack_cloud - Getting all openstack servers managed by the charm
2025-12-19 06:27:28,347 - WARNING - github_runner_manager.openstack_cloud.openstack_cloud - The maximum compute API version 2.96 is greater than the supported version 2.91. Using the maximum supported version.
2025-12-19 06:27:29,972 - INFO - github_runner_manager.manager.runner_manager - list vms response: [VM(instance_id=InstanceID('test-jfekyenk-0-n-122bed88c1f8'), metadata=RunnerMetadata(platform_name='github', runner_id='291231', url=None), state=<VMState.ERROR: '4'>, created_at=datetime.datetime(2025, 12, 19, 6, 25, 31, tzinfo=datetime.timezone.utc)), VM(instance_id=InstanceID('test-jfekyenk-0-n-0a9bd133a8d5'), metadata=RunnerMetadata(platform_name='github', runner_id='291232', url=None), state=<VMState.ACTIVE: '2'>, created_at=datetime.datetime(2025, 12, 19, 6, 25, 31, tzinfo=datetime.timezone.utc))]
2025-12-19 06:27:30,851 - INFO - github_runner_manager.manager.runner_manager - runner health response RunnersHealthResponse(requested_runners=[PlatformRunnerHealth(identity=VM(instance_id=InstanceID('test-jfekyenk-0-n-122bed88c1f8'), metadata=RunnerMetadata(platform_name='github', runner_id='291231', url=None), state=<VMState.ERROR: '4'>, created_at=datetime.datetime(2025, 12, 19, 6, 25, 31, tzinfo=datetime.timezone.utc)), online=False, busy=False, deletable=False, runner_in_platform=True), PlatformRunnerHealth(identity=VM(instance_id=InstanceID('test-jfekyenk-0-n-0a9bd133a8d5'), metadata=RunnerMetadata(platform_name='github', runner_id='291232', url=None), state=<VMState.ACTIVE: '2'>, created_at=datetime.datetime(2025, 12, 19, 6, 25, 31, tzinfo=datetime.timezone.utc)), online=True, busy=False, deletable=False, runner_in_platform=True)], failed_requested_runners=[], non_requested_runners=[])
2025-12-19 06:27:30,852 - INFO - werkzeug - 127.0.0.1 - - [19/Dec/2025 06:27:30] "GET /runner/check HTTP/1.1" 200 -
2025-12-19 06:27:32,755 - INFO - root - Starting GitHub runner manager service version: 0.10.1
2025-12-19 06:27:32,760 - INFO - github_runner_manager.http_server - Starting the server...
 * Serving Flask app 'github_runner_manager.http_server'
 * Debug mode: off
2025-12-19 06:27:32,761 - INFO - werkzeug - [31m[1mWARNING: This is a development server. Do not use it in a production deployment. Use a production WSGI server instead.[0m
 * Running on http://127.0.0.1:55555
2025-12-19 06:27:32,761 - INFO - werkzeug - [33mPress CTRL+C to quit[0m
2025-12-19 06:27:32,761 - INFO - github_runner_manager.reconcile_service - Starting the reconcile service...
2025-12-19 06:27:32,761 - INFO - github_runner_manager.reconcile_service - Start reconciliation
2025-12-19 06:27:32,761 - INFO - github_runner_manager.reconcile_service - Reconcile ID: 4498a815-bef9-4f14-ab57-bc85c23ab3fb
2025-12-19 06:27:32,779 - INFO - github_runner_manager.manager.runner_scaler - Start reconcile. base_quantity 0. max_quantity: 0.
2025-12-19 06:27:32,779 - INFO - github_runner_manager.manager.runner_manager - runner_manager::cleanup
2025-12-19 06:27:32,779 - INFO - github_runner_manager.openstack_cloud.openstack_cloud - Getting all openstack servers managed by the charm
2025-12-19 06:27:33,164 - WARNING - github_runner_manager.openstack_cloud.openstack_cloud - The maximum compute API version 2.96 is greater than the supported version 2.91. Using the maximum supported version.
2025-12-19 06:27:35,138 - INFO - github_runner_manager.manager.runner_manager - VMs: [VM(instance_id=InstanceID('test-jfekyenk-0-n-122bed88c1f8'), metadata=RunnerMetadata(platform_name='github', runner_id='291231', url=None), state=<VMState.ERROR: '4'>, created_at=datetime.datetime(2025, 12, 19, 6, 25, 31, tzinfo=datetime.timezone.utc)), VM(instance_id=InstanceID('test-jfekyenk-0-n-0a9bd133a8d5'), metadata=RunnerMetadata(platform_name='github', runner_id='291232', url=None), state=<VMState.ACTIVE: '2'>, created_at=datetime.datetime(2025, 12, 19, 6, 25, 31, tzinfo=datetime.timezone.utc))]
2025-12-19 06:27:36,195 - INFO - github_runner_manager.manager.runner_manager - Runner health: RunnersHealthResponse(requested_runners=[PlatformRunnerHealth(identity=VM(instance_id=InstanceID('test-jfekyenk-0-n-122bed88c1f8'), metadata=RunnerMetadata(platform_name='github', runner_id='291231', url=None), state=<VMState.ERROR: '4'>, created_at=datetime.datetime(2025, 12, 19, 6, 25, 31, tzinfo=datetime.timezone.utc)), online=False, busy=False, deletable=False, runner_in_platform=True), PlatformRunnerHealth(identity=VM(instance_id=InstanceID('test-jfekyenk-0-n-0a9bd133a8d5'), metadata=RunnerMetadata(platform_name='github', runner_id='291232', url=None), state=<VMState.ACTIVE: '2'>, created_at=datetime.datetime(2025, 12, 19, 6, 25, 31, tzinfo=datetime.timezone.utc)), online=True, busy=False, deletable=False, runner_in_platform=True)], failed_requested_runners=[], non_requested_runners=[])
2025-12-19 06:27:37,968 - INFO - github_runner_manager.openstack_cloud.openstack_cloud - Cleaning up SSH key files
2025-12-19 06:27:37,968 - INFO - github_runner_manager.openstack_cloud.openstack_cloud - Found 2 key files, clean up 0 key files
2025-12-19 06:27:37,968 - INFO - github_runner_manager.openstack_cloud.openstack_cloud - Cleaning up openstack keypairs
2025-12-19 06:27:38,003 - INFO - github_runner_manager.manager.runner_manager - Cleaning up platform runners: []
2025-12-19 06:27:38,004 - INFO - github_runner_manager.platform.github_provider - Delete runners from GitHub provider: []
2025-12-19 06:27:38,004 - INFO - github_runner_manager.manager.runner_manager - Cleaned up platform runners: []
2025-12-19 06:27:38,004 - INFO - github_runner_manager.manager.runner_manager - Extracting metrics from VMs: []
2025-12-19 06:27:38,004 - INFO - github_runner_manager.manager.runner_manager - Cleaning up VMs: []
2025-12-19 06:27:38,004 - INFO - github_runner_manager.manager.runner_manager - Cleaned up VMs: []
2025-12-19 06:27:38,004 - INFO - github_runner_manager.openstack_cloud.openstack_cloud - Getting all openstack servers managed by the charm
2025-12-19 06:27:39,668 - INFO - github_runner_manager.manager.runner_manager - list vms response: [VM(instance_id=InstanceID('test-jfekyenk-0-n-122bed88c1f8'), metadata=RunnerMetadata(platform_name='github', runner_id='291231', url=None), state=<VMState.ERROR: '4'>, created_at=datetime.datetime(2025, 12, 19, 6, 25, 31, tzinfo=datetime.timezone.utc)), VM(instance_id=InstanceID('test-jfekyenk-0-n-0a9bd133a8d5'), metadata=RunnerMetadata(platform_name='github', runner_id='291232', url=None), state=<VMState.ACTIVE: '2'>, created_at=datetime.datetime(2025, 12, 19, 6, 25, 31, tzinfo=datetime.timezone.utc))]
2025-12-19 06:27:40,566 - INFO - github_runner_manager.manager.runner_manager - runner health response RunnersHealthResponse(requested_runners=[PlatformRunnerHealth(identity=VM(instance_id=InstanceID('test-jfekyenk-0-n-122bed88c1f8'), metadata=RunnerMetadata(platform_name='github', runner_id='291231', url=None), state=<VMState.ERROR: '4'>, created_at=datetime.datetime(2025, 12, 19, 6, 25, 31, tzinfo=datetime.timezone.utc)), online=False, busy=False, deletable=False, runner_in_platform=True), PlatformRunnerHealth(identity=VM(instance_id=InstanceID('test-jfekyenk-0-n-0a9bd133a8d5'), metadata=RunnerMetadata(platform_name='github', runner_id='291232', url=None), state=<VMState.ACTIVE: '2'>, created_at=datetime.datetime(2025, 12, 19, 6, 25, 31, tzinfo=datetime.timezone.utc)), online=True, busy=False, deletable=False, runner_in_platform=True)], failed_requested_runners=[], non_requested_runners=[])
2025-12-19 06:27:40,566 - INFO - github_runner_manager.manager.runner_scaler - Reconcile runners from 2 to 0
2025-12-19 06:27:40,566 - INFO - github_runner_manager.manager.runner_manager - runner_manager::delete_runners Deleting 2 runners
2025-12-19 06:27:40,566 - INFO - github_runner_manager.openstack_cloud.openstack_cloud - Getting all openstack servers managed by the charm
2025-12-19 06:27:42,824 - INFO - github_runner_manager.manager.runner_manager - VMs: [VM(instance_id=InstanceID('test-jfekyenk-0-n-122bed88c1f8'), metadata=RunnerMetadata(platform_name='github', runner_id='291231', url=None), state=<VMState.ERROR: '4'>, created_at=datetime.datetime(2025, 12, 19, 6, 25, 31, tzinfo=datetime.timezone.utc)), VM(instance_id=InstanceID('test-jfekyenk-0-n-0a9bd133a8d5'), metadata=RunnerMetadata(platform_name='github', runner_id='291232', url=None), state=<VMState.ACTIVE: '2'>, created_at=datetime.datetime(2025, 12, 19, 6, 25, 31, tzinfo=datetime.timezone.utc))]
2025-12-19 06:27:43,617 - INFO - github_runner_manager.manager.runner_manager - Runner health: RunnersHealthResponse(requested_runners=[PlatformRunnerHealth(identity=VM(instance_id=InstanceID('test-jfekyenk-0-n-122bed88c1f8'), metadata=RunnerMetadata(platform_name='github', runner_id='291231', url=None), state=<VMState.ERROR: '4'>, created_at=datetime.datetime(2025, 12, 19, 6, 25, 31, tzinfo=datetime.timezone.utc)), online=False, busy=False, deletable=False, runner_in_platform=True), PlatformRunnerHealth(identity=VM(instance_id=InstanceID('test-jfekyenk-0-n-0a9bd133a8d5'), metadata=RunnerMetadata(platform_name='github', runner_id='291232', url=None), state=<VMState.ACTIVE: '2'>, created_at=datetime.datetime(2025, 12, 19, 6, 25, 31, tzinfo=datetime.timezone.utc)), online=True, busy=False, deletable=False, runner_in_platform=True)], failed_requested_runners=[], non_requested_runners=[])
2025-12-19 06:27:43,618 - INFO - github_runner_manager.manager.runner_manager - Runners to clean up: set()
2025-12-19 06:27:43,618 - INFO - github_runner_manager.manager.runner_manager - Runners to scale down: {'291232', '291231'}
2025-12-19 06:27:43,618 - INFO - github_runner_manager.manager.runner_manager - Deleting platform runners: ['291232', '291231']
2025-12-19 06:27:43,618 - INFO - github_runner_manager.platform.github_provider - Delete runners from GitHub provider: ['291232', '291231']
2025-12-19 06:27:44,037 - INFO - github_runner_manager.manager.runner_manager - Deleted runners: ['291231', '291232']
2025-12-19 06:27:44,037 - INFO - github_runner_manager.manager.runner_manager - Extracting metrics from VMs: [InstanceID('test-jfekyenk-0-n-122bed88c1f8'), InstanceID('test-jfekyenk-0-n-0a9bd133a8d5')]
2025-12-19 06:27:44,038 - INFO - github_runner_manager.openstack_cloud.openstack_cloud - Getting openstack server with test-jfekyenk-0-n-122bed88c1f8
2025-12-19 06:27:44,040 - INFO - github_runner_manager.openstack_cloud.openstack_cloud - Getting openstack server with test-jfekyenk-0-n-0a9bd133a8d5
2025-12-19 06:27:44,680 - WARNING - github_runner_manager.metrics.runner - Failed to create SSH connection for pulling metrics: test-jfekyenk-0-n-122bed88c1f8
2025-12-19 06:27:44,680 - WARNING - github_runner_manager.metrics.runner - No metrics pulled for test-jfekyenk-0-n-122bed88c1f8
2025-12-19 06:27:44,884 - INFO - paramiko.transport - Connected (version 2.0, client OpenSSH_9.6p1)
2025-12-19 06:27:44,939 - INFO - paramiko.transport - Authentication (publickey) successful!
2025-12-19 06:27:45,462 - INFO - paramiko.transport.sftp - [chan 2] Opened sftp connection (server version 3)
2025-12-19 06:27:45,478 - WARNING - github_runner_manager.metrics.runner - Unable to get file size of /home/ubuntu/metrics-exchange/pre-job-metrics.json on instance 10.151.122.214, exit code: 1, stdout: , stderr: stat: cannot statx '/home/ubuntu/metrics-exchange/pre-job-metrics.json': No such file or directory

2025-12-19 06:27:45,478 - WARNING - github_runner_manager.metrics.runner - Failed to pull file pre-job-metrics.json metrics for test-jfekyenk-0-n-0a9bd133a8d5: Unable to get file size of /home/ubuntu/metrics-exchange/pre-job-metrics.json.
2025-12-19 06:27:45,533 - WARNING - github_runner_manager.metrics.runner - Unable to get file size of /home/ubuntu/metrics-exchange/post-job-metrics.json on instance 10.151.122.214, exit code: 1, stdout: , stderr: stat: cannot statx '/home/ubuntu/metrics-exchange/post-job-metrics.json': No such file or directory

2025-12-19 06:27:45,533 - WARNING - github_runner_manager.metrics.runner - Failed to pull file post-job-metrics.json metrics for test-jfekyenk-0-n-0a9bd133a8d5: Unable to get file size of /home/ubuntu/metrics-exchange/post-job-metrics.json.
2025-12-19 06:27:45,534 - INFO - paramiko.transport.sftp - [chan 2] sftp session closed.
2025-12-19 06:27:45,534 - INFO - github_runner_manager.manager.runner_manager - Deleting VMs: [InstanceID('test-jfekyenk-0-n-122bed88c1f8'), InstanceID('test-jfekyenk-0-n-0a9bd133a8d5')]
2025-12-19 06:27:45,535 - INFO - github_runner_manager.openstack_cloud.openstack_cloud - Deleting server test-jfekyenk-0-n-122bed88c1f8
2025-12-19 06:27:45,537 - INFO - github_runner_manager.openstack_cloud.openstack_cloud - Deleting server test-jfekyenk-0-n-0a9bd133a8d5
2025-12-19 06:27:46,160 - INFO - github_runner_manager.openstack_cloud.openstack_cloud - Deleted server test-jfekyenk-0-n-0a9bd133a8d5 (true delete: True)
2025-12-19 06:27:46,160 - INFO - github_runner_manager.openstack_cloud.openstack_cloud - Deleting key: test-jfekyenk-0-n-0a9bd133a8d5
2025-12-19 06:27:46,192 - INFO - github_runner_manager.openstack_cloud.openstack_cloud - Deleted key: test-jfekyenk-0-n-0a9bd133a8d5
2025-12-19 06:27:46,327 - INFO - github_runner_manager.openstack_cloud.openstack_cloud - Deleted server test-jfekyenk-0-n-122bed88c1f8 (true delete: True)
2025-12-19 06:27:46,327 - INFO - github_runner_manager.openstack_cloud.openstack_cloud - Deleting key: test-jfekyenk-0-n-122bed88c1f8
2025-12-19 06:27:46,366 - INFO - github_runner_manager.openstack_cloud.openstack_cloud - Deleted key: test-jfekyenk-0-n-122bed88c1f8
2025-12-19 06:27:46,366 - INFO - github_runner_manager.manager.runner_manager - deleted VMs: [InstanceID('test-jfekyenk-0-n-0a9bd133a8d5'), InstanceID('test-jfekyenk-0-n-122bed88c1f8')]
2025-12-19 06:27:46,366 - INFO - github_runner_manager.openstack_cloud.openstack_cloud - Getting all openstack servers managed by the charm
2025-12-19 06:27:47,431 - INFO - werkzeug - 127.0.0.1 - - [19/Dec/2025 06:27:47] "[35m[1mGET /health HTTP/1.1[0m" 204 -
2025-12-19 06:27:48,073 - INFO - github_runner_manager.manager.runner_manager - list vms response: [VM(instance_id=InstanceID('test-jfekyenk-0-n-0a9bd133a8d5'), metadata=RunnerMetadata(platform_name='github', runner_id='291232', url=None), state=<VMState.ACTIVE: '2'>, created_at=datetime.datetime(2025, 12, 19, 6, 25, 31, tzinfo=datetime.timezone.utc))]
2025-12-19 06:27:48,997 - INFO - github_runner_manager.manager.runner_manager - runner health response RunnersHealthResponse(requested_runners=[PlatformRunnerHealth(identity=VM(instance_id=InstanceID('test-jfekyenk-0-n-0a9bd133a8d5'), metadata=RunnerMetadata(platform_name='github', runner_id='291232', url=None), state=<VMState.ACTIVE: '2'>, created_at=datetime.datetime(2025, 12, 19, 6, 25, 31, tzinfo=datetime.timezone.utc)), online=False, busy=False, deletable=True, runner_in_platform=False)], failed_requested_runners=[], non_requested_runners=[])
2025-12-19 06:27:48,997 - INFO - github_runner_manager.manager.runner_scaler - Runner test-jfekyenk-0-n-0a9bd133a8d5: state=PlatformRunnerState.OFFLINE, health=HealthState.UNHEALTHY
2025-12-19 06:27:48,997 - INFO - github_runner_manager.manager.runner_scaler - Found 0 busy runners: []
2025-12-19 06:27:48,997 - INFO - github_runner_manager.manager.runner_scaler - Found 0 idle runners: []
2025-12-19 06:27:48,997 - INFO - github_runner_manager.manager.runner_scaler - Found 0 offline runners that are healthy: []
2025-12-19 06:27:48,997 - INFO - github_runner_manager.manager.runner_scaler - Found 1 unhealthy runners: [RunnerInstance(name='test-jfekyenk-0-n-0a9bd133a8d5', instance_id=InstanceID('test-jfekyenk-0-n-0a9bd133a8d5'), metadata=RunnerMetadata(platform_name='github', runner_id='291232', url=None), platform_state=<PlatformRunnerState.OFFLINE: '3'>, platform_health=PlatformRunnerHealth(identity=VM(instance_id=InstanceID('test-jfekyenk-0-n-0a9bd133a8d5'), metadata=RunnerMetadata(platform_name='github', runner_id='291232', url=None), state=<VMState.ACTIVE: '2'>, created_at=datetime.datetime(2025, 12, 19, 6, 25, 31, tzinfo=datetime.timezone.utc)), online=False, busy=False, deletable=True, runner_in_platform=False), cloud_state=<VMState.ACTIVE: '2'>)]
2025-12-19 06:27:48,997 - INFO - github_runner_manager.manager.runner_scaler - Current available runners (idle + healthy offline): set()
2025-12-19 06:27:48,997 - INFO - github_runner_manager.manager.runner_scaler - Current active runners: set()
2025-12-19 06:27:48,998 - INFO - github_runner_manager.manager.runner_scaler - Finished reconciliation.
2025-12-19 06:27:48,998 - INFO - github_runner_manager.reconcile_service - Change in number of runner after reconcile: -2
2025-12-19 06:27:48,998 - INFO - github_runner_manager.reconcile_service - End reconciliation
2025-12-19 06:29:49,063 - INFO - github_runner_manager.reconcile_service - Start reconciliation
2025-12-19 06:29:49,063 - INFO - github_runner_manager.reconcile_service - Reconcile ID: ea983aa9-28ec-4c6c-9e40-05af57d1e298
2025-12-19 06:29:49,081 - INFO - github_runner_manager.manager.runner_scaler - Start reconcile. base_quantity 0. max_quantity: 0.
2025-12-19 06:29:49,081 - INFO - github_runner_manager.manager.runner_manager - runner_manager::cleanup
2025-12-19 06:29:49,081 - INFO - github_runner_manager.openstack_cloud.openstack_cloud - Getting all openstack servers managed by the charm
2025-12-19 06:29:49,441 - WARNING - github_runner_manager.openstack_cloud.openstack_cloud - The maximum compute API version 2.96 is greater than the supported version 2.91. Using the maximum supported version.
2025-12-19 06:29:52,204 - INFO - github_runner_manager.manager.runner_manager - VMs: []
2025-12-19 06:29:53,229 - INFO - github_runner_manager.manager.runner_manager - Runner health: RunnersHealthResponse(requested_runners=[], failed_requested_runners=[], non_requested_runners=[])
2025-12-19 06:29:55,514 - INFO - github_runner_manager.openstack_cloud.openstack_cloud - Cleaning up SSH key files
2025-12-19 06:29:55,514 - INFO - github_runner_manager.openstack_cloud.openstack_cloud - Found 0 key files, clean up 0 key files
2025-12-19 06:29:55,514 - INFO - github_runner_manager.openstack_cloud.openstack_cloud - Cleaning up openstack keypairs
2025-12-19 06:29:55,550 - INFO - github_runner_manager.manager.runner_manager - Cleaning up platform runners: []
2025-12-19 06:29:55,550 - INFO - github_runner_manager.platform.github_provider - Delete runners from GitHub provider: []
2025-12-19 06:29:55,550 - INFO - github_runner_manager.manager.runner_manager - Cleaned up platform runners: []
2025-12-19 06:29:55,550 - INFO - github_runner_manager.manager.runner_manager - Extracting metrics from VMs: []
2025-12-19 06:29:55,550 - INFO - github_runner_manager.manager.runner_manager - Cleaning up VMs: []
2025-12-19 06:29:55,550 - INFO - github_runner_manager.manager.runner_manager - Cleaned up VMs: []
2025-12-19 06:29:55,550 - INFO - github_runner_manager.openstack_cloud.openstack_cloud - Getting all openstack servers managed by the charm
2025-12-19 06:29:58,876 - INFO - github_runner_manager.manager.runner_manager - list vms response: []
2025-12-19 06:29:59,848 - INFO - github_runner_manager.manager.runner_manager - runner health response RunnersHealthResponse(requested_runners=[], failed_requested_runners=[], non_requested_runners=[])
2025-12-19 06:29:59,848 - INFO - github_runner_manager.manager.runner_scaler - Reconcile runners from 0 to 0
2025-12-19 06:29:59,848 - INFO - github_runner_manager.manager.runner_scaler - No changes to the number of runners.
2025-12-19 06:29:59,848 - INFO - github_runner_manager.openstack_cloud.openstack_cloud - Getting all openstack servers managed by the charm
2025-12-19 06:30:01,717 - INFO - github_runner_manager.manager.runner_manager - list vms response: []
2025-12-19 06:30:02,556 - INFO - github_runner_manager.manager.runner_manager - runner health response RunnersHealthResponse(requested_runners=[], failed_requested_runners=[], non_requested_runners=[])
2025-12-19 06:30:02,556 - INFO - github_runner_manager.manager.runner_scaler - Found 0 busy runners: []
2025-12-19 06:30:02,556 - INFO - github_runner_manager.manager.runner_scaler - Found 0 idle runners: []
2025-12-19 06:30:02,556 - INFO - github_runner_manager.manager.runner_scaler - Found 0 offline runners that are healthy: []
2025-12-19 06:30:02,556 - INFO - github_runner_manager.manager.runner_scaler - Found 0 unhealthy runners: []
2025-12-19 06:30:02,556 - INFO - github_runner_manager.manager.runner_scaler - Current available runners (idle + healthy offline): set()
2025-12-19 06:30:02,557 - INFO - github_runner_manager.manager.runner_scaler - Current active runners: set()
2025-12-19 06:30:02,557 - INFO - github_runner_manager.manager.runner_scaler - Finished reconciliation.
2025-12-19 06:30:02,557 - INFO - github_runner_manager.reconcile_service - Change in number of runner after reconcile: 0
2025-12-19 06:30:02,557 - INFO - github_runner_manager.reconcile_service - End reconciliation

06:30:12 INFO Reactive log: 
cat: '/var/log/reactive_runner/*.log': No such file or directory

06:30:13 INFO Metrics log: 
{"timestamp": 1766125360.0118449, "event": "reconciliation", "flavor": "test-jfekyenk", "crashed_runners": 0, "idle_runners": 0, "active_runners": 0, "expected_runners": 0, "duration": 12.025325059890747}
{"timestamp": 1766125400.763665, "event": "reconciliation", "flavor": "test-jfekyenk", "crashed_runners": 0, "idle_runners": 0, "active_runners": 0, "expected_runners": 2, "duration": 12.763512372970581}
{"timestamp": 1766125533.9067757, "event": "reconciliation", "flavor": "test-jfekyenk", "crashed_runners": 0, "idle_runners": 0, "active_runners": 0, "expected_runners": 2, "duration": 13.032977104187012}
{"timestamp": 1766125624.0, "event": "runner_installed", "flavor": "test-jfekyenk", "duration": 93.0}
{"timestamp": 1766125668.99783, "event": "reconciliation", "flavor": "test-jfekyenk", "crashed_runners": 0, "idle_runners": 0, "active_runners": 0, "expected_runners": 0, "duration": 16.217941522598267}
{"timestamp": 1766125802.55707, "event": "reconciliation", "flavor": "test-jfekyenk", "crashed_runners": 0, "idle_runners": 0, "active_runners": 0, "expected_runners": 0, "duration": 13.475813388824463}

06:30:13 INFO OpenStack servers: []
06:30:13 INFO Model status:

Model                   Controller           Cloud/Region         Version  SLA          Timestamp
test-charm-runner-4uio  github-pr-279b3-lxd  localhost/localhost  3.6.12   unsupported  06:30:13Z

App                                   Version  Status  Scale  Charm          Channel      Rev  Exposed  Message
github-runner-image-builder-jfekyenk           active      1  any-charm      latest/beta  124  no       
test-jfekyenk                                  active      1  github-runner                 0  no       

Unit                                     Workload  Agent  Machine  Public address  Ports  Message
github-runner-image-builder-jfekyenk/0*  active    idle   0        10.250.11.176          
test-jfekyenk/0*                         active    idle   1        10.250.11.218          

Machine  State    Address        Inst id        Base          AZ             Message
0        started  10.250.11.176  juju-8746f1-0  ubuntu@24.04  github-runner  Running
1        started  10.250.11.218  juju-8746f1-1  ubuntu@22.04  github-runner  Running

06:30:14 INFO Juju error logs:

machine-0: 06:20:01 ERROR juju.worker.dependency "lxd-container-provisioner" manifold worker returned unexpected error: container types not yet available
machine-0: 06:20:01 ERROR juju.worker.dependency "kvm-container-provisioner" manifold worker returned unexpected error: container types not yet available
machine-1: 06:21:12 ERROR juju.worker.dependency "lxd-container-provisioner" manifold worker returned unexpected error: container types not yet available
machine-1: 06:21:12 ERROR juju.worker.dependency "kvm-container-provisioner" manifold worker returned unexpected error: container types not yet available
unit-test-jfekyenk-0: 06:22:24 ERROR unit.test-jfekyenk/0.juju-log Missing image integration.
Traceback (most recent call last):
  File "/var/lib/juju/agents/unit-test-jfekyenk-0/charm/./src/charm.py", line 119, in func_with_catch_errors
    func(self, event)
  File "/var/lib/juju/agents/unit-test-jfekyenk-0/charm/./src/charm.py", line 354, in _on_config_changed
    self._check_image_ready()
  File "/var/lib/juju/agents/unit-test-jfekyenk-0/charm/./src/charm.py", line 524, in _check_image_ready
    raise ImageIntegrationMissingError("No image integration found")
errors.ImageIntegrationMissingError: No image integration found
unit-test-jfekyenk-0: 06:22:25 ERROR unit.test-jfekyenk/0.juju-log Missing image integration.
Traceback (most recent call last):
  File "/var/lib/juju/agents/unit-test-jfekyenk-0/charm/./src/charm.py", line 119, in func_with_catch_errors
    func(self, event)
  File "/var/lib/juju/agents/unit-test-jfekyenk-0/charm/./src/charm.py", line 317, in _on_start
    self._check_image_ready()
  File "/var/lib/juju/agents/unit-test-jfekyenk-0/charm/./src/charm.py", line 524, in _check_image_ready
    raise ImageIntegrationMissingError("No image integration found")
errors.ImageIntegrationMissingError: No image integration found

06:30:14 INFO Forgetting model main...