07:55:45 WARNING unexpected facade SSHServer received from the controller
07:55:45 INFO Adding model github-pr-77d1e-lxd:test-charm-upgrade-7alb on cloud localhost
07:55:45 WARNING unexpected facade SSHServer received from the controller
07:55:45 WARNING unexpected facade SSHSession received from the controller
07:55:45 WARNING unexpected facade SSHTunneler received from the controller
07:55:47 INFO Deploying ch:amd64/jammy/github-runner-image-builder-110
07:56:09 INFO Deploying local:jammy/github-runner-0
07:56:09 INFO Waiting for model:
  test-ngrkzvbv/0 [allocating] waiting: waiting for machine
  github-runner-image-builder-ngrkzvbv/0 [allocating] waiting: waiting for machine
07:56:39 INFO Waiting for model:
  test-ngrkzvbv/0 [allocating] waiting: waiting for machine
  github-runner-image-builder-ngrkzvbv/0 [allocating] waiting: waiting for machine
07:57:09 INFO Waiting for model:
  test-ngrkzvbv/0 [allocating] waiting: waiting for machine
  github-runner-image-builder-ngrkzvbv/0 [allocating] waiting: waiting for machine
07:57:39 INFO Waiting for model:
  test-ngrkzvbv/0 [allocating] waiting: agent initialising
  github-runner-image-builder-ngrkzvbv/0 [executing] maintenance: Setting up Builder.
07:58:09 INFO Waiting for model:
  test-ngrkzvbv/0 [executing] maintenance: installing charm software
  github-runner-image-builder-ngrkzvbv/0 [executing] maintenance: Setting up Builder.
07:58:39 INFO Waiting for model:
  test-ngrkzvbv/0 [executing] maintenance: installing charm software
  github-runner-image-builder-ngrkzvbv/0 [executing] maintenance: Setting up Builder.
07:59:09 INFO Waiting for model:
  test-ngrkzvbv/0 [executing] maintenance: installing charm software
  github-runner-image-builder-ngrkzvbv/0 [executing] maintenance: Setting up Builder.
07:59:39 INFO Waiting for model:
  test-ngrkzvbv/0 [idle] blocked: Please provide image integration.
  github-runner-image-builder-ngrkzvbv/0 [executing] maintenance: Setting up Builder.
08:00:09 INFO Waiting for model:
  test-ngrkzvbv/0 [idle] blocked: Please provide image integration.
  github-runner-image-builder-ngrkzvbv/0 [executing] maintenance: Setting up Builder.
08:00:40 INFO Waiting for model:
  test-ngrkzvbv/0 [idle] blocked: Please provide image integration.
  github-runner-image-builder-ngrkzvbv/0 [executing] maintenance: Setting up Builder.
08:01:10 INFO Waiting for model:
  test-ngrkzvbv/0 [idle] blocked: Please provide image integration.
  github-runner-image-builder-ngrkzvbv/0 [executing] maintenance: Setting up Builder.
08:01:40 INFO Waiting for model:
  test-ngrkzvbv/0 [idle] blocked: Please provide image integration.
  github-runner-image-builder-ngrkzvbv/0 [executing] maintenance: Setting up Builder.
08:02:10 INFO Waiting for model:
  test-ngrkzvbv/0 [idle] blocked: Please provide image integration.
  github-runner-image-builder-ngrkzvbv/0 [executing] maintenance: Setting up Builder.
08:02:40 INFO Waiting for model:
  test-ngrkzvbv/0 [idle] blocked: Please provide image integration.
  github-runner-image-builder-ngrkzvbv/0 [executing] maintenance: Setting up Builder.
08:03:10 INFO Waiting for model:
  test-ngrkzvbv/0 [idle] blocked: Please provide image integration.
  github-runner-image-builder-ngrkzvbv/0 [executing] maintenance: Setting up Builder.
08:03:40 INFO Waiting for model:
  test-ngrkzvbv/0 [idle] blocked: Please provide image integration.
  github-runner-image-builder-ngrkzvbv/0 [executing] maintenance: Setting up Builder.
08:04:10 INFO Waiting for model:
  test-ngrkzvbv/0 [idle] blocked: Please provide image integration.
  github-runner-image-builder-ngrkzvbv/0 [executing] maintenance: Setting up Builder.
08:04:40 INFO Waiting for model:
  test-ngrkzvbv/0 [idle] blocked: Please provide image integration.
  github-runner-image-builder-ngrkzvbv/0 [executing] maintenance: Setting up Builder.
08:05:10 INFO Waiting for model:
  test-ngrkzvbv/0 [idle] blocked: Please provide image integration.
  github-runner-image-builder-ngrkzvbv/0 [executing] maintenance: Setting up Builder.
08:05:40 INFO Waiting for model:
  test-ngrkzvbv/0 [idle] blocked: Please provide image integration.
  github-runner-image-builder-ngrkzvbv/0 [executing] maintenance: Setting up Builder.
08:06:10 INFO Waiting for model:
  test-ngrkzvbv/0 [idle] blocked: Please provide image integration.
  github-runner-image-builder-ngrkzvbv/0 [executing] maintenance: Setting up Builder.
08:06:40 INFO Waiting for model:
  test-ngrkzvbv/0 [idle] blocked: Please provide image integration.
  github-runner-image-builder-ngrkzvbv/0 [executing] maintenance: Setting up Builder.
08:07:10 INFO Waiting for model:
  test-ngrkzvbv/0 [idle] blocked: Please provide image integration.
  github-runner-image-builder-ngrkzvbv/0 [executing] maintenance: Setting up Builder.
08:07:40 INFO Waiting for model:
  test-ngrkzvbv/0 [idle] blocked: Please provide image integration.
  github-runner-image-builder-ngrkzvbv/0 [executing] maintenance: Setting up Builder.
08:08:10 INFO Waiting for model:
  test-ngrkzvbv/0 [idle] blocked: Please provide image integration.
  github-runner-image-builder-ngrkzvbv/0 [executing] maintenance: Setting up Builder.
08:08:40 INFO Waiting for model:
  test-ngrkzvbv/0 [idle] blocked: Please provide image integration.
  github-runner-image-builder-ngrkzvbv/0 [executing] maintenance: Setting up Builder.
08:09:10 INFO Waiting for model:
  test-ngrkzvbv/0 [idle] blocked: Please provide image integration.
  github-runner-image-builder-ngrkzvbv/0 [executing] maintenance: Setting up Builder.
08:09:40 INFO Waiting for model:
  test-ngrkzvbv/0 [idle] blocked: Please provide image integration.
  github-runner-image-builder-ngrkzvbv/0 [executing] maintenance: Setting up Builder.
08:10:10 INFO Waiting for model:
  test-ngrkzvbv/0 [idle] blocked: Please provide image integration.
  github-runner-image-builder-ngrkzvbv/0 [executing] maintenance: Setting up Builder.
08:10:40 INFO Waiting for model:
  test-ngrkzvbv/0 [idle] blocked: Please provide image integration.
  github-runner-image-builder-ngrkzvbv/0 [executing] maintenance: Setting up Builder.
08:11:11 INFO Waiting for model:
  test-ngrkzvbv/0 [idle] blocked: Please provide image integration.
  github-runner-image-builder-ngrkzvbv/0 [executing] maintenance: Setting up Builder.
08:11:41 INFO Waiting for model:
  test-ngrkzvbv/0 [idle] blocked: Please provide image integration.
  github-runner-image-builder-ngrkzvbv/0 [executing] maintenance: Setting up Builder.
08:12:11 INFO Waiting for model:
  test-ngrkzvbv/0 [idle] blocked: Please provide image integration.
  github-runner-image-builder-ngrkzvbv/0 [executing] maintenance: Setting up Builder.
08:12:41 INFO Waiting for model:
  test-ngrkzvbv/0 [idle] blocked: Please provide image integration.
  github-runner-image-builder-ngrkzvbv/0 [executing] maintenance: Setting up Builder.
08:13:11 INFO Waiting for model:
  test-ngrkzvbv/0 [idle] blocked: Please provide image integration.
  github-runner-image-builder-ngrkzvbv/0 [executing] maintenance: Setting up Builder.
08:13:41 INFO Waiting for model:
  test-ngrkzvbv/0 [idle] blocked: Please provide image integration.
  github-runner-image-builder-ngrkzvbv/0 [executing] maintenance: Setting up Builder.
08:14:11 INFO Waiting for model:
  test-ngrkzvbv/0 [idle] blocked: Please provide image integration.
  github-runner-image-builder-ngrkzvbv/0 [idle] error: hook failed: "install"
08:14:41 INFO Waiting for model:
  test-ngrkzvbv/0 [idle] blocked: Please provide image integration.
  github-runner-image-builder-ngrkzvbv/0 [idle] error: hook failed: "install"
08:15:11 INFO Waiting for model:
  test-ngrkzvbv/0 [idle] blocked: Please provide image integration.
  github-runner-image-builder-ngrkzvbv/0 [idle] error: hook failed: "install"
08:15:41 INFO Waiting for model:
  test-ngrkzvbv/0 [idle] blocked: Please provide image integration.
  github-runner-image-builder-ngrkzvbv/0 [idle] error: hook failed: "install"
08:16:11 INFO Waiting for model:
  test-ngrkzvbv/0 [idle] blocked: Please provide image integration.
  github-runner-image-builder-ngrkzvbv/0 [idle] error: hook failed: "install"
08:16:41 INFO Waiting for model:
  test-ngrkzvbv/0 [idle] blocked: Please provide image integration.
  github-runner-image-builder-ngrkzvbv/0 [idle] error: hook failed: "install"
08:17:11 INFO Waiting for model:
  test-ngrkzvbv/0 [idle] blocked: Please provide image integration.
  github-runner-image-builder-ngrkzvbv/0 [idle] error: hook failed: "install"
08:17:41 INFO Waiting for model:
  test-ngrkzvbv/0 [idle] blocked: Please provide image integration.
  github-runner-image-builder-ngrkzvbv/0 [idle] error: hook failed: "install"
08:18:11 INFO Waiting for model:
  test-ngrkzvbv/0 [idle] blocked: Please provide image integration.
  github-runner-image-builder-ngrkzvbv/0 [idle] error: hook failed: "install"
08:18:41 INFO Waiting for model:
  test-ngrkzvbv/0 [idle] blocked: Please provide image integration.
  github-runner-image-builder-ngrkzvbv/0 [idle] error: hook failed: "install"
08:19:11 INFO Waiting for model:
  test-ngrkzvbv/0 [idle] blocked: Please provide image integration.
  github-runner-image-builder-ngrkzvbv/0 [idle] error: hook failed: "install"
08:19:41 INFO Waiting for model:
  test-ngrkzvbv/0 [idle] blocked: Please provide image integration.
  github-runner-image-builder-ngrkzvbv/0 [idle] error: hook failed: "install"
08:20:11 INFO Waiting for model:
  test-ngrkzvbv/0 [idle] blocked: Please provide image integration.
  github-runner-image-builder-ngrkzvbv/0 [idle] error: hook failed: "install"
08:20:42 INFO Waiting for model:
  test-ngrkzvbv/0 [idle] blocked: Please provide image integration.
  github-runner-image-builder-ngrkzvbv/0 [idle] error: hook failed: "install"
08:21:12 INFO OpenStack servers: []
08:21:12 INFO Model status:

Model                    Controller           Cloud/Region         Version  SLA          Timestamp
test-charm-upgrade-7alb  github-pr-77d1e-lxd  localhost/localhost  3.6.9    unsupported  08:21:12Z

App                                   Version  Status   Scale  Charm                        Channel      Rev  Exposed  Message
github-runner-image-builder-ngrkzvbv           error        1  github-runner-image-builder  latest/edge  110  no       hook failed: "install"
test-ngrkzvbv                                  blocked      1  github-runner                               0  no       Please provide image integration.

Unit                                     Workload  Agent  Machine  Public address  Ports  Message
github-runner-image-builder-ngrkzvbv/0*  error     idle   0        10.173.43.104          hook failed: "install"
test-ngrkzvbv/0*                         blocked   idle   1        10.173.43.90           Please provide image integration.

Machine  State    Address        Inst id        Base          AZ             Message
0        started  10.173.43.104  juju-5ec569-0  ubuntu@22.04  github-runner  Running
1        started  10.173.43.90   juju-5ec569-1  ubuntu@22.04  github-runner  Running

08:21:13 INFO Juju error logs:

machine-0: 07:57:22 ERROR juju.worker.dependency "lxd-container-provisioner" manifold worker returned unexpected error: container types not yet available
machine-0: 07:57:22 ERROR juju.worker.dependency "kvm-container-provisioner" manifold worker returned unexpected error: container types not yet available
unit-github-runner-image-builder-ngrkzvbv-0: 07:57:22 ERROR juju.worker.meterstatus error running "meter-status-changed": charm missing from disk
machine-1: 07:57:27 ERROR juju.worker.dependency "lxd-container-provisioner" manifold worker returned unexpected error: container types not yet available
machine-1: 07:57:27 ERROR juju.worker.dependency "kvm-container-provisioner" manifold worker returned unexpected error: container types not yet available
unit-test-ngrkzvbv-0: 07:57:27 ERROR juju.worker.meterstatus error running "meter-status-changed": charm missing from disk
unit-github-runner-image-builder-ngrkzvbv-0: 07:58:41 ERROR unit.github-runner-image-builder-ngrkzvbv/0.juju-log Pipx command failed, code: 1, out: None, err: None
unit-test-ngrkzvbv-0: 07:59:19 ERROR unit.test-ngrkzvbv/0.juju-log Missing image integration.
Traceback (most recent call last):
  File "/var/lib/juju/agents/unit-test-ngrkzvbv-0/charm/./src/charm.py", line 118, in func_with_catch_errors
    func(self, event)
  File "/var/lib/juju/agents/unit-test-ngrkzvbv-0/charm/./src/charm.py", line 342, in _on_config_changed
    self._check_image_ready()
  File "/var/lib/juju/agents/unit-test-ngrkzvbv-0/charm/./src/charm.py", line 512, in _check_image_ready
    raise ImageIntegrationMissingError("No image integration found")
errors.ImageIntegrationMissingError: No image integration found
unit-test-ngrkzvbv-0: 07:59:21 ERROR unit.test-ngrkzvbv/0.juju-log Missing image integration.
Traceback (most recent call last):
  File "/var/lib/juju/agents/unit-test-ngrkzvbv-0/charm/./src/charm.py", line 118, in func_with_catch_errors
    func(self, event)
  File "/var/lib/juju/agents/unit-test-ngrkzvbv-0/charm/./src/charm.py", line 313, in _on_start
    self._check_image_ready()
  File "/var/lib/juju/agents/unit-test-ngrkzvbv-0/charm/./src/charm.py", line 512, in _check_image_ready
    raise ImageIntegrationMissingError("No image integration found")
errors.ImageIntegrationMissingError: No image integration found
unit-github-runner-image-builder-ngrkzvbv-0: 08:14:00 ERROR unit.github-runner-image-builder-ngrkzvbv/0.juju-log Uncaught exception while in charm code:
Traceback (most recent call last):
  File "/var/lib/juju/agents/unit-github-runner-image-builder-ngrkzvbv-0/charm/src/builder.py", line 156, in _initialize_image_builder
    subprocess.run(
  File "/usr/lib/python3.10/subprocess.py", line 505, in run
    stdout, stderr = process.communicate(input, timeout=timeout)
  File "/usr/lib/python3.10/subprocess.py", line 1154, in communicate
    stdout, stderr = self._communicate(input, endtime, timeout)
  File "/usr/lib/python3.10/subprocess.py", line 2047, in _communicate
    self.wait(timeout=self._remaining_time(endtime))
  File "/usr/lib/python3.10/subprocess.py", line 1209, in wait
    return self._wait(timeout=timeout)
  File "/usr/lib/python3.10/subprocess.py", line 1951, in _wait
    raise TimeoutExpired(self.args, timeout)
subprocess.TimeoutExpired: Command '['/usr/bin/sudo', '/home/ubuntu/.local/bin/github-runner-image-builder', '--os-cloud', 'builder', 'init', '--arch', 'x64', '--prefix', 'github-runner-image-builder-ngrkzvbv']' timed out after 899.999952052 seconds

The above exception was the direct cause of the following exception:

Traceback (most recent call last):
  File "/var/lib/juju/agents/unit-github-runner-image-builder-ngrkzvbv-0/charm/src/builder.py", line 92, in initialize
    _initialize_image_builder(  # pragma: no cover
  File "/var/lib/juju/agents/unit-github-runner-image-builder-ngrkzvbv-0/charm/src/builder.py", line 173, in _initialize_image_builder
    raise ImageBuilderInitializeError from exc
exceptions.ImageBuilderInitializeError

The above exception was the direct cause of the following exception:

Traceback (most recent call last):
  File "/var/lib/juju/agents/unit-github-runner-image-builder-ngrkzvbv-0/charm/./src/charm.py", line 339, in <module>
    ops.main.main(GithubRunnerImageBuilderCharm)
  File "/var/lib/juju/agents/unit-github-runner-image-builder-ngrkzvbv-0/charm/venv/ops/__init__.py", line 359, in main
    return _legacy_main.main(
  File "/var/lib/juju/agents/unit-github-runner-image-builder-ngrkzvbv-0/charm/venv/ops/main.py", line 39, in main
    return _main.main(charm_class=charm_class, use_juju_for_storage=use_juju_for_storage)
  File "/var/lib/juju/agents/unit-github-runner-image-builder-ngrkzvbv-0/charm/venv/ops/_main.py", line 504, in main
    manager.run()
  File "/var/lib/juju/agents/unit-github-runner-image-builder-ngrkzvbv-0/charm/venv/ops/_main.py", line 488, in run
    self._emit()
  File "/var/lib/juju/agents/unit-github-runner-image-builder-ngrkzvbv-0/charm/venv/ops/_main.py", line 423, in _emit
    self._emit_charm_event(self.dispatcher.event_name)
  File "/var/lib/juju/agents/unit-github-runner-image-builder-ngrkzvbv-0/charm/venv/ops/_main.py", line 467, in _emit_charm_event
    event_to_emit.emit(*args, **kwargs)
  File "/var/lib/juju/agents/unit-github-runner-image-builder-ngrkzvbv-0/charm/venv/ops/framework.py", line 351, in emit
    framework._emit(event)
  File "/var/lib/juju/agents/unit-github-runner-image-builder-ngrkzvbv-0/charm/venv/ops/framework.py", line 924, in _emit
    self._reemit(event_path)
  File "/var/lib/juju/agents/unit-github-runner-image-builder-ngrkzvbv-0/charm/venv/ops/framework.py", line 1036, in _reemit
    custom_handler(event)
  File "/var/lib/juju/agents/unit-github-runner-image-builder-ngrkzvbv-0/charm/src/charm_utils.py", line 68, in wrapper
    return method(instance, event)
  File "/var/lib/juju/agents/unit-github-runner-image-builder-ngrkzvbv-0/charm/./src/charm.py", line 85, in _on_install
    self._setup_builder()
  File "/var/lib/juju/agents/unit-github-runner-image-builder-ngrkzvbv-0/charm/./src/charm.py", line 183, in _setup_builder
    builder.initialize(
  File "/var/lib/juju/agents/unit-github-runner-image-builder-ngrkzvbv-0/charm/src/builder.py", line 101, in initialize
    raise BuilderInitError from exc
exceptions.BuilderInitError
unit-github-runner-image-builder-ngrkzvbv-0: 08:14:00 ERROR juju.worker.uniter.operation hook "install" (via hook dispatching script: dispatch) failed: exit status 1

08:21:13 INFO Forgetting model main...