{"uid":"79a8bff1be8ab99","name":"test_reactive_mode_spawns_runner","fullName":"tests.integration.test_reactive#test_reactive_mode_spawns_runner","historyId":"10338128cf3b6c7e7e0ebb211783c25a","time":{"start":1754418371871,"stop":1754418371871,"duration":0},"description":"\n    arrange: Place a message in the queue and dispatch a workflow.\n    act: Call reconcile.\n    assert: A runner is spawned to process the job and the message is removed from the queue.\n        The metrics are logged.\n    ","descriptionHtml":"<pre><code>arrange: Place a message in the queue and dispatch a workflow.\nact: Call reconcile.\nassert: A runner is spawned to process the job and the message is removed from the queue.\n    The metrics are logged.\n</code></pre>\n","status":"broken","statusMessage":"AttributeError: 'RateLimitOverview' object has no attribute 'core'","statusTrace":"Traceback (most recent call last):\n  File \"/home/ubuntu/actions-runner/_work/github-runner-operator/github-runner-operator/.tox/integration-juju3.6/lib/python3.10/site-packages/_pytest/runner.py\", line 344, in from_call\n    result: TResult | None = func()\n  File \"/home/ubuntu/actions-runner/_work/github-runner-operator/github-runner-operator/.tox/integration-juju3.6/lib/python3.10/site-packages/_pytest/runner.py\", line 246, in <lambda>\n    lambda: runtest_hook(item=item, **kwds), when=when, reraise=reraise\n  File \"/home/ubuntu/actions-runner/_work/github-runner-operator/github-runner-operator/.tox/integration-juju3.6/lib/python3.10/site-packages/pluggy/_hooks.py\", line 512, in __call__\n    return self._hookexec(self.name, self._hookimpls.copy(), kwargs, firstresult)\n  File \"/home/ubuntu/actions-runner/_work/github-runner-operator/github-runner-operator/.tox/integration-juju3.6/lib/python3.10/site-packages/pluggy/_manager.py\", line 120, in _hookexec\n    return self._inner_hookexec(hook_name, methods, kwargs, firstresult)\n  File \"/home/ubuntu/actions-runner/_work/github-runner-operator/github-runner-operator/.tox/integration-juju3.6/lib/python3.10/site-packages/pluggy/_callers.py\", line 167, in _multicall\n    raise exception\n  File \"/home/ubuntu/actions-runner/_work/github-runner-operator/github-runner-operator/.tox/integration-juju3.6/lib/python3.10/site-packages/pluggy/_callers.py\", line 139, in _multicall\n    teardown.throw(exception)\n  File \"/home/ubuntu/actions-runner/_work/github-runner-operator/github-runner-operator/.tox/integration-juju3.6/lib/python3.10/site-packages/_pytest/logging.py\", line 843, in pytest_runtest_setup\n    yield\n  File \"/home/ubuntu/actions-runner/_work/github-runner-operator/github-runner-operator/.tox/integration-juju3.6/lib/python3.10/site-packages/pluggy/_callers.py\", line 139, in _multicall\n    teardown.throw(exception)\n  File \"/home/ubuntu/actions-runner/_work/github-runner-operator/github-runner-operator/.tox/integration-juju3.6/lib/python3.10/site-packages/pluggy/_callers.py\", line 53, in run_old_style_hookwrapper\n    return result.get_result()\n  File \"/home/ubuntu/actions-runner/_work/github-runner-operator/github-runner-operator/.tox/integration-juju3.6/lib/python3.10/site-packages/pluggy/_result.py\", line 103, in get_result\n    raise exc.with_traceback(tb)\n  File \"/home/ubuntu/actions-runner/_work/github-runner-operator/github-runner-operator/.tox/integration-juju3.6/lib/python3.10/site-packages/pluggy/_callers.py\", line 38, in run_old_style_hookwrapper\n    res = yield\n  File \"/home/ubuntu/actions-runner/_work/github-runner-operator/github-runner-operator/.tox/integration-juju3.6/lib/python3.10/site-packages/pluggy/_callers.py\", line 139, in _multicall\n    teardown.throw(exception)\n  File \"/home/ubuntu/actions-runner/_work/github-runner-operator/github-runner-operator/.tox/integration-juju3.6/lib/python3.10/site-packages/_pytest/capture.py\", line 895, in pytest_runtest_setup\n    return (yield)\n  File \"/home/ubuntu/actions-runner/_work/github-runner-operator/github-runner-operator/.tox/integration-juju3.6/lib/python3.10/site-packages/pluggy/_callers.py\", line 121, in _multicall\n    res = hook_impl.function(*args)\n  File \"/home/ubuntu/actions-runner/_work/github-runner-operator/github-runner-operator/.tox/integration-juju3.6/lib/python3.10/site-packages/_pytest/runner.py\", line 164, in pytest_runtest_setup\n    item.session._setupstate.setup(item)\n  File \"/home/ubuntu/actions-runner/_work/github-runner-operator/github-runner-operator/.tox/integration-juju3.6/lib/python3.10/site-packages/_pytest/runner.py\", line 514, in setup\n    col.setup()\n  File \"/home/ubuntu/actions-runner/_work/github-runner-operator/github-runner-operator/.tox/integration-juju3.6/lib/python3.10/site-packages/_pytest/python.py\", line 1674, in setup\n    self._request._fillfixtures()\n  File \"/home/ubuntu/actions-runner/_work/github-runner-operator/github-runner-operator/.tox/integration-juju3.6/lib/python3.10/site-packages/_pytest/fixtures.py\", line 719, in _fillfixtures\n    item.funcargs[argname] = self.getfixturevalue(argname)\n  File \"/home/ubuntu/actions-runner/_work/github-runner-operator/github-runner-operator/.tox/integration-juju3.6/lib/python3.10/site-packages/_pytest/fixtures.py\", line 548, in getfixturevalue\n    fixturedef = self._get_active_fixturedef(argname)\n  File \"/home/ubuntu/actions-runner/_work/github-runner-operator/github-runner-operator/.tox/integration-juju3.6/lib/python3.10/site-packages/_pytest/fixtures.py\", line 639, in _get_active_fixturedef\n    fixturedef.execute(request=subrequest)\n  File \"/home/ubuntu/actions-runner/_work/github-runner-operator/github-runner-operator/.tox/integration-juju3.6/lib/python3.10/site-packages/_pytest/fixtures.py\", line 1083, in execute\n    fixturedef = request._get_active_fixturedef(argname)\n  File \"/home/ubuntu/actions-runner/_work/github-runner-operator/github-runner-operator/.tox/integration-juju3.6/lib/python3.10/site-packages/_pytest/fixtures.py\", line 639, in _get_active_fixturedef\n    fixturedef.execute(request=subrequest)\n  File \"/home/ubuntu/actions-runner/_work/github-runner-operator/github-runner-operator/.tox/integration-juju3.6/lib/python3.10/site-packages/_pytest/fixtures.py\", line 1127, in execute\n    result = ihook.pytest_fixture_setup(fixturedef=self, request=request)\n  File \"/home/ubuntu/actions-runner/_work/github-runner-operator/github-runner-operator/.tox/integration-juju3.6/lib/python3.10/site-packages/pluggy/_hooks.py\", line 512, in __call__\n    return self._hookexec(self.name, self._hookimpls.copy(), kwargs, firstresult)\n  File \"/home/ubuntu/actions-runner/_work/github-runner-operator/github-runner-operator/.tox/integration-juju3.6/lib/python3.10/site-packages/pluggy/_manager.py\", line 120, in _hookexec\n    return self._inner_hookexec(hook_name, methods, kwargs, firstresult)\n  File \"/home/ubuntu/actions-runner/_work/github-runner-operator/github-runner-operator/.tox/integration-juju3.6/lib/python3.10/site-packages/pluggy/_callers.py\", line 167, in _multicall\n    raise exception\n  File \"/home/ubuntu/actions-runner/_work/github-runner-operator/github-runner-operator/.tox/integration-juju3.6/lib/python3.10/site-packages/pluggy/_callers.py\", line 139, in _multicall\n    teardown.throw(exception)\n  File \"/home/ubuntu/actions-runner/_work/github-runner-operator/github-runner-operator/.tox/integration-juju3.6/lib/python3.10/site-packages/pluggy/_callers.py\", line 53, in run_old_style_hookwrapper\n    return result.get_result()\n  File \"/home/ubuntu/actions-runner/_work/github-runner-operator/github-runner-operator/.tox/integration-juju3.6/lib/python3.10/site-packages/pluggy/_result.py\", line 103, in get_result\n    raise exc.with_traceback(tb)\n  File \"/home/ubuntu/actions-runner/_work/github-runner-operator/github-runner-operator/.tox/integration-juju3.6/lib/python3.10/site-packages/pluggy/_callers.py\", line 38, in run_old_style_hookwrapper\n    res = yield\n  File \"/home/ubuntu/actions-runner/_work/github-runner-operator/github-runner-operator/.tox/integration-juju3.6/lib/python3.10/site-packages/pluggy/_callers.py\", line 139, in _multicall\n    teardown.throw(exception)\n  File \"/home/ubuntu/actions-runner/_work/github-runner-operator/github-runner-operator/.tox/integration-juju3.6/lib/python3.10/site-packages/pluggy/_callers.py\", line 53, in run_old_style_hookwrapper\n    return result.get_result()\n  File \"/home/ubuntu/actions-runner/_work/github-runner-operator/github-runner-operator/.tox/integration-juju3.6/lib/python3.10/site-packages/pluggy/_result.py\", line 103, in get_result\n    raise exc.with_traceback(tb)\n  File \"/home/ubuntu/actions-runner/_work/github-runner-operator/github-runner-operator/.tox/integration-juju3.6/lib/python3.10/site-packages/pluggy/_callers.py\", line 38, in run_old_style_hookwrapper\n    res = yield\n  File \"/home/ubuntu/actions-runner/_work/github-runner-operator/github-runner-operator/.tox/integration-juju3.6/lib/python3.10/site-packages/pluggy/_callers.py\", line 139, in _multicall\n    teardown.throw(exception)\n  File \"/home/ubuntu/actions-runner/_work/github-runner-operator/github-runner-operator/.tox/integration-juju3.6/lib/python3.10/site-packages/_pytest/setuponly.py\", line 36, in pytest_fixture_setup\n    return (yield)\n  File \"/home/ubuntu/actions-runner/_work/github-runner-operator/github-runner-operator/.tox/integration-juju3.6/lib/python3.10/site-packages/pluggy/_callers.py\", line 121, in _multicall\n    res = hook_impl.function(*args)\n  File \"/home/ubuntu/actions-runner/_work/github-runner-operator/github-runner-operator/.tox/integration-juju3.6/lib/python3.10/site-packages/_pytest/fixtures.py\", line 1195, in pytest_fixture_setup\n    result = call_fixture_func(fixturefunc, request, kwargs)\n  File \"/home/ubuntu/actions-runner/_work/github-runner-operator/github-runner-operator/.tox/integration-juju3.6/lib/python3.10/site-packages/_pytest/fixtures.py\", line 929, in call_fixture_func\n    fixture_result = fixturefunc(**kwargs)\n  File \"/home/ubuntu/actions-runner/_work/github-runner-operator/github-runner-operator/tests/integration/conftest.py\", line 614, in github_client\n    logging.info(\"GitHub token rate limit: %s\", rate_limit.core)\nAttributeError: 'RateLimitOverview' object has no attribute 'core'","flaky":false,"newFailed":false,"newBroken":false,"newPassed":false,"retriesCount":1,"retriesStatusChange":true,"beforeStages":[{"name":"event_loop","time":{"start":1754418371872,"stop":1754418371872,"duration":0},"status":"passed","steps":[],"attachments":[],"parameters":[],"shouldDisplayMessage":false,"stepsCount":0,"attachmentsCount":0,"hasContent":false,"attachmentStep":false},{"name":"ops_test","time":{"start":1754418371872,"stop":1754418372475,"duration":603},"status":"passed","steps":[],"attachments":[],"parameters":[],"shouldDisplayMessage":false,"stepsCount":0,"attachmentsCount":0,"hasContent":false,"attachmentStep":false},{"name":"pytestconfig","time":{"start":1754418371872,"stop":1754418371872,"duration":0},"status":"passed","steps":[],"attachments":[],"parameters":[],"shouldDisplayMessage":false,"stepsCount":0,"attachmentsCount":0,"hasContent":false,"attachmentStep":false},{"name":"tmp_path_factory","time":{"start":1754418371872,"stop":1754418371872,"duration":0},"status":"passed","steps":[],"attachments":[],"parameters":[],"shouldDisplayMessage":false,"stepsCount":0,"attachmentsCount":0,"hasContent":false,"attachmentStep":false},{"name":"github_client","time":{"start":1754418372476,"stop":1754418373783,"duration":1307},"status":"broken","statusMessage":"AttributeError: 'RateLimitOverview' object has no attribute 'core'\n","statusTrace":"  File \"/home/ubuntu/actions-runner/_work/github-runner-operator/github-runner-operator/.tox/integration-juju3.6/lib/python3.10/site-packages/pluggy/_callers.py\", line 38, in run_old_style_hookwrapper\n    res = yield\n  File \"/home/ubuntu/actions-runner/_work/github-runner-operator/github-runner-operator/.tox/integration-juju3.6/lib/python3.10/site-packages/pluggy/_callers.py\", line 139, in _multicall\n    teardown.throw(exception)\n  File \"/home/ubuntu/actions-runner/_work/github-runner-operator/github-runner-operator/.tox/integration-juju3.6/lib/python3.10/site-packages/pluggy/_callers.py\", line 53, in run_old_style_hookwrapper\n    return result.get_result()\n  File \"/home/ubuntu/actions-runner/_work/github-runner-operator/github-runner-operator/.tox/integration-juju3.6/lib/python3.10/site-packages/pluggy/_result.py\", line 103, in get_result\n    raise exc.with_traceback(tb)\n  File \"/home/ubuntu/actions-runner/_work/github-runner-operator/github-runner-operator/.tox/integration-juju3.6/lib/python3.10/site-packages/pluggy/_callers.py\", line 38, in run_old_style_hookwrapper\n    res = yield\n  File \"/home/ubuntu/actions-runner/_work/github-runner-operator/github-runner-operator/.tox/integration-juju3.6/lib/python3.10/site-packages/pluggy/_callers.py\", line 139, in _multicall\n    teardown.throw(exception)\n  File \"/home/ubuntu/actions-runner/_work/github-runner-operator/github-runner-operator/.tox/integration-juju3.6/lib/python3.10/site-packages/_pytest/setuponly.py\", line 36, in pytest_fixture_setup\n    return (yield)\n  File \"/home/ubuntu/actions-runner/_work/github-runner-operator/github-runner-operator/.tox/integration-juju3.6/lib/python3.10/site-packages/pluggy/_callers.py\", line 121, in _multicall\n    res = hook_impl.function(*args)\n  File \"/home/ubuntu/actions-runner/_work/github-runner-operator/github-runner-operator/.tox/integration-juju3.6/lib/python3.10/site-packages/_pytest/fixtures.py\", line 1195, in pytest_fixture_setup\n    result = call_fixture_func(fixturefunc, request, kwargs)\n  File \"/home/ubuntu/actions-runner/_work/github-runner-operator/github-runner-operator/.tox/integration-juju3.6/lib/python3.10/site-packages/_pytest/fixtures.py\", line 929, in call_fixture_func\n    fixture_result = fixturefunc(**kwargs)\n  File \"/home/ubuntu/actions-runner/_work/github-runner-operator/github-runner-operator/tests/integration/conftest.py\", line 614, in github_client\n    logging.info(\"GitHub token rate limit: %s\", rate_limit.core)\n","steps":[],"attachments":[],"parameters":[],"shouldDisplayMessage":true,"stepsCount":0,"attachmentsCount":0,"hasContent":true,"attachmentStep":false},{"name":"token","time":{"start":1754418372476,"stop":1754418372476,"duration":0},"status":"passed","steps":[],"attachments":[],"parameters":[],"shouldDisplayMessage":false,"stepsCount":0,"attachmentsCount":0,"hasContent":false,"attachmentStep":false},{"name":"http_proxy","time":{"start":1754418373792,"stop":1754418373792,"duration":0},"status":"passed","steps":[],"attachments":[],"parameters":[],"shouldDisplayMessage":false,"stepsCount":0,"attachmentsCount":0,"hasContent":false,"attachmentStep":false},{"name":"https_proxy","time":{"start":1754418373792,"stop":1754418373793,"duration":1},"status":"passed","steps":[],"attachments":[],"parameters":[],"shouldDisplayMessage":false,"stepsCount":0,"attachmentsCount":0,"hasContent":false,"attachmentStep":false},{"name":"model","time":{"start":1754418373793,"stop":1754418373804,"duration":11},"status":"passed","steps":[],"attachments":[],"parameters":[],"shouldDisplayMessage":false,"stepsCount":0,"attachmentsCount":0,"hasContent":false,"attachmentStep":false},{"name":"no_proxy","time":{"start":1754418373793,"stop":1754418373793,"duration":0},"status":"passed","steps":[],"attachments":[],"parameters":[],"shouldDisplayMessage":false,"stepsCount":0,"attachmentsCount":0,"hasContent":false,"attachmentStep":false},{"name":"existing_app_suffix","time":{"start":1754418373804,"stop":1754418373804,"duration":0},"status":"passed","steps":[],"attachments":[],"parameters":[],"shouldDisplayMessage":false,"stepsCount":0,"attachmentsCount":0,"hasContent":false,"attachmentStep":false},{"name":"mongodb","time":{"start":1754418373805,"stop":1754418375997,"duration":2192},"status":"passed","steps":[],"attachments":[],"parameters":[],"shouldDisplayMessage":false,"stepsCount":0,"attachmentsCount":0,"hasContent":false,"attachmentStep":false},{"name":"openstack_clouds_yaml","time":{"start":1754418375997,"stop":1754418375997,"duration":0},"status":"passed","steps":[],"attachments":[],"parameters":[],"shouldDisplayMessage":false,"stepsCount":0,"attachmentsCount":0,"hasContent":false,"attachmentStep":false},{"name":"app_name","time":{"start":1754418375998,"stop":1754418375998,"duration":0},"status":"passed","steps":[],"attachments":[],"parameters":[],"shouldDisplayMessage":false,"stepsCount":0,"attachmentsCount":0,"hasContent":false,"attachmentStep":false},{"name":"random_app_name_suffix","time":{"start":1754418375998,"stop":1754418375998,"duration":0},"status":"passed","steps":[],"attachments":[],"parameters":[],"shouldDisplayMessage":false,"stepsCount":0,"attachmentsCount":0,"hasContent":false,"attachmentStep":false},{"name":"charm_file","time":{"start":1754418375998,"stop":1754418375998,"duration":0},"status":"passed","steps":[],"attachments":[],"parameters":[],"shouldDisplayMessage":false,"stepsCount":0,"attachmentsCount":0,"hasContent":false,"attachmentStep":false},{"name":"path","time":{"start":1754418375998,"stop":1754418375998,"duration":0},"status":"passed","steps":[],"attachments":[],"parameters":[],"shouldDisplayMessage":false,"stepsCount":0,"attachmentsCount":0,"hasContent":false,"attachmentStep":false},{"name":"openstack_http_proxy","time":{"start":1754418375998,"stop":1754418375998,"duration":0},"status":"passed","steps":[],"attachments":[],"parameters":[],"shouldDisplayMessage":false,"stepsCount":0,"attachmentsCount":0,"hasContent":false,"attachmentStep":false},{"name":"private_endpoint_clouds_yaml","time":{"start":1754418375999,"stop":1754418375999,"duration":0},"status":"passed","steps":[],"attachments":[],"parameters":[],"shouldDisplayMessage":false,"stepsCount":0,"attachmentsCount":0,"hasContent":false,"attachmentStep":false},{"name":"clouds_yaml_contents","time":{"start":1754418375999,"stop":1754418375999,"duration":0},"status":"passed","steps":[],"attachments":[],"parameters":[],"shouldDisplayMessage":false,"stepsCount":0,"attachmentsCount":0,"hasContent":false,"attachmentStep":false},{"name":"openstack_no_proxy","time":{"start":1754418375999,"stop":1754418375999,"duration":0},"status":"passed","steps":[],"attachments":[],"parameters":[],"shouldDisplayMessage":false,"stepsCount":0,"attachmentsCount":0,"hasContent":false,"attachmentStep":false},{"name":"private_endpoint_config","time":{"start":1754418375999,"stop":1754418375999,"duration":0},"status":"passed","steps":[],"attachments":[],"parameters":[],"shouldDisplayMessage":false,"stepsCount":0,"attachmentsCount":0,"hasContent":false,"attachmentStep":false},{"name":"openstack_https_proxy","time":{"start":1754418375999,"stop":1754418375999,"duration":0},"status":"passed","steps":[],"attachments":[],"parameters":[],"shouldDisplayMessage":false,"stepsCount":0,"attachmentsCount":0,"hasContent":false,"attachmentStep":false},{"name":"image_builder_app_name","time":{"start":1754418376000,"stop":1754418376000,"duration":0},"status":"passed","steps":[],"attachments":[],"parameters":[],"shouldDisplayMessage":false,"stepsCount":0,"attachmentsCount":0,"hasContent":false,"attachmentStep":false},{"name":"flavor_name","time":{"start":1754418376000,"stop":1754418376000,"duration":0},"status":"passed","steps":[],"attachments":[],"parameters":[],"shouldDisplayMessage":false,"stepsCount":0,"attachmentsCount":0,"hasContent":false,"attachmentStep":false},{"name":"image_builder_config","time":{"start":1754418376000,"stop":1754418376001,"duration":1},"status":"passed","steps":[],"attachments":[],"parameters":[],"shouldDisplayMessage":false,"stepsCount":0,"attachmentsCount":0,"hasContent":false,"attachmentStep":false},{"name":"network_name","time":{"start":1754418376000,"stop":1754418376000,"duration":0},"status":"passed","steps":[],"attachments":[],"parameters":[],"shouldDisplayMessage":false,"stepsCount":0,"attachmentsCount":0,"hasContent":false,"attachmentStep":false},{"name":"openstack_model_proxy","time":{"start":1754418376001,"stop":1754418376015,"duration":14},"status":"passed","steps":[],"attachments":[],"parameters":[],"shouldDisplayMessage":false,"stepsCount":0,"attachmentsCount":0,"hasContent":false,"attachmentStep":false},{"name":"openstack_connection","time":{"start":1754418376015,"stop":1754418376042,"duration":27},"status":"passed","steps":[],"attachments":[],"parameters":[],"shouldDisplayMessage":false,"stepsCount":0,"attachmentsCount":0,"hasContent":false,"attachmentStep":false},{"name":"image_builder","time":{"start":1754418376042,"stop":1754418377737,"duration":1695},"status":"passed","steps":[],"attachments":[],"parameters":[],"shouldDisplayMessage":false,"stepsCount":0,"attachmentsCount":0,"hasContent":false,"attachmentStep":false},{"name":"app_openstack_runner","time":{"start":1754418377737,"stop":1754419545166,"duration":1167429},"status":"passed","steps":[],"attachments":[],"parameters":[],"shouldDisplayMessage":false,"stepsCount":0,"attachmentsCount":0,"hasContent":false,"attachmentStep":false},{"name":"app_for_reactive","time":{"start":1754419545167,"stop":1754419587204,"duration":42037},"status":"passed","steps":[],"attachments":[],"parameters":[],"shouldDisplayMessage":false,"stepsCount":0,"attachmentsCount":0,"hasContent":false,"attachmentStep":false},{"name":"app","time":{"start":1754419587204,"stop":1754419744824,"duration":157620},"status":"passed","steps":[],"attachments":[],"parameters":[],"shouldDisplayMessage":false,"stepsCount":0,"attachmentsCount":0,"hasContent":false,"attachmentStep":false},{"name":"abort_on_fail","time":{"start":1754419587204,"stop":1754419587204,"duration":0},"status":"passed","steps":[],"attachments":[],"parameters":[],"shouldDisplayMessage":false,"stepsCount":0,"attachmentsCount":0,"hasContent":false,"attachmentStep":false}],"testStage":{"description":"\n    arrange: Place a message in the queue and dispatch a workflow.\n    act: Call reconcile.\n    assert: A runner is spawned to process the job and the message is removed from the queue.\n        The metrics are logged.\n    ","status":"broken","statusMessage":"AttributeError: 'RateLimitOverview' object has no attribute 'core'","statusTrace":"Traceback (most recent call last):\n  File \"/home/ubuntu/actions-runner/_work/github-runner-operator/github-runner-operator/.tox/integration-juju3.6/lib/python3.10/site-packages/_pytest/runner.py\", line 344, in from_call\n    result: TResult | None = func()\n  File \"/home/ubuntu/actions-runner/_work/github-runner-operator/github-runner-operator/.tox/integration-juju3.6/lib/python3.10/site-packages/_pytest/runner.py\", line 246, in <lambda>\n    lambda: runtest_hook(item=item, **kwds), when=when, reraise=reraise\n  File \"/home/ubuntu/actions-runner/_work/github-runner-operator/github-runner-operator/.tox/integration-juju3.6/lib/python3.10/site-packages/pluggy/_hooks.py\", line 512, in __call__\n    return self._hookexec(self.name, self._hookimpls.copy(), kwargs, firstresult)\n  File \"/home/ubuntu/actions-runner/_work/github-runner-operator/github-runner-operator/.tox/integration-juju3.6/lib/python3.10/site-packages/pluggy/_manager.py\", line 120, in _hookexec\n    return self._inner_hookexec(hook_name, methods, kwargs, firstresult)\n  File \"/home/ubuntu/actions-runner/_work/github-runner-operator/github-runner-operator/.tox/integration-juju3.6/lib/python3.10/site-packages/pluggy/_callers.py\", line 167, in _multicall\n    raise exception\n  File \"/home/ubuntu/actions-runner/_work/github-runner-operator/github-runner-operator/.tox/integration-juju3.6/lib/python3.10/site-packages/pluggy/_callers.py\", line 139, in _multicall\n    teardown.throw(exception)\n  File \"/home/ubuntu/actions-runner/_work/github-runner-operator/github-runner-operator/.tox/integration-juju3.6/lib/python3.10/site-packages/_pytest/logging.py\", line 843, in pytest_runtest_setup\n    yield\n  File \"/home/ubuntu/actions-runner/_work/github-runner-operator/github-runner-operator/.tox/integration-juju3.6/lib/python3.10/site-packages/pluggy/_callers.py\", line 139, in _multicall\n    teardown.throw(exception)\n  File \"/home/ubuntu/actions-runner/_work/github-runner-operator/github-runner-operator/.tox/integration-juju3.6/lib/python3.10/site-packages/pluggy/_callers.py\", line 53, in run_old_style_hookwrapper\n    return result.get_result()\n  File \"/home/ubuntu/actions-runner/_work/github-runner-operator/github-runner-operator/.tox/integration-juju3.6/lib/python3.10/site-packages/pluggy/_result.py\", line 103, in get_result\n    raise exc.with_traceback(tb)\n  File \"/home/ubuntu/actions-runner/_work/github-runner-operator/github-runner-operator/.tox/integration-juju3.6/lib/python3.10/site-packages/pluggy/_callers.py\", line 38, in run_old_style_hookwrapper\n    res = yield\n  File \"/home/ubuntu/actions-runner/_work/github-runner-operator/github-runner-operator/.tox/integration-juju3.6/lib/python3.10/site-packages/pluggy/_callers.py\", line 139, in _multicall\n    teardown.throw(exception)\n  File \"/home/ubuntu/actions-runner/_work/github-runner-operator/github-runner-operator/.tox/integration-juju3.6/lib/python3.10/site-packages/_pytest/capture.py\", line 895, in pytest_runtest_setup\n    return (yield)\n  File \"/home/ubuntu/actions-runner/_work/github-runner-operator/github-runner-operator/.tox/integration-juju3.6/lib/python3.10/site-packages/pluggy/_callers.py\", line 121, in _multicall\n    res = hook_impl.function(*args)\n  File \"/home/ubuntu/actions-runner/_work/github-runner-operator/github-runner-operator/.tox/integration-juju3.6/lib/python3.10/site-packages/_pytest/runner.py\", line 164, in pytest_runtest_setup\n    item.session._setupstate.setup(item)\n  File \"/home/ubuntu/actions-runner/_work/github-runner-operator/github-runner-operator/.tox/integration-juju3.6/lib/python3.10/site-packages/_pytest/runner.py\", line 514, in setup\n    col.setup()\n  File \"/home/ubuntu/actions-runner/_work/github-runner-operator/github-runner-operator/.tox/integration-juju3.6/lib/python3.10/site-packages/_pytest/python.py\", line 1674, in setup\n    self._request._fillfixtures()\n  File \"/home/ubuntu/actions-runner/_work/github-runner-operator/github-runner-operator/.tox/integration-juju3.6/lib/python3.10/site-packages/_pytest/fixtures.py\", line 719, in _fillfixtures\n    item.funcargs[argname] = self.getfixturevalue(argname)\n  File \"/home/ubuntu/actions-runner/_work/github-runner-operator/github-runner-operator/.tox/integration-juju3.6/lib/python3.10/site-packages/_pytest/fixtures.py\", line 548, in getfixturevalue\n    fixturedef = self._get_active_fixturedef(argname)\n  File \"/home/ubuntu/actions-runner/_work/github-runner-operator/github-runner-operator/.tox/integration-juju3.6/lib/python3.10/site-packages/_pytest/fixtures.py\", line 639, in _get_active_fixturedef\n    fixturedef.execute(request=subrequest)\n  File \"/home/ubuntu/actions-runner/_work/github-runner-operator/github-runner-operator/.tox/integration-juju3.6/lib/python3.10/site-packages/_pytest/fixtures.py\", line 1083, in execute\n    fixturedef = request._get_active_fixturedef(argname)\n  File \"/home/ubuntu/actions-runner/_work/github-runner-operator/github-runner-operator/.tox/integration-juju3.6/lib/python3.10/site-packages/_pytest/fixtures.py\", line 639, in _get_active_fixturedef\n    fixturedef.execute(request=subrequest)\n  File \"/home/ubuntu/actions-runner/_work/github-runner-operator/github-runner-operator/.tox/integration-juju3.6/lib/python3.10/site-packages/_pytest/fixtures.py\", line 1127, in execute\n    result = ihook.pytest_fixture_setup(fixturedef=self, request=request)\n  File \"/home/ubuntu/actions-runner/_work/github-runner-operator/github-runner-operator/.tox/integration-juju3.6/lib/python3.10/site-packages/pluggy/_hooks.py\", line 512, in __call__\n    return self._hookexec(self.name, self._hookimpls.copy(), kwargs, firstresult)\n  File \"/home/ubuntu/actions-runner/_work/github-runner-operator/github-runner-operator/.tox/integration-juju3.6/lib/python3.10/site-packages/pluggy/_manager.py\", line 120, in _hookexec\n    return self._inner_hookexec(hook_name, methods, kwargs, firstresult)\n  File \"/home/ubuntu/actions-runner/_work/github-runner-operator/github-runner-operator/.tox/integration-juju3.6/lib/python3.10/site-packages/pluggy/_callers.py\", line 167, in _multicall\n    raise exception\n  File \"/home/ubuntu/actions-runner/_work/github-runner-operator/github-runner-operator/.tox/integration-juju3.6/lib/python3.10/site-packages/pluggy/_callers.py\", line 139, in _multicall\n    teardown.throw(exception)\n  File \"/home/ubuntu/actions-runner/_work/github-runner-operator/github-runner-operator/.tox/integration-juju3.6/lib/python3.10/site-packages/pluggy/_callers.py\", line 53, in run_old_style_hookwrapper\n    return result.get_result()\n  File \"/home/ubuntu/actions-runner/_work/github-runner-operator/github-runner-operator/.tox/integration-juju3.6/lib/python3.10/site-packages/pluggy/_result.py\", line 103, in get_result\n    raise exc.with_traceback(tb)\n  File \"/home/ubuntu/actions-runner/_work/github-runner-operator/github-runner-operator/.tox/integration-juju3.6/lib/python3.10/site-packages/pluggy/_callers.py\", line 38, in run_old_style_hookwrapper\n    res = yield\n  File \"/home/ubuntu/actions-runner/_work/github-runner-operator/github-runner-operator/.tox/integration-juju3.6/lib/python3.10/site-packages/pluggy/_callers.py\", line 139, in _multicall\n    teardown.throw(exception)\n  File \"/home/ubuntu/actions-runner/_work/github-runner-operator/github-runner-operator/.tox/integration-juju3.6/lib/python3.10/site-packages/pluggy/_callers.py\", line 53, in run_old_style_hookwrapper\n    return result.get_result()\n  File \"/home/ubuntu/actions-runner/_work/github-runner-operator/github-runner-operator/.tox/integration-juju3.6/lib/python3.10/site-packages/pluggy/_result.py\", line 103, in get_result\n    raise exc.with_traceback(tb)\n  File \"/home/ubuntu/actions-runner/_work/github-runner-operator/github-runner-operator/.tox/integration-juju3.6/lib/python3.10/site-packages/pluggy/_callers.py\", line 38, in run_old_style_hookwrapper\n    res = yield\n  File \"/home/ubuntu/actions-runner/_work/github-runner-operator/github-runner-operator/.tox/integration-juju3.6/lib/python3.10/site-packages/pluggy/_callers.py\", line 139, in _multicall\n    teardown.throw(exception)\n  File \"/home/ubuntu/actions-runner/_work/github-runner-operator/github-runner-operator/.tox/integration-juju3.6/lib/python3.10/site-packages/_pytest/setuponly.py\", line 36, in pytest_fixture_setup\n    return (yield)\n  File \"/home/ubuntu/actions-runner/_work/github-runner-operator/github-runner-operator/.tox/integration-juju3.6/lib/python3.10/site-packages/pluggy/_callers.py\", line 121, in _multicall\n    res = hook_impl.function(*args)\n  File \"/home/ubuntu/actions-runner/_work/github-runner-operator/github-runner-operator/.tox/integration-juju3.6/lib/python3.10/site-packages/_pytest/fixtures.py\", line 1195, in pytest_fixture_setup\n    result = call_fixture_func(fixturefunc, request, kwargs)\n  File \"/home/ubuntu/actions-runner/_work/github-runner-operator/github-runner-operator/.tox/integration-juju3.6/lib/python3.10/site-packages/_pytest/fixtures.py\", line 929, in call_fixture_func\n    fixture_result = fixturefunc(**kwargs)\n  File \"/home/ubuntu/actions-runner/_work/github-runner-operator/github-runner-operator/tests/integration/conftest.py\", line 614, in github_client\n    logging.info(\"GitHub token rate limit: %s\", rate_limit.core)\nAttributeError: 'RateLimitOverview' object has no attribute 'core'","steps":[],"attachments":[{"uid":"85cbe82af38e8ca5","name":"log","source":"85cbe82af38e8ca5.txt","type":"text/plain","size":383}],"parameters":[],"shouldDisplayMessage":true,"stepsCount":0,"attachmentsCount":1,"hasContent":true,"attachmentStep":false},"afterStages":[{"name":"app::finalizer","time":{"start":1754419893709,"stop":1754420049781,"duration":156072},"status":"passed","steps":[],"attachments":[],"parameters":[],"shouldDisplayMessage":false,"stepsCount":0,"attachmentsCount":0,"hasContent":false,"attachmentStep":false},{"name":"abort_on_fail::0","time":{"start":1754420049782,"stop":1754420049782,"duration":0},"status":"passed","steps":[],"attachments":[],"parameters":[],"shouldDisplayMessage":false,"stepsCount":0,"attachmentsCount":0,"hasContent":false,"attachmentStep":false},{"name":"app_openstack_runner::finalizer","time":{"start":1754420049797,"stop":1754420054044,"duration":4247},"status":"passed","steps":[],"attachments":[],"parameters":[],"shouldDisplayMessage":false,"stepsCount":0,"attachmentsCount":0,"hasContent":false,"attachmentStep":false},{"name":"image_builder::finalizer","time":{"start":1754420054045,"stop":1754420054486,"duration":441},"status":"passed","steps":[],"attachments":[],"parameters":[],"shouldDisplayMessage":false,"stepsCount":0,"attachmentsCount":0,"hasContent":false,"attachmentStep":false},{"name":"openstack_connection::0","time":{"start":1754420054487,"stop":1754420054635,"duration":148},"status":"passed","steps":[],"attachments":[],"parameters":[],"shouldDisplayMessage":false,"stepsCount":0,"attachmentsCount":0,"hasContent":false,"attachmentStep":false},{"name":"ops_test::finalizer","time":{"start":1754420054643,"stop":1754420055116,"duration":473},"status":"passed","steps":[],"attachments":[],"parameters":[],"shouldDisplayMessage":false,"stepsCount":0,"attachmentsCount":0,"hasContent":false,"attachmentStep":false},{"name":"event_loop::2","time":{"start":1754420055117,"stop":1754420055117,"duration":0},"status":"passed","steps":[],"attachments":[],"parameters":[],"shouldDisplayMessage":false,"stepsCount":0,"attachmentsCount":0,"hasContent":false,"attachmentStep":false},{"name":"event_loop::_close_event_loop","time":{"start":1754420055117,"stop":1754420055118,"duration":1},"status":"passed","steps":[],"attachments":[],"parameters":[],"shouldDisplayMessage":false,"stepsCount":0,"attachmentsCount":0,"hasContent":false,"attachmentStep":false},{"name":"event_loop::_provide_clean_event_loop","time":{"start":1754420055118,"stop":1754420055118,"duration":0},"status":"passed","steps":[],"attachments":[],"parameters":[],"shouldDisplayMessage":false,"stepsCount":0,"attachmentsCount":0,"hasContent":false,"attachmentStep":false}],"labels":[{"name":"tag","value":"abort_on_fail"},{"name":"tag","value":"asyncio"},{"name":"tag","value":"openstack"},{"name":"parentSuite","value":"tests.integration"},{"name":"suite","value":"test_reactive"},{"name":"host","value":"github-runner"},{"name":"thread","value":"12241-MainThread"},{"name":"framework","value":"pytest"},{"name":"language","value":"cpython3"},{"name":"package","value":"tests.integration.test_reactive"},{"name":"resultFormat","value":"allure2"}],"parameters":[],"links":[],"hidden":false,"retry":false,"extra":{"severity":"normal","retries":[{"uid":"6b1d9e383c0c6cbb","status":"unknown","time":{}}],"categories":[{"name":"Test defects","matchedStatuses":[]}],"history":{"statistic":{"failed":19,"broken":35,"skipped":0,"passed":115,"unknown":15,"total":184},"items":[{"uid":"6bf086ed4c58c763","reportUrl":"../3312//#testresult/6bf086ed4c58c763","status":"broken","statusDetails":"AttributeError: 'RateLimitOverview' object has no attribute 'core'","time":{"start":1754375295831,"stop":1754375295831,"duration":0}},{"uid":"a0304be172f1bce6","reportUrl":"../3311//#testresult/a0304be172f1bce6","status":"broken","statusDetails":"AttributeError: 'RateLimitOverview' object has no attribute 'core'","time":{"start":1754331970976,"stop":1754331970976,"duration":0}},{"uid":"e3eccd493755b9bc","reportUrl":"../3302//#testresult/e3eccd493755b9bc","status":"broken","statusDetails":"AttributeError: 'RateLimitOverview' object has no attribute 'core'","time":{"start":1754288920375,"stop":1754288920375,"duration":0}},{"uid":"c3d3bd15bbd21dda","reportUrl":"../3301//#testresult/c3d3bd15bbd21dda","status":"broken","statusDetails":"AttributeError: 'RateLimitOverview' object has no attribute 'core'","time":{"start":1754245445643,"stop":1754245445643,"duration":0}},{"uid":"546934773d695263","reportUrl":"../3300//#testresult/546934773d695263","status":"broken","statusDetails":"AttributeError: 'RateLimitOverview' object has no attribute 'core'","time":{"start":1754202312647,"stop":1754202312647,"duration":0}},{"uid":"a8c655c9772ba84e","reportUrl":"../3299//#testresult/a8c655c9772ba84e","status":"broken","statusDetails":"AttributeError: 'RateLimitOverview' object has no attribute 'core'","time":{"start":1754159047308,"stop":1754159047308,"duration":0}},{"uid":"440ecbaeb0def830","reportUrl":"../3298//#testresult/440ecbaeb0def830","status":"broken","statusDetails":"AttributeError: 'RateLimitOverview' object has no attribute 'core'","time":{"start":1754115897923,"stop":1754115897923,"duration":0}},{"uid":"992231f29b8ce121","reportUrl":"../3297//#testresult/992231f29b8ce121","status":"broken","statusDetails":"AttributeError: 'RateLimitOverview' object has no attribute 'core'","time":{"start":1754072932271,"stop":1754072932271,"duration":0}},{"uid":"f66cb092381a931f","reportUrl":"../3296//#testresult/f66cb092381a931f","status":"broken","statusDetails":"AttributeError: 'RateLimitOverview' object has no attribute 'core'","time":{"start":1754029660454,"stop":1754029660454,"duration":0}},{"uid":"5846f20263d64a4c","reportUrl":"../3295//#testresult/5846f20263d64a4c","status":"broken","statusDetails":"AttributeError: 'RateLimitOverview' object has no attribute 'core'","time":{"start":1753986351813,"stop":1753986351813,"duration":0}},{"uid":"506eb213bb2bc795","reportUrl":"../3294//#testresult/506eb213bb2bc795","status":"broken","statusDetails":"juju.errors.JujuUnitError: Unit in error: github-runner-image-builder-sw58wrye/0","time":{"start":1753943131394,"stop":1753943131394,"duration":0}},{"uid":"a9472ea43b18c030","reportUrl":"../3290//#testresult/a9472ea43b18c030","status":"passed","time":{"start":1753901528589,"stop":1753901893023,"duration":364434}},{"uid":"a0ad8924076a34ad","reportUrl":"../2853//#testresult/a0ad8924076a34ad","status":"failed","statusDetails":"AssertionError","time":{"start":1749711835424,"stop":1749711937171,"duration":101747}},{"uid":"68054543464fa414","reportUrl":"../2844//#testresult/68054543464fa414","status":"broken","statusDetails":"asyncio.exceptions.TimeoutError: Timed out waiting for model:\n  test-o7koufns/0 [idle] waiting: Waiting for image over integration.\n  github-runner-image-builder-o7koufns/0 [executing] active: Building image.","time":{"start":1749666263427,"stop":1749666263427,"duration":0}},{"uid":"7cb899b69f36ea8d","reportUrl":"../2840//#testresult/7cb899b69f36ea8d","status":"passed","time":{"start":1749625101353,"stop":1749625344007,"duration":242654}},{"uid":"d108c7937050b202","reportUrl":"../2834//#testresult/d108c7937050b202","status":"failed","statusDetails":"AssertionError: Unable to get reconcile ID: cat: /var/log/reconcile.id: No such file or directory","time":{"start":1749579880391,"stop":1749579880391,"duration":0}},{"uid":"d32411d4c984ae9a","reportUrl":"../2830//#testresult/d32411d4c984ae9a","status":"failed","statusDetails":"AssertionError: Unable to get reconcile ID: cat: /var/log/reconcile.id: No such file or directory","time":{"start":1749536687020,"stop":1749536687020,"duration":0}},{"uid":"5ea34b5d4de2f79d","reportUrl":"../2823//#testresult/5ea34b5d4de2f79d","status":"passed","time":{"start":1749451370879,"stop":1749451669111,"duration":298232}},{"uid":"da720fd90173d876","reportUrl":"../2822//#testresult/da720fd90173d876","status":"failed","statusDetails":"AssertionError: Job did not complete successfully, check the reactive log using tmate, it might be due to infrastructure issues\nassert False","time":{"start":1749408021393,"stop":1749409897957,"duration":1876564}},{"uid":"9ea6a202b0311cc4","reportUrl":"../2821//#testresult/9ea6a202b0311cc4","status":"passed","time":{"start":1749364753310,"stop":1749364926273,"duration":172963}}]},"tags":["asyncio","abort_on_fail","openstack"]},"source":"79a8bff1be8ab99.json","parameterValues":[]}