06:46:23 INFO GitHub token rate limit: Rate(reset=2025-11-16 07:24:12+00:00, remaining=4634, limit=5000)
06:46:27 INFO Waiting for model:
  test-nltxfq7r/0 [idle] active: 
06:46:57 INFO Waiting for model:
  test-nltxfq7r/0 [idle] active: 
06:47:00 INFO Current reconcile ID: a6a89794-48fa-44f2-8962-7165ec75e820
06:47:00 INFO Waiting for reconcile ID: a6a89794-48fa-44f2-8962-7165ec75e820
06:48:01 INFO Current reconcile ID: a6a89794-48fa-44f2-8962-7165ec75e820
06:48:01 INFO Current reconcile ID: a6a89794-48fa-44f2-8962-7165ec75e820, expected reconcile ID: a6a89794-48fa-44f2-8962-7165ec75e820
06:48:01 INFO Waiting for reconcile ID: a6a89794-48fa-44f2-8962-7165ec75e820
06:49:02 INFO Current reconcile ID: f617de18-a148-4da4-a08a-1c8b6351088c
06:49:02 INFO Current reconcile ID: f617de18-a148-4da4-a08a-1c8b6351088c, expected reconcile ID: a6a89794-48fa-44f2-8962-7165ec75e820
06:49:07 INFO Wait for condition not met, sleeping 10
06:49:18 INFO Waiting for model:
  test-nltxfq7r/0 [idle] active: 
06:49:48 INFO Waiting for model:
  test-nltxfq7r/0 [idle] active: 
06:49:51 INFO Current reconcile ID: bf34ddf3-3661-43ad-8f33-d05dd8cf275d
06:49:51 INFO Waiting for reconcile ID: bf34ddf3-3661-43ad-8f33-d05dd8cf275d
06:50:52 INFO Current reconcile ID: bf34ddf3-3661-43ad-8f33-d05dd8cf275d
06:50:52 INFO Current reconcile ID: bf34ddf3-3661-43ad-8f33-d05dd8cf275d, expected reconcile ID: bf34ddf3-3661-43ad-8f33-d05dd8cf275d
06:50:52 INFO Waiting for reconcile ID: bf34ddf3-3661-43ad-8f33-d05dd8cf275d
06:51:53 INFO Current reconcile ID: 782fa6c9-6e80-44a4-af87-49204da899b0
06:51:53 INFO Current reconcile ID: 782fa6c9-6e80-44a4-af87-49204da899b0, expected reconcile ID: bf34ddf3-3661-43ad-8f33-d05dd8cf275d
06:51:54 INFO File content of /var/log/github-runner-metrics.log: {"timestamp": 1763275625.0, "event": "runner_installed", "flavor": "test-nltxfq7r", "duration": 31.0}
{"timestamp": 1763275750.0, "event": "runner_start", "flavor": "test-nltxfq7r", "workflow": "Workflow Dispatch Tests", "repo": "canonical/github-runner-operator", "github_event": "workflow_dispatch", "idle": 125.0, "queue_duration": 2.0}
{"timestamp": 1763275755.0, "event": "runner_stop", "flavor": "test-nltxfq7r", "workflow": "Workflow Dispatch Tests", "repo": "canonical/github-runner-operator", "github_event": "workflow_dispatch", "status": "normal", "job_duration": 5.0, "job_conclusion": "success"}
{"timestamp": 1763275770.0254576, "event": "reconciliation", "flavor": "test-nltxfq7r", "crashed_runners": 0, "idle_runners": 0, "active_runners": 0, "expected_runners": 0, "duration": 10.236536979675293}
{"timestamp": 1763275896.3529701, "event": "reconciliation", "flavor": "test-nltxfq7r", "crashed_runners": 0, "idle_runners": 0, "active_runners": 0, "expected_runners": 0, "duration": 6.277623176574707}
06:51:57 INFO Model status:

Model                            Controller           Cloud/Region         Version  SLA          Timestamp
test-charm-metrics-success-b798  github-pr-ef1fa-lxd  localhost/localhost  3.6.11   unsupported  06:51:57Z

App                                   Version  Status  Scale  Charm                        Channel      Rev  Exposed  Message
github-runner-image-builder-nltxfq7r           active      1  github-runner-image-builder  latest/edge  128  no       
test-nltxfq7r                                  active      1  github-runner                               0  no       

Unit                                     Workload  Agent  Machine  Public address  Ports  Message
github-runner-image-builder-nltxfq7r/0*  active    idle   0        10.207.44.45           
test-nltxfq7r/0*                         active    idle   1        10.207.44.106          

Machine  State    Address        Inst id        Base          AZ             Message
0        started  10.207.44.45   juju-b829f2-0  ubuntu@22.04  github-runner  Running
1        started  10.207.44.106  juju-b829f2-1  ubuntu@22.04  github-runner  Running

06:51:57 INFO Juju error logs:

machine-0: 06:25:20 ERROR juju.worker.dependency "lxd-container-provisioner" manifold worker returned unexpected error: container types not yet available
machine-0: 06:25:20 ERROR juju.worker.dependency "kvm-container-provisioner" manifold worker returned unexpected error: container types not yet available
machine-1: 06:25:25 ERROR juju.worker.dependency "lxd-container-provisioner" manifold worker returned unexpected error: container types not yet available
machine-1: 06:25:25 ERROR juju.worker.dependency "kvm-container-provisioner" manifold worker returned unexpected error: container types not yet available
unit-github-runner-image-builder-nltxfq7r-0: 06:25:56 ERROR unit.github-runner-image-builder-nltxfq7r/0.juju-log Pipx command failed, code: 1, out: None, err: None
unit-test-nltxfq7r-0: 06:26:28 ERROR unit.test-nltxfq7r/0.juju-log Missing image integration.
Traceback (most recent call last):
  File "/var/lib/juju/agents/unit-test-nltxfq7r-0/charm/./src/charm.py", line 118, in func_with_catch_errors
    func(self, event)
  File "/var/lib/juju/agents/unit-test-nltxfq7r-0/charm/./src/charm.py", line 342, in _on_config_changed
    self._check_image_ready()
  File "/var/lib/juju/agents/unit-test-nltxfq7r-0/charm/./src/charm.py", line 512, in _check_image_ready
    raise ImageIntegrationMissingError("No image integration found")
errors.ImageIntegrationMissingError: No image integration found
unit-test-nltxfq7r-0: 06:26:29 ERROR unit.test-nltxfq7r/0.juju-log Missing image integration.
Traceback (most recent call last):
  File "/var/lib/juju/agents/unit-test-nltxfq7r-0/charm/./src/charm.py", line 118, in func_with_catch_errors
    func(self, event)
  File "/var/lib/juju/agents/unit-test-nltxfq7r-0/charm/./src/charm.py", line 313, in _on_start
    self._check_image_ready()
  File "/var/lib/juju/agents/unit-test-nltxfq7r-0/charm/./src/charm.py", line 512, in _check_image_ready
    raise ImageIntegrationMissingError("No image integration found")
errors.ImageIntegrationMissingError: No image integration found
unit-test-nltxfq7r-0: 06:27:43 ERROR unit.test-nltxfq7r/0.juju-log image:0: Missing image in image integration.
Traceback (most recent call last):
  File "/var/lib/juju/agents/unit-test-nltxfq7r-0/charm/./src/charm.py", line 118, in func_with_catch_errors
    func(self, event)
  File "/var/lib/juju/agents/unit-test-nltxfq7r-0/charm/./src/charm.py", line 477, in _on_image_relation_changed
    self._check_image_ready()
  File "/var/lib/juju/agents/unit-test-nltxfq7r-0/charm/./src/charm.py", line 514, in _check_image_ready
    raise ImageNotFoundError("No image found in the image integration")
errors.ImageNotFoundError: No image found in the image integration

06:51:57 INFO Forgetting model main...