06:24:27 WARNING unexpected facade SSHServer received from the controller
06:24:27 INFO Adding model github-pr-ef1fa-lxd:test-charm-fork-path-change-6262 on cloud localhost
06:24:27 WARNING unexpected facade SSHServer received from the controller
06:24:27 WARNING unexpected facade SSHSession received from the controller
06:24:27 WARNING unexpected facade SSHTunneler received from the controller
06:24:29 INFO Deploying ch:amd64/jammy/github-runner-image-builder-128
06:24:44 INFO Deploying local:jammy/github-runner-0
06:24:44 INFO Waiting for model:
  test-rdrbo2mw/0 [allocating] waiting: waiting for machine
  github-runner-image-builder-rdrbo2mw/0 [allocating] waiting: waiting for machine
06:25:14 INFO Waiting for model:
  test-rdrbo2mw/0 [allocating] waiting: waiting for machine
  github-runner-image-builder-rdrbo2mw/0 [allocating] waiting: waiting for machine
06:25:45 INFO Waiting for model:
  test-rdrbo2mw/0 [allocating] waiting: waiting for machine
  github-runner-image-builder-rdrbo2mw/0 [executing] maintenance: Setting up Builder.
06:26:15 INFO Waiting for model:
  test-rdrbo2mw/0 [executing] maintenance: installing charm software
  github-runner-image-builder-rdrbo2mw/0 [executing] maintenance: Setting up Builder.
06:26:45 INFO Waiting for model:
  test-rdrbo2mw/0 [idle] blocked: Please provide image integration.
  github-runner-image-builder-rdrbo2mw/0 [executing] maintenance: Setting up Builder.
06:27:15 INFO Waiting for model:
  test-rdrbo2mw/0 [idle] blocked: Please provide image integration.
  github-runner-image-builder-rdrbo2mw/0 [executing] maintenance: Setting up Builder.
06:27:46 INFO Waiting for model:
  test-rdrbo2mw/0 [executing] blocked: Please provide image integration.
  github-runner-image-builder-rdrbo2mw/0 [executing] active: Waiting for first image.
06:28:16 INFO Waiting for model:
  test-rdrbo2mw/0 [idle] waiting: Waiting for image over integration.
  github-runner-image-builder-rdrbo2mw/0 [executing] active: Building image.
06:28:47 INFO Waiting for model:
  test-rdrbo2mw/0 [idle] waiting: Waiting for image over integration.
  github-runner-image-builder-rdrbo2mw/0 [executing] active: Building image.
06:29:17 INFO Waiting for model:
  test-rdrbo2mw/0 [idle] waiting: Waiting for image over integration.
  github-runner-image-builder-rdrbo2mw/0 [executing] active: Building image.
06:29:48 INFO Waiting for model:
  test-rdrbo2mw/0 [idle] waiting: Waiting for image over integration.
  github-runner-image-builder-rdrbo2mw/0 [executing] active: Building image.
06:30:18 INFO Waiting for model:
  test-rdrbo2mw/0 [idle] waiting: Waiting for image over integration.
  github-runner-image-builder-rdrbo2mw/0 [executing] active: Building image.
06:30:49 INFO Waiting for model:
  test-rdrbo2mw/0 [idle] waiting: Waiting for image over integration.
  github-runner-image-builder-rdrbo2mw/0 [executing] active: Building image.
06:31:19 INFO Waiting for model:
  test-rdrbo2mw/0 [idle] waiting: Waiting for image over integration.
  github-runner-image-builder-rdrbo2mw/0 [executing] active: Building image.
06:31:49 INFO Waiting for model:
  test-rdrbo2mw/0 [idle] waiting: Waiting for image over integration.
  github-runner-image-builder-rdrbo2mw/0 [executing] active: Building image.
06:32:20 INFO Waiting for model:
  test-rdrbo2mw/0 [idle] waiting: Waiting for image over integration.
  github-runner-image-builder-rdrbo2mw/0 [executing] active: Building image.
06:32:50 INFO Waiting for model:
  test-rdrbo2mw/0 [idle] waiting: Waiting for image over integration.
  github-runner-image-builder-rdrbo2mw/0 [executing] active: Building image.
06:33:21 INFO Waiting for model:
  test-rdrbo2mw/0 [idle] waiting: Waiting for image over integration.
  github-runner-image-builder-rdrbo2mw/0 [executing] active: Building image.
06:33:51 INFO Waiting for model:
  test-rdrbo2mw/0 [idle] waiting: Waiting for image over integration.
  github-runner-image-builder-rdrbo2mw/0 [executing] active: Building image.
06:34:22 INFO Waiting for model:
  test-rdrbo2mw/0 [idle] waiting: Waiting for image over integration.
  github-runner-image-builder-rdrbo2mw/0 [executing] active: Building image.
06:34:52 INFO Waiting for model:
  test-rdrbo2mw/0 [idle] waiting: Waiting for image over integration.
  github-runner-image-builder-rdrbo2mw/0 [executing] active: Building image.
06:35:22 INFO Waiting for model:
  test-rdrbo2mw/0 [idle] waiting: Waiting for image over integration.
  github-runner-image-builder-rdrbo2mw/0 [executing] active: Building image.
06:35:53 INFO Waiting for model:
  test-rdrbo2mw/0 [idle] waiting: Waiting for image over integration.
  github-runner-image-builder-rdrbo2mw/0 [executing] active: Building image.
06:36:23 INFO Waiting for model:
  test-rdrbo2mw/0 [idle] waiting: Waiting for image over integration.
  github-runner-image-builder-rdrbo2mw/0 [executing] active: Building image.
06:36:53 INFO Waiting for model:
  test-rdrbo2mw/0 [idle] waiting: Waiting for image over integration.
  github-runner-image-builder-rdrbo2mw/0 [executing] active: Building image.
06:37:24 INFO Waiting for model:
  test-rdrbo2mw/0 [idle] waiting: Waiting for image over integration.
  github-runner-image-builder-rdrbo2mw/0 [executing] active: Building image.
06:37:54 INFO Waiting for model:
  test-rdrbo2mw/0 [idle] waiting: Waiting for image over integration.
  github-runner-image-builder-rdrbo2mw/0 [executing] active: Building image.
06:38:24 INFO Waiting for model:
  test-rdrbo2mw/0 [idle] waiting: Waiting for image over integration.
  github-runner-image-builder-rdrbo2mw/0 [executing] active: Building image.
06:38:55 INFO Waiting for model:
  test-rdrbo2mw/0 [idle] waiting: Waiting for image over integration.
  github-runner-image-builder-rdrbo2mw/0 [executing] active: Building image.
06:39:25 INFO Waiting for model:
  test-rdrbo2mw/0 [idle] waiting: Waiting for image over integration.
  github-runner-image-builder-rdrbo2mw/0 [executing] active: Building image.
06:39:56 INFO Waiting for model:
  test-rdrbo2mw/0 [idle] waiting: Waiting for image over integration.
  github-runner-image-builder-rdrbo2mw/0 [executing] active: Building image.
06:40:26 INFO Waiting for model:
  test-rdrbo2mw/0 [idle] waiting: Waiting for image over integration.
  github-runner-image-builder-rdrbo2mw/0 [executing] active: Building image.
06:40:57 INFO Waiting for model:
  test-rdrbo2mw/0 [idle] waiting: Waiting for image over integration.
  github-runner-image-builder-rdrbo2mw/0 [executing] active: Building image.
06:41:27 INFO Waiting for model:
  test-rdrbo2mw/0 [idle] waiting: Waiting for image over integration.
  github-runner-image-builder-rdrbo2mw/0 [executing] active: Building image.
06:41:57 INFO Waiting for model:
  test-rdrbo2mw/0 [idle] waiting: Waiting for image over integration.
  github-runner-image-builder-rdrbo2mw/0 [executing] active: Building image.
06:42:28 INFO Waiting for model:
  test-rdrbo2mw/0 [idle] waiting: Waiting for image over integration.
  github-runner-image-builder-rdrbo2mw/0 [executing] active: Building image.
06:42:58 INFO Waiting for model:
  test-rdrbo2mw/0 [executing] maintenance: Update image for runners
06:43:17 INFO GitHub token rate limit: Rate(reset=2025-11-16 07:24:12+00:00, remaining=4765, limit=5000)
06:43:28 INFO test_path_config_change
06:43:28 INFO Waiting for model:
  test-rdrbo2mw/0 [idle] active: 
06:43:59 INFO Waiting for model:
  test-rdrbo2mw/0 [idle] active: 
06:44:19 INFO Ensure there is a runner (this calls reconcile)
06:44:19 INFO Waiting for model:
  test-rdrbo2mw/0 [idle] active: 
06:44:50 INFO Waiting for model:
  test-rdrbo2mw/0 [idle] active: 
06:44:52 INFO Current reconcile ID: 6ee6e695-0cc2-42e2-9f66-c47ac2acb563
06:44:52 INFO Waiting for reconcile ID: 6ee6e695-0cc2-42e2-9f66-c47ac2acb563
06:45:53 INFO Current reconcile ID: 6ee6e695-0cc2-42e2-9f66-c47ac2acb563
06:45:53 INFO Current reconcile ID: 6ee6e695-0cc2-42e2-9f66-c47ac2acb563, expected reconcile ID: 6ee6e695-0cc2-42e2-9f66-c47ac2acb563
06:45:53 INFO Waiting for reconcile ID: 6ee6e695-0cc2-42e2-9f66-c47ac2acb563
06:46:54 INFO Current reconcile ID: bb5552ef-59ad-47e4-9d9f-cae4a8a0d2bb
06:46:54 INFO Current reconcile ID: bb5552ef-59ad-47e4-9d9f-cae4a8a0d2bb, expected reconcile ID: 6ee6e695-0cc2-42e2-9f66-c47ac2acb563
06:46:57 INFO Reconciling (again)
06:46:57 INFO Waiting for model:
  test-rdrbo2mw/0 [idle] active: 
06:47:28 INFO Waiting for model:
  test-rdrbo2mw/0 [idle] active: 
06:47:35 INFO Current reconcile ID: c36fead4-6db0-4ecc-a8f0-2962d52fd196
06:47:35 INFO Waiting for reconcile ID: c36fead4-6db0-4ecc-a8f0-2962d52fd196
06:48:36 INFO Current reconcile ID: c36fead4-6db0-4ecc-a8f0-2962d52fd196
06:48:36 INFO Current reconcile ID: c36fead4-6db0-4ecc-a8f0-2962d52fd196, expected reconcile ID: c36fead4-6db0-4ecc-a8f0-2962d52fd196
06:48:36 INFO Waiting for reconcile ID: c36fead4-6db0-4ecc-a8f0-2962d52fd196
06:49:37 INFO Current reconcile ID: 6cd7bf84-385b-4d6a-871b-a839453831f5
06:49:37 INFO Current reconcile ID: 6cd7bf84-385b-4d6a-871b-a839453831f5, expected reconcile ID: c36fead4-6db0-4ecc-a8f0-2962d52fd196
06:50:48 INFO runners: ['test-rdrbo2mw-0-n-5c8325a71aef']
06:50:48 INFO runners in github repo: [SelfHostedActionsRunner(name="amd-noble-stg-private-endpoint-ps7-1-n-412644d93feb"), SelfHostedActionsRunner(name="os-amd-noble-staging-ps6-3-n-18a36eebdea4"), SelfHostedActionsRunner(name="os-amd-noble-staging-ps6-3-n-1e2c38008623"), SelfHostedActionsRunner(name="os-amd-noble-staging-ps6-3-n-45c931e58f12"), SelfHostedActionsRunner(name="os-amd-noble-staging-ps6-3-n-6823f4051eaa"), SelfHostedActionsRunner(name="os-amd-noble-staging-ps7-1-n-0eb5a17e13b4"), SelfHostedActionsRunner(name="test-idublrld-0-n-98dace1526f9"), SelfHostedActionsRunner(name="test-p4pb91cc-0-n-2098f8e12e47"), SelfHostedActionsRunner(name="test-rdrbo2mw-0-n-5c8325a71aef"), SelfHostedActionsRunner(name="test-smenaizw-0-n-04f3699b2645"), SelfHostedActionsRunner(name="test-tds0wgtd-0-n-597b734f0628"), SelfHostedActionsRunner(name="test-wieeciz9-0-n-4cceaf6133f0"), SelfHostedActionsRunner(name="test-wx5ex07e-0-n-147f77b3c125")]
06:50:51 INFO Model status:

Model                             Controller           Cloud/Region         Version  SLA          Timestamp
test-charm-fork-path-change-6262  github-pr-ef1fa-lxd  localhost/localhost  3.6.11   unsupported  06:50:51Z

App                                   Version  Status  Scale  Charm                        Channel      Rev  Exposed  Message
github-runner-image-builder-rdrbo2mw           active      1  github-runner-image-builder  latest/edge  128  no       
test-rdrbo2mw                                  active      1  github-runner                               0  no       

Unit                                     Workload  Agent  Machine  Public address  Ports  Message
github-runner-image-builder-rdrbo2mw/0*  active    idle   0        10.224.28.242          
test-rdrbo2mw/0*                         active    idle   1        10.224.28.128          

Machine  State    Address        Inst id        Base          AZ             Message
0        started  10.224.28.242  juju-571ab4-0  ubuntu@22.04  github-runner  Running
1        started  10.224.28.128  juju-571ab4-1  ubuntu@22.04  github-runner  Running

06:50:51 INFO Juju error logs:

machine-0: 06:25:28 ERROR juju.worker.dependency "lxd-container-provisioner" manifold worker returned unexpected error: container types not yet available
machine-0: 06:25:28 ERROR juju.worker.dependency "kvm-container-provisioner" manifold worker returned unexpected error: container types not yet available
machine-1: 06:25:46 ERROR juju.worker.dependency "kvm-container-provisioner" manifold worker returned unexpected error: container types not yet available
machine-1: 06:25:46 ERROR juju.worker.dependency "lxd-container-provisioner" manifold worker returned unexpected error: container types not yet available
unit-github-runner-image-builder-rdrbo2mw-0: 06:26:11 ERROR unit.github-runner-image-builder-rdrbo2mw/0.juju-log Pipx command failed, code: 1, out: None, err: None
unit-test-rdrbo2mw-0: 06:26:40 ERROR unit.test-rdrbo2mw/0.juju-log Missing image integration.
Traceback (most recent call last):
  File "/var/lib/juju/agents/unit-test-rdrbo2mw-0/charm/./src/charm.py", line 118, in func_with_catch_errors
    func(self, event)
  File "/var/lib/juju/agents/unit-test-rdrbo2mw-0/charm/./src/charm.py", line 342, in _on_config_changed
    self._check_image_ready()
  File "/var/lib/juju/agents/unit-test-rdrbo2mw-0/charm/./src/charm.py", line 512, in _check_image_ready
    raise ImageIntegrationMissingError("No image integration found")
errors.ImageIntegrationMissingError: No image integration found
unit-test-rdrbo2mw-0: 06:26:42 ERROR unit.test-rdrbo2mw/0.juju-log Missing image integration.
Traceback (most recent call last):
  File "/var/lib/juju/agents/unit-test-rdrbo2mw-0/charm/./src/charm.py", line 118, in func_with_catch_errors
    func(self, event)
  File "/var/lib/juju/agents/unit-test-rdrbo2mw-0/charm/./src/charm.py", line 313, in _on_start
    self._check_image_ready()
  File "/var/lib/juju/agents/unit-test-rdrbo2mw-0/charm/./src/charm.py", line 512, in _check_image_ready
    raise ImageIntegrationMissingError("No image integration found")
errors.ImageIntegrationMissingError: No image integration found
unit-test-rdrbo2mw-0: 06:27:47 ERROR unit.test-rdrbo2mw/0.juju-log image:0: Missing image in image integration.
Traceback (most recent call last):
  File "/var/lib/juju/agents/unit-test-rdrbo2mw-0/charm/./src/charm.py", line 118, in func_with_catch_errors
    func(self, event)
  File "/var/lib/juju/agents/unit-test-rdrbo2mw-0/charm/./src/charm.py", line 477, in _on_image_relation_changed
    self._check_image_ready()
  File "/var/lib/juju/agents/unit-test-rdrbo2mw-0/charm/./src/charm.py", line 514, in _check_image_ready
    raise ImageNotFoundError("No image found in the image integration")
errors.ImageNotFoundError: No image found in the image integration

06:50:51 INFO Forgetting model main...