{"uid":"8f2f2339eb4a7052","name":"test_charm_upgrade","fullName":"tests.integration.test_charm_upgrade#test_charm_upgrade","historyId":"b7d656f41fabeab14d92011d0ffd4759","time":{"start":1748586292175,"stop":1748587821375,"duration":1529200},"description":"\n    arrange: given latest stable version of the charm.\n    act: charm upgrade is called.\n    assert: the charm is upgraded successfully.\n    ","descriptionHtml":"<pre><code>arrange: given latest stable version of the charm.\nact: charm upgrade is called.\nassert: the charm is upgraded successfully.\n</code></pre>\n","status":"broken","statusMessage":"asyncio.exceptions.TimeoutError: Timed out waiting for model:\ntest-mo56t01g/0 [idle] blocked: Invalid token.","statusTrace":"Traceback (most recent call last):\n  File \"/home/ubuntu/actions-runner/_work/github-runner-operator/github-runner-operator/.tox/integration-juju3.1/lib/python3.10/site-packages/_pytest/runner.py\", line 341, in from_call\n    result: TResult | None = func()\n  File \"/home/ubuntu/actions-runner/_work/github-runner-operator/github-runner-operator/.tox/integration-juju3.1/lib/python3.10/site-packages/_pytest/runner.py\", line 242, in <lambda>\n    lambda: runtest_hook(item=item, **kwds), when=when, reraise=reraise\n  File \"/home/ubuntu/actions-runner/_work/github-runner-operator/github-runner-operator/.tox/integration-juju3.1/lib/python3.10/site-packages/pluggy/_hooks.py\", line 512, in __call__\n    return self._hookexec(self.name, self._hookimpls.copy(), kwargs, firstresult)\n  File \"/home/ubuntu/actions-runner/_work/github-runner-operator/github-runner-operator/.tox/integration-juju3.1/lib/python3.10/site-packages/pluggy/_manager.py\", line 120, in _hookexec\n    return self._inner_hookexec(hook_name, methods, kwargs, firstresult)\n  File \"/home/ubuntu/actions-runner/_work/github-runner-operator/github-runner-operator/.tox/integration-juju3.1/lib/python3.10/site-packages/pluggy/_callers.py\", line 167, in _multicall\n    raise exception\n  File \"/home/ubuntu/actions-runner/_work/github-runner-operator/github-runner-operator/.tox/integration-juju3.1/lib/python3.10/site-packages/pluggy/_callers.py\", line 139, in _multicall\n    teardown.throw(exception)\n  File \"/home/ubuntu/actions-runner/_work/github-runner-operator/github-runner-operator/.tox/integration-juju3.1/lib/python3.10/site-packages/_pytest/threadexception.py\", line 92, in pytest_runtest_call\n    yield from thread_exception_runtest_hook()\n  File \"/home/ubuntu/actions-runner/_work/github-runner-operator/github-runner-operator/.tox/integration-juju3.1/lib/python3.10/site-packages/_pytest/threadexception.py\", line 68, in thread_exception_runtest_hook\n    yield\n  File \"/home/ubuntu/actions-runner/_work/github-runner-operator/github-runner-operator/.tox/integration-juju3.1/lib/python3.10/site-packages/pluggy/_callers.py\", line 139, in _multicall\n    teardown.throw(exception)\n  File \"/home/ubuntu/actions-runner/_work/github-runner-operator/github-runner-operator/.tox/integration-juju3.1/lib/python3.10/site-packages/_pytest/unraisableexception.py\", line 95, in pytest_runtest_call\n    yield from unraisable_exception_runtest_hook()\n  File \"/home/ubuntu/actions-runner/_work/github-runner-operator/github-runner-operator/.tox/integration-juju3.1/lib/python3.10/site-packages/_pytest/unraisableexception.py\", line 70, in unraisable_exception_runtest_hook\n    yield\n  File \"/home/ubuntu/actions-runner/_work/github-runner-operator/github-runner-operator/.tox/integration-juju3.1/lib/python3.10/site-packages/pluggy/_callers.py\", line 139, in _multicall\n    teardown.throw(exception)\n  File \"/home/ubuntu/actions-runner/_work/github-runner-operator/github-runner-operator/.tox/integration-juju3.1/lib/python3.10/site-packages/_pytest/logging.py\", line 846, in pytest_runtest_call\n    yield from self._runtest_for(item, \"call\")\n  File \"/home/ubuntu/actions-runner/_work/github-runner-operator/github-runner-operator/.tox/integration-juju3.1/lib/python3.10/site-packages/_pytest/logging.py\", line 829, in _runtest_for\n    yield\n  File \"/home/ubuntu/actions-runner/_work/github-runner-operator/github-runner-operator/.tox/integration-juju3.1/lib/python3.10/site-packages/pluggy/_callers.py\", line 139, in _multicall\n    teardown.throw(exception)\n  File \"/home/ubuntu/actions-runner/_work/github-runner-operator/github-runner-operator/.tox/integration-juju3.1/lib/python3.10/site-packages/pluggy/_callers.py\", line 53, in run_old_style_hookwrapper\n    return result.get_result()\n  File \"/home/ubuntu/actions-runner/_work/github-runner-operator/github-runner-operator/.tox/integration-juju3.1/lib/python3.10/site-packages/pluggy/_result.py\", line 103, in get_result\n    raise exc.with_traceback(tb)\n  File \"/home/ubuntu/actions-runner/_work/github-runner-operator/github-runner-operator/.tox/integration-juju3.1/lib/python3.10/site-packages/pluggy/_callers.py\", line 38, in run_old_style_hookwrapper\n    res = yield\n  File \"/home/ubuntu/actions-runner/_work/github-runner-operator/github-runner-operator/.tox/integration-juju3.1/lib/python3.10/site-packages/pluggy/_callers.py\", line 139, in _multicall\n    teardown.throw(exception)\n  File \"/home/ubuntu/actions-runner/_work/github-runner-operator/github-runner-operator/.tox/integration-juju3.1/lib/python3.10/site-packages/_pytest/capture.py\", line 898, in pytest_runtest_call\n    return (yield)\n  File \"/home/ubuntu/actions-runner/_work/github-runner-operator/github-runner-operator/.tox/integration-juju3.1/lib/python3.10/site-packages/pluggy/_callers.py\", line 139, in _multicall\n    teardown.throw(exception)\n  File \"/home/ubuntu/actions-runner/_work/github-runner-operator/github-runner-operator/.tox/integration-juju3.1/lib/python3.10/site-packages/_pytest/skipping.py\", line 257, in pytest_runtest_call\n    return (yield)\n  File \"/home/ubuntu/actions-runner/_work/github-runner-operator/github-runner-operator/.tox/integration-juju3.1/lib/python3.10/site-packages/pluggy/_callers.py\", line 121, in _multicall\n    res = hook_impl.function(*args)\n  File \"/home/ubuntu/actions-runner/_work/github-runner-operator/github-runner-operator/.tox/integration-juju3.1/lib/python3.10/site-packages/_pytest/runner.py\", line 174, in pytest_runtest_call\n    item.runtest()\n  File \"/home/ubuntu/actions-runner/_work/github-runner-operator/github-runner-operator/.tox/integration-juju3.1/lib/python3.10/site-packages/_pytest/python.py\", line 1627, in runtest\n    self.ihook.pytest_pyfunc_call(pyfuncitem=self)\n  File \"/home/ubuntu/actions-runner/_work/github-runner-operator/github-runner-operator/.tox/integration-juju3.1/lib/python3.10/site-packages/pluggy/_hooks.py\", line 512, in __call__\n    return self._hookexec(self.name, self._hookimpls.copy(), kwargs, firstresult)\n  File \"/home/ubuntu/actions-runner/_work/github-runner-operator/github-runner-operator/.tox/integration-juju3.1/lib/python3.10/site-packages/pluggy/_manager.py\", line 120, in _hookexec\n    return self._inner_hookexec(hook_name, methods, kwargs, firstresult)\n  File \"/home/ubuntu/actions-runner/_work/github-runner-operator/github-runner-operator/.tox/integration-juju3.1/lib/python3.10/site-packages/pluggy/_callers.py\", line 167, in _multicall\n    raise exception\n  File \"/home/ubuntu/actions-runner/_work/github-runner-operator/github-runner-operator/.tox/integration-juju3.1/lib/python3.10/site-packages/pluggy/_callers.py\", line 139, in _multicall\n    teardown.throw(exception)\n  File \"/home/ubuntu/actions-runner/_work/github-runner-operator/github-runner-operator/.tox/integration-juju3.1/lib/python3.10/site-packages/pluggy/_callers.py\", line 53, in run_old_style_hookwrapper\n    return result.get_result()\n  File \"/home/ubuntu/actions-runner/_work/github-runner-operator/github-runner-operator/.tox/integration-juju3.1/lib/python3.10/site-packages/pluggy/_result.py\", line 103, in get_result\n    raise exc.with_traceback(tb)\n  File \"/home/ubuntu/actions-runner/_work/github-runner-operator/github-runner-operator/.tox/integration-juju3.1/lib/python3.10/site-packages/pluggy/_callers.py\", line 38, in run_old_style_hookwrapper\n    res = yield\n  File \"/home/ubuntu/actions-runner/_work/github-runner-operator/github-runner-operator/.tox/integration-juju3.1/lib/python3.10/site-packages/pluggy/_callers.py\", line 121, in _multicall\n    res = hook_impl.function(*args)\n  File \"/home/ubuntu/actions-runner/_work/github-runner-operator/github-runner-operator/.tox/integration-juju3.1/lib/python3.10/site-packages/_pytest/python.py\", line 159, in pytest_pyfunc_call\n    result = testfunction(**testargs)\n  File \"/home/ubuntu/actions-runner/_work/github-runner-operator/github-runner-operator/.tox/integration-juju3.1/lib/python3.10/site-packages/pytest_asyncio/plugin.py\", line 529, in inner\n    _loop.run_until_complete(task)\n  File \"/home/ubuntu/actions-runner/_work/github-runner-operator/github-runner-operator/.tox/integration-juju3.1/lib/python3.10/site-packages/nest_asyncio.py\", line 98, in run_until_complete\n    return f.result()\n  File \"/usr/lib/python3.10/asyncio/futures.py\", line 201, in result\n    raise self._exception.with_traceback(self._exception_tb)\n  File \"/usr/lib/python3.10/asyncio/tasks.py\", line 232, in __step\n    result = coro.send(None)\n  File \"/home/ubuntu/actions-runner/_work/github-runner-operator/github-runner-operator/tests/integration/test_charm_upgrade.py\", line 95, in test_charm_upgrade\n    await model.wait_for_idle(\n  File \"/home/ubuntu/actions-runner/_work/github-runner-operator/github-runner-operator/.tox/integration-juju3.1/lib/python3.10/site-packages/juju/model.py\", line 2639, in wait_for_idle\n    raise jasyncio.TimeoutError(\"Timed out waiting for model:\\n\" + busy)\nasyncio.exceptions.TimeoutError: Timed out waiting for model:\ntest-mo56t01g/0 [idle] blocked: Invalid token.","flaky":false,"newFailed":false,"newBroken":false,"newPassed":false,"retriesCount":1,"retriesStatusChange":true,"beforeStages":[{"name":"event_loop","time":{"start":1748586289883,"stop":1748586289883,"duration":0},"status":"passed","steps":[],"attachments":[],"parameters":[],"shouldDisplayMessage":false,"stepsCount":0,"attachmentsCount":0,"hasContent":false,"attachmentStep":false},{"name":"pytestconfig","time":{"start":1748586289883,"stop":1748586289883,"duration":0},"status":"passed","steps":[],"attachments":[],"parameters":[],"shouldDisplayMessage":false,"stepsCount":0,"attachmentsCount":0,"hasContent":false,"attachmentStep":false},{"name":"tmp_path_factory","time":{"start":1748586289883,"stop":1748586289883,"duration":0},"status":"passed","steps":[],"attachments":[],"parameters":[],"shouldDisplayMessage":false,"stepsCount":0,"attachmentsCount":0,"hasContent":false,"attachmentStep":false},{"name":"ops_test","time":{"start":1748586289884,"stop":1748586290389,"duration":505},"status":"passed","steps":[],"attachments":[],"parameters":[],"shouldDisplayMessage":false,"stepsCount":0,"attachmentsCount":0,"hasContent":false,"attachmentStep":false},{"name":"model","time":{"start":1748586290389,"stop":1748586290389,"duration":0},"status":"passed","steps":[],"attachments":[],"parameters":[],"shouldDisplayMessage":false,"stepsCount":0,"attachmentsCount":0,"hasContent":false,"attachmentStep":false},{"name":"token","time":{"start":1748586290390,"stop":1748586290390,"duration":0},"status":"passed","steps":[],"attachments":[],"parameters":[],"shouldDisplayMessage":false,"stepsCount":0,"attachmentsCount":0,"hasContent":false,"attachmentStep":false},{"name":"openstack_clouds_yaml","time":{"start":1748586290390,"stop":1748586290390,"duration":0},"status":"passed","steps":[],"attachments":[],"parameters":[],"shouldDisplayMessage":false,"stepsCount":0,"attachmentsCount":0,"hasContent":false,"attachmentStep":false},{"name":"openstack_http_proxy","time":{"start":1748586290390,"stop":1748586290390,"duration":0},"status":"passed","steps":[],"attachments":[],"parameters":[],"shouldDisplayMessage":false,"stepsCount":0,"attachmentsCount":0,"hasContent":false,"attachmentStep":false},{"name":"charm_file","time":{"start":1748586290390,"stop":1748586290390,"duration":0},"status":"passed","steps":[],"attachments":[],"parameters":[],"shouldDisplayMessage":false,"stepsCount":0,"attachmentsCount":0,"hasContent":false,"attachmentStep":false},{"name":"app_name","time":{"start":1748586290390,"stop":1748586290390,"duration":0},"status":"passed","steps":[],"attachments":[],"parameters":[],"shouldDisplayMessage":false,"stepsCount":0,"attachmentsCount":0,"hasContent":false,"attachmentStep":false},{"name":"random_app_name_suffix","time":{"start":1748586290390,"stop":1748586290390,"duration":0},"status":"passed","steps":[],"attachments":[],"parameters":[],"shouldDisplayMessage":false,"stepsCount":0,"attachmentsCount":0,"hasContent":false,"attachmentStep":false},{"name":"openstack_https_proxy","time":{"start":1748586290390,"stop":1748586290391,"duration":1},"status":"passed","steps":[],"attachments":[],"parameters":[],"shouldDisplayMessage":false,"stepsCount":0,"attachmentsCount":0,"hasContent":false,"attachmentStep":false},{"name":"existing_app_suffix","time":{"start":1748586290390,"stop":1748586290390,"duration":0},"status":"passed","steps":[],"attachments":[],"parameters":[],"shouldDisplayMessage":false,"stepsCount":0,"attachmentsCount":0,"hasContent":false,"attachmentStep":false},{"name":"path","time":{"start":1748586290390,"stop":1748586290390,"duration":0},"status":"passed","steps":[],"attachments":[],"parameters":[],"shouldDisplayMessage":false,"stepsCount":0,"attachmentsCount":0,"hasContent":false,"attachmentStep":false},{"name":"flavor_name","time":{"start":1748586290391,"stop":1748586290391,"duration":0},"status":"passed","steps":[],"attachments":[],"parameters":[],"shouldDisplayMessage":false,"stepsCount":0,"attachmentsCount":0,"hasContent":false,"attachmentStep":false},{"name":"clouds_yaml_contents","time":{"start":1748586290391,"stop":1748586290391,"duration":0},"status":"passed","steps":[],"attachments":[],"parameters":[],"shouldDisplayMessage":false,"stepsCount":0,"attachmentsCount":0,"hasContent":false,"attachmentStep":false},{"name":"private_endpoint_config","time":{"start":1748586290391,"stop":1748586290391,"duration":0},"status":"passed","steps":[],"attachments":[],"parameters":[],"shouldDisplayMessage":false,"stepsCount":0,"attachmentsCount":0,"hasContent":false,"attachmentStep":false},{"name":"openstack_no_proxy","time":{"start":1748586290391,"stop":1748586290391,"duration":0},"status":"passed","steps":[],"attachments":[],"parameters":[],"shouldDisplayMessage":false,"stepsCount":0,"attachmentsCount":0,"hasContent":false,"attachmentStep":false},{"name":"private_endpoint_clouds_yaml","time":{"start":1748586290391,"stop":1748586290391,"duration":0},"status":"passed","steps":[],"attachments":[],"parameters":[],"shouldDisplayMessage":false,"stepsCount":0,"attachmentsCount":0,"hasContent":false,"attachmentStep":false},{"name":"network_name","time":{"start":1748586290391,"stop":1748586290391,"duration":0},"status":"passed","steps":[],"attachments":[],"parameters":[],"shouldDisplayMessage":false,"stepsCount":0,"attachmentsCount":0,"hasContent":false,"attachmentStep":false},{"name":"image_builder_app_name","time":{"start":1748586290391,"stop":1748586290391,"duration":0},"status":"passed","steps":[],"attachments":[],"parameters":[],"shouldDisplayMessage":false,"stepsCount":0,"attachmentsCount":0,"hasContent":false,"attachmentStep":false},{"name":"image_builder_config","time":{"start":1748586290392,"stop":1748586290392,"duration":0},"status":"passed","steps":[],"attachments":[],"parameters":[],"shouldDisplayMessage":false,"stepsCount":0,"attachmentsCount":0,"hasContent":false,"attachmentStep":false},{"name":"openstack_model_proxy","time":{"start":1748586290392,"stop":1748586290469,"duration":77},"status":"passed","steps":[],"attachments":[],"parameters":[],"shouldDisplayMessage":false,"stepsCount":0,"attachmentsCount":0,"hasContent":false,"attachmentStep":false},{"name":"openstack_connection","time":{"start":1748586290469,"stop":1748586290486,"duration":17},"status":"passed","steps":[],"attachments":[],"parameters":[],"shouldDisplayMessage":false,"stepsCount":0,"attachmentsCount":0,"hasContent":false,"attachmentStep":false},{"name":"image_builder","time":{"start":1748586290487,"stop":1748586292174,"duration":1687},"status":"passed","steps":[],"attachments":[],"parameters":[],"shouldDisplayMessage":false,"stepsCount":0,"attachmentsCount":0,"hasContent":false,"attachmentStep":false},{"name":"tmp_path","time":{"start":1748586292174,"stop":1748586292175,"duration":1},"status":"passed","steps":[],"attachments":[],"parameters":[],"shouldDisplayMessage":false,"stepsCount":0,"attachmentsCount":0,"hasContent":false,"attachmentStep":false},{"name":"abort_on_fail","time":{"start":1748586292174,"stop":1748586292174,"duration":0},"status":"passed","steps":[],"attachments":[],"parameters":[],"shouldDisplayMessage":false,"stepsCount":0,"attachmentsCount":0,"hasContent":false,"attachmentStep":false}],"testStage":{"description":"\n    arrange: given latest stable version of the charm.\n    act: charm upgrade is called.\n    assert: the charm is upgraded successfully.\n    ","status":"broken","statusMessage":"asyncio.exceptions.TimeoutError: Timed out waiting for model:\ntest-mo56t01g/0 [idle] blocked: Invalid token.","statusTrace":"Traceback (most recent call last):\n  File \"/home/ubuntu/actions-runner/_work/github-runner-operator/github-runner-operator/.tox/integration-juju3.1/lib/python3.10/site-packages/_pytest/runner.py\", line 341, in from_call\n    result: TResult | None = func()\n  File \"/home/ubuntu/actions-runner/_work/github-runner-operator/github-runner-operator/.tox/integration-juju3.1/lib/python3.10/site-packages/_pytest/runner.py\", line 242, in <lambda>\n    lambda: runtest_hook(item=item, **kwds), when=when, reraise=reraise\n  File \"/home/ubuntu/actions-runner/_work/github-runner-operator/github-runner-operator/.tox/integration-juju3.1/lib/python3.10/site-packages/pluggy/_hooks.py\", line 512, in __call__\n    return self._hookexec(self.name, self._hookimpls.copy(), kwargs, firstresult)\n  File \"/home/ubuntu/actions-runner/_work/github-runner-operator/github-runner-operator/.tox/integration-juju3.1/lib/python3.10/site-packages/pluggy/_manager.py\", line 120, in _hookexec\n    return self._inner_hookexec(hook_name, methods, kwargs, firstresult)\n  File \"/home/ubuntu/actions-runner/_work/github-runner-operator/github-runner-operator/.tox/integration-juju3.1/lib/python3.10/site-packages/pluggy/_callers.py\", line 167, in _multicall\n    raise exception\n  File \"/home/ubuntu/actions-runner/_work/github-runner-operator/github-runner-operator/.tox/integration-juju3.1/lib/python3.10/site-packages/pluggy/_callers.py\", line 139, in _multicall\n    teardown.throw(exception)\n  File \"/home/ubuntu/actions-runner/_work/github-runner-operator/github-runner-operator/.tox/integration-juju3.1/lib/python3.10/site-packages/_pytest/threadexception.py\", line 92, in pytest_runtest_call\n    yield from thread_exception_runtest_hook()\n  File \"/home/ubuntu/actions-runner/_work/github-runner-operator/github-runner-operator/.tox/integration-juju3.1/lib/python3.10/site-packages/_pytest/threadexception.py\", line 68, in thread_exception_runtest_hook\n    yield\n  File \"/home/ubuntu/actions-runner/_work/github-runner-operator/github-runner-operator/.tox/integration-juju3.1/lib/python3.10/site-packages/pluggy/_callers.py\", line 139, in _multicall\n    teardown.throw(exception)\n  File \"/home/ubuntu/actions-runner/_work/github-runner-operator/github-runner-operator/.tox/integration-juju3.1/lib/python3.10/site-packages/_pytest/unraisableexception.py\", line 95, in pytest_runtest_call\n    yield from unraisable_exception_runtest_hook()\n  File \"/home/ubuntu/actions-runner/_work/github-runner-operator/github-runner-operator/.tox/integration-juju3.1/lib/python3.10/site-packages/_pytest/unraisableexception.py\", line 70, in unraisable_exception_runtest_hook\n    yield\n  File \"/home/ubuntu/actions-runner/_work/github-runner-operator/github-runner-operator/.tox/integration-juju3.1/lib/python3.10/site-packages/pluggy/_callers.py\", line 139, in _multicall\n    teardown.throw(exception)\n  File \"/home/ubuntu/actions-runner/_work/github-runner-operator/github-runner-operator/.tox/integration-juju3.1/lib/python3.10/site-packages/_pytest/logging.py\", line 846, in pytest_runtest_call\n    yield from self._runtest_for(item, \"call\")\n  File \"/home/ubuntu/actions-runner/_work/github-runner-operator/github-runner-operator/.tox/integration-juju3.1/lib/python3.10/site-packages/_pytest/logging.py\", line 829, in _runtest_for\n    yield\n  File \"/home/ubuntu/actions-runner/_work/github-runner-operator/github-runner-operator/.tox/integration-juju3.1/lib/python3.10/site-packages/pluggy/_callers.py\", line 139, in _multicall\n    teardown.throw(exception)\n  File \"/home/ubuntu/actions-runner/_work/github-runner-operator/github-runner-operator/.tox/integration-juju3.1/lib/python3.10/site-packages/pluggy/_callers.py\", line 53, in run_old_style_hookwrapper\n    return result.get_result()\n  File \"/home/ubuntu/actions-runner/_work/github-runner-operator/github-runner-operator/.tox/integration-juju3.1/lib/python3.10/site-packages/pluggy/_result.py\", line 103, in get_result\n    raise exc.with_traceback(tb)\n  File \"/home/ubuntu/actions-runner/_work/github-runner-operator/github-runner-operator/.tox/integration-juju3.1/lib/python3.10/site-packages/pluggy/_callers.py\", line 38, in run_old_style_hookwrapper\n    res = yield\n  File \"/home/ubuntu/actions-runner/_work/github-runner-operator/github-runner-operator/.tox/integration-juju3.1/lib/python3.10/site-packages/pluggy/_callers.py\", line 139, in _multicall\n    teardown.throw(exception)\n  File \"/home/ubuntu/actions-runner/_work/github-runner-operator/github-runner-operator/.tox/integration-juju3.1/lib/python3.10/site-packages/_pytest/capture.py\", line 898, in pytest_runtest_call\n    return (yield)\n  File \"/home/ubuntu/actions-runner/_work/github-runner-operator/github-runner-operator/.tox/integration-juju3.1/lib/python3.10/site-packages/pluggy/_callers.py\", line 139, in _multicall\n    teardown.throw(exception)\n  File \"/home/ubuntu/actions-runner/_work/github-runner-operator/github-runner-operator/.tox/integration-juju3.1/lib/python3.10/site-packages/_pytest/skipping.py\", line 257, in pytest_runtest_call\n    return (yield)\n  File \"/home/ubuntu/actions-runner/_work/github-runner-operator/github-runner-operator/.tox/integration-juju3.1/lib/python3.10/site-packages/pluggy/_callers.py\", line 121, in _multicall\n    res = hook_impl.function(*args)\n  File \"/home/ubuntu/actions-runner/_work/github-runner-operator/github-runner-operator/.tox/integration-juju3.1/lib/python3.10/site-packages/_pytest/runner.py\", line 174, in pytest_runtest_call\n    item.runtest()\n  File \"/home/ubuntu/actions-runner/_work/github-runner-operator/github-runner-operator/.tox/integration-juju3.1/lib/python3.10/site-packages/_pytest/python.py\", line 1627, in runtest\n    self.ihook.pytest_pyfunc_call(pyfuncitem=self)\n  File \"/home/ubuntu/actions-runner/_work/github-runner-operator/github-runner-operator/.tox/integration-juju3.1/lib/python3.10/site-packages/pluggy/_hooks.py\", line 512, in __call__\n    return self._hookexec(self.name, self._hookimpls.copy(), kwargs, firstresult)\n  File \"/home/ubuntu/actions-runner/_work/github-runner-operator/github-runner-operator/.tox/integration-juju3.1/lib/python3.10/site-packages/pluggy/_manager.py\", line 120, in _hookexec\n    return self._inner_hookexec(hook_name, methods, kwargs, firstresult)\n  File \"/home/ubuntu/actions-runner/_work/github-runner-operator/github-runner-operator/.tox/integration-juju3.1/lib/python3.10/site-packages/pluggy/_callers.py\", line 167, in _multicall\n    raise exception\n  File \"/home/ubuntu/actions-runner/_work/github-runner-operator/github-runner-operator/.tox/integration-juju3.1/lib/python3.10/site-packages/pluggy/_callers.py\", line 139, in _multicall\n    teardown.throw(exception)\n  File \"/home/ubuntu/actions-runner/_work/github-runner-operator/github-runner-operator/.tox/integration-juju3.1/lib/python3.10/site-packages/pluggy/_callers.py\", line 53, in run_old_style_hookwrapper\n    return result.get_result()\n  File \"/home/ubuntu/actions-runner/_work/github-runner-operator/github-runner-operator/.tox/integration-juju3.1/lib/python3.10/site-packages/pluggy/_result.py\", line 103, in get_result\n    raise exc.with_traceback(tb)\n  File \"/home/ubuntu/actions-runner/_work/github-runner-operator/github-runner-operator/.tox/integration-juju3.1/lib/python3.10/site-packages/pluggy/_callers.py\", line 38, in run_old_style_hookwrapper\n    res = yield\n  File \"/home/ubuntu/actions-runner/_work/github-runner-operator/github-runner-operator/.tox/integration-juju3.1/lib/python3.10/site-packages/pluggy/_callers.py\", line 121, in _multicall\n    res = hook_impl.function(*args)\n  File \"/home/ubuntu/actions-runner/_work/github-runner-operator/github-runner-operator/.tox/integration-juju3.1/lib/python3.10/site-packages/_pytest/python.py\", line 159, in pytest_pyfunc_call\n    result = testfunction(**testargs)\n  File \"/home/ubuntu/actions-runner/_work/github-runner-operator/github-runner-operator/.tox/integration-juju3.1/lib/python3.10/site-packages/pytest_asyncio/plugin.py\", line 529, in inner\n    _loop.run_until_complete(task)\n  File \"/home/ubuntu/actions-runner/_work/github-runner-operator/github-runner-operator/.tox/integration-juju3.1/lib/python3.10/site-packages/nest_asyncio.py\", line 98, in run_until_complete\n    return f.result()\n  File \"/usr/lib/python3.10/asyncio/futures.py\", line 201, in result\n    raise self._exception.with_traceback(self._exception_tb)\n  File \"/usr/lib/python3.10/asyncio/tasks.py\", line 232, in __step\n    result = coro.send(None)\n  File \"/home/ubuntu/actions-runner/_work/github-runner-operator/github-runner-operator/tests/integration/test_charm_upgrade.py\", line 95, in test_charm_upgrade\n    await model.wait_for_idle(\n  File \"/home/ubuntu/actions-runner/_work/github-runner-operator/github-runner-operator/.tox/integration-juju3.1/lib/python3.10/site-packages/juju/model.py\", line 2639, in wait_for_idle\n    raise jasyncio.TimeoutError(\"Timed out waiting for model:\\n\" + busy)\nasyncio.exceptions.TimeoutError: Timed out waiting for model:\ntest-mo56t01g/0 [idle] blocked: Invalid token.","steps":[],"attachments":[{"uid":"7b6c8694ea805a92","name":"log","source":"7b6c8694ea805a92.txt","type":"text/plain","size":20290}],"parameters":[],"shouldDisplayMessage":true,"stepsCount":0,"attachmentsCount":1,"hasContent":true,"attachmentStep":false},"afterStages":[{"name":"tmp_path::0","time":{"start":1748587821381,"stop":1748587821381,"duration":0},"status":"passed","steps":[],"attachments":[],"parameters":[],"shouldDisplayMessage":false,"stepsCount":0,"attachmentsCount":0,"hasContent":false,"attachmentStep":false},{"name":"image_builder::finalizer","time":{"start":1748587821382,"stop":1748587822050,"duration":668},"status":"passed","steps":[],"attachments":[],"parameters":[],"shouldDisplayMessage":false,"stepsCount":0,"attachmentsCount":0,"hasContent":false,"attachmentStep":false},{"name":"abort_on_fail::0","time":{"start":1748587821382,"stop":1748587821382,"duration":0},"status":"passed","steps":[],"attachments":[],"parameters":[],"shouldDisplayMessage":false,"stepsCount":0,"attachmentsCount":0,"hasContent":false,"attachmentStep":false},{"name":"openstack_connection::0","time":{"start":1748587822050,"stop":1748587825608,"duration":3558},"status":"passed","steps":[],"attachments":[],"parameters":[],"shouldDisplayMessage":false,"stepsCount":0,"attachmentsCount":0,"hasContent":false,"attachmentStep":false},{"name":"ops_test::finalizer","time":{"start":1748587825613,"stop":1748587828058,"duration":2445},"status":"passed","steps":[],"attachments":[],"parameters":[],"shouldDisplayMessage":false,"stepsCount":0,"attachmentsCount":0,"hasContent":false,"attachmentStep":false},{"name":"event_loop::2","time":{"start":1748587828058,"stop":1748587828058,"duration":0},"status":"passed","steps":[],"attachments":[],"parameters":[],"shouldDisplayMessage":false,"stepsCount":0,"attachmentsCount":0,"hasContent":false,"attachmentStep":false},{"name":"event_loop::_close_event_loop","time":{"start":1748587828058,"stop":1748587828058,"duration":0},"status":"passed","steps":[],"attachments":[],"parameters":[],"shouldDisplayMessage":false,"stepsCount":0,"attachmentsCount":0,"hasContent":false,"attachmentStep":false},{"name":"event_loop::_provide_clean_event_loop","time":{"start":1748587828059,"stop":1748587828059,"duration":0},"status":"passed","steps":[],"attachments":[],"parameters":[],"shouldDisplayMessage":false,"stepsCount":0,"attachmentsCount":0,"hasContent":false,"attachmentStep":false}],"labels":[{"name":"tag","value":"asyncio"},{"name":"tag","value":"openstack"},{"name":"parentSuite","value":"tests.integration"},{"name":"suite","value":"test_charm_upgrade"},{"name":"host","value":"github-runner"},{"name":"thread","value":"14586-MainThread"},{"name":"framework","value":"pytest"},{"name":"language","value":"cpython3"},{"name":"package","value":"tests.integration.test_charm_upgrade"},{"name":"resultFormat","value":"allure2"}],"parameters":[],"links":[],"hidden":false,"retry":false,"extra":{"severity":"normal","retries":[{"uid":"17baf23018d78247","status":"unknown","time":{}}],"categories":[{"name":"Test defects","matchedStatuses":[]}],"history":{"statistic":{"failed":7,"broken":14,"skipped":0,"passed":107,"unknown":18,"total":146},"items":[{"uid":"e122d938f2dadef2","reportUrl":"../2764//#testresult/e122d938f2dadef2","status":"unknown","time":{}},{"uid":"460d73fdbb9670bc","reportUrl":"../2762//#testresult/460d73fdbb9670bc","status":"broken","statusDetails":"asyncio.exceptions.TimeoutError: Timed out waiting for model:\ntest-db4opsc2/0 [idle] blocked: Invalid token.","time":{"start":1748456729996,"stop":1748458260720,"duration":1530724}},{"uid":"25c046f58de25032","reportUrl":"../2759//#testresult/25c046f58de25032","status":"unknown","time":{}},{"uid":"d96ec4f391818085","reportUrl":"../2756//#testresult/d96ec4f391818085","status":"broken","statusDetails":"asyncio.exceptions.TimeoutError: Timed out waiting for model:\ntest-pwclbzvk/0 [idle] blocked: Invalid token.","time":{"start":1748370188478,"stop":1748371715794,"duration":1527316}},{"uid":"9a04ec5f87b9b653","reportUrl":"../2754//#testresult/9a04ec5f87b9b653","status":"passed","time":{"start":1748330186538,"stop":1748331345699,"duration":1159161}},{"uid":"3e2c7505d38d1324","reportUrl":"../2748//#testresult/3e2c7505d38d1324","status":"passed","time":{"start":1748283800980,"stop":1748284907998,"duration":1107018}},{"uid":"92e38469c3dbf249","reportUrl":"../2747//#testresult/92e38469c3dbf249","status":"passed","time":{"start":1748240674142,"stop":1748241926048,"duration":1251906}},{"uid":"9900822d3f44873","reportUrl":"../2746//#testresult/9900822d3f44873","status":"passed","time":{"start":1748197425083,"stop":1748198608485,"duration":1183402}},{"uid":"43bc4f25c8467d2c","reportUrl":"../2745//#testresult/43bc4f25c8467d2c","status":"passed","time":{"start":1748154181065,"stop":1748155109582,"duration":928517}},{"uid":"fb14d99c26f88b2","reportUrl":"../2743//#testresult/fb14d99c26f88b2","status":"passed","time":{"start":1748067800465,"stop":1748068847261,"duration":1046796}},{"uid":"c01f33f8a860514e","reportUrl":"../2742//#testresult/c01f33f8a860514e","status":"passed","time":{"start":1748026161649,"stop":1748027333696,"duration":1172047}},{"uid":"af396baf957afa32","reportUrl":"../2736//#testresult/af396baf957afa32","status":"passed","time":{"start":1747938254858,"stop":1747939710780,"duration":1455922}},{"uid":"aa0523bad24d2668","reportUrl":"../2727//#testresult/aa0523bad24d2668","status":"broken","statusDetails":"asyncio.exceptions.TimeoutError: Timed out waiting for model:\ntest-actj96h7/0 [executing] maintenance: Reconciling runners","time":{"start":1747906883019,"stop":1747908411568,"duration":1528549}},{"uid":"1331cd6d1e8aefac","reportUrl":"../2724//#testresult/1331cd6d1e8aefac","status":"failed","statusDetails":"AssertionError: Failed to read the log file: None","time":{"start":1747808672184,"stop":1747809946660,"duration":1274476}},{"uid":"2a5039cf8586ac24","reportUrl":"../2722//#testresult/2a5039cf8586ac24","status":"passed","time":{"start":1747765452919,"stop":1747766621418,"duration":1168499}},{"uid":"9c48ee7e4807e60a","reportUrl":"../2718//#testresult/9c48ee7e4807e60a","status":"passed","time":{"start":1747722876068,"stop":1747723954759,"duration":1078691}},{"uid":"81e6d34e8f8b072b","reportUrl":"../2717//#testresult/81e6d34e8f8b072b","status":"passed","time":{"start":1747679002245,"stop":1747680021509,"duration":1019264}},{"uid":"d50481c3d34785de","reportUrl":"../2716//#testresult/d50481c3d34785de","status":"passed","time":{"start":1747672914790,"stop":1747673961435,"duration":1046645}},{"uid":"3d0d92d0f9055399","reportUrl":"../2700//#testresult/3d0d92d0f9055399","status":"passed","time":{"start":1747074242765,"stop":1747075836233,"duration":1593468}},{"uid":"9631acd41b5410d7","reportUrl":"../2696//#testresult/9631acd41b5410d7","status":"passed","time":{"start":1747031084874,"stop":1747032214148,"duration":1129274}}]},"tags":["asyncio","openstack"]},"source":"8f2f2339eb4a7052.json","parameterValues":[]}