{"uid":"e6d9c8a51c613c56","name":"test_reactive_mode_does_not_consume_jobs_with_unsupported_labels","fullName":"tests.integration.test_reactive#test_reactive_mode_does_not_consume_jobs_with_unsupported_labels","historyId":"9011cd9d5c598194f9337939c95841a8","time":{"start":1736632052628,"stop":1736632052628,"duration":0},"description":"\n    arrange: Place a message with an unsupported label in the queue and dispatch a workflow.\n    act: Call reconcile.\n    assert: No runner is spawned and the message is not requeued.\n    ","descriptionHtml":"<pre><code>arrange: Place a message with an unsupported label in the queue and dispatch a workflow.\nact: Call reconcile.\nassert: No runner is spawned and the message is not requeued.\n</code></pre>\n","status":"broken","statusMessage":"github.GithubException.BadCredentialsException: 401 {\"message\": \"Bad credentials\", \"documentation_url\": \"https://docs.github.com/rest\", \"status\": \"401\"}","statusTrace":"Traceback (most recent call last):\n  File \"/home/ubuntu/actions-runner/_work/github-runner-operator/github-runner-operator/.tox/integration-juju3.6/lib/python3.10/site-packages/_pytest/runner.py\", line 341, in from_call\n    result: TResult | None = func()\n  File \"/home/ubuntu/actions-runner/_work/github-runner-operator/github-runner-operator/.tox/integration-juju3.6/lib/python3.10/site-packages/_pytest/runner.py\", line 242, in <lambda>\n    lambda: runtest_hook(item=item, **kwds), when=when, reraise=reraise\n  File \"/home/ubuntu/actions-runner/_work/github-runner-operator/github-runner-operator/.tox/integration-juju3.6/lib/python3.10/site-packages/pluggy/_hooks.py\", line 513, in __call__\n    return self._hookexec(self.name, self._hookimpls.copy(), kwargs, firstresult)\n  File \"/home/ubuntu/actions-runner/_work/github-runner-operator/github-runner-operator/.tox/integration-juju3.6/lib/python3.10/site-packages/pluggy/_manager.py\", line 120, in _hookexec\n    return self._inner_hookexec(hook_name, methods, kwargs, firstresult)\n  File \"/home/ubuntu/actions-runner/_work/github-runner-operator/github-runner-operator/.tox/integration-juju3.6/lib/python3.10/site-packages/pluggy/_callers.py\", line 182, in _multicall\n    return outcome.get_result()\n  File \"/home/ubuntu/actions-runner/_work/github-runner-operator/github-runner-operator/.tox/integration-juju3.6/lib/python3.10/site-packages/pluggy/_result.py\", line 100, in get_result\n    raise exc.with_traceback(exc.__traceback__)\n  File \"/home/ubuntu/actions-runner/_work/github-runner-operator/github-runner-operator/.tox/integration-juju3.6/lib/python3.10/site-packages/pluggy/_callers.py\", line 167, in _multicall\n    teardown.throw(outcome._exception)\n  File \"/home/ubuntu/actions-runner/_work/github-runner-operator/github-runner-operator/.tox/integration-juju3.6/lib/python3.10/site-packages/_pytest/unraisableexception.py\", line 90, in pytest_runtest_setup\n    yield from unraisable_exception_runtest_hook()\n  File \"/home/ubuntu/actions-runner/_work/github-runner-operator/github-runner-operator/.tox/integration-juju3.6/lib/python3.10/site-packages/_pytest/unraisableexception.py\", line 70, in unraisable_exception_runtest_hook\n    yield\n  File \"/home/ubuntu/actions-runner/_work/github-runner-operator/github-runner-operator/.tox/integration-juju3.6/lib/python3.10/site-packages/pluggy/_callers.py\", line 167, in _multicall\n    teardown.throw(outcome._exception)\n  File \"/home/ubuntu/actions-runner/_work/github-runner-operator/github-runner-operator/.tox/integration-juju3.6/lib/python3.10/site-packages/_pytest/logging.py\", line 840, in pytest_runtest_setup\n    yield from self._runtest_for(item, \"setup\")\n  File \"/home/ubuntu/actions-runner/_work/github-runner-operator/github-runner-operator/.tox/integration-juju3.6/lib/python3.10/site-packages/_pytest/logging.py\", line 829, in _runtest_for\n    yield\n  File \"/home/ubuntu/actions-runner/_work/github-runner-operator/github-runner-operator/.tox/integration-juju3.6/lib/python3.10/site-packages/pluggy/_callers.py\", line 167, in _multicall\n    teardown.throw(outcome._exception)\n  File \"/home/ubuntu/actions-runner/_work/github-runner-operator/github-runner-operator/.tox/integration-juju3.6/lib/python3.10/site-packages/_pytest/capture.py\", line 875, in pytest_runtest_setup\n    return (yield)\n  File \"/home/ubuntu/actions-runner/_work/github-runner-operator/github-runner-operator/.tox/integration-juju3.6/lib/python3.10/site-packages/pluggy/_callers.py\", line 167, in _multicall\n    teardown.throw(outcome._exception)\n  File \"/home/ubuntu/actions-runner/_work/github-runner-operator/github-runner-operator/.tox/integration-juju3.6/lib/python3.10/site-packages/_pytest/threadexception.py\", line 87, in pytest_runtest_setup\n    yield from thread_exception_runtest_hook()\n  File \"/home/ubuntu/actions-runner/_work/github-runner-operator/github-runner-operator/.tox/integration-juju3.6/lib/python3.10/site-packages/_pytest/threadexception.py\", line 68, in thread_exception_runtest_hook\n    yield\n  File \"/home/ubuntu/actions-runner/_work/github-runner-operator/github-runner-operator/.tox/integration-juju3.6/lib/python3.10/site-packages/pluggy/_callers.py\", line 103, in _multicall\n    res = hook_impl.function(*args)\n  File \"/home/ubuntu/actions-runner/_work/github-runner-operator/github-runner-operator/.tox/integration-juju3.6/lib/python3.10/site-packages/_pytest/runner.py\", line 160, in pytest_runtest_setup\n    item.session._setupstate.setup(item)\n  File \"/home/ubuntu/actions-runner/_work/github-runner-operator/github-runner-operator/.tox/integration-juju3.6/lib/python3.10/site-packages/_pytest/runner.py\", line 514, in setup\n    col.setup()\n  File \"/home/ubuntu/actions-runner/_work/github-runner-operator/github-runner-operator/.tox/integration-juju3.6/lib/python3.10/site-packages/_pytest/python.py\", line 1630, in setup\n    self._request._fillfixtures()\n  File \"/home/ubuntu/actions-runner/_work/github-runner-operator/github-runner-operator/.tox/integration-juju3.6/lib/python3.10/site-packages/_pytest/fixtures.py\", line 697, in _fillfixtures\n    item.funcargs[argname] = self.getfixturevalue(argname)\n  File \"/home/ubuntu/actions-runner/_work/github-runner-operator/github-runner-operator/.tox/integration-juju3.6/lib/python3.10/site-packages/_pytest/fixtures.py\", line 532, in getfixturevalue\n    fixturedef = self._get_active_fixturedef(argname)\n  File \"/home/ubuntu/actions-runner/_work/github-runner-operator/github-runner-operator/.tox/integration-juju3.6/lib/python3.10/site-packages/_pytest/fixtures.py\", line 617, in _get_active_fixturedef\n    fixturedef.execute(request=subrequest)\n  File \"/home/ubuntu/actions-runner/_work/github-runner-operator/github-runner-operator/.tox/integration-juju3.6/lib/python3.10/site-packages/_pytest/fixtures.py\", line 1047, in execute\n    fixturedef = request._get_active_fixturedef(argname)\n  File \"/home/ubuntu/actions-runner/_work/github-runner-operator/github-runner-operator/.tox/integration-juju3.6/lib/python3.10/site-packages/_pytest/fixtures.py\", line 617, in _get_active_fixturedef\n    fixturedef.execute(request=subrequest)\n  File \"/home/ubuntu/actions-runner/_work/github-runner-operator/github-runner-operator/.tox/integration-juju3.6/lib/python3.10/site-packages/_pytest/fixtures.py\", line 1071, in execute\n    raise exc.with_traceback(exc_tb)\n  File \"/home/ubuntu/actions-runner/_work/github-runner-operator/github-runner-operator/.tox/integration-juju3.6/lib/python3.10/site-packages/_pytest/fixtures.py\", line 1140, in pytest_fixture_setup\n    result = call_fixture_func(fixturefunc, request, kwargs)\n  File \"/home/ubuntu/actions-runner/_work/github-runner-operator/github-runner-operator/.tox/integration-juju3.6/lib/python3.10/site-packages/_pytest/fixtures.py\", line 898, in call_fixture_func\n    fixture_result = fixturefunc(**kwargs)\n  File \"/home/ubuntu/actions-runner/_work/github-runner-operator/github-runner-operator/tests/integration/conftest.py\", line 588, in github_client\n    rate_limit = gh.get_rate_limit()\n  File \"/home/ubuntu/actions-runner/_work/github-runner-operator/github-runner-operator/.tox/integration-juju3.6/lib/python3.10/site-packages/github/MainClass.py\", line 334, in get_rate_limit\n    headers, data = self.__requester.requestJsonAndCheck(\"GET\", \"/rate_limit\")\n  File \"/home/ubuntu/actions-runner/_work/github-runner-operator/github-runner-operator/.tox/integration-juju3.6/lib/python3.10/site-packages/github/Requester.py\", line 586, in requestJsonAndCheck\n    return self.__check(*self.requestJson(verb, url, parameters, headers, input, self.__customConnection(url)))\n  File \"/home/ubuntu/actions-runner/_work/github-runner-operator/github-runner-operator/.tox/integration-juju3.6/lib/python3.10/site-packages/github/Requester.py\", line 744, in __check\n    raise self.createException(status, responseHeaders, data)\ngithub.GithubException.BadCredentialsException: 401 {\"message\": \"Bad credentials\", \"documentation_url\": \"https://docs.github.com/rest\", \"status\": \"401\"}","flaky":false,"newFailed":false,"newBroken":false,"newPassed":false,"retriesCount":1,"retriesStatusChange":true,"beforeStages":[{"name":"ops_test","time":{"start":1736632051842,"stop":1736632052283,"duration":441},"status":"passed","steps":[],"attachments":[],"parameters":[],"shouldDisplayMessage":false,"stepsCount":0,"attachmentsCount":0,"hasContent":false,"attachmentStep":false},{"name":"tmp_path_factory","time":{"start":1736632051842,"stop":1736632051842,"duration":0},"status":"passed","steps":[],"attachments":[],"parameters":[],"shouldDisplayMessage":false,"stepsCount":0,"attachmentsCount":0,"hasContent":false,"attachmentStep":false},{"name":"pytestconfig","time":{"start":1736632051842,"stop":1736632051842,"duration":0},"status":"passed","steps":[],"attachments":[],"parameters":[],"shouldDisplayMessage":false,"stepsCount":0,"attachmentsCount":0,"hasContent":false,"attachmentStep":false},{"name":"event_loop","time":{"start":1736632051842,"stop":1736632051842,"duration":0},"status":"passed","steps":[],"attachments":[],"parameters":[],"shouldDisplayMessage":false,"stepsCount":0,"attachmentsCount":0,"hasContent":false,"attachmentStep":false},{"name":"token","time":{"start":1736632052283,"stop":1736632052283,"duration":0},"status":"passed","steps":[],"attachments":[],"parameters":[],"shouldDisplayMessage":false,"stepsCount":0,"attachmentsCount":0,"hasContent":false,"attachmentStep":false},{"name":"github_client","time":{"start":1736632052283,"stop":1736632052623,"duration":340},"status":"broken","statusMessage":"github.GithubException.BadCredentialsException: 401 {\"message\": \"Bad credentials\", \"documentation_url\": \"https://docs.github.com/rest\", \"status\": \"401\"}\n","statusTrace":"  File \"/home/ubuntu/actions-runner/_work/github-runner-operator/github-runner-operator/.tox/integration-juju3.6/lib/python3.10/site-packages/pluggy/_callers.py\", line 167, in _multicall\n    teardown.throw(outcome._exception)\n  File \"/home/ubuntu/actions-runner/_work/github-runner-operator/github-runner-operator/.tox/integration-juju3.6/lib/python3.10/site-packages/_pytest/setuponly.py\", line 36, in pytest_fixture_setup\n    return (yield)\n  File \"/home/ubuntu/actions-runner/_work/github-runner-operator/github-runner-operator/.tox/integration-juju3.6/lib/python3.10/site-packages/pluggy/_callers.py\", line 103, in _multicall\n    res = hook_impl.function(*args)\n  File \"/home/ubuntu/actions-runner/_work/github-runner-operator/github-runner-operator/.tox/integration-juju3.6/lib/python3.10/site-packages/_pytest/fixtures.py\", line 1140, in pytest_fixture_setup\n    result = call_fixture_func(fixturefunc, request, kwargs)\n  File \"/home/ubuntu/actions-runner/_work/github-runner-operator/github-runner-operator/.tox/integration-juju3.6/lib/python3.10/site-packages/_pytest/fixtures.py\", line 898, in call_fixture_func\n    fixture_result = fixturefunc(**kwargs)\n  File \"/home/ubuntu/actions-runner/_work/github-runner-operator/github-runner-operator/tests/integration/conftest.py\", line 588, in github_client\n    rate_limit = gh.get_rate_limit()\n  File \"/home/ubuntu/actions-runner/_work/github-runner-operator/github-runner-operator/.tox/integration-juju3.6/lib/python3.10/site-packages/github/MainClass.py\", line 334, in get_rate_limit\n    headers, data = self.__requester.requestJsonAndCheck(\"GET\", \"/rate_limit\")\n  File \"/home/ubuntu/actions-runner/_work/github-runner-operator/github-runner-operator/.tox/integration-juju3.6/lib/python3.10/site-packages/github/Requester.py\", line 586, in requestJsonAndCheck\n    return self.__check(*self.requestJson(verb, url, parameters, headers, input, self.__customConnection(url)))\n  File \"/home/ubuntu/actions-runner/_work/github-runner-operator/github-runner-operator/.tox/integration-juju3.6/lib/python3.10/site-packages/github/Requester.py\", line 744, in __check\n    raise self.createException(status, responseHeaders, data)\n","steps":[],"attachments":[],"parameters":[],"shouldDisplayMessage":true,"stepsCount":0,"attachmentsCount":0,"hasContent":true,"attachmentStep":false}],"afterStages":[{"name":"ops_test::finalizer","time":{"start":1736632052631,"stop":1736632052990,"duration":359},"status":"passed","steps":[],"attachments":[],"parameters":[],"shouldDisplayMessage":false,"stepsCount":0,"attachmentsCount":0,"hasContent":false,"attachmentStep":false},{"name":"event_loop::2","time":{"start":1736632052991,"stop":1736632052991,"duration":0},"status":"passed","steps":[],"attachments":[],"parameters":[],"shouldDisplayMessage":false,"stepsCount":0,"attachmentsCount":0,"hasContent":false,"attachmentStep":false},{"name":"event_loop::_close_event_loop","time":{"start":1736632052991,"stop":1736632052991,"duration":0},"status":"passed","steps":[],"attachments":[],"parameters":[],"shouldDisplayMessage":false,"stepsCount":0,"attachmentsCount":0,"hasContent":false,"attachmentStep":false},{"name":"event_loop::_provide_clean_event_loop","time":{"start":1736632052991,"stop":1736632052991,"duration":0},"status":"passed","steps":[],"attachments":[],"parameters":[],"shouldDisplayMessage":false,"stepsCount":0,"attachmentsCount":0,"hasContent":false,"attachmentStep":false}],"labels":[{"name":"tag","value":"asyncio"},{"name":"tag","value":"openstack"},{"name":"parentSuite","value":"tests.integration"},{"name":"suite","value":"test_reactive"},{"name":"host","value":"github-runner"},{"name":"thread","value":"15949-MainThread"},{"name":"framework","value":"pytest"},{"name":"language","value":"cpython3"},{"name":"package","value":"tests.integration.test_reactive"},{"name":"resultFormat","value":"allure2"}],"parameters":[],"links":[],"hidden":false,"retry":false,"extra":{"severity":"normal","retries":[{"uid":"bd0ad8c4b41e362d","status":"unknown","time":{}}],"categories":[{"name":"Test defects","matchedStatuses":[],"flaky":false}],"history":{"statistic":{"failed":0,"broken":9,"skipped":1,"passed":15,"unknown":10,"total":35},"items":[{"uid":"3ab56f1ebcc18712","reportUrl":"../1722//#testresult/3ab56f1ebcc18712","status":"unknown","time":{}},{"uid":"96bb22c08dcfc6ce","reportUrl":"../1718//#testresult/96bb22c08dcfc6ce","status":"unknown","time":{}},{"uid":"b9c2382f22d2d31e","reportUrl":"../1717//#testresult/b9c2382f22d2d31e","status":"unknown","time":{}},{"uid":"d7392b64d93768d","reportUrl":"../1714//#testresult/d7392b64d93768d","status":"broken","statusDetails":"github.GithubException.BadCredentialsException: 401 {\"message\": \"Bad credentials\", \"documentation_url\": \"https://docs.github.com/rest\", \"status\": \"401\"}","time":{"start":1736408447538,"stop":1736408447538,"duration":0}},{"uid":"68a80643541d6511","reportUrl":"../1713//#testresult/68a80643541d6511","status":"passed","time":{"start":1736373284993,"stop":1736373308724,"duration":23731}},{"uid":"780dffab2fe8abe5","reportUrl":"../1708//#testresult/780dffab2fe8abe5","status":"broken","statusDetails":"github.GithubException.BadCredentialsException: 401 {\"message\": \"Bad credentials\", \"documentation_url\": \"https://docs.github.com/rest\", \"status\": \"401\"}","time":{"start":1736294037195,"stop":1736294037195,"duration":0}},{"uid":"d1603c15ce25d4d9","reportUrl":"../1698//#testresult/d1603c15ce25d4d9","status":"unknown","time":{}},{"uid":"fb0a803d5e6d149a","reportUrl":"../1697//#testresult/fb0a803d5e6d149a","status":"broken","statusDetails":"github.GithubException.BadCredentialsException: 401 {\"message\": \"Bad credentials\", \"documentation_url\": \"https://docs.github.com/rest\", \"status\": \"401\"}","time":{"start":1735802864987,"stop":1735802864987,"duration":0}},{"uid":"bba70770387a3a53","reportUrl":"../1696//#testresult/bba70770387a3a53","status":"passed","time":{"start":1735770062041,"stop":1735770085673,"duration":23632}},{"uid":"b2c0587279ae773e","reportUrl":"../1695//#testresult/b2c0587279ae773e","status":"passed","time":{"start":1735722400312,"stop":1735722423939,"duration":23627}},{"uid":"17a3b9999a3448c2","reportUrl":"../1694//#testresult/17a3b9999a3448c2","status":"unknown","time":{}},{"uid":"834abd1d940cd16","reportUrl":"../1693//#testresult/834abd1d940cd16","status":"unknown","time":{}},{"uid":"9aa3b9502cbedc88","reportUrl":"../1692//#testresult/9aa3b9502cbedc88","status":"unknown","time":{}},{"uid":"1d776afbb75f748e","reportUrl":"../1691//#testresult/1d776afbb75f748e","status":"passed","time":{"start":1735547960398,"stop":1735547985121,"duration":24723}},{"uid":"bf12b8ff123eb534","reportUrl":"../1690//#testresult/bf12b8ff123eb534","status":"unknown","time":{}},{"uid":"4ccad9407274b921","reportUrl":"../1689//#testresult/4ccad9407274b921","status":"passed","time":{"start":1735461782248,"stop":1735461805847,"duration":23599}},{"uid":"51e1421c7afeeb39","reportUrl":"../1688//#testresult/51e1421c7afeeb39","status":"broken","statusDetails":"github.GithubException.BadCredentialsException: 401 {\"message\": \"Bad credentials\", \"documentation_url\": \"https://docs.github.com/rest\", \"status\": \"401\"}","time":{"start":1735413472947,"stop":1735413472947,"duration":0}},{"uid":"73a8144665198995","reportUrl":"../1687//#testresult/73a8144665198995","status":"passed","time":{"start":1735369653391,"stop":1735369677254,"duration":23863}},{"uid":"bef4e79d96277673","reportUrl":"../1686//#testresult/bef4e79d96277673","status":"broken","statusDetails":"github.GithubException.BadCredentialsException: 401 {\"message\": \"Bad credentials\", \"documentation_url\": \"https://docs.github.com/rest\", \"status\": \"401\"}","time":{"start":1735323823216,"stop":1735323823216,"duration":0}},{"uid":"e724ca49a007310f","reportUrl":"../1685//#testresult/e724ca49a007310f","status":"passed","time":{"start":1735283231899,"stop":1735283255378,"duration":23479}}]},"tags":["asyncio","openstack"]},"source":"e6d9c8a51c613c56.json","parameterValues":[]}