06:31:51 WARNING unexpected facade SSHServer received from the controller
06:31:51 INFO Adding model github-pr-77d1e-lxd:test-charm-upgrade-otod on cloud localhost
06:31:52 WARNING unexpected facade SSHServer received from the controller
06:31:52 WARNING unexpected facade SSHSession received from the controller
06:31:52 WARNING unexpected facade SSHTunneler received from the controller
06:31:53 INFO Deploying ch:amd64/jammy/github-runner-image-builder-110
06:32:13 INFO Deploying local:jammy/github-runner-0
06:32:13 INFO Waiting for model:
  test-xz0r4s1c/0 [allocating] waiting: waiting for machine
  github-runner-image-builder-xz0r4s1c/0 [allocating] waiting: waiting for machine
06:32:43 INFO Waiting for model:
  test-xz0r4s1c/0 [allocating] waiting: waiting for machine
  github-runner-image-builder-xz0r4s1c/0 [allocating] waiting: waiting for machine
06:33:13 INFO Waiting for model:
  test-xz0r4s1c/0 [allocating] waiting: waiting for machine
  github-runner-image-builder-xz0r4s1c/0 [allocating] waiting: waiting for machine
06:33:43 INFO Waiting for model:
  test-xz0r4s1c/0 [allocating] waiting: waiting for machine
  github-runner-image-builder-xz0r4s1c/0 [allocating] waiting: waiting for machine
06:34:14 INFO Waiting for model:
  test-xz0r4s1c/0 [allocating] waiting: waiting for machine
  github-runner-image-builder-xz0r4s1c/0 [allocating] waiting: waiting for machine
06:34:44 INFO Waiting for model:
  test-xz0r4s1c/0 [allocating] waiting: waiting for machine
  github-runner-image-builder-xz0r4s1c/0 [allocating] waiting: waiting for machine
06:35:14 INFO Waiting for model:
  test-xz0r4s1c/0 [allocating] waiting: waiting for machine
  github-runner-image-builder-xz0r4s1c/0 [allocating] waiting: waiting for machine
06:35:44 INFO Waiting for model:
  test-xz0r4s1c/0 [allocating] waiting: waiting for machine
  github-runner-image-builder-xz0r4s1c/0 [allocating] waiting: waiting for machine
06:36:14 INFO Waiting for model:
  test-xz0r4s1c/0 [allocating] waiting: waiting for machine
  github-runner-image-builder-xz0r4s1c/0 [allocating] waiting: waiting for machine
06:36:44 INFO Waiting for model:
  test-xz0r4s1c/0 [allocating] waiting: waiting for machine
  github-runner-image-builder-xz0r4s1c/0 [allocating] waiting: waiting for machine
06:37:14 INFO Waiting for model:
  test-xz0r4s1c/0 [allocating] waiting: waiting for machine
  github-runner-image-builder-xz0r4s1c/0 [allocating] waiting: waiting for machine
06:37:44 INFO Waiting for model:
  test-xz0r4s1c/0 [allocating] waiting: waiting for machine
  github-runner-image-builder-xz0r4s1c/0 [allocating] waiting: waiting for machine
06:38:14 INFO Waiting for model:
  test-xz0r4s1c/0 [executing] maintenance: installing charm software
  github-runner-image-builder-xz0r4s1c/0 [executing] maintenance: Setting up Builder.
06:38:44 INFO Waiting for model:
  test-xz0r4s1c/0 [executing] maintenance: installing charm software
  github-runner-image-builder-xz0r4s1c/0 [executing] maintenance: Setting up Builder.
06:39:14 INFO Waiting for model:
  test-xz0r4s1c/0 [executing] maintenance: installing charm software
  github-runner-image-builder-xz0r4s1c/0 [executing] maintenance: Setting up Builder.
06:39:44 INFO Waiting for model:
  test-xz0r4s1c/0 [executing] maintenance: installing charm software
  github-runner-image-builder-xz0r4s1c/0 [executing] maintenance: Setting up Builder.
06:40:14 INFO Waiting for model:
  test-xz0r4s1c/0 [idle] blocked: Please provide image integration.
  github-runner-image-builder-xz0r4s1c/0 [executing] maintenance: Setting up Builder.
06:40:44 INFO Waiting for model:
  test-xz0r4s1c/0 [idle] blocked: Please provide image integration.
  github-runner-image-builder-xz0r4s1c/0 [executing] maintenance: Setting up Builder.
06:41:14 INFO Waiting for model:
  test-xz0r4s1c/0 [idle] blocked: Please provide image integration.
  github-runner-image-builder-xz0r4s1c/0 [executing] maintenance: Setting up Builder.
06:41:44 INFO Waiting for model:
  test-xz0r4s1c/0 [idle] blocked: Please provide image integration.
  github-runner-image-builder-xz0r4s1c/0 [executing] maintenance: Setting up Builder.
06:42:14 INFO Waiting for model:
  test-xz0r4s1c/0 [idle] blocked: Please provide image integration.
  github-runner-image-builder-xz0r4s1c/0 [executing] maintenance: Setting up Builder.
06:42:44 INFO Waiting for model:
  test-xz0r4s1c/0 [idle] waiting: Waiting for image over integration.
  github-runner-image-builder-xz0r4s1c/0 [executing] active: Building image.
06:43:14 INFO Waiting for model:
  test-xz0r4s1c/0 [idle] waiting: Waiting for image over integration.
  github-runner-image-builder-xz0r4s1c/0 [executing] active: Building image.
06:43:44 INFO Waiting for model:
  test-xz0r4s1c/0 [idle] waiting: Waiting for image over integration.
  github-runner-image-builder-xz0r4s1c/0 [executing] active: Building image.
06:44:14 INFO Waiting for model:
  test-xz0r4s1c/0 [idle] waiting: Waiting for image over integration.
  github-runner-image-builder-xz0r4s1c/0 [executing] active: Building image.
06:44:44 INFO Waiting for model:
  test-xz0r4s1c/0 [idle] waiting: Waiting for image over integration.
  github-runner-image-builder-xz0r4s1c/0 [executing] active: Building image.
06:45:14 INFO Waiting for model:
  test-xz0r4s1c/0 [idle] waiting: Waiting for image over integration.
  github-runner-image-builder-xz0r4s1c/0 [executing] active: Building image.
06:45:44 INFO Waiting for model:
  test-xz0r4s1c/0 [idle] waiting: Waiting for image over integration.
  github-runner-image-builder-xz0r4s1c/0 [executing] active: Building image.
06:46:15 INFO Waiting for model:
  test-xz0r4s1c/0 [idle] waiting: Waiting for image over integration.
  github-runner-image-builder-xz0r4s1c/0 [executing] active: Building image.
06:46:45 INFO Waiting for model:
  test-xz0r4s1c/0 [idle] waiting: Waiting for image over integration.
  github-runner-image-builder-xz0r4s1c/0 [executing] active: Building image.
06:47:15 INFO Waiting for model:
  test-xz0r4s1c/0 [idle] waiting: Waiting for image over integration.
  github-runner-image-builder-xz0r4s1c/0 [executing] active: Building image.
06:47:45 INFO Waiting for model:
  test-xz0r4s1c/0 [idle] waiting: Waiting for image over integration.
  github-runner-image-builder-xz0r4s1c/0 [executing] active: Building image.
06:48:15 INFO Waiting for model:
  test-xz0r4s1c/0 [idle] waiting: Waiting for image over integration.
  github-runner-image-builder-xz0r4s1c/0 [executing] active: Building image.
06:48:45 INFO Waiting for model:
  test-xz0r4s1c/0 [idle] waiting: Waiting for image over integration.
  github-runner-image-builder-xz0r4s1c/0 [executing] active: Building image.
06:49:15 INFO Waiting for model:
  test-xz0r4s1c/0 [idle] waiting: Waiting for image over integration.
  github-runner-image-builder-xz0r4s1c/0 [executing] active: Building image.
06:49:45 INFO Waiting for model:
  test-xz0r4s1c/0 [idle] waiting: Waiting for image over integration.
  github-runner-image-builder-xz0r4s1c/0 [executing] active: Building image.
06:50:15 INFO Waiting for model:
  test-xz0r4s1c/0 [idle] waiting: Waiting for image over integration.
  github-runner-image-builder-xz0r4s1c/0 [executing] active: Building image.
06:50:45 INFO Waiting for model:
  test-xz0r4s1c/0 [idle] waiting: Waiting for image over integration.
  github-runner-image-builder-xz0r4s1c/0 [executing] active: Building image.
06:51:15 INFO Waiting for model:
  test-xz0r4s1c/0 [idle] waiting: Waiting for image over integration.
  github-runner-image-builder-xz0r4s1c/0 [executing] active: Building image.
06:51:45 INFO Waiting for model:
  test-xz0r4s1c/0 [idle] waiting: Waiting for image over integration.
  github-runner-image-builder-xz0r4s1c/0 [executing] active: Building image.
06:52:15 INFO Waiting for model:
  test-xz0r4s1c/0 [idle] waiting: Waiting for image over integration.
  github-runner-image-builder-xz0r4s1c/0 [executing] active: Building image.
06:52:45 INFO Waiting for model:
  test-xz0r4s1c/0 [idle] waiting: Waiting for image over integration.
  github-runner-image-builder-xz0r4s1c/0 [executing] active: Building image.
06:53:15 INFO Waiting for model:
  test-xz0r4s1c/0 [idle] waiting: Waiting for image over integration.
  github-runner-image-builder-xz0r4s1c/0 [executing] active: Building image.
06:53:45 INFO Waiting for model:
  test-xz0r4s1c/0 [idle] waiting: Waiting for image over integration.
  github-runner-image-builder-xz0r4s1c/0 [executing] active: Building image.
06:54:15 INFO Waiting for model:
  test-xz0r4s1c/0 [executing] maintenance: Update image for runners
  github-runner-image-builder-xz0r4s1c/0 [idle] active: 
06:54:45 INFO Waiting for model:
  test-xz0r4s1c/0 [idle] active: 
06:57:28 INFO Waiting for model:
  test-xz0r4s1c/0 [idle] active:
06:58:03 INFO Model status:

Model                    Controller           Cloud/Region         Version  SLA          Timestamp
test-charm-upgrade-otod  github-pr-77d1e-lxd  localhost/localhost  3.6.9    unsupported  06:58:03Z

App                                   Version  Status  Scale  Charm                        Channel      Rev  Exposed  Message
github-runner-image-builder-xz0r4s1c           active      1  github-runner-image-builder  latest/edge  110  no       
test-xz0r4s1c                                  active      1  github-runner                               1  no       

Unit                                     Workload  Agent  Machine  Public address  Ports  Message
github-runner-image-builder-xz0r4s1c/0*  active    idle   0        10.37.19.69            
test-xz0r4s1c/0*                         active    idle   1        10.37.19.82            

Machine  State    Address      Inst id        Base          AZ             Message
0        started  10.37.19.69  juju-3d8df8-0  ubuntu@22.04  github-runner  Running
1        started  10.37.19.82  juju-3d8df8-1  ubuntu@22.04  github-runner  Running

06:58:03 INFO Juju error logs:

machine-1: 06:37:56 ERROR juju.worker.dependency "kvm-container-provisioner" manifold worker returned unexpected error: container types not yet available
machine-1: 06:37:56 ERROR juju.worker.dependency "lxd-container-provisioner" manifold worker returned unexpected error: container types not yet available
unit-test-xz0r4s1c-0: 06:37:56 ERROR juju.worker.meterstatus error running "meter-status-changed": charm missing from disk
machine-0: 06:37:56 ERROR juju.worker.dependency "lxd-container-provisioner" manifold worker returned unexpected error: container types not yet available
machine-0: 06:37:56 ERROR juju.worker.dependency "kvm-container-provisioner" manifold worker returned unexpected error: container types not yet available
unit-github-runner-image-builder-xz0r4s1c-0: 06:37:56 ERROR juju.worker.meterstatus error running "meter-status-changed": charm missing from disk
unit-github-runner-image-builder-xz0r4s1c-0: 06:39:27 ERROR unit.github-runner-image-builder-xz0r4s1c/0.juju-log Pipx command failed, code: 1, out: None, err: None
unit-test-xz0r4s1c-0: 06:39:49 ERROR unit.test-xz0r4s1c/0.juju-log Missing image integration.
Traceback (most recent call last):
  File "/var/lib/juju/agents/unit-test-xz0r4s1c-0/charm/./src/charm.py", line 118, in func_with_catch_errors
    func(self, event)
  File "/var/lib/juju/agents/unit-test-xz0r4s1c-0/charm/./src/charm.py", line 342, in _on_config_changed
    self._check_image_ready()
  File "/var/lib/juju/agents/unit-test-xz0r4s1c-0/charm/./src/charm.py", line 512, in _check_image_ready
    raise ImageIntegrationMissingError("No image integration found")
errors.ImageIntegrationMissingError: No image integration found
unit-test-xz0r4s1c-0: 06:39:51 ERROR unit.test-xz0r4s1c/0.juju-log Missing image integration.
Traceback (most recent call last):
  File "/var/lib/juju/agents/unit-test-xz0r4s1c-0/charm/./src/charm.py", line 118, in func_with_catch_errors
    func(self, event)
  File "/var/lib/juju/agents/unit-test-xz0r4s1c-0/charm/./src/charm.py", line 313, in _on_start
    self._check_image_ready()
  File "/var/lib/juju/agents/unit-test-xz0r4s1c-0/charm/./src/charm.py", line 512, in _check_image_ready
    raise ImageIntegrationMissingError("No image integration found")
errors.ImageIntegrationMissingError: No image integration found
unit-test-xz0r4s1c-0: 06:42:18 ERROR unit.test-xz0r4s1c/0.juju-log image:0: Missing image in image integration.
Traceback (most recent call last):
  File "/var/lib/juju/agents/unit-test-xz0r4s1c-0/charm/./src/charm.py", line 118, in func_with_catch_errors
    func(self, event)
  File "/var/lib/juju/agents/unit-test-xz0r4s1c-0/charm/./src/charm.py", line 477, in _on_image_relation_changed
    self._check_image_ready()
  File "/var/lib/juju/agents/unit-test-xz0r4s1c-0/charm/./src/charm.py", line 514, in _check_image_ready
    raise ImageNotFoundError("No image found in the image integration")
errors.ImageNotFoundError: No image found in the image integration

06:58:03 INFO Forgetting model main...