07:14:20 INFO Waiting for model:
  test-nkioaxfe/0 [idle] active: 
07:14:50 INFO Waiting for model:
  test-nkioaxfe/0 [idle] active: 
07:14:54 INFO Current reconcile ID: f33b1f41-1269-4db9-a62e-3259ae4e5e42
07:14:54 INFO Waiting for reconcile ID: f33b1f41-1269-4db9-a62e-3259ae4e5e42
07:15:55 INFO Current reconcile ID: f33b1f41-1269-4db9-a62e-3259ae4e5e42
07:15:55 INFO Current reconcile ID: f33b1f41-1269-4db9-a62e-3259ae4e5e42, expected reconcile ID: f33b1f41-1269-4db9-a62e-3259ae4e5e42
07:15:55 INFO Waiting for reconcile ID: f33b1f41-1269-4db9-a62e-3259ae4e5e42
07:16:57 INFO Current reconcile ID: 8a2db25e-c1b1-432f-b09d-b9592dbb1f19
07:16:57 INFO Current reconcile ID: 8a2db25e-c1b1-432f-b09d-b9592dbb1f19, expected reconcile ID: f33b1f41-1269-4db9-a62e-3259ae4e5e42
07:17:03 INFO [TEST SETUP] Exposing port 8080 on test-nkioaxfe-0-n-b0e9df8d668f
07:17:03 WARNING dict_values([[{'version': 4, 'addr': '10.145.193.129', 'OS-EXT-IPS:type': 'fixed', 'OS-EXT-IPS-MAC:mac_addr': 'fa:16:3e:f4:19:cb'}]])
07:17:04 INFO ssh tunnel command ssh -fNT -R 8080:localhost:8080 -i /home/runner-manager/.ssh/test-nkioaxfe-0-n-b0e9df8d668f.key -o "StrictHostKeyChecking no" -o "ControlPersist yes" ubuntu@10.145.193.129 &
07:17:05 INFO ssh tunnel result 0 None Warning: Permanently added '10.145.193.129' (ED25519) to the list of known hosts.

07:17:07 INFO [TEST SETUP] Run command nc -z localhost 8080 on test-nkioaxfe-0-n-b0e9df8d668f
07:17:07 WARNING dict_values([[{'version': 4, 'addr': '10.145.193.129', 'OS-EXT-IPS:type': 'fixed', 'OS-EXT-IPS-MAC:mac_addr': 'fa:16:3e:f4:19:cb'}]])
07:17:08 WARNING ssh_cmd: su - ubuntu -c 'ssh -i /home/runner-manager/.ssh/test-nkioaxfe-0-n-b0e9df8d668f.key -o "StrictHostKeyChecking no" ubuntu@10.145.193.129 nc -z localhost 8080'
07:17:09 INFO Run command 'nc -z localhost 8080' in runner with result 0: 'None' 'Connection to localhost (127.0.0.1) 8080 port [tcp/http-alt] succeeded!
'
07:17:09 INFO [TEST SETUP] Run command curl http://localhost:8080 on test-nkioaxfe-0-n-b0e9df8d668f
07:17:09 WARNING dict_values([[{'version': 4, 'addr': '10.145.193.129', 'OS-EXT-IPS:type': 'fixed', 'OS-EXT-IPS-MAC:mac_addr': 'fa:16:3e:f4:19:cb'}]])
07:17:10 WARNING ssh_cmd: su - ubuntu -c 'ssh -i /home/runner-manager/.ssh/test-nkioaxfe-0-n-b0e9df8d668f.key -o "StrictHostKeyChecking no" ubuntu@10.145.193.129 curl http://localhost:8080'
07:17:11 INFO Run command 'curl http://localhost:8080' in runner with result 0: '<!doctype html>
<html lang=en>
<title>404 Not Found</title>
<h1>Not Found</h1>
<p>The requested URL was not found on the server. If you entered the URL manually please check your spelling and try again.</p>
' '  % Total    % Received % Xferd  Average Speed   Time    Time     Time  Current
                                 Dload  Upload   Total   Spent    Left  Speed
  0     0    0     0    0     0      0      0 --:--:-- --:--:-- --:--:--     0100   207  100   207    0     0  42645      0 --:--:-- --:--:-- --:--:-- 51750
'
07:17:13 INFO Wait for condition not met, sleeping 10
07:17:23 INFO Waiting for model:
  test-nkioaxfe/0 [idle] active: 
07:17:54 INFO Waiting for model:
  test-nkioaxfe/0 [idle] active: 
07:17:57 INFO Current reconcile ID: 27ed4e10-8369-4a08-8415-bb0bd5803200
07:17:57 INFO Waiting for reconcile ID: 27ed4e10-8369-4a08-8415-bb0bd5803200
07:18:58 INFO Current reconcile ID: 27ed4e10-8369-4a08-8415-bb0bd5803200
07:18:58 INFO Current reconcile ID: 27ed4e10-8369-4a08-8415-bb0bd5803200, expected reconcile ID: 27ed4e10-8369-4a08-8415-bb0bd5803200
07:18:58 INFO Waiting for reconcile ID: 27ed4e10-8369-4a08-8415-bb0bd5803200
07:19:59 INFO Current reconcile ID: 0b945c25-1a3e-4da3-bc4d-ba8b13e938aa
07:19:59 INFO Current reconcile ID: 0b945c25-1a3e-4da3-bc4d-ba8b13e938aa, expected reconcile ID: 27ed4e10-8369-4a08-8415-bb0bd5803200
07:20:02 INFO Model status:

Model                   Controller           Cloud/Region         Version  SLA          Timestamp
test-charm-runner-gr6j  github-pr-77d1e-lxd  localhost/localhost  3.6.9    unsupported  07:20:02Z

App                                   Version  Status  Scale  Charm                        Channel      Rev  Exposed  Message
github-runner-image-builder-nkioaxfe           active      1  github-runner-image-builder  latest/edge  110  no       
test-nkioaxfe                                  active      1  github-runner                               0  yes      

Unit                                     Workload  Agent  Machine  Public address  Ports     Message
github-runner-image-builder-nkioaxfe/0*  active    idle   0        10.105.227.51             
test-nkioaxfe/0*                         active    idle   1        10.105.227.46   8080/tcp  

Machine  State    Address        Inst id        Base          AZ             Message
0        started  10.105.227.51  juju-eab1fd-0  ubuntu@22.04  github-runner  Running
1        started  10.105.227.46  juju-eab1fd-1  ubuntu@22.04  github-runner  Running

07:20:02 INFO Juju error logs:

machine-0: 06:32:37 ERROR juju.worker.dependency "kvm-container-provisioner" manifold worker returned unexpected error: container types not yet available
machine-0: 06:32:37 ERROR juju.worker.dependency "lxd-container-provisioner" manifold worker returned unexpected error: container types not yet available
unit-github-runner-image-builder-nkioaxfe-0: 06:32:37 ERROR juju.worker.meterstatus error running "meter-status-changed": charm missing from disk
machine-1: 06:32:41 ERROR juju.worker.dependency "lxd-container-provisioner" manifold worker returned unexpected error: container types not yet available
machine-1: 06:32:41 ERROR juju.worker.dependency "kvm-container-provisioner" manifold worker returned unexpected error: container types not yet available
unit-test-nkioaxfe-0: 06:32:41 ERROR juju.worker.meterstatus error running "meter-status-changed": charm missing from disk
unit-github-runner-image-builder-nkioaxfe-0: 06:33:29 ERROR unit.github-runner-image-builder-nkioaxfe/0.juju-log Pipx command failed, code: 1, out: None, err: None
unit-test-nkioaxfe-0: 06:34:15 ERROR unit.test-nkioaxfe/0.juju-log Missing image integration.
Traceback (most recent call last):
  File "/var/lib/juju/agents/unit-test-nkioaxfe-0/charm/./src/charm.py", line 118, in func_with_catch_errors
    func(self, event)
  File "/var/lib/juju/agents/unit-test-nkioaxfe-0/charm/./src/charm.py", line 342, in _on_config_changed
    self._check_image_ready()
  File "/var/lib/juju/agents/unit-test-nkioaxfe-0/charm/./src/charm.py", line 512, in _check_image_ready
    raise ImageIntegrationMissingError("No image integration found")
errors.ImageIntegrationMissingError: No image integration found
unit-test-nkioaxfe-0: 06:34:17 ERROR unit.test-nkioaxfe/0.juju-log Missing image integration.
Traceback (most recent call last):
  File "/var/lib/juju/agents/unit-test-nkioaxfe-0/charm/./src/charm.py", line 118, in func_with_catch_errors
    func(self, event)
  File "/var/lib/juju/agents/unit-test-nkioaxfe-0/charm/./src/charm.py", line 313, in _on_start
    self._check_image_ready()
  File "/var/lib/juju/agents/unit-test-nkioaxfe-0/charm/./src/charm.py", line 512, in _check_image_ready
    raise ImageIntegrationMissingError("No image integration found")
errors.ImageIntegrationMissingError: No image integration found
unit-test-nkioaxfe-0: 06:36:26 ERROR unit.test-nkioaxfe/0.juju-log image:0: Missing image in image integration.
Traceback (most recent call last):
  File "/var/lib/juju/agents/unit-test-nkioaxfe-0/charm/./src/charm.py", line 118, in func_with_catch_errors
    func(self, event)
  File "/var/lib/juju/agents/unit-test-nkioaxfe-0/charm/./src/charm.py", line 477, in _on_image_relation_changed
    self._check_image_ready()
  File "/var/lib/juju/agents/unit-test-nkioaxfe-0/charm/./src/charm.py", line 514, in _check_image_ready
    raise ImageNotFoundError("No image found in the image integration")
errors.ImageNotFoundError: No image found in the image integration

07:20:02 INFO Forgetting model main...