06:43:13 INFO Waiting for model:
  test-letvzpdq/0 [idle] active: 
06:43:43 INFO Waiting for model:
  test-letvzpdq/0 [idle] active: 
06:43:46 INFO Current reconcile ID: 68e7de83-c451-4272-944a-b4f73efb157b
06:43:46 INFO Waiting for reconcile ID: 68e7de83-c451-4272-944a-b4f73efb157b
06:44:47 INFO Current reconcile ID: 68e7de83-c451-4272-944a-b4f73efb157b
06:44:47 INFO Current reconcile ID: 68e7de83-c451-4272-944a-b4f73efb157b, expected reconcile ID: 68e7de83-c451-4272-944a-b4f73efb157b
06:44:47 INFO Waiting for reconcile ID: 68e7de83-c451-4272-944a-b4f73efb157b
06:45:48 INFO Current reconcile ID: c20a5929-e604-4044-ac52-4d481ad38d52
06:45:48 INFO Current reconcile ID: c20a5929-e604-4044-ac52-4d481ad38d52, expected reconcile ID: 68e7de83-c451-4272-944a-b4f73efb157b
06:45:52 INFO [TEST SETUP] Exposing port 8080 on test-letvzpdq-0-n-387b414f077b
06:45:52 WARNING dict_values([[{'version': 4, 'addr': '10.151.122.38', 'OS-EXT-IPS:type': 'fixed', 'OS-EXT-IPS-MAC:mac_addr': 'fa:16:3e:cb:0d:dd'}]])
06:45:53 INFO ssh tunnel command ssh -fNT -R 8080:localhost:8080 -i /home/runner-manager/.ssh/test-letvzpdq-0-n-387b414f077b.key -o "StrictHostKeyChecking no" -o "ControlPersist yes" ubuntu@10.151.122.38 &
06:45:54 INFO ssh tunnel result 0 None Warning: Permanently added '10.151.122.38' (ED25519) to the list of known hosts.

06:45:55 INFO [TEST SETUP] Run command nc -z localhost 8080 on test-letvzpdq-0-n-387b414f077b
06:45:55 WARNING dict_values([[{'version': 4, 'addr': '10.151.122.38', 'OS-EXT-IPS:type': 'fixed', 'OS-EXT-IPS-MAC:mac_addr': 'fa:16:3e:cb:0d:dd'}]])
06:45:56 WARNING ssh_cmd: su - ubuntu -c 'ssh -i /home/runner-manager/.ssh/test-letvzpdq-0-n-387b414f077b.key -o "StrictHostKeyChecking no" ubuntu@10.151.122.38 nc -z localhost 8080'
06:45:57 INFO Run command 'nc -z localhost 8080' in runner with result 0: 'None' 'Connection to localhost (127.0.0.1) 8080 port [tcp/http-alt] succeeded!
'
06:45:58 INFO [TEST SETUP] Run command curl http://localhost:8080 on test-letvzpdq-0-n-387b414f077b
06:45:58 WARNING dict_values([[{'version': 4, 'addr': '10.151.122.38', 'OS-EXT-IPS:type': 'fixed', 'OS-EXT-IPS-MAC:mac_addr': 'fa:16:3e:cb:0d:dd'}]])
06:45:59 WARNING ssh_cmd: su - ubuntu -c 'ssh -i /home/runner-manager/.ssh/test-letvzpdq-0-n-387b414f077b.key -o "StrictHostKeyChecking no" ubuntu@10.151.122.38 curl http://localhost:8080'
06:46:00 INFO Run command 'curl http://localhost:8080' in runner with result 0: '<!doctype html>
<html lang=en>
<title>404 Not Found</title>
<h1>Not Found</h1>
<p>The requested URL was not found on the server. If you entered the URL manually please check your spelling and try again.</p>
' '  % Total    % Received % Xferd  Average Speed   Time    Time     Time  Current
                                 Dload  Upload   Total   Spent    Left  Speed
  0     0    0     0    0     0      0      0 --:--:-- --:--:-- --:--:--     0100   207  100   207    0     0  98759      0 --:--:-- --:--:-- --:--:--  101k
'
06:46:01 INFO Wait for condition not met, sleeping 10
06:46:12 INFO Waiting for model:
  test-letvzpdq/0 [idle] active: 
06:46:42 INFO Waiting for model:
  test-letvzpdq/0 [idle] active: 
06:46:45 INFO Current reconcile ID: 436642c9-7ee8-45e6-9ce5-29e2e637c8d0
06:46:45 INFO Waiting for reconcile ID: 436642c9-7ee8-45e6-9ce5-29e2e637c8d0
06:47:46 INFO Current reconcile ID: 436642c9-7ee8-45e6-9ce5-29e2e637c8d0
06:47:46 INFO Current reconcile ID: 436642c9-7ee8-45e6-9ce5-29e2e637c8d0, expected reconcile ID: 436642c9-7ee8-45e6-9ce5-29e2e637c8d0
06:47:46 INFO Waiting for reconcile ID: 436642c9-7ee8-45e6-9ce5-29e2e637c8d0
06:48:47 INFO Current reconcile ID: 71f7c044-2caf-4af6-ade5-a1d341b1a2d7
06:48:47 INFO Current reconcile ID: 71f7c044-2caf-4af6-ade5-a1d341b1a2d7, expected reconcile ID: 436642c9-7ee8-45e6-9ce5-29e2e637c8d0
06:48:48 INFO Model status:

Model                   Controller           Cloud/Region         Version  SLA          Timestamp
test-charm-runner-93f8  github-pr-dfddc-lxd  localhost/localhost  3.6.12   unsupported  06:48:48Z

App                                   Version  Status  Scale  Charm          Channel      Rev  Exposed  Message
github-runner-image-builder-letvzpdq           active      1  any-charm      latest/beta  124  no       
test-letvzpdq                                  active      1  github-runner                 0  yes      

Unit                                     Workload  Agent  Machine  Public address  Ports     Message
github-runner-image-builder-letvzpdq/0*  active    idle   0        10.181.29.116             
test-letvzpdq/0*                         active    idle   1        10.181.29.66    8080/tcp  

Machine  State    Address        Inst id        Base          AZ             Message
0        started  10.181.29.116  juju-8794eb-0  ubuntu@24.04  github-runner  Running
1        started  10.181.29.66   juju-8794eb-1  ubuntu@22.04  github-runner  Running

06:48:48 INFO Juju error logs:

machine-0: 06:20:10 ERROR juju.worker.dependency "lxd-container-provisioner" manifold worker returned unexpected error: container types not yet available
machine-0: 06:20:10 ERROR juju.worker.dependency "kvm-container-provisioner" manifold worker returned unexpected error: container types not yet available
machine-1: 06:21:09 ERROR juju.worker.dependency "kvm-container-provisioner" manifold worker returned unexpected error: container types not yet available
machine-1: 06:21:09 ERROR juju.worker.dependency "lxd-container-provisioner" manifold worker returned unexpected error: container types not yet available
unit-test-letvzpdq-0: 06:22:16 ERROR unit.test-letvzpdq/0.juju-log Missing image integration.
Traceback (most recent call last):
  File "/var/lib/juju/agents/unit-test-letvzpdq-0/charm/./src/charm.py", line 119, in func_with_catch_errors
    func(self, event)
  File "/var/lib/juju/agents/unit-test-letvzpdq-0/charm/./src/charm.py", line 354, in _on_config_changed
    self._check_image_ready()
  File "/var/lib/juju/agents/unit-test-letvzpdq-0/charm/./src/charm.py", line 524, in _check_image_ready
    raise ImageIntegrationMissingError("No image integration found")
errors.ImageIntegrationMissingError: No image integration found
unit-test-letvzpdq-0: 06:22:18 ERROR unit.test-letvzpdq/0.juju-log Missing image integration.
Traceback (most recent call last):
  File "/var/lib/juju/agents/unit-test-letvzpdq-0/charm/./src/charm.py", line 119, in func_with_catch_errors
    func(self, event)
  File "/var/lib/juju/agents/unit-test-letvzpdq-0/charm/./src/charm.py", line 317, in _on_start
    self._check_image_ready()
  File "/var/lib/juju/agents/unit-test-letvzpdq-0/charm/./src/charm.py", line 524, in _check_image_ready
    raise ImageIntegrationMissingError("No image integration found")
errors.ImageIntegrationMissingError: No image integration found

06:48:48 INFO Forgetting model main...