18:26:01 WARNING unexpected facade SSHServer received from the controller
18:26:01 INFO Adding model github-pr-a94c6-lxd:test-charm-upgrade-6w84 on cloud localhost
18:26:01 WARNING unexpected facade SSHServer received from the controller
18:26:01 WARNING unexpected facade SSHSession received from the controller
18:26:01 WARNING unexpected facade SSHTunneler received from the controller
18:26:02 INFO Deploying ch:amd64/jammy/github-runner-image-builder-128
18:26:24 INFO Deploying local:jammy/github-runner-0
18:26:24 INFO Waiting for model:
  test-g7udvxkx/0 [allocating] waiting: waiting for machine
  github-runner-image-builder-g7udvxkx/0 [allocating] waiting: waiting for machine
18:26:54 INFO Waiting for model:
  test-g7udvxkx/0 [allocating] waiting: waiting for machine
  github-runner-image-builder-g7udvxkx/0 [allocating] waiting: agent initialising
18:27:24 INFO Waiting for model:
  test-g7udvxkx/0 [executing] maintenance: installing charm software
  github-runner-image-builder-g7udvxkx/0 [executing] maintenance: Setting up Builder.
18:27:54 INFO Waiting for model:
  test-g7udvxkx/0 [executing] maintenance: installing charm software
  github-runner-image-builder-g7udvxkx/0 [executing] maintenance: Setting up Builder.
18:28:25 INFO Waiting for model:
  test-g7udvxkx/0 [idle] blocked: Please provide image integration.
  github-runner-image-builder-g7udvxkx/0 [executing] maintenance: Setting up Builder.
18:28:55 INFO Waiting for model:
  test-g7udvxkx/0 [idle] blocked: Please provide image integration.
  github-runner-image-builder-g7udvxkx/0 [executing] maintenance: Setting up Builder.
18:29:25 INFO Waiting for model:
  test-g7udvxkx/0 [idle] waiting: Waiting for image over integration.
  github-runner-image-builder-g7udvxkx/0 [executing] active: Building image.
18:29:55 INFO Waiting for model:
  test-g7udvxkx/0 [idle] waiting: Waiting for image over integration.
  github-runner-image-builder-g7udvxkx/0 [executing] active: Building image.
18:30:25 INFO Waiting for model:
  test-g7udvxkx/0 [idle] waiting: Waiting for image over integration.
  github-runner-image-builder-g7udvxkx/0 [executing] active: Building image.
18:30:55 INFO Waiting for model:
  test-g7udvxkx/0 [idle] waiting: Waiting for image over integration.
  github-runner-image-builder-g7udvxkx/0 [executing] active: Building image.
18:31:25 INFO Waiting for model:
  test-g7udvxkx/0 [idle] waiting: Waiting for image over integration.
  github-runner-image-builder-g7udvxkx/0 [executing] active: Building image.
18:31:55 INFO Waiting for model:
  test-g7udvxkx/0 [idle] waiting: Waiting for image over integration.
  github-runner-image-builder-g7udvxkx/0 [executing] active: Building image.
18:32:25 INFO Waiting for model:
  test-g7udvxkx/0 [idle] waiting: Waiting for image over integration.
  github-runner-image-builder-g7udvxkx/0 [executing] active: Building image.
18:32:55 INFO Waiting for model:
  test-g7udvxkx/0 [idle] waiting: Waiting for image over integration.
  github-runner-image-builder-g7udvxkx/0 [executing] active: Building image.
18:33:25 INFO Waiting for model:
  test-g7udvxkx/0 [idle] waiting: Waiting for image over integration.
  github-runner-image-builder-g7udvxkx/0 [executing] active: Building image.
18:33:55 INFO Waiting for model:
  test-g7udvxkx/0 [idle] waiting: Waiting for image over integration.
  github-runner-image-builder-g7udvxkx/0 [executing] active: Building image.
18:34:25 INFO Waiting for model:
  test-g7udvxkx/0 [idle] waiting: Waiting for image over integration.
  github-runner-image-builder-g7udvxkx/0 [executing] active: Building image.
18:34:55 INFO Waiting for model:
  test-g7udvxkx/0 [idle] waiting: Waiting for image over integration.
  github-runner-image-builder-g7udvxkx/0 [executing] active: Building image.
18:35:25 INFO Waiting for model:
  test-g7udvxkx/0 [idle] waiting: Waiting for image over integration.
  github-runner-image-builder-g7udvxkx/0 [executing] active: Building image.
18:35:55 INFO Waiting for model:
  test-g7udvxkx/0 [idle] waiting: Waiting for image over integration.
  github-runner-image-builder-g7udvxkx/0 [executing] active: Building image.
18:36:25 INFO Waiting for model:
  test-g7udvxkx/0 [idle] waiting: Waiting for image over integration.
  github-runner-image-builder-g7udvxkx/0 [executing] active: Building image.
18:36:55 INFO Waiting for model:
  test-g7udvxkx/0 [idle] waiting: Waiting for image over integration.
  github-runner-image-builder-g7udvxkx/0 [executing] active: Building image.
18:37:25 INFO Waiting for model:
  test-g7udvxkx/0 [idle] waiting: Waiting for image over integration.
  github-runner-image-builder-g7udvxkx/0 [executing] active: Building image.
18:37:55 INFO Waiting for model:
  test-g7udvxkx/0 [idle] waiting: Waiting for image over integration.
  github-runner-image-builder-g7udvxkx/0 [executing] active: Building image.
18:38:25 INFO Waiting for model:
  test-g7udvxkx/0 [idle] waiting: Waiting for image over integration.
  github-runner-image-builder-g7udvxkx/0 [executing] active: Building image.
18:38:55 INFO Waiting for model:
  test-g7udvxkx/0 [idle] waiting: Waiting for image over integration.
  github-runner-image-builder-g7udvxkx/0 [executing] active: Building image.
18:39:25 INFO Waiting for model:
  test-g7udvxkx/0 [idle] waiting: Waiting for image over integration.
  github-runner-image-builder-g7udvxkx/0 [executing] active: Building image.
18:39:55 INFO Waiting for model:
  test-g7udvxkx/0 [idle] waiting: Waiting for image over integration.
  github-runner-image-builder-g7udvxkx/0 [executing] active: Building image.
18:40:25 INFO Waiting for model:
  test-g7udvxkx/0 [idle] waiting: Waiting for image over integration.
  github-runner-image-builder-g7udvxkx/0 [executing] active: Building image.
18:40:55 INFO Waiting for model:
  test-g7udvxkx/0 [idle] waiting: Waiting for image over integration.
  github-runner-image-builder-g7udvxkx/0 [executing] active: Building image.
18:41:25 INFO Waiting for model:
  test-g7udvxkx/0 [idle] waiting: Waiting for image over integration.
  github-runner-image-builder-g7udvxkx/0 [executing] active: Building image.
18:41:55 INFO Waiting for model:
  test-g7udvxkx/0 [idle] waiting: Waiting for image over integration.
  github-runner-image-builder-g7udvxkx/0 [executing] active: Building image.
18:42:25 INFO Waiting for model:
  test-g7udvxkx/0 [idle] waiting: Waiting for image over integration.
  github-runner-image-builder-g7udvxkx/0 [executing] active: Building image.
18:42:56 INFO Waiting for model:
  test-g7udvxkx/0 [idle] waiting: Waiting for image over integration.
  github-runner-image-builder-g7udvxkx/0 [executing] active: Building image.
18:43:26 INFO Waiting for model:
  test-g7udvxkx/0 [idle] waiting: Waiting for image over integration.
  github-runner-image-builder-g7udvxkx/0 [executing] active: Building image.
18:43:56 INFO Waiting for model:
  test-g7udvxkx/0 [idle] waiting: Waiting for image over integration.
  github-runner-image-builder-g7udvxkx/0 [executing] active: Building image.
18:44:26 INFO Waiting for model:
  test-g7udvxkx/0 [idle] waiting: Waiting for image over integration.
  github-runner-image-builder-g7udvxkx/0 [executing] active: Building image.
18:44:56 INFO Waiting for model:
  test-g7udvxkx/0 [idle] waiting: Waiting for image over integration.
  github-runner-image-builder-g7udvxkx/0 [executing] active: Building image.
18:45:26 INFO Waiting for model:
  test-g7udvxkx/0 [idle] active: 
  github-runner-image-builder-g7udvxkx/0 [idle] active: 
18:47:12 INFO Waiting for model:
  test-g7udvxkx/0 [idle] active:
18:47:45 INFO Model status:

Model                    Controller           Cloud/Region         Version  SLA          Timestamp
test-charm-upgrade-6w84  github-pr-a94c6-lxd  localhost/localhost  3.6.11   unsupported  18:47:45Z

App                                   Version  Status  Scale  Charm                        Channel      Rev  Exposed  Message
github-runner-image-builder-g7udvxkx           active      1  github-runner-image-builder  latest/edge  128  no       
test-g7udvxkx                                  active      1  github-runner                               1  no       

Unit                                     Workload  Agent  Machine  Public address  Ports  Message
github-runner-image-builder-g7udvxkx/0*  active    idle   0        10.112.129.113         
test-g7udvxkx/0*                         active    idle   1        10.112.129.6           

Machine  State    Address         Inst id        Base          AZ             Message
0        started  10.112.129.113  juju-148fb1-0  ubuntu@22.04  github-runner  Running
1        started  10.112.129.6    juju-148fb1-1  ubuntu@22.04  github-runner  Running

18:47:45 INFO Juju error logs:

machine-0: 18:26:49 ERROR juju.worker.dependency "kvm-container-provisioner" manifold worker returned unexpected error: container types not yet available
machine-0: 18:26:49 ERROR juju.worker.dependency "lxd-container-provisioner" manifold worker returned unexpected error: container types not yet available
machine-1: 18:27:03 ERROR juju.worker.dependency "lxd-container-provisioner" manifold worker returned unexpected error: container types not yet available
machine-1: 18:27:03 ERROR juju.worker.dependency "kvm-container-provisioner" manifold worker returned unexpected error: container types not yet available
unit-github-runner-image-builder-g7udvxkx-0: 18:27:25 ERROR unit.github-runner-image-builder-g7udvxkx/0.juju-log Pipx command failed, code: 1, out: None, err: None
unit-test-g7udvxkx-0: 18:27:56 ERROR unit.test-g7udvxkx/0.juju-log Missing image integration.
Traceback (most recent call last):
  File "/var/lib/juju/agents/unit-test-g7udvxkx-0/charm/./src/charm.py", line 118, in func_with_catch_errors
    func(self, event)
  File "/var/lib/juju/agents/unit-test-g7udvxkx-0/charm/./src/charm.py", line 342, in _on_config_changed
    self._check_image_ready()
  File "/var/lib/juju/agents/unit-test-g7udvxkx-0/charm/./src/charm.py", line 512, in _check_image_ready
    raise ImageIntegrationMissingError("No image integration found")
errors.ImageIntegrationMissingError: No image integration found
unit-test-g7udvxkx-0: 18:27:58 ERROR unit.test-g7udvxkx/0.juju-log Missing image integration.
Traceback (most recent call last):
  File "/var/lib/juju/agents/unit-test-g7udvxkx-0/charm/./src/charm.py", line 118, in func_with_catch_errors
    func(self, event)
  File "/var/lib/juju/agents/unit-test-g7udvxkx-0/charm/./src/charm.py", line 313, in _on_start
    self._check_image_ready()
  File "/var/lib/juju/agents/unit-test-g7udvxkx-0/charm/./src/charm.py", line 512, in _check_image_ready
    raise ImageIntegrationMissingError("No image integration found")
errors.ImageIntegrationMissingError: No image integration found
unit-test-g7udvxkx-0: 18:29:03 ERROR unit.test-g7udvxkx/0.juju-log image:0: Missing image in image integration.
Traceback (most recent call last):
  File "/var/lib/juju/agents/unit-test-g7udvxkx-0/charm/./src/charm.py", line 118, in func_with_catch_errors
    func(self, event)
  File "/var/lib/juju/agents/unit-test-g7udvxkx-0/charm/./src/charm.py", line 477, in _on_image_relation_changed
    self._check_image_ready()
  File "/var/lib/juju/agents/unit-test-g7udvxkx-0/charm/./src/charm.py", line 514, in _check_image_ready
    raise ImageNotFoundError("No image found in the image integration")
errors.ImageNotFoundError: No image found in the image integration

18:47:45 INFO Forgetting model main...