18:48:14 INFO Waiting for model:
  test-gwz51t9n/0 [idle] active: 
18:48:31 INFO Current reconcile ID: 51ee09f0-3c42-4140-88b9-79359e29719d
18:48:31 INFO Waiting for reconcile ID: 51ee09f0-3c42-4140-88b9-79359e29719d
18:49:32 INFO Current reconcile ID: b8508af8-9097-4cf8-9df6-093efeae64a9
18:49:32 INFO Current reconcile ID: b8508af8-9097-4cf8-9df6-093efeae64a9, expected reconcile ID: 51ee09f0-3c42-4140-88b9-79359e29719d
18:49:34 INFO Model status:

Model                      Controller           Cloud/Region         Version  SLA          Timestamp
test-charm-no-runner-t7tl  github-pr-2102c-lxd  localhost/localhost  3.6.9    unsupported  18:49:34Z

App                                   Version  Status  Scale  Charm                        Channel      Rev  Exposed  Message
github-runner-image-builder-gwz51t9n           active      1  github-runner-image-builder  latest/edge  106  no       
test-gwz51t9n                                  active      1  github-runner                               0  no       

Unit                                     Workload  Agent  Machine  Public address  Ports  Message
github-runner-image-builder-gwz51t9n/0*  active    idle   0        10.245.168.131         
test-gwz51t9n/0*                         active    idle   1        10.245.168.39          

Machine  State    Address         Inst id        Base          AZ             Message
0        started  10.245.168.131  juju-a9b597-0  ubuntu@22.04  github-runner  Running
1        started  10.245.168.39   juju-a9b597-1  ubuntu@22.04  github-runner  Running

18:49:34 INFO Juju error logs:

machine-0: 18:25:19 ERROR juju.worker.dependency "lxd-container-provisioner" manifold worker returned unexpected error: container types not yet available
machine-0: 18:25:19 ERROR juju.worker.dependency "kvm-container-provisioner" manifold worker returned unexpected error: container types not yet available
unit-github-runner-image-builder-gwz51t9n-0: 18:25:20 ERROR juju.worker.meterstatus error running "meter-status-changed": charm missing from disk
machine-1: 18:25:27 ERROR juju.worker.dependency "kvm-container-provisioner" manifold worker returned unexpected error: container types not yet available
machine-1: 18:25:27 ERROR juju.worker.dependency "lxd-container-provisioner" manifold worker returned unexpected error: container types not yet available
unit-test-gwz51t9n-0: 18:25:27 ERROR juju.worker.meterstatus error running "meter-status-changed": charm missing from disk
unit-github-runner-image-builder-gwz51t9n-0: 18:25:57 ERROR unit.github-runner-image-builder-gwz51t9n/0.juju-log Pipx command failed, code: 1, out: None, err: None
unit-test-gwz51t9n-0: 18:26:31 ERROR unit.test-gwz51t9n/0.juju-log Missing image integration.
Traceback (most recent call last):
  File "/var/lib/juju/agents/unit-test-gwz51t9n-0/charm/./src/charm.py", line 118, in func_with_catch_errors
    func(self, event)
  File "/var/lib/juju/agents/unit-test-gwz51t9n-0/charm/./src/charm.py", line 342, in _on_config_changed
    self._check_image_ready()
  File "/var/lib/juju/agents/unit-test-gwz51t9n-0/charm/./src/charm.py", line 512, in _check_image_ready
    raise ImageIntegrationMissingError("No image integration found")
errors.ImageIntegrationMissingError: No image integration found
unit-test-gwz51t9n-0: 18:26:34 ERROR unit.test-gwz51t9n/0.juju-log Missing image integration.
Traceback (most recent call last):
  File "/var/lib/juju/agents/unit-test-gwz51t9n-0/charm/./src/charm.py", line 118, in func_with_catch_errors
    func(self, event)
  File "/var/lib/juju/agents/unit-test-gwz51t9n-0/charm/./src/charm.py", line 313, in _on_start
    self._check_image_ready()
  File "/var/lib/juju/agents/unit-test-gwz51t9n-0/charm/./src/charm.py", line 512, in _check_image_ready
    raise ImageIntegrationMissingError("No image integration found")
errors.ImageIntegrationMissingError: No image integration found
unit-test-gwz51t9n-0: 18:27:53 ERROR unit.test-gwz51t9n/0.juju-log image:0: Missing image in image integration.
Traceback (most recent call last):
  File "/var/lib/juju/agents/unit-test-gwz51t9n-0/charm/./src/charm.py", line 118, in func_with_catch_errors
    func(self, event)
  File "/var/lib/juju/agents/unit-test-gwz51t9n-0/charm/./src/charm.py", line 477, in _on_image_relation_changed
    self._check_image_ready()
  File "/var/lib/juju/agents/unit-test-gwz51t9n-0/charm/./src/charm.py", line 514, in _check_image_ready
    raise ImageNotFoundError("No image found in the image integration")
errors.ImageNotFoundError: No image found in the image integration

18:49:34 INFO Forgetting model main...