INFO     root:conftest.py:589 GitHub token rate limit: Rate(reset=2025-01-02 06:40:12+00:00, remaining=4380, limit=5000)
INFO     pytest_operator.plugin:plugin.py:929 Model status:

Model                            Controller  Cloud/Region         Version  SLA          Timestamp
test-charm-metrics-success-adn7  lxd         localhost/localhost  3.6.1    unsupported  06:33:13Z

App                          Version  Status  Scale  Charm                        Channel      Rev  Exposed  Message
github-runner-image-builder           active      1  github-runner-image-builder  latest/edge    2  no       
test-se2pmxlu                         active      1  github-runner                               0  no       

Unit                            Workload  Agent  Machine  Public address  Ports  Message
github-runner-image-builder/0*  active    idle   0        10.144.137.154         
test-se2pmxlu/0*                active    idle   1        10.144.137.201         

Machine  State    Address         Inst id        Base          AZ  Message
0        started  10.144.137.154  juju-64d4b7-0  ubuntu@22.04      Running
1        started  10.144.137.201  juju-64d4b7-1  ubuntu@22.04      Running

INFO     pytest_operator.plugin:plugin.py:935 Juju error logs:

machine-0: 06:26:12 ERROR juju.worker.dependency "kvm-container-provisioner" manifold worker returned unexpected error: container types not yet available
machine-0: 06:26:12 ERROR juju.worker.dependency "lxd-container-provisioner" manifold worker returned unexpected error: container types not yet available
unit-github-runner-image-builder-0: 06:26:12 ERROR juju.worker.meterstatus error running "meter-status-changed": charm missing from disk
machine-1: 06:29:30 ERROR juju.worker.dependency "lxd-container-provisioner" manifold worker returned unexpected error: container types not yet available
machine-1: 06:29:30 ERROR juju.worker.dependency "kvm-container-provisioner" manifold worker returned unexpected error: container types not yet available
unit-test-se2pmxlu-0: 06:29:30 ERROR juju.worker.meterstatus error running "meter-status-changed": charm missing from disk
unit-test-se2pmxlu-0: 06:29:46 CRITICAL unit.test-se2pmxlu/0.juju-log test mode is enabled
unit-test-se2pmxlu-0: 06:29:48 CRITICAL unit.test-se2pmxlu/0.juju-log test mode is enabled
unit-test-se2pmxlu-0: 06:29:51 CRITICAL unit.test-se2pmxlu/0.juju-log image:0: test mode is enabled
unit-test-se2pmxlu-0: 06:29:52 CRITICAL unit.test-se2pmxlu/0.juju-log test mode is enabled
unit-test-se2pmxlu-0: 06:29:53 CRITICAL unit.test-se2pmxlu/0.juju-log test mode is enabled
unit-test-se2pmxlu-0: 06:29:54 CRITICAL unit.test-se2pmxlu/0.juju-log test mode is enabled
unit-test-se2pmxlu-0: 06:29:56 CRITICAL unit.test-se2pmxlu/0.juju-log test mode is enabled
unit-test-se2pmxlu-0: 06:29:57 CRITICAL unit.test-se2pmxlu/0.juju-log image:0: test mode is enabled
unit-test-se2pmxlu-0: 06:29:58 CRITICAL unit.test-se2pmxlu/0.juju-log image:0: test mode is enabled
unit-test-se2pmxlu-0: 06:31:03 CRITICAL unit.test-se2pmxlu/0.juju-log test mode is enabled
unit-test-se2pmxlu-0: 06:31:04 CRITICAL unit.test-se2pmxlu/0.juju-log test mode is enabled
unit-test-se2pmxlu-0: 06:31:19 ERROR unit.test-se2pmxlu/0.juju-log OpenStack API call failure
unit-test-se2pmxlu-0: 06:31:19 ERROR unit.test-se2pmxlu/0.juju-log Failed to spawn a runner.
Traceback (most recent call last):
  File "/var/lib/juju/agents/unit-test-se2pmxlu-0/charm/venv/github_runner_manager/openstack_cloud/openstack_cloud.py", line 138, in exception_handling_wrapper
    return func(*args, **kwargs)
  File "/var/lib/juju/agents/unit-test-se2pmxlu-0/charm/venv/github_runner_manager/openstack_cloud/openstack_cloud.py", line 224, in launch_instance
    keypair = self._setup_keypair(conn, full_name)
  File "/var/lib/juju/agents/unit-test-se2pmxlu-0/charm/venv/github_runner_manager/openstack_cloud/openstack_cloud.py", line 536, in _setup_keypair
    keypair = conn.create_keypair(name=name)
  File "/var/lib/juju/agents/unit-test-se2pmxlu-0/charm/venv/openstack/cloud/_compute.py", line 601, in create_keypair
    return self.compute.create_keypair(**keypair)
  File "/var/lib/juju/agents/unit-test-se2pmxlu-0/charm/venv/openstack/compute/v2/_proxy.py", line 631, in create_keypair
    return self._create(_keypair.Keypair, **attrs)
  File "/var/lib/juju/agents/unit-test-se2pmxlu-0/charm/venv/openstack/proxy.py", line 643, in _create
    return res.create(self, base_path=base_path)
  File "/var/lib/juju/agents/unit-test-se2pmxlu-0/charm/venv/openstack/resource.py", line 1533, in create
    self._translate_response(response, **response_kwargs)
  File "/var/lib/juju/agents/unit-test-se2pmxlu-0/charm/venv/openstack/resource.py", line 1285, in _translate_response
    exceptions.raise_from_response(response, error_message=error_message)
  File "/var/lib/juju/agents/unit-test-se2pmxlu-0/charm/venv/openstack/exceptions.py", line 247, in raise_from_response
    raise cls(
openstack.exceptions.ForbiddenException: ForbiddenException: 403: Client Error for url: https://nova.ps6.canonical.com:8774/v2.1/os-keypairs, Quota exceeded, too many key pairs.

The above exception was the direct cause of the following exception:

Traceback (most recent call last):
  File "/var/lib/juju/agents/unit-test-se2pmxlu-0/charm/venv/github_runner_manager/openstack_cloud/openstack_runner_manager.py", line 209, in create_runner
    instance = self._openstack_cloud.launch_instance(
  File "/var/lib/juju/agents/unit-test-se2pmxlu-0/charm/venv/github_runner_manager/openstack_cloud/openstack_cloud.py", line 144, in exception_handling_wrapper
    raise OpenStackError("Failed OpenStack API call") from exc
github_runner_manager.errors.OpenStackError: Failed OpenStack API call

The above exception was the direct cause of the following exception:

Traceback (most recent call last):
  File "/var/lib/juju/agents/unit-test-se2pmxlu-0/charm/venv/github_runner_manager/manager/runner_manager.py", line 276, in _spawn_runners
    return (RunnerManager._create_runner(create_runner_args_sequence[0]),)
  File "/var/lib/juju/agents/unit-test-se2pmxlu-0/charm/venv/github_runner_manager/manager/runner_manager.py", line 404, in _create_runner
    return args.cloud_runner_manager.create_runner(registration_token=args.registration_token)
  File "/var/lib/juju/agents/unit-test-se2pmxlu-0/charm/venv/github_runner_manager/openstack_cloud/openstack_runner_manager.py", line 217, in create_runner
    raise RunnerCreateError(f"Failed to create {instance_name} openstack runner") from err
github_runner_manager.errors.RunnerCreateError: Failed to create test-se2pmxlu-0-5f81f8fb186a openstack runner
unit-test-se2pmxlu-0: 06:31:25 CRITICAL unit.test-se2pmxlu/0.juju-log test mode is enabled
unit-test-se2pmxlu-0: 06:31:42 ERROR unit.test-se2pmxlu/0.juju-log OpenStack API call failure
unit-test-se2pmxlu-0: 06:31:42 ERROR unit.test-se2pmxlu/0.juju-log Failed to spawn a runner.
Traceback (most recent call last):
  File "/var/lib/juju/agents/unit-test-se2pmxlu-0/charm/venv/github_runner_manager/openstack_cloud/openstack_cloud.py", line 138, in exception_handling_wrapper
    return func(*args, **kwargs)
  File "/var/lib/juju/agents/unit-test-se2pmxlu-0/charm/venv/github_runner_manager/openstack_cloud/openstack_cloud.py", line 224, in launch_instance
    keypair = self._setup_keypair(conn, full_name)
  File "/var/lib/juju/agents/unit-test-se2pmxlu-0/charm/venv/github_runner_manager/openstack_cloud/openstack_cloud.py", line 536, in _setup_keypair
    keypair = conn.create_keypair(name=name)
  File "/var/lib/juju/agents/unit-test-se2pmxlu-0/charm/venv/openstack/cloud/_compute.py", line 601, in create_keypair
    return self.compute.create_keypair(**keypair)
  File "/var/lib/juju/agents/unit-test-se2pmxlu-0/charm/venv/openstack/compute/v2/_proxy.py", line 631, in create_keypair
    return self._create(_keypair.Keypair, **attrs)
  File "/var/lib/juju/agents/unit-test-se2pmxlu-0/charm/venv/openstack/proxy.py", line 643, in _create
    return res.create(self, base_path=base_path)
  File "/var/lib/juju/agents/unit-test-se2pmxlu-0/charm/venv/openstack/resource.py", line 1533, in create
    self._translate_response(response, **response_kwargs)
  File "/var/lib/juju/agents/unit-test-se2pmxlu-0/charm/venv/openstack/resource.py", line 1285, in _translate_response
    exceptions.raise_from_response(response, error_message=error_message)
  File "/var/lib/juju/agents/unit-test-se2pmxlu-0/charm/venv/openstack/exceptions.py", line 247, in raise_from_response
    raise cls(
openstack.exceptions.ForbiddenException: ForbiddenException: 403: Client Error for url: https://nova.ps6.canonical.com:8774/v2.1/os-keypairs, Quota exceeded, too many key pairs.

The above exception was the direct cause of the following exception:

Traceback (most recent call last):
  File "/var/lib/juju/agents/unit-test-se2pmxlu-0/charm/venv/github_runner_manager/openstack_cloud/openstack_runner_manager.py", line 209, in create_runner
    instance = self._openstack_cloud.launch_instance(
  File "/var/lib/juju/agents/unit-test-se2pmxlu-0/charm/venv/github_runner_manager/openstack_cloud/openstack_cloud.py", line 144, in exception_handling_wrapper
    raise OpenStackError("Failed OpenStack API call") from exc
github_runner_manager.errors.OpenStackError: Failed OpenStack API call

The above exception was the direct cause of the following exception:

Traceback (most recent call last):
  File "/var/lib/juju/agents/unit-test-se2pmxlu-0/charm/venv/github_runner_manager/manager/runner_manager.py", line 276, in _spawn_runners
    return (RunnerManager._create_runner(create_runner_args_sequence[0]),)
  File "/var/lib/juju/agents/unit-test-se2pmxlu-0/charm/venv/github_runner_manager/manager/runner_manager.py", line 404, in _create_runner
    return args.cloud_runner_manager.create_runner(registration_token=args.registration_token)
  File "/var/lib/juju/agents/unit-test-se2pmxlu-0/charm/venv/github_runner_manager/openstack_cloud/openstack_runner_manager.py", line 217, in create_runner
    raise RunnerCreateError(f"Failed to create {instance_name} openstack runner") from err
github_runner_manager.errors.RunnerCreateError: Failed to create test-se2pmxlu-0-fa2ca37853d4 openstack runner
unit-test-se2pmxlu-0: 06:32:05 CRITICAL unit.test-se2pmxlu/0.juju-log test mode is enabled
unit-test-se2pmxlu-0: 06:32:06 CRITICAL unit.test-se2pmxlu/0.juju-log test mode is enabled
unit-test-se2pmxlu-0: 06:32:30 CRITICAL unit.test-se2pmxlu/0.juju-log test mode is enabled

INFO     pytest_operator.plugin:plugin.py:1017 Forgetting model main...