INFO     pytest_operator.plugin:plugin.py:745 Adding model lxd:test-debug-ssh-lnet on cloud localhost
WARNING  juju.client.connection:connection.py:893 unexpected facade AgentLifeFlag received from the controller
WARNING  juju.client.connection:connection.py:909 unknown common facade version for AgentLifeFlag,
versions known to client : [2, 3]
versions known to controller : [1]
WARNING  juju.client.connection:connection.py:893 unexpected facade SecretsDrain received from the controller
INFO     juju.model:model.py:1988 Deploying ch:amd64/github-runner-image-builder-2
INFO     juju.model:model.py:2641 Waiting for model:
  github-runner-image-builder (not enough units yet - 0/1)
INFO     juju.model:model.py:2641 Waiting for model:
  github-runner-image-builder/0 [allocating] waiting: waiting for machine
INFO     juju.model:model.py:2641 Waiting for model:
  github-runner-image-builder/0 [allocating] waiting: waiting for machine
INFO     juju.model:model.py:2641 Waiting for model:
  github-runner-image-builder/0 [allocating] waiting: waiting for machine
INFO     juju.model:model.py:2641 Waiting for model:
  github-runner-image-builder/0 [allocating] waiting: agent initialising
INFO     juju.model:model.py:2641 Waiting for model:
  github-runner-image-builder/0 [executing] maintenance: Setting up Builder.
INFO     juju.model:model.py:2641 Waiting for model:
  github-runner-image-builder/0 [executing] maintenance: Setting up Builder.
INFO     juju.model:model.py:2641 Waiting for model:
  github-runner-image-builder/0 [executing] maintenance: Setting up Builder.
INFO     juju.model:model.py:1988 Deploying local:jammy/github-runner-0
INFO     juju.model:model.py:2641 Waiting for model:
  test-a3saf15i/0 [allocating] waiting: waiting for machine
INFO     juju.model:model.py:2641 Waiting for model:
  test-a3saf15i/0 [allocating] waiting: waiting for machine
INFO     juju.model:model.py:2641 Waiting for model:
  test-a3saf15i/0 [executing] maintenance: installing charm software
INFO     juju.model:model.py:2641 Waiting for model:
  test-a3saf15i/0 [executing] maintenance: Update image for runners
INFO     juju.model:model.py:2641 Waiting for model:
  test-a3saf15i/0 [idle] active: 
INFO     root:conftest.py:589 GitHub token rate limit: Rate(reset=2025-01-02 11:43:37+00:00, remaining=4417, limit=5000)
INFO     juju.model:model.py:1988 Deploying ch:amd64/jammy/tmate-ssh-server-6
WARNING  juju.model:model.py:1513 relate is deprecated and will be removed. Use integrate instead.
INFO     juju.model:model.py:2641 Waiting for model:
  tmate-ssh-server/0 [allocating] waiting: waiting for machine
INFO     juju.model:model.py:2641 Waiting for model:
  tmate-ssh-server/0 [allocating] waiting: waiting for machine
INFO     juju.model:model.py:2641 Waiting for model:
  tmate-ssh-server/0 [executing] active:
INFO     juju.model:model.py:2641 Waiting for model:
  github-runner-image-builder/0 [idle] active: 
  test-a3saf15i/0 [executing] active: 
  tmate-ssh-server/0 [idle] active: 
INFO     juju.model:model.py:2641 Waiting for model:
  test-a3saf15i/0 [executing] active: 
INFO     juju.model:model.py:2641 Waiting for model:
  test-a3saf15i/0 [executing] active: 
INFO     juju.model:model.py:2641 Waiting for model:
  test-a3saf15i/0 [executing] active:
INFO     pytest_operator.plugin:plugin.py:929 Model status:

Model                Controller  Cloud/Region         Version  SLA          Timestamp
test-debug-ssh-lnet  lxd         localhost/localhost  3.1.10   unsupported  11:37:47Z

App                          Version  Status  Scale  Charm                        Channel      Rev  Exposed  Message
github-runner-image-builder           active      1  github-runner-image-builder  latest/edge    2  no       
test-a3saf15i                         active      1  github-runner                               0  no       
tmate-ssh-server                      active      1  tmate-ssh-server             edge           6  no       

Unit                            Workload  Agent  Machine  Public address  Ports      Message
github-runner-image-builder/0*  active    idle   0        10.238.190.3               
test-a3saf15i/0*                active    idle   1        10.238.190.190             
tmate-ssh-server/0*             active    idle   2        10.238.190.164  10022/tcp  

Machine  State    Address         Inst id        Base          AZ  Message
0        started  10.238.190.3    juju-163ac5-0  ubuntu@22.04      Running
1        started  10.238.190.190  juju-163ac5-1  ubuntu@22.04      Running
2        started  10.238.190.164  juju-163ac5-2  ubuntu@22.04      Running

INFO     pytest_operator.plugin:plugin.py:935 Juju error logs:

machine-0: 11:29:49 ERROR juju.worker.dependency "kvm-container-provisioner" manifold worker returned unexpected error: container types not yet available
machine-0: 11:29:49 ERROR juju.worker.dependency "lxd-container-provisioner" manifold worker returned unexpected error: container types not yet available
machine-0: 11:29:49 ERROR juju.worker.dependency "broker-tracker" manifold worker returned unexpected error: no container types determined
unit-github-runner-image-builder-0: 11:29:49 ERROR juju.worker.meterstatus error running "meter-status-changed": charm missing from disk
machine-1: 11:32:50 ERROR juju.worker.dependency "broker-tracker" manifold worker returned unexpected error: no container types determined
machine-1: 11:32:50 ERROR juju.worker.dependency "lxd-container-provisioner" manifold worker returned unexpected error: container types not yet available
machine-1: 11:32:50 ERROR juju.worker.dependency "kvm-container-provisioner" manifold worker returned unexpected error: container types not yet available
unit-test-a3saf15i-0: 11:32:50 ERROR juju.worker.meterstatus error running "meter-status-changed": charm missing from disk
unit-test-a3saf15i-0: 11:33:06 CRITICAL unit.test-a3saf15i/0.juju-log test mode is enabled
unit-test-a3saf15i-0: 11:33:08 CRITICAL unit.test-a3saf15i/0.juju-log test mode is enabled
unit-test-a3saf15i-0: 11:33:12 CRITICAL unit.test-a3saf15i/0.juju-log image:0: test mode is enabled
unit-test-a3saf15i-0: 11:33:13 CRITICAL unit.test-a3saf15i/0.juju-log test mode is enabled
unit-test-a3saf15i-0: 11:33:14 CRITICAL unit.test-a3saf15i/0.juju-log test mode is enabled
unit-test-a3saf15i-0: 11:33:15 CRITICAL unit.test-a3saf15i/0.juju-log test mode is enabled
unit-test-a3saf15i-0: 11:33:17 CRITICAL unit.test-a3saf15i/0.juju-log test mode is enabled
unit-test-a3saf15i-0: 11:33:17 CRITICAL unit.test-a3saf15i/0.juju-log image:0: test mode is enabled
unit-test-a3saf15i-0: 11:33:19 CRITICAL unit.test-a3saf15i/0.juju-log image:0: test mode is enabled
unit-test-a3saf15i-0: 11:34:19 CRITICAL unit.test-a3saf15i/0.juju-log test mode is enabled
unit-test-a3saf15i-0: 11:34:20 CRITICAL unit.test-a3saf15i/0.juju-log test mode is enabled
unit-test-a3saf15i-0: 11:34:41 ERROR unit.test-a3saf15i/0.juju-log OpenStack API call failure
unit-test-a3saf15i-0: 11:34:41 ERROR unit.test-a3saf15i/0.juju-log Failed to spawn a runner.
Traceback (most recent call last):
  File "/var/lib/juju/agents/unit-test-a3saf15i-0/charm/venv/github_runner_manager/openstack_cloud/openstack_cloud.py", line 138, in exception_handling_wrapper
    return func(*args, **kwargs)
  File "/var/lib/juju/agents/unit-test-a3saf15i-0/charm/venv/github_runner_manager/openstack_cloud/openstack_cloud.py", line 224, in launch_instance
    keypair = self._setup_keypair(conn, full_name)
  File "/var/lib/juju/agents/unit-test-a3saf15i-0/charm/venv/github_runner_manager/openstack_cloud/openstack_cloud.py", line 536, in _setup_keypair
    keypair = conn.create_keypair(name=name)
  File "/var/lib/juju/agents/unit-test-a3saf15i-0/charm/venv/openstack/cloud/_compute.py", line 601, in create_keypair
    return self.compute.create_keypair(**keypair)
  File "/var/lib/juju/agents/unit-test-a3saf15i-0/charm/venv/openstack/compute/v2/_proxy.py", line 631, in create_keypair
    return self._create(_keypair.Keypair, **attrs)
  File "/var/lib/juju/agents/unit-test-a3saf15i-0/charm/venv/openstack/proxy.py", line 643, in _create
    return res.create(self, base_path=base_path)
  File "/var/lib/juju/agents/unit-test-a3saf15i-0/charm/venv/openstack/resource.py", line 1533, in create
    self._translate_response(response, **response_kwargs)
  File "/var/lib/juju/agents/unit-test-a3saf15i-0/charm/venv/openstack/resource.py", line 1285, in _translate_response
    exceptions.raise_from_response(response, error_message=error_message)
  File "/var/lib/juju/agents/unit-test-a3saf15i-0/charm/venv/openstack/exceptions.py", line 247, in raise_from_response
    raise cls(
openstack.exceptions.ForbiddenException: ForbiddenException: 403: Client Error for url: https://nova.ps6.canonical.com:8774/v2.1/os-keypairs, Quota exceeded, too many key pairs.

The above exception was the direct cause of the following exception:

Traceback (most recent call last):
  File "/var/lib/juju/agents/unit-test-a3saf15i-0/charm/venv/github_runner_manager/openstack_cloud/openstack_runner_manager.py", line 209, in create_runner
    instance = self._openstack_cloud.launch_instance(
  File "/var/lib/juju/agents/unit-test-a3saf15i-0/charm/venv/github_runner_manager/openstack_cloud/openstack_cloud.py", line 144, in exception_handling_wrapper
    raise OpenStackError("Failed OpenStack API call") from exc
github_runner_manager.errors.OpenStackError: Failed OpenStack API call

The above exception was the direct cause of the following exception:

Traceback (most recent call last):
  File "/var/lib/juju/agents/unit-test-a3saf15i-0/charm/venv/github_runner_manager/manager/runner_manager.py", line 276, in _spawn_runners
    return (RunnerManager._create_runner(create_runner_args_sequence[0]),)
  File "/var/lib/juju/agents/unit-test-a3saf15i-0/charm/venv/github_runner_manager/manager/runner_manager.py", line 404, in _create_runner
    return args.cloud_runner_manager.create_runner(registration_token=args.registration_token)
  File "/var/lib/juju/agents/unit-test-a3saf15i-0/charm/venv/github_runner_manager/openstack_cloud/openstack_runner_manager.py", line 217, in create_runner
    raise RunnerCreateError(f"Failed to create {instance_name} openstack runner") from err
github_runner_manager.errors.RunnerCreateError: Failed to create test-a3saf15i-0-f5c168c8f423 openstack runner
unit-test-a3saf15i-0: 11:34:48 CRITICAL unit.test-a3saf15i/0.juju-log debug-ssh:1: test mode is enabled
machine-2: 11:35:02 ERROR juju.worker.dependency "kvm-container-provisioner" manifold worker returned unexpected error: container types not yet available
machine-2: 11:35:02 ERROR juju.worker.dependency "lxd-container-provisioner" manifold worker returned unexpected error: container types not yet available
machine-2: 11:35:02 ERROR juju.worker.dependency "broker-tracker" manifold worker returned unexpected error: no container types determined
unit-tmate-ssh-server-0: 11:35:02 ERROR juju.worker.meterstatus error running "meter-status-changed": charm missing from disk
unit-test-a3saf15i-0: 11:35:21 CRITICAL unit.test-a3saf15i/0.juju-log debug-ssh:1: test mode is enabled
unit-test-a3saf15i-0: 11:35:22 CRITICAL unit.test-a3saf15i/0.juju-log debug-ssh:1: test mode is enabled
unit-test-a3saf15i-0: 11:36:03 ERROR unit.test-a3saf15i/0.juju-log debug-ssh:1: OpenStack API call failure
unit-test-a3saf15i-0: 11:36:03 ERROR unit.test-a3saf15i/0.juju-log debug-ssh:1: Failed to spawn a runner.
Traceback (most recent call last):
  File "/var/lib/juju/agents/unit-test-a3saf15i-0/charm/venv/github_runner_manager/openstack_cloud/openstack_cloud.py", line 138, in exception_handling_wrapper
    return func(*args, **kwargs)
  File "/var/lib/juju/agents/unit-test-a3saf15i-0/charm/venv/github_runner_manager/openstack_cloud/openstack_cloud.py", line 224, in launch_instance
    keypair = self._setup_keypair(conn, full_name)
  File "/var/lib/juju/agents/unit-test-a3saf15i-0/charm/venv/github_runner_manager/openstack_cloud/openstack_cloud.py", line 536, in _setup_keypair
    keypair = conn.create_keypair(name=name)
  File "/var/lib/juju/agents/unit-test-a3saf15i-0/charm/venv/openstack/cloud/_compute.py", line 601, in create_keypair
    return self.compute.create_keypair(**keypair)
  File "/var/lib/juju/agents/unit-test-a3saf15i-0/charm/venv/openstack/compute/v2/_proxy.py", line 631, in create_keypair
    return self._create(_keypair.Keypair, **attrs)
  File "/var/lib/juju/agents/unit-test-a3saf15i-0/charm/venv/openstack/proxy.py", line 643, in _create
    return res.create(self, base_path=base_path)
  File "/var/lib/juju/agents/unit-test-a3saf15i-0/charm/venv/openstack/resource.py", line 1533, in create
    self._translate_response(response, **response_kwargs)
  File "/var/lib/juju/agents/unit-test-a3saf15i-0/charm/venv/openstack/resource.py", line 1285, in _translate_response
    exceptions.raise_from_response(response, error_message=error_message)
  File "/var/lib/juju/agents/unit-test-a3saf15i-0/charm/venv/openstack/exceptions.py", line 247, in raise_from_response
    raise cls(
openstack.exceptions.ForbiddenException: ForbiddenException: 403: Client Error for url: https://nova.ps6.canonical.com:8774/v2.1/os-keypairs, Quota exceeded, too many key pairs.

The above exception was the direct cause of the following exception:

Traceback (most recent call last):
  File "/var/lib/juju/agents/unit-test-a3saf15i-0/charm/venv/github_runner_manager/openstack_cloud/openstack_runner_manager.py", line 209, in create_runner
    instance = self._openstack_cloud.launch_instance(
  File "/var/lib/juju/agents/unit-test-a3saf15i-0/charm/venv/github_runner_manager/openstack_cloud/openstack_cloud.py", line 144, in exception_handling_wrapper
    raise OpenStackError("Failed OpenStack API call") from exc
github_runner_manager.errors.OpenStackError: Failed OpenStack API call

The above exception was the direct cause of the following exception:

Traceback (most recent call last):
  File "/var/lib/juju/agents/unit-test-a3saf15i-0/charm/venv/github_runner_manager/manager/runner_manager.py", line 276, in _spawn_runners
    return (RunnerManager._create_runner(create_runner_args_sequence[0]),)
  File "/var/lib/juju/agents/unit-test-a3saf15i-0/charm/venv/github_runner_manager/manager/runner_manager.py", line 404, in _create_runner
    return args.cloud_runner_manager.create_runner(registration_token=args.registration_token)
  File "/var/lib/juju/agents/unit-test-a3saf15i-0/charm/venv/github_runner_manager/openstack_cloud/openstack_runner_manager.py", line 217, in create_runner
    raise RunnerCreateError(f"Failed to create {instance_name} openstack runner") from err
github_runner_manager.errors.RunnerCreateError: Failed to create test-a3saf15i-0-0f10492f143e openstack runner
unit-test-a3saf15i-0: 11:36:09 CRITICAL unit.test-a3saf15i/0.juju-log test mode is enabled
unit-test-a3saf15i-0: 11:36:10 CRITICAL unit.test-a3saf15i/0.juju-log test mode is enabled
unit-test-a3saf15i-0: 11:36:30 ERROR unit.test-a3saf15i/0.juju-log OpenStack API call failure
unit-test-a3saf15i-0: 11:36:30 ERROR unit.test-a3saf15i/0.juju-log Failed to spawn a runner.
Traceback (most recent call last):
  File "/var/lib/juju/agents/unit-test-a3saf15i-0/charm/venv/github_runner_manager/openstack_cloud/openstack_cloud.py", line 138, in exception_handling_wrapper
    return func(*args, **kwargs)
  File "/var/lib/juju/agents/unit-test-a3saf15i-0/charm/venv/github_runner_manager/openstack_cloud/openstack_cloud.py", line 224, in launch_instance
    keypair = self._setup_keypair(conn, full_name)
  File "/var/lib/juju/agents/unit-test-a3saf15i-0/charm/venv/github_runner_manager/openstack_cloud/openstack_cloud.py", line 536, in _setup_keypair
    keypair = conn.create_keypair(name=name)
  File "/var/lib/juju/agents/unit-test-a3saf15i-0/charm/venv/openstack/cloud/_compute.py", line 601, in create_keypair
    return self.compute.create_keypair(**keypair)
  File "/var/lib/juju/agents/unit-test-a3saf15i-0/charm/venv/openstack/compute/v2/_proxy.py", line 631, in create_keypair
    return self._create(_keypair.Keypair, **attrs)
  File "/var/lib/juju/agents/unit-test-a3saf15i-0/charm/venv/openstack/proxy.py", line 643, in _create
    return res.create(self, base_path=base_path)
  File "/var/lib/juju/agents/unit-test-a3saf15i-0/charm/venv/openstack/resource.py", line 1533, in create
    self._translate_response(response, **response_kwargs)
  File "/var/lib/juju/agents/unit-test-a3saf15i-0/charm/venv/openstack/resource.py", line 1285, in _translate_response
    exceptions.raise_from_response(response, error_message=error_message)
  File "/var/lib/juju/agents/unit-test-a3saf15i-0/charm/venv/openstack/exceptions.py", line 247, in raise_from_response
    raise cls(
openstack.exceptions.ForbiddenException: ForbiddenException: 403: Client Error for url: https://nova.ps6.canonical.com:8774/v2.1/os-keypairs, Quota exceeded, too many key pairs.

The above exception was the direct cause of the following exception:

Traceback (most recent call last):
  File "/var/lib/juju/agents/unit-test-a3saf15i-0/charm/venv/github_runner_manager/openstack_cloud/openstack_runner_manager.py", line 209, in create_runner
    instance = self._openstack_cloud.launch_instance(
  File "/var/lib/juju/agents/unit-test-a3saf15i-0/charm/venv/github_runner_manager/openstack_cloud/openstack_cloud.py", line 144, in exception_handling_wrapper
    raise OpenStackError("Failed OpenStack API call") from exc
github_runner_manager.errors.OpenStackError: Failed OpenStack API call

The above exception was the direct cause of the following exception:

Traceback (most recent call last):
  File "/var/lib/juju/agents/unit-test-a3saf15i-0/charm/venv/github_runner_manager/manager/runner_manager.py", line 276, in _spawn_runners
    return (RunnerManager._create_runner(create_runner_args_sequence[0]),)
  File "/var/lib/juju/agents/unit-test-a3saf15i-0/charm/venv/github_runner_manager/manager/runner_manager.py", line 404, in _create_runner
    return args.cloud_runner_manager.create_runner(registration_token=args.registration_token)
  File "/var/lib/juju/agents/unit-test-a3saf15i-0/charm/venv/github_runner_manager/openstack_cloud/openstack_runner_manager.py", line 217, in create_runner
    raise RunnerCreateError(f"Failed to create {instance_name} openstack runner") from err
github_runner_manager.errors.RunnerCreateError: Failed to create test-a3saf15i-0-477819daf9a1 openstack runner
unit-test-a3saf15i-0: 11:36:36 CRITICAL unit.test-a3saf15i/0.juju-log debug-ssh:1: test mode is enabled
unit-test-a3saf15i-0: 11:37:19 ERROR unit.test-a3saf15i/0.juju-log debug-ssh:1: OpenStack API call failure
unit-test-a3saf15i-0: 11:37:19 ERROR unit.test-a3saf15i/0.juju-log debug-ssh:1: Failed to spawn a runner.
Traceback (most recent call last):
  File "/var/lib/juju/agents/unit-test-a3saf15i-0/charm/venv/github_runner_manager/openstack_cloud/openstack_cloud.py", line 138, in exception_handling_wrapper
    return func(*args, **kwargs)
  File "/var/lib/juju/agents/unit-test-a3saf15i-0/charm/venv/github_runner_manager/openstack_cloud/openstack_cloud.py", line 224, in launch_instance
    keypair = self._setup_keypair(conn, full_name)
  File "/var/lib/juju/agents/unit-test-a3saf15i-0/charm/venv/github_runner_manager/openstack_cloud/openstack_cloud.py", line 536, in _setup_keypair
    keypair = conn.create_keypair(name=name)
  File "/var/lib/juju/agents/unit-test-a3saf15i-0/charm/venv/openstack/cloud/_compute.py", line 601, in create_keypair
    return self.compute.create_keypair(**keypair)
  File "/var/lib/juju/agents/unit-test-a3saf15i-0/charm/venv/openstack/compute/v2/_proxy.py", line 631, in create_keypair
    return self._create(_keypair.Keypair, **attrs)
  File "/var/lib/juju/agents/unit-test-a3saf15i-0/charm/venv/openstack/proxy.py", line 643, in _create
    return res.create(self, base_path=base_path)
  File "/var/lib/juju/agents/unit-test-a3saf15i-0/charm/venv/openstack/resource.py", line 1533, in create
    self._translate_response(response, **response_kwargs)
  File "/var/lib/juju/agents/unit-test-a3saf15i-0/charm/venv/openstack/resource.py", line 1285, in _translate_response
    exceptions.raise_from_response(response, error_message=error_message)
  File "/var/lib/juju/agents/unit-test-a3saf15i-0/charm/venv/openstack/exceptions.py", line 247, in raise_from_response
    raise cls(
openstack.exceptions.ForbiddenException: ForbiddenException: 403: Client Error for url: https://nova.ps6.canonical.com:8774/v2.1/os-keypairs, Quota exceeded, too many key pairs.

The above exception was the direct cause of the following exception:

Traceback (most recent call last):
  File "/var/lib/juju/agents/unit-test-a3saf15i-0/charm/venv/github_runner_manager/openstack_cloud/openstack_runner_manager.py", line 209, in create_runner
    instance = self._openstack_cloud.launch_instance(
  File "/var/lib/juju/agents/unit-test-a3saf15i-0/charm/venv/github_runner_manager/openstack_cloud/openstack_cloud.py", line 144, in exception_handling_wrapper
    raise OpenStackError("Failed OpenStack API call") from exc
github_runner_manager.errors.OpenStackError: Failed OpenStack API call

The above exception was the direct cause of the following exception:

Traceback (most recent call last):
  File "/var/lib/juju/agents/unit-test-a3saf15i-0/charm/venv/github_runner_manager/manager/runner_manager.py", line 276, in _spawn_runners
    return (RunnerManager._create_runner(create_runner_args_sequence[0]),)
  File "/var/lib/juju/agents/unit-test-a3saf15i-0/charm/venv/github_runner_manager/manager/runner_manager.py", line 404, in _create_runner
    return args.cloud_runner_manager.create_runner(registration_token=args.registration_token)
  File "/var/lib/juju/agents/unit-test-a3saf15i-0/charm/venv/github_runner_manager/openstack_cloud/openstack_runner_manager.py", line 217, in create_runner
    raise RunnerCreateError(f"Failed to create {instance_name} openstack runner") from err
github_runner_manager.errors.RunnerCreateError: Failed to create test-a3saf15i-0-891f132419a3 openstack runner

INFO     pytest_operator.plugin:plugin.py:1017 Forgetting model main...