06:32:35 INFO Waiting for model:
  test-jpqu4c6t/0 [idle] active: 
06:33:05 INFO Waiting for model:
  test-jpqu4c6t/0 [idle] active: 
06:33:08 INFO Current reconcile ID: c480f55d-2ccd-4703-89fb-f0e34becd75c
06:33:08 INFO Waiting for reconcile ID: c480f55d-2ccd-4703-89fb-f0e34becd75c
06:34:09 INFO Current reconcile ID: c480f55d-2ccd-4703-89fb-f0e34becd75c
06:34:09 INFO Current reconcile ID: c480f55d-2ccd-4703-89fb-f0e34becd75c, expected reconcile ID: c480f55d-2ccd-4703-89fb-f0e34becd75c
06:34:09 INFO Waiting for reconcile ID: c480f55d-2ccd-4703-89fb-f0e34becd75c
06:35:10 INFO Current reconcile ID: a99772d0-c950-4361-9dfe-da1901131b27
06:35:10 INFO Current reconcile ID: a99772d0-c950-4361-9dfe-da1901131b27, expected reconcile ID: c480f55d-2ccd-4703-89fb-f0e34becd75c
06:35:10 INFO Waiting for model:
  test-jpqu4c6t/0 [idle] active: 
06:35:41 INFO Waiting for model:
  test-jpqu4c6t/0 [idle] active: 
06:35:48 INFO Current reconcile ID: 265c0351-3a66-4abe-b37e-4877124365a1
06:35:48 INFO Waiting for reconcile ID: 265c0351-3a66-4abe-b37e-4877124365a1
06:36:49 INFO Current reconcile ID: 265c0351-3a66-4abe-b37e-4877124365a1
06:36:49 INFO Current reconcile ID: 265c0351-3a66-4abe-b37e-4877124365a1, expected reconcile ID: 265c0351-3a66-4abe-b37e-4877124365a1
06:36:49 INFO Waiting for reconcile ID: 265c0351-3a66-4abe-b37e-4877124365a1
06:37:50 INFO Current reconcile ID: a619d5d5-e37e-4f3b-a2c9-9c6767d3c20b
06:37:50 INFO Current reconcile ID: a619d5d5-e37e-4f3b-a2c9-9c6767d3c20b, expected reconcile ID: 265c0351-3a66-4abe-b37e-4877124365a1
06:37:54 INFO Wait for condition not met, sleeping 30
06:38:36 INFO [TEST SETUP] Run command pkill -9 run.sh on test-jpqu4c6t-0-n-6c53c6ff2122
06:38:36 WARNING dict_values([[{'version': 4, 'addr': '10.151.122.114', 'OS-EXT-IPS:type': 'fixed', 'OS-EXT-IPS-MAC:mac_addr': 'fa:16:3e:c5:fd:ce'}]])
06:38:37 WARNING ssh_cmd: su - ubuntu -c 'ssh -i /home/runner-manager/.ssh/test-jpqu4c6t-0-n-6c53c6ff2122.key -o "StrictHostKeyChecking no" ubuntu@10.151.122.114 pkill -9 run.sh'
06:38:38 INFO Run command 'pkill -9 run.sh' in runner with result 0: 'None' 'Warning: Permanently added '10.151.122.114' (ED25519) to the list of known hosts.
'
06:38:40 INFO Runner test-jpqu4c6t-0-n-6c53c6ff2122 status: online
06:38:40 INFO Runner still marked as online, waiting for it to be marked offline
06:39:41 INFO Waiting for model:
  test-jpqu4c6t/0 [idle] active: 
06:40:11 INFO Waiting for model:
  test-jpqu4c6t/0 [idle] active: 
06:40:14 INFO Current reconcile ID: 96beac6e-6694-453a-9079-b98cdc2b4209
06:40:14 INFO Waiting for reconcile ID: 96beac6e-6694-453a-9079-b98cdc2b4209
06:41:15 INFO Current reconcile ID: 96beac6e-6694-453a-9079-b98cdc2b4209
06:41:15 INFO Current reconcile ID: 96beac6e-6694-453a-9079-b98cdc2b4209, expected reconcile ID: 96beac6e-6694-453a-9079-b98cdc2b4209
06:41:15 INFO Waiting for reconcile ID: 96beac6e-6694-453a-9079-b98cdc2b4209
06:42:16 INFO Current reconcile ID: 89dd9fd6-4583-44f4-b0f5-c7bc92b1a439
06:42:16 INFO Current reconcile ID: 89dd9fd6-4583-44f4-b0f5-c7bc92b1a439, expected reconcile ID: 96beac6e-6694-453a-9079-b98cdc2b4209
06:42:17 INFO File content of /var/log/github-runner-metrics.log: {"timestamp": 1764916362.6553988, "event": "reconciliation", "flavor": "test-jpqu4c6t", "crashed_runners": 0, "idle_runners": 0, "active_runners": 0, "expected_runners": 0, "duration": 6.014748811721802}
{"timestamp": 1764916488.315263, "event": "reconciliation", "flavor": "test-jpqu4c6t", "crashed_runners": 0, "idle_runners": 0, "active_runners": 0, "expected_runners": 0, "duration": 5.5405542850494385}
{"timestamp": 1764916519.6850932, "event": "reconciliation", "flavor": "test-jpqu4c6t", "crashed_runners": 0, "idle_runners": 0, "active_runners": 0, "expected_runners": 1, "duration": 7.822376728057861}
{"timestamp": 1764916646.359703, "event": "reconciliation", "flavor": "test-jpqu4c6t", "crashed_runners": 0, "idle_runners": 1, "active_runners": 0, "expected_runners": 1, "duration": 6.6093926429748535}
{"timestamp": 1764916596.0, "event": "runner_installed", "flavor": "test-jpqu4c6t", "duration": 78.0}
{"timestamp": 1764916679.0, "event": "runner_start", "flavor": "test-jpqu4c6t", "workflow": "Workflow Dispatch Crash Tests", "repo": "canonical/github-runner-operator", "github_event": "workflow_dispatch", "idle": 83.0, "queue_duration": 2.0}
{"timestamp": 1764916718.0, "event": "runner_stop", "flavor": "test-jpqu4c6t", "workflow": "Workflow Dispatch Crash Tests", "repo": "canonical/github-runner-operator", "github_event": "workflow_dispatch", "status": "abnormal", "status_info": {"code": 137}, "job_duration": 39.0, "job_conclusion": "cancelled"}
{"timestamp": 1764916775.3364651, "event": "reconciliation", "flavor": "test-jpqu4c6t", "crashed_runners": 0, "idle_runners": 0, "active_runners": 0, "expected_runners": 1, "duration": 8.957674741744995}
{"timestamp": 1764916789.391436, "event": "reconciliation", "flavor": "test-jpqu4c6t", "crashed_runners": 0, "idle_runners": 0, "active_runners": 0, "expected_runners": 0, "duration": 6.592159748077393}
{"timestamp": 1764916915.5753157, "event": "reconciliation", "flavor": "test-jpqu4c6t", "crashed_runners": 0, "idle_runners": 0, "active_runners": 0, "expected_runners": 0, "duration": 6.073371410369873}
06:42:18 INFO Model status:

Model                            Controller           Cloud/Region         Version  SLA          Timestamp
test-charm-metrics-failure-xebe  github-pr-dfddc-lxd  localhost/localhost  3.6.12   unsupported  06:42:18Z

App                                   Version  Status  Scale  Charm          Channel      Rev  Exposed  Message
github-runner-image-builder-jpqu4c6t           active      1  any-charm      latest/beta  124  no       
test-jpqu4c6t                                  active      1  github-runner                 0  yes      

Unit                                     Workload  Agent  Machine  Public address  Ports     Message
github-runner-image-builder-jpqu4c6t/0*  active    idle   0        10.73.31.222              
test-jpqu4c6t/0*                         active    idle   1        10.73.31.209    8080/tcp  

Machine  State    Address       Inst id        Base          AZ             Message
0        started  10.73.31.222  juju-5d2d44-0  ubuntu@24.04  github-runner  Running
1        started  10.73.31.209  juju-5d2d44-1  ubuntu@22.04  github-runner  Running

06:42:18 INFO Juju error logs:

machine-0: 06:20:07 ERROR juju.worker.dependency "lxd-container-provisioner" manifold worker returned unexpected error: container types not yet available
machine-0: 06:20:07 ERROR juju.worker.dependency "kvm-container-provisioner" manifold worker returned unexpected error: container types not yet available
machine-1: 06:21:02 ERROR juju.worker.dependency "kvm-container-provisioner" manifold worker returned unexpected error: container types not yet available
machine-1: 06:21:02 ERROR juju.worker.dependency "lxd-container-provisioner" manifold worker returned unexpected error: container types not yet available
unit-test-jpqu4c6t-0: 06:22:02 ERROR unit.test-jpqu4c6t/0.juju-log Missing image integration.
Traceback (most recent call last):
  File "/var/lib/juju/agents/unit-test-jpqu4c6t-0/charm/./src/charm.py", line 119, in func_with_catch_errors
    func(self, event)
  File "/var/lib/juju/agents/unit-test-jpqu4c6t-0/charm/./src/charm.py", line 354, in _on_config_changed
    self._check_image_ready()
  File "/var/lib/juju/agents/unit-test-jpqu4c6t-0/charm/./src/charm.py", line 524, in _check_image_ready
    raise ImageIntegrationMissingError("No image integration found")
errors.ImageIntegrationMissingError: No image integration found
unit-test-jpqu4c6t-0: 06:22:03 ERROR unit.test-jpqu4c6t/0.juju-log Missing image integration.
Traceback (most recent call last):
  File "/var/lib/juju/agents/unit-test-jpqu4c6t-0/charm/./src/charm.py", line 119, in func_with_catch_errors
    func(self, event)
  File "/var/lib/juju/agents/unit-test-jpqu4c6t-0/charm/./src/charm.py", line 317, in _on_start
    self._check_image_ready()
  File "/var/lib/juju/agents/unit-test-jpqu4c6t-0/charm/./src/charm.py", line 524, in _check_image_ready
    raise ImageIntegrationMissingError("No image integration found")
errors.ImageIntegrationMissingError: No image integration found

06:42:18 INFO Forgetting model main...