18:30:59 WARNING unexpected facade SSHServer received from the controller
18:30:59 INFO Adding model github-pr-587b7-lxd:test-charm-fork-repo-mxio on cloud localhost
18:30:59 WARNING unexpected facade SSHServer received from the controller
18:30:59 WARNING unexpected facade SSHSession received from the controller
18:30:59 WARNING unexpected facade SSHTunneler received from the controller
18:31:00 INFO Deploying ch:amd64/jammy/github-runner-image-builder-126
18:31:12 INFO Deploying local:jammy/github-runner-0
18:31:12 INFO Waiting for model:
  test-annlr65b/0 [allocating] waiting: waiting for machine
  github-runner-image-builder-annlr65b/0 [allocating] waiting: waiting for machine
18:31:42 INFO Waiting for model:
  test-annlr65b/0 [allocating] waiting: waiting for machine
  github-runner-image-builder-annlr65b/0 [allocating] waiting: waiting for machine
18:32:12 INFO Waiting for model:
  test-annlr65b/0 [executing] waiting: agent initialising
  github-runner-image-builder-annlr65b/0 [executing] maintenance: Setting up Builder.
18:32:43 INFO Waiting for model:
  test-annlr65b/0 [executing] maintenance: installing charm software
  github-runner-image-builder-annlr65b/0 [executing] maintenance: Setting up Builder.
18:33:13 INFO Waiting for model:
  test-annlr65b/0 [idle] blocked: Please provide image integration.
  github-runner-image-builder-annlr65b/0 [executing] maintenance: Setting up Builder.
18:33:43 INFO Waiting for model:
  test-annlr65b/0 [idle] blocked: Please provide image integration.
  github-runner-image-builder-annlr65b/0 [executing] maintenance: Setting up Builder.
18:34:14 INFO Waiting for model:
  test-annlr65b/0 [idle] blocked: Please provide image integration.
  github-runner-image-builder-annlr65b/0 [executing] maintenance: Setting up Builder.
18:34:44 INFO Waiting for model:
  test-annlr65b/0 [idle] blocked: Please provide image integration.
  github-runner-image-builder-annlr65b/0 [executing] maintenance: Setting up Builder.
18:35:15 INFO Waiting for model:
  test-annlr65b/0 [idle] blocked: Please provide image integration.
  github-runner-image-builder-annlr65b/0 [executing] maintenance: Setting up Builder.
18:35:45 INFO Waiting for model:
  test-annlr65b/0 [idle] waiting: Waiting for image over integration.
  github-runner-image-builder-annlr65b/0 [executing] blocked: image integration required.
18:36:15 INFO Waiting for model:
  test-annlr65b/0 [idle] waiting: Waiting for image over integration.
  github-runner-image-builder-annlr65b/0 [executing] blocked: image integration required.
18:36:46 INFO Waiting for model:
  test-annlr65b/0 [idle] waiting: Waiting for image over integration.
  github-runner-image-builder-annlr65b/0 [executing] blocked: image integration required.
18:37:16 INFO Waiting for model:
  test-annlr65b/0 [idle] waiting: Waiting for image over integration.
  github-runner-image-builder-annlr65b/0 [executing] active: Building image.
18:37:46 INFO OpenStack servers: []
18:37:46 INFO Model status:

Model                      Controller           Cloud/Region         Version  SLA          Timestamp
test-charm-fork-repo-mxio  github-pr-587b7-lxd  localhost/localhost  3.6.9    unsupported  18:37:46Z

App                                   Version  Status   Scale  Charm                        Channel      Rev  Exposed  Message
github-runner-image-builder-annlr65b           error        1  github-runner-image-builder  latest/edge  126  no       hook failed: "image-relation-changed"
test-annlr65b                                  waiting      1  github-runner                               0  no       Waiting for image over integration.

Unit                                     Workload  Agent  Machine  Public address  Ports  Message
github-runner-image-builder-annlr65b/0*  error     idle   0        10.238.7.177           hook failed: "image-relation-changed"
test-annlr65b/0*                         waiting   idle   1        10.238.7.51            Waiting for image over integration.

Machine  State    Address       Inst id        Base          AZ             Message
0        started  10.238.7.177  juju-6fb90a-0  ubuntu@22.04  github-runner  Running
1        started  10.238.7.51   juju-6fb90a-1  ubuntu@22.04  github-runner  Running

18:37:46 INFO Juju error logs:

machine-0: 18:31:58 ERROR juju.worker.dependency "lxd-container-provisioner" manifold worker returned unexpected error: container types not yet available
machine-0: 18:31:58 ERROR juju.worker.dependency "kvm-container-provisioner" manifold worker returned unexpected error: container types not yet available
unit-github-runner-image-builder-annlr65b-0: 18:31:58 ERROR juju.worker.meterstatus error running "meter-status-changed": charm missing from disk
machine-1: 18:32:03 ERROR juju.worker.dependency "kvm-container-provisioner" manifold worker returned unexpected error: container types not yet available
machine-1: 18:32:03 ERROR juju.worker.dependency "lxd-container-provisioner" manifold worker returned unexpected error: container types not yet available
unit-test-annlr65b-0: 18:32:03 ERROR juju.worker.meterstatus error running "meter-status-changed": charm missing from disk
unit-github-runner-image-builder-annlr65b-0: 18:32:34 ERROR unit.github-runner-image-builder-annlr65b/0.juju-log Pipx command failed, code: 1, out: None, err: None
unit-test-annlr65b-0: 18:32:50 ERROR unit.test-annlr65b/0.juju-log Missing image integration.
Traceback (most recent call last):
  File "/var/lib/juju/agents/unit-test-annlr65b-0/charm/./src/charm.py", line 118, in func_with_catch_errors
    func(self, event)
  File "/var/lib/juju/agents/unit-test-annlr65b-0/charm/./src/charm.py", line 342, in _on_config_changed
    self._check_image_ready()
  File "/var/lib/juju/agents/unit-test-annlr65b-0/charm/./src/charm.py", line 512, in _check_image_ready
    raise ImageIntegrationMissingError("No image integration found")
errors.ImageIntegrationMissingError: No image integration found
unit-test-annlr65b-0: 18:32:52 ERROR unit.test-annlr65b/0.juju-log Missing image integration.
Traceback (most recent call last):
  File "/var/lib/juju/agents/unit-test-annlr65b-0/charm/./src/charm.py", line 118, in func_with_catch_errors
    func(self, event)
  File "/var/lib/juju/agents/unit-test-annlr65b-0/charm/./src/charm.py", line 313, in _on_start
    self._check_image_ready()
  File "/var/lib/juju/agents/unit-test-annlr65b-0/charm/./src/charm.py", line 512, in _check_image_ready
    raise ImageIntegrationMissingError("No image integration found")
errors.ImageIntegrationMissingError: No image integration found
unit-test-annlr65b-0: 18:35:30 ERROR unit.test-annlr65b/0.juju-log image:0: Missing image in image integration.
Traceback (most recent call last):
  File "/var/lib/juju/agents/unit-test-annlr65b-0/charm/./src/charm.py", line 118, in func_with_catch_errors
    func(self, event)
  File "/var/lib/juju/agents/unit-test-annlr65b-0/charm/./src/charm.py", line 477, in _on_image_relation_changed
    self._check_image_ready()
  File "/var/lib/juju/agents/unit-test-annlr65b-0/charm/./src/charm.py", line 514, in _check_image_ready
    raise ImageNotFoundError("No image found in the image integration")
errors.ImageNotFoundError: No image found in the image integration
unit-github-runner-image-builder-annlr65b-0: 18:37:01 ERROR unit.github-runner-image-builder-annlr65b/0.juju-log image:0: Image build failed, code: 1, out: , err: None, stdout: 
unit-github-runner-image-builder-annlr65b-0: 18:37:08 ERROR unit.github-runner-image-builder-annlr65b/0.juju-log image:0: Image build failed, code: 1, out: , err: None, stdout: 
unit-github-runner-image-builder-annlr65b-0: 18:37:16 ERROR unit.github-runner-image-builder-annlr65b/0.juju-log image:0: Image build failed, code: 1, out: , err: None, stdout: 
unit-github-runner-image-builder-annlr65b-0: 18:37:26 ERROR unit.github-runner-image-builder-annlr65b/0.juju-log image:0: Image build failed, code: 1, out: , err: None, stdout: 

18:37:46 INFO Forgetting model main...