18:30:59 INFO IP Address to use as the fake jobmanager: 10.151.128.42
18:30:59 WARNING unexpected facade SSHServer received from the controller
18:30:59 INFO Adding model github-pr-587b7-lxd:test-jobmanager-prespawned-v44p on cloud localhost
18:31:00 WARNING unexpected facade SSHServer received from the controller
18:31:00 WARNING unexpected facade SSHSession received from the controller
18:31:00 WARNING unexpected facade SSHTunneler received from the controller
18:31:01 INFO Deploying ch:amd64/jammy/github-runner-image-builder-126
18:31:14 INFO Deploying local:jammy/github-runner-0
18:31:14 INFO Waiting for model:
  test-se5fqxin/0 [allocating] waiting: waiting for machine
  github-runner-image-builder-se5fqxin/0 [allocating] waiting: waiting for machine
18:31:44 INFO Waiting for model:
  test-se5fqxin/0 [allocating] waiting: waiting for machine
  github-runner-image-builder-se5fqxin/0 [allocating] waiting: waiting for machine
18:32:14 INFO Waiting for model:
  test-se5fqxin/0 [allocating] waiting: agent initialising
  github-runner-image-builder-se5fqxin/0 [executing] maintenance: Setting up Builder.
18:32:45 INFO Waiting for model:
  test-se5fqxin/0 [executing] maintenance: installing charm software
  github-runner-image-builder-se5fqxin/0 [executing] maintenance: Setting up Builder.
18:33:15 INFO Waiting for model:
  test-se5fqxin/0 [idle] blocked: Please provide image integration.
  github-runner-image-builder-se5fqxin/0 [executing] maintenance: Setting up Builder.
18:33:45 INFO Waiting for model:
  test-se5fqxin/0 [idle] blocked: Please provide image integration.
  github-runner-image-builder-se5fqxin/0 [executing] maintenance: Setting up Builder.
18:34:16 INFO Waiting for model:
  test-se5fqxin/0 [idle] blocked: Please provide image integration.
  github-runner-image-builder-se5fqxin/0 [executing] maintenance: Setting up Builder.
18:34:46 INFO Waiting for model:
  test-se5fqxin/0 [idle] blocked: Please provide image integration.
  github-runner-image-builder-se5fqxin/0 [executing] maintenance: Setting up Builder.
18:35:17 INFO Waiting for model:
  test-se5fqxin/0 [idle] blocked: Please provide image integration.
  github-runner-image-builder-se5fqxin/0 [executing] maintenance: Setting up Builder.
18:35:47 INFO Waiting for model:
  test-se5fqxin/0 [idle] blocked: Please provide image integration.
  github-runner-image-builder-se5fqxin/0 [executing] maintenance: Setting up Builder.
18:36:17 INFO Waiting for model:
  test-se5fqxin/0 [idle] waiting: Waiting for image over integration.
  github-runner-image-builder-se5fqxin/0 [executing] blocked: image integration required.
18:36:48 INFO Waiting for model:
  test-se5fqxin/0 [idle] waiting: Waiting for image over integration.
  github-runner-image-builder-se5fqxin/0 [executing] blocked: image integration required.
18:37:18 INFO Waiting for model:
  test-se5fqxin/0 [idle] waiting: Waiting for image over integration.
  github-runner-image-builder-se5fqxin/0 [executing] blocked: image integration required.
18:37:49 INFO Waiting for model:
  test-se5fqxin/0 [idle] waiting: Waiting for image over integration.
  github-runner-image-builder-se5fqxin/0 [executing] active: Building image.
18:38:11 INFO OpenStack servers: []
18:38:11 INFO Model status:

Model                            Controller           Cloud/Region         Version  SLA          Timestamp
test-jobmanager-prespawned-v44p  github-pr-587b7-lxd  localhost/localhost  3.6.9    unsupported  18:38:11Z

App                                   Version  Status   Scale  Charm                        Channel      Rev  Exposed  Message
github-runner-image-builder-se5fqxin           error        1  github-runner-image-builder  latest/edge  126  no       hook failed: "image-relation-changed"
test-se5fqxin                                  waiting      1  github-runner                               0  no       Waiting for image over integration.

Unit                                     Workload  Agent  Machine  Public address  Ports  Message
github-runner-image-builder-se5fqxin/0*  error     idle   0        10.19.250.47           hook failed: "image-relation-changed"
test-se5fqxin/0*                         waiting   idle   1        10.19.250.57           Waiting for image over integration.

Machine  State    Address       Inst id        Base          AZ             Message
0        started  10.19.250.47  juju-8f87f2-0  ubuntu@22.04  github-runner  Running
1        started  10.19.250.57  juju-8f87f2-1  ubuntu@22.04  github-runner  Running

18:38:11 INFO Juju error logs:

machine-0: 18:32:03 ERROR juju.worker.dependency "kvm-container-provisioner" manifold worker returned unexpected error: container types not yet available
machine-0: 18:32:03 ERROR juju.worker.dependency "lxd-container-provisioner" manifold worker returned unexpected error: container types not yet available
unit-github-runner-image-builder-se5fqxin-0: 18:32:03 ERROR juju.worker.meterstatus error running "meter-status-changed": charm missing from disk
machine-1: 18:32:08 ERROR juju.worker.dependency "lxd-container-provisioner" manifold worker returned unexpected error: container types not yet available
machine-1: 18:32:08 ERROR juju.worker.dependency "kvm-container-provisioner" manifold worker returned unexpected error: container types not yet available
unit-test-se5fqxin-0: 18:32:08 ERROR juju.worker.meterstatus error running "meter-status-changed": charm missing from disk
unit-github-runner-image-builder-se5fqxin-0: 18:32:37 ERROR unit.github-runner-image-builder-se5fqxin/0.juju-log Pipx command failed, code: 1, out: None, err: None
unit-test-se5fqxin-0: 18:33:06 ERROR unit.test-se5fqxin/0.juju-log Missing image integration.
Traceback (most recent call last):
  File "/var/lib/juju/agents/unit-test-se5fqxin-0/charm/./src/charm.py", line 118, in func_with_catch_errors
    func(self, event)
  File "/var/lib/juju/agents/unit-test-se5fqxin-0/charm/./src/charm.py", line 342, in _on_config_changed
    self._check_image_ready()
  File "/var/lib/juju/agents/unit-test-se5fqxin-0/charm/./src/charm.py", line 512, in _check_image_ready
    raise ImageIntegrationMissingError("No image integration found")
errors.ImageIntegrationMissingError: No image integration found
unit-test-se5fqxin-0: 18:33:08 ERROR unit.test-se5fqxin/0.juju-log Missing image integration.
Traceback (most recent call last):
  File "/var/lib/juju/agents/unit-test-se5fqxin-0/charm/./src/charm.py", line 118, in func_with_catch_errors
    func(self, event)
  File "/var/lib/juju/agents/unit-test-se5fqxin-0/charm/./src/charm.py", line 313, in _on_start
    self._check_image_ready()
  File "/var/lib/juju/agents/unit-test-se5fqxin-0/charm/./src/charm.py", line 512, in _check_image_ready
    raise ImageIntegrationMissingError("No image integration found")
errors.ImageIntegrationMissingError: No image integration found
unit-test-se5fqxin-0: 18:36:12 ERROR unit.test-se5fqxin/0.juju-log image:0: Missing image in image integration.
Traceback (most recent call last):
  File "/var/lib/juju/agents/unit-test-se5fqxin-0/charm/./src/charm.py", line 118, in func_with_catch_errors
    func(self, event)
  File "/var/lib/juju/agents/unit-test-se5fqxin-0/charm/./src/charm.py", line 477, in _on_image_relation_changed
    self._check_image_ready()
  File "/var/lib/juju/agents/unit-test-se5fqxin-0/charm/./src/charm.py", line 514, in _check_image_ready
    raise ImageNotFoundError("No image found in the image integration")
errors.ImageNotFoundError: No image found in the image integration
unit-github-runner-image-builder-se5fqxin-0: 18:37:25 ERROR unit.github-runner-image-builder-se5fqxin/0.juju-log image:0: Image build failed, code: 1, out: , err: None, stdout: 
unit-github-runner-image-builder-se5fqxin-0: 18:37:33 ERROR unit.github-runner-image-builder-se5fqxin/0.juju-log image:0: Image build failed, code: 1, out: , err: None, stdout: 
unit-github-runner-image-builder-se5fqxin-0: 18:37:41 ERROR unit.github-runner-image-builder-se5fqxin/0.juju-log image:0: Image build failed, code: 1, out: , err: None, stdout: 
unit-github-runner-image-builder-se5fqxin-0: 18:37:51 ERROR unit.github-runner-image-builder-se5fqxin/0.juju-log image:0: Image build failed, code: 1, out: , err: None, stdout: 

18:38:11 INFO Forgetting model main...