06:42:47 INFO Waiting for model:
  test-hqzo97i2/0 [idle] active: 
06:43:17 INFO Waiting for model:
  test-hqzo97i2/0 [idle] active: 
06:43:19 INFO Current reconcile ID: 012751f8-6b20-40fa-a467-d0303a01ea3a
06:43:19 INFO Waiting for reconcile ID: 012751f8-6b20-40fa-a467-d0303a01ea3a
06:44:20 INFO Current reconcile ID: 012751f8-6b20-40fa-a467-d0303a01ea3a
06:44:20 INFO Current reconcile ID: 012751f8-6b20-40fa-a467-d0303a01ea3a, expected reconcile ID: 012751f8-6b20-40fa-a467-d0303a01ea3a
06:44:20 INFO Waiting for reconcile ID: 012751f8-6b20-40fa-a467-d0303a01ea3a
06:45:21 INFO Current reconcile ID: 1536f3d5-2448-46ca-a2f0-3eb45071c305
06:45:21 INFO Current reconcile ID: 1536f3d5-2448-46ca-a2f0-3eb45071c305, expected reconcile ID: 012751f8-6b20-40fa-a467-d0303a01ea3a
06:45:26 INFO [TEST SETUP] Exposing port 8080 on test-hqzo97i2-0-n-b54c5711bce0
06:45:26 WARNING dict_values([[{'version': 4, 'addr': '10.151.122.189', 'OS-EXT-IPS:type': 'fixed', 'OS-EXT-IPS-MAC:mac_addr': 'fa:16:3e:99:36:d4'}]])
06:45:27 INFO ssh tunnel command ssh -fNT -R 8080:localhost:8080 -i /home/runner-manager/.ssh/test-hqzo97i2-0-n-b54c5711bce0.key -o "StrictHostKeyChecking no" -o "ControlPersist yes" ubuntu@10.151.122.189 &
06:45:28 INFO ssh tunnel result 0 None Warning: Permanently added '10.151.122.189' (ED25519) to the list of known hosts.

06:45:29 INFO [TEST SETUP] Run command nc -z localhost 8080 on test-hqzo97i2-0-n-b54c5711bce0
06:45:29 WARNING dict_values([[{'version': 4, 'addr': '10.151.122.189', 'OS-EXT-IPS:type': 'fixed', 'OS-EXT-IPS-MAC:mac_addr': 'fa:16:3e:99:36:d4'}]])
06:45:30 WARNING ssh_cmd: su - ubuntu -c 'ssh -i /home/runner-manager/.ssh/test-hqzo97i2-0-n-b54c5711bce0.key -o "StrictHostKeyChecking no" ubuntu@10.151.122.189 nc -z localhost 8080'
06:45:31 INFO Run command 'nc -z localhost 8080' in runner with result 0: 'None' 'Connection to localhost (127.0.0.1) 8080 port [tcp/http-alt] succeeded!
'
06:45:32 INFO [TEST SETUP] Run command curl http://localhost:8080 on test-hqzo97i2-0-n-b54c5711bce0
06:45:32 WARNING dict_values([[{'version': 4, 'addr': '10.151.122.189', 'OS-EXT-IPS:type': 'fixed', 'OS-EXT-IPS-MAC:mac_addr': 'fa:16:3e:99:36:d4'}]])
06:45:33 WARNING ssh_cmd: su - ubuntu -c 'ssh -i /home/runner-manager/.ssh/test-hqzo97i2-0-n-b54c5711bce0.key -o "StrictHostKeyChecking no" ubuntu@10.151.122.189 curl http://localhost:8080'
06:45:34 INFO Run command 'curl http://localhost:8080' in runner with result 0: '<!doctype html>
<html lang=en>
<title>404 Not Found</title>
<h1>Not Found</h1>
<p>The requested URL was not found on the server. If you entered the URL manually please check your spelling and try again.</p>
' '  % Total    % Received % Xferd  Average Speed   Time    Time     Time  Current
                                 Dload  Upload   Total   Spent    Left  Speed
  0     0    0     0    0     0      0      0 --:--:-- --:--:-- --:--:--     0100   207  100   207    0     0  88197      0 --:--:-- --:--:-- --:--:--  101k
'
06:45:35 INFO Wait for condition not met, sleeping 10
06:45:46 INFO Waiting for model:
  test-hqzo97i2/0 [idle] active: 
06:46:16 INFO Waiting for model:
  test-hqzo97i2/0 [idle] active: 
06:46:19 INFO Current reconcile ID: cfe5fe39-a174-472b-b3f2-de1c3680099f
06:46:19 INFO Waiting for reconcile ID: cfe5fe39-a174-472b-b3f2-de1c3680099f
06:47:20 INFO Current reconcile ID: cfe5fe39-a174-472b-b3f2-de1c3680099f
06:47:20 INFO Current reconcile ID: cfe5fe39-a174-472b-b3f2-de1c3680099f, expected reconcile ID: cfe5fe39-a174-472b-b3f2-de1c3680099f
06:47:20 INFO Waiting for reconcile ID: cfe5fe39-a174-472b-b3f2-de1c3680099f
06:48:21 INFO Current reconcile ID: 9e528f1e-f1fb-4c7a-a5ab-78f7fe710439
06:48:21 INFO Current reconcile ID: 9e528f1e-f1fb-4c7a-a5ab-78f7fe710439, expected reconcile ID: cfe5fe39-a174-472b-b3f2-de1c3680099f
06:48:22 INFO Model status:

Model                   Controller           Cloud/Region         Version  SLA          Timestamp
test-charm-runner-p7co  github-pr-dfddc-lxd  localhost/localhost  3.6.12   unsupported  06:48:22Z

App                                   Version  Status  Scale  Charm          Channel      Rev  Exposed  Message
github-runner-image-builder-hqzo97i2           active      1  any-charm      latest/beta  124  no       
test-hqzo97i2                                  active      1  github-runner                 0  yes      

Unit                                     Workload  Agent  Machine  Public address  Ports     Message
github-runner-image-builder-hqzo97i2/0*  active    idle   0        10.25.220.211             
test-hqzo97i2/0*                         active    idle   1        10.25.220.74    8080/tcp  

Machine  State    Address        Inst id        Base          AZ             Message
0        started  10.25.220.211  juju-c902d3-0  ubuntu@24.04  github-runner  Running
1        started  10.25.220.74   juju-c902d3-1  ubuntu@22.04  github-runner  Running

06:48:22 INFO Juju error logs:

machine-0: 06:19:01 ERROR juju.worker.dependency "lxd-container-provisioner" manifold worker returned unexpected error: container types not yet available
machine-0: 06:19:01 ERROR juju.worker.dependency "kvm-container-provisioner" manifold worker returned unexpected error: container types not yet available
machine-1: 06:20:09 ERROR juju.worker.dependency "lxd-container-provisioner" manifold worker returned unexpected error: container types not yet available
machine-1: 06:20:09 ERROR juju.worker.dependency "kvm-container-provisioner" manifold worker returned unexpected error: container types not yet available
unit-test-hqzo97i2-0: 06:21:18 ERROR unit.test-hqzo97i2/0.juju-log Missing image integration.
Traceback (most recent call last):
  File "/var/lib/juju/agents/unit-test-hqzo97i2-0/charm/./src/charm.py", line 119, in func_with_catch_errors
    func(self, event)
  File "/var/lib/juju/agents/unit-test-hqzo97i2-0/charm/./src/charm.py", line 354, in _on_config_changed
    self._check_image_ready()
  File "/var/lib/juju/agents/unit-test-hqzo97i2-0/charm/./src/charm.py", line 524, in _check_image_ready
    raise ImageIntegrationMissingError("No image integration found")
errors.ImageIntegrationMissingError: No image integration found
unit-test-hqzo97i2-0: 06:21:19 ERROR unit.test-hqzo97i2/0.juju-log Missing image integration.
Traceback (most recent call last):
  File "/var/lib/juju/agents/unit-test-hqzo97i2-0/charm/./src/charm.py", line 119, in func_with_catch_errors
    func(self, event)
  File "/var/lib/juju/agents/unit-test-hqzo97i2-0/charm/./src/charm.py", line 317, in _on_start
    self._check_image_ready()
  File "/var/lib/juju/agents/unit-test-hqzo97i2-0/charm/./src/charm.py", line 524, in _check_image_ready
    raise ImageIntegrationMissingError("No image integration found")
errors.ImageIntegrationMissingError: No image integration found

06:48:22 INFO Forgetting model main...