18:23:48 WARNING unexpected facade SSHServer received from the controller
18:23:48 INFO Adding model github-pr-c6dfb-lxd:test-charm-fork-repo-ys01 on cloud localhost
18:23:48 WARNING unexpected facade SSHServer received from the controller
18:23:48 WARNING unexpected facade SSHSession received from the controller
18:23:48 WARNING unexpected facade SSHTunneler received from the controller
18:23:50 INFO Deploying ch:amd64/jammy/github-runner-image-builder-100
18:24:07 INFO Deploying local:jammy/github-runner-0
18:24:07 INFO Waiting for model:
  test-lrmlqyuj/0 [allocating] waiting: waiting for machine
  github-runner-image-builder-lrmlqyuj/0 [allocating] waiting: waiting for machine
18:24:38 INFO Waiting for model:
  test-lrmlqyuj/0 [allocating] waiting: waiting for machine
  github-runner-image-builder-lrmlqyuj/0 [allocating] waiting: waiting for machine
18:25:08 INFO Waiting for model:
  test-lrmlqyuj/0 [allocating] waiting: waiting for machine
  github-runner-image-builder-lrmlqyuj/0 [allocating] waiting: agent initialising
18:25:38 INFO Waiting for model:
  test-lrmlqyuj/0 [allocating] waiting: waiting for machine
  github-runner-image-builder-lrmlqyuj/0 [executing] maintenance: Setting up Builder.
18:26:08 INFO Waiting for model:
  test-lrmlqyuj/0 [allocating] waiting: agent initialising
  github-runner-image-builder-lrmlqyuj/0 [executing] maintenance: Setting up Builder.
18:26:38 INFO Waiting for model:
  test-lrmlqyuj/0 [executing] maintenance: installing charm software
  github-runner-image-builder-lrmlqyuj/0 [executing] maintenance: Setting up Builder.
18:27:09 INFO Waiting for model:
  test-lrmlqyuj/0 [executing] maintenance: installing charm software
  github-runner-image-builder-lrmlqyuj/0 [executing] maintenance: Setting up Builder.
18:27:39 INFO Waiting for model:
  test-lrmlqyuj/0 [idle] blocked: Please provide image integration.
  github-runner-image-builder-lrmlqyuj/0 [executing] maintenance: Setting up Builder.
18:28:09 INFO Waiting for model:
  test-lrmlqyuj/0 [idle] waiting: Waiting for image over integration.
  github-runner-image-builder-lrmlqyuj/0 [executing] active: Building image.
18:28:40 INFO Waiting for model:
  test-lrmlqyuj/0 [idle] waiting: Waiting for image over integration.
  github-runner-image-builder-lrmlqyuj/0 [executing] active: Building image.
18:29:10 INFO Waiting for model:
  test-lrmlqyuj/0 [idle] waiting: Waiting for image over integration.
  github-runner-image-builder-lrmlqyuj/0 [executing] active: Building image.
18:29:40 INFO Waiting for model:
  test-lrmlqyuj/0 [idle] waiting: Waiting for image over integration.
  github-runner-image-builder-lrmlqyuj/0 [executing] active: Building image.
18:30:10 INFO Waiting for model:
  test-lrmlqyuj/0 [idle] waiting: Waiting for image over integration.
  github-runner-image-builder-lrmlqyuj/0 [executing] active: Building image.
18:30:40 INFO Waiting for model:
  test-lrmlqyuj/0 [idle] waiting: Waiting for image over integration.
  github-runner-image-builder-lrmlqyuj/0 [executing] active: Building image.
18:31:11 INFO Waiting for model:
  test-lrmlqyuj/0 [idle] waiting: Waiting for image over integration.
  github-runner-image-builder-lrmlqyuj/0 [executing] active: Building image.
18:31:42 INFO Waiting for model:
  test-lrmlqyuj/0 [idle] waiting: Waiting for image over integration.
  github-runner-image-builder-lrmlqyuj/0 [executing] active: Building image.
18:32:12 INFO Waiting for model:
  test-lrmlqyuj/0 [idle] waiting: Waiting for image over integration.
  github-runner-image-builder-lrmlqyuj/0 [executing] active: Building image.
18:32:42 INFO Waiting for model:
  test-lrmlqyuj/0 [idle] waiting: Waiting for image over integration.
  github-runner-image-builder-lrmlqyuj/0 [executing] active: Building image.
18:33:13 INFO Waiting for model:
  test-lrmlqyuj/0 [idle] waiting: Waiting for image over integration.
  github-runner-image-builder-lrmlqyuj/0 [executing] active: Building image.
18:33:43 INFO Waiting for model:
  test-lrmlqyuj/0 [idle] waiting: Waiting for image over integration.
  github-runner-image-builder-lrmlqyuj/0 [executing] active: Building image.
18:34:13 INFO Waiting for model:
  test-lrmlqyuj/0 [idle] waiting: Waiting for image over integration.
  github-runner-image-builder-lrmlqyuj/0 [executing] active: Building image.
18:34:43 INFO Waiting for model:
  test-lrmlqyuj/0 [idle] waiting: Waiting for image over integration.
  github-runner-image-builder-lrmlqyuj/0 [executing] active: Building image.
18:35:14 INFO Waiting for model:
  test-lrmlqyuj/0 [idle] waiting: Waiting for image over integration.
  github-runner-image-builder-lrmlqyuj/0 [executing] active: Building image.
18:35:44 INFO Waiting for model:
  test-lrmlqyuj/0 [idle] waiting: Waiting for image over integration.
  github-runner-image-builder-lrmlqyuj/0 [executing] active: Building image.
18:36:15 INFO Waiting for model:
  test-lrmlqyuj/0 [idle] waiting: Waiting for image over integration.
  github-runner-image-builder-lrmlqyuj/0 [executing] active: Building image.
18:36:45 INFO Waiting for model:
  test-lrmlqyuj/0 [idle] waiting: Waiting for image over integration.
  github-runner-image-builder-lrmlqyuj/0 [executing] active: Building image.
18:37:16 INFO Waiting for model:
  test-lrmlqyuj/0 [idle] waiting: Waiting for image over integration.
  github-runner-image-builder-lrmlqyuj/0 [executing] active: Building image.
18:37:46 INFO Waiting for model:
  test-lrmlqyuj/0 [idle] waiting: Waiting for image over integration.
  github-runner-image-builder-lrmlqyuj/0 [executing] active: Building image.
18:38:17 INFO Waiting for model:
  test-lrmlqyuj/0 [idle] waiting: Waiting for image over integration.
  github-runner-image-builder-lrmlqyuj/0 [executing] active: Building image.
18:38:47 INFO Waiting for model:
  test-lrmlqyuj/0 [idle] waiting: Waiting for image over integration.
  github-runner-image-builder-lrmlqyuj/0 [executing] active: Building image.
18:39:17 INFO Waiting for model:
  test-lrmlqyuj/0 [idle] waiting: Waiting for image over integration.
  github-runner-image-builder-lrmlqyuj/0 [executing] active: Building image.
18:39:47 INFO Waiting for model:
  test-lrmlqyuj/0 [idle] waiting: Waiting for image over integration.
  github-runner-image-builder-lrmlqyuj/0 [executing] active: Building image.
18:40:17 INFO Waiting for model:
  test-lrmlqyuj/0 [idle] waiting: Waiting for image over integration.
  github-runner-image-builder-lrmlqyuj/0 [executing] active: Building image.
18:40:47 INFO Waiting for model:
  test-lrmlqyuj/0 [idle] waiting: Waiting for image over integration.
  github-runner-image-builder-lrmlqyuj/0 [executing] active: Building image.
18:41:18 INFO Waiting for model:
  test-lrmlqyuj/0 [idle] waiting: Waiting for image over integration.
  github-runner-image-builder-lrmlqyuj/0 [executing] active: Building image.
18:41:48 INFO Waiting for model:
  test-lrmlqyuj/0 [idle] waiting: Waiting for image over integration.
  github-runner-image-builder-lrmlqyuj/0 [executing] active: Building image.
18:42:18 INFO Waiting for model:
  test-lrmlqyuj/0 [idle] waiting: Waiting for image over integration.
  github-runner-image-builder-lrmlqyuj/0 [executing] active: Building image.
18:42:48 INFO Waiting for model:
  test-lrmlqyuj/0 [idle] waiting: Waiting for image over integration.
  github-runner-image-builder-lrmlqyuj/0 [executing] active: Building image.
18:43:18 INFO Waiting for model:
  test-lrmlqyuj/0 [idle] waiting: Waiting for image over integration.
  github-runner-image-builder-lrmlqyuj/0 [executing] active: Building image.
18:43:48 INFO Waiting for model:
  test-lrmlqyuj/0 [executing] maintenance: Update image for runners
18:44:15 INFO GitHub token rate limit: Rate(reset=2025-08-17 18:50:14+00:00, remaining=4772, limit=5000)
18:45:23 INFO Waiting for model:
  test-lrmlqyuj/0 [idle] active: 
18:45:53 INFO Waiting for model:
  test-lrmlqyuj/0 [idle] active: 
18:45:56 INFO Current reconcile ID: 1f4d4866-932c-4b2a-ab7f-c8359ba7920a
18:46:57 INFO Current reconcile ID: 1f4d4866-932c-4b2a-ab7f-c8359ba7920a
18:47:58 INFO Current reconcile ID: 5a511604-81bb-4cae-8f17-b273e39064d0
18:48:05 INFO [TEST SETUP] Exposing port 8080 on test-lrmlqyuj-0-n-1370cfa8833e
18:48:05 WARNING dict_values([[{'version': 4, 'addr': '10.145.193.233', 'OS-EXT-IPS:type': 'fixed', 'OS-EXT-IPS-MAC:mac_addr': 'fa:16:3e:4f:60:52'}]])
18:48:06 INFO ssh tunnel command ssh -fNT -R 8080:localhost:8080 -i /home/runner-manager/.ssh/test-lrmlqyuj-0-n-1370cfa8833e.key -o "StrictHostKeyChecking no" -o "ControlPersist yes" ubuntu@10.145.193.233 &
18:48:07 INFO ssh tunnel result 0 None Warning: Permanently added '10.145.193.233' (ED25519) to the list of known hosts.

18:48:11 INFO [TEST SETUP] Run command nc -z localhost 8080 on test-lrmlqyuj-0-n-1370cfa8833e
18:48:11 WARNING dict_values([[{'version': 4, 'addr': '10.145.193.233', 'OS-EXT-IPS:type': 'fixed', 'OS-EXT-IPS-MAC:mac_addr': 'fa:16:3e:4f:60:52'}]])
18:48:12 WARNING ssh_cmd: su - ubuntu -c 'ssh -i /home/runner-manager/.ssh/test-lrmlqyuj-0-n-1370cfa8833e.key -o "StrictHostKeyChecking no" ubuntu@10.145.193.233 nc -z localhost 8080'
18:48:13 INFO Run command 'nc -z localhost 8080' in runner with result 0: 'None' 'Connection to localhost (127.0.0.1) 8080 port [tcp/http-alt] succeeded!
'
18:48:14 INFO [TEST SETUP] Run command curl http://localhost:8080 on test-lrmlqyuj-0-n-1370cfa8833e
18:48:14 WARNING dict_values([[{'version': 4, 'addr': '10.145.193.233', 'OS-EXT-IPS:type': 'fixed', 'OS-EXT-IPS-MAC:mac_addr': 'fa:16:3e:4f:60:52'}]])
18:48:15 WARNING ssh_cmd: su - ubuntu -c 'ssh -i /home/runner-manager/.ssh/test-lrmlqyuj-0-n-1370cfa8833e.key -o "StrictHostKeyChecking no" ubuntu@10.145.193.233 curl http://localhost:8080'
18:48:16 INFO Run command 'curl http://localhost:8080' in runner with result 0: '<!doctype html>
<html lang=en>
<title>404 Not Found</title>
<h1>Not Found</h1>
<p>The requested URL was not found on the server. If you entered the URL manually please check your spelling and try again.</p>
' '  % Total    % Received % Xferd  Average Speed   Time    Time     Time  Current
                                 Dload  Upload   Total   Spent    Left  Speed
  0     0    0     0    0     0      0      0 --:--:-- --:--:-- --:--:--     0100   207  100   207    0     0  81144      0 --:--:-- --:--:-- --:--:--  101k
'
18:48:19 INFO Wait for condition not met, sleeping 10
18:48:35 INFO Model status:

Model                      Controller           Cloud/Region         Version  SLA          Timestamp
test-charm-fork-repo-ys01  github-pr-c6dfb-lxd  localhost/localhost  3.6.8    unsupported  18:48:35Z

App                                   Version  Status  Scale  Charm                        Channel      Rev  Exposed  Message
github-runner-image-builder-lrmlqyuj           active      1  github-runner-image-builder  latest/edge  100  no       
test-lrmlqyuj                                  active      1  github-runner                               0  yes      

Unit                                     Workload  Agent  Machine  Public address  Ports     Message
github-runner-image-builder-lrmlqyuj/0*  active    idle   0        10.230.67.193             
test-lrmlqyuj/0*                         active    idle   1        10.230.67.189   8080/tcp  

Machine  State    Address        Inst id        Base          AZ  Message
0        started  10.230.67.193  juju-aae042-0  ubuntu@22.04      Running
1        started  10.230.67.189  juju-aae042-1  ubuntu@22.04      Running

18:48:35 INFO Juju error logs:

machine-0: 18:25:01 ERROR juju.worker.dependency "kvm-container-provisioner" manifold worker returned unexpected error: container types not yet available
machine-0: 18:25:01 ERROR juju.worker.dependency "lxd-container-provisioner" manifold worker returned unexpected error: container types not yet available
unit-github-runner-image-builder-lrmlqyuj-0: 18:25:01 ERROR juju.worker.meterstatus error running "meter-status-changed": charm missing from disk
unit-github-runner-image-builder-lrmlqyuj-0: 18:25:45 ERROR unit.github-runner-image-builder-lrmlqyuj/0.juju-log Pipx command failed, code: 1, out: None, err: None
machine-1: 18:26:07 ERROR juju.worker.dependency "kvm-container-provisioner" manifold worker returned unexpected error: container types not yet available
machine-1: 18:26:07 ERROR juju.worker.dependency "lxd-container-provisioner" manifold worker returned unexpected error: container types not yet available
unit-test-lrmlqyuj-0: 18:26:07 ERROR juju.worker.meterstatus error running "meter-status-changed": charm missing from disk
unit-test-lrmlqyuj-0: 18:27:16 ERROR unit.test-lrmlqyuj/0.juju-log Missing image integration.
Traceback (most recent call last):
  File "/var/lib/juju/agents/unit-test-lrmlqyuj-0/charm/./src/charm.py", line 118, in func_with_catch_errors
    func(self, event)
  File "/var/lib/juju/agents/unit-test-lrmlqyuj-0/charm/./src/charm.py", line 342, in _on_config_changed
    self._check_image_ready()
  File "/var/lib/juju/agents/unit-test-lrmlqyuj-0/charm/./src/charm.py", line 512, in _check_image_ready
    raise ImageIntegrationMissingError("No image integration found")
errors.ImageIntegrationMissingError: No image integration found
unit-test-lrmlqyuj-0: 18:27:19 ERROR unit.test-lrmlqyuj/0.juju-log Missing image integration.
Traceback (most recent call last):
  File "/var/lib/juju/agents/unit-test-lrmlqyuj-0/charm/./src/charm.py", line 118, in func_with_catch_errors
    func(self, event)
  File "/var/lib/juju/agents/unit-test-lrmlqyuj-0/charm/./src/charm.py", line 313, in _on_start
    self._check_image_ready()
  File "/var/lib/juju/agents/unit-test-lrmlqyuj-0/charm/./src/charm.py", line 512, in _check_image_ready
    raise ImageIntegrationMissingError("No image integration found")
errors.ImageIntegrationMissingError: No image integration found
unit-test-lrmlqyuj-0: 18:27:47 ERROR unit.test-lrmlqyuj/0.juju-log image:0: Missing image in image integration.
Traceback (most recent call last):
  File "/var/lib/juju/agents/unit-test-lrmlqyuj-0/charm/./src/charm.py", line 118, in func_with_catch_errors
    func(self, event)
  File "/var/lib/juju/agents/unit-test-lrmlqyuj-0/charm/./src/charm.py", line 477, in _on_image_relation_changed
    self._check_image_ready()
  File "/var/lib/juju/agents/unit-test-lrmlqyuj-0/charm/./src/charm.py", line 514, in _check_image_ready
    raise ImageNotFoundError("No image found in the image integration")
errors.ImageNotFoundError: No image found in the image integration

18:48:35 INFO Forgetting model main...