{"uid":"518f20f6de75f4bd","name":"test_ssh_debug","fullName":"tests.integration.test_debug_ssh#test_ssh_debug","historyId":"4f16d0ceae44b92b8c4e82e7e2774aa1","time":{"start":1761114994496,"stop":1761114994496,"duration":0},"description":"\n    arrange: given an integrated GitHub-Runner charm and tmate-ssh-server charm.\n    act: when canonical/action-tmate is triggered.\n    assert: the ssh connection info from action-log and tmate-ssh-server matches.\n    ","descriptionHtml":"<pre><code>arrange: given an integrated GitHub-Runner charm and tmate-ssh-server charm.\nact: when canonical/action-tmate is triggered.\nassert: the ssh connection info from action-log and tmate-ssh-server matches.\n</code></pre>\n","status":"broken","statusMessage":"TimeoutError: Timed out waiting for model:\n  test-kzih0fw5/0 [allocating] waiting: waiting for machine\n  github-runner-image-builder-kzih0fw5/0 [allocating] waiting: waiting for machine","statusTrace":"Traceback (most recent call last):\n  File \"/home/ubuntu/actions-runner/_work/github-runner-operator/github-runner-operator/.tox/integration-juju3.6/lib/python3.12/site-packages/_pytest/runner.py\", line 344, in from_call\n    result: TResult | None = func()\n                             ^^^^^^\n  File \"/home/ubuntu/actions-runner/_work/github-runner-operator/github-runner-operator/.tox/integration-juju3.6/lib/python3.12/site-packages/_pytest/runner.py\", line 246, in <lambda>\n    lambda: runtest_hook(item=item, **kwds), when=when, reraise=reraise\n            ^^^^^^^^^^^^^^^^^^^^^^^^^^^^^^^\n  File \"/home/ubuntu/actions-runner/_work/github-runner-operator/github-runner-operator/.tox/integration-juju3.6/lib/python3.12/site-packages/pluggy/_hooks.py\", line 512, in __call__\n    return self._hookexec(self.name, self._hookimpls.copy(), kwargs, firstresult)\n           ^^^^^^^^^^^^^^^^^^^^^^^^^^^^^^^^^^^^^^^^^^^^^^^^^^^^^^^^^^^^^^^^^^^^^^\n  File \"/home/ubuntu/actions-runner/_work/github-runner-operator/github-runner-operator/.tox/integration-juju3.6/lib/python3.12/site-packages/pluggy/_manager.py\", line 120, in _hookexec\n    return self._inner_hookexec(hook_name, methods, kwargs, firstresult)\n           ^^^^^^^^^^^^^^^^^^^^^^^^^^^^^^^^^^^^^^^^^^^^^^^^^^^^^^^^^^^^^\n  File \"/home/ubuntu/actions-runner/_work/github-runner-operator/github-runner-operator/.tox/integration-juju3.6/lib/python3.12/site-packages/pluggy/_callers.py\", line 167, in _multicall\n    raise exception\n  File \"/home/ubuntu/actions-runner/_work/github-runner-operator/github-runner-operator/.tox/integration-juju3.6/lib/python3.12/site-packages/pluggy/_callers.py\", line 139, in _multicall\n    teardown.throw(exception)\n  File \"/home/ubuntu/actions-runner/_work/github-runner-operator/github-runner-operator/.tox/integration-juju3.6/lib/python3.12/site-packages/_pytest/logging.py\", line 843, in pytest_runtest_setup\n    yield\n  File \"/home/ubuntu/actions-runner/_work/github-runner-operator/github-runner-operator/.tox/integration-juju3.6/lib/python3.12/site-packages/pluggy/_callers.py\", line 139, in _multicall\n    teardown.throw(exception)\n  File \"/home/ubuntu/actions-runner/_work/github-runner-operator/github-runner-operator/.tox/integration-juju3.6/lib/python3.12/site-packages/pluggy/_callers.py\", line 53, in run_old_style_hookwrapper\n    return result.get_result()\n           ^^^^^^^^^^^^^^^^^^^\n  File \"/home/ubuntu/actions-runner/_work/github-runner-operator/github-runner-operator/.tox/integration-juju3.6/lib/python3.12/site-packages/pluggy/_result.py\", line 103, in get_result\n    raise exc.with_traceback(tb)\n  File \"/home/ubuntu/actions-runner/_work/github-runner-operator/github-runner-operator/.tox/integration-juju3.6/lib/python3.12/site-packages/pluggy/_callers.py\", line 38, in run_old_style_hookwrapper\n    res = yield\n          ^^^^^\n  File \"/home/ubuntu/actions-runner/_work/github-runner-operator/github-runner-operator/.tox/integration-juju3.6/lib/python3.12/site-packages/pluggy/_callers.py\", line 139, in _multicall\n    teardown.throw(exception)\n  File \"/home/ubuntu/actions-runner/_work/github-runner-operator/github-runner-operator/.tox/integration-juju3.6/lib/python3.12/site-packages/_pytest/capture.py\", line 895, in pytest_runtest_setup\n    return (yield)\n            ^^^^^\n  File \"/home/ubuntu/actions-runner/_work/github-runner-operator/github-runner-operator/.tox/integration-juju3.6/lib/python3.12/site-packages/pluggy/_callers.py\", line 121, in _multicall\n    res = hook_impl.function(*args)\n          ^^^^^^^^^^^^^^^^^^^^^^^^^\n  File \"/home/ubuntu/actions-runner/_work/github-runner-operator/github-runner-operator/.tox/integration-juju3.6/lib/python3.12/site-packages/_pytest/runner.py\", line 164, in pytest_runtest_setup\n    item.session._setupstate.setup(item)\n  File \"/home/ubuntu/actions-runner/_work/github-runner-operator/github-runner-operator/.tox/integration-juju3.6/lib/python3.12/site-packages/_pytest/runner.py\", line 514, in setup\n    col.setup()\n  File \"/home/ubuntu/actions-runner/_work/github-runner-operator/github-runner-operator/.tox/integration-juju3.6/lib/python3.12/site-packages/_pytest/python.py\", line 1674, in setup\n    self._request._fillfixtures()\n  File \"/home/ubuntu/actions-runner/_work/github-runner-operator/github-runner-operator/.tox/integration-juju3.6/lib/python3.12/site-packages/_pytest/fixtures.py\", line 720, in _fillfixtures\n    item.funcargs[argname] = self.getfixturevalue(argname)\n                             ^^^^^^^^^^^^^^^^^^^^^^^^^^^^^\n  File \"/home/ubuntu/actions-runner/_work/github-runner-operator/github-runner-operator/.tox/integration-juju3.6/lib/python3.12/site-packages/_pytest/fixtures.py\", line 549, in getfixturevalue\n    fixturedef = self._get_active_fixturedef(argname)\n                 ^^^^^^^^^^^^^^^^^^^^^^^^^^^^^^^^^^^^\n  File \"/home/ubuntu/actions-runner/_work/github-runner-operator/github-runner-operator/.tox/integration-juju3.6/lib/python3.12/site-packages/_pytest/fixtures.py\", line 640, in _get_active_fixturedef\n    fixturedef.execute(request=subrequest)\n  File \"/home/ubuntu/actions-runner/_work/github-runner-operator/github-runner-operator/.tox/integration-juju3.6/lib/python3.12/site-packages/_pytest/fixtures.py\", line 1084, in execute\n    fixturedef = request._get_active_fixturedef(argname)\n                 ^^^^^^^^^^^^^^^^^^^^^^^^^^^^^^^^^^^^^^^\n  File \"/home/ubuntu/actions-runner/_work/github-runner-operator/github-runner-operator/.tox/integration-juju3.6/lib/python3.12/site-packages/_pytest/fixtures.py\", line 640, in _get_active_fixturedef\n    fixturedef.execute(request=subrequest)\n  File \"/home/ubuntu/actions-runner/_work/github-runner-operator/github-runner-operator/.tox/integration-juju3.6/lib/python3.12/site-packages/_pytest/fixtures.py\", line 1128, in execute\n    result = ihook.pytest_fixture_setup(fixturedef=self, request=request)\n             ^^^^^^^^^^^^^^^^^^^^^^^^^^^^^^^^^^^^^^^^^^^^^^^^^^^^^^^^^^^^\n  File \"/home/ubuntu/actions-runner/_work/github-runner-operator/github-runner-operator/.tox/integration-juju3.6/lib/python3.12/site-packages/pluggy/_hooks.py\", line 512, in __call__\n    return self._hookexec(self.name, self._hookimpls.copy(), kwargs, firstresult)\n           ^^^^^^^^^^^^^^^^^^^^^^^^^^^^^^^^^^^^^^^^^^^^^^^^^^^^^^^^^^^^^^^^^^^^^^\n  File \"/home/ubuntu/actions-runner/_work/github-runner-operator/github-runner-operator/.tox/integration-juju3.6/lib/python3.12/site-packages/pluggy/_manager.py\", line 120, in _hookexec\n    return self._inner_hookexec(hook_name, methods, kwargs, firstresult)\n           ^^^^^^^^^^^^^^^^^^^^^^^^^^^^^^^^^^^^^^^^^^^^^^^^^^^^^^^^^^^^^\n  File \"/home/ubuntu/actions-runner/_work/github-runner-operator/github-runner-operator/.tox/integration-juju3.6/lib/python3.12/site-packages/pluggy/_callers.py\", line 167, in _multicall\n    raise exception\n  File \"/home/ubuntu/actions-runner/_work/github-runner-operator/github-runner-operator/.tox/integration-juju3.6/lib/python3.12/site-packages/pluggy/_callers.py\", line 139, in _multicall\n    teardown.throw(exception)\n  File \"/home/ubuntu/actions-runner/_work/github-runner-operator/github-runner-operator/.tox/integration-juju3.6/lib/python3.12/site-packages/pluggy/_callers.py\", line 53, in run_old_style_hookwrapper\n    return result.get_result()\n           ^^^^^^^^^^^^^^^^^^^\n  File \"/home/ubuntu/actions-runner/_work/github-runner-operator/github-runner-operator/.tox/integration-juju3.6/lib/python3.12/site-packages/pluggy/_result.py\", line 103, in get_result\n    raise exc.with_traceback(tb)\n  File \"/home/ubuntu/actions-runner/_work/github-runner-operator/github-runner-operator/.tox/integration-juju3.6/lib/python3.12/site-packages/pluggy/_callers.py\", line 38, in run_old_style_hookwrapper\n    res = yield\n          ^^^^^\n  File \"/home/ubuntu/actions-runner/_work/github-runner-operator/github-runner-operator/.tox/integration-juju3.6/lib/python3.12/site-packages/pluggy/_callers.py\", line 139, in _multicall\n    teardown.throw(exception)\n  File \"/home/ubuntu/actions-runner/_work/github-runner-operator/github-runner-operator/.tox/integration-juju3.6/lib/python3.12/site-packages/pluggy/_callers.py\", line 53, in run_old_style_hookwrapper\n    return result.get_result()\n           ^^^^^^^^^^^^^^^^^^^\n  File \"/home/ubuntu/actions-runner/_work/github-runner-operator/github-runner-operator/.tox/integration-juju3.6/lib/python3.12/site-packages/pluggy/_result.py\", line 103, in get_result\n    raise exc.with_traceback(tb)\n  File \"/home/ubuntu/actions-runner/_work/github-runner-operator/github-runner-operator/.tox/integration-juju3.6/lib/python3.12/site-packages/pluggy/_callers.py\", line 38, in run_old_style_hookwrapper\n    res = yield\n          ^^^^^\n  File \"/home/ubuntu/actions-runner/_work/github-runner-operator/github-runner-operator/.tox/integration-juju3.6/lib/python3.12/site-packages/pluggy/_callers.py\", line 139, in _multicall\n    teardown.throw(exception)\n  File \"/home/ubuntu/actions-runner/_work/github-runner-operator/github-runner-operator/.tox/integration-juju3.6/lib/python3.12/site-packages/_pytest/setuponly.py\", line 36, in pytest_fixture_setup\n    return (yield)\n            ^^^^^\n  File \"/home/ubuntu/actions-runner/_work/github-runner-operator/github-runner-operator/.tox/integration-juju3.6/lib/python3.12/site-packages/pluggy/_callers.py\", line 121, in _multicall\n    res = hook_impl.function(*args)\n          ^^^^^^^^^^^^^^^^^^^^^^^^^\n  File \"/home/ubuntu/actions-runner/_work/github-runner-operator/github-runner-operator/.tox/integration-juju3.6/lib/python3.12/site-packages/_pytest/fixtures.py\", line 1196, in pytest_fixture_setup\n    result = call_fixture_func(fixturefunc, request, kwargs)\n             ^^^^^^^^^^^^^^^^^^^^^^^^^^^^^^^^^^^^^^^^^^^^^^^\n  File \"/home/ubuntu/actions-runner/_work/github-runner-operator/github-runner-operator/.tox/integration-juju3.6/lib/python3.12/site-packages/_pytest/fixtures.py\", line 930, in call_fixture_func\n    fixture_result = fixturefunc(**kwargs)\n                     ^^^^^^^^^^^^^^^^^^^^^\n  File \"/home/ubuntu/actions-runner/_work/github-runner-operator/github-runner-operator/.tox/integration-juju3.6/lib/python3.12/site-packages/pytest_asyncio/plugin.py\", line 302, in _asyncgen_fixture_wrapper\n    result = event_loop.run_until_complete(setup())\n             ^^^^^^^^^^^^^^^^^^^^^^^^^^^^^^^^^^^^^^\n  File \"/home/ubuntu/actions-runner/_work/github-runner-operator/github-runner-operator/.tox/integration-juju3.6/lib/python3.12/site-packages/nest_asyncio.py\", line 98, in run_until_complete\n    return f.result()\n           ^^^^^^^^^^\n  File \"/usr/lib/python3.12/asyncio/futures.py\", line 203, in result\n    raise self._exception.with_traceback(self._exception_tb)\n  File \"/usr/lib/python3.12/asyncio/tasks.py\", line 314, in __step_run_and_handle_result\n    result = coro.send(None)\n             ^^^^^^^^^^^^^^^\n  File \"/home/ubuntu/actions-runner/_work/github-runner-operator/github-runner-operator/.tox/integration-juju3.6/lib/python3.12/site-packages/pytest_asyncio/plugin.py\", line 284, in setup\n    res = await gen_obj.__anext__()\n          ^^^^^^^^^^^^^^^^^^^^^^^^^\n  File \"/home/ubuntu/actions-runner/_work/github-runner-operator/github-runner-operator/tests/integration/conftest.py\", line 484, in app_openstack_runner_fixture\n    await model.wait_for_idle(\n  File \"/home/ubuntu/actions-runner/_work/github-runner-operator/github-runner-operator/.tox/integration-juju3.6/lib/python3.12/site-packages/juju/model/__init__.py\", line 3250, in wait_for_idle\n    raise asyncio.TimeoutError(\nTimeoutError: Timed out waiting for model:\n  test-kzih0fw5/0 [allocating] waiting: waiting for machine\n  github-runner-image-builder-kzih0fw5/0 [allocating] waiting: waiting for machine","flaky":false,"newFailed":false,"newBroken":false,"newPassed":false,"retriesCount":1,"retriesStatusChange":true,"beforeStages":[{"name":"event_loop","time":{"start":1761114994496,"stop":1761114994496,"duration":0},"status":"passed","steps":[],"attachments":[],"parameters":[],"shouldDisplayMessage":false,"stepsCount":0,"attachmentsCount":0,"hasContent":false,"attachmentStep":false},{"name":"pytestconfig","time":{"start":1761114994496,"stop":1761114994497,"duration":1},"status":"passed","steps":[],"attachments":[],"parameters":[],"shouldDisplayMessage":false,"stepsCount":0,"attachmentsCount":0,"hasContent":false,"attachmentStep":false},{"name":"tmp_path_factory","time":{"start":1761114994496,"stop":1761114994496,"duration":0},"status":"passed","steps":[],"attachments":[],"parameters":[],"shouldDisplayMessage":false,"stepsCount":0,"attachmentsCount":0,"hasContent":false,"attachmentStep":false},{"name":"ops_test","time":{"start":1761114994497,"stop":1761114994968,"duration":471},"status":"passed","steps":[],"attachments":[],"parameters":[],"shouldDisplayMessage":false,"stepsCount":0,"attachmentsCount":0,"hasContent":false,"attachmentStep":false},{"name":"https_proxy","time":{"start":1761114994968,"stop":1761114994968,"duration":0},"status":"passed","steps":[],"attachments":[],"parameters":[],"shouldDisplayMessage":false,"stepsCount":0,"attachmentsCount":0,"hasContent":false,"attachmentStep":false},{"name":"http_proxy","time":{"start":1761114994968,"stop":1761114994968,"duration":0},"status":"passed","steps":[],"attachments":[],"parameters":[],"shouldDisplayMessage":false,"stepsCount":0,"attachmentsCount":0,"hasContent":false,"attachmentStep":false},{"name":"model","time":{"start":1761114994969,"stop":1761114994974,"duration":5},"status":"passed","steps":[],"attachments":[],"parameters":[],"shouldDisplayMessage":false,"stepsCount":0,"attachmentsCount":0,"hasContent":false,"attachmentStep":false},{"name":"no_proxy","time":{"start":1761114994969,"stop":1761114994969,"duration":0},"status":"passed","steps":[],"attachments":[],"parameters":[],"shouldDisplayMessage":false,"stepsCount":0,"attachmentsCount":0,"hasContent":false,"attachmentStep":false},{"name":"openstack_http_proxy","time":{"start":1761114994974,"stop":1761114994974,"duration":0},"status":"passed","steps":[],"attachments":[],"parameters":[],"shouldDisplayMessage":false,"stepsCount":0,"attachmentsCount":0,"hasContent":false,"attachmentStep":false},{"name":"path","time":{"start":1761114994974,"stop":1761114994974,"duration":0},"status":"passed","steps":[],"attachments":[],"parameters":[],"shouldDisplayMessage":false,"stepsCount":0,"attachmentsCount":0,"hasContent":false,"attachmentStep":false},{"name":"private_endpoint_clouds_yaml","time":{"start":1761114994974,"stop":1761114994975,"duration":1},"status":"passed","steps":[],"attachments":[],"parameters":[],"shouldDisplayMessage":false,"stepsCount":0,"attachmentsCount":0,"hasContent":false,"attachmentStep":false},{"name":"openstack_clouds_yaml","time":{"start":1761114994974,"stop":1761114994974,"duration":0},"status":"passed","steps":[],"attachments":[],"parameters":[],"shouldDisplayMessage":false,"stepsCount":0,"attachmentsCount":0,"hasContent":false,"attachmentStep":false},{"name":"charm_file","time":{"start":1761114994974,"stop":1761114994974,"duration":0},"status":"passed","steps":[],"attachments":[],"parameters":[],"shouldDisplayMessage":false,"stepsCount":0,"attachmentsCount":0,"hasContent":false,"attachmentStep":false},{"name":"openstack_no_proxy","time":{"start":1761114994974,"stop":1761114994974,"duration":0},"status":"passed","steps":[],"attachments":[],"parameters":[],"shouldDisplayMessage":false,"stepsCount":0,"attachmentsCount":0,"hasContent":false,"attachmentStep":false},{"name":"app_name","time":{"start":1761114994974,"stop":1761114994974,"duration":0},"status":"passed","steps":[],"attachments":[],"parameters":[],"shouldDisplayMessage":false,"stepsCount":0,"attachmentsCount":0,"hasContent":false,"attachmentStep":false},{"name":"random_app_name_suffix","time":{"start":1761114994974,"stop":1761114994974,"duration":0},"status":"passed","steps":[],"attachments":[],"parameters":[],"shouldDisplayMessage":false,"stepsCount":0,"attachmentsCount":0,"hasContent":false,"attachmentStep":false},{"name":"existing_app_suffix","time":{"start":1761114994974,"stop":1761114994974,"duration":0},"status":"passed","steps":[],"attachments":[],"parameters":[],"shouldDisplayMessage":false,"stepsCount":0,"attachmentsCount":0,"hasContent":false,"attachmentStep":false},{"name":"private_endpoint_config","time":{"start":1761114994974,"stop":1761114994974,"duration":0},"status":"passed","steps":[],"attachments":[],"parameters":[],"shouldDisplayMessage":false,"stepsCount":0,"attachmentsCount":0,"hasContent":false,"attachmentStep":false},{"name":"token","time":{"start":1761114994974,"stop":1761114994974,"duration":0},"status":"passed","steps":[],"attachments":[],"parameters":[],"shouldDisplayMessage":false,"stepsCount":0,"attachmentsCount":0,"hasContent":false,"attachmentStep":false},{"name":"openstack_https_proxy","time":{"start":1761114994974,"stop":1761114994974,"duration":0},"status":"passed","steps":[],"attachments":[],"parameters":[],"shouldDisplayMessage":false,"stepsCount":0,"attachmentsCount":0,"hasContent":false,"attachmentStep":false},{"name":"clouds_yaml_contents","time":{"start":1761114994975,"stop":1761114994975,"duration":0},"status":"passed","steps":[],"attachments":[],"parameters":[],"shouldDisplayMessage":false,"stepsCount":0,"attachmentsCount":0,"hasContent":false,"attachmentStep":false},{"name":"image_builder_config","time":{"start":1761114994975,"stop":1761114994975,"duration":0},"status":"passed","steps":[],"attachments":[],"parameters":[],"shouldDisplayMessage":false,"stepsCount":0,"attachmentsCount":0,"hasContent":false,"attachmentStep":false},{"name":"network_name","time":{"start":1761114994975,"stop":1761114994975,"duration":0},"status":"passed","steps":[],"attachments":[],"parameters":[],"shouldDisplayMessage":false,"stepsCount":0,"attachmentsCount":0,"hasContent":false,"attachmentStep":false},{"name":"image_builder_app_name","time":{"start":1761114994975,"stop":1761114994975,"duration":0},"status":"passed","steps":[],"attachments":[],"parameters":[],"shouldDisplayMessage":false,"stepsCount":0,"attachmentsCount":0,"hasContent":false,"attachmentStep":false},{"name":"openstack_model_proxy","time":{"start":1761114994975,"stop":1761114994980,"duration":5},"status":"passed","steps":[],"attachments":[],"parameters":[],"shouldDisplayMessage":false,"stepsCount":0,"attachmentsCount":0,"hasContent":false,"attachmentStep":false},{"name":"flavor_name","time":{"start":1761114994975,"stop":1761114994975,"duration":0},"status":"passed","steps":[],"attachments":[],"parameters":[],"shouldDisplayMessage":false,"stepsCount":0,"attachmentsCount":0,"hasContent":false,"attachmentStep":false},{"name":"openstack_connection","time":{"start":1761114994981,"stop":1761114994992,"duration":11},"status":"passed","steps":[],"attachments":[],"parameters":[],"shouldDisplayMessage":false,"stepsCount":0,"attachmentsCount":0,"hasContent":false,"attachmentStep":false},{"name":"image_builder","time":{"start":1761114994992,"stop":1761114997225,"duration":2233},"status":"passed","steps":[],"attachments":[],"parameters":[],"shouldDisplayMessage":false,"stepsCount":0,"attachmentsCount":0,"hasContent":false,"attachmentStep":false},{"name":"app_openstack_runner","time":{"start":1761114997225,"stop":1761116810376,"duration":1813151},"status":"broken","statusMessage":"TimeoutError: Timed out waiting for model:\n  test-kzih0fw5/0 [allocating] waiting: waiting for machine\n  github-runner-image-builder-kzih0fw5/0 [allocating] waiting: waiting for machine\n","statusTrace":"  File \"/home/ubuntu/actions-runner/_work/github-runner-operator/github-runner-operator/.tox/integration-juju3.6/lib/python3.12/site-packages/pluggy/_callers.py\", line 38, in run_old_style_hookwrapper\n    res = yield\n          ^^^^^\n  File \"/home/ubuntu/actions-runner/_work/github-runner-operator/github-runner-operator/.tox/integration-juju3.6/lib/python3.12/site-packages/pluggy/_callers.py\", line 139, in _multicall\n    teardown.throw(exception)\n  File \"/home/ubuntu/actions-runner/_work/github-runner-operator/github-runner-operator/.tox/integration-juju3.6/lib/python3.12/site-packages/pluggy/_callers.py\", line 53, in run_old_style_hookwrapper\n    return result.get_result()\n           ^^^^^^^^^^^^^^^^^^^\n  File \"/home/ubuntu/actions-runner/_work/github-runner-operator/github-runner-operator/.tox/integration-juju3.6/lib/python3.12/site-packages/pluggy/_result.py\", line 103, in get_result\n    raise exc.with_traceback(tb)\n  File \"/home/ubuntu/actions-runner/_work/github-runner-operator/github-runner-operator/.tox/integration-juju3.6/lib/python3.12/site-packages/pluggy/_callers.py\", line 38, in run_old_style_hookwrapper\n    res = yield\n          ^^^^^\n  File \"/home/ubuntu/actions-runner/_work/github-runner-operator/github-runner-operator/.tox/integration-juju3.6/lib/python3.12/site-packages/pluggy/_callers.py\", line 139, in _multicall\n    teardown.throw(exception)\n  File \"/home/ubuntu/actions-runner/_work/github-runner-operator/github-runner-operator/.tox/integration-juju3.6/lib/python3.12/site-packages/_pytest/setuponly.py\", line 36, in pytest_fixture_setup\n    return (yield)\n            ^^^^^\n  File \"/home/ubuntu/actions-runner/_work/github-runner-operator/github-runner-operator/.tox/integration-juju3.6/lib/python3.12/site-packages/pluggy/_callers.py\", line 121, in _multicall\n    res = hook_impl.function(*args)\n          ^^^^^^^^^^^^^^^^^^^^^^^^^\n  File \"/home/ubuntu/actions-runner/_work/github-runner-operator/github-runner-operator/.tox/integration-juju3.6/lib/python3.12/site-packages/_pytest/fixtures.py\", line 1196, in pytest_fixture_setup\n    result = call_fixture_func(fixturefunc, request, kwargs)\n             ^^^^^^^^^^^^^^^^^^^^^^^^^^^^^^^^^^^^^^^^^^^^^^^\n  File \"/home/ubuntu/actions-runner/_work/github-runner-operator/github-runner-operator/.tox/integration-juju3.6/lib/python3.12/site-packages/_pytest/fixtures.py\", line 930, in call_fixture_func\n    fixture_result = fixturefunc(**kwargs)\n                     ^^^^^^^^^^^^^^^^^^^^^\n  File \"/home/ubuntu/actions-runner/_work/github-runner-operator/github-runner-operator/.tox/integration-juju3.6/lib/python3.12/site-packages/pytest_asyncio/plugin.py\", line 302, in _asyncgen_fixture_wrapper\n    result = event_loop.run_until_complete(setup())\n             ^^^^^^^^^^^^^^^^^^^^^^^^^^^^^^^^^^^^^^\n  File \"/home/ubuntu/actions-runner/_work/github-runner-operator/github-runner-operator/.tox/integration-juju3.6/lib/python3.12/site-packages/nest_asyncio.py\", line 98, in run_until_complete\n    return f.result()\n           ^^^^^^^^^^\n  File \"/usr/lib/python3.12/asyncio/futures.py\", line 203, in result\n    raise self._exception.with_traceback(self._exception_tb)\n  File \"/usr/lib/python3.12/asyncio/tasks.py\", line 314, in __step_run_and_handle_result\n    result = coro.send(None)\n             ^^^^^^^^^^^^^^^\n  File \"/home/ubuntu/actions-runner/_work/github-runner-operator/github-runner-operator/.tox/integration-juju3.6/lib/python3.12/site-packages/pytest_asyncio/plugin.py\", line 284, in setup\n    res = await gen_obj.__anext__()\n          ^^^^^^^^^^^^^^^^^^^^^^^^^\n  File \"/home/ubuntu/actions-runner/_work/github-runner-operator/github-runner-operator/tests/integration/conftest.py\", line 484, in app_openstack_runner_fixture\n    await model.wait_for_idle(\n  File \"/home/ubuntu/actions-runner/_work/github-runner-operator/github-runner-operator/.tox/integration-juju3.6/lib/python3.12/site-packages/juju/model/__init__.py\", line 3250, in wait_for_idle\n    raise asyncio.TimeoutError(\n","steps":[],"attachments":[],"parameters":[],"shouldDisplayMessage":true,"stepsCount":0,"attachmentsCount":0,"hasContent":true,"attachmentStep":false}],"testStage":{"description":"\n    arrange: given an integrated GitHub-Runner charm and tmate-ssh-server charm.\n    act: when canonical/action-tmate is triggered.\n    assert: the ssh connection info from action-log and tmate-ssh-server matches.\n    ","status":"broken","statusMessage":"TimeoutError: Timed out waiting for model:\n  test-kzih0fw5/0 [allocating] waiting: waiting for machine\n  github-runner-image-builder-kzih0fw5/0 [allocating] waiting: waiting for machine","statusTrace":"Traceback (most recent call last):\n  File \"/home/ubuntu/actions-runner/_work/github-runner-operator/github-runner-operator/.tox/integration-juju3.6/lib/python3.12/site-packages/_pytest/runner.py\", line 344, in from_call\n    result: TResult | None = func()\n                             ^^^^^^\n  File \"/home/ubuntu/actions-runner/_work/github-runner-operator/github-runner-operator/.tox/integration-juju3.6/lib/python3.12/site-packages/_pytest/runner.py\", line 246, in <lambda>\n    lambda: runtest_hook(item=item, **kwds), when=when, reraise=reraise\n            ^^^^^^^^^^^^^^^^^^^^^^^^^^^^^^^\n  File \"/home/ubuntu/actions-runner/_work/github-runner-operator/github-runner-operator/.tox/integration-juju3.6/lib/python3.12/site-packages/pluggy/_hooks.py\", line 512, in __call__\n    return self._hookexec(self.name, self._hookimpls.copy(), kwargs, firstresult)\n           ^^^^^^^^^^^^^^^^^^^^^^^^^^^^^^^^^^^^^^^^^^^^^^^^^^^^^^^^^^^^^^^^^^^^^^\n  File \"/home/ubuntu/actions-runner/_work/github-runner-operator/github-runner-operator/.tox/integration-juju3.6/lib/python3.12/site-packages/pluggy/_manager.py\", line 120, in _hookexec\n    return self._inner_hookexec(hook_name, methods, kwargs, firstresult)\n           ^^^^^^^^^^^^^^^^^^^^^^^^^^^^^^^^^^^^^^^^^^^^^^^^^^^^^^^^^^^^^\n  File \"/home/ubuntu/actions-runner/_work/github-runner-operator/github-runner-operator/.tox/integration-juju3.6/lib/python3.12/site-packages/pluggy/_callers.py\", line 167, in _multicall\n    raise exception\n  File \"/home/ubuntu/actions-runner/_work/github-runner-operator/github-runner-operator/.tox/integration-juju3.6/lib/python3.12/site-packages/pluggy/_callers.py\", line 139, in _multicall\n    teardown.throw(exception)\n  File \"/home/ubuntu/actions-runner/_work/github-runner-operator/github-runner-operator/.tox/integration-juju3.6/lib/python3.12/site-packages/_pytest/logging.py\", line 843, in pytest_runtest_setup\n    yield\n  File \"/home/ubuntu/actions-runner/_work/github-runner-operator/github-runner-operator/.tox/integration-juju3.6/lib/python3.12/site-packages/pluggy/_callers.py\", line 139, in _multicall\n    teardown.throw(exception)\n  File \"/home/ubuntu/actions-runner/_work/github-runner-operator/github-runner-operator/.tox/integration-juju3.6/lib/python3.12/site-packages/pluggy/_callers.py\", line 53, in run_old_style_hookwrapper\n    return result.get_result()\n           ^^^^^^^^^^^^^^^^^^^\n  File \"/home/ubuntu/actions-runner/_work/github-runner-operator/github-runner-operator/.tox/integration-juju3.6/lib/python3.12/site-packages/pluggy/_result.py\", line 103, in get_result\n    raise exc.with_traceback(tb)\n  File \"/home/ubuntu/actions-runner/_work/github-runner-operator/github-runner-operator/.tox/integration-juju3.6/lib/python3.12/site-packages/pluggy/_callers.py\", line 38, in run_old_style_hookwrapper\n    res = yield\n          ^^^^^\n  File \"/home/ubuntu/actions-runner/_work/github-runner-operator/github-runner-operator/.tox/integration-juju3.6/lib/python3.12/site-packages/pluggy/_callers.py\", line 139, in _multicall\n    teardown.throw(exception)\n  File \"/home/ubuntu/actions-runner/_work/github-runner-operator/github-runner-operator/.tox/integration-juju3.6/lib/python3.12/site-packages/_pytest/capture.py\", line 895, in pytest_runtest_setup\n    return (yield)\n            ^^^^^\n  File \"/home/ubuntu/actions-runner/_work/github-runner-operator/github-runner-operator/.tox/integration-juju3.6/lib/python3.12/site-packages/pluggy/_callers.py\", line 121, in _multicall\n    res = hook_impl.function(*args)\n          ^^^^^^^^^^^^^^^^^^^^^^^^^\n  File \"/home/ubuntu/actions-runner/_work/github-runner-operator/github-runner-operator/.tox/integration-juju3.6/lib/python3.12/site-packages/_pytest/runner.py\", line 164, in pytest_runtest_setup\n    item.session._setupstate.setup(item)\n  File \"/home/ubuntu/actions-runner/_work/github-runner-operator/github-runner-operator/.tox/integration-juju3.6/lib/python3.12/site-packages/_pytest/runner.py\", line 514, in setup\n    col.setup()\n  File \"/home/ubuntu/actions-runner/_work/github-runner-operator/github-runner-operator/.tox/integration-juju3.6/lib/python3.12/site-packages/_pytest/python.py\", line 1674, in setup\n    self._request._fillfixtures()\n  File \"/home/ubuntu/actions-runner/_work/github-runner-operator/github-runner-operator/.tox/integration-juju3.6/lib/python3.12/site-packages/_pytest/fixtures.py\", line 720, in _fillfixtures\n    item.funcargs[argname] = self.getfixturevalue(argname)\n                             ^^^^^^^^^^^^^^^^^^^^^^^^^^^^^\n  File \"/home/ubuntu/actions-runner/_work/github-runner-operator/github-runner-operator/.tox/integration-juju3.6/lib/python3.12/site-packages/_pytest/fixtures.py\", line 549, in getfixturevalue\n    fixturedef = self._get_active_fixturedef(argname)\n                 ^^^^^^^^^^^^^^^^^^^^^^^^^^^^^^^^^^^^\n  File \"/home/ubuntu/actions-runner/_work/github-runner-operator/github-runner-operator/.tox/integration-juju3.6/lib/python3.12/site-packages/_pytest/fixtures.py\", line 640, in _get_active_fixturedef\n    fixturedef.execute(request=subrequest)\n  File \"/home/ubuntu/actions-runner/_work/github-runner-operator/github-runner-operator/.tox/integration-juju3.6/lib/python3.12/site-packages/_pytest/fixtures.py\", line 1084, in execute\n    fixturedef = request._get_active_fixturedef(argname)\n                 ^^^^^^^^^^^^^^^^^^^^^^^^^^^^^^^^^^^^^^^\n  File \"/home/ubuntu/actions-runner/_work/github-runner-operator/github-runner-operator/.tox/integration-juju3.6/lib/python3.12/site-packages/_pytest/fixtures.py\", line 640, in _get_active_fixturedef\n    fixturedef.execute(request=subrequest)\n  File \"/home/ubuntu/actions-runner/_work/github-runner-operator/github-runner-operator/.tox/integration-juju3.6/lib/python3.12/site-packages/_pytest/fixtures.py\", line 1128, in execute\n    result = ihook.pytest_fixture_setup(fixturedef=self, request=request)\n             ^^^^^^^^^^^^^^^^^^^^^^^^^^^^^^^^^^^^^^^^^^^^^^^^^^^^^^^^^^^^\n  File \"/home/ubuntu/actions-runner/_work/github-runner-operator/github-runner-operator/.tox/integration-juju3.6/lib/python3.12/site-packages/pluggy/_hooks.py\", line 512, in __call__\n    return self._hookexec(self.name, self._hookimpls.copy(), kwargs, firstresult)\n           ^^^^^^^^^^^^^^^^^^^^^^^^^^^^^^^^^^^^^^^^^^^^^^^^^^^^^^^^^^^^^^^^^^^^^^\n  File \"/home/ubuntu/actions-runner/_work/github-runner-operator/github-runner-operator/.tox/integration-juju3.6/lib/python3.12/site-packages/pluggy/_manager.py\", line 120, in _hookexec\n    return self._inner_hookexec(hook_name, methods, kwargs, firstresult)\n           ^^^^^^^^^^^^^^^^^^^^^^^^^^^^^^^^^^^^^^^^^^^^^^^^^^^^^^^^^^^^^\n  File \"/home/ubuntu/actions-runner/_work/github-runner-operator/github-runner-operator/.tox/integration-juju3.6/lib/python3.12/site-packages/pluggy/_callers.py\", line 167, in _multicall\n    raise exception\n  File \"/home/ubuntu/actions-runner/_work/github-runner-operator/github-runner-operator/.tox/integration-juju3.6/lib/python3.12/site-packages/pluggy/_callers.py\", line 139, in _multicall\n    teardown.throw(exception)\n  File \"/home/ubuntu/actions-runner/_work/github-runner-operator/github-runner-operator/.tox/integration-juju3.6/lib/python3.12/site-packages/pluggy/_callers.py\", line 53, in run_old_style_hookwrapper\n    return result.get_result()\n           ^^^^^^^^^^^^^^^^^^^\n  File \"/home/ubuntu/actions-runner/_work/github-runner-operator/github-runner-operator/.tox/integration-juju3.6/lib/python3.12/site-packages/pluggy/_result.py\", line 103, in get_result\n    raise exc.with_traceback(tb)\n  File \"/home/ubuntu/actions-runner/_work/github-runner-operator/github-runner-operator/.tox/integration-juju3.6/lib/python3.12/site-packages/pluggy/_callers.py\", line 38, in run_old_style_hookwrapper\n    res = yield\n          ^^^^^\n  File \"/home/ubuntu/actions-runner/_work/github-runner-operator/github-runner-operator/.tox/integration-juju3.6/lib/python3.12/site-packages/pluggy/_callers.py\", line 139, in _multicall\n    teardown.throw(exception)\n  File \"/home/ubuntu/actions-runner/_work/github-runner-operator/github-runner-operator/.tox/integration-juju3.6/lib/python3.12/site-packages/pluggy/_callers.py\", line 53, in run_old_style_hookwrapper\n    return result.get_result()\n           ^^^^^^^^^^^^^^^^^^^\n  File \"/home/ubuntu/actions-runner/_work/github-runner-operator/github-runner-operator/.tox/integration-juju3.6/lib/python3.12/site-packages/pluggy/_result.py\", line 103, in get_result\n    raise exc.with_traceback(tb)\n  File \"/home/ubuntu/actions-runner/_work/github-runner-operator/github-runner-operator/.tox/integration-juju3.6/lib/python3.12/site-packages/pluggy/_callers.py\", line 38, in run_old_style_hookwrapper\n    res = yield\n          ^^^^^\n  File \"/home/ubuntu/actions-runner/_work/github-runner-operator/github-runner-operator/.tox/integration-juju3.6/lib/python3.12/site-packages/pluggy/_callers.py\", line 139, in _multicall\n    teardown.throw(exception)\n  File \"/home/ubuntu/actions-runner/_work/github-runner-operator/github-runner-operator/.tox/integration-juju3.6/lib/python3.12/site-packages/_pytest/setuponly.py\", line 36, in pytest_fixture_setup\n    return (yield)\n            ^^^^^\n  File \"/home/ubuntu/actions-runner/_work/github-runner-operator/github-runner-operator/.tox/integration-juju3.6/lib/python3.12/site-packages/pluggy/_callers.py\", line 121, in _multicall\n    res = hook_impl.function(*args)\n          ^^^^^^^^^^^^^^^^^^^^^^^^^\n  File \"/home/ubuntu/actions-runner/_work/github-runner-operator/github-runner-operator/.tox/integration-juju3.6/lib/python3.12/site-packages/_pytest/fixtures.py\", line 1196, in pytest_fixture_setup\n    result = call_fixture_func(fixturefunc, request, kwargs)\n             ^^^^^^^^^^^^^^^^^^^^^^^^^^^^^^^^^^^^^^^^^^^^^^^\n  File \"/home/ubuntu/actions-runner/_work/github-runner-operator/github-runner-operator/.tox/integration-juju3.6/lib/python3.12/site-packages/_pytest/fixtures.py\", line 930, in call_fixture_func\n    fixture_result = fixturefunc(**kwargs)\n                     ^^^^^^^^^^^^^^^^^^^^^\n  File \"/home/ubuntu/actions-runner/_work/github-runner-operator/github-runner-operator/.tox/integration-juju3.6/lib/python3.12/site-packages/pytest_asyncio/plugin.py\", line 302, in _asyncgen_fixture_wrapper\n    result = event_loop.run_until_complete(setup())\n             ^^^^^^^^^^^^^^^^^^^^^^^^^^^^^^^^^^^^^^\n  File \"/home/ubuntu/actions-runner/_work/github-runner-operator/github-runner-operator/.tox/integration-juju3.6/lib/python3.12/site-packages/nest_asyncio.py\", line 98, in run_until_complete\n    return f.result()\n           ^^^^^^^^^^\n  File \"/usr/lib/python3.12/asyncio/futures.py\", line 203, in result\n    raise self._exception.with_traceback(self._exception_tb)\n  File \"/usr/lib/python3.12/asyncio/tasks.py\", line 314, in __step_run_and_handle_result\n    result = coro.send(None)\n             ^^^^^^^^^^^^^^^\n  File \"/home/ubuntu/actions-runner/_work/github-runner-operator/github-runner-operator/.tox/integration-juju3.6/lib/python3.12/site-packages/pytest_asyncio/plugin.py\", line 284, in setup\n    res = await gen_obj.__anext__()\n          ^^^^^^^^^^^^^^^^^^^^^^^^^\n  File \"/home/ubuntu/actions-runner/_work/github-runner-operator/github-runner-operator/tests/integration/conftest.py\", line 484, in app_openstack_runner_fixture\n    await model.wait_for_idle(\n  File \"/home/ubuntu/actions-runner/_work/github-runner-operator/github-runner-operator/.tox/integration-juju3.6/lib/python3.12/site-packages/juju/model/__init__.py\", line 3250, in wait_for_idle\n    raise asyncio.TimeoutError(\nTimeoutError: Timed out waiting for model:\n  test-kzih0fw5/0 [allocating] waiting: waiting for machine\n  github-runner-image-builder-kzih0fw5/0 [allocating] waiting: waiting for machine","steps":[],"attachments":[{"uid":"c04429f037efbb52","name":"log","source":"c04429f037efbb52.txt","type":"text/plain","size":12385}],"parameters":[],"shouldDisplayMessage":true,"stepsCount":0,"attachmentsCount":1,"hasContent":true,"attachmentStep":false},"afterStages":[{"name":"image_builder::finalizer","time":{"start":1761116810384,"stop":1761116810741,"duration":357},"status":"passed","steps":[],"attachments":[],"parameters":[],"shouldDisplayMessage":false,"stepsCount":0,"attachmentsCount":0,"hasContent":false,"attachmentStep":false},{"name":"openstack_connection::0","time":{"start":1761116810742,"stop":1761116810796,"duration":54},"status":"passed","steps":[],"attachments":[],"parameters":[],"shouldDisplayMessage":false,"stepsCount":0,"attachmentsCount":0,"hasContent":false,"attachmentStep":false},{"name":"ops_test::finalizer","time":{"start":1761116810799,"stop":1761116811137,"duration":338},"status":"passed","steps":[],"attachments":[],"parameters":[],"shouldDisplayMessage":false,"stepsCount":0,"attachmentsCount":0,"hasContent":false,"attachmentStep":false},{"name":"event_loop::2","time":{"start":1761116811137,"stop":1761116811137,"duration":0},"status":"passed","steps":[],"attachments":[],"parameters":[],"shouldDisplayMessage":false,"stepsCount":0,"attachmentsCount":0,"hasContent":false,"attachmentStep":false},{"name":"event_loop::_close_event_loop","time":{"start":1761116811137,"stop":1761116811137,"duration":0},"status":"passed","steps":[],"attachments":[],"parameters":[],"shouldDisplayMessage":false,"stepsCount":0,"attachmentsCount":0,"hasContent":false,"attachmentStep":false},{"name":"event_loop::_provide_clean_event_loop","time":{"start":1761116811137,"stop":1761116811137,"duration":0},"status":"passed","steps":[],"attachments":[],"parameters":[],"shouldDisplayMessage":false,"stepsCount":0,"attachmentsCount":0,"hasContent":false,"attachmentStep":false}],"labels":[{"name":"tag","value":"asyncio"},{"name":"tag","value":"openstack"},{"name":"parentSuite","value":"tests.integration"},{"name":"suite","value":"test_debug_ssh"},{"name":"host","value":"github-runner"},{"name":"thread","value":"17768-MainThread"},{"name":"framework","value":"pytest"},{"name":"language","value":"cpython3"},{"name":"package","value":"tests.integration.test_debug_ssh"},{"name":"resultFormat","value":"allure2"}],"parameters":[],"links":[],"hidden":false,"retry":false,"extra":{"severity":"normal","retries":[{"uid":"eef9ed51b039347b","status":"unknown","time":{}}],"categories":[{"name":"Test defects","matchedStatuses":[]}],"history":{"statistic":{"failed":41,"broken":86,"skipped":0,"passed":178,"unknown":18,"total":323},"items":[{"uid":"39f0ce9b578cf04c","reportUrl":"../3787//#testresult/39f0ce9b578cf04c","status":"broken","statusDetails":"TimeoutError: Timed out waiting for model:\n  test-umd41cls/0 [allocating] waiting: waiting for machine\n  github-runner-image-builder-umd41cls/0 [allocating] waiting: waiting for machine","time":{"start":1761071148463,"stop":1761071148463,"duration":0}},{"uid":"fc27b49d13c980a0","reportUrl":"../3784//#testresult/fc27b49d13c980a0","status":"broken","statusDetails":"TimeoutError: Timed out waiting for model:\n  test-jsqmt3fg/0 [allocating] waiting: waiting for machine\n  github-runner-image-builder-jsqmt3fg/0 [allocating] waiting: waiting for machine","time":{"start":1761028582285,"stop":1761028582285,"duration":0}},{"uid":"2223e9833283268","reportUrl":"../3783//#testresult/2223e9833283268","status":"unknown","time":{}},{"uid":"bf94cd6017aa56a5","reportUrl":"../3782//#testresult/bf94cd6017aa56a5","status":"broken","statusDetails":"TimeoutError: Timed out waiting for model:\n  test-meeus4bn/0 [allocating] waiting: waiting for machine\n  github-runner-image-builder-meeus4bn/0 [allocating] waiting: waiting for machine","time":{"start":1760941586729,"stop":1760941586729,"duration":0}},{"uid":"72201dcf8d2b2f01","reportUrl":"../3781//#testresult/72201dcf8d2b2f01","status":"broken","statusDetails":"TimeoutError: Timed out waiting for model:\n  test-wtif8bmm/0 [allocating] waiting: waiting for machine\n  github-runner-image-builder-wtif8bmm/0 [allocating] waiting: waiting for machine","time":{"start":1760898503986,"stop":1760898503986,"duration":0}},{"uid":"95407cfe8045a203","reportUrl":"../3780//#testresult/95407cfe8045a203","status":"broken","statusDetails":"TimeoutError: Timed out waiting for model:\n  test-cdcx43ow/0 [allocating] waiting: waiting for machine\n  github-runner-image-builder-cdcx43ow/0 [allocating] waiting: waiting for machine","time":{"start":1760855153688,"stop":1760855153688,"duration":0}},{"uid":"7fb2cbb259ec27ce","reportUrl":"../3779//#testresult/7fb2cbb259ec27ce","status":"broken","statusDetails":"TimeoutError: Timed out waiting for model:\n  test-t6insj41/0 [allocating] waiting: waiting for machine\n  github-runner-image-builder-t6insj41/0 [allocating] waiting: waiting for machine","time":{"start":1760811886410,"stop":1760811886410,"duration":0}},{"uid":"d77ee8f1c227e56c","reportUrl":"../3778//#testresult/d77ee8f1c227e56c","status":"broken","statusDetails":"TimeoutError: Timed out waiting for model:\n  test-r8kjjhvp/0 [allocating] waiting: waiting for machine\n  github-runner-image-builder-r8kjjhvp/0 [allocating] waiting: waiting for machine","time":{"start":1760768678614,"stop":1760768678614,"duration":0}},{"uid":"bcb324195d8f1e26","reportUrl":"../3775//#testresult/bcb324195d8f1e26","status":"broken","statusDetails":"TimeoutError: Timed out waiting for model:\n  test-nzifsdcz/0 [allocating] waiting: waiting for machine\n  github-runner-image-builder-nzifsdcz/0 [idle] blocked: image integration required.","time":{"start":1760725717764,"stop":1760725717764,"duration":0}},{"uid":"8a21d6a3fa4dba68","reportUrl":"../3773//#testresult/8a21d6a3fa4dba68","status":"failed","statusDetails":"AssertionError: Tmate ssh server IP not found in action logs.\nassert '10.119.189.136' in \"\\ufeff2025-10-17T07:00:06.3913338Z Current runner version: '2.328.0'\\n2025-10-17T07:00:06.3919731Z Runner name: 'test-mntfm9y9-0-n-6c3201c07efc'\\n2025-10-17T07:00:06.3920534Z Runner group name: 'Default'\\n2025-10-17T07:00:06.3921366Z Machine name: 'github-runner'\\n2025-10-17T07:00:06.3925254Z ##[group]GITHUB_TOKEN Permissions\\n2025-10-17T07:00:06.3927390Z Actions: write\\n2025-10-17T07:00:06.3927895Z Attestations: write\\n2025-10-17T07:00:06.3928412Z Checks: write\\n2025-10-17T07:00:06.3928853Z Contents: write\\n2025-10-17T07:00:06.3929272Z Deployments: write\\n2025-10-17T07:00:06.3929738Z Discussions: write\\n2025-10-17T07:00:06.3930200Z Issues: write\\n2025-10-17T07:00:06.3930704Z Metadata: read\\n2025-10-17T07:00:06.3931165Z Models: read\\n2025-10-17T07:00:06.3931552Z Packages: write\\n2025-10-17T07:00:06.3931982Z Pages: write\\n2025-10-17T07:00:06.3932391Z PullRequests: write\\n2025-10-17T07:00:06.3932857Z RepositoryProjects: write\\n2025-10-17T07:00:06.3933324Z SecurityEvents: write\\n2025-10-17T07:00:06.3935628Z Statuses: write\\n2025-10-17T07:00:06.3936231Z ##[endgroup]\\n2025-10-17T07:00:06.3938346Z Secret source: Actions\\n2025-10-17T07:00:06.3938915Z Prepare workflow directory\\n2025-10... dependency tree...\\n2025-10-17T07:00:20.1562281Z Reading state information...\\n2025-10-17T07:00:20.3270050Z openssh-client is already the newest version (1:9.6p1-3ubuntu13.14).\\n2025-10-17T07:00:20.3275927Z xz-utils is already the newest version (5.6.1+really5.4.5-1ubuntu0.2).\\n2025-10-17T07:00:20.3276577Z 0 upgraded, 0 newly installed, 0 to remove and 0 not upgraded.\\n2025-10-17T07:00:20.3544245Z Reading package lists...\\n2025-10-17T07:00:20.5275460Z Building dependency tree...\\n2025-10-17T07:00:20.5285010Z Reading state information...\\n2025-10-17T07:00:20.7115897Z tmate is already the newest version (2.4.0-2build3).\\n2025-10-17T07:00:20.7116441Z 0 upgraded, 0 newly installed, 0 to remove and 0 not upgraded.\\n2025-10-17T07:00:20.7258740Z Failed to enable unit: Unit file tmate-proxy.service does not exist.\\n2025-10-17T07:00:20.7274559Z tmate-proxy not enabled\\n2025-10-17T07:00:21.3556871Z /home/ubuntu/.ssh/id_rsa already exists.\\n2025-10-17T07:00:21.3571982Z Overwrite (y/n)? ::debug::Generated SSH-Key successfully\\n2025-10-17T07:00:21.6578176Z ##[error]Error: Invalid value for 'tmate-server-host(TMATE_SERVER_HOST)': ''\\n2025-10-17T07:00:21.7267398Z Cleaning up orphan processes\\n\"","time":{"start":1760684228256,"stop":1760684475445,"duration":247189}},{"uid":"a02de4ef1d2dd49d","reportUrl":"../3772//#testresult/a02de4ef1d2dd49d","status":"failed","statusDetails":"AssertionError: Tmate ssh server IP not found in action logs.\nassert '10.151.123.30' in \"\\ufeff2025-10-16T18:53:56.0866790Z Current runner version: '2.328.0'\\n2025-10-16T18:53:56.0872569Z Runner name: 'test-fvor8w3t-0-n-bb48bb8037a4'\\n2025-10-16T18:53:56.0873370Z Runner group name: 'Default'\\n2025-10-16T18:53:56.0874155Z Machine name: 'github-runner'\\n2025-10-16T18:53:56.0877667Z ##[group]GITHUB_TOKEN Permissions\\n2025-10-16T18:53:56.0879949Z Actions: write\\n2025-10-16T18:53:56.0880397Z Attestations: write\\n2025-10-16T18:53:56.0880900Z Checks: write\\n2025-10-16T18:53:56.0881333Z Contents: write\\n2025-10-16T18:53:56.0881750Z Deployments: write\\n2025-10-16T18:53:56.0882107Z Discussions: write\\n2025-10-16T18:53:56.0882625Z Issues: write\\n2025-10-16T18:53:56.0883030Z Metadata: read\\n2025-10-16T18:53:56.0883414Z Models: read\\n2025-10-16T18:53:56.0883895Z Packages: write\\n2025-10-16T18:53:56.0884301Z Pages: write\\n2025-10-16T18:53:56.0884684Z PullRequests: write\\n2025-10-16T18:53:56.0885128Z RepositoryProjects: write\\n2025-10-16T18:53:56.0885642Z SecurityEvents: write\\n2025-10-16T18:53:56.0886041Z Statuses: write\\n2025-10-16T18:53:56.0886773Z ##[endgroup]\\n2025-10-16T18:53:56.0888766Z Secret source: Actions\\n2025-10-16T18:53:56.0889862Z Prepare workflow directory\\n2025-10... dependency tree...\\n2025-10-16T18:54:05.6375588Z Reading state information...\\n2025-10-16T18:54:05.7981736Z openssh-client is already the newest version (1:9.6p1-3ubuntu13.14).\\n2025-10-16T18:54:05.7984044Z xz-utils is already the newest version (5.6.1+really5.4.5-1ubuntu0.2).\\n2025-10-16T18:54:05.7984464Z 0 upgraded, 0 newly installed, 0 to remove and 0 not upgraded.\\n2025-10-16T18:54:05.8227786Z Reading package lists...\\n2025-10-16T18:54:05.9836867Z Building dependency tree...\\n2025-10-16T18:54:05.9841817Z Reading state information...\\n2025-10-16T18:54:06.1487363Z tmate is already the newest version (2.4.0-2build3).\\n2025-10-16T18:54:06.1490761Z 0 upgraded, 0 newly installed, 0 to remove and 0 not upgraded.\\n2025-10-16T18:54:06.1621840Z Failed to enable unit: Unit file tmate-proxy.service does not exist.\\n2025-10-16T18:54:06.1630275Z tmate-proxy not enabled\\n2025-10-16T18:54:06.8692378Z /home/ubuntu/.ssh/id_rsa already exists.\\n2025-10-16T18:54:06.8707273Z Overwrite (y/n)? ::debug::Generated SSH-Key successfully\\n2025-10-16T18:54:07.1744550Z ##[error]Error: Invalid value for 'tmate-server-host(TMATE_SERVER_HOST)': ''\\n2025-10-16T18:54:07.2380747Z Cleaning up orphan processes\\n\"","time":{"start":1760640657601,"stop":1760640905713,"duration":248112}},{"uid":"5e068f049116cc8f","reportUrl":"../3771//#testresult/5e068f049116cc8f","status":"failed","statusDetails":"AssertionError: Tmate ssh server IP not found in action logs.\nassert '10.154.67.7' in \"\\ufeff2025-10-16T06:56:20.1594642Z Current runner version: '2.328.0'\\n2025-10-16T06:56:20.1599591Z Runner name: 'test-gbxxqjer-0-n-0675faba61e5'\\n2025-10-16T06:56:20.1600201Z Runner group name: 'Default'\\n2025-10-16T06:56:20.1600938Z Machine name: 'github-runner'\\n2025-10-16T06:56:20.1604346Z ##[group]GITHUB_TOKEN Permissions\\n2025-10-16T06:56:20.1606622Z Actions: write\\n2025-10-16T06:56:20.1607040Z Attestations: write\\n2025-10-16T06:56:20.1607621Z Checks: write\\n2025-10-16T06:56:20.1608007Z Contents: write\\n2025-10-16T06:56:20.1608508Z Deployments: write\\n2025-10-16T06:56:20.1608950Z Discussions: write\\n2025-10-16T06:56:20.1609364Z Issues: write\\n2025-10-16T06:56:20.1609727Z Metadata: read\\n2025-10-16T06:56:20.1610161Z Models: read\\n2025-10-16T06:56:20.1610594Z Packages: write\\n2025-10-16T06:56:20.1610964Z Pages: write\\n2025-10-16T06:56:20.1611406Z PullRequests: write\\n2025-10-16T06:56:20.1611806Z RepositoryProjects: write\\n2025-10-16T06:56:20.1612439Z SecurityEvents: write\\n2025-10-16T06:56:20.1612859Z Statuses: write\\n2025-10-16T06:56:20.1613462Z ##[endgroup]\\n2025-10-16T06:56:20.1615168Z Secret source: Actions\\n2025-10-16T06:56:20.1615825Z Prepare workflow directory\\n2025-10... dependency tree...\\n2025-10-16T06:56:29.4607844Z Reading state information...\\n2025-10-16T06:56:29.6174972Z openssh-client is already the newest version (1:9.6p1-3ubuntu13.14).\\n2025-10-16T06:56:29.6178758Z xz-utils is already the newest version (5.6.1+really5.4.5-1ubuntu0.2).\\n2025-10-16T06:56:29.6179230Z 0 upgraded, 0 newly installed, 0 to remove and 0 not upgraded.\\n2025-10-16T06:56:29.6418844Z Reading package lists...\\n2025-10-16T06:56:29.7959122Z Building dependency tree...\\n2025-10-16T06:56:29.7964210Z Reading state information...\\n2025-10-16T06:56:29.9517649Z tmate is already the newest version (2.4.0-2build3).\\n2025-10-16T06:56:29.9520574Z 0 upgraded, 0 newly installed, 0 to remove and 0 not upgraded.\\n2025-10-16T06:56:29.9650470Z Failed to enable unit: Unit file tmate-proxy.service does not exist.\\n2025-10-16T06:56:29.9667373Z tmate-proxy not enabled\\n2025-10-16T06:56:30.5849420Z /home/ubuntu/.ssh/id_rsa already exists.\\n2025-10-16T06:56:30.5862662Z Overwrite (y/n)? ::debug::Generated SSH-Key successfully\\n2025-10-16T06:56:30.8890594Z ##[error]Error: Invalid value for 'tmate-server-host(TMATE_SERVER_HOST)': ''\\n2025-10-16T06:56:30.9547116Z Cleaning up orphan processes\\n\"","time":{"start":1760597601099,"stop":1760597849141,"duration":248042}},{"uid":"e1d239d450261097","reportUrl":"../3769//#testresult/e1d239d450261097","status":"broken","statusDetails":"juju.errors.JujuUnitError: Unit in error: github-runner-image-builder-zxe2mlyc/0","time":{"start":1760553211885,"stop":1760553211885,"duration":0}},{"uid":"f045d08217685660","reportUrl":"../3762//#testresult/f045d08217685660","status":"broken","statusDetails":"juju.errors.JujuUnitError: Unit in error: github-runner-image-builder-yrnqtt8p/0","time":{"start":1760510000189,"stop":1760510000189,"duration":0}},{"uid":"772b472cc29042d7","reportUrl":"../3761//#testresult/772b472cc29042d7","status":"failed","statusDetails":"AssertionError: Tmate ssh server IP not found in action logs.\nassert '10.34.186.239' in \"\\ufeff2025-10-14T18:50:33.1223653Z Current runner version: '2.328.0'\\n2025-10-14T18:50:33.1229060Z Runner name: 'test-e488qptq-0-n-2964f4e032d2'\\n2025-10-14T18:50:33.1229691Z Runner group name: 'Default'\\n2025-10-14T18:50:33.1230604Z Machine name: 'github-runner'\\n2025-10-14T18:50:33.1233699Z ##[group]GITHUB_TOKEN Permissions\\n2025-10-14T18:50:33.1235680Z Actions: write\\n2025-10-14T18:50:33.1236085Z Attestations: write\\n2025-10-14T18:50:33.1236993Z Checks: write\\n2025-10-14T18:50:33.1237377Z Contents: write\\n2025-10-14T18:50:33.1237777Z Deployments: write\\n2025-10-14T18:50:33.1238213Z Discussions: write\\n2025-10-14T18:50:33.1238624Z Issues: write\\n2025-10-14T18:50:33.1238982Z Metadata: read\\n2025-10-14T18:50:33.1239463Z Models: read\\n2025-10-14T18:50:33.1239822Z Packages: write\\n2025-10-14T18:50:33.1240227Z Pages: write\\n2025-10-14T18:50:33.1240758Z PullRequests: write\\n2025-10-14T18:50:33.1241155Z RepositoryProjects: write\\n2025-10-14T18:50:33.1241607Z SecurityEvents: write\\n2025-10-14T18:50:33.1242054Z Statuses: write\\n2025-10-14T18:50:33.1242644Z ##[endgroup]\\n2025-10-14T18:50:33.1244434Z Secret source: Actions\\n2025-10-14T18:50:33.1244935Z Prepare workflow directory\\n2025-10...ependency tree...\\n2025-10-14T18:50:43.0059606Z Reading state information...\\n2025-10-14T18:50:43.1561137Z openssh-client is already the newest version (1:9.6p1-3ubuntu13.14).\\n2025-10-14T18:50:43.1564163Z xz-utils is already the newest version (5.6.1+really5.4.5-1ubuntu0.2).\\n2025-10-14T18:50:43.1564980Z 0 upgraded, 0 newly installed, 0 to remove and 14 not upgraded.\\n2025-10-14T18:50:43.1799039Z Reading package lists...\\n2025-10-14T18:50:43.3215359Z Building dependency tree...\\n2025-10-14T18:50:43.3223852Z Reading state information...\\n2025-10-14T18:50:43.4728386Z tmate is already the newest version (2.4.0-2build3).\\n2025-10-14T18:50:43.4729138Z 0 upgraded, 0 newly installed, 0 to remove and 14 not upgraded.\\n2025-10-14T18:50:43.4847703Z Failed to enable unit: Unit file tmate-proxy.service does not exist.\\n2025-10-14T18:50:43.4852410Z tmate-proxy not enabled\\n2025-10-14T18:50:44.0395679Z /home/ubuntu/.ssh/id_rsa already exists.\\n2025-10-14T18:50:44.0405568Z Overwrite (y/n)? ::debug::Generated SSH-Key successfully\\n2025-10-14T18:50:44.3397250Z ##[error]Error: Invalid value for 'tmate-server-host(TMATE_SERVER_HOST)': ''\\n2025-10-14T18:50:44.4067221Z Cleaning up orphan processes\\n\"","time":{"start":1760467655980,"stop":1760467902887,"duration":246907}},{"uid":"340a46237973feb6","reportUrl":"../3759//#testresult/340a46237973feb6","status":"passed","time":{"start":1760424279320,"stop":1760424770261,"duration":490941}},{"uid":"fc1002d424fd573b","reportUrl":"../3756//#testresult/fc1002d424fd573b","status":"failed","statusDetails":"AssertionError: Tmate ssh server IP not found in action logs.\nassert '10.19.154.209' in \"\\ufeff2025-10-13T18:52:45.3173664Z Current runner version: '2.328.0'\\n2025-10-13T18:52:45.3178682Z Runner name: 'test-jl3pjndx-0-n-cdcb7085a9c3'\\n2025-10-13T18:52:45.3179419Z Runner group name: 'Default'\\n2025-10-13T18:52:45.3180233Z Machine name: 'github-runner'\\n2025-10-13T18:52:45.3183390Z ##[group]GITHUB_TOKEN Permissions\\n2025-10-13T18:52:45.3185574Z Actions: write\\n2025-10-13T18:52:45.3185990Z Attestations: write\\n2025-10-13T18:52:45.3186558Z Checks: write\\n2025-10-13T18:52:45.3186942Z Contents: write\\n2025-10-13T18:52:45.3187341Z Deployments: write\\n2025-10-13T18:52:45.3187777Z Discussions: write\\n2025-10-13T18:52:45.3188186Z Issues: write\\n2025-10-13T18:52:45.3188567Z Metadata: read\\n2025-10-13T18:52:45.3189100Z Models: read\\n2025-10-13T18:52:45.3189496Z Packages: write\\n2025-10-13T18:52:45.3189866Z Pages: write\\n2025-10-13T18:52:45.3190302Z PullRequests: write\\n2025-10-13T18:52:45.3190698Z RepositoryProjects: write\\n2025-10-13T18:52:45.3191153Z SecurityEvents: write\\n2025-10-13T18:52:45.3191565Z Statuses: write\\n2025-10-13T18:52:45.3192173Z ##[endgroup]\\n2025-10-13T18:52:45.3193892Z Secret source: Actions\\n2025-10-13T18:52:45.3194429Z Prepare workflow directory\\n2025-10...ependency tree...\\n2025-10-13T18:52:54.8396609Z Reading state information...\\n2025-10-13T18:52:54.9938979Z openssh-client is already the newest version (1:9.6p1-3ubuntu13.14).\\n2025-10-13T18:52:54.9941752Z xz-utils is already the newest version (5.6.1+really5.4.5-1ubuntu0.2).\\n2025-10-13T18:52:54.9942074Z 0 upgraded, 0 newly installed, 0 to remove and 14 not upgraded.\\n2025-10-13T18:52:55.0187382Z Reading package lists...\\n2025-10-13T18:52:55.1591928Z Building dependency tree...\\n2025-10-13T18:52:55.1606280Z Reading state information...\\n2025-10-13T18:52:55.3119911Z tmate is already the newest version (2.4.0-2build3).\\n2025-10-13T18:52:55.3131797Z 0 upgraded, 0 newly installed, 0 to remove and 14 not upgraded.\\n2025-10-13T18:52:55.3245807Z Failed to enable unit: Unit file tmate-proxy.service does not exist.\\n2025-10-13T18:52:55.3261523Z tmate-proxy not enabled\\n2025-10-13T18:52:55.5280339Z /home/ubuntu/.ssh/id_rsa already exists.\\n2025-10-13T18:52:55.5299960Z Overwrite (y/n)? ::debug::Generated SSH-Key successfully\\n2025-10-13T18:52:55.8006591Z ##[error]Error: Invalid value for 'tmate-server-host(TMATE_SERVER_HOST)': ''\\n2025-10-13T18:52:55.8637402Z Cleaning up orphan processes\\n\"","time":{"start":1760381384114,"stop":1760381634369,"duration":250255}},{"uid":"671a1756e8d9fbd1","reportUrl":"../3754//#testresult/671a1756e8d9fbd1","status":"broken","statusDetails":"juju.errors.JujuUnitError: Unit in error: github-runner-image-builder-wu7f5ay0/0","time":{"start":1760293499387,"stop":1760293499387,"duration":0}},{"uid":"e775e0821ae623e5","reportUrl":"../3753//#testresult/e775e0821ae623e5","status":"broken","statusDetails":"juju.errors.JujuUnitError: Unit in error: github-runner-image-builder-tifsusp1/0","time":{"start":1760250326664,"stop":1760250326664,"duration":0}},{"uid":"d57ff86faf5de581","reportUrl":"../3752//#testresult/d57ff86faf5de581","status":"broken","statusDetails":"juju.errors.JujuUnitError: Unit in error: github-runner-image-builder-x6f1fesc/0","time":{"start":1760207455527,"stop":1760207455527,"duration":0}}]},"tags":["asyncio","openstack"]},"source":"518f20f6de75f4bd.json","parameterValues":[]}