18:22:42 WARNING unexpected facade SSHServer received from the controller
18:22:42 INFO Adding model github-pr-a0cf3-lxd:test-debug-ssh-1w9r on cloud localhost
18:22:43 WARNING unexpected facade SSHServer received from the controller
18:22:43 WARNING unexpected facade SSHSession received from the controller
18:22:43 WARNING unexpected facade SSHTunneler received from the controller
18:22:44 INFO Deploying ch:amd64/jammy/github-runner-image-builder-129
18:22:55 INFO Deploying local:jammy/github-runner-0
18:22:55 INFO Waiting for model:
  test-ncev0vu8/0 [allocating] waiting: waiting for machine
  github-runner-image-builder-ncev0vu8/0 [allocating] waiting: waiting for machine
18:23:25 INFO Waiting for model:
  test-ncev0vu8/0 [allocating] waiting: waiting for machine
  github-runner-image-builder-ncev0vu8/0 [allocating] waiting: waiting for machine
18:23:55 INFO Waiting for model:
  test-ncev0vu8/0 [allocating] waiting: waiting for machine
  github-runner-image-builder-ncev0vu8/0 [executing] maintenance: Setting up Builder.
18:24:25 INFO Waiting for model:
  test-ncev0vu8/0 [executing] maintenance: installing charm software
  github-runner-image-builder-ncev0vu8/0 [executing] maintenance: Setting up Builder.
18:24:55 INFO Waiting for model:
  test-ncev0vu8/0 [idle] blocked: Please provide image integration.
  github-runner-image-builder-ncev0vu8/0 [executing] maintenance: Setting up Builder.
18:25:26 INFO Waiting for model:
  test-ncev0vu8/0 [idle] blocked: Please provide image integration.
  github-runner-image-builder-ncev0vu8/0 [executing] maintenance: Setting up Builder.
18:25:56 INFO Waiting for model:
  test-ncev0vu8/0 [idle] waiting: Waiting for image over integration.
  github-runner-image-builder-ncev0vu8/0 [executing] blocked: image integration required.
18:26:27 INFO Waiting for model:
  test-ncev0vu8/0 [idle] waiting: Waiting for image over integration.
  github-runner-image-builder-ncev0vu8/0 [executing] active: Building image.
18:26:46 INFO OpenStack servers: []
18:26:46 INFO Model status:

Model                Controller           Cloud/Region         Version  SLA          Timestamp
test-debug-ssh-1w9r  github-pr-a0cf3-lxd  localhost/localhost  3.6.11   unsupported  18:26:46Z

App                                   Version  Status   Scale  Charm                        Channel      Rev  Exposed  Message
github-runner-image-builder-ncev0vu8           error        1  github-runner-image-builder  latest/edge  129  no       hook failed: "image-relation-changed"
test-ncev0vu8                                  waiting      1  github-runner                               0  no       Waiting for image over integration.

Unit                                     Workload  Agent  Machine  Public address  Ports  Message
github-runner-image-builder-ncev0vu8/0*  error     idle   0        10.158.175.137         hook failed: "image-relation-changed"
test-ncev0vu8/0*                         waiting   idle   1        10.158.175.237         Waiting for image over integration.

Machine  State    Address         Inst id        Base          AZ             Message
0        started  10.158.175.137  juju-3fa380-0  ubuntu@22.04  github-runner  Running
1        started  10.158.175.237  juju-3fa380-1  ubuntu@22.04  github-runner  Running

18:26:46 INFO Juju error logs:

machine-0: 18:23:44 ERROR juju.worker.dependency "kvm-container-provisioner" manifold worker returned unexpected error: container types not yet available
machine-0: 18:23:44 ERROR juju.worker.dependency "lxd-container-provisioner" manifold worker returned unexpected error: container types not yet available
machine-1: 18:23:59 ERROR juju.worker.dependency "kvm-container-provisioner" manifold worker returned unexpected error: container types not yet available
machine-1: 18:23:59 ERROR juju.worker.dependency "lxd-container-provisioner" manifold worker returned unexpected error: container types not yet available
unit-github-runner-image-builder-ncev0vu8-0: 18:24:30 ERROR unit.github-runner-image-builder-ncev0vu8/0.juju-log Pipx command failed, code: 1, out: None, err: None
unit-test-ncev0vu8-0: 18:24:47 ERROR unit.test-ncev0vu8/0.juju-log Missing image integration.
Traceback (most recent call last):
  File "/var/lib/juju/agents/unit-test-ncev0vu8-0/charm/./src/charm.py", line 118, in func_with_catch_errors
    func(self, event)
  File "/var/lib/juju/agents/unit-test-ncev0vu8-0/charm/./src/charm.py", line 342, in _on_config_changed
    self._check_image_ready()
  File "/var/lib/juju/agents/unit-test-ncev0vu8-0/charm/./src/charm.py", line 512, in _check_image_ready
    raise ImageIntegrationMissingError("No image integration found")
errors.ImageIntegrationMissingError: No image integration found
unit-test-ncev0vu8-0: 18:24:49 ERROR unit.test-ncev0vu8/0.juju-log Missing image integration.
Traceback (most recent call last):
  File "/var/lib/juju/agents/unit-test-ncev0vu8-0/charm/./src/charm.py", line 118, in func_with_catch_errors
    func(self, event)
  File "/var/lib/juju/agents/unit-test-ncev0vu8-0/charm/./src/charm.py", line 313, in _on_start
    self._check_image_ready()
  File "/var/lib/juju/agents/unit-test-ncev0vu8-0/charm/./src/charm.py", line 512, in _check_image_ready
    raise ImageIntegrationMissingError("No image integration found")
errors.ImageIntegrationMissingError: No image integration found
unit-test-ncev0vu8-0: 18:25:49 ERROR unit.test-ncev0vu8/0.juju-log image:0: Missing image in image integration.
Traceback (most recent call last):
  File "/var/lib/juju/agents/unit-test-ncev0vu8-0/charm/./src/charm.py", line 118, in func_with_catch_errors
    func(self, event)
  File "/var/lib/juju/agents/unit-test-ncev0vu8-0/charm/./src/charm.py", line 477, in _on_image_relation_changed
    self._check_image_ready()
  File "/var/lib/juju/agents/unit-test-ncev0vu8-0/charm/./src/charm.py", line 514, in _check_image_ready
    raise ImageNotFoundError("No image found in the image integration")
errors.ImageNotFoundError: No image found in the image integration
unit-github-runner-image-builder-ncev0vu8-0: 18:26:01 ERROR unit.github-runner-image-builder-ncev0vu8/0.juju-log image:0: Image build failed, code: 1, out: , err: None, stdout: 
unit-github-runner-image-builder-ncev0vu8-0: 18:26:09 ERROR unit.github-runner-image-builder-ncev0vu8/0.juju-log image:0: Image build failed, code: 1, out: , err: None, stdout: 
unit-github-runner-image-builder-ncev0vu8-0: 18:26:16 ERROR unit.github-runner-image-builder-ncev0vu8/0.juju-log image:0: Image build failed, code: 1, out: , err: None, stdout: 
unit-github-runner-image-builder-ncev0vu8-0: 18:26:26 ERROR unit.github-runner-image-builder-ncev0vu8/0.juju-log image:0: Image build failed, code: 1, out: , err: None, stdout: 

18:26:46 INFO Forgetting model main...