06:48:54 INFO GitHub token rate limit: Rate(reset=2025-09-11 07:03:39+00:00, remaining=4651, limit=5000)
06:48:58 INFO Waiting for model:
  test-tz6zzs60/0 [idle] active: 
06:49:28 INFO Waiting for model:
  test-tz6zzs60/0 [idle] active: 
06:49:31 INFO Current reconcile ID: e4630bef-c635-4fdb-abf3-7524af23a73a
06:49:31 INFO Waiting for reconcile ID: e4630bef-c635-4fdb-abf3-7524af23a73a
06:50:32 INFO Current reconcile ID: e4630bef-c635-4fdb-abf3-7524af23a73a
06:50:32 INFO Current reconcile ID: e4630bef-c635-4fdb-abf3-7524af23a73a, expected reconcile ID: e4630bef-c635-4fdb-abf3-7524af23a73a
06:50:32 INFO Waiting for reconcile ID: e4630bef-c635-4fdb-abf3-7524af23a73a
06:51:33 INFO Current reconcile ID: d0ee24df-124e-4828-9927-ecc42adcbcdd
06:51:33 INFO Current reconcile ID: d0ee24df-124e-4828-9927-ecc42adcbcdd, expected reconcile ID: e4630bef-c635-4fdb-abf3-7524af23a73a
06:52:17 INFO Wait for condition not met, sleeping 10
06:52:28 INFO Waiting for model:
  test-tz6zzs60/0 [idle] active: 
06:52:59 INFO Waiting for model:
  test-tz6zzs60/0 [idle] active: 
06:53:02 INFO Current reconcile ID: b4a1c219-1895-46c4-8149-5743a480ccab
06:53:02 INFO Waiting for reconcile ID: b4a1c219-1895-46c4-8149-5743a480ccab
06:54:03 INFO Current reconcile ID: b4a1c219-1895-46c4-8149-5743a480ccab
06:54:03 INFO Current reconcile ID: b4a1c219-1895-46c4-8149-5743a480ccab, expected reconcile ID: b4a1c219-1895-46c4-8149-5743a480ccab
06:54:03 INFO Waiting for reconcile ID: b4a1c219-1895-46c4-8149-5743a480ccab
06:55:04 INFO Current reconcile ID: a39ee4fe-ded8-426d-99cb-4fe654c004a9
06:55:04 INFO Current reconcile ID: a39ee4fe-ded8-426d-99cb-4fe654c004a9, expected reconcile ID: b4a1c219-1895-46c4-8149-5743a480ccab
06:55:05 INFO File content of /var/log/github-runner-metrics.log: {"timestamp": 1757573510.0, "event": "runner_installed", "flavor": "test-tz6zzs60", "duration": 160.0}
{"timestamp": 1757573540.0, "event": "runner_start", "flavor": "test-tz6zzs60", "workflow": "Workflow Dispatch Tests", "repo": "canonical/github-runner-operator", "github_event": "workflow_dispatch", "idle": 30.0, "queue_duration": 1.0}
{"timestamp": 1757573542.0, "event": "runner_stop", "flavor": "test-tz6zzs60", "workflow": "Workflow Dispatch Tests", "repo": "canonical/github-runner-operator", "github_event": "workflow_dispatch", "status": "normal", "job_duration": 2.0, "job_conclusion": "success"}
{"timestamp": 1757573571.8151565, "event": "reconciliation", "flavor": "test-tz6zzs60", "crashed_runners": 0, "idle_runners": 0, "active_runners": 0, "expected_runners": 0, "duration": 20.40173625946045}
{"timestamp": 1757573702.3380344, "event": "reconciliation", "flavor": "test-tz6zzs60", "crashed_runners": 0, "idle_runners": 0, "active_runners": 0, "expected_runners": 0, "duration": 10.410508155822754}
06:55:10 INFO Model status:

Model                            Controller           Cloud/Region         Version  SLA          Timestamp
test-charm-metrics-success-cyb4  github-pr-77d1e-lxd  localhost/localhost  3.6.9    unsupported  06:55:10Z

App                                   Version  Status  Scale  Charm                        Channel      Rev  Exposed  Message
github-runner-image-builder-tz6zzs60           active      1  github-runner-image-builder  latest/edge  110  no       
test-tz6zzs60                                  active      1  github-runner                               0  no       

Unit                                     Workload  Agent  Machine  Public address  Ports  Message
github-runner-image-builder-tz6zzs60/0*  active    idle   0        10.122.97.165          
test-tz6zzs60/0*                         active    idle   1        10.122.97.94           

Machine  State    Address        Inst id        Base          AZ             Message
0        started  10.122.97.165  juju-a57a71-0  ubuntu@22.04  github-runner  Running
1        started  10.122.97.94   juju-a57a71-1  ubuntu@22.04  github-runner  Running

06:55:10 INFO Juju error logs:

machine-0: 06:28:25 ERROR juju.worker.dependency "kvm-container-provisioner" manifold worker returned unexpected error: container types not yet available
machine-0: 06:28:25 ERROR juju.worker.dependency "lxd-container-provisioner" manifold worker returned unexpected error: container types not yet available
unit-github-runner-image-builder-tz6zzs60-0: 06:28:25 ERROR juju.worker.meterstatus error running "meter-status-changed": charm missing from disk
machine-1: 06:28:34 ERROR juju.worker.dependency "kvm-container-provisioner" manifold worker returned unexpected error: container types not yet available
machine-1: 06:28:34 ERROR juju.worker.dependency "lxd-container-provisioner" manifold worker returned unexpected error: container types not yet available
unit-test-tz6zzs60-0: 06:28:34 ERROR juju.worker.meterstatus error running "meter-status-changed": charm missing from disk
unit-github-runner-image-builder-tz6zzs60-0: 06:29:20 ERROR unit.github-runner-image-builder-tz6zzs60/0.juju-log Pipx command failed, code: 1, out: None, err: None
unit-test-tz6zzs60-0: 06:30:06 ERROR unit.test-tz6zzs60/0.juju-log Missing image integration.
Traceback (most recent call last):
  File "/var/lib/juju/agents/unit-test-tz6zzs60-0/charm/./src/charm.py", line 118, in func_with_catch_errors
    func(self, event)
  File "/var/lib/juju/agents/unit-test-tz6zzs60-0/charm/./src/charm.py", line 342, in _on_config_changed
    self._check_image_ready()
  File "/var/lib/juju/agents/unit-test-tz6zzs60-0/charm/./src/charm.py", line 512, in _check_image_ready
    raise ImageIntegrationMissingError("No image integration found")
errors.ImageIntegrationMissingError: No image integration found
unit-test-tz6zzs60-0: 06:30:09 ERROR unit.test-tz6zzs60/0.juju-log Missing image integration.
Traceback (most recent call last):
  File "/var/lib/juju/agents/unit-test-tz6zzs60-0/charm/./src/charm.py", line 118, in func_with_catch_errors
    func(self, event)
  File "/var/lib/juju/agents/unit-test-tz6zzs60-0/charm/./src/charm.py", line 313, in _on_start
    self._check_image_ready()
  File "/var/lib/juju/agents/unit-test-tz6zzs60-0/charm/./src/charm.py", line 512, in _check_image_ready
    raise ImageIntegrationMissingError("No image integration found")
errors.ImageIntegrationMissingError: No image integration found
unit-test-tz6zzs60-0: 06:31:14 ERROR unit.test-tz6zzs60/0.juju-log image:0: Missing image in image integration.
Traceback (most recent call last):
  File "/var/lib/juju/agents/unit-test-tz6zzs60-0/charm/./src/charm.py", line 118, in func_with_catch_errors
    func(self, event)
  File "/var/lib/juju/agents/unit-test-tz6zzs60-0/charm/./src/charm.py", line 477, in _on_image_relation_changed
    self._check_image_ready()
  File "/var/lib/juju/agents/unit-test-tz6zzs60-0/charm/./src/charm.py", line 514, in _check_image_ready
    raise ImageNotFoundError("No image found in the image integration")
errors.ImageNotFoundError: No image found in the image integration

06:55:10 INFO Forgetting model main...