18:42:18 INFO Waiting for model:
  test-ntaxl7u7/0 [idle] active: 
18:42:48 INFO Waiting for model:
  test-ntaxl7u7/0 [idle] active: 
18:42:50 INFO Current reconcile ID: cb94d02c-2cbc-4dec-9258-22c26875e7b7
18:42:50 INFO Waiting for reconcile ID: cb94d02c-2cbc-4dec-9258-22c26875e7b7
18:43:51 INFO Current reconcile ID: cb94d02c-2cbc-4dec-9258-22c26875e7b7
18:43:51 INFO Current reconcile ID: cb94d02c-2cbc-4dec-9258-22c26875e7b7, expected reconcile ID: cb94d02c-2cbc-4dec-9258-22c26875e7b7
18:43:51 INFO Waiting for reconcile ID: cb94d02c-2cbc-4dec-9258-22c26875e7b7
18:44:52 INFO Current reconcile ID: 177ce12c-8423-4f39-b69f-414ee6d593ae
18:44:52 INFO Current reconcile ID: 177ce12c-8423-4f39-b69f-414ee6d593ae, expected reconcile ID: cb94d02c-2cbc-4dec-9258-22c26875e7b7
18:44:56 INFO [TEST SETUP] Exposing port 8080 on test-ntaxl7u7-0-n-cdcb229472f7
18:44:56 WARNING dict_values([[{'version': 4, 'addr': '10.151.122.123', 'OS-EXT-IPS:type': 'fixed', 'OS-EXT-IPS-MAC:mac_addr': 'fa:16:3e:f1:57:f8'}]])
18:44:57 INFO ssh tunnel command ssh -fNT -R 8080:localhost:8080 -i /home/runner-manager/.ssh/test-ntaxl7u7-0-n-cdcb229472f7.key -o "StrictHostKeyChecking no" -o "ControlPersist yes" ubuntu@10.151.122.123 &
18:44:58 INFO ssh tunnel result 0 None Warning: Permanently added '10.151.122.123' (ED25519) to the list of known hosts.

18:44:59 INFO [TEST SETUP] Run command nc -z localhost 8080 on test-ntaxl7u7-0-n-cdcb229472f7
18:44:59 WARNING dict_values([[{'version': 4, 'addr': '10.151.122.123', 'OS-EXT-IPS:type': 'fixed', 'OS-EXT-IPS-MAC:mac_addr': 'fa:16:3e:f1:57:f8'}]])
18:45:00 WARNING ssh_cmd: su - ubuntu -c 'ssh -i /home/runner-manager/.ssh/test-ntaxl7u7-0-n-cdcb229472f7.key -o "StrictHostKeyChecking no" ubuntu@10.151.122.123 nc -z localhost 8080'
18:45:01 INFO Run command 'nc -z localhost 8080' in runner with result 0: 'None' 'Connection to localhost (127.0.0.1) 8080 port [tcp/http-alt] succeeded!
'
18:45:02 INFO [TEST SETUP] Run command curl http://localhost:8080 on test-ntaxl7u7-0-n-cdcb229472f7
18:45:02 WARNING dict_values([[{'version': 4, 'addr': '10.151.122.123', 'OS-EXT-IPS:type': 'fixed', 'OS-EXT-IPS-MAC:mac_addr': 'fa:16:3e:f1:57:f8'}]])
18:45:03 WARNING ssh_cmd: su - ubuntu -c 'ssh -i /home/runner-manager/.ssh/test-ntaxl7u7-0-n-cdcb229472f7.key -o "StrictHostKeyChecking no" ubuntu@10.151.122.123 curl http://localhost:8080'
18:45:04 INFO Run command 'curl http://localhost:8080' in runner with result 0: '<!doctype html>
<html lang=en>
<title>404 Not Found</title>
<h1>Not Found</h1>
<p>The requested URL was not found on the server. If you entered the URL manually please check your spelling and try again.</p>
' '  % Total    % Received % Xferd  Average Speed   Time    Time     Time  Current
                                 Dload  Upload   Total   Spent    Left  Speed
  0     0    0     0    0     0      0      0 --:--:-- --:--:-- --:--:--     0100   207  100   207    0     0  90551      0 --:--:-- --:--:-- --:--:--  101k
'
18:45:06 INFO Wait for condition not met, sleeping 10
18:45:16 INFO Waiting for model:
  test-ntaxl7u7/0 [idle] active: 
18:45:46 INFO Waiting for model:
  test-ntaxl7u7/0 [idle] active: 
18:45:50 INFO Current reconcile ID: ab1e32a9-6304-4ed9-bf3d-b48cd06486f8
18:45:50 INFO Waiting for reconcile ID: ab1e32a9-6304-4ed9-bf3d-b48cd06486f8
18:46:51 INFO Current reconcile ID: ab1e32a9-6304-4ed9-bf3d-b48cd06486f8
18:46:51 INFO Current reconcile ID: ab1e32a9-6304-4ed9-bf3d-b48cd06486f8, expected reconcile ID: ab1e32a9-6304-4ed9-bf3d-b48cd06486f8
18:46:51 INFO Waiting for reconcile ID: ab1e32a9-6304-4ed9-bf3d-b48cd06486f8
18:47:52 INFO Current reconcile ID: 9db9d463-e21d-49fa-9906-8882616e385d
18:47:52 INFO Current reconcile ID: 9db9d463-e21d-49fa-9906-8882616e385d, expected reconcile ID: ab1e32a9-6304-4ed9-bf3d-b48cd06486f8
18:47:52 INFO Model status:

Model                   Controller           Cloud/Region         Version  SLA          Timestamp
test-charm-runner-i64q  github-pr-dfddc-lxd  localhost/localhost  3.6.12   unsupported  18:47:52Z

App                                   Version  Status  Scale  Charm          Channel      Rev  Exposed  Message
github-runner-image-builder-ntaxl7u7           active      1  any-charm      latest/beta  124  no       
test-ntaxl7u7                                  active      1  github-runner                 0  yes      

Unit                                     Workload  Agent  Machine  Public address  Ports     Message
github-runner-image-builder-ntaxl7u7/0*  active    idle   0        10.188.148.241            
test-ntaxl7u7/0*                         active    idle   1        10.188.148.121  8080/tcp  

Machine  State    Address         Inst id        Base          AZ             Message
0        started  10.188.148.241  juju-a67603-0  ubuntu@24.04  github-runner  Running
1        started  10.188.148.121  juju-a67603-1  ubuntu@22.04  github-runner  Running

18:47:53 INFO Juju error logs:

machine-0: 18:19:01 ERROR juju.worker.dependency "lxd-container-provisioner" manifold worker returned unexpected error: container types not yet available
machine-0: 18:19:01 ERROR juju.worker.dependency "kvm-container-provisioner" manifold worker returned unexpected error: container types not yet available
machine-1: 18:20:01 ERROR juju.worker.dependency "lxd-container-provisioner" manifold worker returned unexpected error: container types not yet available
machine-1: 18:20:01 ERROR juju.worker.dependency "kvm-container-provisioner" manifold worker returned unexpected error: container types not yet available
unit-test-ntaxl7u7-0: 18:21:07 ERROR unit.test-ntaxl7u7/0.juju-log Missing image integration.
Traceback (most recent call last):
  File "/var/lib/juju/agents/unit-test-ntaxl7u7-0/charm/./src/charm.py", line 119, in func_with_catch_errors
    func(self, event)
  File "/var/lib/juju/agents/unit-test-ntaxl7u7-0/charm/./src/charm.py", line 354, in _on_config_changed
    self._check_image_ready()
  File "/var/lib/juju/agents/unit-test-ntaxl7u7-0/charm/./src/charm.py", line 524, in _check_image_ready
    raise ImageIntegrationMissingError("No image integration found")
errors.ImageIntegrationMissingError: No image integration found
unit-test-ntaxl7u7-0: 18:21:08 ERROR unit.test-ntaxl7u7/0.juju-log Missing image integration.
Traceback (most recent call last):
  File "/var/lib/juju/agents/unit-test-ntaxl7u7-0/charm/./src/charm.py", line 119, in func_with_catch_errors
    func(self, event)
  File "/var/lib/juju/agents/unit-test-ntaxl7u7-0/charm/./src/charm.py", line 317, in _on_start
    self._check_image_ready()
  File "/var/lib/juju/agents/unit-test-ntaxl7u7-0/charm/./src/charm.py", line 524, in _check_image_ready
    raise ImageIntegrationMissingError("No image integration found")
errors.ImageIntegrationMissingError: No image integration found

18:47:53 INFO Forgetting model main...