18:42:57 INFO Waiting for model:
  test-oo4ar81f/0 [idle] active: 
18:43:27 INFO Waiting for model:
  test-oo4ar81f/0 [idle] active: 
18:43:30 INFO Current reconcile ID: 4a2029d1-9b0a-4344-9858-deb6094b867c
18:43:30 INFO Waiting for reconcile ID: 4a2029d1-9b0a-4344-9858-deb6094b867c
18:44:31 INFO Current reconcile ID: 4a2029d1-9b0a-4344-9858-deb6094b867c
18:44:31 INFO Current reconcile ID: 4a2029d1-9b0a-4344-9858-deb6094b867c, expected reconcile ID: 4a2029d1-9b0a-4344-9858-deb6094b867c
18:44:31 INFO Waiting for reconcile ID: 4a2029d1-9b0a-4344-9858-deb6094b867c
18:45:32 INFO Current reconcile ID: 3cfe45fb-0a16-42e9-877a-5b5a56f2a47c
18:45:32 INFO Current reconcile ID: 3cfe45fb-0a16-42e9-877a-5b5a56f2a47c, expected reconcile ID: 4a2029d1-9b0a-4344-9858-deb6094b867c
18:45:32 INFO Waiting for model:
  test-oo4ar81f/0 [idle] active: 
18:46:02 INFO Waiting for model:
  test-oo4ar81f/0 [idle] active: 
18:46:09 INFO Current reconcile ID: 27b8c2ab-3f1e-4919-95e4-5617d17bf286
18:46:09 INFO Waiting for reconcile ID: 27b8c2ab-3f1e-4919-95e4-5617d17bf286
18:47:10 INFO Current reconcile ID: 27b8c2ab-3f1e-4919-95e4-5617d17bf286
18:47:10 INFO Current reconcile ID: 27b8c2ab-3f1e-4919-95e4-5617d17bf286, expected reconcile ID: 27b8c2ab-3f1e-4919-95e4-5617d17bf286
18:47:10 INFO Waiting for reconcile ID: 27b8c2ab-3f1e-4919-95e4-5617d17bf286
18:48:11 INFO Current reconcile ID: da590884-f3da-4353-b36a-178cc3960cfa
18:48:11 INFO Current reconcile ID: da590884-f3da-4353-b36a-178cc3960cfa, expected reconcile ID: 27b8c2ab-3f1e-4919-95e4-5617d17bf286
18:48:16 INFO Wait for condition not met, sleeping 30
18:48:58 INFO [TEST SETUP] Run command pkill -9 run.sh on test-oo4ar81f-0-n-d58a3330e50d
18:48:58 WARNING dict_values([[{'version': 4, 'addr': '10.151.122.126', 'OS-EXT-IPS:type': 'fixed', 'OS-EXT-IPS-MAC:mac_addr': 'fa:16:3e:5e:98:75'}]])
18:48:59 WARNING ssh_cmd: su - ubuntu -c 'ssh -i /home/runner-manager/.ssh/test-oo4ar81f-0-n-d58a3330e50d.key -o "StrictHostKeyChecking no" ubuntu@10.151.122.126 pkill -9 run.sh'
18:49:00 INFO Run command 'pkill -9 run.sh' in runner with result 0: 'None' 'Warning: Permanently added '10.151.122.126' (ED25519) to the list of known hosts.
'
18:49:02 INFO Runner test-oo4ar81f-0-n-d58a3330e50d status: online
18:49:02 INFO Runner still marked as online, waiting for it to be marked offline
18:50:03 INFO Waiting for model:
  test-oo4ar81f/0 [idle] active: 
18:50:33 INFO Waiting for model:
  test-oo4ar81f/0 [idle] active: 
18:50:36 INFO Current reconcile ID: b0aef8c1-5d05-40b4-ba2e-d39ea7f51962
18:50:36 INFO Waiting for reconcile ID: b0aef8c1-5d05-40b4-ba2e-d39ea7f51962
18:51:37 INFO Current reconcile ID: b0aef8c1-5d05-40b4-ba2e-d39ea7f51962
18:51:37 INFO Current reconcile ID: b0aef8c1-5d05-40b4-ba2e-d39ea7f51962, expected reconcile ID: b0aef8c1-5d05-40b4-ba2e-d39ea7f51962
18:51:37 INFO Waiting for reconcile ID: b0aef8c1-5d05-40b4-ba2e-d39ea7f51962
18:52:38 INFO Current reconcile ID: 23c4b783-85d8-4f1a-94db-0b8e13ba06a6
18:52:38 INFO Current reconcile ID: 23c4b783-85d8-4f1a-94db-0b8e13ba06a6, expected reconcile ID: b0aef8c1-5d05-40b4-ba2e-d39ea7f51962
18:52:39 INFO File content of /var/log/github-runner-metrics.log: {"timestamp": 1766688184.284138, "event": "reconciliation", "flavor": "test-oo4ar81f", "crashed_runners": 0, "idle_runners": 0, "active_runners": 0, "expected_runners": 0, "duration": 5.804605484008789}
{"timestamp": 1766688310.0296118, "event": "reconciliation", "flavor": "test-oo4ar81f", "crashed_runners": 0, "idle_runners": 0, "active_runners": 0, "expected_runners": 0, "duration": 5.72125768661499}
{"timestamp": 1766688341.902639, "event": "reconciliation", "flavor": "test-oo4ar81f", "crashed_runners": 0, "idle_runners": 0, "active_runners": 0, "expected_runners": 1, "duration": 8.754081010818481}
{"timestamp": 1766688468.4722137, "event": "reconciliation", "flavor": "test-oo4ar81f", "crashed_runners": 0, "idle_runners": 1, "active_runners": 0, "expected_runners": 1, "duration": 6.467573165893555}
{"timestamp": 1766688435.0, "event": "runner_installed", "flavor": "test-oo4ar81f", "duration": 95.0}
{"timestamp": 1766688500.0, "event": "runner_start", "flavor": "test-oo4ar81f", "workflow": "Workflow Dispatch Crash Tests", "repo": "canonical/github-runner-operator", "github_event": "workflow_dispatch", "idle": 65.0, "queue_duration": 2.0}
{"timestamp": 1766688540.0, "event": "runner_stop", "flavor": "test-oo4ar81f", "workflow": "Workflow Dispatch Crash Tests", "repo": "canonical/github-runner-operator", "github_event": "workflow_dispatch", "status": "abnormal", "status_info": {"code": 137}, "job_duration": 40.0, "job_conclusion": "cancelled"}
{"timestamp": 1766688598.0955877, "event": "reconciliation", "flavor": "test-oo4ar81f", "crashed_runners": 0, "idle_runners": 0, "active_runners": 0, "expected_runners": 1, "duration": 9.504040718078613}
{"timestamp": 1766688610.1065207, "event": "reconciliation", "flavor": "test-oo4ar81f", "crashed_runners": 0, "idle_runners": 0, "active_runners": 0, "expected_runners": 0, "duration": 5.908717393875122}
{"timestamp": 1766688735.8103511, "event": "reconciliation", "flavor": "test-oo4ar81f", "crashed_runners": 0, "idle_runners": 0, "active_runners": 0, "expected_runners": 0, "duration": 5.645416975021362}
18:52:40 INFO Model status:

Model                            Controller           Cloud/Region         Version  SLA          Timestamp
test-charm-metrics-failure-uusk  github-pr-71e3b-lxd  localhost/localhost  3.6.12   unsupported  18:52:40Z

App                                   Version  Status  Scale  Charm          Channel      Rev  Exposed  Message
github-runner-image-builder-oo4ar81f           active      1  any-charm      latest/beta  124  no       
test-oo4ar81f                                  active      1  github-runner                 0  yes      

Unit                                     Workload  Agent  Machine  Public address  Ports     Message
github-runner-image-builder-oo4ar81f/0*  active    idle   0        10.20.202.184             
test-oo4ar81f/0*                         active    idle   1        10.20.202.124   8080/tcp  

Machine  State    Address        Inst id        Base          AZ             Message
0        started  10.20.202.184  juju-fc8197-0  ubuntu@24.04  github-runner  Running
1        started  10.20.202.124  juju-fc8197-1  ubuntu@22.04  github-runner  Running

18:52:40 INFO Juju error logs:

machine-0: 18:29:43 ERROR juju.worker.dependency "lxd-container-provisioner" manifold worker returned unexpected error: container types not yet available
machine-0: 18:29:43 ERROR juju.worker.dependency "kvm-container-provisioner" manifold worker returned unexpected error: container types not yet available
machine-1: 18:30:51 ERROR juju.worker.dependency "kvm-container-provisioner" manifold worker returned unexpected error: container types not yet available
machine-1: 18:30:51 ERROR juju.worker.dependency "lxd-container-provisioner" manifold worker returned unexpected error: container types not yet available
unit-test-oo4ar81f-0: 18:31:45 ERROR unit.test-oo4ar81f/0.juju-log Missing image integration.
Traceback (most recent call last):
  File "/var/lib/juju/agents/unit-test-oo4ar81f-0/charm/./src/charm.py", line 119, in func_with_catch_errors
    func(self, event)
  File "/var/lib/juju/agents/unit-test-oo4ar81f-0/charm/./src/charm.py", line 354, in _on_config_changed
    self._check_image_ready()
  File "/var/lib/juju/agents/unit-test-oo4ar81f-0/charm/./src/charm.py", line 524, in _check_image_ready
    raise ImageIntegrationMissingError("No image integration found")
errors.ImageIntegrationMissingError: No image integration found
unit-test-oo4ar81f-0: 18:31:46 ERROR unit.test-oo4ar81f/0.juju-log Missing image integration.
Traceback (most recent call last):
  File "/var/lib/juju/agents/unit-test-oo4ar81f-0/charm/./src/charm.py", line 119, in func_with_catch_errors
    func(self, event)
  File "/var/lib/juju/agents/unit-test-oo4ar81f-0/charm/./src/charm.py", line 317, in _on_start
    self._check_image_ready()
  File "/var/lib/juju/agents/unit-test-oo4ar81f-0/charm/./src/charm.py", line 524, in _check_image_ready
    raise ImageIntegrationMissingError("No image integration found")
errors.ImageIntegrationMissingError: No image integration found

18:52:40 INFO Forgetting model main...