18:18:51 WARNING unexpected facade SSHServer received from the controller
18:18:51 INFO Adding model github-pr-71e3b-lxd:test-charm-fork-path-change-hw1n on cloud localhost
18:18:51 WARNING unexpected facade SSHServer received from the controller
18:18:51 WARNING unexpected facade SSHSession received from the controller
18:18:51 WARNING unexpected facade SSHTunneler received from the controller
18:18:51 INFO Deploying fake image builder via any-charm for image ID 1ad6e456-fa35-47ef-988f-1e793a60f258
18:18:53 INFO Deploying ch:amd64/noble/any-charm-124
18:19:07 INFO Deploying local:jammy/github-runner-0
18:19:07 INFO Waiting for model:
  test-zs8g6pwi/0 [allocating] waiting: waiting for machine
  github-runner-image-builder-zs8g6pwi/0 [allocating] waiting: waiting for machine
18:19:37 INFO Waiting for model:
  test-zs8g6pwi/0 [allocating] waiting: waiting for machine
  github-runner-image-builder-zs8g6pwi/0 [allocating] waiting: agent initialising
18:20:07 INFO Waiting for model:
  test-zs8g6pwi/0 [allocating] waiting: waiting for machine
18:20:38 INFO Waiting for model:
  test-zs8g6pwi/0 [allocating] waiting: agent initialising
18:21:08 INFO Waiting for model:
  test-zs8g6pwi/0 [executing] maintenance: installing charm software
18:21:38 INFO Waiting for model:
  test-zs8g6pwi/0 [executing] maintenance: installing charm software
18:22:08 INFO Waiting for model:
  test-zs8g6pwi/0 [executing] maintenance: Update image for runners
  github-runner-image-builder-zs8g6pwi/0 [idle] active: 
18:22:31 INFO GitHub token rate limit: Rate(reset=2025-12-28 19:14:47+00:00, remaining=4903, limit=5000)
18:22:42 INFO test_path_config_change
18:22:42 INFO Waiting for model:
  test-zs8g6pwi/0 [idle] active: 
18:23:12 INFO Waiting for model:
  test-zs8g6pwi/0 [idle] active: 
18:23:34 INFO Ensure there is a runner (this calls reconcile)
18:23:34 INFO Waiting for model:
  test-zs8g6pwi/0 [idle] active: 
18:24:04 INFO Waiting for model:
  test-zs8g6pwi/0 [idle] active: 
18:24:06 INFO Current reconcile ID: 91af88f1-7c71-48a5-bae5-06865f12052d
18:24:06 INFO Waiting for reconcile ID: 91af88f1-7c71-48a5-bae5-06865f12052d
18:25:07 INFO Current reconcile ID: 91af88f1-7c71-48a5-bae5-06865f12052d
18:25:07 INFO Current reconcile ID: 91af88f1-7c71-48a5-bae5-06865f12052d, expected reconcile ID: 91af88f1-7c71-48a5-bae5-06865f12052d
18:25:07 INFO Waiting for reconcile ID: 91af88f1-7c71-48a5-bae5-06865f12052d
18:26:08 INFO Current reconcile ID: 56877c7e-6778-4ad5-a6a3-88c4f0c7f1d7
18:26:08 INFO Current reconcile ID: 56877c7e-6778-4ad5-a6a3-88c4f0c7f1d7, expected reconcile ID: 91af88f1-7c71-48a5-bae5-06865f12052d
18:26:11 INFO Reconciling (again)
18:26:11 INFO Waiting for model:
  test-zs8g6pwi/0 [idle] active: 
18:26:41 INFO Waiting for model:
  test-zs8g6pwi/0 [idle] active: 
18:26:52 INFO Current reconcile ID: 3d994768-0372-4785-bce5-969d99a72576
18:26:52 INFO Waiting for reconcile ID: 3d994768-0372-4785-bce5-969d99a72576
18:27:53 INFO Current reconcile ID: 3d994768-0372-4785-bce5-969d99a72576
18:27:53 INFO Current reconcile ID: 3d994768-0372-4785-bce5-969d99a72576, expected reconcile ID: 3d994768-0372-4785-bce5-969d99a72576
18:27:53 INFO Waiting for reconcile ID: 3d994768-0372-4785-bce5-969d99a72576
18:28:54 INFO Current reconcile ID: e1456ce7-765e-4805-acc0-2954adb5b150
18:28:54 INFO Current reconcile ID: e1456ce7-765e-4805-acc0-2954adb5b150, expected reconcile ID: 3d994768-0372-4785-bce5-969d99a72576
18:30:37 INFO runners: ['test-zs8g6pwi-0-n-cbfee9dfe931']
18:30:37 INFO runners in github repo: [SelfHostedActionsRunner(name="amd-noble-stg-private-endpoint-ps7-1-n-fd6113dc0e38"), SelfHostedActionsRunner(name="os-amd-noble-staging-ps7-1-n-a3475c2fc84e"), SelfHostedActionsRunner(name="test-d79ly4dy-0-n-95fed8a2df54"), SelfHostedActionsRunner(name="test-fs88k79l-0-n-7c9192f6a89e"), SelfHostedActionsRunner(name="test-xuzbl6wr-0-n-19c8ba5d7cd6"), SelfHostedActionsRunner(name="test-zs8g6pwi-0-n-cbfee9dfe931")]
18:30:38 INFO Model status:

Model                             Controller           Cloud/Region         Version  SLA          Timestamp
test-charm-fork-path-change-hw1n  github-pr-71e3b-lxd  localhost/localhost  3.6.12   unsupported  18:30:38Z

App                                   Version  Status  Scale  Charm          Channel      Rev  Exposed  Message
github-runner-image-builder-zs8g6pwi           active      1  any-charm      latest/beta  124  no       
test-zs8g6pwi                                  active      1  github-runner                 0  no       

Unit                                     Workload  Agent  Machine  Public address  Ports  Message
github-runner-image-builder-zs8g6pwi/0*  active    idle   0        10.244.49.68           
test-zs8g6pwi/0*                         active    idle   1        10.244.49.133          

Machine  State    Address        Inst id        Base          AZ             Message
0        started  10.244.49.68   juju-ac85e3-0  ubuntu@24.04  github-runner  Running
1        started  10.244.49.133  juju-ac85e3-1  ubuntu@22.04  github-runner  Running

18:30:38 INFO Juju error logs:

machine-0: 18:19:36 ERROR juju.worker.dependency "lxd-container-provisioner" manifold worker returned unexpected error: container types not yet available
machine-0: 18:19:36 ERROR juju.worker.dependency "kvm-container-provisioner" manifold worker returned unexpected error: container types not yet available
machine-1: 18:20:35 ERROR juju.worker.dependency "kvm-container-provisioner" manifold worker returned unexpected error: container types not yet available
machine-1: 18:20:35 ERROR juju.worker.dependency "lxd-container-provisioner" manifold worker returned unexpected error: container types not yet available
unit-test-zs8g6pwi-0: 18:21:52 ERROR unit.test-zs8g6pwi/0.juju-log Missing image integration.
Traceback (most recent call last):
  File "/var/lib/juju/agents/unit-test-zs8g6pwi-0/charm/./src/charm.py", line 119, in func_with_catch_errors
    func(self, event)
  File "/var/lib/juju/agents/unit-test-zs8g6pwi-0/charm/./src/charm.py", line 354, in _on_config_changed
    self._check_image_ready()
  File "/var/lib/juju/agents/unit-test-zs8g6pwi-0/charm/./src/charm.py", line 524, in _check_image_ready
    raise ImageIntegrationMissingError("No image integration found")
errors.ImageIntegrationMissingError: No image integration found
unit-test-zs8g6pwi-0: 18:21:53 ERROR unit.test-zs8g6pwi/0.juju-log Missing image integration.
Traceback (most recent call last):
  File "/var/lib/juju/agents/unit-test-zs8g6pwi-0/charm/./src/charm.py", line 119, in func_with_catch_errors
    func(self, event)
  File "/var/lib/juju/agents/unit-test-zs8g6pwi-0/charm/./src/charm.py", line 317, in _on_start
    self._check_image_ready()
  File "/var/lib/juju/agents/unit-test-zs8g6pwi-0/charm/./src/charm.py", line 524, in _check_image_ready
    raise ImageIntegrationMissingError("No image integration found")
errors.ImageIntegrationMissingError: No image integration found

18:30:38 INFO Forgetting model main...