18:27:43 INFO GitHub token rate limit: Rate(reset=2025-12-28 19:14:47+00:00, remaining=4608, limit=5000)
18:27:46 INFO Waiting for model:
  test-q6wa99vk/0 [idle] active: 
18:28:16 INFO Waiting for model:
  test-q6wa99vk/0 [idle] active: 
18:28:19 INFO Current reconcile ID: 5e1a5c6e-dba9-4c36-9cdb-fbf0b6044788
18:28:19 INFO Waiting for reconcile ID: 5e1a5c6e-dba9-4c36-9cdb-fbf0b6044788
18:29:20 INFO Current reconcile ID: 5e1a5c6e-dba9-4c36-9cdb-fbf0b6044788
18:29:20 INFO Current reconcile ID: 5e1a5c6e-dba9-4c36-9cdb-fbf0b6044788, expected reconcile ID: 5e1a5c6e-dba9-4c36-9cdb-fbf0b6044788
18:29:20 INFO Waiting for reconcile ID: 5e1a5c6e-dba9-4c36-9cdb-fbf0b6044788
18:30:21 INFO Current reconcile ID: 901aea64-6078-4eec-ac1b-4b4149dfdba3
18:30:21 INFO Current reconcile ID: 901aea64-6078-4eec-ac1b-4b4149dfdba3, expected reconcile ID: 5e1a5c6e-dba9-4c36-9cdb-fbf0b6044788
18:30:27 INFO Wait for condition not met, sleeping 10
18:30:38 INFO Waiting for model:
  test-q6wa99vk/0 [idle] active: 
18:31:08 INFO Waiting for model:
  test-q6wa99vk/0 [idle] active: 
18:31:11 INFO Current reconcile ID: 70f37775-2296-4ffc-8842-39eece4fc0c2
18:31:11 INFO Waiting for reconcile ID: 70f37775-2296-4ffc-8842-39eece4fc0c2
18:32:12 INFO Current reconcile ID: 70f37775-2296-4ffc-8842-39eece4fc0c2
18:32:12 INFO Current reconcile ID: 70f37775-2296-4ffc-8842-39eece4fc0c2, expected reconcile ID: 70f37775-2296-4ffc-8842-39eece4fc0c2
18:32:12 INFO Waiting for reconcile ID: 70f37775-2296-4ffc-8842-39eece4fc0c2
18:33:13 INFO Current reconcile ID: b3de46dd-5c65-445d-8e0c-790ea7cec766
18:33:13 INFO Current reconcile ID: b3de46dd-5c65-445d-8e0c-790ea7cec766, expected reconcile ID: 70f37775-2296-4ffc-8842-39eece4fc0c2
18:33:14 INFO File content of /var/log/github-runner-metrics.log: {"timestamp": 1766946563.0, "event": "runner_installed", "flavor": "test-q6wa99vk", "duration": 89.0}
{"timestamp": 1766946632.0, "event": "runner_start", "flavor": "test-q6wa99vk", "workflow": "Workflow Dispatch Tests", "repo": "canonical/github-runner-operator", "github_event": "workflow_dispatch", "idle": 69.0, "queue_duration": 1.0}
{"timestamp": 1766946637.0, "event": "runner_stop", "flavor": "test-q6wa99vk", "workflow": "Workflow Dispatch Tests", "repo": "canonical/github-runner-operator", "github_event": "workflow_dispatch", "status": "normal", "job_duration": 5.0, "job_conclusion": "success"}
{"timestamp": 1766946651.2574635, "event": "reconciliation", "flavor": "test-q6wa99vk", "crashed_runners": 0, "idle_runners": 0, "active_runners": 0, "expected_runners": 0, "duration": 11.762662410736084}
{"timestamp": 1766946777.142181, "event": "reconciliation", "flavor": "test-q6wa99vk", "crashed_runners": 0, "idle_runners": 0, "active_runners": 0, "expected_runners": 0, "duration": 5.807169437408447}
18:33:15 INFO Model status:

Model                            Controller           Cloud/Region         Version  SLA          Timestamp
test-charm-metrics-success-8df5  github-pr-71e3b-lxd  localhost/localhost  3.6.12   unsupported  18:33:15Z

App                                   Version  Status  Scale  Charm          Channel      Rev  Exposed  Message
github-runner-image-builder-q6wa99vk           active      1  any-charm      latest/beta  124  no       
test-q6wa99vk                                  active      1  github-runner                 0  no       

Unit                                     Workload  Agent  Machine  Public address  Ports  Message
github-runner-image-builder-q6wa99vk/0*  active    idle   0        10.209.154.129         
test-q6wa99vk/0*                         active    idle   1        10.209.154.237         

Machine  State    Address         Inst id        Base          AZ             Message
0        started  10.209.154.129  juju-b271c7-0  ubuntu@24.04  github-runner  Running
1        started  10.209.154.237  juju-b271c7-1  ubuntu@22.04  github-runner  Running

18:33:15 INFO Juju error logs:

machine-0: 18:19:33 ERROR juju.worker.dependency "kvm-container-provisioner" manifold worker returned unexpected error: container types not yet available
machine-0: 18:19:33 ERROR juju.worker.dependency "lxd-container-provisioner" manifold worker returned unexpected error: container types not yet available
machine-1: 18:20:39 ERROR juju.worker.dependency "kvm-container-provisioner" manifold worker returned unexpected error: container types not yet available
machine-1: 18:20:39 ERROR juju.worker.dependency "lxd-container-provisioner" manifold worker returned unexpected error: container types not yet available
unit-test-q6wa99vk-0: 18:21:50 ERROR unit.test-q6wa99vk/0.juju-log Missing image integration.
Traceback (most recent call last):
  File "/var/lib/juju/agents/unit-test-q6wa99vk-0/charm/./src/charm.py", line 119, in func_with_catch_errors
    func(self, event)
  File "/var/lib/juju/agents/unit-test-q6wa99vk-0/charm/./src/charm.py", line 354, in _on_config_changed
    self._check_image_ready()
  File "/var/lib/juju/agents/unit-test-q6wa99vk-0/charm/./src/charm.py", line 524, in _check_image_ready
    raise ImageIntegrationMissingError("No image integration found")
errors.ImageIntegrationMissingError: No image integration found
unit-test-q6wa99vk-0: 18:21:51 ERROR unit.test-q6wa99vk/0.juju-log Missing image integration.
Traceback (most recent call last):
  File "/var/lib/juju/agents/unit-test-q6wa99vk-0/charm/./src/charm.py", line 119, in func_with_catch_errors
    func(self, event)
  File "/var/lib/juju/agents/unit-test-q6wa99vk-0/charm/./src/charm.py", line 317, in _on_start
    self._check_image_ready()
  File "/var/lib/juju/agents/unit-test-q6wa99vk-0/charm/./src/charm.py", line 524, in _check_image_ready
    raise ImageIntegrationMissingError("No image integration found")
errors.ImageIntegrationMissingError: No image integration found

18:33:15 INFO Forgetting model main...