06:25:37 WARNING unexpected facade SSHServer received from the controller
06:25:37 INFO Adding model github-pr-f7b1c-lxd:test-charm-upgrade-kfy5 on cloud localhost
06:25:37 WARNING unexpected facade SSHServer received from the controller
06:25:37 WARNING unexpected facade SSHSession received from the controller
06:25:37 WARNING unexpected facade SSHTunneler received from the controller
06:25:38 INFO Deploying fake image builder via any-charm for image ID a03a9239-9e72-4b54-ad7d-f85dec8c01d2
06:25:40 INFO Deploying ch:amd64/noble/any-charm-113
06:25:59 INFO Deploying local:jammy/github-runner-0
06:25:59 INFO Waiting for model:
  test-rwrxudyd/0 [allocating] waiting: waiting for machine
  github-runner-image-builder-rwrxudyd/0 [allocating] waiting: waiting for machine
06:26:29 INFO Waiting for model:
  test-rwrxudyd/0 [allocating] waiting: waiting for machine
  github-runner-image-builder-rwrxudyd/0 [allocating] waiting: waiting for machine
06:26:59 INFO Waiting for model:
  test-rwrxudyd/0 [allocating] waiting: waiting for machine
  github-runner-image-builder-rwrxudyd/0 [allocating] waiting: waiting for machine
06:27:29 INFO Waiting for model:
  test-rwrxudyd/0 [allocating] waiting: agent initialising
  github-runner-image-builder-rwrxudyd/0 [allocating] waiting: waiting for machine
06:27:59 INFO Waiting for model:
  test-rwrxudyd/0 [executing] maintenance: installing charm software
  github-runner-image-builder-rwrxudyd/0 [allocating] waiting: waiting for machine
06:28:29 INFO Waiting for model:
  test-rwrxudyd/0 [executing] maintenance: installing charm software
  github-runner-image-builder-rwrxudyd/0 [idle] active: 
06:28:59 INFO Waiting for model:
  test-rwrxudyd/0 [idle] active: 
06:31:01 INFO Waiting for model:
  test-rwrxudyd/0 [idle] active:
06:31:32 INFO Model status:

Model                    Controller           Cloud/Region         Version  SLA          Timestamp
test-charm-upgrade-kfy5  github-pr-f7b1c-lxd  localhost/localhost  3.6.12   unsupported  06:31:32Z

App                                   Version  Status  Scale  Charm          Channel      Rev  Exposed  Message
github-runner-image-builder-rwrxudyd           active      1  any-charm      latest/beta  113  no       
test-rwrxudyd                                  active      1  github-runner                 1  no       

Unit                                     Workload  Agent  Machine  Public address  Ports  Message
github-runner-image-builder-rwrxudyd/0*  active    idle   0        10.40.74.131           
test-rwrxudyd/0*                         active    idle   1        10.40.74.204           

Machine  State    Address       Inst id        Base          AZ             Message
0        started  10.40.74.131  juju-198d83-0  ubuntu@24.04  github-runner  Running
1        started  10.40.74.204  juju-198d83-1  ubuntu@22.04  github-runner  Running

06:31:32 INFO Juju error logs:

machine-1: 06:27:16 ERROR juju.worker.dependency "lxd-container-provisioner" manifold worker returned unexpected error: container types not yet available
machine-1: 06:27:16 ERROR juju.worker.dependency "kvm-container-provisioner" manifold worker returned unexpected error: container types not yet available
machine-0: 06:28:16 ERROR juju.worker.dependency "kvm-container-provisioner" manifold worker returned unexpected error: container types not yet available
machine-0: 06:28:16 ERROR juju.worker.dependency "lxd-container-provisioner" manifold worker returned unexpected error: container types not yet available
unit-test-rwrxudyd-0: 06:28:34 ERROR unit.test-rwrxudyd/0.juju-log Missing image integration.
Traceback (most recent call last):
  File "/var/lib/juju/agents/unit-test-rwrxudyd-0/charm/./src/charm.py", line 118, in func_with_catch_errors
    func(self, event)
  File "/var/lib/juju/agents/unit-test-rwrxudyd-0/charm/./src/charm.py", line 342, in _on_config_changed
    self._check_image_ready()
  File "/var/lib/juju/agents/unit-test-rwrxudyd-0/charm/./src/charm.py", line 512, in _check_image_ready
    raise ImageIntegrationMissingError("No image integration found")
errors.ImageIntegrationMissingError: No image integration found
unit-test-rwrxudyd-0: 06:28:35 ERROR unit.test-rwrxudyd/0.juju-log Missing image integration.
Traceback (most recent call last):
  File "/var/lib/juju/agents/unit-test-rwrxudyd-0/charm/./src/charm.py", line 118, in func_with_catch_errors
    func(self, event)
  File "/var/lib/juju/agents/unit-test-rwrxudyd-0/charm/./src/charm.py", line 313, in _on_start
    self._check_image_ready()
  File "/var/lib/juju/agents/unit-test-rwrxudyd-0/charm/./src/charm.py", line 512, in _check_image_ready
    raise ImageIntegrationMissingError("No image integration found")
errors.ImageIntegrationMissingError: No image integration found

06:31:32 INFO Forgetting model main...