18:26:27 WARNING unexpected facade SSHServer received from the controller
18:26:27 INFO Adding model github-pr-b51b1-lxd:test-jobmanager-c7db on cloud localhost
18:26:27 WARNING unexpected facade SSHServer received from the controller
18:26:27 WARNING unexpected facade SSHSession received from the controller
18:26:27 WARNING unexpected facade SSHTunneler received from the controller
18:26:29 INFO Deploying ch:amd64/jammy/mongodb-214
18:26:31 INFO Deploying ch:amd64/jammy/github-runner-image-builder-68
18:26:54 INFO Deploying local:jammy/github-runner-0
18:26:54 INFO Waiting for model:
  test-ksr13w2c/0 [allocating] waiting: waiting for machine
  github-runner-image-builder-ksr13w2c/0 [allocating] waiting: waiting for machine
18:27:25 INFO Waiting for model:
  test-ksr13w2c/0 [allocating] waiting: waiting for machine
  github-runner-image-builder-ksr13w2c/0 [allocating] waiting: waiting for machine
18:27:55 INFO Waiting for model:
  test-ksr13w2c/0 [allocating] waiting: waiting for machine
  github-runner-image-builder-ksr13w2c/0 [allocating] waiting: agent initialising
18:28:25 INFO Waiting for model:
  test-ksr13w2c/0 [allocating] waiting: agent initialising
  github-runner-image-builder-ksr13w2c/0 [executing] maintenance: Setting up Builder.
18:28:56 INFO Waiting for model:
  test-ksr13w2c/0 [executing] maintenance: installing charm software
  github-runner-image-builder-ksr13w2c/0 [executing] maintenance: Setting up Builder.
18:29:26 INFO Waiting for model:
  test-ksr13w2c/0 [idle] blocked: Please provide image integration.
  github-runner-image-builder-ksr13w2c/0 [executing] maintenance: Setting up Builder.
18:29:56 INFO Waiting for model:
  test-ksr13w2c/0 [idle] blocked: Please provide image integration.
  github-runner-image-builder-ksr13w2c/0 [executing] maintenance: Setting up Builder.
18:30:27 INFO Waiting for model:
  test-ksr13w2c/0 [idle] blocked: Please provide image integration.
  github-runner-image-builder-ksr13w2c/0 [executing] maintenance: Setting up Builder.
18:30:57 INFO Waiting for model:
  test-ksr13w2c/0 [idle] blocked: Please provide image integration.
  github-runner-image-builder-ksr13w2c/0 [executing] active: Waiting for first image.
18:31:27 INFO Waiting for model:
  test-ksr13w2c/0 [idle] waiting: Waiting for image over integration.
  github-runner-image-builder-ksr13w2c/0 [executing] active: Building image.
18:31:58 INFO Waiting for model:
  test-ksr13w2c/0 [idle] waiting: Waiting for image over integration.
  github-runner-image-builder-ksr13w2c/0 [executing] active: Building image.
18:32:28 INFO Waiting for model:
  test-ksr13w2c/0 [idle] waiting: Waiting for image over integration.
  github-runner-image-builder-ksr13w2c/0 [executing] active: Building image.
18:32:58 INFO Waiting for model:
  test-ksr13w2c/0 [idle] waiting: Waiting for image over integration.
  github-runner-image-builder-ksr13w2c/0 [executing] active: Building image.
18:33:28 INFO Waiting for model:
  test-ksr13w2c/0 [idle] waiting: Waiting for image over integration.
  github-runner-image-builder-ksr13w2c/0 [executing] active: Building image.
18:33:58 INFO Waiting for model:
  test-ksr13w2c/0 [idle] waiting: Waiting for image over integration.
  github-runner-image-builder-ksr13w2c/0 [executing] active: Building image.
18:34:28 INFO Waiting for model:
  test-ksr13w2c/0 [idle] waiting: Waiting for image over integration.
  github-runner-image-builder-ksr13w2c/0 [executing] active: Building image.
18:34:58 INFO Waiting for model:
  test-ksr13w2c/0 [idle] waiting: Waiting for image over integration.
  github-runner-image-builder-ksr13w2c/0 [executing] active: Building image.
18:35:29 INFO Waiting for model:
  test-ksr13w2c/0 [idle] waiting: Waiting for image over integration.
  github-runner-image-builder-ksr13w2c/0 [executing] active: Building image.
18:35:59 INFO Waiting for model:
  test-ksr13w2c/0 [idle] waiting: Waiting for image over integration.
  github-runner-image-builder-ksr13w2c/0 [executing] active: Building image.
18:36:29 INFO Waiting for model:
  test-ksr13w2c/0 [idle] waiting: Waiting for image over integration.
  github-runner-image-builder-ksr13w2c/0 [executing] active: Building image.
18:37:00 INFO Waiting for model:
  test-ksr13w2c/0 [idle] waiting: Waiting for image over integration.
  github-runner-image-builder-ksr13w2c/0 [executing] active: Building image.
18:37:30 INFO Waiting for model:
  test-ksr13w2c/0 [idle] waiting: Waiting for image over integration.
  github-runner-image-builder-ksr13w2c/0 [executing] active: Building image.
18:38:01 INFO Waiting for model:
  test-ksr13w2c/0 [idle] waiting: Waiting for image over integration.
  github-runner-image-builder-ksr13w2c/0 [executing] active: Building image.
18:38:31 INFO Waiting for model:
  test-ksr13w2c/0 [idle] waiting: Waiting for image over integration.
  github-runner-image-builder-ksr13w2c/0 [executing] active: Building image.
18:39:01 INFO Waiting for model:
  test-ksr13w2c/0 [idle] waiting: Waiting for image over integration.
  github-runner-image-builder-ksr13w2c/0 [executing] active: Building image.
18:39:32 INFO Waiting for model:
  test-ksr13w2c/0 [idle] waiting: Waiting for image over integration.
  github-runner-image-builder-ksr13w2c/0 [executing] active: Building image.
18:40:02 INFO Waiting for model:
  test-ksr13w2c/0 [idle] waiting: Waiting for image over integration.
  github-runner-image-builder-ksr13w2c/0 [executing] active: Building image.
18:40:33 INFO Waiting for model:
  test-ksr13w2c/0 [idle] waiting: Waiting for image over integration.
  github-runner-image-builder-ksr13w2c/0 [executing] active: Building image.
18:41:03 INFO Waiting for model:
  test-ksr13w2c/0 [idle] waiting: Waiting for image over integration.
  github-runner-image-builder-ksr13w2c/0 [executing] active: Building image.
18:41:34 INFO Waiting for model:
  test-ksr13w2c/0 [idle] waiting: Waiting for image over integration.
  github-runner-image-builder-ksr13w2c/0 [executing] active: Building image.
18:42:04 INFO Waiting for model:
  test-ksr13w2c/0 [idle] waiting: Waiting for image over integration.
  github-runner-image-builder-ksr13w2c/0 [executing] active: Building image.
18:42:34 INFO Waiting for model:
  test-ksr13w2c/0 [idle] waiting: Waiting for image over integration.
  github-runner-image-builder-ksr13w2c/0 [executing] active: Building image.
18:43:05 INFO Waiting for model:
  test-ksr13w2c/0 [idle] waiting: Waiting for image over integration.
  github-runner-image-builder-ksr13w2c/0 [executing] active: Building image.
18:43:35 INFO Waiting for model:
  test-ksr13w2c/0 [executing] maintenance: Reconciling runners
18:43:58 WARNING relate is deprecated and will be removed. Use integrate instead.
18:43:58 INFO Waiting for model:
  test-ksr13w2c/0 [idle] active: 
  mongodb/0 [idle] active: Primary
18:44:28 INFO Waiting for model:
  test-ksr13w2c/0 [executing] maintenance: Reconciling runners
18:45:18 INFO Waiting for model:
  test-ksr13w2c/0 [executing] active: 
18:45:48 INFO Waiting for model:
  test-ksr13w2c/0 [executing] maintenance: Reconciling runners
18:46:06 INFO IP Address to use as the fake jobmanager: 10.145.216.114
18:46:07 INFO Waiting for first check job status.
18:46:07 INFO 10.161.223.119 - - [02/May/2025 18:46:07] "GET /v1/jobs/99 HTTP/1.1" 200 -
18:46:07 INFO server log: [(<Request 'http://10.145.216.114:8000/v1/jobs/99' [GET]>, <Response 45 bytes [200 OK]>)] 
18:46:07 INFO Waiting for get token.
18:46:07 INFO 10.161.223.119 - - [02/May/2025 18:46:07] "POST /v1/jobs/99/token HTTP/1.1" 200 -
18:46:07 INFO server log: [(<Request 'http://10.145.216.114:8000/v1/jobs/99' [GET]>, <Response 45 bytes [200 OK]>), (<Request 'http://10.145.216.114:8000/v1/jobs/99/token' [POST]>, <Response 24 bytes [200 OK]>)] 
18:46:07 INFO trying to prepare tunnel for builder agent
18:46:13 INFO no runner or two or more runners in unit, return False
18:46:13 INFO Wait for condition not met, sleeping 10
18:46:23 INFO trying to prepare tunnel for builder agent
18:46:24 INFO no addresses yet, return False
18:46:24 INFO Wait for condition not met, sleeping 10
18:46:34 INFO trying to prepare tunnel for builder agent
18:46:36 INFO no addresses yet, return False
18:46:36 INFO Wait for condition not met, sleeping 10
18:46:46 INFO trying to prepare tunnel for builder agent
18:46:48 INFO no addresses yet, return False
18:46:48 INFO Wait for condition not met, sleeping 10
18:46:58 INFO trying to prepare tunnel for builder agent
18:47:00 INFO no addresses yet, return False
18:47:00 INFO Wait for condition not met, sleeping 10
18:47:10 INFO trying to prepare tunnel for builder agent
18:47:11 INFO no addresses yet, return False
18:47:11 INFO Wait for condition not met, sleeping 10
18:47:21 INFO trying to prepare tunnel for builder agent
18:47:22 INFO no addresses yet, return False
18:47:22 INFO Wait for condition not met, sleeping 10
18:47:32 INFO trying to prepare tunnel for builder agent
18:47:33 INFO no addresses yet, return False
18:47:33 INFO Wait for condition not met, sleeping 10
18:47:43 INFO trying to prepare tunnel for builder agent
18:47:44 INFO no addresses yet, return False
18:47:44 INFO Wait for condition not met, sleeping 10
18:47:54 INFO trying to prepare tunnel for builder agent
18:47:56 INFO [TEST SETUP] Run command 'echo hello' on test-ksr13w2c-0-r-2c4e01ed29c4
18:47:56 WARNING dict_values([[{'version': 4, 'addr': '10.145.193.210', 'OS-EXT-IPS:type': 'fixed', 'OS-EXT-IPS-MAC:mac_addr': 'fa:16:3e:e4:9d:49'}]])
18:47:57 WARNING ssh_cmd: su - ubuntu -c 'ssh -i /home/runner-manager/.ssh/test-ksr13w2c-0-r-2c4e01ed29c4.key -o "StrictHostKeyChecking no" ubuntu@10.145.193.210 'echo hello''
18:48:01 INFO Run command ''echo hello'' in runner with result 255: 'None' 'ssh: connect to host 10.145.193.210 port 22: Connection refused
'
18:48:01 INFO cannot ssh yet, return False
18:48:01 INFO Wait for condition not met, sleeping 10
18:48:11 INFO trying to prepare tunnel for builder agent
18:48:13 INFO [TEST SETUP] Run command 'echo hello' on test-ksr13w2c-0-r-2c4e01ed29c4
18:48:13 WARNING dict_values([[{'version': 4, 'addr': '10.145.193.210', 'OS-EXT-IPS:type': 'fixed', 'OS-EXT-IPS-MAC:mac_addr': 'fa:16:3e:e4:9d:49'}]])
18:48:14 WARNING ssh_cmd: su - ubuntu -c 'ssh -i /home/runner-manager/.ssh/test-ksr13w2c-0-r-2c4e01ed29c4.key -o "StrictHostKeyChecking no" ubuntu@10.145.193.210 'echo hello''
18:48:16 INFO Run command ''echo hello'' in runner with result 255: 'None' 'ssh: connect to host 10.145.193.210 port 22: Connection refused
'
18:48:16 INFO cannot ssh yet, return False
18:48:16 INFO Wait for condition not met, sleeping 10
18:48:26 INFO trying to prepare tunnel for builder agent
18:48:27 INFO [TEST SETUP] Run command 'echo hello' on test-ksr13w2c-0-r-2c4e01ed29c4
18:48:27 WARNING dict_values([[{'version': 4, 'addr': '10.145.193.210', 'OS-EXT-IPS:type': 'fixed', 'OS-EXT-IPS-MAC:mac_addr': 'fa:16:3e:e4:9d:49'}]])
18:48:28 WARNING ssh_cmd: su - ubuntu -c 'ssh -i /home/runner-manager/.ssh/test-ksr13w2c-0-r-2c4e01ed29c4.key -o "StrictHostKeyChecking no" ubuntu@10.145.193.210 'echo hello''
18:48:29 INFO Run command ''echo hello'' in runner with result 0: 'hello
' 'Warning: Permanently added '10.145.193.210' (ED25519) to the list of known hosts.
'
18:48:49 INFO 10.161.223.119 - - [02/May/2025 18:48:49] "GET /v1/jobs/99/health HTTP/1.1" 200 -
18:49:30 INFO [TEST SETUP] Run command sudo iptables -t nat -A OUTPUT -p tcp -d 10.145.216.114 --dport 8000 -j DNAT --to-destination 127.0.0.1:8000 on test-ksr13w2c-0-r-2c4e01ed29c4
18:49:30 WARNING dict_values([[{'version': 4, 'addr': '10.145.193.210', 'OS-EXT-IPS:type': 'fixed', 'OS-EXT-IPS-MAC:mac_addr': 'fa:16:3e:e4:9d:49'}]])
18:49:31 WARNING ssh_cmd: su - ubuntu -c 'ssh -i /home/runner-manager/.ssh/test-ksr13w2c-0-r-2c4e01ed29c4.key -o "StrictHostKeyChecking no" ubuntu@10.145.193.210 sudo iptables -t nat -A OUTPUT -p tcp -d 10.145.216.114 --dport 8000 -j DNAT --to-destination 127.0.0.1:8000'
18:49:32 INFO Run command 'sudo iptables -t nat -A OUTPUT -p tcp -d 10.145.216.114 --dport 8000 -j DNAT --to-destination 127.0.0.1:8000' in runner with result 0: 'None' 'None'
18:49:33 INFO [TEST SETUP] Exposing port 8000 on test-ksr13w2c-0-r-2c4e01ed29c4
18:49:33 WARNING dict_values([[{'version': 4, 'addr': '10.145.193.210', 'OS-EXT-IPS:type': 'fixed', 'OS-EXT-IPS-MAC:mac_addr': 'fa:16:3e:e4:9d:49'}]])
18:49:34 INFO ssh tunnel command ssh -fNT -R 8000:10.145.216.114:8000 -i /home/runner-manager/.ssh/test-ksr13w2c-0-r-2c4e01ed29c4.key -o "StrictHostKeyChecking no" -o "ControlPersist yes" ubuntu@10.145.193.210 &
18:49:35 INFO ssh tunnel result 0 None None
18:49:37 INFO [TEST SETUP] Run command nc -z localhost 8000 on test-ksr13w2c-0-r-2c4e01ed29c4
18:49:37 WARNING dict_values([[{'version': 4, 'addr': '10.145.193.210', 'OS-EXT-IPS:type': 'fixed', 'OS-EXT-IPS-MAC:mac_addr': 'fa:16:3e:e4:9d:49'}]])
18:49:38 WARNING ssh_cmd: su - ubuntu -c 'ssh -i /home/runner-manager/.ssh/test-ksr13w2c-0-r-2c4e01ed29c4.key -o "StrictHostKeyChecking no" ubuntu@10.145.193.210 nc -z localhost 8000'
18:49:39 INFO 10.161.223.119 - - [02/May/2025 18:49:39] "PUT /v1/jobs/99/health HTTP/1.1" 200 -
18:49:39 INFO Run command 'nc -z localhost 8000' in runner with result 0: 'None' 'Connection to localhost (127.0.0.1) 8000 port [tcp/*] succeeded!
'
18:49:39 INFO Waiting for builder-agent to contact us.
18:49:44 INFO 10.161.223.119 - - [02/May/2025 18:49:44] "PUT /v1/jobs/99/health HTTP/1.1" 200 -
18:49:44 INFO server log: [(<Request 'http://10.145.216.114:8000/v1/jobs/99' [GET]>, <Response 45 bytes [200 OK]>), (<Request 'http://10.145.216.114:8000/v1/jobs/99/token' [POST]>, <Response 24 bytes [200 OK]>), (<Request 'http://10.145.216.114:8000/v1/jobs/99/health' [GET]>, <Response 140 bytes [200 OK]>), (<Request 'http://10.145.216.114:8000/v1/jobs/99/health' [PUT]>, <Response 2 bytes [200 OK]>), (<Request 'http://10.145.216.114:8000/v1/jobs/99/health' [PUT]>, <Response 2 bytes [200 OK]>)] 
18:49:44 INFO [TEST SETUP] Run command 'curl http://127.0.0.1:8080/execute -X POST --header "Content-Type: application/json" --data "{\"commands\":[\"sleep 30\"]}"' on test-ksr13w2c-0-r-2c4e01ed29c4
18:49:44 WARNING dict_values([[{'version': 4, 'addr': '10.145.193.210', 'OS-EXT-IPS:type': 'fixed', 'OS-EXT-IPS-MAC:mac_addr': 'fa:16:3e:e4:9d:49'}]])
18:49:45 WARNING ssh_cmd: su - ubuntu -c 'ssh -i /home/runner-manager/.ssh/test-ksr13w2c-0-r-2c4e01ed29c4.key -o "StrictHostKeyChecking no" ubuntu@10.145.193.210 'curl http://127.0.0.1:8080/execute -X POST --header "Content-Type: application/json" --data "{\"commands\":[\"sleep 30\"]}"''
18:49:46 INFO Run command ''curl http://127.0.0.1:8080/execute -X POST --header "Content-Type: application/json" --data "{\"commands\":[\"sleep 30\"]}"'' in runner with result 0: 'Execution started' '  % Total    % Received % Xferd  Average Speed   Time    Time     Time  Current
                                 Dload  Upload   Total   Spent    Left  Speed
  0     0    0     0    0     0      0      0 --:--:-- --:--:-- --:--:--     0100    42  100    17  100    25  20310  29868 --:--:-- --:--:-- --:--:-- 42000
'
18:49:46 INFO Waiting for builder-agent to contact us.
18:49:49 INFO 10.161.223.119 - - [02/May/2025 18:49:49] "PUT /v1/jobs/99/health HTTP/1.1" 200 -
18:49:49 INFO 10.161.223.119 - - [02/May/2025 18:49:49] "GET /v1/jobs/99/health HTTP/1.1" 200 -
18:49:54 INFO 10.161.223.119 - - [02/May/2025 18:49:54] "PUT /v1/jobs/99/health HTTP/1.1" 200 -
18:49:59 INFO 10.161.223.119 - - [02/May/2025 18:49:59] "PUT /v1/jobs/99/health HTTP/1.1" 200 -
18:50:04 INFO 10.161.223.119 - - [02/May/2025 18:50:04] "PUT /v1/jobs/99/health HTTP/1.1" 200 -
18:50:09 INFO 10.161.223.119 - - [02/May/2025 18:50:09] "PUT /v1/jobs/99/health HTTP/1.1" 200 -
18:50:14 INFO 10.161.223.119 - - [02/May/2025 18:50:14] "PUT /v1/jobs/99/health HTTP/1.1" 200 -
18:50:19 INFO 10.161.223.119 - - [02/May/2025 18:50:19] "PUT /v1/jobs/99/health HTTP/1.1" 200 -
18:50:19 INFO server log after executing: [(<Request 'http://10.145.216.114:8000/v1/jobs/99' [GET]>, <Response 45 bytes [200 OK]>), (<Request 'http://10.145.216.114:8000/v1/jobs/99/token' [POST]>, <Response 24 bytes [200 OK]>), (<Request 'http://10.145.216.114:8000/v1/jobs/99/health' [GET]>, <Response 140 bytes [200 OK]>), (<Request 'http://10.145.216.114:8000/v1/jobs/99/health' [PUT]>, <Response 2 bytes [200 OK]>), (<Request 'http://10.145.216.114:8000/v1/jobs/99/health' [PUT]>, <Response 2 bytes [200 OK]>), (<Request 'http://10.145.216.114:8000/v1/jobs/99/health' [PUT]>, <Response 2 bytes [200 OK]>), (<Request 'http://10.145.216.114:8000/v1/jobs/99/health' [GET]>, <Response 140 bytes [200 OK]>), (<Request 'http://10.145.216.114:8000/v1/jobs/99/health' [PUT]>, <Response 2 bytes [200 OK]>), (<Request 'http://10.145.216.114:8000/v1/jobs/99/health' [PUT]>, <Response 2 bytes [200 OK]>), (<Request 'http://10.145.216.114:8000/v1/jobs/99/health' [PUT]>, <Response 2 bytes [200 OK]>), (<Request 'http://10.145.216.114:8000/v1/jobs/99/health' [PUT]>, <Response 2 bytes [200 OK]>), (<Request 'http://10.145.216.114:8000/v1/jobs/99/health' [PUT]>, <Response 2 bytes [200 OK]>), (<Request 'http://10.145.216.114:8000/v1/jobs/99/health' [PUT]>, <Response 2 bytes [200 OK]>)]
18:50:24 INFO 10.161.223.119 - - [02/May/2025 18:50:24] "PUT /v1/jobs/99/health HTTP/1.1" 200 -
18:50:29 INFO 10.161.223.119 - - [02/May/2025 18:50:29] "PUT /v1/jobs/99/health HTTP/1.1" 200 -
18:50:34 INFO 10.161.223.119 - - [02/May/2025 18:50:34] "PUT /v1/jobs/99/health HTTP/1.1" 200 -
18:50:39 INFO 10.161.223.119 - - [02/May/2025 18:50:39] "PUT /v1/jobs/99/health HTTP/1.1" 200 -
18:50:44 INFO 10.161.223.119 - - [02/May/2025 18:50:44] "PUT /v1/jobs/99/health HTTP/1.1" 200 -
18:51:00 INFO Waiting for model:
  test-ksr13w2c/0 [executing] active: 
18:51:30 INFO Waiting for model:
  test-ksr13w2c/0 [idle] active: 
18:51:37 INFO Model status:

Model                 Controller           Cloud/Region         Version  SLA          Timestamp
test-jobmanager-c7db  github-pr-b51b1-lxd  localhost/localhost  3.6.5    unsupported  18:51:37Z

App                                   Version  Status  Scale  Charm                        Channel      Rev  Exposed  Message
github-runner-image-builder-ksr13w2c           active      1  github-runner-image-builder  latest/edge   68  no       
mongodb                               6.0.6    active      1  mongodb                      6/edge       214  no       
test-ksr13w2c                                  active      1  github-runner                               0  no       

Unit                                     Workload  Agent  Machine  Public address  Ports      Message
github-runner-image-builder-ksr13w2c/0*  active    idle   1        10.161.223.164             
mongodb/0*                               active    idle   0        10.161.223.25   27017/tcp  Primary
test-ksr13w2c/0*                         active    idle   2        10.161.223.119             

Machine  State    Address         Inst id        Base          AZ  Message
0        started  10.161.223.25   juju-f8b9f0-0  ubuntu@22.04      Running
1        started  10.161.223.164  juju-f8b9f0-1  ubuntu@22.04      Running
2        started  10.161.223.119  juju-f8b9f0-2  ubuntu@22.04      Running

18:51:37 INFO Juju error logs:

machine-1: 18:27:42 ERROR juju.worker.dependency "kvm-container-provisioner" manifold worker returned unexpected error: container types not yet available
machine-1: 18:27:42 ERROR juju.worker.dependency "lxd-container-provisioner" manifold worker returned unexpected error: container types not yet available
unit-github-runner-image-builder-ksr13w2c-0: 18:27:42 ERROR juju.worker.meterstatus error running "meter-status-changed": charm missing from disk
machine-2: 18:27:59 ERROR juju.worker.dependency "kvm-container-provisioner" manifold worker returned unexpected error: container types not yet available
machine-2: 18:27:59 ERROR juju.worker.dependency "lxd-container-provisioner" manifold worker returned unexpected error: container types not yet available
unit-test-ksr13w2c-0: 18:28:00 ERROR juju.worker.meterstatus error running "meter-status-changed": charm missing from disk
unit-github-runner-image-builder-ksr13w2c-0: 18:28:43 ERROR unit.github-runner-image-builder-ksr13w2c/0.juju-log Pipx command failed, code: 1, out: None, err: None
machine-0: 18:28:51 ERROR juju.worker.dependency "kvm-container-provisioner" manifold worker returned unexpected error: container types not yet available
machine-0: 18:28:51 ERROR juju.worker.dependency "lxd-container-provisioner" manifold worker returned unexpected error: container types not yet available
unit-mongodb-0: 18:28:51 ERROR juju.worker.meterstatus error running "meter-status-changed": charm missing from disk
unit-test-ksr13w2c-0: 18:28:55 ERROR unit.test-ksr13w2c/0.juju-log Command python3 -m pip uninstall github_runner_manager failed with code 2: b'ERROR: Exception:\nTraceback (most recent call last):\n  File "/usr/local/lib/python3.10/dist-packages/pip/_internal/cli/base_command.py", line 105, in _run_wrapper\n    status = _inner_run()\n  File "/usr/local/lib/python3.10/dist-packages/pip/_internal/cli/base_command.py", line 96, in _inner_run\n    return self.run(options, args)\n  File "/usr/local/lib/python3.10/dist-packages/pip/_internal/commands/uninstall.py", line 106, in run\n    uninstall_pathset = req.uninstall(\n  File "/usr/local/lib/python3.10/dist-packages/pip/_internal/req/req_install.py", line 723, in uninstall\n    uninstalled_pathset.remove(auto_confirm, verbose)\n  File "/usr/local/lib/python3.10/dist-packages/pip/_internal/req/req_uninstall.py", line 364, in remove\n    if auto_confirm or self._allowed_to_proceed(verbose):\n  File "/usr/local/lib/python3.10/dist-packages/pip/_internal/req/req_uninstall.py", line 404, in _allowed_to_proceed\n    return ask("Proceed (Y/n)? ", ("y", "n", "")) != "n"\n  File "/usr/local/lib/python3.10/dist-packages/pip/_internal/utils/misc.py", line 229, in ask\n    response = input(message)\nEOFError: EOF when reading a line\n'
unit-mongodb-0: 18:29:21 ERROR unit.mongodb/0.juju-log Unable to set params: ['vm.max_map_count']
unit-mongodb-0: 18:29:21 ERROR unit.mongodb/0.juju-log Error setting values on sysctl: Unable to set params: ['vm.max_map_count']
unit-test-ksr13w2c-0: 18:50:44 ERROR unit.test-ksr13w2c/0.juju-log Health check failed due to unable to find keyfile for test-ksr13w2c-0-r-2c4e01ed29c4
Traceback (most recent call last):
  File "/var/lib/juju/agents/unit-test-ksr13w2c-0/charm/venv/github_runner_manager/openstack_cloud/openstack_runner_manager.py", line 460, in _check_state_and_flush
    ssh_conn = self._openstack_cloud.get_ssh_connection(instance)
  File "/var/lib/juju/agents/unit-test-ksr13w2c-0/charm/venv/github_runner_manager/openstack_cloud/openstack_cloud.py", line 142, in exception_handling_wrapper
    return func(*args, **kwargs)
  File "/var/lib/juju/agents/unit-test-ksr13w2c-0/charm/venv/github_runner_manager/openstack_cloud/openstack_cloud.py", line 341, in get_ssh_connection
    raise KeyfileError(
github_runner_manager.errors.KeyfileError: Missing keyfile for server: test-ksr13w2c-0-r-2c4e01ed29c4, key path: /home/runner-manager/.ssh/test-ksr13w2c-0-r-2c4e01ed29c4.key
unit-test-ksr13w2c-0: 18:50:46 ERROR unit.test-ksr13w2c/0.juju-log Unable to get SSH connection for instance test-ksr13w2c-0-r-2c4e01ed29c4, marking as unhealthy.
Traceback (most recent call last):
  File "/var/lib/juju/agents/unit-test-ksr13w2c-0/charm/venv/github_runner_manager/openstack_cloud/health_checks.py", line 132, in _get_ssh_connection
    ssh_conn = openstack_cloud.get_ssh_connection(instance)
  File "/var/lib/juju/agents/unit-test-ksr13w2c-0/charm/venv/github_runner_manager/openstack_cloud/openstack_cloud.py", line 142, in exception_handling_wrapper
    return func(*args, **kwargs)
  File "/var/lib/juju/agents/unit-test-ksr13w2c-0/charm/venv/github_runner_manager/openstack_cloud/openstack_cloud.py", line 341, in get_ssh_connection
    raise KeyfileError(
github_runner_manager.errors.KeyfileError: Missing keyfile for server: test-ksr13w2c-0-r-2c4e01ed29c4, key path: /home/runner-manager/.ssh/test-ksr13w2c-0-r-2c4e01ed29c4.key

The above exception was the direct cause of the following exception:

Traceback (most recent call last):
  File "/var/lib/juju/agents/unit-test-ksr13w2c-0/charm/venv/github_runner_manager/openstack_cloud/health_checks.py", line 49, in check_runner
    ssh_conn = _get_ssh_connection(openstack_cloud=openstack_cloud, instance=instance)
  File "/var/lib/juju/agents/unit-test-ksr13w2c-0/charm/venv/github_runner_manager/utilities.py", line 77, in fn_with_retry
    return func(*args, **kwargs)
  File "/var/lib/juju/agents/unit-test-ksr13w2c-0/charm/venv/github_runner_manager/openstack_cloud/health_checks.py", line 135, in _get_ssh_connection
    raise _SSHError(f"Unable to get SSH connection to {instance.instance_id}") from exc
github_runner_manager.openstack_cloud.health_checks._SSHError: Unable to get SSH connection to test-ksr13w2c-0-r-2c4e01ed29c4
unit-test-ksr13w2c-0: 18:50:46 ERROR unit.test-ksr13w2c/0.juju-log Failed to get SSH connection while removing test-ksr13w2c-0-r-2c4e01ed29c4
Traceback (most recent call last):
  File "/var/lib/juju/agents/unit-test-ksr13w2c-0/charm/venv/github_runner_manager/openstack_cloud/openstack_runner_manager.py", line 311, in _delete_runner
    ssh_conn = self._openstack_cloud.get_ssh_connection(instance)
  File "/var/lib/juju/agents/unit-test-ksr13w2c-0/charm/venv/github_runner_manager/openstack_cloud/openstack_cloud.py", line 142, in exception_handling_wrapper
    return func(*args, **kwargs)
  File "/var/lib/juju/agents/unit-test-ksr13w2c-0/charm/venv/github_runner_manager/openstack_cloud/openstack_cloud.py", line 341, in get_ssh_connection
    raise KeyfileError(
github_runner_manager.errors.KeyfileError: Missing keyfile for server: test-ksr13w2c-0-r-2c4e01ed29c4, key path: /home/runner-manager/.ssh/test-ksr13w2c-0-r-2c4e01ed29c4.key
unit-test-ksr13w2c-0: 18:50:49 ERROR unit.test-ksr13w2c/0.juju-log Invalid pulled metrics. No runner_installed information for test-ksr13w2c-0-r-2c4e01ed29c4.
unit-test-ksr13w2c-0: 18:50:49 ERROR unit.test-ksr13w2c/0.juju-log No metrics returned after deleting test-ksr13w2c-0-r-2c4e01ed29c4

18:51:37 INFO Forgetting model main...