INFO     root:conftest.py:589 GitHub token rate limit: Rate(reset=2025-01-09 07:50:24+00:00, remaining=4631, limit=5000)
INFO     pytest_operator.plugin:plugin.py:929 Model status:

Model                            Controller  Cloud/Region         Version  SLA          Timestamp
test-charm-metrics-success-w6z0  lxd         localhost/localhost  3.6.1    unsupported  07:21:32Z

App                          Version  Status  Scale  Charm                        Channel      Rev  Exposed  Message
github-runner-image-builder           active      1  github-runner-image-builder  latest/edge    2  no       
test-m1ucqaz2                         active      1  github-runner                               0  no       

Unit                            Workload  Agent  Machine  Public address  Ports  Message
github-runner-image-builder/0*  active    idle   0        10.203.253.199         
test-m1ucqaz2/0*                active    idle   1        10.203.253.123         

Machine  State    Address         Inst id        Base          AZ  Message
0        started  10.203.253.199  juju-f61e97-0  ubuntu@22.04      Running
1        started  10.203.253.123  juju-f61e97-1  ubuntu@22.04      Running

INFO     pytest_operator.plugin:plugin.py:935 Juju error logs:

machine-0: 07:09:54 ERROR juju.worker.dependency "kvm-container-provisioner" manifold worker returned unexpected error: container types not yet available
machine-0: 07:09:55 ERROR juju.worker.dependency "lxd-container-provisioner" manifold worker returned unexpected error: container types not yet available
unit-github-runner-image-builder-0: 07:09:55 ERROR juju.worker.meterstatus error running "meter-status-changed": charm missing from disk
machine-1: 07:13:18 ERROR juju.worker.dependency "lxd-container-provisioner" manifold worker returned unexpected error: container types not yet available
machine-1: 07:13:18 ERROR juju.worker.dependency "kvm-container-provisioner" manifold worker returned unexpected error: container types not yet available
unit-test-m1ucqaz2-0: 07:13:18 ERROR juju.worker.meterstatus error running "meter-status-changed": charm missing from disk
unit-test-m1ucqaz2-0: 07:13:33 CRITICAL unit.test-m1ucqaz2/0.juju-log test mode is enabled
unit-test-m1ucqaz2-0: 07:13:35 CRITICAL unit.test-m1ucqaz2/0.juju-log test mode is enabled
unit-test-m1ucqaz2-0: 07:13:38 CRITICAL unit.test-m1ucqaz2/0.juju-log image:0: test mode is enabled
unit-test-m1ucqaz2-0: 07:13:39 CRITICAL unit.test-m1ucqaz2/0.juju-log test mode is enabled
unit-test-m1ucqaz2-0: 07:13:40 CRITICAL unit.test-m1ucqaz2/0.juju-log test mode is enabled
unit-test-m1ucqaz2-0: 07:13:41 CRITICAL unit.test-m1ucqaz2/0.juju-log test mode is enabled
unit-test-m1ucqaz2-0: 07:13:43 CRITICAL unit.test-m1ucqaz2/0.juju-log test mode is enabled
unit-test-m1ucqaz2-0: 07:13:44 CRITICAL unit.test-m1ucqaz2/0.juju-log image:0: test mode is enabled
unit-test-m1ucqaz2-0: 07:13:44 CRITICAL unit.test-m1ucqaz2/0.juju-log image:0: test mode is enabled
unit-test-m1ucqaz2-0: 07:14:25 CRITICAL unit.test-m1ucqaz2/0.juju-log test mode is enabled
unit-test-m1ucqaz2-0: 07:14:26 CRITICAL unit.test-m1ucqaz2/0.juju-log test mode is enabled
unit-test-m1ucqaz2-0: 07:19:37 ERROR unit.test-m1ucqaz2/0.juju-log Timeout creating openstack server test-m1ucqaz2-0-1c747177ccc3
Traceback (most recent call last):
  File "/var/lib/juju/agents/unit-test-m1ucqaz2-0/charm/venv/github_runner_manager/openstack_cloud/openstack_cloud.py", line 227, in launch_instance
    server = conn.create_server(
  File "/var/lib/juju/agents/unit-test-m1ucqaz2-0/charm/venv/decorator.py", line 232, in fun
    return caller(func, *(extras + args), **kw)
  File "/var/lib/juju/agents/unit-test-m1ucqaz2-0/charm/venv/openstack/cloud/_utils.py", line 224, in func_wrapper
    return func(*args, **kwargs)
  File "/var/lib/juju/agents/unit-test-m1ucqaz2-0/charm/venv/openstack/cloud/_compute.py", line 1021, in create_server
    server = self.wait_for_server(
  File "/var/lib/juju/agents/unit-test-m1ucqaz2-0/charm/venv/openstack/cloud/_compute.py", line 1142, in wait_for_server
    for count in utils.iterate_timeout(
  File "/var/lib/juju/agents/unit-test-m1ucqaz2-0/charm/venv/openstack/utils.py", line 73, in iterate_timeout
    raise exceptions.ResourceTimeout(message)
openstack.exceptions.ResourceTimeout: Timeout waiting for the server to come up.
unit-test-m1ucqaz2-0: 07:19:39 ERROR unit.test-m1ucqaz2/0.juju-log Failed to spawn a runner.
Traceback (most recent call last):
  File "/var/lib/juju/agents/unit-test-m1ucqaz2-0/charm/venv/github_runner_manager/openstack_cloud/openstack_cloud.py", line 227, in launch_instance
    server = conn.create_server(
  File "/var/lib/juju/agents/unit-test-m1ucqaz2-0/charm/venv/decorator.py", line 232, in fun
    return caller(func, *(extras + args), **kw)
  File "/var/lib/juju/agents/unit-test-m1ucqaz2-0/charm/venv/openstack/cloud/_utils.py", line 224, in func_wrapper
    return func(*args, **kwargs)
  File "/var/lib/juju/agents/unit-test-m1ucqaz2-0/charm/venv/openstack/cloud/_compute.py", line 1021, in create_server
    server = self.wait_for_server(
  File "/var/lib/juju/agents/unit-test-m1ucqaz2-0/charm/venv/openstack/cloud/_compute.py", line 1142, in wait_for_server
    for count in utils.iterate_timeout(
  File "/var/lib/juju/agents/unit-test-m1ucqaz2-0/charm/venv/openstack/utils.py", line 73, in iterate_timeout
    raise exceptions.ResourceTimeout(message)
openstack.exceptions.ResourceTimeout: Timeout waiting for the server to come up.

The above exception was the direct cause of the following exception:

Traceback (most recent call last):
  File "/var/lib/juju/agents/unit-test-m1ucqaz2-0/charm/venv/github_runner_manager/openstack_cloud/openstack_runner_manager.py", line 209, in create_runner
    instance = self._openstack_cloud.launch_instance(
  File "/var/lib/juju/agents/unit-test-m1ucqaz2-0/charm/venv/github_runner_manager/openstack_cloud/openstack_cloud.py", line 138, in exception_handling_wrapper
    return func(*args, **kwargs)
  File "/var/lib/juju/agents/unit-test-m1ucqaz2-0/charm/venv/github_runner_manager/openstack_cloud/openstack_cloud.py", line 246, in launch_instance
    raise OpenStackError(f"Timeout creating openstack server {full_name}") from err
github_runner_manager.errors.OpenStackError: Timeout creating openstack server test-m1ucqaz2-0-1c747177ccc3

The above exception was the direct cause of the following exception:

Traceback (most recent call last):
  File "/var/lib/juju/agents/unit-test-m1ucqaz2-0/charm/venv/github_runner_manager/manager/runner_manager.py", line 276, in _spawn_runners
    return (RunnerManager._create_runner(create_runner_args_sequence[0]),)
  File "/var/lib/juju/agents/unit-test-m1ucqaz2-0/charm/venv/github_runner_manager/manager/runner_manager.py", line 404, in _create_runner
    return args.cloud_runner_manager.create_runner(registration_token=args.registration_token)
  File "/var/lib/juju/agents/unit-test-m1ucqaz2-0/charm/venv/github_runner_manager/openstack_cloud/openstack_runner_manager.py", line 217, in create_runner
    raise RunnerCreateError(f"Failed to create {instance_name} openstack runner") from err
github_runner_manager.errors.RunnerCreateError: Failed to create test-m1ucqaz2-0-1c747177ccc3 openstack runner
unit-test-m1ucqaz2-0: 07:19:43 CRITICAL unit.test-m1ucqaz2/0.juju-log test mode is enabled
unit-test-m1ucqaz2-0: 07:19:55 CRITICAL unit.test-m1ucqaz2/0.juju-log image:0: test mode is enabled
unit-test-m1ucqaz2-0: 07:20:02 ERROR unit.test-m1ucqaz2/0.juju-log image:0: Health check failed due to unable to find keyfile for test-m1ucqaz2-0-1c747177ccc3
Traceback (most recent call last):
  File "/var/lib/juju/agents/unit-test-m1ucqaz2-0/charm/venv/github_runner_manager/openstack_cloud/openstack_runner_manager.py", line 590, in _check_state_and_flush
    ssh_conn = self._openstack_cloud.get_ssh_connection(instance)
  File "/var/lib/juju/agents/unit-test-m1ucqaz2-0/charm/venv/github_runner_manager/openstack_cloud/openstack_cloud.py", line 138, in exception_handling_wrapper
    return func(*args, **kwargs)
  File "/var/lib/juju/agents/unit-test-m1ucqaz2-0/charm/venv/github_runner_manager/openstack_cloud/openstack_cloud.py", line 324, in get_ssh_connection
    raise KeyfileError(
github_runner_manager.errors.KeyfileError: Missing keyfile for server: test-m1ucqaz2-0-1c747177ccc3, key path: /home/runner-manager/.ssh/test-m1ucqaz2-0-1c747177ccc3.key
unit-test-m1ucqaz2-0: 07:20:31 CRITICAL unit.test-m1ucqaz2/0.juju-log test mode is enabled
unit-test-m1ucqaz2-0: 07:20:32 CRITICAL unit.test-m1ucqaz2/0.juju-log test mode is enabled
unit-test-m1ucqaz2-0: 07:20:44 ERROR unit.test-m1ucqaz2/0.juju-log Failed to get SSH connection while removing test-m1ucqaz2-0-1c747177ccc3
Traceback (most recent call last):
  File "/var/lib/juju/agents/unit-test-m1ucqaz2-0/charm/venv/github_runner_manager/openstack_cloud/openstack_runner_manager.py", line 441, in _delete_runner
    ssh_conn = self._openstack_cloud.get_ssh_connection(instance)
  File "/var/lib/juju/agents/unit-test-m1ucqaz2-0/charm/venv/github_runner_manager/openstack_cloud/openstack_cloud.py", line 138, in exception_handling_wrapper
    return func(*args, **kwargs)
  File "/var/lib/juju/agents/unit-test-m1ucqaz2-0/charm/venv/github_runner_manager/openstack_cloud/openstack_cloud.py", line 324, in get_ssh_connection
    raise KeyfileError(
github_runner_manager.errors.KeyfileError: Missing keyfile for server: test-m1ucqaz2-0-1c747177ccc3, key path: /home/runner-manager/.ssh/test-m1ucqaz2-0-1c747177ccc3.key
unit-test-m1ucqaz2-0: 07:20:46 ERROR unit.test-m1ucqaz2/0.juju-log runner-installed.timestamp not found for runner test-m1ucqaz2-0-1c747177ccc3
Traceback (most recent call last):
  File "/var/lib/juju/agents/unit-test-m1ucqaz2-0/charm/venv/github_runner_manager/metrics/runner.py", line 557, in _extract_file_from_storage
    file_content = metrics_storage.path.joinpath(filename).read_text(encoding="utf-8")
  File "/usr/lib/python3.10/pathlib.py", line 1134, in read_text
    with self.open(mode='r', encoding=encoding, errors=errors) as f:
  File "/usr/lib/python3.10/pathlib.py", line 1119, in open
    return self._accessor.open(self, mode, buffering, encoding, errors,
FileNotFoundError: [Errno 2] No such file or directory: '/home/runner-manager/runner-fs/test-m1ucqaz2-0-1c747177ccc3/runner-installed.timestamp'
unit-test-m1ucqaz2-0: 07:20:46 ERROR unit.test-m1ucqaz2/0.juju-log installed timestamp not found for runner test-m1ucqaz2-0-1c747177ccc3, will not extract any metrics.
unit-test-m1ucqaz2-0: 07:20:50 CRITICAL unit.test-m1ucqaz2/0.juju-log test mode is enabled
unit-test-m1ucqaz2-0: 07:21:05 ERROR unit.test-m1ucqaz2/0.juju-log Failed to get SSH connection while removing test-m1ucqaz2-0-1c747177ccc3
Traceback (most recent call last):
  File "/var/lib/juju/agents/unit-test-m1ucqaz2-0/charm/venv/github_runner_manager/openstack_cloud/openstack_runner_manager.py", line 441, in _delete_runner
    ssh_conn = self._openstack_cloud.get_ssh_connection(instance)
  File "/var/lib/juju/agents/unit-test-m1ucqaz2-0/charm/venv/github_runner_manager/openstack_cloud/openstack_cloud.py", line 138, in exception_handling_wrapper
    return func(*args, **kwargs)
  File "/var/lib/juju/agents/unit-test-m1ucqaz2-0/charm/venv/github_runner_manager/openstack_cloud/openstack_cloud.py", line 324, in get_ssh_connection
    raise KeyfileError(
github_runner_manager.errors.KeyfileError: Missing keyfile for server: test-m1ucqaz2-0-1c747177ccc3, key path: /home/runner-manager/.ssh/test-m1ucqaz2-0-1c747177ccc3.key

INFO     pytest_operator.plugin:plugin.py:1017 Forgetting model main...