INFO     pytest_operator.plugin:plugin.py:745 Adding model lxd:test-charm-fork-repo-uj3k on cloud localhost
INFO     juju.model:__init__.py:2301 Deploying ch:amd64/jammy/github-runner-image-builder-2
INFO     juju.model:__init__.py:3254 Waiting for model:
  github-runner-image-builder/0 [allocating] waiting: waiting for machine
INFO     juju.model:__init__.py:3254 Waiting for model:
  github-runner-image-builder/0 [allocating] waiting: waiting for machine
INFO     juju.model:__init__.py:3254 Waiting for model:
  github-runner-image-builder/0 [allocating] waiting: waiting for machine
INFO     juju.model:__init__.py:3254 Waiting for model:
  github-runner-image-builder/0 [allocating] waiting: waiting for machine
INFO     juju.model:__init__.py:3254 Waiting for model:
  github-runner-image-builder/0 [executing] maintenance: Setting up Builder.
INFO     juju.model:__init__.py:3254 Waiting for model:
  github-runner-image-builder/0 [executing] maintenance: Setting up Builder.
INFO     juju.model:__init__.py:3254 Waiting for model:
  github-runner-image-builder/0 [executing] maintenance: Setting up Builder.
INFO     juju.model:__init__.py:3254 Waiting for model:
  github-runner-image-builder/0 [executing] maintenance: Setting up Builder.
INFO     juju.model:__init__.py:3254 Waiting for model:
  github-runner-image-builder/0 [idle] active: 
INFO     juju.model:__init__.py:2301 Deploying local:jammy/github-runner-0
INFO     juju.model:__init__.py:3254 Waiting for model:
  test-w3kkwo7k/0 [allocating] waiting: waiting for machine
INFO     juju.model:__init__.py:3254 Waiting for model:
  test-w3kkwo7k/0 [allocating] waiting: waiting for machine
INFO     juju.model:__init__.py:3254 Waiting for model:
  test-w3kkwo7k/0 [allocating] waiting: agent initialising
INFO     juju.model:__init__.py:3254 Waiting for model:
  test-w3kkwo7k/0 [executing] maintenance: Reconciling runners
INFO     root:conftest.py:589 GitHub token rate limit: Rate(reset=2025-01-09 06:50:19+00:00, remaining=4605, limit=5000)
INFO     juju.model:__init__.py:3254 Waiting for model:
  test-w3kkwo7k/0 [executing] active: 
INFO     juju.model:__init__.py:3254 Waiting for model:
  test-w3kkwo7k/0 [executing] maintenance: Reconciling runners
INFO     juju.model:__init__.py:3254 Waiting for model:
  test-w3kkwo7k/0 [executing] maintenance: Reconciling runners
INFO     juju.model:__init__.py:3254 Waiting for model:
  test-w3kkwo7k/0 [executing] maintenance: Reconciling runners
INFO     juju.model:__init__.py:3254 Waiting for model:
  test-w3kkwo7k/0 [executing] maintenance: Reconciling runners
INFO     juju.model:__init__.py:3254 Waiting for model:
  test-w3kkwo7k/0 [executing] maintenance: Update image for runners
INFO     juju.model:__init__.py:3254 Waiting for model:
  test-w3kkwo7k/0 [executing] maintenance: Reconciling runners
INFO     juju.model:__init__.py:3254 Waiting for model:
  test-w3kkwo7k/0 [executing] maintenance: Reconciling runners
INFO     juju.model:__init__.py:3254 Waiting for model:
  test-w3kkwo7k/0 [executing] maintenance: Reconciling runners
INFO     juju.model:__init__.py:3254 Waiting for model:
  test-w3kkwo7k/0 [executing] maintenance: Reconciling runners
INFO     juju.model:__init__.py:3254 Waiting for model:
  test-w3kkwo7k/0 [executing] maintenance: Reconciling runners
INFO     juju.model:__init__.py:3254 Waiting for model:
  test-w3kkwo7k/0 [executing] maintenance: Reconciling runners
INFO     juju.model:__init__.py:3254 Waiting for model:
  test-w3kkwo7k/0 [executing] maintenance: Reconciling runners
INFO     juju.model:__init__.py:3254 Waiting for model:
  test-w3kkwo7k/0 [executing] maintenance: Reconciling runners
INFO     juju.model:__init__.py:3254 Waiting for model:
  test-w3kkwo7k/0 [executing] maintenance: Reconciling runners
INFO     juju.model:__init__.py:3254 Waiting for model:
  test-w3kkwo7k/0 [executing] maintenance: Reconciling runners
INFO     juju.model:__init__.py:3254 Waiting for model:
  test-w3kkwo7k/0 [executing] maintenance: Reconciling runners
INFO     juju.model:__init__.py:3254 Waiting for model:
  test-w3kkwo7k/0 [executing] maintenance: Reconciling runners
INFO     juju.model:__init__.py:3254 Waiting for model:
  test-w3kkwo7k/0 [executing] maintenance: Reconciling runners
INFO     tests.integration.helpers.openstack:openstack.py:49 [TEST SETUP] Exposing port 8080 on test-w3kkwo7k-0-418c2156c3f9
WARNING  tests.integration.helpers.openstack:openstack.py:51 dict_values([[{'version': 4, 'addr': '10.145.193.91', 'OS-EXT-IPS:type': 'fixed', 'OS-EXT-IPS-MAC:mac_addr': 'fa:16:3e:34:a7:e0'}]])
INFO     tests.integration.helpers.openstack:openstack.py:104 [TEST SETUP] Run command nc -z localhost 8080 on test-w3kkwo7k-0-418c2156c3f9
WARNING  tests.integration.helpers.openstack:openstack.py:106 dict_values([[{'version': 4, 'addr': '10.145.193.91', 'OS-EXT-IPS:type': 'fixed', 'OS-EXT-IPS-MAC:mac_addr': 'fa:16:3e:34:a7:e0'}]])
WARNING  root:openstack.py:123 ssh_cmd: su - ubuntu -c 'ssh -i /home/runner-manager/.ssh/test-w3kkwo7k-0-418c2156c3f9.key -o "StrictHostKeyChecking no" ubuntu@10.145.193.91 nc -z localhost 8080'
INFO     tests.integration.helpers.openstack:openstack.py:104 [TEST SETUP] Run command curl http://localhost:8080 on test-w3kkwo7k-0-418c2156c3f9
WARNING  tests.integration.helpers.openstack:openstack.py:106 dict_values([[{'version': 4, 'addr': '10.145.193.91', 'OS-EXT-IPS:type': 'fixed', 'OS-EXT-IPS-MAC:mac_addr': 'fa:16:3e:34:a7:e0'}]])
WARNING  root:openstack.py:123 ssh_cmd: su - ubuntu -c 'ssh -i /home/runner-manager/.ssh/test-w3kkwo7k-0-418c2156c3f9.key -o "StrictHostKeyChecking no" ubuntu@10.145.193.91 curl http://localhost:8080'
INFO     tests.integration.helpers.common:common.py:525 Wait for condition not met, sleeping 10
INFO     tests.integration.helpers.common:common.py:525 Wait for condition not met, sleeping 60
INFO     pytest_operator.plugin:plugin.py:929 Model status:

Model                      Controller  Cloud/Region         Version  SLA          Timestamp
test-charm-fork-repo-uj3k  lxd         localhost/localhost  3.6.1    unsupported  06:47:00Z

App                          Version  Status  Scale  Charm                        Channel      Rev  Exposed  Message
github-runner-image-builder           active      1  github-runner-image-builder  latest/edge    2  no       
test-w3kkwo7k                         active      1  github-runner                               0  yes      

Unit                            Workload  Agent  Machine  Public address  Ports     Message
github-runner-image-builder/0*  active    idle   0        10.202.105.126            
test-w3kkwo7k/0*                active    idle   1        10.202.105.107  8080/tcp  

Machine  State    Address         Inst id        Base          AZ  Message
0        started  10.202.105.126  juju-d86d6c-0  ubuntu@22.04      Running
1        started  10.202.105.107  juju-d86d6c-1  ubuntu@22.04      Running

INFO     pytest_operator.plugin:plugin.py:935 Juju error logs:

machine-0: 06:25:07 ERROR juju.worker.dependency "lxd-container-provisioner" manifold worker returned unexpected error: container types not yet available
machine-0: 06:25:07 ERROR juju.worker.dependency "kvm-container-provisioner" manifold worker returned unexpected error: container types not yet available
unit-github-runner-image-builder-0: 06:25:07 ERROR juju.worker.meterstatus error running "meter-status-changed": charm missing from disk
machine-1: 06:28:40 ERROR juju.worker.dependency "kvm-container-provisioner" manifold worker returned unexpected error: container types not yet available
machine-1: 06:28:40 ERROR juju.worker.dependency "lxd-container-provisioner" manifold worker returned unexpected error: container types not yet available
unit-test-w3kkwo7k-0: 06:28:40 ERROR juju.worker.meterstatus error running "meter-status-changed": charm missing from disk
unit-test-w3kkwo7k-0: 06:28:57 CRITICAL unit.test-w3kkwo7k/0.juju-log test mode is enabled
unit-test-w3kkwo7k-0: 06:28:59 CRITICAL unit.test-w3kkwo7k/0.juju-log test mode is enabled
unit-test-w3kkwo7k-0: 06:29:02 CRITICAL unit.test-w3kkwo7k/0.juju-log image:0: test mode is enabled
unit-test-w3kkwo7k-0: 06:29:03 CRITICAL unit.test-w3kkwo7k/0.juju-log test mode is enabled
unit-test-w3kkwo7k-0: 06:29:04 CRITICAL unit.test-w3kkwo7k/0.juju-log test mode is enabled
unit-test-w3kkwo7k-0: 06:29:06 CRITICAL unit.test-w3kkwo7k/0.juju-log test mode is enabled
unit-test-w3kkwo7k-0: 06:29:07 CRITICAL unit.test-w3kkwo7k/0.juju-log test mode is enabled
unit-test-w3kkwo7k-0: 06:29:08 CRITICAL unit.test-w3kkwo7k/0.juju-log image:0: test mode is enabled
unit-test-w3kkwo7k-0: 06:29:09 CRITICAL unit.test-w3kkwo7k/0.juju-log image:0: test mode is enabled
unit-test-w3kkwo7k-0: 06:29:57 CRITICAL unit.test-w3kkwo7k/0.juju-log test mode is enabled
unit-test-w3kkwo7k-0: 06:29:59 CRITICAL unit.test-w3kkwo7k/0.juju-log test mode is enabled
unit-test-w3kkwo7k-0: 06:30:48 CRITICAL unit.test-w3kkwo7k/0.juju-log test mode is enabled
unit-test-w3kkwo7k-0: 06:30:50 CRITICAL unit.test-w3kkwo7k/0.juju-log test mode is enabled
unit-test-w3kkwo7k-0: 06:36:04 ERROR unit.test-w3kkwo7k/0.juju-log Timeout creating openstack server test-w3kkwo7k-0-4c63d98d39af
Traceback (most recent call last):
  File "/var/lib/juju/agents/unit-test-w3kkwo7k-0/charm/venv/github_runner_manager/openstack_cloud/openstack_cloud.py", line 227, in launch_instance
    server = conn.create_server(
  File "/var/lib/juju/agents/unit-test-w3kkwo7k-0/charm/venv/decorator.py", line 232, in fun
    return caller(func, *(extras + args), **kw)
  File "/var/lib/juju/agents/unit-test-w3kkwo7k-0/charm/venv/openstack/cloud/_utils.py", line 224, in func_wrapper
    return func(*args, **kwargs)
  File "/var/lib/juju/agents/unit-test-w3kkwo7k-0/charm/venv/openstack/cloud/_compute.py", line 1021, in create_server
    server = self.wait_for_server(
  File "/var/lib/juju/agents/unit-test-w3kkwo7k-0/charm/venv/openstack/cloud/_compute.py", line 1142, in wait_for_server
    for count in utils.iterate_timeout(
  File "/var/lib/juju/agents/unit-test-w3kkwo7k-0/charm/venv/openstack/utils.py", line 73, in iterate_timeout
    raise exceptions.ResourceTimeout(message)
openstack.exceptions.ResourceTimeout: Timeout waiting for the server to come up.
unit-test-w3kkwo7k-0: 06:36:05 ERROR unit.test-w3kkwo7k/0.juju-log Failed to spawn a runner.
Traceback (most recent call last):
  File "/var/lib/juju/agents/unit-test-w3kkwo7k-0/charm/venv/github_runner_manager/openstack_cloud/openstack_cloud.py", line 227, in launch_instance
    server = conn.create_server(
  File "/var/lib/juju/agents/unit-test-w3kkwo7k-0/charm/venv/decorator.py", line 232, in fun
    return caller(func, *(extras + args), **kw)
  File "/var/lib/juju/agents/unit-test-w3kkwo7k-0/charm/venv/openstack/cloud/_utils.py", line 224, in func_wrapper
    return func(*args, **kwargs)
  File "/var/lib/juju/agents/unit-test-w3kkwo7k-0/charm/venv/openstack/cloud/_compute.py", line 1021, in create_server
    server = self.wait_for_server(
  File "/var/lib/juju/agents/unit-test-w3kkwo7k-0/charm/venv/openstack/cloud/_compute.py", line 1142, in wait_for_server
    for count in utils.iterate_timeout(
  File "/var/lib/juju/agents/unit-test-w3kkwo7k-0/charm/venv/openstack/utils.py", line 73, in iterate_timeout
    raise exceptions.ResourceTimeout(message)
openstack.exceptions.ResourceTimeout: Timeout waiting for the server to come up.

The above exception was the direct cause of the following exception:

Traceback (most recent call last):
  File "/var/lib/juju/agents/unit-test-w3kkwo7k-0/charm/venv/github_runner_manager/openstack_cloud/openstack_runner_manager.py", line 209, in create_runner
    instance = self._openstack_cloud.launch_instance(
  File "/var/lib/juju/agents/unit-test-w3kkwo7k-0/charm/venv/github_runner_manager/openstack_cloud/openstack_cloud.py", line 138, in exception_handling_wrapper
    return func(*args, **kwargs)
  File "/var/lib/juju/agents/unit-test-w3kkwo7k-0/charm/venv/github_runner_manager/openstack_cloud/openstack_cloud.py", line 246, in launch_instance
    raise OpenStackError(f"Timeout creating openstack server {full_name}") from err
github_runner_manager.errors.OpenStackError: Timeout creating openstack server test-w3kkwo7k-0-4c63d98d39af

The above exception was the direct cause of the following exception:

Traceback (most recent call last):
  File "/var/lib/juju/agents/unit-test-w3kkwo7k-0/charm/venv/github_runner_manager/manager/runner_manager.py", line 276, in _spawn_runners
    return (RunnerManager._create_runner(create_runner_args_sequence[0]),)
  File "/var/lib/juju/agents/unit-test-w3kkwo7k-0/charm/venv/github_runner_manager/manager/runner_manager.py", line 404, in _create_runner
    return args.cloud_runner_manager.create_runner(registration_token=args.registration_token)
  File "/var/lib/juju/agents/unit-test-w3kkwo7k-0/charm/venv/github_runner_manager/openstack_cloud/openstack_runner_manager.py", line 217, in create_runner
    raise RunnerCreateError(f"Failed to create {instance_name} openstack runner") from err
github_runner_manager.errors.RunnerCreateError: Failed to create test-w3kkwo7k-0-4c63d98d39af openstack runner
unit-test-w3kkwo7k-0: 06:36:10 CRITICAL unit.test-w3kkwo7k/0.juju-log test mode is enabled
unit-test-w3kkwo7k-0: 06:38:36 CRITICAL unit.test-w3kkwo7k/0.juju-log image:0: test mode is enabled
unit-test-w3kkwo7k-0: 06:38:42 ERROR unit.test-w3kkwo7k/0.juju-log image:0: runner-installed.timestamp not found for runner test-w3kkwo7k-0-4c63d98d39af
Traceback (most recent call last):
  File "/var/lib/juju/agents/unit-test-w3kkwo7k-0/charm/venv/github_runner_manager/metrics/runner.py", line 557, in _extract_file_from_storage
    file_content = metrics_storage.path.joinpath(filename).read_text(encoding="utf-8")
  File "/usr/lib/python3.10/pathlib.py", line 1134, in read_text
    with self.open(mode='r', encoding=encoding, errors=errors) as f:
  File "/usr/lib/python3.10/pathlib.py", line 1119, in open
    return self._accessor.open(self, mode, buffering, encoding, errors,
FileNotFoundError: [Errno 2] No such file or directory: '/home/runner-manager/runner-fs/test-w3kkwo7k-0-4c63d98d39af/runner-installed.timestamp'
unit-test-w3kkwo7k-0: 06:38:42 ERROR unit.test-w3kkwo7k/0.juju-log image:0: installed timestamp not found for runner test-w3kkwo7k-0-4c63d98d39af, will not extract any metrics.
unit-test-w3kkwo7k-0: 06:38:58 ERROR unit.test-w3kkwo7k/0.juju-log image:0: pre-job-metrics.json not found for runner test-w3kkwo7k-0-f858a86ad7bb
Traceback (most recent call last):
  File "/var/lib/juju/agents/unit-test-w3kkwo7k-0/charm/venv/github_runner_manager/metrics/runner.py", line 557, in _extract_file_from_storage
    file_content = metrics_storage.path.joinpath(filename).read_text(encoding="utf-8")
  File "/usr/lib/python3.10/pathlib.py", line 1134, in read_text
    with self.open(mode='r', encoding=encoding, errors=errors) as f:
  File "/usr/lib/python3.10/pathlib.py", line 1119, in open
    return self._accessor.open(self, mode, buffering, encoding, errors,
FileNotFoundError: [Errno 2] No such file or directory: '/home/runner-manager/runner-fs/test-w3kkwo7k-0-f858a86ad7bb/pre-job-metrics.json'
unit-test-w3kkwo7k-0: 06:38:58 ERROR unit.test-w3kkwo7k/0.juju-log image:0: Pre-job metrics for runner test-w3kkwo7k-0-f858a86ad7bb not found, stop extracting post-jobs metrics.
unit-test-w3kkwo7k-0: 06:39:02 ERROR unit.test-w3kkwo7k/0.juju-log image:0: Unable to get SSH connection for instance test-w3kkwo7k-0-f858a86ad7bb, marking as unhealthy.
Traceback (most recent call last):
  File "/var/lib/juju/agents/unit-test-w3kkwo7k-0/charm/venv/github_runner_manager/openstack_cloud/health_checks.py", line 130, in _get_ssh_connection
    ssh_conn = openstack_cloud.get_ssh_connection(instance)
  File "/var/lib/juju/agents/unit-test-w3kkwo7k-0/charm/venv/github_runner_manager/openstack_cloud/openstack_cloud.py", line 138, in exception_handling_wrapper
    return func(*args, **kwargs)
  File "/var/lib/juju/agents/unit-test-w3kkwo7k-0/charm/venv/github_runner_manager/openstack_cloud/openstack_cloud.py", line 324, in get_ssh_connection
    raise KeyfileError(
github_runner_manager.errors.KeyfileError: Missing keyfile for server: test-w3kkwo7k-0-f858a86ad7bb, key path: /home/runner-manager/.ssh/test-w3kkwo7k-0-f858a86ad7bb.key

The above exception was the direct cause of the following exception:

Traceback (most recent call last):
  File "/var/lib/juju/agents/unit-test-w3kkwo7k-0/charm/venv/github_runner_manager/openstack_cloud/health_checks.py", line 49, in check_runner
    ssh_conn = _get_ssh_connection(openstack_cloud=openstack_cloud, instance=instance)
  File "/var/lib/juju/agents/unit-test-w3kkwo7k-0/charm/venv/github_runner_manager/utilities.py", line 77, in fn_with_retry
    return func(*args, **kwargs)
  File "/var/lib/juju/agents/unit-test-w3kkwo7k-0/charm/venv/github_runner_manager/openstack_cloud/health_checks.py", line 133, in _get_ssh_connection
    raise _SSHError(f"Unable to get SSH connection to {instance.server_name}") from exc
github_runner_manager.openstack_cloud.health_checks._SSHError: Unable to get SSH connection to test-w3kkwo7k-0-f858a86ad7bb
unit-test-w3kkwo7k-0: 06:39:02 ERROR unit.test-w3kkwo7k/0.juju-log image:0: Failed to get SSH connection while removing test-w3kkwo7k-0-f858a86ad7bb
Traceback (most recent call last):
  File "/var/lib/juju/agents/unit-test-w3kkwo7k-0/charm/venv/github_runner_manager/openstack_cloud/openstack_runner_manager.py", line 441, in _delete_runner
    ssh_conn = self._openstack_cloud.get_ssh_connection(instance)
  File "/var/lib/juju/agents/unit-test-w3kkwo7k-0/charm/venv/github_runner_manager/openstack_cloud/openstack_cloud.py", line 138, in exception_handling_wrapper
    return func(*args, **kwargs)
  File "/var/lib/juju/agents/unit-test-w3kkwo7k-0/charm/venv/github_runner_manager/openstack_cloud/openstack_cloud.py", line 324, in get_ssh_connection
    raise KeyfileError(
github_runner_manager.errors.KeyfileError: Missing keyfile for server: test-w3kkwo7k-0-f858a86ad7bb, key path: /home/runner-manager/.ssh/test-w3kkwo7k-0-f858a86ad7bb.key
unit-test-w3kkwo7k-0: 06:45:18 CRITICAL unit.test-w3kkwo7k/0.juju-log test mode is enabled

INFO     pytest_operator.plugin:plugin.py:1017 Forgetting model main...