18:48:10 INFO Waiting for model:
  test-oyxlwr2x/0 [idle] active: 
18:48:40 INFO Waiting for model:
  test-oyxlwr2x/0 [idle] active: 
18:48:43 INFO Current reconcile ID: 02afc212-ce57-48c4-98f9-84875383fadd
18:48:43 INFO Waiting for reconcile ID: 02afc212-ce57-48c4-98f9-84875383fadd
18:49:44 INFO Current reconcile ID: 02afc212-ce57-48c4-98f9-84875383fadd
18:49:44 INFO Current reconcile ID: 02afc212-ce57-48c4-98f9-84875383fadd, expected reconcile ID: 02afc212-ce57-48c4-98f9-84875383fadd
18:49:44 INFO Waiting for reconcile ID: 02afc212-ce57-48c4-98f9-84875383fadd
18:50:45 INFO Current reconcile ID: a6e1f674-88e4-4d9d-b843-29a714724ccc
18:50:45 INFO Current reconcile ID: a6e1f674-88e4-4d9d-b843-29a714724ccc, expected reconcile ID: 02afc212-ce57-48c4-98f9-84875383fadd
18:50:49 INFO [TEST SETUP] Exposing port 8080 on test-oyxlwr2x-0-n-6d83a9464be8
18:50:49 WARNING dict_values([[{'version': 4, 'addr': '10.151.122.15', 'OS-EXT-IPS:type': 'fixed', 'OS-EXT-IPS-MAC:mac_addr': 'fa:16:3e:33:85:1a'}]])
18:50:50 INFO ssh tunnel command ssh -fNT -R 8080:localhost:8080 -i /home/runner-manager/.ssh/test-oyxlwr2x-0-n-6d83a9464be8.key -o "StrictHostKeyChecking no" -o "ControlPersist yes" ubuntu@10.151.122.15 &
18:50:51 INFO ssh tunnel result 0 None Warning: Permanently added '10.151.122.15' (ED25519) to the list of known hosts.

18:50:52 INFO [TEST SETUP] Run command nc -z localhost 8080 on test-oyxlwr2x-0-n-6d83a9464be8
18:50:52 WARNING dict_values([[{'version': 4, 'addr': '10.151.122.15', 'OS-EXT-IPS:type': 'fixed', 'OS-EXT-IPS-MAC:mac_addr': 'fa:16:3e:33:85:1a'}]])
18:50:53 WARNING ssh_cmd: su - ubuntu -c 'ssh -i /home/runner-manager/.ssh/test-oyxlwr2x-0-n-6d83a9464be8.key -o "StrictHostKeyChecking no" ubuntu@10.151.122.15 nc -z localhost 8080'
18:50:54 INFO Run command 'nc -z localhost 8080' in runner with result 0: 'None' 'Connection to localhost (127.0.0.1) 8080 port [tcp/http-alt] succeeded!
'
18:50:55 INFO [TEST SETUP] Run command curl http://localhost:8080 on test-oyxlwr2x-0-n-6d83a9464be8
18:50:55 WARNING dict_values([[{'version': 4, 'addr': '10.151.122.15', 'OS-EXT-IPS:type': 'fixed', 'OS-EXT-IPS-MAC:mac_addr': 'fa:16:3e:33:85:1a'}]])
18:50:56 WARNING ssh_cmd: su - ubuntu -c 'ssh -i /home/runner-manager/.ssh/test-oyxlwr2x-0-n-6d83a9464be8.key -o "StrictHostKeyChecking no" ubuntu@10.151.122.15 curl http://localhost:8080'
18:50:57 INFO Run command 'curl http://localhost:8080' in runner with result 0: '<!doctype html>
<html lang=en>
<title>404 Not Found</title>
<h1>Not Found</h1>
<p>The requested URL was not found on the server. If you entered the URL manually please check your spelling and try again.</p>
' '  % Total    % Received % Xferd  Average Speed   Time    Time     Time  Current
                                 Dload  Upload   Total   Spent    Left  Speed
  0     0    0     0    0     0      0      0 --:--:-- --:--:-- --:--:--     0100   207  100   207    0     0  88650      0 --:--:-- --:--:-- --:--:--  101k
'
18:50:58 INFO Wait for condition not met, sleeping 10
18:51:09 INFO Waiting for model:
  test-oyxlwr2x/0 [idle] active: 
18:51:39 INFO Waiting for model:
  test-oyxlwr2x/0 [idle] active: 
18:51:42 INFO Current reconcile ID: 80f50014-64c0-412f-8d23-5a5b879ae414
18:51:42 INFO Waiting for reconcile ID: 80f50014-64c0-412f-8d23-5a5b879ae414
18:52:43 INFO Current reconcile ID: 80f50014-64c0-412f-8d23-5a5b879ae414
18:52:43 INFO Current reconcile ID: 80f50014-64c0-412f-8d23-5a5b879ae414, expected reconcile ID: 80f50014-64c0-412f-8d23-5a5b879ae414
18:52:43 INFO Waiting for reconcile ID: 80f50014-64c0-412f-8d23-5a5b879ae414
18:53:44 INFO Current reconcile ID: 07bc4ed3-b885-47f0-959e-57f845943d00
18:53:44 INFO Current reconcile ID: 07bc4ed3-b885-47f0-959e-57f845943d00, expected reconcile ID: 80f50014-64c0-412f-8d23-5a5b879ae414
18:53:44 INFO Model status:

Model                   Controller           Cloud/Region         Version  SLA          Timestamp
test-charm-runner-3x5i  github-pr-244c9-lxd  localhost/localhost  3.6.12   unsupported  18:53:44Z

App                                   Version  Status  Scale  Charm          Channel      Rev  Exposed  Message
github-runner-image-builder-oyxlwr2x           active      1  any-charm      latest/beta  124  no       
test-oyxlwr2x                                  active      1  github-runner                 0  yes      

Unit                                     Workload  Agent  Machine  Public address  Ports     Message
github-runner-image-builder-oyxlwr2x/0*  active    idle   0        10.173.130.75             
test-oyxlwr2x/0*                         active    idle   1        10.173.130.12   8080/tcp  

Machine  State    Address        Inst id        Base          AZ             Message
0        started  10.173.130.75  juju-20322c-0  ubuntu@24.04  github-runner  Running
1        started  10.173.130.12  juju-20322c-1  ubuntu@22.04  github-runner  Running

18:53:45 INFO Juju error logs:

machine-0: 18:25:13 ERROR juju.worker.dependency "kvm-container-provisioner" manifold worker returned unexpected error: container types not yet available
machine-0: 18:25:13 ERROR juju.worker.dependency "lxd-container-provisioner" manifold worker returned unexpected error: container types not yet available
machine-1: 18:25:59 ERROR juju.worker.dependency "kvm-container-provisioner" manifold worker returned unexpected error: container types not yet available
machine-1: 18:25:59 ERROR juju.worker.dependency "lxd-container-provisioner" manifold worker returned unexpected error: container types not yet available
unit-test-oyxlwr2x-0: 18:27:09 ERROR unit.test-oyxlwr2x/0.juju-log Missing image integration.
Traceback (most recent call last):
  File "/var/lib/juju/agents/unit-test-oyxlwr2x-0/charm/./src/charm.py", line 118, in func_with_catch_errors
    func(self, event)
  File "/var/lib/juju/agents/unit-test-oyxlwr2x-0/charm/./src/charm.py", line 342, in _on_config_changed
    self._check_image_ready()
  File "/var/lib/juju/agents/unit-test-oyxlwr2x-0/charm/./src/charm.py", line 512, in _check_image_ready
    raise ImageIntegrationMissingError("No image integration found")
errors.ImageIntegrationMissingError: No image integration found
unit-test-oyxlwr2x-0: 18:27:11 ERROR unit.test-oyxlwr2x/0.juju-log Missing image integration.
Traceback (most recent call last):
  File "/var/lib/juju/agents/unit-test-oyxlwr2x-0/charm/./src/charm.py", line 118, in func_with_catch_errors
    func(self, event)
  File "/var/lib/juju/agents/unit-test-oyxlwr2x-0/charm/./src/charm.py", line 313, in _on_start
    self._check_image_ready()
  File "/var/lib/juju/agents/unit-test-oyxlwr2x-0/charm/./src/charm.py", line 512, in _check_image_ready
    raise ImageIntegrationMissingError("No image integration found")
errors.ImageIntegrationMissingError: No image integration found

18:53:45 INFO Forgetting model main...