02:31:44 WARNING unexpected facade SSHServer received from the controller
02:31:44 INFO Adding model github-pr-0df78-lxd:test-charm-upgrade-k1yl on cloud localhost
02:31:44 WARNING unexpected facade SSHServer received from the controller
02:31:44 WARNING unexpected facade SSHSession received from the controller
02:31:44 WARNING unexpected facade SSHTunneler received from the controller
02:31:44 INFO Deploying fake image builder via any-charm for image ID a03a9239-9e72-4b54-ad7d-f85dec8c01d2
02:31:46 INFO Deploying ch:amd64/noble/any-charm-124
02:32:05 INFO Deploying local:jammy/github-runner-0
02:32:05 INFO Waiting for model:
  test-cerm2u4v/0 [allocating] waiting: waiting for machine
  github-runner-image-builder-cerm2u4v/0 [allocating] waiting: waiting for machine
02:32:35 INFO Waiting for model:
  test-cerm2u4v/0 [allocating] waiting: waiting for machine
  github-runner-image-builder-cerm2u4v/0 [idle] active: 
02:33:05 INFO Waiting for model:
  test-cerm2u4v/0 [allocating] waiting: waiting for machine
02:33:35 INFO Waiting for model:
  test-cerm2u4v/0 [allocating] waiting: waiting for machine
02:34:05 INFO Waiting for model:
  test-cerm2u4v/0 [executing] maintenance: installing charm software
02:34:35 INFO Waiting for model:
  test-cerm2u4v/0 [executing] maintenance: installing charm software
02:35:05 INFO Waiting for model:
  test-cerm2u4v/0 [executing] maintenance: Update image for runners
02:35:35 INFO Waiting for model:
  test-cerm2u4v/0 [idle] active: 
02:37:34 INFO Waiting for model:
  test-cerm2u4v/0 [idle] active:
02:38:04 INFO Model status:

Model                    Controller           Cloud/Region         Version  SLA          Timestamp
test-charm-upgrade-k1yl  github-pr-0df78-lxd  localhost/localhost  3.6.12   unsupported  02:38:04Z

App                                   Version  Status  Scale  Charm          Channel      Rev  Exposed  Message
github-runner-image-builder-cerm2u4v           active      1  any-charm      latest/beta  124  no       
test-cerm2u4v                                  active      1  github-runner                 1  no       

Unit                                     Workload  Agent  Machine  Public address  Ports  Message
github-runner-image-builder-cerm2u4v/0*  active    idle   0        10.177.138.218         
test-cerm2u4v/0*                         active    idle   1        10.177.138.133         

Machine  State    Address         Inst id        Base          AZ             Message
0        started  10.177.138.218  juju-094758-0  ubuntu@24.04  github-runner  Running
1        started  10.177.138.133  juju-094758-1  ubuntu@22.04  github-runner  Running

02:38:04 INFO Juju error logs:

machine-0: 02:32:12 ERROR juju.worker.dependency "lxd-container-provisioner" manifold worker returned unexpected error: container types not yet available
machine-0: 02:32:12 ERROR juju.worker.dependency "kvm-container-provisioner" manifold worker returned unexpected error: container types not yet available
machine-1: 02:33:38 ERROR juju.worker.dependency "kvm-container-provisioner" manifold worker returned unexpected error: container types not yet available
machine-1: 02:33:38 ERROR juju.worker.dependency "lxd-container-provisioner" manifold worker returned unexpected error: container types not yet available
unit-test-cerm2u4v-0: 02:34:48 ERROR unit.test-cerm2u4v/0.juju-log Missing image integration.
Traceback (most recent call last):
  File "/var/lib/juju/agents/unit-test-cerm2u4v-0/charm/./src/charm.py", line 119, in func_with_catch_errors
    func(self, event)
  File "/var/lib/juju/agents/unit-test-cerm2u4v-0/charm/./src/charm.py", line 354, in _on_config_changed
    self._check_image_ready()
  File "/var/lib/juju/agents/unit-test-cerm2u4v-0/charm/./src/charm.py", line 524, in _check_image_ready
    raise ImageIntegrationMissingError("No image integration found")
errors.ImageIntegrationMissingError: No image integration found
unit-test-cerm2u4v-0: 02:34:49 ERROR unit.test-cerm2u4v/0.juju-log Missing image integration.
Traceback (most recent call last):
  File "/var/lib/juju/agents/unit-test-cerm2u4v-0/charm/./src/charm.py", line 119, in func_with_catch_errors
    func(self, event)
  File "/var/lib/juju/agents/unit-test-cerm2u4v-0/charm/./src/charm.py", line 317, in _on_start
    self._check_image_ready()
  File "/var/lib/juju/agents/unit-test-cerm2u4v-0/charm/./src/charm.py", line 524, in _check_image_ready
    raise ImageIntegrationMissingError("No image integration found")
errors.ImageIntegrationMissingError: No image integration found

02:38:04 INFO Forgetting model main...