02:49:25 INFO Application log: 
2025-12-16 02:34:52,032 - INFO - root - Starting GitHub runner manager service version: 0.8.1
2025-12-16 02:34:52,037 - INFO - github_runner_manager.http_server - Starting the server...
 * Serving Flask app 'github_runner_manager.http_server'
 * Debug mode: off
2025-12-16 02:34:52,038 - INFO - werkzeug - [31m[1mWARNING: This is a development server. Do not use it in a production deployment. Use a production WSGI server instead.[0m
 * Running on http://127.0.0.1:55555
2025-12-16 02:34:52,038 - INFO - werkzeug - [33mPress CTRL+C to quit[0m
2025-12-16 02:34:52,038 - INFO - github_runner_manager.reconcile_service - Starting the reconcile service...
2025-12-16 02:34:52,038 - INFO - github_runner_manager.reconcile_service - Start reconciliation
2025-12-16 02:34:52,038 - INFO - github_runner_manager.reconcile_service - Reconcile ID: def5e179-bff9-4f25-9a05-f01909c7629e
2025-12-16 02:34:52,057 - INFO - github_runner_manager.manager.runner_scaler - Start reconcile. base_quantity 0. max_quantity: 0.
2025-12-16 02:34:52,057 - INFO - github_runner_manager.manager.runner_manager - runner_manager::cleanup
2025-12-16 02:34:52,057 - INFO - github_runner_manager.openstack_cloud.openstack_cloud - Getting all openstack servers managed by the charm
2025-12-16 02:34:52,387 - WARNING - github_runner_manager.openstack_cloud.openstack_cloud - The maximum compute API version 2.96 is greater than the supported version 2.91. Using the maximum supported version.
2025-12-16 02:34:54,102 - INFO - github_runner_manager.manager.runner_manager - VMs: []
2025-12-16 02:34:54,794 - INFO - github_runner_manager.manager.runner_manager - Runner health: RunnersHealthResponse(requested_runners=[], failed_requested_runners=[], non_requested_runners=[])
2025-12-16 02:34:55,786 - INFO - github_runner_manager.openstack_cloud.openstack_cloud - Cleaning up SSH key files
2025-12-16 02:34:55,786 - INFO - github_runner_manager.openstack_cloud.openstack_cloud - Found 0 key files, clean up 0 key files
2025-12-16 02:34:55,786 - INFO - github_runner_manager.openstack_cloud.openstack_cloud - Cleaning up openstack keypairs
2025-12-16 02:34:55,811 - INFO - github_runner_manager.manager.runner_manager - Cleaning up platform runners: []
2025-12-16 02:34:55,811 - INFO - github_runner_manager.platform.github_provider - Delete runners from GitHub provider: []
2025-12-16 02:34:55,811 - INFO - github_runner_manager.manager.runner_manager - Cleaned up platform runners: []
2025-12-16 02:34:55,811 - INFO - github_runner_manager.manager.runner_manager - Extracting metrics from VMs: []
2025-12-16 02:34:55,811 - INFO - github_runner_manager.manager.runner_manager - Cleaning up VMs: []
2025-12-16 02:34:55,811 - INFO - github_runner_manager.manager.runner_manager - Cleaned up VMs: []
2025-12-16 02:34:55,811 - INFO - github_runner_manager.openstack_cloud.openstack_cloud - Getting all openstack servers managed by the charm
2025-12-16 02:34:56,880 - INFO - github_runner_manager.manager.runner_manager - list vms response: []
2025-12-16 02:34:57,557 - INFO - github_runner_manager.manager.runner_manager - runner health response RunnersHealthResponse(requested_runners=[], failed_requested_runners=[], non_requested_runners=[])
2025-12-16 02:34:57,557 - INFO - github_runner_manager.manager.runner_scaler - Reconcile runners from 0 to 0
2025-12-16 02:34:57,557 - INFO - github_runner_manager.manager.runner_scaler - No changes to the number of runners.
2025-12-16 02:34:57,558 - INFO - github_runner_manager.openstack_cloud.openstack_cloud - Getting all openstack servers managed by the charm
2025-12-16 02:34:58,550 - INFO - github_runner_manager.manager.runner_manager - list vms response: []
2025-12-16 02:34:59,236 - INFO - github_runner_manager.manager.runner_manager - runner health response RunnersHealthResponse(requested_runners=[], failed_requested_runners=[], non_requested_runners=[])
2025-12-16 02:34:59,236 - INFO - github_runner_manager.manager.runner_scaler - Found 0 busy runners: []
2025-12-16 02:34:59,236 - INFO - github_runner_manager.manager.runner_scaler - Found 0 idle runners: []
2025-12-16 02:34:59,236 - INFO - github_runner_manager.manager.runner_scaler - Found 0 offline runners that are healthy: []
2025-12-16 02:34:59,236 - INFO - github_runner_manager.manager.runner_scaler - Found 0 unhealthy runners: []
2025-12-16 02:34:59,236 - INFO - github_runner_manager.manager.runner_scaler - Current available runners (idle + healthy offline): set()
2025-12-16 02:34:59,236 - INFO - github_runner_manager.manager.runner_scaler - Current active runners: set()
2025-12-16 02:34:59,237 - INFO - github_runner_manager.manager.runner_scaler - Finished reconciliation.
2025-12-16 02:34:59,237 - INFO - github_runner_manager.reconcile_service - Change in number of runner after reconcile: 0
2025-12-16 02:34:59,237 - INFO - github_runner_manager.reconcile_service - End reconciliation
2025-12-16 02:35:06,699 - INFO - werkzeug - 127.0.0.1 - - [16/Dec/2025 02:35:06] "[35m[1mGET /health HTTP/1.1[0m" 204 -
2025-12-16 02:35:06,707 - INFO - werkzeug - 127.0.0.1 - - [16/Dec/2025 02:35:06] "[35m[1mGET /health HTTP/1.1[0m" 204 -
2025-12-16 02:35:06,714 - INFO - github_runner_manager.http_server - Attempting to acquire the lock: unlocked
2025-12-16 02:35:06,714 - INFO - github_runner_manager.http_server - Flushing runners...
2025-12-16 02:35:06,732 - INFO - github_runner_manager.http_server - Flushing busy: False
2025-12-16 02:35:06,733 - INFO - github_runner_manager.manager.runner_manager - runner_manager::cleanup
2025-12-16 02:35:06,733 - INFO - github_runner_manager.openstack_cloud.openstack_cloud - Getting all openstack servers managed by the charm
2025-12-16 02:35:07,074 - WARNING - github_runner_manager.openstack_cloud.openstack_cloud - The maximum compute API version 2.96 is greater than the supported version 2.91. Using the maximum supported version.
2025-12-16 02:35:08,126 - INFO - github_runner_manager.manager.runner_manager - VMs: []
2025-12-16 02:35:08,811 - INFO - github_runner_manager.manager.runner_manager - Runner health: RunnersHealthResponse(requested_runners=[], failed_requested_runners=[], non_requested_runners=[])
2025-12-16 02:35:09,788 - INFO - github_runner_manager.openstack_cloud.openstack_cloud - Cleaning up SSH key files
2025-12-16 02:35:09,788 - INFO - github_runner_manager.openstack_cloud.openstack_cloud - Found 0 key files, clean up 0 key files
2025-12-16 02:35:09,788 - INFO - github_runner_manager.openstack_cloud.openstack_cloud - Cleaning up openstack keypairs
2025-12-16 02:35:09,813 - INFO - github_runner_manager.manager.runner_manager - Cleaning up platform runners: []
2025-12-16 02:35:09,813 - INFO - github_runner_manager.platform.github_provider - Delete runners from GitHub provider: []
2025-12-16 02:35:09,813 - INFO - github_runner_manager.manager.runner_manager - Cleaned up platform runners: []
2025-12-16 02:35:09,814 - INFO - github_runner_manager.manager.runner_manager - Extracting metrics from VMs: []
2025-12-16 02:35:09,814 - INFO - github_runner_manager.manager.runner_manager - Cleaning up VMs: []
2025-12-16 02:35:09,814 - INFO - github_runner_manager.manager.runner_manager - Cleaned up VMs: []
2025-12-16 02:35:09,814 - INFO - github_runner_manager.manager.runner_manager - runner_manager::flush_runners. mode FlushMode.FLUSH_IDLE
2025-12-16 02:35:09,814 - INFO - github_runner_manager.openstack_cloud.openstack_cloud - Getting all openstack servers managed by the charm
2025-12-16 02:35:10,892 - INFO - github_runner_manager.manager.runner_manager - VMs: []
2025-12-16 02:35:11,588 - INFO - github_runner_manager.manager.runner_manager - Runner health: RunnersHealthResponse(requested_runners=[], failed_requested_runners=[], non_requested_runners=[])
2025-12-16 02:35:11,588 - INFO - github_runner_manager.manager.runner_manager - Runners to clean up: set()
2025-12-16 02:35:11,588 - INFO - github_runner_manager.manager.runner_manager - Runners to flush: set()
2025-12-16 02:35:11,588 - INFO - github_runner_manager.manager.runner_manager - Deleting platform runners: []
2025-12-16 02:35:11,588 - INFO - github_runner_manager.platform.github_provider - Delete runners from GitHub provider: []
2025-12-16 02:35:11,588 - INFO - github_runner_manager.manager.runner_manager - Deleted runners: []
2025-12-16 02:35:11,588 - INFO - github_runner_manager.manager.runner_manager - Extracting metrics from VMs: []
2025-12-16 02:35:11,588 - INFO - github_runner_manager.manager.runner_manager - Deleting VMs: []
2025-12-16 02:35:11,588 - INFO - github_runner_manager.manager.runner_manager - Deleted VMs: []
2025-12-16 02:35:11,589 - INFO - github_runner_manager.http_server - Flushed 0 runners
2025-12-16 02:35:11,589 - INFO - werkzeug - 127.0.0.1 - - [16/Dec/2025 02:35:11] "[35m[1mPOST /runner/flush?flush-busy=False HTTP/1.1[0m" 204 -
2025-12-16 02:35:43,589 - INFO - werkzeug - 127.0.0.1 - - [16/Dec/2025 02:35:43] "[35m[1mGET /health HTTP/1.1[0m" 204 -
2025-12-16 02:35:43,594 - INFO - github_runner_manager.http_server - Checking runners...
2025-12-16 02:35:43,613 - INFO - github_runner_manager.openstack_cloud.openstack_cloud - Getting all openstack servers managed by the charm
2025-12-16 02:35:43,972 - WARNING - github_runner_manager.openstack_cloud.openstack_cloud - The maximum compute API version 2.96 is greater than the supported version 2.91. Using the maximum supported version.
2025-12-16 02:35:45,113 - INFO - github_runner_manager.manager.runner_manager - list vms response: []
2025-12-16 02:35:45,783 - INFO - github_runner_manager.manager.runner_manager - runner health response RunnersHealthResponse(requested_runners=[], failed_requested_runners=[], non_requested_runners=[])
2025-12-16 02:35:45,784 - INFO - werkzeug - 127.0.0.1 - - [16/Dec/2025 02:35:45] "GET /runner/check HTTP/1.1" 200 -
2025-12-16 02:35:47,525 - INFO - root - Starting GitHub runner manager service version: 0.8.1
2025-12-16 02:35:47,530 - INFO - github_runner_manager.http_server - Starting the server...
 * Serving Flask app 'github_runner_manager.http_server'
 * Debug mode: off
2025-12-16 02:35:47,531 - INFO - werkzeug - [31m[1mWARNING: This is a development server. Do not use it in a production deployment. Use a production WSGI server instead.[0m
 * Running on http://127.0.0.1:55555
2025-12-16 02:35:47,531 - INFO - werkzeug - [33mPress CTRL+C to quit[0m
2025-12-16 02:35:47,531 - INFO - github_runner_manager.reconcile_service - Starting the reconcile service...
2025-12-16 02:35:47,532 - INFO - github_runner_manager.reconcile_service - Start reconciliation
2025-12-16 02:35:47,532 - INFO - github_runner_manager.reconcile_service - Reconcile ID: 604e259b-b4e2-4611-8ef8-a1ec4ee11ede
2025-12-16 02:35:47,550 - INFO - github_runner_manager.manager.runner_scaler - Start reconcile. base_quantity 1. max_quantity: 0.
2025-12-16 02:35:47,550 - INFO - github_runner_manager.manager.runner_manager - runner_manager::cleanup
2025-12-16 02:35:47,550 - INFO - github_runner_manager.openstack_cloud.openstack_cloud - Getting all openstack servers managed by the charm
2025-12-16 02:35:47,916 - WARNING - github_runner_manager.openstack_cloud.openstack_cloud - The maximum compute API version 2.96 is greater than the supported version 2.91. Using the maximum supported version.
2025-12-16 02:35:48,900 - INFO - github_runner_manager.manager.runner_manager - VMs: []
2025-12-16 02:35:49,685 - INFO - github_runner_manager.manager.runner_manager - Runner health: RunnersHealthResponse(requested_runners=[], failed_requested_runners=[], non_requested_runners=[])
2025-12-16 02:35:50,816 - INFO - github_runner_manager.openstack_cloud.openstack_cloud - Cleaning up SSH key files
2025-12-16 02:35:50,817 - INFO - github_runner_manager.openstack_cloud.openstack_cloud - Found 0 key files, clean up 0 key files
2025-12-16 02:35:50,817 - INFO - github_runner_manager.openstack_cloud.openstack_cloud - Cleaning up openstack keypairs
2025-12-16 02:35:50,845 - INFO - github_runner_manager.manager.runner_manager - Cleaning up platform runners: []
2025-12-16 02:35:50,845 - INFO - github_runner_manager.platform.github_provider - Delete runners from GitHub provider: []
2025-12-16 02:35:50,845 - INFO - github_runner_manager.manager.runner_manager - Cleaned up platform runners: []
2025-12-16 02:35:50,845 - INFO - github_runner_manager.manager.runner_manager - Extracting metrics from VMs: []
2025-12-16 02:35:50,845 - INFO - github_runner_manager.manager.runner_manager - Cleaning up VMs: []
2025-12-16 02:35:50,845 - INFO - github_runner_manager.manager.runner_manager - Cleaned up VMs: []
2025-12-16 02:35:50,845 - INFO - github_runner_manager.openstack_cloud.openstack_cloud - Getting all openstack servers managed by the charm
2025-12-16 02:35:51,976 - INFO - github_runner_manager.manager.runner_manager - list vms response: []
2025-12-16 02:35:52,662 - INFO - github_runner_manager.manager.runner_manager - runner health response RunnersHealthResponse(requested_runners=[], failed_requested_runners=[], non_requested_runners=[])
2025-12-16 02:35:52,662 - INFO - github_runner_manager.manager.runner_scaler - Reconcile runners from 0 to 1
2025-12-16 02:35:52,662 - INFO - github_runner_manager.manager.runner_manager - Creating 1 runners
2025-12-16 02:35:53,128 - INFO - github_runner_manager.openstack_cloud.openstack_cloud - Creating openstack server with RunnerIdentity(instance_id=InstanceID('test-e7k81smk-0-n-109888c77c4e'), metadata=RunnerMetadata(platform_name=<Platform.GITHUB: 'github'>, runner_id='269050', url=None))
2025-12-16 02:35:54,201 - ERROR - github_runner_manager.openstack_cloud.openstack_cloud - Failed to create openstack server test-e7k81smk-0-n-109888c77c4e
Traceback (most recent call last):
  File "/opt/pipx/venvs/github-runner-manager/lib/python3.10/site-packages/github_runner_manager/openstack_cloud/openstack_cloud.py", line 293, in launch_instance
    server = conn.create_server(
  File "/opt/pipx/venvs/github-runner-manager/lib/python3.10/site-packages/decorator.py", line 235, in fun
    return caller(func, *(extras + args), **kw)
  File "/opt/pipx/venvs/github-runner-manager/lib/python3.10/site-packages/openstack/cloud/_utils.py", line 233, in func_wrapper
    return func(*args, **kwargs)
  File "/opt/pipx/venvs/github-runner-manager/lib/python3.10/site-packages/openstack/cloud/_compute.py", line 1041, in create_server
    image_obj = self.image.find_image(image, ignore_missing=False)
  File "/opt/pipx/venvs/github-runner-manager/lib/python3.10/site-packages/openstack/image/v2/_proxy.py", line 922, in find_image
    return self._find(
  File "/opt/pipx/venvs/github-runner-manager/lib/python3.10/site-packages/openstack/proxy.py", line 661, in _find
    return resource_type.find(
  File "/opt/pipx/venvs/github-runner-manager/lib/python3.10/site-packages/openstack/image/v2/image.py", line 489, in find
    raise exceptions.NotFoundException(
openstack.exceptions.NotFoundException: No Image found for a03a9239-9e72-4b54-ad7d-f85dec8c01d2
2025-12-16 02:35:54,202 - INFO - github_runner_manager.openstack_cloud.openstack_cloud - Deleting key: test-e7k81smk-0-n-109888c77c4e
2025-12-16 02:35:54,229 - INFO - github_runner_manager.openstack_cloud.openstack_cloud - Deleted key: test-e7k81smk-0-n-109888c77c4e
2025-12-16 02:35:54,229 - WARNING - github_runner_manager.manager.runner_manager - Deleting runner test-e7k81smk-0-n-109888c77c4e from platform after creation failed
2025-12-16 02:35:54,229 - INFO - github_runner_manager.platform.github_provider - Delete runners from GitHub provider: ['269050']
2025-12-16 02:35:54,835 - ERROR - github_runner_manager.manager.runner_manager - Failed to spawn a runner.
Traceback (most recent call last):
  File "/opt/pipx/venvs/github-runner-manager/lib/python3.10/site-packages/github_runner_manager/openstack_cloud/openstack_cloud.py", line 293, in launch_instance
    server = conn.create_server(
  File "/opt/pipx/venvs/github-runner-manager/lib/python3.10/site-packages/decorator.py", line 235, in fun
    return caller(func, *(extras + args), **kw)
  File "/opt/pipx/venvs/github-runner-manager/lib/python3.10/site-packages/openstack/cloud/_utils.py", line 233, in func_wrapper
    return func(*args, **kwargs)
  File "/opt/pipx/venvs/github-runner-manager/lib/python3.10/site-packages/openstack/cloud/_compute.py", line 1041, in create_server
    image_obj = self.image.find_image(image, ignore_missing=False)
  File "/opt/pipx/venvs/github-runner-manager/lib/python3.10/site-packages/openstack/image/v2/_proxy.py", line 922, in find_image
    return self._find(
  File "/opt/pipx/venvs/github-runner-manager/lib/python3.10/site-packages/openstack/proxy.py", line 661, in _find
    return resource_type.find(
  File "/opt/pipx/venvs/github-runner-manager/lib/python3.10/site-packages/openstack/image/v2/image.py", line 489, in find
    raise exceptions.NotFoundException(
openstack.exceptions.NotFoundException: No Image found for a03a9239-9e72-4b54-ad7d-f85dec8c01d2

The above exception was the direct cause of the following exception:

Traceback (most recent call last):
  File "/opt/pipx/venvs/github-runner-manager/lib/python3.10/site-packages/github_runner_manager/openstack_cloud/openstack_runner_manager.py", line 110, in create_runner
    instance = self._openstack_cloud.launch_instance(
  File "/opt/pipx/venvs/github-runner-manager/lib/python3.10/site-packages/github_runner_manager/openstack_cloud/openstack_cloud.py", line 183, in exception_handling_wrapper
    return func(*args, **kwargs)
  File "/opt/pipx/venvs/github-runner-manager/lib/python3.10/site-packages/github_runner_manager/openstack_cloud/openstack_cloud.py", line 330, in launch_instance
    raise OpenStackError(f"Failed to create openstack server {instance_id}") from err
github_runner_manager.errors.OpenStackError: Failed to create openstack server test-e7k81smk-0-n-109888c77c4e

The above exception was the direct cause of the following exception:

Traceback (most recent call last):
  File "/opt/pipx/venvs/github-runner-manager/lib/python3.10/site-packages/github_runner_manager/manager/runner_manager.py", line 206, in _spawn_runners
    return (RunnerManager._create_runner(create_runner_args_sequence[0]),)
  File "/opt/pipx/venvs/github-runner-manager/lib/python3.10/site-packages/github_runner_manager/manager/runner_manager.py", line 539, in _create_runner
    args.cloud_runner_manager.create_runner(
  File "/opt/pipx/venvs/github-runner-manager/lib/python3.10/site-packages/github_runner_manager/openstack_cloud/openstack_runner_manager.py", line 117, in create_runner
    raise RunnerCreateError(
github_runner_manager.errors.RunnerCreateError: Failed to create RunnerIdentity(instance_id=InstanceID('test-e7k81smk-0-n-109888c77c4e'), metadata=RunnerMetadata(platform_name=<Platform.GITHUB: 'github'>, runner_id='269050', url=None)) openstack runner
2025-12-16 02:35:54,836 - INFO - github_runner_manager.openstack_cloud.openstack_cloud - Getting all openstack servers managed by the charm
2025-12-16 02:35:55,825 - INFO - github_runner_manager.manager.runner_manager - list vms response: []
2025-12-16 02:35:56,505 - INFO - github_runner_manager.manager.runner_manager - runner health response RunnersHealthResponse(requested_runners=[], failed_requested_runners=[], non_requested_runners=[])
2025-12-16 02:35:56,505 - INFO - github_runner_manager.manager.runner_scaler - Found 0 busy runners: []
2025-12-16 02:35:56,505 - INFO - github_runner_manager.manager.runner_scaler - Found 0 idle runners: []
2025-12-16 02:35:56,505 - INFO - github_runner_manager.manager.runner_scaler - Found 0 offline runners that are healthy: []
2025-12-16 02:35:56,505 - INFO - github_runner_manager.manager.runner_scaler - Found 0 unhealthy runners: []
2025-12-16 02:35:56,505 - INFO - github_runner_manager.manager.runner_scaler - Current available runners (idle + healthy offline): set()
2025-12-16 02:35:56,505 - INFO - github_runner_manager.manager.runner_scaler - Current active runners: set()
2025-12-16 02:35:56,506 - INFO - github_runner_manager.manager.runner_scaler - Finished reconciliation.
2025-12-16 02:35:56,506 - INFO - github_runner_manager.reconcile_service - Change in number of runner after reconcile: 1
2025-12-16 02:35:56,507 - INFO - github_runner_manager.reconcile_service - End reconciliation
2025-12-16 02:36:02,193 - INFO - werkzeug - 127.0.0.1 - - [16/Dec/2025 02:36:02] "[35m[1mGET /health HTTP/1.1[0m" 204 -
2025-12-16 02:37:56,607 - INFO - github_runner_manager.reconcile_service - Start reconciliation
2025-12-16 02:37:56,607 - INFO - github_runner_manager.reconcile_service - Reconcile ID: 3d6df7fa-dac1-4b52-8604-6c1d09a6c65c
2025-12-16 02:37:56,652 - INFO - github_runner_manager.manager.runner_scaler - Start reconcile. base_quantity 1. max_quantity: 0.
2025-12-16 02:37:56,652 - INFO - github_runner_manager.manager.runner_manager - runner_manager::cleanup
2025-12-16 02:37:56,652 - INFO - github_runner_manager.openstack_cloud.openstack_cloud - Getting all openstack servers managed by the charm
2025-12-16 02:37:57,007 - WARNING - github_runner_manager.openstack_cloud.openstack_cloud - The maximum compute API version 2.96 is greater than the supported version 2.91. Using the maximum supported version.
2025-12-16 02:37:57,963 - INFO - github_runner_manager.manager.runner_manager - VMs: []
2025-12-16 02:37:58,684 - INFO - github_runner_manager.manager.runner_manager - Runner health: RunnersHealthResponse(requested_runners=[], failed_requested_runners=[], non_requested_runners=[])
2025-12-16 02:37:59,604 - INFO - github_runner_manager.openstack_cloud.openstack_cloud - Cleaning up SSH key files
2025-12-16 02:37:59,604 - INFO - github_runner_manager.openstack_cloud.openstack_cloud - Found 0 key files, clean up 0 key files
2025-12-16 02:37:59,604 - INFO - github_runner_manager.openstack_cloud.openstack_cloud - Cleaning up openstack keypairs
2025-12-16 02:37:59,634 - INFO - github_runner_manager.manager.runner_manager - Cleaning up platform runners: []
2025-12-16 02:37:59,634 - INFO - github_runner_manager.platform.github_provider - Delete runners from GitHub provider: []
2025-12-16 02:37:59,634 - INFO - github_runner_manager.manager.runner_manager - Cleaned up platform runners: []
2025-12-16 02:37:59,634 - INFO - github_runner_manager.manager.runner_manager - Extracting metrics from VMs: []
2025-12-16 02:37:59,635 - INFO - github_runner_manager.manager.runner_manager - Cleaning up VMs: []
2025-12-16 02:37:59,635 - INFO - github_runner_manager.manager.runner_manager - Cleaned up VMs: []
2025-12-16 02:37:59,635 - INFO - github_runner_manager.openstack_cloud.openstack_cloud - Getting all openstack servers managed by the charm
2025-12-16 02:38:00,459 - INFO - github_runner_manager.manager.runner_manager - list vms response: []
2025-12-16 02:38:01,162 - INFO - github_runner_manager.manager.runner_manager - runner health response RunnersHealthResponse(requested_runners=[], failed_requested_runners=[], non_requested_runners=[])
2025-12-16 02:38:01,162 - INFO - github_runner_manager.manager.runner_scaler - Reconcile runners from 0 to 1
2025-12-16 02:38:01,162 - INFO - github_runner_manager.manager.runner_manager - Creating 1 runners
2025-12-16 02:38:01,674 - INFO - github_runner_manager.openstack_cloud.openstack_cloud - Creating openstack server with RunnerIdentity(instance_id=InstanceID('test-e7k81smk-0-n-5ca8e6cb7c66'), metadata=RunnerMetadata(platform_name=<Platform.GITHUB: 'github'>, runner_id='269066', url=None))
2025-12-16 02:38:02,484 - ERROR - github_runner_manager.openstack_cloud.openstack_cloud - Failed to create openstack server test-e7k81smk-0-n-5ca8e6cb7c66
Traceback (most recent call last):
  File "/opt/pipx/venvs/github-runner-manager/lib/python3.10/site-packages/github_runner_manager/openstack_cloud/openstack_cloud.py", line 293, in launch_instance
    server = conn.create_server(
  File "/opt/pipx/venvs/github-runner-manager/lib/python3.10/site-packages/decorator.py", line 235, in fun
    return caller(func, *(extras + args), **kw)
  File "/opt/pipx/venvs/github-runner-manager/lib/python3.10/site-packages/openstack/cloud/_utils.py", line 233, in func_wrapper
    return func(*args, **kwargs)
  File "/opt/pipx/venvs/github-runner-manager/lib/python3.10/site-packages/openstack/cloud/_compute.py", line 1041, in create_server
    image_obj = self.image.find_image(image, ignore_missing=False)
  File "/opt/pipx/venvs/github-runner-manager/lib/python3.10/site-packages/openstack/image/v2/_proxy.py", line 922, in find_image
    return self._find(
  File "/opt/pipx/venvs/github-runner-manager/lib/python3.10/site-packages/openstack/proxy.py", line 661, in _find
    return resource_type.find(
  File "/opt/pipx/venvs/github-runner-manager/lib/python3.10/site-packages/openstack/image/v2/image.py", line 489, in find
    raise exceptions.NotFoundException(
openstack.exceptions.NotFoundException: No Image found for a03a9239-9e72-4b54-ad7d-f85dec8c01d2
2025-12-16 02:38:02,484 - INFO - github_runner_manager.openstack_cloud.openstack_cloud - Deleting key: test-e7k81smk-0-n-5ca8e6cb7c66
2025-12-16 02:38:02,513 - INFO - github_runner_manager.openstack_cloud.openstack_cloud - Deleted key: test-e7k81smk-0-n-5ca8e6cb7c66
2025-12-16 02:38:02,513 - WARNING - github_runner_manager.manager.runner_manager - Deleting runner test-e7k81smk-0-n-5ca8e6cb7c66 from platform after creation failed
2025-12-16 02:38:02,513 - INFO - github_runner_manager.platform.github_provider - Delete runners from GitHub provider: ['269066']
2025-12-16 02:38:03,023 - ERROR - github_runner_manager.manager.runner_manager - Failed to spawn a runner.
Traceback (most recent call last):
  File "/opt/pipx/venvs/github-runner-manager/lib/python3.10/site-packages/github_runner_manager/openstack_cloud/openstack_cloud.py", line 293, in launch_instance
    server = conn.create_server(
  File "/opt/pipx/venvs/github-runner-manager/lib/python3.10/site-packages/decorator.py", line 235, in fun
    return caller(func, *(extras + args), **kw)
  File "/opt/pipx/venvs/github-runner-manager/lib/python3.10/site-packages/openstack/cloud/_utils.py", line 233, in func_wrapper
    return func(*args, **kwargs)
  File "/opt/pipx/venvs/github-runner-manager/lib/python3.10/site-packages/openstack/cloud/_compute.py", line 1041, in create_server
    image_obj = self.image.find_image(image, ignore_missing=False)
  File "/opt/pipx/venvs/github-runner-manager/lib/python3.10/site-packages/openstack/image/v2/_proxy.py", line 922, in find_image
    return self._find(
  File "/opt/pipx/venvs/github-runner-manager/lib/python3.10/site-packages/openstack/proxy.py", line 661, in _find
    return resource_type.find(
  File "/opt/pipx/venvs/github-runner-manager/lib/python3.10/site-packages/openstack/image/v2/image.py", line 489, in find
    raise exceptions.NotFoundException(
openstack.exceptions.NotFoundException: No Image found for a03a9239-9e72-4b54-ad7d-f85dec8c01d2

The above exception was the direct cause of the following exception:

Traceback (most recent call last):
  File "/opt/pipx/venvs/github-runner-manager/lib/python3.10/site-packages/github_runner_manager/openstack_cloud/openstack_runner_manager.py", line 110, in create_runner
    instance = self._openstack_cloud.launch_instance(
  File "/opt/pipx/venvs/github-runner-manager/lib/python3.10/site-packages/github_runner_manager/openstack_cloud/openstack_cloud.py", line 183, in exception_handling_wrapper
    return func(*args, **kwargs)
  File "/opt/pipx/venvs/github-runner-manager/lib/python3.10/site-packages/github_runner_manager/openstack_cloud/openstack_cloud.py", line 330, in launch_instance
    raise OpenStackError(f"Failed to create openstack server {instance_id}") from err
github_runner_manager.errors.OpenStackError: Failed to create openstack server test-e7k81smk-0-n-5ca8e6cb7c66

The above exception was the direct cause of the following exception:

Traceback (most recent call last):
  File "/opt/pipx/venvs/github-runner-manager/lib/python3.10/site-packages/github_runner_manager/manager/runner_manager.py", line 206, in _spawn_runners
    return (RunnerManager._create_runner(create_runner_args_sequence[0]),)
  File "/opt/pipx/venvs/github-runner-manager/lib/python3.10/site-packages/github_runner_manager/manager/runner_manager.py", line 539, in _create_runner
    args.cloud_runner_manager.create_runner(
  File "/opt/pipx/venvs/github-runner-manager/lib/python3.10/site-packages/github_runner_manager/openstack_cloud/openstack_runner_manager.py", line 117, in create_runner
    raise RunnerCreateError(
github_runner_manager.errors.RunnerCreateError: Failed to create RunnerIdentity(instance_id=InstanceID('test-e7k81smk-0-n-5ca8e6cb7c66'), metadata=RunnerMetadata(platform_name=<Platform.GITHUB: 'github'>, runner_id='269066', url=None)) openstack runner
2025-12-16 02:38:03,024 - INFO - github_runner_manager.openstack_cloud.openstack_cloud - Getting all openstack servers managed by the charm
2025-12-16 02:38:03,917 - INFO - github_runner_manager.manager.runner_manager - list vms response: []
2025-12-16 02:38:04,590 - INFO - github_runner_manager.manager.runner_manager - runner health response RunnersHealthResponse(requested_runners=[], failed_requested_runners=[], non_requested_runners=[])
2025-12-16 02:38:04,591 - INFO - github_runner_manager.manager.runner_scaler - Found 0 busy runners: []
2025-12-16 02:38:04,591 - INFO - github_runner_manager.manager.runner_scaler - Found 0 idle runners: []
2025-12-16 02:38:04,591 - INFO - github_runner_manager.manager.runner_scaler - Found 0 offline runners that are healthy: []
2025-12-16 02:38:04,591 - INFO - github_runner_manager.manager.runner_scaler - Found 0 unhealthy runners: []
2025-12-16 02:38:04,591 - INFO - github_runner_manager.manager.runner_scaler - Current available runners (idle + healthy offline): set()
2025-12-16 02:38:04,591 - INFO - github_runner_manager.manager.runner_scaler - Current active runners: set()
2025-12-16 02:38:04,591 - INFO - github_runner_manager.manager.runner_scaler - Finished reconciliation.
2025-12-16 02:38:04,591 - INFO - github_runner_manager.reconcile_service - Change in number of runner after reconcile: 1
2025-12-16 02:38:04,591 - INFO - github_runner_manager.reconcile_service - End reconciliation
2025-12-16 02:38:21,285 - INFO - werkzeug - 127.0.0.1 - - [16/Dec/2025 02:38:21] "[35m[1mGET /health HTTP/1.1[0m" 204 -
2025-12-16 02:38:21,291 - INFO - github_runner_manager.http_server - Checking runners...
2025-12-16 02:38:21,313 - INFO - github_runner_manager.openstack_cloud.openstack_cloud - Getting all openstack servers managed by the charm
2025-12-16 02:38:21,657 - WARNING - github_runner_manager.openstack_cloud.openstack_cloud - The maximum compute API version 2.96 is greater than the supported version 2.91. Using the maximum supported version.
2025-12-16 02:38:22,670 - INFO - github_runner_manager.manager.runner_manager - list vms response: []
2025-12-16 02:38:23,345 - INFO - github_runner_manager.manager.runner_manager - runner health response RunnersHealthResponse(requested_runners=[], failed_requested_runners=[], non_requested_runners=[])
2025-12-16 02:38:23,346 - INFO - werkzeug - 127.0.0.1 - - [16/Dec/2025 02:38:23] "GET /runner/check HTTP/1.1" 200 -
2025-12-16 02:38:54,321 - INFO - werkzeug - 127.0.0.1 - - [16/Dec/2025 02:38:54] "[35m[1mGET /health HTTP/1.1[0m" 204 -
2025-12-16 02:38:54,327 - INFO - github_runner_manager.http_server - Checking runners...
2025-12-16 02:38:54,345 - INFO - github_runner_manager.openstack_cloud.openstack_cloud - Getting all openstack servers managed by the charm
2025-12-16 02:38:54,695 - WARNING - github_runner_manager.openstack_cloud.openstack_cloud - The maximum compute API version 2.96 is greater than the supported version 2.91. Using the maximum supported version.
2025-12-16 02:38:55,884 - INFO - github_runner_manager.manager.runner_manager - list vms response: []
2025-12-16 02:38:56,578 - INFO - github_runner_manager.manager.runner_manager - runner health response RunnersHealthResponse(requested_runners=[], failed_requested_runners=[], non_requested_runners=[])
2025-12-16 02:38:56,579 - INFO - werkzeug - 127.0.0.1 - - [16/Dec/2025 02:38:56] "GET /runner/check HTTP/1.1" 200 -
2025-12-16 02:39:28,351 - INFO - werkzeug - 127.0.0.1 - - [16/Dec/2025 02:39:28] "[35m[1mGET /health HTTP/1.1[0m" 204 -
2025-12-16 02:39:28,356 - INFO - github_runner_manager.http_server - Checking runners...
2025-12-16 02:39:28,374 - INFO - github_runner_manager.openstack_cloud.openstack_cloud - Getting all openstack servers managed by the charm
2025-12-16 02:39:28,721 - WARNING - github_runner_manager.openstack_cloud.openstack_cloud - The maximum compute API version 2.96 is greater than the supported version 2.91. Using the maximum supported version.
2025-12-16 02:39:29,609 - INFO - github_runner_manager.manager.runner_manager - list vms response: []
2025-12-16 02:39:30,319 - INFO - github_runner_manager.manager.runner_manager - runner health response RunnersHealthResponse(requested_runners=[], failed_requested_runners=[], non_requested_runners=[])
2025-12-16 02:39:30,319 - INFO - werkzeug - 127.0.0.1 - - [16/Dec/2025 02:39:30] "GET /runner/check HTTP/1.1" 200 -
2025-12-16 02:40:01,391 - INFO - werkzeug - 127.0.0.1 - - [16/Dec/2025 02:40:01] "[35m[1mGET /health HTTP/1.1[0m" 204 -
2025-12-16 02:40:01,397 - INFO - github_runner_manager.http_server - Checking runners...
2025-12-16 02:40:01,420 - INFO - github_runner_manager.openstack_cloud.openstack_cloud - Getting all openstack servers managed by the charm
2025-12-16 02:40:01,809 - WARNING - github_runner_manager.openstack_cloud.openstack_cloud - The maximum compute API version 2.96 is greater than the supported version 2.91. Using the maximum supported version.
2025-12-16 02:40:02,720 - INFO - github_runner_manager.manager.runner_manager - list vms response: []
2025-12-16 02:40:03,360 - INFO - github_runner_manager.manager.runner_manager - runner health response RunnersHealthResponse(requested_runners=[], failed_requested_runners=[], non_requested_runners=[])
2025-12-16 02:40:03,361 - INFO - werkzeug - 127.0.0.1 - - [16/Dec/2025 02:40:03] "GET /runner/check HTTP/1.1" 200 -
2025-12-16 02:40:04,692 - INFO - github_runner_manager.reconcile_service - Start reconciliation
2025-12-16 02:40:04,692 - INFO - github_runner_manager.reconcile_service - Reconcile ID: e551dd0f-049c-4894-a86b-1638f1492550
2025-12-16 02:40:04,710 - INFO - github_runner_manager.manager.runner_scaler - Start reconcile. base_quantity 1. max_quantity: 0.
2025-12-16 02:40:04,710 - INFO - github_runner_manager.manager.runner_manager - runner_manager::cleanup
2025-12-16 02:40:04,710 - INFO - github_runner_manager.openstack_cloud.openstack_cloud - Getting all openstack servers managed by the charm
2025-12-16 02:40:05,068 - WARNING - github_runner_manager.openstack_cloud.openstack_cloud - The maximum compute API version 2.96 is greater than the supported version 2.91. Using the maximum supported version.
2025-12-16 02:40:06,087 - INFO - github_runner_manager.manager.runner_manager - VMs: []
2025-12-16 02:40:06,804 - INFO - github_runner_manager.manager.runner_manager - Runner health: RunnersHealthResponse(requested_runners=[], failed_requested_runners=[], non_requested_runners=[])
2025-12-16 02:40:07,747 - INFO - github_runner_manager.openstack_cloud.openstack_cloud - Cleaning up SSH key files
2025-12-16 02:40:07,747 - INFO - github_runner_manager.openstack_cloud.openstack_cloud - Found 0 key files, clean up 0 key files
2025-12-16 02:40:07,747 - INFO - github_runner_manager.openstack_cloud.openstack_cloud - Cleaning up openstack keypairs
2025-12-16 02:40:07,771 - INFO - github_runner_manager.manager.runner_manager - Cleaning up platform runners: []
2025-12-16 02:40:07,771 - INFO - github_runner_manager.platform.github_provider - Delete runners from GitHub provider: []
2025-12-16 02:40:07,771 - INFO - github_runner_manager.manager.runner_manager - Cleaned up platform runners: []
2025-12-16 02:40:07,771 - INFO - github_runner_manager.manager.runner_manager - Extracting metrics from VMs: []
2025-12-16 02:40:07,771 - INFO - github_runner_manager.manager.runner_manager - Cleaning up VMs: []
2025-12-16 02:40:07,771 - INFO - github_runner_manager.manager.runner_manager - Cleaned up VMs: []
2025-12-16 02:40:07,771 - INFO - github_runner_manager.openstack_cloud.openstack_cloud - Getting all openstack servers managed by the charm
2025-12-16 02:40:08,995 - INFO - github_runner_manager.manager.runner_manager - list vms response: []
2025-12-16 02:40:09,811 - INFO - github_runner_manager.manager.runner_manager - runner health response RunnersHealthResponse(requested_runners=[], failed_requested_runners=[], non_requested_runners=[])
2025-12-16 02:40:09,811 - INFO - github_runner_manager.manager.runner_scaler - Reconcile runners from 0 to 1
2025-12-16 02:40:09,811 - INFO - github_runner_manager.manager.runner_manager - Creating 1 runners
2025-12-16 02:40:10,307 - INFO - github_runner_manager.openstack_cloud.openstack_cloud - Creating openstack server with RunnerIdentity(instance_id=InstanceID('test-e7k81smk-0-n-5083b387ee9e'), metadata=RunnerMetadata(platform_name=<Platform.GITHUB: 'github'>, runner_id='269083', url=None))
2025-12-16 02:40:11,148 - ERROR - github_runner_manager.openstack_cloud.openstack_cloud - Failed to create openstack server test-e7k81smk-0-n-5083b387ee9e
Traceback (most recent call last):
  File "/opt/pipx/venvs/github-runner-manager/lib/python3.10/site-packages/github_runner_manager/openstack_cloud/openstack_cloud.py", line 293, in launch_instance
    server = conn.create_server(
  File "/opt/pipx/venvs/github-runner-manager/lib/python3.10/site-packages/decorator.py", line 235, in fun
    return caller(func, *(extras + args), **kw)
  File "/opt/pipx/venvs/github-runner-manager/lib/python3.10/site-packages/openstack/cloud/_utils.py", line 233, in func_wrapper
    return func(*args, **kwargs)
  File "/opt/pipx/venvs/github-runner-manager/lib/python3.10/site-packages/openstack/cloud/_compute.py", line 1041, in create_server
    image_obj = self.image.find_image(image, ignore_missing=False)
  File "/opt/pipx/venvs/github-runner-manager/lib/python3.10/site-packages/openstack/image/v2/_proxy.py", line 922, in find_image
    return self._find(
  File "/opt/pipx/venvs/github-runner-manager/lib/python3.10/site-packages/openstack/proxy.py", line 661, in _find
    return resource_type.find(
  File "/opt/pipx/venvs/github-runner-manager/lib/python3.10/site-packages/openstack/image/v2/image.py", line 489, in find
    raise exceptions.NotFoundException(
openstack.exceptions.NotFoundException: No Image found for a03a9239-9e72-4b54-ad7d-f85dec8c01d2
2025-12-16 02:40:11,148 - INFO - github_runner_manager.openstack_cloud.openstack_cloud - Deleting key: test-e7k81smk-0-n-5083b387ee9e
2025-12-16 02:40:11,176 - INFO - github_runner_manager.openstack_cloud.openstack_cloud - Deleted key: test-e7k81smk-0-n-5083b387ee9e
2025-12-16 02:40:11,176 - WARNING - github_runner_manager.manager.runner_manager - Deleting runner test-e7k81smk-0-n-5083b387ee9e from platform after creation failed
2025-12-16 02:40:11,176 - INFO - github_runner_manager.platform.github_provider - Delete runners from GitHub provider: ['269083']
2025-12-16 02:40:11,597 - ERROR - github_runner_manager.manager.runner_manager - Failed to spawn a runner.
Traceback (most recent call last):
  File "/opt/pipx/venvs/github-runner-manager/lib/python3.10/site-packages/github_runner_manager/openstack_cloud/openstack_cloud.py", line 293, in launch_instance
    server = conn.create_server(
  File "/opt/pipx/venvs/github-runner-manager/lib/python3.10/site-packages/decorator.py", line 235, in fun
    return caller(func, *(extras + args), **kw)
  File "/opt/pipx/venvs/github-runner-manager/lib/python3.10/site-packages/openstack/cloud/_utils.py", line 233, in func_wrapper
    return func(*args, **kwargs)
  File "/opt/pipx/venvs/github-runner-manager/lib/python3.10/site-packages/openstack/cloud/_compute.py", line 1041, in create_server
    image_obj = self.image.find_image(image, ignore_missing=False)
  File "/opt/pipx/venvs/github-runner-manager/lib/python3.10/site-packages/openstack/image/v2/_proxy.py", line 922, in find_image
    return self._find(
  File "/opt/pipx/venvs/github-runner-manager/lib/python3.10/site-packages/openstack/proxy.py", line 661, in _find
    return resource_type.find(
  File "/opt/pipx/venvs/github-runner-manager/lib/python3.10/site-packages/openstack/image/v2/image.py", line 489, in find
    raise exceptions.NotFoundException(
openstack.exceptions.NotFoundException: No Image found for a03a9239-9e72-4b54-ad7d-f85dec8c01d2

The above exception was the direct cause of the following exception:

Traceback (most recent call last):
  File "/opt/pipx/venvs/github-runner-manager/lib/python3.10/site-packages/github_runner_manager/openstack_cloud/openstack_runner_manager.py", line 110, in create_runner
    instance = self._openstack_cloud.launch_instance(
  File "/opt/pipx/venvs/github-runner-manager/lib/python3.10/site-packages/github_runner_manager/openstack_cloud/openstack_cloud.py", line 183, in exception_handling_wrapper
    return func(*args, **kwargs)
  File "/opt/pipx/venvs/github-runner-manager/lib/python3.10/site-packages/github_runner_manager/openstack_cloud/openstack_cloud.py", line 330, in launch_instance
    raise OpenStackError(f"Failed to create openstack server {instance_id}") from err
github_runner_manager.errors.OpenStackError: Failed to create openstack server test-e7k81smk-0-n-5083b387ee9e

The above exception was the direct cause of the following exception:

Traceback (most recent call last):
  File "/opt/pipx/venvs/github-runner-manager/lib/python3.10/site-packages/github_runner_manager/manager/runner_manager.py", line 206, in _spawn_runners
    return (RunnerManager._create_runner(create_runner_args_sequence[0]),)
  File "/opt/pipx/venvs/github-runner-manager/lib/python3.10/site-packages/github_runner_manager/manager/runner_manager.py", line 539, in _create_runner
    args.cloud_runner_manager.create_runner(
  File "/opt/pipx/venvs/github-runner-manager/lib/python3.10/site-packages/github_runner_manager/openstack_cloud/openstack_runner_manager.py", line 117, in create_runner
    raise RunnerCreateError(
github_runner_manager.errors.RunnerCreateError: Failed to create RunnerIdentity(instance_id=InstanceID('test-e7k81smk-0-n-5083b387ee9e'), metadata=RunnerMetadata(platform_name=<Platform.GITHUB: 'github'>, runner_id='269083', url=None)) openstack runner
2025-12-16 02:40:11,597 - INFO - github_runner_manager.openstack_cloud.openstack_cloud - Getting all openstack servers managed by the charm
2025-12-16 02:40:12,649 - INFO - github_runner_manager.manager.runner_manager - list vms response: []
2025-12-16 02:40:13,323 - INFO - github_runner_manager.manager.runner_manager - runner health response RunnersHealthResponse(requested_runners=[], failed_requested_runners=[], non_requested_runners=[])
2025-12-16 02:40:13,323 - INFO - github_runner_manager.manager.runner_scaler - Found 0 busy runners: []
2025-12-16 02:40:13,323 - INFO - github_runner_manager.manager.runner_scaler - Found 0 idle runners: []
2025-12-16 02:40:13,323 - INFO - github_runner_manager.manager.runner_scaler - Found 0 offline runners that are healthy: []
2025-12-16 02:40:13,323 - INFO - github_runner_manager.manager.runner_scaler - Found 0 unhealthy runners: []
2025-12-16 02:40:13,323 - INFO - github_runner_manager.manager.runner_scaler - Current available runners (idle + healthy offline): set()
2025-12-16 02:40:13,323 - INFO - github_runner_manager.manager.runner_scaler - Current active runners: set()
2025-12-16 02:40:13,323 - INFO - github_runner_manager.manager.runner_scaler - Finished reconciliation.
2025-12-16 02:40:13,323 - INFO - github_runner_manager.reconcile_service - Change in number of runner after reconcile: 1
2025-12-16 02:40:13,323 - INFO - github_runner_manager.reconcile_service - End reconciliation
2025-12-16 02:40:34,424 - INFO - werkzeug - 127.0.0.1 - - [16/Dec/2025 02:40:34] "[35m[1mGET /health HTTP/1.1[0m" 204 -
2025-12-16 02:40:34,429 - INFO - github_runner_manager.http_server - Checking runners...
2025-12-16 02:40:34,448 - INFO - github_runner_manager.openstack_cloud.openstack_cloud - Getting all openstack servers managed by the charm
2025-12-16 02:40:34,813 - WARNING - github_runner_manager.openstack_cloud.openstack_cloud - The maximum compute API version 2.96 is greater than the supported version 2.91. Using the maximum supported version.
2025-12-16 02:40:35,680 - INFO - github_runner_manager.manager.runner_manager - list vms response: []
2025-12-16 02:40:36,354 - INFO - github_runner_manager.manager.runner_manager - runner health response RunnersHealthResponse(requested_runners=[], failed_requested_runners=[], non_requested_runners=[])
2025-12-16 02:40:36,354 - INFO - werkzeug - 127.0.0.1 - - [16/Dec/2025 02:40:36] "GET /runner/check HTTP/1.1" 200 -
2025-12-16 02:41:07,452 - INFO - werkzeug - 127.0.0.1 - - [16/Dec/2025 02:41:07] "[35m[1mGET /health HTTP/1.1[0m" 204 -
2025-12-16 02:41:07,457 - INFO - github_runner_manager.http_server - Checking runners...
2025-12-16 02:41:07,475 - INFO - github_runner_manager.openstack_cloud.openstack_cloud - Getting all openstack servers managed by the charm
2025-12-16 02:41:07,854 - WARNING - github_runner_manager.openstack_cloud.openstack_cloud - The maximum compute API version 2.96 is greater than the supported version 2.91. Using the maximum supported version.
2025-12-16 02:41:08,819 - INFO - github_runner_manager.manager.runner_manager - list vms response: []
2025-12-16 02:41:09,592 - INFO - github_runner_manager.manager.runner_manager - runner health response RunnersHealthResponse(requested_runners=[], failed_requested_runners=[], non_requested_runners=[])
2025-12-16 02:41:09,592 - INFO - werkzeug - 127.0.0.1 - - [16/Dec/2025 02:41:09] "GET /runner/check HTTP/1.1" 200 -
2025-12-16 02:41:40,502 - INFO - werkzeug - 127.0.0.1 - - [16/Dec/2025 02:41:40] "[35m[1mGET /health HTTP/1.1[0m" 204 -
2025-12-16 02:41:40,508 - INFO - github_runner_manager.http_server - Checking runners...
2025-12-16 02:41:40,530 - INFO - github_runner_manager.openstack_cloud.openstack_cloud - Getting all openstack servers managed by the charm
2025-12-16 02:41:40,880 - WARNING - github_runner_manager.openstack_cloud.openstack_cloud - The maximum compute API version 2.96 is greater than the supported version 2.91. Using the maximum supported version.
2025-12-16 02:41:41,814 - INFO - github_runner_manager.manager.runner_manager - list vms response: []
2025-12-16 02:41:42,475 - INFO - github_runner_manager.manager.runner_manager - runner health response RunnersHealthResponse(requested_runners=[], failed_requested_runners=[], non_requested_runners=[])
2025-12-16 02:41:42,475 - INFO - werkzeug - 127.0.0.1 - - [16/Dec/2025 02:41:42] "GET /runner/check HTTP/1.1" 200 -
2025-12-16 02:42:13,423 - INFO - github_runner_manager.reconcile_service - Start reconciliation
2025-12-16 02:42:13,423 - INFO - github_runner_manager.reconcile_service - Reconcile ID: 91c81752-27b4-4e18-9a06-060af60bc44c
2025-12-16 02:42:13,458 - INFO - github_runner_manager.manager.runner_scaler - Start reconcile. base_quantity 1. max_quantity: 0.
2025-12-16 02:42:13,458 - INFO - github_runner_manager.manager.runner_manager - runner_manager::cleanup
2025-12-16 02:42:13,458 - INFO - github_runner_manager.openstack_cloud.openstack_cloud - Getting all openstack servers managed by the charm
2025-12-16 02:42:13,588 - INFO - werkzeug - 127.0.0.1 - - [16/Dec/2025 02:42:13] "[35m[1mGET /health HTTP/1.1[0m" 204 -
2025-12-16 02:42:13,594 - INFO - github_runner_manager.http_server - Checking runners...
2025-12-16 02:42:13,612 - INFO - github_runner_manager.openstack_cloud.openstack_cloud - Getting all openstack servers managed by the charm
2025-12-16 02:42:13,840 - WARNING - github_runner_manager.openstack_cloud.openstack_cloud - The maximum compute API version 2.96 is greater than the supported version 2.91. Using the maximum supported version.
2025-12-16 02:42:14,221 - WARNING - github_runner_manager.openstack_cloud.openstack_cloud - The maximum compute API version 2.96 is greater than the supported version 2.91. Using the maximum supported version.
2025-12-16 02:42:14,890 - INFO - github_runner_manager.manager.runner_manager - VMs: []
2025-12-16 02:42:15,252 - INFO - github_runner_manager.manager.runner_manager - list vms response: []
2025-12-16 02:42:15,555 - INFO - github_runner_manager.manager.runner_manager - Runner health: RunnersHealthResponse(requested_runners=[], failed_requested_runners=[], non_requested_runners=[])
2025-12-16 02:42:15,936 - INFO - github_runner_manager.manager.runner_manager - runner health response RunnersHealthResponse(requested_runners=[], failed_requested_runners=[], non_requested_runners=[])
2025-12-16 02:42:15,936 - INFO - werkzeug - 127.0.0.1 - - [16/Dec/2025 02:42:15] "GET /runner/check HTTP/1.1" 200 -
2025-12-16 02:42:16,460 - INFO - github_runner_manager.openstack_cloud.openstack_cloud - Cleaning up SSH key files
2025-12-16 02:42:16,460 - INFO - github_runner_manager.openstack_cloud.openstack_cloud - Found 0 key files, clean up 0 key files
2025-12-16 02:42:16,460 - INFO - github_runner_manager.openstack_cloud.openstack_cloud - Cleaning up openstack keypairs
2025-12-16 02:42:16,486 - INFO - github_runner_manager.manager.runner_manager - Cleaning up platform runners: []
2025-12-16 02:42:16,486 - INFO - github_runner_manager.platform.github_provider - Delete runners from GitHub provider: []
2025-12-16 02:42:16,486 - INFO - github_runner_manager.manager.runner_manager - Cleaned up platform runners: []
2025-12-16 02:42:16,486 - INFO - github_runner_manager.manager.runner_manager - Extracting metrics from VMs: []
2025-12-16 02:42:16,486 - INFO - github_runner_manager.manager.runner_manager - Cleaning up VMs: []
2025-12-16 02:42:16,486 - INFO - github_runner_manager.manager.runner_manager - Cleaned up VMs: []
2025-12-16 02:42:16,486 - INFO - github_runner_manager.openstack_cloud.openstack_cloud - Getting all openstack servers managed by the charm
2025-12-16 02:42:17,380 - INFO - github_runner_manager.manager.runner_manager - list vms response: []
2025-12-16 02:42:18,075 - INFO - github_runner_manager.manager.runner_manager - runner health response RunnersHealthResponse(requested_runners=[], failed_requested_runners=[], non_requested_runners=[])
2025-12-16 02:42:18,075 - INFO - github_runner_manager.manager.runner_scaler - Reconcile runners from 0 to 1
2025-12-16 02:42:18,075 - INFO - github_runner_manager.manager.runner_manager - Creating 1 runners
2025-12-16 02:42:18,757 - INFO - github_runner_manager.openstack_cloud.openstack_cloud - Creating openstack server with RunnerIdentity(instance_id=InstanceID('test-e7k81smk-0-n-3b651d628f60'), metadata=RunnerMetadata(platform_name=<Platform.GITHUB: 'github'>, runner_id='269089', url=None))
2025-12-16 02:42:19,729 - ERROR - github_runner_manager.openstack_cloud.openstack_cloud - Failed to create openstack server test-e7k81smk-0-n-3b651d628f60
Traceback (most recent call last):
  File "/opt/pipx/venvs/github-runner-manager/lib/python3.10/site-packages/github_runner_manager/openstack_cloud/openstack_cloud.py", line 293, in launch_instance
    server = conn.create_server(
  File "/opt/pipx/venvs/github-runner-manager/lib/python3.10/site-packages/decorator.py", line 235, in fun
    return caller(func, *(extras + args), **kw)
  File "/opt/pipx/venvs/github-runner-manager/lib/python3.10/site-packages/openstack/cloud/_utils.py", line 233, in func_wrapper
    return func(*args, **kwargs)
  File "/opt/pipx/venvs/github-runner-manager/lib/python3.10/site-packages/openstack/cloud/_compute.py", line 1041, in create_server
    image_obj = self.image.find_image(image, ignore_missing=False)
  File "/opt/pipx/venvs/github-runner-manager/lib/python3.10/site-packages/openstack/image/v2/_proxy.py", line 922, in find_image
    return self._find(
  File "/opt/pipx/venvs/github-runner-manager/lib/python3.10/site-packages/openstack/proxy.py", line 661, in _find
    return resource_type.find(
  File "/opt/pipx/venvs/github-runner-manager/lib/python3.10/site-packages/openstack/image/v2/image.py", line 489, in find
    raise exceptions.NotFoundException(
openstack.exceptions.NotFoundException: No Image found for a03a9239-9e72-4b54-ad7d-f85dec8c01d2
2025-12-16 02:42:19,729 - INFO - github_runner_manager.openstack_cloud.openstack_cloud - Deleting key: test-e7k81smk-0-n-3b651d628f60
2025-12-16 02:42:19,758 - INFO - github_runner_manager.openstack_cloud.openstack_cloud - Deleted key: test-e7k81smk-0-n-3b651d628f60
2025-12-16 02:42:19,758 - WARNING - github_runner_manager.manager.runner_manager - Deleting runner test-e7k81smk-0-n-3b651d628f60 from platform after creation failed
2025-12-16 02:42:19,758 - INFO - github_runner_manager.platform.github_provider - Delete runners from GitHub provider: ['269089']
2025-12-16 02:42:20,355 - ERROR - github_runner_manager.manager.runner_manager - Failed to spawn a runner.
Traceback (most recent call last):
  File "/opt/pipx/venvs/github-runner-manager/lib/python3.10/site-packages/github_runner_manager/openstack_cloud/openstack_cloud.py", line 293, in launch_instance
    server = conn.create_server(
  File "/opt/pipx/venvs/github-runner-manager/lib/python3.10/site-packages/decorator.py", line 235, in fun
    return caller(func, *(extras + args), **kw)
  File "/opt/pipx/venvs/github-runner-manager/lib/python3.10/site-packages/openstack/cloud/_utils.py", line 233, in func_wrapper
    return func(*args, **kwargs)
  File "/opt/pipx/venvs/github-runner-manager/lib/python3.10/site-packages/openstack/cloud/_compute.py", line 1041, in create_server
    image_obj = self.image.find_image(image, ignore_missing=False)
  File "/opt/pipx/venvs/github-runner-manager/lib/python3.10/site-packages/openstack/image/v2/_proxy.py", line 922, in find_image
    return self._find(
  File "/opt/pipx/venvs/github-runner-manager/lib/python3.10/site-packages/openstack/proxy.py", line 661, in _find
    return resource_type.find(
  File "/opt/pipx/venvs/github-runner-manager/lib/python3.10/site-packages/openstack/image/v2/image.py", line 489, in find
    raise exceptions.NotFoundException(
openstack.exceptions.NotFoundException: No Image found for a03a9239-9e72-4b54-ad7d-f85dec8c01d2

The above exception was the direct cause of the following exception:

Traceback (most recent call last):
  File "/opt/pipx/venvs/github-runner-manager/lib/python3.10/site-packages/github_runner_manager/openstack_cloud/openstack_runner_manager.py", line 110, in create_runner
    instance = self._openstack_cloud.launch_instance(
  File "/opt/pipx/venvs/github-runner-manager/lib/python3.10/site-packages/github_runner_manager/openstack_cloud/openstack_cloud.py", line 183, in exception_handling_wrapper
    return func(*args, **kwargs)
  File "/opt/pipx/venvs/github-runner-manager/lib/python3.10/site-packages/github_runner_manager/openstack_cloud/openstack_cloud.py", line 330, in launch_instance
    raise OpenStackError(f"Failed to create openstack server {instance_id}") from err
github_runner_manager.errors.OpenStackError: Failed to create openstack server test-e7k81smk-0-n-3b651d628f60

The above exception was the direct cause of the following exception:

Traceback (most recent call last):
  File "/opt/pipx/venvs/github-runner-manager/lib/python3.10/site-packages/github_runner_manager/manager/runner_manager.py", line 206, in _spawn_runners
    return (RunnerManager._create_runner(create_runner_args_sequence[0]),)
  File "/opt/pipx/venvs/github-runner-manager/lib/python3.10/site-packages/github_runner_manager/manager/runner_manager.py", line 539, in _create_runner
    args.cloud_runner_manager.create_runner(
  File "/opt/pipx/venvs/github-runner-manager/lib/python3.10/site-packages/github_runner_manager/openstack_cloud/openstack_runner_manager.py", line 117, in create_runner
    raise RunnerCreateError(
github_runner_manager.errors.RunnerCreateError: Failed to create RunnerIdentity(instance_id=InstanceID('test-e7k81smk-0-n-3b651d628f60'), metadata=RunnerMetadata(platform_name=<Platform.GITHUB: 'github'>, runner_id='269089', url=None)) openstack runner
2025-12-16 02:42:20,355 - INFO - github_runner_manager.openstack_cloud.openstack_cloud - Getting all openstack servers managed by the charm
2025-12-16 02:42:21,279 - INFO - github_runner_manager.manager.runner_manager - list vms response: []
2025-12-16 02:42:21,933 - INFO - github_runner_manager.manager.runner_manager - runner health response RunnersHealthResponse(requested_runners=[], failed_requested_runners=[], non_requested_runners=[])
2025-12-16 02:42:21,934 - INFO - github_runner_manager.manager.runner_scaler - Found 0 busy runners: []
2025-12-16 02:42:21,934 - INFO - github_runner_manager.manager.runner_scaler - Found 0 idle runners: []
2025-12-16 02:42:21,934 - INFO - github_runner_manager.manager.runner_scaler - Found 0 offline runners that are healthy: []
2025-12-16 02:42:21,934 - INFO - github_runner_manager.manager.runner_scaler - Found 0 unhealthy runners: []
2025-12-16 02:42:21,934 - INFO - github_runner_manager.manager.runner_scaler - Current available runners (idle + healthy offline): set()
2025-12-16 02:42:21,934 - INFO - github_runner_manager.manager.runner_scaler - Current active runners: set()
2025-12-16 02:42:21,934 - INFO - github_runner_manager.manager.runner_scaler - Finished reconciliation.
2025-12-16 02:42:21,934 - INFO - github_runner_manager.reconcile_service - Change in number of runner after reconcile: 1
2025-12-16 02:42:21,934 - INFO - github_runner_manager.reconcile_service - End reconciliation
2025-12-16 02:42:47,569 - INFO - werkzeug - 127.0.0.1 - - [16/Dec/2025 02:42:47] "[35m[1mGET /health HTTP/1.1[0m" 204 -
2025-12-16 02:42:47,575 - INFO - github_runner_manager.http_server - Checking runners...
2025-12-16 02:42:47,593 - INFO - github_runner_manager.openstack_cloud.openstack_cloud - Getting all openstack servers managed by the charm
2025-12-16 02:42:47,941 - WARNING - github_runner_manager.openstack_cloud.openstack_cloud - The maximum compute API version 2.96 is greater than the supported version 2.91. Using the maximum supported version.
2025-12-16 02:42:49,219 - INFO - github_runner_manager.manager.runner_manager - list vms response: []
2025-12-16 02:42:49,940 - INFO - github_runner_manager.manager.runner_manager - runner health response RunnersHealthResponse(requested_runners=[], failed_requested_runners=[], non_requested_runners=[])
2025-12-16 02:42:49,941 - INFO - werkzeug - 127.0.0.1 - - [16/Dec/2025 02:42:49] "GET /runner/check HTTP/1.1" 200 -
2025-12-16 02:43:21,593 - INFO - werkzeug - 127.0.0.1 - - [16/Dec/2025 02:43:21] "[35m[1mGET /health HTTP/1.1[0m" 204 -
2025-12-16 02:43:21,599 - INFO - github_runner_manager.http_server - Checking runners...
2025-12-16 02:43:21,622 - INFO - github_runner_manager.openstack_cloud.openstack_cloud - Getting all openstack servers managed by the charm
2025-12-16 02:43:21,993 - WARNING - github_runner_manager.openstack_cloud.openstack_cloud - The maximum compute API version 2.96 is greater than the supported version 2.91. Using the maximum supported version.
2025-12-16 02:43:23,040 - INFO - github_runner_manager.manager.runner_manager - list vms response: []
2025-12-16 02:43:23,733 - INFO - github_runner_manager.manager.runner_manager - runner health response RunnersHealthResponse(requested_runners=[], failed_requested_runners=[], non_requested_runners=[])
2025-12-16 02:43:23,734 - INFO - werkzeug - 127.0.0.1 - - [16/Dec/2025 02:43:23] "GET /runner/check HTTP/1.1" 200 -
2025-12-16 02:43:54,657 - INFO - werkzeug - 127.0.0.1 - - [16/Dec/2025 02:43:54] "[35m[1mGET /health HTTP/1.1[0m" 204 -
2025-12-16 02:43:54,663 - INFO - github_runner_manager.http_server - Checking runners...
2025-12-16 02:43:54,687 - INFO - github_runner_manager.openstack_cloud.openstack_cloud - Getting all openstack servers managed by the charm
2025-12-16 02:43:55,039 - WARNING - github_runner_manager.openstack_cloud.openstack_cloud - The maximum compute API version 2.96 is greater than the supported version 2.91. Using the maximum supported version.
2025-12-16 02:43:55,906 - INFO - github_runner_manager.manager.runner_manager - list vms response: []
2025-12-16 02:43:56,577 - INFO - github_runner_manager.manager.runner_manager - runner health response RunnersHealthResponse(requested_runners=[], failed_requested_runners=[], non_requested_runners=[])
2025-12-16 02:43:56,577 - INFO - werkzeug - 127.0.0.1 - - [16/Dec/2025 02:43:56] "GET /runner/check HTTP/1.1" 200 -
2025-12-16 02:44:22,035 - INFO - github_runner_manager.reconcile_service - Start reconciliation
2025-12-16 02:44:22,035 - INFO - github_runner_manager.reconcile_service - Reconcile ID: 113b7276-8ddd-4620-971d-b301a96788ba
2025-12-16 02:44:22,053 - INFO - github_runner_manager.manager.runner_scaler - Start reconcile. base_quantity 1. max_quantity: 0.
2025-12-16 02:44:22,053 - INFO - github_runner_manager.manager.runner_manager - runner_manager::cleanup
2025-12-16 02:44:22,053 - INFO - github_runner_manager.openstack_cloud.openstack_cloud - Getting all openstack servers managed by the charm
2025-12-16 02:44:22,390 - WARNING - github_runner_manager.openstack_cloud.openstack_cloud - The maximum compute API version 2.96 is greater than the supported version 2.91. Using the maximum supported version.
2025-12-16 02:44:23,380 - INFO - github_runner_manager.manager.runner_manager - VMs: []
2025-12-16 02:44:24,047 - INFO - github_runner_manager.manager.runner_manager - Runner health: RunnersHealthResponse(requested_runners=[], failed_requested_runners=[], non_requested_runners=[])
2025-12-16 02:44:24,932 - INFO - github_runner_manager.openstack_cloud.openstack_cloud - Cleaning up SSH key files
2025-12-16 02:44:24,932 - INFO - github_runner_manager.openstack_cloud.openstack_cloud - Found 0 key files, clean up 0 key files
2025-12-16 02:44:24,932 - INFO - github_runner_manager.openstack_cloud.openstack_cloud - Cleaning up openstack keypairs
2025-12-16 02:44:24,960 - INFO - github_runner_manager.manager.runner_manager - Cleaning up platform runners: []
2025-12-16 02:44:24,960 - INFO - github_runner_manager.platform.github_provider - Delete runners from GitHub provider: []
2025-12-16 02:44:24,960 - INFO - github_runner_manager.manager.runner_manager - Cleaned up platform runners: []
2025-12-16 02:44:24,960 - INFO - github_runner_manager.manager.runner_manager - Extracting metrics from VMs: []
2025-12-16 02:44:24,960 - INFO - github_runner_manager.manager.runner_manager - Cleaning up VMs: []
2025-12-16 02:44:24,960 - INFO - github_runner_manager.manager.runner_manager - Cleaned up VMs: []
2025-12-16 02:44:24,961 - INFO - github_runner_manager.openstack_cloud.openstack_cloud - Getting all openstack servers managed by the charm
2025-12-16 02:44:25,849 - INFO - github_runner_manager.manager.runner_manager - list vms response: []
2025-12-16 02:44:26,548 - INFO - github_runner_manager.manager.runner_manager - runner health response RunnersHealthResponse(requested_runners=[], failed_requested_runners=[], non_requested_runners=[])
2025-12-16 02:44:26,548 - INFO - github_runner_manager.manager.runner_scaler - Reconcile runners from 0 to 1
2025-12-16 02:44:26,549 - INFO - github_runner_manager.manager.runner_manager - Creating 1 runners
2025-12-16 02:44:27,015 - INFO - github_runner_manager.openstack_cloud.openstack_cloud - Creating openstack server with RunnerIdentity(instance_id=InstanceID('test-e7k81smk-0-n-1f31c5aa9c86'), metadata=RunnerMetadata(platform_name=<Platform.GITHUB: 'github'>, runner_id='269105', url=None))
2025-12-16 02:44:27,736 - INFO - werkzeug - 127.0.0.1 - - [16/Dec/2025 02:44:27] "[35m[1mGET /health HTTP/1.1[0m" 204 -
2025-12-16 02:44:27,742 - INFO - github_runner_manager.http_server - Checking runners...
2025-12-16 02:44:27,760 - INFO - github_runner_manager.openstack_cloud.openstack_cloud - Getting all openstack servers managed by the charm
2025-12-16 02:44:28,033 - ERROR - github_runner_manager.openstack_cloud.openstack_cloud - Failed to create openstack server test-e7k81smk-0-n-1f31c5aa9c86
Traceback (most recent call last):
  File "/opt/pipx/venvs/github-runner-manager/lib/python3.10/site-packages/github_runner_manager/openstack_cloud/openstack_cloud.py", line 293, in launch_instance
    server = conn.create_server(
  File "/opt/pipx/venvs/github-runner-manager/lib/python3.10/site-packages/decorator.py", line 235, in fun
    return caller(func, *(extras + args), **kw)
  File "/opt/pipx/venvs/github-runner-manager/lib/python3.10/site-packages/openstack/cloud/_utils.py", line 233, in func_wrapper
    return func(*args, **kwargs)
  File "/opt/pipx/venvs/github-runner-manager/lib/python3.10/site-packages/openstack/cloud/_compute.py", line 1041, in create_server
    image_obj = self.image.find_image(image, ignore_missing=False)
  File "/opt/pipx/venvs/github-runner-manager/lib/python3.10/site-packages/openstack/image/v2/_proxy.py", line 922, in find_image
    return self._find(
  File "/opt/pipx/venvs/github-runner-manager/lib/python3.10/site-packages/openstack/proxy.py", line 661, in _find
    return resource_type.find(
  File "/opt/pipx/venvs/github-runner-manager/lib/python3.10/site-packages/openstack/image/v2/image.py", line 489, in find
    raise exceptions.NotFoundException(
openstack.exceptions.NotFoundException: No Image found for a03a9239-9e72-4b54-ad7d-f85dec8c01d2
2025-12-16 02:44:28,034 - INFO - github_runner_manager.openstack_cloud.openstack_cloud - Deleting key: test-e7k81smk-0-n-1f31c5aa9c86
2025-12-16 02:44:28,077 - INFO - github_runner_manager.openstack_cloud.openstack_cloud - Deleted key: test-e7k81smk-0-n-1f31c5aa9c86
2025-12-16 02:44:28,077 - WARNING - github_runner_manager.manager.runner_manager - Deleting runner test-e7k81smk-0-n-1f31c5aa9c86 from platform after creation failed
2025-12-16 02:44:28,077 - INFO - github_runner_manager.platform.github_provider - Delete runners from GitHub provider: ['269105']
2025-12-16 02:44:28,107 - WARNING - github_runner_manager.openstack_cloud.openstack_cloud - The maximum compute API version 2.96 is greater than the supported version 2.91. Using the maximum supported version.
2025-12-16 02:44:28,492 - ERROR - github_runner_manager.manager.runner_manager - Failed to spawn a runner.
Traceback (most recent call last):
  File "/opt/pipx/venvs/github-runner-manager/lib/python3.10/site-packages/github_runner_manager/openstack_cloud/openstack_cloud.py", line 293, in launch_instance
    server = conn.create_server(
  File "/opt/pipx/venvs/github-runner-manager/lib/python3.10/site-packages/decorator.py", line 235, in fun
    return caller(func, *(extras + args), **kw)
  File "/opt/pipx/venvs/github-runner-manager/lib/python3.10/site-packages/openstack/cloud/_utils.py", line 233, in func_wrapper
    return func(*args, **kwargs)
  File "/opt/pipx/venvs/github-runner-manager/lib/python3.10/site-packages/openstack/cloud/_compute.py", line 1041, in create_server
    image_obj = self.image.find_image(image, ignore_missing=False)
  File "/opt/pipx/venvs/github-runner-manager/lib/python3.10/site-packages/openstack/image/v2/_proxy.py", line 922, in find_image
    return self._find(
  File "/opt/pipx/venvs/github-runner-manager/lib/python3.10/site-packages/openstack/proxy.py", line 661, in _find
    return resource_type.find(
  File "/opt/pipx/venvs/github-runner-manager/lib/python3.10/site-packages/openstack/image/v2/image.py", line 489, in find
    raise exceptions.NotFoundException(
openstack.exceptions.NotFoundException: No Image found for a03a9239-9e72-4b54-ad7d-f85dec8c01d2

The above exception was the direct cause of the following exception:

Traceback (most recent call last):
  File "/opt/pipx/venvs/github-runner-manager/lib/python3.10/site-packages/github_runner_manager/openstack_cloud/openstack_runner_manager.py", line 110, in create_runner
    instance = self._openstack_cloud.launch_instance(
  File "/opt/pipx/venvs/github-runner-manager/lib/python3.10/site-packages/github_runner_manager/openstack_cloud/openstack_cloud.py", line 183, in exception_handling_wrapper
    return func(*args, **kwargs)
  File "/opt/pipx/venvs/github-runner-manager/lib/python3.10/site-packages/github_runner_manager/openstack_cloud/openstack_cloud.py", line 330, in launch_instance
    raise OpenStackError(f"Failed to create openstack server {instance_id}") from err
github_runner_manager.errors.OpenStackError: Failed to create openstack server test-e7k81smk-0-n-1f31c5aa9c86

The above exception was the direct cause of the following exception:

Traceback (most recent call last):
  File "/opt/pipx/venvs/github-runner-manager/lib/python3.10/site-packages/github_runner_manager/manager/runner_manager.py", line 206, in _spawn_runners
    return (RunnerManager._create_runner(create_runner_args_sequence[0]),)
  File "/opt/pipx/venvs/github-runner-manager/lib/python3.10/site-packages/github_runner_manager/manager/runner_manager.py", line 539, in _create_runner
    args.cloud_runner_manager.create_runner(
  File "/opt/pipx/venvs/github-runner-manager/lib/python3.10/site-packages/github_runner_manager/openstack_cloud/openstack_runner_manager.py", line 117, in create_runner
    raise RunnerCreateError(
github_runner_manager.errors.RunnerCreateError: Failed to create RunnerIdentity(instance_id=InstanceID('test-e7k81smk-0-n-1f31c5aa9c86'), metadata=RunnerMetadata(platform_name=<Platform.GITHUB: 'github'>, runner_id='269105', url=None)) openstack runner
2025-12-16 02:44:28,493 - INFO - github_runner_manager.openstack_cloud.openstack_cloud - Getting all openstack servers managed by the charm
2025-12-16 02:44:29,046 - INFO - github_runner_manager.manager.runner_manager - list vms response: []
2025-12-16 02:44:29,303 - INFO - github_runner_manager.manager.runner_manager - list vms response: []
2025-12-16 02:44:29,715 - INFO - github_runner_manager.manager.runner_manager - runner health response RunnersHealthResponse(requested_runners=[], failed_requested_runners=[], non_requested_runners=[])
2025-12-16 02:44:29,716 - INFO - werkzeug - 127.0.0.1 - - [16/Dec/2025 02:44:29] "GET /runner/check HTTP/1.1" 200 -
2025-12-16 02:44:30,024 - INFO - github_runner_manager.manager.runner_manager - runner health response RunnersHealthResponse(requested_runners=[], failed_requested_runners=[], non_requested_runners=[])
2025-12-16 02:44:30,024 - INFO - github_runner_manager.manager.runner_scaler - Found 0 busy runners: []
2025-12-16 02:44:30,024 - INFO - github_runner_manager.manager.runner_scaler - Found 0 idle runners: []
2025-12-16 02:44:30,024 - INFO - github_runner_manager.manager.runner_scaler - Found 0 offline runners that are healthy: []
2025-12-16 02:44:30,024 - INFO - github_runner_manager.manager.runner_scaler - Found 0 unhealthy runners: []
2025-12-16 02:44:30,025 - INFO - github_runner_manager.manager.runner_scaler - Current available runners (idle + healthy offline): set()
2025-12-16 02:44:30,025 - INFO - github_runner_manager.manager.runner_scaler - Current active runners: set()
2025-12-16 02:44:30,026 - INFO - github_runner_manager.manager.runner_scaler - Finished reconciliation.
2025-12-16 02:44:30,026 - INFO - github_runner_manager.reconcile_service - Change in number of runner after reconcile: 1
2025-12-16 02:44:30,026 - INFO - github_runner_manager.reconcile_service - End reconciliation
2025-12-16 02:45:00,691 - INFO - werkzeug - 127.0.0.1 - - [16/Dec/2025 02:45:00] "[35m[1mGET /health HTTP/1.1[0m" 204 -
2025-12-16 02:45:00,697 - INFO - github_runner_manager.http_server - Checking runners...
2025-12-16 02:45:00,716 - INFO - github_runner_manager.openstack_cloud.openstack_cloud - Getting all openstack servers managed by the charm
2025-12-16 02:45:01,093 - WARNING - github_runner_manager.openstack_cloud.openstack_cloud - The maximum compute API version 2.96 is greater than the supported version 2.91. Using the maximum supported version.
2025-12-16 02:45:02,035 - INFO - github_runner_manager.manager.runner_manager - list vms response: []
2025-12-16 02:45:02,708 - INFO - github_runner_manager.manager.runner_manager - runner health response RunnersHealthResponse(requested_runners=[], failed_requested_runners=[], non_requested_runners=[])
2025-12-16 02:45:02,709 - INFO - werkzeug - 127.0.0.1 - - [16/Dec/2025 02:45:02] "GET /runner/check HTTP/1.1" 200 -
2025-12-16 02:45:33,717 - INFO - werkzeug - 127.0.0.1 - - [16/Dec/2025 02:45:33] "[35m[1mGET /health HTTP/1.1[0m" 204 -
2025-12-16 02:45:33,723 - INFO - github_runner_manager.http_server - Checking runners...
2025-12-16 02:45:33,746 - INFO - github_runner_manager.openstack_cloud.openstack_cloud - Getting all openstack servers managed by the charm
2025-12-16 02:45:34,121 - WARNING - github_runner_manager.openstack_cloud.openstack_cloud - The maximum compute API version 2.96 is greater than the supported version 2.91. Using the maximum supported version.
2025-12-16 02:45:35,075 - INFO - github_runner_manager.manager.runner_manager - list vms response: []
2025-12-16 02:45:35,728 - INFO - github_runner_manager.manager.runner_manager - runner health response RunnersHealthResponse(requested_runners=[], failed_requested_runners=[], non_requested_runners=[])
2025-12-16 02:45:35,729 - INFO - werkzeug - 127.0.0.1 - - [16/Dec/2025 02:45:35] "GET /runner/check HTTP/1.1" 200 -
2025-12-16 02:46:06,788 - INFO - werkzeug - 127.0.0.1 - - [16/Dec/2025 02:46:06] "[35m[1mGET /health HTTP/1.1[0m" 204 -
2025-12-16 02:46:06,794 - INFO - github_runner_manager.http_server - Checking runners...
2025-12-16 02:46:06,812 - INFO - github_runner_manager.openstack_cloud.openstack_cloud - Getting all openstack servers managed by the charm
2025-12-16 02:46:07,172 - WARNING - github_runner_manager.openstack_cloud.openstack_cloud - The maximum compute API version 2.96 is greater than the supported version 2.91. Using the maximum supported version.
2025-12-16 02:46:07,980 - INFO - github_runner_manager.manager.runner_manager - list vms response: []
2025-12-16 02:46:08,615 - INFO - github_runner_manager.manager.runner_manager - runner health response RunnersHealthResponse(requested_runners=[], failed_requested_runners=[], non_requested_runners=[])
2025-12-16 02:46:08,616 - INFO - werkzeug - 127.0.0.1 - - [16/Dec/2025 02:46:08] "GET /runner/check HTTP/1.1" 200 -
2025-12-16 02:46:30,082 - INFO - github_runner_manager.reconcile_service - Start reconciliation
2025-12-16 02:46:30,082 - INFO - github_runner_manager.reconcile_service - Reconcile ID: 995be4da-7684-40b0-8859-1745725d273b
2025-12-16 02:46:30,101 - INFO - github_runner_manager.manager.runner_scaler - Start reconcile. base_quantity 1. max_quantity: 0.
2025-12-16 02:46:30,101 - INFO - github_runner_manager.manager.runner_manager - runner_manager::cleanup
2025-12-16 02:46:30,101 - INFO - github_runner_manager.openstack_cloud.openstack_cloud - Getting all openstack servers managed by the charm
2025-12-16 02:46:30,456 - WARNING - github_runner_manager.openstack_cloud.openstack_cloud - The maximum compute API version 2.96 is greater than the supported version 2.91. Using the maximum supported version.
2025-12-16 02:46:31,373 - INFO - github_runner_manager.manager.runner_manager - VMs: []
2025-12-16 02:46:32,235 - INFO - github_runner_manager.manager.runner_manager - Runner health: RunnersHealthResponse(requested_runners=[], failed_requested_runners=[], non_requested_runners=[])
2025-12-16 02:46:33,231 - INFO - github_runner_manager.openstack_cloud.openstack_cloud - Cleaning up SSH key files
2025-12-16 02:46:33,231 - INFO - github_runner_manager.openstack_cloud.openstack_cloud - Found 0 key files, clean up 0 key files
2025-12-16 02:46:33,231 - INFO - github_runner_manager.openstack_cloud.openstack_cloud - Cleaning up openstack keypairs
2025-12-16 02:46:33,255 - INFO - github_runner_manager.manager.runner_manager - Cleaning up platform runners: []
2025-12-16 02:46:33,255 - INFO - github_runner_manager.platform.github_provider - Delete runners from GitHub provider: []
2025-12-16 02:46:33,255 - INFO - github_runner_manager.manager.runner_manager - Cleaned up platform runners: []
2025-12-16 02:46:33,255 - INFO - github_runner_manager.manager.runner_manager - Extracting metrics from VMs: []
2025-12-16 02:46:33,255 - INFO - github_runner_manager.manager.runner_manager - Cleaning up VMs: []
2025-12-16 02:46:33,255 - INFO - github_runner_manager.manager.runner_manager - Cleaned up VMs: []
2025-12-16 02:46:33,255 - INFO - github_runner_manager.openstack_cloud.openstack_cloud - Getting all openstack servers managed by the charm
2025-12-16 02:46:34,233 - INFO - github_runner_manager.manager.runner_manager - list vms response: []
2025-12-16 02:46:34,945 - INFO - github_runner_manager.manager.runner_manager - runner health response RunnersHealthResponse(requested_runners=[], failed_requested_runners=[], non_requested_runners=[])
2025-12-16 02:46:34,946 - INFO - github_runner_manager.manager.runner_scaler - Reconcile runners from 0 to 1
2025-12-16 02:46:34,946 - INFO - github_runner_manager.manager.runner_manager - Creating 1 runners
2025-12-16 02:46:35,802 - INFO - github_runner_manager.openstack_cloud.openstack_cloud - Creating openstack server with RunnerIdentity(instance_id=InstanceID('test-e7k81smk-0-n-b1780e5c144b'), metadata=RunnerMetadata(platform_name=<Platform.GITHUB: 'github'>, runner_id='269121', url=None))
2025-12-16 02:46:36,861 - ERROR - github_runner_manager.openstack_cloud.openstack_cloud - Failed to create openstack server test-e7k81smk-0-n-b1780e5c144b
Traceback (most recent call last):
  File "/opt/pipx/venvs/github-runner-manager/lib/python3.10/site-packages/github_runner_manager/openstack_cloud/openstack_cloud.py", line 293, in launch_instance
    server = conn.create_server(
  File "/opt/pipx/venvs/github-runner-manager/lib/python3.10/site-packages/decorator.py", line 235, in fun
    return caller(func, *(extras + args), **kw)
  File "/opt/pipx/venvs/github-runner-manager/lib/python3.10/site-packages/openstack/cloud/_utils.py", line 233, in func_wrapper
    return func(*args, **kwargs)
  File "/opt/pipx/venvs/github-runner-manager/lib/python3.10/site-packages/openstack/cloud/_compute.py", line 1041, in create_server
    image_obj = self.image.find_image(image, ignore_missing=False)
  File "/opt/pipx/venvs/github-runner-manager/lib/python3.10/site-packages/openstack/image/v2/_proxy.py", line 922, in find_image
    return self._find(
  File "/opt/pipx/venvs/github-runner-manager/lib/python3.10/site-packages/openstack/proxy.py", line 661, in _find
    return resource_type.find(
  File "/opt/pipx/venvs/github-runner-manager/lib/python3.10/site-packages/openstack/image/v2/image.py", line 489, in find
    raise exceptions.NotFoundException(
openstack.exceptions.NotFoundException: No Image found for a03a9239-9e72-4b54-ad7d-f85dec8c01d2
2025-12-16 02:46:36,861 - INFO - github_runner_manager.openstack_cloud.openstack_cloud - Deleting key: test-e7k81smk-0-n-b1780e5c144b
2025-12-16 02:46:36,896 - INFO - github_runner_manager.openstack_cloud.openstack_cloud - Deleted key: test-e7k81smk-0-n-b1780e5c144b
2025-12-16 02:46:36,896 - WARNING - github_runner_manager.manager.runner_manager - Deleting runner test-e7k81smk-0-n-b1780e5c144b from platform after creation failed
2025-12-16 02:46:36,896 - INFO - github_runner_manager.platform.github_provider - Delete runners from GitHub provider: ['269121']
2025-12-16 02:46:37,326 - ERROR - github_runner_manager.manager.runner_manager - Failed to spawn a runner.
Traceback (most recent call last):
  File "/opt/pipx/venvs/github-runner-manager/lib/python3.10/site-packages/github_runner_manager/openstack_cloud/openstack_cloud.py", line 293, in launch_instance
    server = conn.create_server(
  File "/opt/pipx/venvs/github-runner-manager/lib/python3.10/site-packages/decorator.py", line 235, in fun
    return caller(func, *(extras + args), **kw)
  File "/opt/pipx/venvs/github-runner-manager/lib/python3.10/site-packages/openstack/cloud/_utils.py", line 233, in func_wrapper
    return func(*args, **kwargs)
  File "/opt/pipx/venvs/github-runner-manager/lib/python3.10/site-packages/openstack/cloud/_compute.py", line 1041, in create_server
    image_obj = self.image.find_image(image, ignore_missing=False)
  File "/opt/pipx/venvs/github-runner-manager/lib/python3.10/site-packages/openstack/image/v2/_proxy.py", line 922, in find_image
    return self._find(
  File "/opt/pipx/venvs/github-runner-manager/lib/python3.10/site-packages/openstack/proxy.py", line 661, in _find
    return resource_type.find(
  File "/opt/pipx/venvs/github-runner-manager/lib/python3.10/site-packages/openstack/image/v2/image.py", line 489, in find
    raise exceptions.NotFoundException(
openstack.exceptions.NotFoundException: No Image found for a03a9239-9e72-4b54-ad7d-f85dec8c01d2

The above exception was the direct cause of the following exception:

Traceback (most recent call last):
  File "/opt/pipx/venvs/github-runner-manager/lib/python3.10/site-packages/github_runner_manager/openstack_cloud/openstack_runner_manager.py", line 110, in create_runner
    instance = self._openstack_cloud.launch_instance(
  File "/opt/pipx/venvs/github-runner-manager/lib/python3.10/site-packages/github_runner_manager/openstack_cloud/openstack_cloud.py", line 183, in exception_handling_wrapper
    return func(*args, **kwargs)
  File "/opt/pipx/venvs/github-runner-manager/lib/python3.10/site-packages/github_runner_manager/openstack_cloud/openstack_cloud.py", line 330, in launch_instance
    raise OpenStackError(f"Failed to create openstack server {instance_id}") from err
github_runner_manager.errors.OpenStackError: Failed to create openstack server test-e7k81smk-0-n-b1780e5c144b

The above exception was the direct cause of the following exception:

Traceback (most recent call last):
  File "/opt/pipx/venvs/github-runner-manager/lib/python3.10/site-packages/github_runner_manager/manager/runner_manager.py", line 206, in _spawn_runners
    return (RunnerManager._create_runner(create_runner_args_sequence[0]),)
  File "/opt/pipx/venvs/github-runner-manager/lib/python3.10/site-packages/github_runner_manager/manager/runner_manager.py", line 539, in _create_runner
    args.cloud_runner_manager.create_runner(
  File "/opt/pipx/venvs/github-runner-manager/lib/python3.10/site-packages/github_runner_manager/openstack_cloud/openstack_runner_manager.py", line 117, in create_runner
    raise RunnerCreateError(
github_runner_manager.errors.RunnerCreateError: Failed to create RunnerIdentity(instance_id=InstanceID('test-e7k81smk-0-n-b1780e5c144b'), metadata=RunnerMetadata(platform_name=<Platform.GITHUB: 'github'>, runner_id='269121', url=None)) openstack runner
2025-12-16 02:46:37,326 - INFO - github_runner_manager.openstack_cloud.openstack_cloud - Getting all openstack servers managed by the charm
2025-12-16 02:46:38,391 - INFO - github_runner_manager.manager.runner_manager - list vms response: []
2025-12-16 02:46:39,220 - INFO - github_runner_manager.manager.runner_manager - runner health response RunnersHealthResponse(requested_runners=[], failed_requested_runners=[], non_requested_runners=[])
2025-12-16 02:46:39,221 - INFO - github_runner_manager.manager.runner_scaler - Found 0 busy runners: []
2025-12-16 02:46:39,221 - INFO - github_runner_manager.manager.runner_scaler - Found 0 idle runners: []
2025-12-16 02:46:39,221 - INFO - github_runner_manager.manager.runner_scaler - Found 0 offline runners that are healthy: []
2025-12-16 02:46:39,221 - INFO - github_runner_manager.manager.runner_scaler - Found 0 unhealthy runners: []
2025-12-16 02:46:39,221 - INFO - github_runner_manager.manager.runner_scaler - Current available runners (idle + healthy offline): set()
2025-12-16 02:46:39,221 - INFO - github_runner_manager.manager.runner_scaler - Current active runners: set()
2025-12-16 02:46:39,221 - INFO - github_runner_manager.manager.runner_scaler - Finished reconciliation.
2025-12-16 02:46:39,221 - INFO - github_runner_manager.reconcile_service - Change in number of runner after reconcile: 1
2025-12-16 02:46:39,221 - INFO - github_runner_manager.reconcile_service - End reconciliation
2025-12-16 02:46:39,805 - INFO - werkzeug - 127.0.0.1 - - [16/Dec/2025 02:46:39] "[35m[1mGET /health HTTP/1.1[0m" 204 -
2025-12-16 02:46:39,810 - INFO - github_runner_manager.http_server - Checking runners...
2025-12-16 02:46:39,828 - INFO - github_runner_manager.openstack_cloud.openstack_cloud - Getting all openstack servers managed by the charm
2025-12-16 02:46:40,178 - WARNING - github_runner_manager.openstack_cloud.openstack_cloud - The maximum compute API version 2.96 is greater than the supported version 2.91. Using the maximum supported version.
2025-12-16 02:46:41,021 - INFO - github_runner_manager.manager.runner_manager - list vms response: []
2025-12-16 02:46:41,679 - INFO - github_runner_manager.manager.runner_manager - runner health response RunnersHealthResponse(requested_runners=[], failed_requested_runners=[], non_requested_runners=[])
2025-12-16 02:46:41,679 - INFO - werkzeug - 127.0.0.1 - - [16/Dec/2025 02:46:41] "GET /runner/check HTTP/1.1" 200 -
2025-12-16 02:47:12,860 - INFO - werkzeug - 127.0.0.1 - - [16/Dec/2025 02:47:12] "[35m[1mGET /health HTTP/1.1[0m" 204 -
2025-12-16 02:47:12,866 - INFO - github_runner_manager.http_server - Checking runners...
2025-12-16 02:47:12,889 - INFO - github_runner_manager.openstack_cloud.openstack_cloud - Getting all openstack servers managed by the charm
2025-12-16 02:47:13,245 - WARNING - github_runner_manager.openstack_cloud.openstack_cloud - The maximum compute API version 2.96 is greater than the supported version 2.91. Using the maximum supported version.
2025-12-16 02:47:14,083 - INFO - github_runner_manager.manager.runner_manager - list vms response: []
2025-12-16 02:47:14,812 - INFO - github_runner_manager.manager.runner_manager - runner health response RunnersHealthResponse(requested_runners=[], failed_requested_runners=[], non_requested_runners=[])
2025-12-16 02:47:14,812 - INFO - werkzeug - 127.0.0.1 - - [16/Dec/2025 02:47:14] "GET /runner/check HTTP/1.1" 200 -
2025-12-16 02:47:45,869 - INFO - werkzeug - 127.0.0.1 - - [16/Dec/2025 02:47:45] "[35m[1mGET /health HTTP/1.1[0m" 204 -
2025-12-16 02:47:45,874 - INFO - github_runner_manager.http_server - Checking runners...
2025-12-16 02:47:45,896 - INFO - github_runner_manager.openstack_cloud.openstack_cloud - Getting all openstack servers managed by the charm
2025-12-16 02:47:46,267 - WARNING - github_runner_manager.openstack_cloud.openstack_cloud - The maximum compute API version 2.96 is greater than the supported version 2.91. Using the maximum supported version.
2025-12-16 02:47:47,203 - INFO - github_runner_manager.manager.runner_manager - list vms response: []
2025-12-16 02:47:47,891 - INFO - github_runner_manager.manager.runner_manager - runner health response RunnersHealthResponse(requested_runners=[], failed_requested_runners=[], non_requested_runners=[])
2025-12-16 02:47:47,892 - INFO - werkzeug - 127.0.0.1 - - [16/Dec/2025 02:47:47] "GET /runner/check HTTP/1.1" 200 -
2025-12-16 02:48:18,911 - INFO - werkzeug - 127.0.0.1 - - [16/Dec/2025 02:48:18] "[35m[1mGET /health HTTP/1.1[0m" 204 -
2025-12-16 02:48:18,917 - INFO - github_runner_manager.http_server - Checking runners...
2025-12-16 02:48:18,936 - INFO - github_runner_manager.openstack_cloud.openstack_cloud - Getting all openstack servers managed by the charm
2025-12-16 02:48:19,294 - WARNING - github_runner_manager.openstack_cloud.openstack_cloud - The maximum compute API version 2.96 is greater than the supported version 2.91. Using the maximum supported version.
2025-12-16 02:48:20,216 - INFO - github_runner_manager.manager.runner_manager - list vms response: []
2025-12-16 02:48:20,898 - INFO - github_runner_manager.manager.runner_manager - runner health response RunnersHealthResponse(requested_runners=[], failed_requested_runners=[], non_requested_runners=[])
2025-12-16 02:48:20,899 - INFO - werkzeug - 127.0.0.1 - - [16/Dec/2025 02:48:20] "GET /runner/check HTTP/1.1" 200 -
2025-12-16 02:48:39,276 - INFO - github_runner_manager.reconcile_service - Start reconciliation
2025-12-16 02:48:39,276 - INFO - github_runner_manager.reconcile_service - Reconcile ID: b99af8a5-dc86-4d73-b5eb-ba264b278dab
2025-12-16 02:48:39,302 - INFO - github_runner_manager.manager.runner_scaler - Start reconcile. base_quantity 1. max_quantity: 0.
2025-12-16 02:48:39,302 - INFO - github_runner_manager.manager.runner_manager - runner_manager::cleanup
2025-12-16 02:48:39,302 - INFO - github_runner_manager.openstack_cloud.openstack_cloud - Getting all openstack servers managed by the charm
2025-12-16 02:48:39,638 - WARNING - github_runner_manager.openstack_cloud.openstack_cloud - The maximum compute API version 2.96 is greater than the supported version 2.91. Using the maximum supported version.
2025-12-16 02:48:40,478 - INFO - github_runner_manager.manager.runner_manager - VMs: []
2025-12-16 02:48:41,193 - INFO - github_runner_manager.manager.runner_manager - Runner health: RunnersHealthResponse(requested_runners=[], failed_requested_runners=[], non_requested_runners=[])
2025-12-16 02:48:42,306 - INFO - github_runner_manager.openstack_cloud.openstack_cloud - Cleaning up SSH key files
2025-12-16 02:48:42,306 - INFO - github_runner_manager.openstack_cloud.openstack_cloud - Found 0 key files, clean up 0 key files
2025-12-16 02:48:42,306 - INFO - github_runner_manager.openstack_cloud.openstack_cloud - Cleaning up openstack keypairs
2025-12-16 02:48:42,340 - INFO - github_runner_manager.manager.runner_manager - Cleaning up platform runners: []
2025-12-16 02:48:42,341 - INFO - github_runner_manager.platform.github_provider - Delete runners from GitHub provider: []
2025-12-16 02:48:42,341 - INFO - github_runner_manager.manager.runner_manager - Cleaned up platform runners: []
2025-12-16 02:48:42,341 - INFO - github_runner_manager.manager.runner_manager - Extracting metrics from VMs: []
2025-12-16 02:48:42,341 - INFO - github_runner_manager.manager.runner_manager - Cleaning up VMs: []
2025-12-16 02:48:42,341 - INFO - github_runner_manager.manager.runner_manager - Cleaned up VMs: []
2025-12-16 02:48:42,341 - INFO - github_runner_manager.openstack_cloud.openstack_cloud - Getting all openstack servers managed by the charm
2025-12-16 02:48:43,306 - INFO - github_runner_manager.manager.runner_manager - list vms response: []
2025-12-16 02:48:44,061 - INFO - github_runner_manager.manager.runner_manager - runner health response RunnersHealthResponse(requested_runners=[], failed_requested_runners=[], non_requested_runners=[])
2025-12-16 02:48:44,061 - INFO - github_runner_manager.manager.runner_scaler - Reconcile runners from 0 to 1
2025-12-16 02:48:44,061 - INFO - github_runner_manager.manager.runner_manager - Creating 1 runners
2025-12-16 02:48:44,700 - INFO - github_runner_manager.openstack_cloud.openstack_cloud - Creating openstack server with RunnerIdentity(instance_id=InstanceID('test-e7k81smk-0-n-14e1bc5ee7e9'), metadata=RunnerMetadata(platform_name=<Platform.GITHUB: 'github'>, runner_id='269138', url=None))
2025-12-16 02:48:45,599 - ERROR - github_runner_manager.openstack_cloud.openstack_cloud - Failed to create openstack server test-e7k81smk-0-n-14e1bc5ee7e9
Traceback (most recent call last):
  File "/opt/pipx/venvs/github-runner-manager/lib/python3.10/site-packages/github_runner_manager/openstack_cloud/openstack_cloud.py", line 293, in launch_instance
    server = conn.create_server(
  File "/opt/pipx/venvs/github-runner-manager/lib/python3.10/site-packages/decorator.py", line 235, in fun
    return caller(func, *(extras + args), **kw)
  File "/opt/pipx/venvs/github-runner-manager/lib/python3.10/site-packages/openstack/cloud/_utils.py", line 233, in func_wrapper
    return func(*args, **kwargs)
  File "/opt/pipx/venvs/github-runner-manager/lib/python3.10/site-packages/openstack/cloud/_compute.py", line 1041, in create_server
    image_obj = self.image.find_image(image, ignore_missing=False)
  File "/opt/pipx/venvs/github-runner-manager/lib/python3.10/site-packages/openstack/image/v2/_proxy.py", line 922, in find_image
    return self._find(
  File "/opt/pipx/venvs/github-runner-manager/lib/python3.10/site-packages/openstack/proxy.py", line 661, in _find
    return resource_type.find(
  File "/opt/pipx/venvs/github-runner-manager/lib/python3.10/site-packages/openstack/image/v2/image.py", line 489, in find
    raise exceptions.NotFoundException(
openstack.exceptions.NotFoundException: No Image found for a03a9239-9e72-4b54-ad7d-f85dec8c01d2
2025-12-16 02:48:45,600 - INFO - github_runner_manager.openstack_cloud.openstack_cloud - Deleting key: test-e7k81smk-0-n-14e1bc5ee7e9
2025-12-16 02:48:45,629 - INFO - github_runner_manager.openstack_cloud.openstack_cloud - Deleted key: test-e7k81smk-0-n-14e1bc5ee7e9
2025-12-16 02:48:45,629 - WARNING - github_runner_manager.manager.runner_manager - Deleting runner test-e7k81smk-0-n-14e1bc5ee7e9 from platform after creation failed
2025-12-16 02:48:45,629 - INFO - github_runner_manager.platform.github_provider - Delete runners from GitHub provider: ['269138']
2025-12-16 02:48:46,054 - ERROR - github_runner_manager.manager.runner_manager - Failed to spawn a runner.
Traceback (most recent call last):
  File "/opt/pipx/venvs/github-runner-manager/lib/python3.10/site-packages/github_runner_manager/openstack_cloud/openstack_cloud.py", line 293, in launch_instance
    server = conn.create_server(
  File "/opt/pipx/venvs/github-runner-manager/lib/python3.10/site-packages/decorator.py", line 235, in fun
    return caller(func, *(extras + args), **kw)
  File "/opt/pipx/venvs/github-runner-manager/lib/python3.10/site-packages/openstack/cloud/_utils.py", line 233, in func_wrapper
    return func(*args, **kwargs)
  File "/opt/pipx/venvs/github-runner-manager/lib/python3.10/site-packages/openstack/cloud/_compute.py", line 1041, in create_server
    image_obj = self.image.find_image(image, ignore_missing=False)
  File "/opt/pipx/venvs/github-runner-manager/lib/python3.10/site-packages/openstack/image/v2/_proxy.py", line 922, in find_image
    return self._find(
  File "/opt/pipx/venvs/github-runner-manager/lib/python3.10/site-packages/openstack/proxy.py", line 661, in _find
    return resource_type.find(
  File "/opt/pipx/venvs/github-runner-manager/lib/python3.10/site-packages/openstack/image/v2/image.py", line 489, in find
    raise exceptions.NotFoundException(
openstack.exceptions.NotFoundException: No Image found for a03a9239-9e72-4b54-ad7d-f85dec8c01d2

The above exception was the direct cause of the following exception:

Traceback (most recent call last):
  File "/opt/pipx/venvs/github-runner-manager/lib/python3.10/site-packages/github_runner_manager/openstack_cloud/openstack_runner_manager.py", line 110, in create_runner
    instance = self._openstack_cloud.launch_instance(
  File "/opt/pipx/venvs/github-runner-manager/lib/python3.10/site-packages/github_runner_manager/openstack_cloud/openstack_cloud.py", line 183, in exception_handling_wrapper
    return func(*args, **kwargs)
  File "/opt/pipx/venvs/github-runner-manager/lib/python3.10/site-packages/github_runner_manager/openstack_cloud/openstack_cloud.py", line 330, in launch_instance
    raise OpenStackError(f"Failed to create openstack server {instance_id}") from err
github_runner_manager.errors.OpenStackError: Failed to create openstack server test-e7k81smk-0-n-14e1bc5ee7e9

The above exception was the direct cause of the following exception:

Traceback (most recent call last):
  File "/opt/pipx/venvs/github-runner-manager/lib/python3.10/site-packages/github_runner_manager/manager/runner_manager.py", line 206, in _spawn_runners
    return (RunnerManager._create_runner(create_runner_args_sequence[0]),)
  File "/opt/pipx/venvs/github-runner-manager/lib/python3.10/site-packages/github_runner_manager/manager/runner_manager.py", line 539, in _create_runner
    args.cloud_runner_manager.create_runner(
  File "/opt/pipx/venvs/github-runner-manager/lib/python3.10/site-packages/github_runner_manager/openstack_cloud/openstack_runner_manager.py", line 117, in create_runner
    raise RunnerCreateError(
github_runner_manager.errors.RunnerCreateError: Failed to create RunnerIdentity(instance_id=InstanceID('test-e7k81smk-0-n-14e1bc5ee7e9'), metadata=RunnerMetadata(platform_name=<Platform.GITHUB: 'github'>, runner_id='269138', url=None)) openstack runner
2025-12-16 02:48:46,055 - INFO - github_runner_manager.openstack_cloud.openstack_cloud - Getting all openstack servers managed by the charm
2025-12-16 02:48:46,989 - INFO - github_runner_manager.manager.runner_manager - list vms response: []
2025-12-16 02:48:47,631 - INFO - github_runner_manager.manager.runner_manager - runner health response RunnersHealthResponse(requested_runners=[], failed_requested_runners=[], non_requested_runners=[])
2025-12-16 02:48:47,631 - INFO - github_runner_manager.manager.runner_scaler - Found 0 busy runners: []
2025-12-16 02:48:47,632 - INFO - github_runner_manager.manager.runner_scaler - Found 0 idle runners: []
2025-12-16 02:48:47,632 - INFO - github_runner_manager.manager.runner_scaler - Found 0 offline runners that are healthy: []
2025-12-16 02:48:47,632 - INFO - github_runner_manager.manager.runner_scaler - Found 0 unhealthy runners: []
2025-12-16 02:48:47,632 - INFO - github_runner_manager.manager.runner_scaler - Current available runners (idle + healthy offline): set()
2025-12-16 02:48:47,632 - INFO - github_runner_manager.manager.runner_scaler - Current active runners: set()
2025-12-16 02:48:47,632 - INFO - github_runner_manager.manager.runner_scaler - Finished reconciliation.
2025-12-16 02:48:47,632 - INFO - github_runner_manager.reconcile_service - Change in number of runner after reconcile: 1
2025-12-16 02:48:47,632 - INFO - github_runner_manager.reconcile_service - End reconciliation
2025-12-16 02:48:51,956 - INFO - werkzeug - 127.0.0.1 - - [16/Dec/2025 02:48:51] "[35m[1mGET /health HTTP/1.1[0m" 204 -
2025-12-16 02:48:51,962 - INFO - github_runner_manager.http_server - Checking runners...
2025-12-16 02:48:51,985 - INFO - github_runner_manager.openstack_cloud.openstack_cloud - Getting all openstack servers managed by the charm
2025-12-16 02:48:52,337 - WARNING - github_runner_manager.openstack_cloud.openstack_cloud - The maximum compute API version 2.96 is greater than the supported version 2.91. Using the maximum supported version.
2025-12-16 02:48:53,282 - INFO - github_runner_manager.manager.runner_manager - list vms response: []
2025-12-16 02:48:53,907 - INFO - github_runner_manager.manager.runner_manager - runner health response RunnersHealthResponse(requested_runners=[], failed_requested_runners=[], non_requested_runners=[])
2025-12-16 02:48:53,908 - INFO - werkzeug - 127.0.0.1 - - [16/Dec/2025 02:48:53] "GET /runner/check HTTP/1.1" 200 -

02:49:26 INFO Reactive log: 
cat: '/var/log/reactive_runner/*.log': No such file or directory

02:49:27 INFO Metrics log: 
{"timestamp": 1765852499.2368512, "event": "reconciliation", "flavor": "test-e7k81smk", "crashed_runners": 0, "idle_runners": 0, "active_runners": 0, "expected_runners": 0, "duration": 7.179328203201294}
{"timestamp": 1765852556.505891, "event": "reconciliation", "flavor": "test-e7k81smk", "crashed_runners": 0, "idle_runners": 0, "active_runners": 0, "expected_runners": 1, "duration": 8.954669952392578}
{"timestamp": 1765852684.5913777, "event": "reconciliation", "flavor": "test-e7k81smk", "crashed_runners": 0, "idle_runners": 0, "active_runners": 0, "expected_runners": 1, "duration": 7.939111232757568}
{"timestamp": 1765852813.3234153, "event": "reconciliation", "flavor": "test-e7k81smk", "crashed_runners": 0, "idle_runners": 0, "active_runners": 0, "expected_runners": 1, "duration": 8.612598419189453}
{"timestamp": 1765852941.9343154, "event": "reconciliation", "flavor": "test-e7k81smk", "crashed_runners": 0, "idle_runners": 0, "active_runners": 0, "expected_runners": 1, "duration": 8.476107120513916}
{"timestamp": 1765853070.025106, "event": "reconciliation", "flavor": "test-e7k81smk", "crashed_runners": 0, "idle_runners": 0, "active_runners": 0, "expected_runners": 1, "duration": 7.971499919891357}
{"timestamp": 1765853199.2213206, "event": "reconciliation", "flavor": "test-e7k81smk", "crashed_runners": 0, "idle_runners": 0, "active_runners": 0, "expected_runners": 1, "duration": 9.119736671447754}
{"timestamp": 1765853327.632185, "event": "reconciliation", "flavor": "test-e7k81smk", "crashed_runners": 0, "idle_runners": 0, "active_runners": 0, "expected_runners": 1, "duration": 8.32963490486145}

02:49:28 INFO OpenStack servers: []
02:49:28 INFO Model status:

Model                      Controller           Cloud/Region         Version  SLA          Timestamp
test-charm-no-runner-ku6f  github-pr-0df78-lxd  localhost/localhost  3.6.12   unsupported  02:49:28Z

App                                   Version  Status  Scale  Charm          Channel      Rev  Exposed  Message
github-runner-image-builder-e7k81smk           active      1  any-charm      latest/beta  124  no       
test-e7k81smk                                  active      1  github-runner                 0  no       

Unit                                     Workload  Agent  Machine  Public address  Ports  Message
github-runner-image-builder-e7k81smk/0*  active    idle   0        10.228.152.200         
test-e7k81smk/0*                         active    idle   1        10.228.152.239         

Machine  State    Address         Inst id        Base          AZ             Message
0        started  10.228.152.200  juju-4528c8-0  ubuntu@24.04  github-runner  Running
1        started  10.228.152.239  juju-4528c8-1  ubuntu@22.04  github-runner  Running

02:49:28 INFO Juju error logs:

machine-0: 02:32:17 ERROR juju.worker.dependency "lxd-container-provisioner" manifold worker returned unexpected error: container types not yet available
machine-0: 02:32:17 ERROR juju.worker.dependency "kvm-container-provisioner" manifold worker returned unexpected error: container types not yet available
machine-1: 02:33:43 ERROR juju.worker.dependency "lxd-container-provisioner" manifold worker returned unexpected error: container types not yet available
machine-1: 02:33:43 ERROR juju.worker.dependency "kvm-container-provisioner" manifold worker returned unexpected error: container types not yet available
unit-test-e7k81smk-0: 02:34:48 ERROR unit.test-e7k81smk/0.juju-log Missing image integration.
Traceback (most recent call last):
  File "/var/lib/juju/agents/unit-test-e7k81smk-0/charm/./src/charm.py", line 119, in func_with_catch_errors
    func(self, event)
  File "/var/lib/juju/agents/unit-test-e7k81smk-0/charm/./src/charm.py", line 354, in _on_config_changed
    self._check_image_ready()
  File "/var/lib/juju/agents/unit-test-e7k81smk-0/charm/./src/charm.py", line 524, in _check_image_ready
    raise ImageIntegrationMissingError("No image integration found")
errors.ImageIntegrationMissingError: No image integration found
unit-test-e7k81smk-0: 02:34:49 ERROR unit.test-e7k81smk/0.juju-log Missing image integration.
Traceback (most recent call last):
  File "/var/lib/juju/agents/unit-test-e7k81smk-0/charm/./src/charm.py", line 119, in func_with_catch_errors
    func(self, event)
  File "/var/lib/juju/agents/unit-test-e7k81smk-0/charm/./src/charm.py", line 317, in _on_start
    self._check_image_ready()
  File "/var/lib/juju/agents/unit-test-e7k81smk-0/charm/./src/charm.py", line 524, in _check_image_ready
    raise ImageIntegrationMissingError("No image integration found")
errors.ImageIntegrationMissingError: No image integration found

02:49:28 INFO Forgetting model main...