18:52:42 INFO Waiting for model:
  test-jkxl9g49/0 [idle] active: 
18:53:12 INFO Waiting for model:
  test-jkxl9g49/0 [idle] active: 
18:53:15 INFO Current reconcile ID: 230ee908-c122-4416-abe0-5841a58ed364
18:53:15 INFO Waiting for reconcile ID: 230ee908-c122-4416-abe0-5841a58ed364
18:54:16 INFO Current reconcile ID: 230ee908-c122-4416-abe0-5841a58ed364
18:54:16 INFO Current reconcile ID: 230ee908-c122-4416-abe0-5841a58ed364, expected reconcile ID: 230ee908-c122-4416-abe0-5841a58ed364
18:54:16 INFO Waiting for reconcile ID: 230ee908-c122-4416-abe0-5841a58ed364
18:55:17 INFO Current reconcile ID: 7f3d406a-c355-4b3b-bd3e-1fd8b5320a36
18:55:17 INFO Current reconcile ID: 7f3d406a-c355-4b3b-bd3e-1fd8b5320a36, expected reconcile ID: 230ee908-c122-4416-abe0-5841a58ed364
18:55:17 INFO Waiting for model:
  test-jkxl9g49/0 [executing] active: 
18:55:47 INFO Waiting for model:
  test-jkxl9g49/0 [idle] active: 
18:55:55 INFO Current reconcile ID: f16d385b-2f9d-4c30-8b3b-ebda647f7acd
18:55:55 INFO Waiting for reconcile ID: f16d385b-2f9d-4c30-8b3b-ebda647f7acd
18:56:56 INFO Current reconcile ID: f16d385b-2f9d-4c30-8b3b-ebda647f7acd
18:56:56 INFO Current reconcile ID: f16d385b-2f9d-4c30-8b3b-ebda647f7acd, expected reconcile ID: f16d385b-2f9d-4c30-8b3b-ebda647f7acd
18:56:56 INFO Waiting for reconcile ID: f16d385b-2f9d-4c30-8b3b-ebda647f7acd
18:57:57 INFO Current reconcile ID: a64a15d6-5201-401a-a3e3-53c2f5652c27
18:57:57 INFO Current reconcile ID: a64a15d6-5201-401a-a3e3-53c2f5652c27, expected reconcile ID: f16d385b-2f9d-4c30-8b3b-ebda647f7acd
18:58:03 INFO Wait for condition not met, sleeping 30
18:58:46 INFO [TEST SETUP] Run command pkill -9 run.sh on test-jkxl9g49-0-n-51bfc04ad3f0
18:58:46 WARNING dict_values([[{'version': 4, 'addr': '10.151.122.131', 'OS-EXT-IPS:type': 'fixed', 'OS-EXT-IPS-MAC:mac_addr': 'fa:16:3e:f6:9d:a5'}]])
18:58:47 WARNING ssh_cmd: su - ubuntu -c 'ssh -i /home/runner-manager/.ssh/test-jkxl9g49-0-n-51bfc04ad3f0.key -o "StrictHostKeyChecking no" ubuntu@10.151.122.131 pkill -9 run.sh'
18:58:48 INFO Run command 'pkill -9 run.sh' in runner with result 0: 'None' 'Warning: Permanently added '10.151.122.131' (ED25519) to the list of known hosts.
'
18:58:50 INFO Runner test-jkxl9g49-0-n-51bfc04ad3f0 status: online
18:58:50 INFO Runner still marked as online, waiting for it to be marked offline
18:59:51 INFO Waiting for model:
  test-jkxl9g49/0 [idle] active: 
19:00:22 INFO Waiting for model:
  test-jkxl9g49/0 [idle] active: 
19:00:24 INFO Current reconcile ID: 8a3038a2-8935-4697-9805-6b8a6df64b57
19:00:24 INFO Waiting for reconcile ID: 8a3038a2-8935-4697-9805-6b8a6df64b57
19:01:25 INFO Current reconcile ID: 8a3038a2-8935-4697-9805-6b8a6df64b57
19:01:25 INFO Current reconcile ID: 8a3038a2-8935-4697-9805-6b8a6df64b57, expected reconcile ID: 8a3038a2-8935-4697-9805-6b8a6df64b57
19:01:25 INFO Waiting for reconcile ID: 8a3038a2-8935-4697-9805-6b8a6df64b57
19:02:26 INFO Current reconcile ID: ca176915-f12b-46bf-8e73-a9c15b3df226
19:02:26 INFO Current reconcile ID: ca176915-f12b-46bf-8e73-a9c15b3df226, expected reconcile ID: 8a3038a2-8935-4697-9805-6b8a6df64b57
19:02:27 INFO File content of /var/log/github-runner-metrics.log: {"timestamp": 1763578370.4102035, "event": "reconciliation", "flavor": "test-jkxl9g49", "crashed_runners": 0, "idle_runners": 0, "active_runners": 0, "expected_runners": 0, "duration": 7.0949883460998535}
{"timestamp": 1763578497.6376853, "event": "reconciliation", "flavor": "test-jkxl9g49", "crashed_runners": 0, "idle_runners": 0, "active_runners": 0, "expected_runners": 0, "duration": 7.165848016738892}
{"timestamp": 1763578528.3385677, "event": "reconciliation", "flavor": "test-jkxl9g49", "crashed_runners": 0, "idle_runners": 0, "active_runners": 0, "expected_runners": 1, "duration": 9.569897890090942}
{"timestamp": 1763578656.5614917, "event": "reconciliation", "flavor": "test-jkxl9g49", "crashed_runners": 0, "idle_runners": 0, "active_runners": 0, "expected_runners": 1, "duration": 8.117614507675171}
{"timestamp": 1763578661.0, "event": "runner_installed", "flavor": "test-jkxl9g49", "duration": 135.0}
{"timestamp": 1763578686.0, "event": "runner_start", "flavor": "test-jkxl9g49", "workflow": "Workflow Dispatch Crash Tests", "repo": "canonical/github-runner-operator", "github_event": "workflow_dispatch", "idle": 25.0, "queue_duration": 2.0}
{"timestamp": 1763578726.0, "event": "runner_stop", "flavor": "test-jkxl9g49", "workflow": "Workflow Dispatch Crash Tests", "repo": "canonical/github-runner-operator", "github_event": "workflow_dispatch", "status": "abnormal", "status_info": {"code": 137}, "job_duration": 40.0, "job_conclusion": "cancelled"}
{"timestamp": 1763578786.6177304, "event": "reconciliation", "flavor": "test-jkxl9g49", "crashed_runners": 0, "idle_runners": 0, "active_runners": 0, "expected_runners": 1, "duration": 9.960639238357544}
{"timestamp": 1763578800.2544024, "event": "reconciliation", "flavor": "test-jkxl9g49", "crashed_runners": 0, "idle_runners": 0, "active_runners": 0, "expected_runners": 0, "duration": 7.263413429260254}
{"timestamp": 1763578928.189037, "event": "reconciliation", "flavor": "test-jkxl9g49", "crashed_runners": 0, "idle_runners": 0, "active_runners": 0, "expected_runners": 0, "duration": 7.882982969284058}
19:02:30 INFO Model status:

Model                            Controller           Cloud/Region         Version  SLA          Timestamp
test-charm-metrics-failure-aofr  github-pr-1dbf2-lxd  localhost/localhost  3.6.11   unsupported  19:02:30Z

App                                   Version  Status  Scale  Charm                        Channel      Rev  Exposed  Message
github-runner-image-builder-jkxl9g49           active      1  github-runner-image-builder  latest/edge  133  no       
test-jkxl9g49                                  active      1  github-runner                               0  yes      

Unit                                     Workload  Agent  Machine  Public address  Ports     Message
github-runner-image-builder-jkxl9g49/0*  active    idle   0        10.220.57.109             
test-jkxl9g49/0*                         active    idle   1        10.220.57.13    8080/tcp  

Machine  State    Address        Inst id        Base          AZ             Message
0        started  10.220.57.109  juju-5346f2-0  ubuntu@22.04  github-runner  Running
1        started  10.220.57.13   juju-5346f2-1  ubuntu@22.04  github-runner  Running

19:02:30 INFO Juju error logs:

machine-1: 18:29:49 ERROR juju.worker.dependency "lxd-container-provisioner" manifold worker returned unexpected error: container types not yet available
machine-1: 18:29:49 ERROR juju.worker.dependency "kvm-container-provisioner" manifold worker returned unexpected error: container types not yet available
machine-0: 18:29:55 ERROR juju.worker.dependency "kvm-container-provisioner" manifold worker returned unexpected error: container types not yet available
machine-0: 18:29:55 ERROR juju.worker.dependency "lxd-container-provisioner" manifold worker returned unexpected error: container types not yet available
unit-github-runner-image-builder-jkxl9g49-0: 18:30:32 ERROR unit.github-runner-image-builder-jkxl9g49/0.juju-log Pipx command failed, code: 1, out: None, err: None
unit-test-jkxl9g49-0: 18:30:33 ERROR unit.test-jkxl9g49/0.juju-log Missing image integration.
Traceback (most recent call last):
  File "/var/lib/juju/agents/unit-test-jkxl9g49-0/charm/./src/charm.py", line 118, in func_with_catch_errors
    func(self, event)
  File "/var/lib/juju/agents/unit-test-jkxl9g49-0/charm/./src/charm.py", line 342, in _on_config_changed
    self._check_image_ready()
  File "/var/lib/juju/agents/unit-test-jkxl9g49-0/charm/./src/charm.py", line 512, in _check_image_ready
    raise ImageIntegrationMissingError("No image integration found")
errors.ImageIntegrationMissingError: No image integration found
unit-test-jkxl9g49-0: 18:30:34 ERROR unit.test-jkxl9g49/0.juju-log Missing image integration.
Traceback (most recent call last):
  File "/var/lib/juju/agents/unit-test-jkxl9g49-0/charm/./src/charm.py", line 118, in func_with_catch_errors
    func(self, event)
  File "/var/lib/juju/agents/unit-test-jkxl9g49-0/charm/./src/charm.py", line 313, in _on_start
    self._check_image_ready()
  File "/var/lib/juju/agents/unit-test-jkxl9g49-0/charm/./src/charm.py", line 512, in _check_image_ready
    raise ImageIntegrationMissingError("No image integration found")
errors.ImageIntegrationMissingError: No image integration found
unit-test-jkxl9g49-0: 18:32:07 ERROR unit.test-jkxl9g49/0.juju-log image:0: Missing image in image integration.
Traceback (most recent call last):
  File "/var/lib/juju/agents/unit-test-jkxl9g49-0/charm/./src/charm.py", line 118, in func_with_catch_errors
    func(self, event)
  File "/var/lib/juju/agents/unit-test-jkxl9g49-0/charm/./src/charm.py", line 477, in _on_image_relation_changed
    self._check_image_ready()
  File "/var/lib/juju/agents/unit-test-jkxl9g49-0/charm/./src/charm.py", line 514, in _check_image_ready
    raise ImageNotFoundError("No image found in the image integration")
errors.ImageNotFoundError: No image found in the image integration
unit-github-runner-image-builder-jkxl9g49-0: 18:32:25 ERROR unit.github-runner-image-builder-jkxl9g49/0.juju-log image:0: Image build failed, code: 1, out: , err: None, stdout: 

19:02:30 INFO Forgetting model main...