18:18:31 WARNING unexpected facade SSHServer received from the controller
18:18:31 INFO Adding model github-pr-bbd2f-lxd:test-charm-upgrade-05d3 on cloud localhost
18:18:31 WARNING unexpected facade SSHServer received from the controller
18:18:31 WARNING unexpected facade SSHSession received from the controller
18:18:31 WARNING unexpected facade SSHTunneler received from the controller
18:18:32 INFO Deploying fake image builder via any-charm for image ID 1ad6e456-fa35-47ef-988f-1e793a60f258
18:18:34 INFO Deploying ch:amd64/noble/any-charm-124
18:18:55 INFO Deploying local:jammy/github-runner-0
18:18:55 INFO Waiting for model:
  test-k0brdypv/0 [allocating] waiting: waiting for machine
  github-runner-image-builder-k0brdypv/0 [allocating] waiting: waiting for machine
18:19:25 INFO Waiting for model:
  test-k0brdypv/0 [allocating] waiting: waiting for machine
  github-runner-image-builder-k0brdypv/0 [allocating] waiting: waiting for machine
18:19:55 INFO Waiting for model:
  test-k0brdypv/0 [allocating] waiting: waiting for machine
  github-runner-image-builder-k0brdypv/0 [idle] active: 
18:20:25 INFO Waiting for model:
  test-k0brdypv/0 [allocating] waiting: waiting for machine
18:20:55 INFO Waiting for model:
  test-k0brdypv/0 [allocating] waiting: agent initialising
18:21:25 INFO Waiting for model:
  test-k0brdypv/0 [executing] maintenance: installing charm software
18:21:55 INFO Waiting for model:
  test-k0brdypv/0 [executing] maintenance: Update image for runners
18:22:26 INFO Waiting for model:
  test-k0brdypv/0 [idle] active: 
18:24:26 INFO Waiting for model:
  test-k0brdypv/0 [idle] active:
18:24:58 INFO Model status:

Model                    Controller           Cloud/Region         Version  SLA          Timestamp
test-charm-upgrade-05d3  github-pr-bbd2f-lxd  localhost/localhost  3.6.12   unsupported  18:24:58Z

App                                   Version  Status  Scale  Charm          Channel      Rev  Exposed  Message
github-runner-image-builder-k0brdypv           active      1  any-charm      latest/beta  124  no       
test-k0brdypv                                  active      1  github-runner                 1  no       

Unit                                     Workload  Agent  Machine  Public address  Ports  Message
github-runner-image-builder-k0brdypv/0*  active    idle   0        10.14.242.200          
test-k0brdypv/0*                         active    idle   1        10.14.242.60           

Machine  State    Address        Inst id        Base          AZ             Message
0        started  10.14.242.200  juju-e03d6d-0  ubuntu@24.04  github-runner  Running
1        started  10.14.242.60   juju-e03d6d-1  ubuntu@22.04  github-runner  Running

18:24:58 INFO Juju error logs:

machine-0: 18:19:35 ERROR juju.worker.dependency "lxd-container-provisioner" manifold worker returned unexpected error: container types not yet available
machine-0: 18:19:35 ERROR juju.worker.dependency "kvm-container-provisioner" manifold worker returned unexpected error: container types not yet available
machine-1: 18:20:47 ERROR juju.worker.dependency "kvm-container-provisioner" manifold worker returned unexpected error: container types not yet available
machine-1: 18:20:47 ERROR juju.worker.dependency "lxd-container-provisioner" manifold worker returned unexpected error: container types not yet available
unit-test-k0brdypv-0: 18:21:51 ERROR unit.test-k0brdypv/0.juju-log Missing image integration.
Traceback (most recent call last):
  File "/var/lib/juju/agents/unit-test-k0brdypv-0/charm/./src/charm.py", line 119, in func_with_catch_errors
    func(self, event)
  File "/var/lib/juju/agents/unit-test-k0brdypv-0/charm/./src/charm.py", line 354, in _on_config_changed
    self._check_image_ready()
  File "/var/lib/juju/agents/unit-test-k0brdypv-0/charm/./src/charm.py", line 524, in _check_image_ready
    raise ImageIntegrationMissingError("No image integration found")
errors.ImageIntegrationMissingError: No image integration found
unit-test-k0brdypv-0: 18:21:52 ERROR unit.test-k0brdypv/0.juju-log Missing image integration.
Traceback (most recent call last):
  File "/var/lib/juju/agents/unit-test-k0brdypv-0/charm/./src/charm.py", line 119, in func_with_catch_errors
    func(self, event)
  File "/var/lib/juju/agents/unit-test-k0brdypv-0/charm/./src/charm.py", line 317, in _on_start
    self._check_image_ready()
  File "/var/lib/juju/agents/unit-test-k0brdypv-0/charm/./src/charm.py", line 524, in _check_image_ready
    raise ImageIntegrationMissingError("No image integration found")
errors.ImageIntegrationMissingError: No image integration found

18:24:58 INFO Forgetting model main...