18:24:12 WARNING unexpected facade SSHServer received from the controller
18:24:12 INFO Adding model github-pr-b87fd-lxd:test-charm-upgrade-hobs on cloud localhost
18:24:12 WARNING unexpected facade SSHServer received from the controller
18:24:12 WARNING unexpected facade SSHSession received from the controller
18:24:12 WARNING unexpected facade SSHTunneler received from the controller
18:24:13 INFO Deploying fake image builder via any-charm for image ID 1ad6e456-fa35-47ef-988f-1e793a60f258
18:24:15 INFO Deploying ch:amd64/noble/any-charm-133
18:24:31 INFO Deploying local:jammy/github-runner-0
18:24:31 INFO Waiting for model:
  test-c10hz4cv/0 [allocating] waiting: waiting for machine
  github-runner-image-builder-c10hz4cv/0 [allocating] waiting: waiting for machine
18:25:01 INFO Waiting for model:
  test-c10hz4cv/0 [allocating] waiting: waiting for machine
  github-runner-image-builder-c10hz4cv/0 [allocating] waiting: waiting for machine
18:25:31 INFO Waiting for model:
  test-c10hz4cv/0 [allocating] waiting: waiting for machine
  github-runner-image-builder-c10hz4cv/0 [idle] active: 
18:26:01 INFO Waiting for model:
  test-c10hz4cv/0 [allocating] waiting: agent initialising
18:26:31 INFO Waiting for model:
  test-c10hz4cv/0 [executing] maintenance: installing charm software
18:27:01 INFO Waiting for model:
  test-c10hz4cv/0 [executing] maintenance: Update image for runners
18:27:31 INFO Waiting for model:
  test-c10hz4cv/0 [idle] active: 
18:29:26 INFO Waiting for model:
  test-c10hz4cv/0 [idle] active:
18:29:58 INFO Model status:

Model                    Controller           Cloud/Region         Version  SLA          Timestamp
test-charm-upgrade-hobs  github-pr-b87fd-lxd  localhost/localhost  3.6.14   unsupported  18:29:58Z

App                                   Version  Status  Scale  Charm          Channel      Rev  Exposed  Message
github-runner-image-builder-c10hz4cv           active      1  any-charm      latest/beta  133  no       
test-c10hz4cv                                  active      1  github-runner                 1  no       

Unit                                     Workload  Agent  Machine  Public address  Ports  Message
github-runner-image-builder-c10hz4cv/0*  active    idle   0        10.221.110.167         
test-c10hz4cv/0*                         active    idle   1        10.221.110.143         

Machine  State    Address         Inst id        Base          AZ             Message
0        started  10.221.110.167  juju-ce25d9-0  ubuntu@24.04  github-runner  Running
1        started  10.221.110.143  juju-ce25d9-1  ubuntu@22.04  github-runner  Running

18:29:58 INFO Juju error logs:

machine-0: 18:25:06 ERROR juju.worker.dependency "kvm-container-provisioner" manifold worker returned unexpected error: container types not yet available
machine-0: 18:25:06 ERROR juju.worker.dependency "lxd-container-provisioner" manifold worker returned unexpected error: container types not yet available
machine-1: 18:25:59 ERROR juju.worker.dependency "kvm-container-provisioner" manifold worker returned unexpected error: container types not yet available
machine-1: 18:25:59 ERROR juju.worker.dependency "lxd-container-provisioner" manifold worker returned unexpected error: container types not yet available
unit-test-c10hz4cv-0: 18:26:53 ERROR unit.test-c10hz4cv/0.juju-log Missing image integration.
Traceback (most recent call last):
  File "/var/lib/juju/agents/unit-test-c10hz4cv-0/charm/./src/charm.py", line 120, in func_with_catch_errors
    func(self, event)
  File "/var/lib/juju/agents/unit-test-c10hz4cv-0/charm/./src/charm.py", line 366, in _on_config_changed
    self._check_image_ready()
  File "/var/lib/juju/agents/unit-test-c10hz4cv-0/charm/./src/charm.py", line 536, in _check_image_ready
    raise ImageIntegrationMissingError("No image integration found")
errors.ImageIntegrationMissingError: No image integration found
unit-test-c10hz4cv-0: 18:26:54 ERROR unit.test-c10hz4cv/0.juju-log Missing image integration.
Traceback (most recent call last):
  File "/var/lib/juju/agents/unit-test-c10hz4cv-0/charm/./src/charm.py", line 120, in func_with_catch_errors
    func(self, event)
  File "/var/lib/juju/agents/unit-test-c10hz4cv-0/charm/./src/charm.py", line 329, in _on_start
    self._check_image_ready()
  File "/var/lib/juju/agents/unit-test-c10hz4cv-0/charm/./src/charm.py", line 536, in _check_image_ready
    raise ImageIntegrationMissingError("No image integration found")
errors.ImageIntegrationMissingError: No image integration found

18:29:58 INFO Forgetting model main...