18:50:15 INFO Waiting for model:
  test-hv9vohdc/0 [idle] active: 
18:50:32 INFO Current reconcile ID: 6709d599-3f57-4b1e-acbe-40e59b6abb7b
18:50:32 INFO Waiting for reconcile ID: 6709d599-3f57-4b1e-acbe-40e59b6abb7b
18:51:33 INFO Current reconcile ID: 6709d599-3f57-4b1e-acbe-40e59b6abb7b
18:51:33 INFO Current reconcile ID: 6709d599-3f57-4b1e-acbe-40e59b6abb7b, expected reconcile ID: 6709d599-3f57-4b1e-acbe-40e59b6abb7b
18:51:33 INFO Waiting for reconcile ID: 6709d599-3f57-4b1e-acbe-40e59b6abb7b
18:52:34 INFO Current reconcile ID: 08f722a1-ebff-465f-bbc7-bb5848d62a41
18:52:34 INFO Current reconcile ID: 08f722a1-ebff-465f-bbc7-bb5848d62a41, expected reconcile ID: 6709d599-3f57-4b1e-acbe-40e59b6abb7b
18:52:37 INFO Model status:

Model                      Controller           Cloud/Region         Version  SLA          Timestamp
test-charm-no-runner-sas6  github-pr-a94c6-lxd  localhost/localhost  3.6.11   unsupported  18:52:37Z

App                                   Version  Status  Scale  Charm                        Channel      Rev  Exposed  Message
github-runner-image-builder-hv9vohdc           active      1  github-runner-image-builder  latest/edge  128  no       
test-hv9vohdc                                  active      1  github-runner                               0  no       

Unit                                     Workload  Agent  Machine  Public address  Ports  Message
github-runner-image-builder-hv9vohdc/0*  active    idle   0        10.82.241.158          
test-hv9vohdc/0*                         active    idle   1        10.82.241.169          

Machine  State    Address        Inst id        Base          AZ             Message
0        started  10.82.241.158  juju-d0c919-0  ubuntu@22.04  github-runner  Running
1        started  10.82.241.169  juju-d0c919-1  ubuntu@22.04  github-runner  Running

18:52:37 INFO Juju error logs:

machine-0: 18:26:54 ERROR juju.worker.dependency "lxd-container-provisioner" manifold worker returned unexpected error: container types not yet available
machine-0: 18:26:54 ERROR juju.worker.dependency "kvm-container-provisioner" manifold worker returned unexpected error: container types not yet available
machine-1: 18:27:05 ERROR juju.worker.dependency "kvm-container-provisioner" manifold worker returned unexpected error: container types not yet available
machine-1: 18:27:05 ERROR juju.worker.dependency "lxd-container-provisioner" manifold worker returned unexpected error: container types not yet available
unit-github-runner-image-builder-hv9vohdc-0: 18:27:33 ERROR unit.github-runner-image-builder-hv9vohdc/0.juju-log Pipx command failed, code: 1, out: None, err: None
unit-test-hv9vohdc-0: 18:27:52 ERROR unit.test-hv9vohdc/0.juju-log Missing image integration.
Traceback (most recent call last):
  File "/var/lib/juju/agents/unit-test-hv9vohdc-0/charm/./src/charm.py", line 118, in func_with_catch_errors
    func(self, event)
  File "/var/lib/juju/agents/unit-test-hv9vohdc-0/charm/./src/charm.py", line 342, in _on_config_changed
    self._check_image_ready()
  File "/var/lib/juju/agents/unit-test-hv9vohdc-0/charm/./src/charm.py", line 512, in _check_image_ready
    raise ImageIntegrationMissingError("No image integration found")
errors.ImageIntegrationMissingError: No image integration found
unit-test-hv9vohdc-0: 18:27:53 ERROR unit.test-hv9vohdc/0.juju-log Missing image integration.
Traceback (most recent call last):
  File "/var/lib/juju/agents/unit-test-hv9vohdc-0/charm/./src/charm.py", line 118, in func_with_catch_errors
    func(self, event)
  File "/var/lib/juju/agents/unit-test-hv9vohdc-0/charm/./src/charm.py", line 313, in _on_start
    self._check_image_ready()
  File "/var/lib/juju/agents/unit-test-hv9vohdc-0/charm/./src/charm.py", line 512, in _check_image_ready
    raise ImageIntegrationMissingError("No image integration found")
errors.ImageIntegrationMissingError: No image integration found
unit-test-hv9vohdc-0: 18:28:58 ERROR unit.test-hv9vohdc/0.juju-log image:0: Missing image in image integration.
Traceback (most recent call last):
  File "/var/lib/juju/agents/unit-test-hv9vohdc-0/charm/./src/charm.py", line 118, in func_with_catch_errors
    func(self, event)
  File "/var/lib/juju/agents/unit-test-hv9vohdc-0/charm/./src/charm.py", line 477, in _on_image_relation_changed
    self._check_image_ready()
  File "/var/lib/juju/agents/unit-test-hv9vohdc-0/charm/./src/charm.py", line 514, in _check_image_ready
    raise ImageNotFoundError("No image found in the image integration")
errors.ImageNotFoundError: No image found in the image integration

18:52:37 INFO Forgetting model main...