18:26:11 WARNING unexpected facade SSHServer received from the controller
18:26:11 INFO Adding model github-pr-a94c6-lxd:test-charm-fork-repo-otxy on cloud localhost
18:26:11 WARNING unexpected facade SSHServer received from the controller
18:26:11 WARNING unexpected facade SSHSession received from the controller
18:26:11 WARNING unexpected facade SSHTunneler received from the controller
18:26:13 INFO Deploying ch:amd64/jammy/github-runner-image-builder-128
18:26:27 INFO Deploying local:jammy/github-runner-0
18:26:27 INFO Waiting for model:
  test-nut1sf49/0 [allocating] waiting: waiting for machine
  github-runner-image-builder-nut1sf49/0 [allocating] waiting: waiting for machine
18:26:58 INFO Waiting for model:
  test-nut1sf49/0 [allocating] waiting: waiting for machine
  github-runner-image-builder-nut1sf49/0 [allocating] waiting: agent initialising
18:27:28 INFO Waiting for model:
  test-nut1sf49/0 [executing] maintenance: installing charm software
  github-runner-image-builder-nut1sf49/0 [executing] maintenance: Setting up Builder.
18:27:59 INFO Waiting for model:
  test-nut1sf49/0 [executing] maintenance: installing charm software
  github-runner-image-builder-nut1sf49/0 [executing] maintenance: Setting up Builder.
18:28:29 INFO Waiting for model:
  test-nut1sf49/0 [idle] blocked: Please provide image integration.
  github-runner-image-builder-nut1sf49/0 [executing] maintenance: Setting up Builder.
18:28:59 INFO Waiting for model:
  test-nut1sf49/0 [executing] blocked: Please provide image integration.
  github-runner-image-builder-nut1sf49/0 [executing] active: Waiting for first image.
18:29:30 INFO Waiting for model:
  test-nut1sf49/0 [idle] waiting: Waiting for image over integration.
  github-runner-image-builder-nut1sf49/0 [executing] active: Building image.
18:30:00 INFO Waiting for model:
  test-nut1sf49/0 [idle] waiting: Waiting for image over integration.
  github-runner-image-builder-nut1sf49/0 [executing] active: Building image.
18:30:30 INFO Waiting for model:
  test-nut1sf49/0 [idle] waiting: Waiting for image over integration.
  github-runner-image-builder-nut1sf49/0 [executing] active: Building image.
18:31:01 INFO Waiting for model:
  test-nut1sf49/0 [idle] waiting: Waiting for image over integration.
  github-runner-image-builder-nut1sf49/0 [executing] active: Building image.
18:31:31 INFO Waiting for model:
  test-nut1sf49/0 [idle] waiting: Waiting for image over integration.
  github-runner-image-builder-nut1sf49/0 [executing] active: Building image.
18:32:01 INFO Waiting for model:
  test-nut1sf49/0 [idle] waiting: Waiting for image over integration.
  github-runner-image-builder-nut1sf49/0 [executing] active: Building image.
18:32:32 INFO Waiting for model:
  test-nut1sf49/0 [idle] waiting: Waiting for image over integration.
  github-runner-image-builder-nut1sf49/0 [executing] active: Building image.
18:33:02 INFO Waiting for model:
  test-nut1sf49/0 [idle] waiting: Waiting for image over integration.
  github-runner-image-builder-nut1sf49/0 [executing] active: Building image.
18:33:33 INFO Waiting for model:
  test-nut1sf49/0 [idle] waiting: Waiting for image over integration.
  github-runner-image-builder-nut1sf49/0 [executing] active: Building image.
18:34:03 INFO Waiting for model:
  test-nut1sf49/0 [idle] waiting: Waiting for image over integration.
  github-runner-image-builder-nut1sf49/0 [executing] active: Building image.
18:34:33 INFO Waiting for model:
  test-nut1sf49/0 [idle] waiting: Waiting for image over integration.
  github-runner-image-builder-nut1sf49/0 [executing] active: Building image.
18:35:04 INFO Waiting for model:
  test-nut1sf49/0 [idle] waiting: Waiting for image over integration.
  github-runner-image-builder-nut1sf49/0 [executing] active: Building image.
18:35:34 INFO Waiting for model:
  test-nut1sf49/0 [idle] waiting: Waiting for image over integration.
  github-runner-image-builder-nut1sf49/0 [executing] active: Building image.
18:36:04 INFO Waiting for model:
  test-nut1sf49/0 [idle] waiting: Waiting for image over integration.
  github-runner-image-builder-nut1sf49/0 [executing] active: Building image.
18:36:35 INFO Waiting for model:
  test-nut1sf49/0 [idle] waiting: Waiting for image over integration.
  github-runner-image-builder-nut1sf49/0 [executing] active: Building image.
18:37:05 INFO Waiting for model:
  test-nut1sf49/0 [idle] waiting: Waiting for image over integration.
  github-runner-image-builder-nut1sf49/0 [executing] active: Building image.
18:37:35 INFO Waiting for model:
  test-nut1sf49/0 [idle] waiting: Waiting for image over integration.
  github-runner-image-builder-nut1sf49/0 [executing] active: Building image.
18:38:06 INFO Waiting for model:
  test-nut1sf49/0 [idle] waiting: Waiting for image over integration.
  github-runner-image-builder-nut1sf49/0 [executing] active: Building image.
18:38:36 INFO Waiting for model:
  test-nut1sf49/0 [idle] waiting: Waiting for image over integration.
  github-runner-image-builder-nut1sf49/0 [executing] active: Building image.
18:39:07 INFO Waiting for model:
  test-nut1sf49/0 [idle] waiting: Waiting for image over integration.
  github-runner-image-builder-nut1sf49/0 [executing] active: Building image.
18:39:37 INFO Waiting for model:
  test-nut1sf49/0 [idle] waiting: Waiting for image over integration.
  github-runner-image-builder-nut1sf49/0 [executing] active: Building image.
18:40:08 INFO Waiting for model:
  test-nut1sf49/0 [idle] waiting: Waiting for image over integration.
  github-runner-image-builder-nut1sf49/0 [executing] active: Building image.
18:40:38 INFO Waiting for model:
  test-nut1sf49/0 [idle] waiting: Waiting for image over integration.
  github-runner-image-builder-nut1sf49/0 [executing] active: Building image.
18:41:08 INFO Waiting for model:
  test-nut1sf49/0 [idle] waiting: Waiting for image over integration.
  github-runner-image-builder-nut1sf49/0 [executing] active: Building image.
18:41:38 INFO Waiting for model:
  test-nut1sf49/0 [idle] waiting: Waiting for image over integration.
  github-runner-image-builder-nut1sf49/0 [executing] active: Building image.
18:42:08 INFO Waiting for model:
  test-nut1sf49/0 [idle] waiting: Waiting for image over integration.
  github-runner-image-builder-nut1sf49/0 [executing] active: Building image.
18:42:39 INFO Waiting for model:
  test-nut1sf49/0 [idle] waiting: Waiting for image over integration.
  github-runner-image-builder-nut1sf49/0 [executing] active: Building image.
18:43:09 INFO Waiting for model:
  test-nut1sf49/0 [idle] waiting: Waiting for image over integration.
  github-runner-image-builder-nut1sf49/0 [executing] active: Building image.
18:43:40 INFO Waiting for model:
  test-nut1sf49/0 [idle] waiting: Waiting for image over integration.
  github-runner-image-builder-nut1sf49/0 [executing] active: Building image.
18:44:10 INFO Waiting for model:
  test-nut1sf49/0 [executing] maintenance: Update image for runners
  github-runner-image-builder-nut1sf49/0 [idle] active: 
18:44:41 INFO Waiting for model:
  test-nut1sf49/0 [idle] active: 
18:44:45 INFO GitHub token rate limit: Rate(reset=2025-11-09 19:26:13+00:00, remaining=4943, limit=5000)
18:45:36 INFO Waiting for model:
  test-nut1sf49/0 [idle] active: 
18:46:06 INFO Waiting for model:
  test-nut1sf49/0 [executing] active: 
18:46:25 INFO Current reconcile ID: 69e66728-2909-4ff2-a66f-2e77e637eab6
18:46:25 INFO Waiting for reconcile ID: 69e66728-2909-4ff2-a66f-2e77e637eab6
18:47:26 INFO Current reconcile ID: 69e66728-2909-4ff2-a66f-2e77e637eab6
18:47:26 INFO Current reconcile ID: 69e66728-2909-4ff2-a66f-2e77e637eab6, expected reconcile ID: 69e66728-2909-4ff2-a66f-2e77e637eab6
18:47:26 INFO Waiting for reconcile ID: 69e66728-2909-4ff2-a66f-2e77e637eab6
18:48:27 INFO Current reconcile ID: 70772152-4d6b-4708-8b90-9cc45ed1d3a6
18:48:27 INFO Current reconcile ID: 70772152-4d6b-4708-8b90-9cc45ed1d3a6, expected reconcile ID: 69e66728-2909-4ff2-a66f-2e77e637eab6
18:48:31 INFO [TEST SETUP] Exposing port 8080 on test-nut1sf49-0-n-d8ba912236aa
18:48:31 WARNING dict_values([[{'version': 4, 'addr': '10.151.122.62', 'OS-EXT-IPS:type': 'fixed', 'OS-EXT-IPS-MAC:mac_addr': 'fa:16:3e:3d:e2:df'}]])
18:48:32 INFO ssh tunnel command ssh -fNT -R 8080:localhost:8080 -i /home/runner-manager/.ssh/test-nut1sf49-0-n-d8ba912236aa.key -o "StrictHostKeyChecking no" -o "ControlPersist yes" ubuntu@10.151.122.62 &
18:48:33 INFO ssh tunnel result 0 None Warning: Permanently added '10.151.122.62' (ED25519) to the list of known hosts.

18:48:34 INFO [TEST SETUP] Run command nc -z localhost 8080 on test-nut1sf49-0-n-d8ba912236aa
18:48:34 WARNING dict_values([[{'version': 4, 'addr': '10.151.122.62', 'OS-EXT-IPS:type': 'fixed', 'OS-EXT-IPS-MAC:mac_addr': 'fa:16:3e:3d:e2:df'}]])
18:48:35 WARNING ssh_cmd: su - ubuntu -c 'ssh -i /home/runner-manager/.ssh/test-nut1sf49-0-n-d8ba912236aa.key -o "StrictHostKeyChecking no" ubuntu@10.151.122.62 nc -z localhost 8080'
18:48:36 INFO Run command 'nc -z localhost 8080' in runner with result 0: 'None' 'Connection to localhost (127.0.0.1) 8080 port [tcp/http-alt] succeeded!
'
18:48:37 INFO [TEST SETUP] Run command curl http://localhost:8080 on test-nut1sf49-0-n-d8ba912236aa
18:48:37 WARNING dict_values([[{'version': 4, 'addr': '10.151.122.62', 'OS-EXT-IPS:type': 'fixed', 'OS-EXT-IPS-MAC:mac_addr': 'fa:16:3e:3d:e2:df'}]])
18:48:38 WARNING ssh_cmd: su - ubuntu -c 'ssh -i /home/runner-manager/.ssh/test-nut1sf49-0-n-d8ba912236aa.key -o "StrictHostKeyChecking no" ubuntu@10.151.122.62 curl http://localhost:8080'
18:48:39 INFO Run command 'curl http://localhost:8080' in runner with result 0: '<!doctype html>
<html lang=en>
<title>404 Not Found</title>
<h1>Not Found</h1>
<p>The requested URL was not found on the server. If you entered the URL manually please check your spelling and try again.</p>
' '  % Total    % Received % Xferd  Average Speed   Time    Time     Time  Current
                                 Dload  Upload   Total   Spent    Left  Speed
  0     0    0     0    0     0      0      0 --:--:-- --:--:-- --:--:--     0100   207  100   207    0     0   108k      0 --:--:-- --:--:-- --:--:--  202k
'
18:48:40 INFO Wait for condition not met, sleeping 10
18:48:51 INFO Wait for condition not met, sleeping 60
18:49:57 INFO Model status:

Model                      Controller           Cloud/Region         Version  SLA          Timestamp
test-charm-fork-repo-otxy  github-pr-a94c6-lxd  localhost/localhost  3.6.11   unsupported  18:49:57Z

App                                   Version  Status  Scale  Charm                        Channel      Rev  Exposed  Message
github-runner-image-builder-nut1sf49           active      1  github-runner-image-builder  latest/edge  128  no       
test-nut1sf49                                  active      1  github-runner                               0  yes      

Unit                                     Workload  Agent  Machine  Public address  Ports     Message
github-runner-image-builder-nut1sf49/0*  active    idle   0        10.59.245.159             
test-nut1sf49/0*                         active    idle   1        10.59.245.13    8080/tcp  

Machine  State    Address        Inst id        Base          AZ             Message
0        started  10.59.245.159  juju-f06c89-0  ubuntu@22.04  github-runner  Running
1        started  10.59.245.13   juju-f06c89-1  ubuntu@22.04  github-runner  Running

18:49:57 INFO Juju error logs:

machine-0: 18:26:58 ERROR juju.worker.dependency "lxd-container-provisioner" manifold worker returned unexpected error: container types not yet available
machine-0: 18:26:58 ERROR juju.worker.dependency "kvm-container-provisioner" manifold worker returned unexpected error: container types not yet available
machine-1: 18:27:02 ERROR juju.worker.dependency "lxd-container-provisioner" manifold worker returned unexpected error: container types not yet available
machine-1: 18:27:02 ERROR juju.worker.dependency "kvm-container-provisioner" manifold worker returned unexpected error: container types not yet available
unit-github-runner-image-builder-nut1sf49-0: 18:27:36 ERROR unit.github-runner-image-builder-nut1sf49/0.juju-log Pipx command failed, code: 1, out: None, err: None
unit-test-nut1sf49-0: 18:27:59 ERROR unit.test-nut1sf49/0.juju-log Missing image integration.
Traceback (most recent call last):
  File "/var/lib/juju/agents/unit-test-nut1sf49-0/charm/./src/charm.py", line 118, in func_with_catch_errors
    func(self, event)
  File "/var/lib/juju/agents/unit-test-nut1sf49-0/charm/./src/charm.py", line 342, in _on_config_changed
    self._check_image_ready()
  File "/var/lib/juju/agents/unit-test-nut1sf49-0/charm/./src/charm.py", line 512, in _check_image_ready
    raise ImageIntegrationMissingError("No image integration found")
errors.ImageIntegrationMissingError: No image integration found
unit-test-nut1sf49-0: 18:28:01 ERROR unit.test-nut1sf49/0.juju-log Missing image integration.
Traceback (most recent call last):
  File "/var/lib/juju/agents/unit-test-nut1sf49-0/charm/./src/charm.py", line 118, in func_with_catch_errors
    func(self, event)
  File "/var/lib/juju/agents/unit-test-nut1sf49-0/charm/./src/charm.py", line 313, in _on_start
    self._check_image_ready()
  File "/var/lib/juju/agents/unit-test-nut1sf49-0/charm/./src/charm.py", line 512, in _check_image_ready
    raise ImageIntegrationMissingError("No image integration found")
errors.ImageIntegrationMissingError: No image integration found
unit-test-nut1sf49-0: 18:29:01 ERROR unit.test-nut1sf49/0.juju-log image:0: Missing image in image integration.
Traceback (most recent call last):
  File "/var/lib/juju/agents/unit-test-nut1sf49-0/charm/./src/charm.py", line 118, in func_with_catch_errors
    func(self, event)
  File "/var/lib/juju/agents/unit-test-nut1sf49-0/charm/./src/charm.py", line 477, in _on_image_relation_changed
    self._check_image_ready()
  File "/var/lib/juju/agents/unit-test-nut1sf49-0/charm/./src/charm.py", line 514, in _check_image_ready
    raise ImageNotFoundError("No image found in the image integration")
errors.ImageNotFoundError: No image found in the image integration

18:49:57 INFO Forgetting model main...