06:25:47 WARNING unexpected facade SSHServer received from the controller
06:25:47 INFO Adding model github-pr-71e3b-lxd:test-charm-fork-repo-xdv4 on cloud localhost
06:25:48 WARNING unexpected facade SSHServer received from the controller
06:25:48 WARNING unexpected facade SSHSession received from the controller
06:25:48 WARNING unexpected facade SSHTunneler received from the controller
06:25:48 INFO Deploying fake image builder via any-charm for image ID 1ad6e456-fa35-47ef-988f-1e793a60f258
06:25:49 INFO Deploying ch:amd64/noble/any-charm-124
06:26:07 INFO Deploying local:jammy/github-runner-0
06:26:07 INFO Waiting for model:
  test-tx1a1gye/0 [allocating] waiting: waiting for machine
  github-runner-image-builder-tx1a1gye/0 [allocating] waiting: waiting for machine
06:26:37 INFO Waiting for model:
  test-tx1a1gye/0 [allocating] waiting: waiting for machine
  github-runner-image-builder-tx1a1gye/0 [executing] maintenance: installing charm software
06:27:07 INFO Waiting for model:
  test-tx1a1gye/0 [allocating] waiting: waiting for machine
06:27:37 INFO Waiting for model:
  test-tx1a1gye/0 [allocating] waiting: waiting for machine
06:28:08 INFO Waiting for model:
  test-tx1a1gye/0 [allocating] waiting: agent initialising
06:28:38 INFO Waiting for model:
  test-tx1a1gye/0 [executing] maintenance: installing charm software
06:29:08 INFO Waiting for model:
  test-tx1a1gye/0 [executing] maintenance: Update image for runners
  github-runner-image-builder-tx1a1gye/0 [idle] active: 
06:29:34 INFO GitHub token rate limit: Rate(reset=2026-01-05 07:23:35+00:00, remaining=4838, limit=5000)
06:30:29 INFO Waiting for model:
  test-tx1a1gye/0 [idle] active: 
06:30:59 INFO Waiting for model:
  test-tx1a1gye/0 [idle] active: 
06:31:01 INFO Current reconcile ID: 07d32eb9-1e6b-4d2e-9859-d6160d71f5a7
06:31:01 INFO Waiting for reconcile ID: 07d32eb9-1e6b-4d2e-9859-d6160d71f5a7
06:32:02 INFO Current reconcile ID: 07d32eb9-1e6b-4d2e-9859-d6160d71f5a7
06:32:02 INFO Current reconcile ID: 07d32eb9-1e6b-4d2e-9859-d6160d71f5a7, expected reconcile ID: 07d32eb9-1e6b-4d2e-9859-d6160d71f5a7
06:32:02 INFO Waiting for reconcile ID: 07d32eb9-1e6b-4d2e-9859-d6160d71f5a7
06:33:03 INFO Current reconcile ID: 319fe8b3-b429-4351-bf04-3777aadf45d8
06:33:03 INFO Current reconcile ID: 319fe8b3-b429-4351-bf04-3777aadf45d8, expected reconcile ID: 07d32eb9-1e6b-4d2e-9859-d6160d71f5a7
06:33:09 INFO [TEST SETUP] Exposing port 8080 on test-tx1a1gye-0-n-ca91399c44f9
06:33:09 WARNING dict_values([[{'version': 4, 'addr': '10.151.122.33', 'OS-EXT-IPS:type': 'fixed', 'OS-EXT-IPS-MAC:mac_addr': 'fa:16:3e:f9:08:52'}]])
06:33:10 INFO ssh tunnel command ssh -fNT -R 8080:localhost:8080 -i /home/runner-manager/.ssh/test-tx1a1gye-0-n-ca91399c44f9.key -o "StrictHostKeyChecking no" -o "ControlPersist yes" ubuntu@10.151.122.33 &
06:33:11 INFO ssh tunnel result 0 None Warning: Permanently added '10.151.122.33' (ED25519) to the list of known hosts.

06:33:13 INFO [TEST SETUP] Run command nc -z localhost 8080 on test-tx1a1gye-0-n-ca91399c44f9
06:33:13 WARNING dict_values([[{'version': 4, 'addr': '10.151.122.33', 'OS-EXT-IPS:type': 'fixed', 'OS-EXT-IPS-MAC:mac_addr': 'fa:16:3e:f9:08:52'}]])
06:33:14 WARNING ssh_cmd: su - ubuntu -c 'ssh -i /home/runner-manager/.ssh/test-tx1a1gye-0-n-ca91399c44f9.key -o "StrictHostKeyChecking no" ubuntu@10.151.122.33 nc -z localhost 8080'
06:33:15 INFO Run command 'nc -z localhost 8080' in runner with result 0: 'None' 'Connection to localhost (127.0.0.1) 8080 port [tcp/http-alt] succeeded!
'
06:33:16 INFO [TEST SETUP] Run command curl http://localhost:8080 on test-tx1a1gye-0-n-ca91399c44f9
06:33:16 WARNING dict_values([[{'version': 4, 'addr': '10.151.122.33', 'OS-EXT-IPS:type': 'fixed', 'OS-EXT-IPS-MAC:mac_addr': 'fa:16:3e:f9:08:52'}]])
06:33:17 WARNING ssh_cmd: su - ubuntu -c 'ssh -i /home/runner-manager/.ssh/test-tx1a1gye-0-n-ca91399c44f9.key -o "StrictHostKeyChecking no" ubuntu@10.151.122.33 curl http://localhost:8080'
06:33:18 INFO Run command 'curl http://localhost:8080' in runner with result 0: '<!doctype html>
<html lang=en>
<title>404 Not Found</title>
<h1>Not Found</h1>
<p>The requested URL was not found on the server. If you entered the URL manually please check your spelling and try again.</p>
' '  % Total    % Received % Xferd  Average Speed   Time    Time     Time  Current
                                 Dload  Upload   Total   Spent    Left  Speed
  0     0    0     0    0     0      0      0 --:--:-- --:--:-- --:--:--     0100   207  100   207    0     0  84766      0 --:--:-- --:--:-- --:--:--  101k
'
06:33:21 INFO Wait for condition not met, sleeping 10
06:33:31 INFO Wait for condition not met, sleeping 60
06:34:35 INFO Model status:

Model                      Controller           Cloud/Region         Version  SLA          Timestamp
test-charm-fork-repo-xdv4  github-pr-71e3b-lxd  localhost/localhost  3.6.12   unsupported  06:34:35Z

App                                   Version  Status  Scale  Charm          Channel      Rev  Exposed  Message
github-runner-image-builder-tx1a1gye           active      1  any-charm      latest/beta  124  no       
test-tx1a1gye                                  active      1  github-runner                 0  yes      

Unit                                     Workload  Agent  Machine  Public address  Ports     Message
github-runner-image-builder-tx1a1gye/0*  active    idle   0        10.155.218.148            
test-tx1a1gye/0*                         active    idle   1        10.155.218.207  8080/tcp  

Machine  State    Address         Inst id        Base          AZ             Message
0        started  10.155.218.148  juju-aadb58-0  ubuntu@24.04  github-runner  Running
1        started  10.155.218.207  juju-aadb58-1  ubuntu@22.04  github-runner  Running

06:34:35 INFO Juju error logs:

machine-0: 06:26:32 ERROR juju.worker.dependency "lxd-container-provisioner" manifold worker returned unexpected error: container types not yet available
machine-0: 06:26:32 ERROR juju.worker.dependency "kvm-container-provisioner" manifold worker returned unexpected error: container types not yet available
machine-1: 06:27:42 ERROR juju.worker.dependency "kvm-container-provisioner" manifold worker returned unexpected error: container types not yet available
machine-1: 06:27:42 ERROR juju.worker.dependency "lxd-container-provisioner" manifold worker returned unexpected error: container types not yet available
unit-test-tx1a1gye-0: 06:28:51 ERROR unit.test-tx1a1gye/0.juju-log Missing image integration.
Traceback (most recent call last):
  File "/var/lib/juju/agents/unit-test-tx1a1gye-0/charm/./src/charm.py", line 119, in func_with_catch_errors
    func(self, event)
  File "/var/lib/juju/agents/unit-test-tx1a1gye-0/charm/./src/charm.py", line 354, in _on_config_changed
    self._check_image_ready()
  File "/var/lib/juju/agents/unit-test-tx1a1gye-0/charm/./src/charm.py", line 524, in _check_image_ready
    raise ImageIntegrationMissingError("No image integration found")
errors.ImageIntegrationMissingError: No image integration found
unit-test-tx1a1gye-0: 06:28:53 ERROR unit.test-tx1a1gye/0.juju-log Missing image integration.
Traceback (most recent call last):
  File "/var/lib/juju/agents/unit-test-tx1a1gye-0/charm/./src/charm.py", line 119, in func_with_catch_errors
    func(self, event)
  File "/var/lib/juju/agents/unit-test-tx1a1gye-0/charm/./src/charm.py", line 317, in _on_start
    self._check_image_ready()
  File "/var/lib/juju/agents/unit-test-tx1a1gye-0/charm/./src/charm.py", line 524, in _check_image_ready
    raise ImageIntegrationMissingError("No image integration found")
errors.ImageIntegrationMissingError: No image integration found

06:34:35 INFO Forgetting model main...