06:25:11 WARNING unexpected facade SSHServer received from the controller
06:25:11 INFO Adding model github-pr-54d54-lxd:test-charm-upgrade-s7q8 on cloud localhost
06:25:11 WARNING unexpected facade SSHServer received from the controller
06:25:11 WARNING unexpected facade SSHSession received from the controller
06:25:11 WARNING unexpected facade SSHTunneler received from the controller
06:25:13 INFO Deploying ch:amd64/jammy/github-runner-image-builder-100
06:25:40 INFO Deploying local:jammy/github-runner-0
06:25:41 INFO Waiting for model:
  test-m4608nj9/0 [allocating] waiting: waiting for machine
  github-runner-image-builder-m4608nj9/0 [allocating] waiting: waiting for machine
06:26:11 INFO Waiting for model:
  test-m4608nj9/0 [allocating] waiting: waiting for machine
  github-runner-image-builder-m4608nj9/0 [allocating] waiting: waiting for machine
06:26:41 INFO Waiting for model:
  test-m4608nj9/0 [allocating] waiting: waiting for machine
  github-runner-image-builder-m4608nj9/0 [allocating] waiting: waiting for machine
06:27:11 INFO Waiting for model:
  test-m4608nj9/0 [allocating] waiting: agent initialising
  github-runner-image-builder-m4608nj9/0 [executing] maintenance: Setting up Builder.
06:27:41 INFO Waiting for model:
  test-m4608nj9/0 [executing] maintenance: installing charm software
  github-runner-image-builder-m4608nj9/0 [executing] maintenance: Setting up Builder.
06:28:11 INFO Waiting for model:
  test-m4608nj9/0 [executing] maintenance: installing charm software
  github-runner-image-builder-m4608nj9/0 [executing] maintenance: Setting up Builder.
06:28:41 INFO Waiting for model:
  test-m4608nj9/0 [idle] blocked: Please provide image integration.
  github-runner-image-builder-m4608nj9/0 [executing] maintenance: Setting up Builder.
06:29:11 INFO Waiting for model:
  test-m4608nj9/0 [idle] blocked: Please provide image integration.
  github-runner-image-builder-m4608nj9/0 [executing] maintenance: Setting up Builder.
06:29:41 INFO Waiting for model:
  test-m4608nj9/0 [idle] blocked: Please provide image integration.
  github-runner-image-builder-m4608nj9/0 [executing] maintenance: Setting up Builder.
06:30:11 INFO Waiting for model:
  test-m4608nj9/0 [idle] waiting: Waiting for image over integration.
  github-runner-image-builder-m4608nj9/0 [executing] active: Building image.
06:30:41 INFO Waiting for model:
  test-m4608nj9/0 [idle] waiting: Waiting for image over integration.
  github-runner-image-builder-m4608nj9/0 [executing] active: Building image.
06:31:11 INFO Waiting for model:
  test-m4608nj9/0 [idle] waiting: Waiting for image over integration.
  github-runner-image-builder-m4608nj9/0 [executing] active: Building image.
06:31:41 INFO Waiting for model:
  test-m4608nj9/0 [idle] waiting: Waiting for image over integration.
  github-runner-image-builder-m4608nj9/0 [executing] active: Building image.
06:32:11 INFO Waiting for model:
  test-m4608nj9/0 [idle] waiting: Waiting for image over integration.
  github-runner-image-builder-m4608nj9/0 [executing] active: Building image.
06:32:41 INFO Waiting for model:
  test-m4608nj9/0 [idle] waiting: Waiting for image over integration.
  github-runner-image-builder-m4608nj9/0 [executing] active: Building image.
06:33:11 INFO Waiting for model:
  test-m4608nj9/0 [idle] waiting: Waiting for image over integration.
  github-runner-image-builder-m4608nj9/0 [executing] active: Building image.
06:33:41 INFO Waiting for model:
  test-m4608nj9/0 [idle] waiting: Waiting for image over integration.
  github-runner-image-builder-m4608nj9/0 [executing] active: Building image.
06:34:11 INFO Waiting for model:
  test-m4608nj9/0 [idle] waiting: Waiting for image over integration.
  github-runner-image-builder-m4608nj9/0 [executing] active: Building image.
06:34:42 INFO Waiting for model:
  test-m4608nj9/0 [idle] waiting: Waiting for image over integration.
  github-runner-image-builder-m4608nj9/0 [executing] active: Building image.
06:35:12 INFO Waiting for model:
  test-m4608nj9/0 [idle] waiting: Waiting for image over integration.
  github-runner-image-builder-m4608nj9/0 [executing] active: Building image.
06:35:42 INFO Waiting for model:
  test-m4608nj9/0 [idle] waiting: Waiting for image over integration.
  github-runner-image-builder-m4608nj9/0 [executing] active: Building image.
06:36:12 INFO Waiting for model:
  test-m4608nj9/0 [idle] waiting: Waiting for image over integration.
  github-runner-image-builder-m4608nj9/0 [executing] active: Building image.
06:36:42 INFO Waiting for model:
  test-m4608nj9/0 [idle] waiting: Waiting for image over integration.
  github-runner-image-builder-m4608nj9/0 [executing] active: Building image.
06:37:12 INFO Waiting for model:
  test-m4608nj9/0 [idle] waiting: Waiting for image over integration.
  github-runner-image-builder-m4608nj9/0 [executing] active: Building image.
06:37:42 INFO Waiting for model:
  test-m4608nj9/0 [idle] waiting: Waiting for image over integration.
  github-runner-image-builder-m4608nj9/0 [executing] active: Building image.
06:38:12 INFO Waiting for model:
  test-m4608nj9/0 [idle] waiting: Waiting for image over integration.
  github-runner-image-builder-m4608nj9/0 [executing] active: Building image.
06:38:42 INFO Waiting for model:
  test-m4608nj9/0 [idle] waiting: Waiting for image over integration.
  github-runner-image-builder-m4608nj9/0 [executing] active: Building image.
06:39:12 INFO Waiting for model:
  test-m4608nj9/0 [idle] waiting: Waiting for image over integration.
  github-runner-image-builder-m4608nj9/0 [executing] active: Building image.
06:39:42 INFO Waiting for model:
  test-m4608nj9/0 [idle] waiting: Waiting for image over integration.
  github-runner-image-builder-m4608nj9/0 [executing] active: Building image.
06:40:12 INFO Waiting for model:
  test-m4608nj9/0 [idle] waiting: Waiting for image over integration.
  github-runner-image-builder-m4608nj9/0 [executing] active: Building image.
06:40:42 INFO Waiting for model:
  test-m4608nj9/0 [idle] waiting: Waiting for image over integration.
  github-runner-image-builder-m4608nj9/0 [executing] active: Building image.
06:41:12 INFO Waiting for model:
  test-m4608nj9/0 [idle] waiting: Waiting for image over integration.
  github-runner-image-builder-m4608nj9/0 [executing] active: Building image.
06:41:42 INFO Waiting for model:
  test-m4608nj9/0 [idle] waiting: Waiting for image over integration.
  github-runner-image-builder-m4608nj9/0 [executing] active: Building image.
06:42:12 INFO Waiting for model:
  test-m4608nj9/0 [idle] waiting: Waiting for image over integration.
  github-runner-image-builder-m4608nj9/0 [executing] active: Building image.
06:42:42 INFO Waiting for model:
  test-m4608nj9/0 [executing] maintenance: Update image for runners
  github-runner-image-builder-m4608nj9/0 [idle] active: 
06:43:12 INFO Waiting for model:
  test-m4608nj9/0 [idle] active: 
06:45:52 INFO Waiting for model:
  test-m4608nj9/0 [idle] active:
06:46:23 INFO Model status:

Model                    Controller           Cloud/Region         Version  SLA          Timestamp
test-charm-upgrade-s7q8  github-pr-54d54-lxd  localhost/localhost  3.6.8    unsupported  06:46:23Z

App                                   Version  Status  Scale  Charm                        Channel      Rev  Exposed  Message
github-runner-image-builder-m4608nj9           active      1  github-runner-image-builder  latest/edge  100  no       
test-m4608nj9                                  active      1  github-runner                               1  no       

Unit                                     Workload  Agent  Machine  Public address  Ports  Message
github-runner-image-builder-m4608nj9/0*  active    idle   0        10.254.42.235          
test-m4608nj9/0*                         active    idle   1        10.254.42.211          

Machine  State    Address        Inst id        Base          AZ  Message
0        started  10.254.42.235  juju-9a49dc-0  ubuntu@22.04      Running
1        started  10.254.42.211  juju-9a49dc-1  ubuntu@22.04      Running

06:46:23 INFO Juju error logs:

machine-0: 06:26:53 ERROR juju.worker.dependency "lxd-container-provisioner" manifold worker returned unexpected error: container types not yet available
machine-0: 06:26:53 ERROR juju.worker.dependency "kvm-container-provisioner" manifold worker returned unexpected error: container types not yet available
unit-github-runner-image-builder-m4608nj9-0: 06:26:53 ERROR juju.worker.meterstatus error running "meter-status-changed": charm missing from disk
machine-1: 06:27:00 ERROR juju.worker.dependency "kvm-container-provisioner" manifold worker returned unexpected error: container types not yet available
machine-1: 06:27:00 ERROR juju.worker.dependency "lxd-container-provisioner" manifold worker returned unexpected error: container types not yet available
unit-test-m4608nj9-0: 06:27:00 ERROR juju.worker.meterstatus error running "meter-status-changed": charm missing from disk
unit-github-runner-image-builder-m4608nj9-0: 06:27:55 ERROR unit.github-runner-image-builder-m4608nj9/0.juju-log Pipx command failed, code: 1, out: None, err: None
unit-test-m4608nj9-0: 06:28:21 ERROR unit.test-m4608nj9/0.juju-log Missing image integration.
Traceback (most recent call last):
  File "/var/lib/juju/agents/unit-test-m4608nj9-0/charm/./src/charm.py", line 118, in func_with_catch_errors
    func(self, event)
  File "/var/lib/juju/agents/unit-test-m4608nj9-0/charm/./src/charm.py", line 342, in _on_config_changed
    self._check_image_ready()
  File "/var/lib/juju/agents/unit-test-m4608nj9-0/charm/./src/charm.py", line 512, in _check_image_ready
    raise ImageIntegrationMissingError("No image integration found")
errors.ImageIntegrationMissingError: No image integration found
unit-test-m4608nj9-0: 06:28:24 ERROR unit.test-m4608nj9/0.juju-log Missing image integration.
Traceback (most recent call last):
  File "/var/lib/juju/agents/unit-test-m4608nj9-0/charm/./src/charm.py", line 118, in func_with_catch_errors
    func(self, event)
  File "/var/lib/juju/agents/unit-test-m4608nj9-0/charm/./src/charm.py", line 313, in _on_start
    self._check_image_ready()
  File "/var/lib/juju/agents/unit-test-m4608nj9-0/charm/./src/charm.py", line 512, in _check_image_ready
    raise ImageIntegrationMissingError("No image integration found")
errors.ImageIntegrationMissingError: No image integration found
unit-test-m4608nj9-0: 06:30:01 ERROR unit.test-m4608nj9/0.juju-log image:0: Missing image in image integration.
Traceback (most recent call last):
  File "/var/lib/juju/agents/unit-test-m4608nj9-0/charm/./src/charm.py", line 118, in func_with_catch_errors
    func(self, event)
  File "/var/lib/juju/agents/unit-test-m4608nj9-0/charm/./src/charm.py", line 477, in _on_image_relation_changed
    self._check_image_ready()
  File "/var/lib/juju/agents/unit-test-m4608nj9-0/charm/./src/charm.py", line 514, in _check_image_ready
    raise ImageNotFoundError("No image found in the image integration")
errors.ImageNotFoundError: No image found in the image integration

06:46:23 INFO Forgetting model main...