06:25:22 INFO IP Address to use as the fake jobmanager: 10.145.216.114
06:25:22 WARNING unexpected facade SSHServer received from the controller
06:25:22 INFO Adding model github-pr-54d54-lxd:test-jobmanager-reactive-4wrx on cloud localhost
06:25:22 WARNING unexpected facade SSHServer received from the controller
06:25:22 WARNING unexpected facade SSHSession received from the controller
06:25:22 WARNING unexpected facade SSHTunneler received from the controller
06:25:22 WARNING unexpected facade SSHServer received from the controller
06:25:24 INFO Deploying ch:amd64/jammy/mongodb-221
06:25:26 INFO Deploying ch:amd64/jammy/github-runner-image-builder-100
06:25:48 INFO Deploying local:jammy/github-runner-0
06:25:48 INFO Waiting for model:
  test-pjv29acm/0 [allocating] waiting: waiting for machine
  github-runner-image-builder-pjv29acm/0 [allocating] waiting: waiting for machine
06:26:18 INFO Waiting for model:
  test-pjv29acm/0 [allocating] waiting: waiting for machine
  github-runner-image-builder-pjv29acm/0 [allocating] waiting: waiting for machine
06:26:48 INFO Waiting for model:
  test-pjv29acm/0 [allocating] waiting: agent initialising
  github-runner-image-builder-pjv29acm/0 [allocating] waiting: waiting for machine
06:27:19 INFO Waiting for model:
  test-pjv29acm/0 [executing] maintenance: installing charm software
  github-runner-image-builder-pjv29acm/0 [allocating] waiting: waiting for machine
06:27:49 INFO Waiting for model:
  test-pjv29acm/0 [executing] maintenance: installing charm software
  github-runner-image-builder-pjv29acm/0 [allocating] waiting: waiting for machine
06:28:19 INFO Waiting for model:
  test-pjv29acm/0 [executing] maintenance: installing charm software
  github-runner-image-builder-pjv29acm/0 [executing] maintenance: Setting up Builder.
06:28:49 INFO Waiting for model:
  test-pjv29acm/0 [idle] blocked: Please provide image integration.
  github-runner-image-builder-pjv29acm/0 [executing] maintenance: Setting up Builder.
06:29:20 INFO Waiting for model:
  test-pjv29acm/0 [idle] blocked: Please provide image integration.
  github-runner-image-builder-pjv29acm/0 [executing] maintenance: Setting up Builder.
06:29:50 INFO Waiting for model:
  test-pjv29acm/0 [idle] blocked: Please provide image integration.
  github-runner-image-builder-pjv29acm/0 [executing] maintenance: Setting up Builder.
06:30:21 INFO Waiting for model:
  test-pjv29acm/0 [idle] blocked: Please provide image integration.
  github-runner-image-builder-pjv29acm/0 [executing] maintenance: Setting up Builder.
06:30:51 INFO Waiting for model:
  test-pjv29acm/0 [executing] blocked: Please provide image integration.
  github-runner-image-builder-pjv29acm/0 [executing] active: Waiting for first image.
06:31:21 INFO Waiting for model:
  test-pjv29acm/0 [idle] waiting: Waiting for image over integration.
  github-runner-image-builder-pjv29acm/0 [executing] active: Building image.
06:31:52 INFO Waiting for model:
  test-pjv29acm/0 [idle] waiting: Waiting for image over integration.
  github-runner-image-builder-pjv29acm/0 [executing] active: Building image.
06:32:03 INFO OpenStack servers: []
06:32:03 INFO cli: juju debug-log --model github-pr-54d54-lxd:test-jobmanager-reactive-4wrx --limit 1000
06:32:04 INFO Model status:

Model                          Controller           Cloud/Region         Version  SLA          Timestamp
test-jobmanager-reactive-4wrx  github-pr-54d54-lxd  localhost/localhost  3.6.8    unsupported  06:32:04Z

App                                   Version  Status   Scale  Charm                        Channel      Rev  Exposed  Message
github-runner-image-builder-pjv29acm           error        1  github-runner-image-builder  latest/edge  100  no       hook failed: "image-relation-changed"
mongodb                               6.0.6    active       1  mongodb                      6/edge       221  no       
test-pjv29acm                                  waiting      1  github-runner                               0  no       Waiting for image over integration.

Unit                                     Workload  Agent  Machine  Public address  Ports      Message
github-runner-image-builder-pjv29acm/0*  error     idle   1        10.169.111.47              hook failed: "image-relation-changed"
mongodb/0*                               active    idle   0        10.169.111.90   27017/tcp  
test-pjv29acm/0*                         waiting   idle   2        10.169.111.168             Waiting for image over integration.

Machine  State    Address         Inst id        Base          AZ  Message
0        started  10.169.111.90   juju-970966-0  ubuntu@22.04      Running
1        started  10.169.111.47   juju-970966-1  ubuntu@22.04      Running
2        started  10.169.111.168  juju-970966-2  ubuntu@22.04      Running

06:32:04 INFO Juju error logs:

machine-2: 06:26:48 ERROR juju.worker.dependency "kvm-container-provisioner" manifold worker returned unexpected error: container types not yet available
machine-2: 06:26:48 ERROR juju.worker.dependency "lxd-container-provisioner" manifold worker returned unexpected error: container types not yet available
unit-test-pjv29acm-0: 06:26:48 ERROR juju.worker.meterstatus error running "meter-status-changed": charm missing from disk
machine-0: 06:26:50 ERROR juju.worker.dependency "kvm-container-provisioner" manifold worker returned unexpected error: container types not yet available
machine-0: 06:26:50 ERROR juju.worker.dependency "lxd-container-provisioner" manifold worker returned unexpected error: container types not yet available
unit-mongodb-0: 06:26:50 ERROR juju.worker.meterstatus error running "meter-status-changed": charm missing from disk
unit-mongodb-0: 06:27:26 ERROR unit.mongodb/0.juju-log Unable to set params: ['vm.max_map_count']
unit-mongodb-0: 06:27:26 ERROR unit.mongodb/0.juju-log Error setting values on sysctl: Unable to set params: ['vm.max_map_count']
machine-1: 06:27:58 ERROR juju.worker.dependency "kvm-container-provisioner" manifold worker returned unexpected error: container types not yet available
machine-1: 06:27:58 ERROR juju.worker.dependency "lxd-container-provisioner" manifold worker returned unexpected error: container types not yet available
unit-github-runner-image-builder-pjv29acm-0: 06:27:58 ERROR juju.worker.meterstatus error running "meter-status-changed": charm missing from disk
unit-test-pjv29acm-0: 06:28:31 ERROR unit.test-pjv29acm/0.juju-log Missing image integration.
Traceback (most recent call last):
  File "/var/lib/juju/agents/unit-test-pjv29acm-0/charm/./src/charm.py", line 118, in func_with_catch_errors
    func(self, event)
  File "/var/lib/juju/agents/unit-test-pjv29acm-0/charm/./src/charm.py", line 342, in _on_config_changed
    self._check_image_ready()
  File "/var/lib/juju/agents/unit-test-pjv29acm-0/charm/./src/charm.py", line 512, in _check_image_ready
    raise ImageIntegrationMissingError("No image integration found")
errors.ImageIntegrationMissingError: No image integration found
unit-test-pjv29acm-0: 06:28:33 ERROR unit.test-pjv29acm/0.juju-log Missing image integration.
Traceback (most recent call last):
  File "/var/lib/juju/agents/unit-test-pjv29acm-0/charm/./src/charm.py", line 118, in func_with_catch_errors
    func(self, event)
  File "/var/lib/juju/agents/unit-test-pjv29acm-0/charm/./src/charm.py", line 313, in _on_start
    self._check_image_ready()
  File "/var/lib/juju/agents/unit-test-pjv29acm-0/charm/./src/charm.py", line 512, in _check_image_ready
    raise ImageIntegrationMissingError("No image integration found")
errors.ImageIntegrationMissingError: No image integration found
unit-github-runner-image-builder-pjv29acm-0: 06:28:43 ERROR unit.github-runner-image-builder-pjv29acm/0.juju-log Pipx command failed, code: 1, out: None, err: None
unit-test-pjv29acm-0: 06:30:52 ERROR unit.test-pjv29acm/0.juju-log image:4: Missing image in image integration.
Traceback (most recent call last):
  File "/var/lib/juju/agents/unit-test-pjv29acm-0/charm/./src/charm.py", line 118, in func_with_catch_errors
    func(self, event)
  File "/var/lib/juju/agents/unit-test-pjv29acm-0/charm/./src/charm.py", line 477, in _on_image_relation_changed
    self._check_image_ready()
  File "/var/lib/juju/agents/unit-test-pjv29acm-0/charm/./src/charm.py", line 514, in _check_image_ready
    raise ImageNotFoundError("No image found in the image integration")
errors.ImageNotFoundError: No image found in the image integration
unit-github-runner-image-builder-pjv29acm-0: 06:31:06 ERROR unit.github-runner-image-builder-pjv29acm/0.juju-log image:4: Image build failed, code: 1, out: , err: None, stdout: 
unit-github-runner-image-builder-pjv29acm-0: 06:31:16 ERROR unit.github-runner-image-builder-pjv29acm/0.juju-log image:4: Image build failed, code: 1, out: , err: None, stdout: 
unit-github-runner-image-builder-pjv29acm-0: 06:31:26 ERROR unit.github-runner-image-builder-pjv29acm/0.juju-log image:4: Image build failed, code: 1, out: , err: None, stdout: 
unit-github-runner-image-builder-pjv29acm-0: 06:31:39 ERROR unit.github-runner-image-builder-pjv29acm/0.juju-log image:4: Image build failed, code: 1, out: , err: None, stdout: 

06:32:04 INFO Forgetting model main...