18:47:12 INFO Waiting for model:
  test-fwqxxrr2/0 [idle] active: 
18:47:42 INFO Waiting for model:
  test-fwqxxrr2/0 [idle] active: 
18:47:45 INFO Current reconcile ID: 6331f56d-64a3-4bfe-9d5a-9aec0f814816
18:47:45 INFO Waiting for reconcile ID: 6331f56d-64a3-4bfe-9d5a-9aec0f814816
18:48:46 INFO Current reconcile ID: 6331f56d-64a3-4bfe-9d5a-9aec0f814816
18:48:46 INFO Current reconcile ID: 6331f56d-64a3-4bfe-9d5a-9aec0f814816, expected reconcile ID: 6331f56d-64a3-4bfe-9d5a-9aec0f814816
18:48:46 INFO Waiting for reconcile ID: 6331f56d-64a3-4bfe-9d5a-9aec0f814816
18:49:47 INFO Current reconcile ID: 25c42401-669c-4ff9-96ff-06faa0eabf88
18:49:47 INFO Current reconcile ID: 25c42401-669c-4ff9-96ff-06faa0eabf88, expected reconcile ID: 6331f56d-64a3-4bfe-9d5a-9aec0f814816
18:49:52 INFO [TEST SETUP] Exposing port 8080 on test-fwqxxrr2-0-n-ee64b95a129a
18:49:52 WARNING dict_values([[{'version': 4, 'addr': '10.151.122.36', 'OS-EXT-IPS:type': 'fixed', 'OS-EXT-IPS-MAC:mac_addr': 'fa:16:3e:bb:cd:69'}]])
18:49:53 INFO ssh tunnel command ssh -fNT -R 8080:localhost:8080 -i /home/runner-manager/.ssh/test-fwqxxrr2-0-n-ee64b95a129a.key -o "StrictHostKeyChecking no" -o "ControlPersist yes" ubuntu@10.151.122.36 &
18:49:54 INFO ssh tunnel result 0 None Warning: Permanently added '10.151.122.36' (ED25519) to the list of known hosts.

18:49:55 INFO [TEST SETUP] Run command nc -z localhost 8080 on test-fwqxxrr2-0-n-ee64b95a129a
18:49:55 WARNING dict_values([[{'version': 4, 'addr': '10.151.122.36', 'OS-EXT-IPS:type': 'fixed', 'OS-EXT-IPS-MAC:mac_addr': 'fa:16:3e:bb:cd:69'}]])
18:49:56 WARNING ssh_cmd: su - ubuntu -c 'ssh -i /home/runner-manager/.ssh/test-fwqxxrr2-0-n-ee64b95a129a.key -o "StrictHostKeyChecking no" ubuntu@10.151.122.36 nc -z localhost 8080'
18:49:57 INFO Run command 'nc -z localhost 8080' in runner with result 0: 'None' 'Connection to localhost (127.0.0.1) 8080 port [tcp/http-alt] succeeded!
'
18:49:58 INFO [TEST SETUP] Run command curl http://localhost:8080 on test-fwqxxrr2-0-n-ee64b95a129a
18:49:58 WARNING dict_values([[{'version': 4, 'addr': '10.151.122.36', 'OS-EXT-IPS:type': 'fixed', 'OS-EXT-IPS-MAC:mac_addr': 'fa:16:3e:bb:cd:69'}]])
18:49:59 WARNING ssh_cmd: su - ubuntu -c 'ssh -i /home/runner-manager/.ssh/test-fwqxxrr2-0-n-ee64b95a129a.key -o "StrictHostKeyChecking no" ubuntu@10.151.122.36 curl http://localhost:8080'
18:50:00 INFO Run command 'curl http://localhost:8080' in runner with result 0: '<!doctype html>
<html lang=en>
<title>404 Not Found</title>
<h1>Not Found</h1>
<p>The requested URL was not found on the server. If you entered the URL manually please check your spelling and try again.</p>
' '  % Total    % Received % Xferd  Average Speed   Time    Time     Time  Current
                                 Dload  Upload   Total   Spent    Left  Speed
  0     0    0     0    0     0      0      0 --:--:-- --:--:-- --:--:--     0100   207  100   207    0     0  82667      0 --:--:-- --:--:-- --:--:--  101k
'
18:50:02 INFO Wait for condition not met, sleeping 10
18:50:13 INFO Wait for condition not met, sleeping 60
18:51:14 INFO Wait for condition not met, sleeping 60
18:52:14 INFO Wait for condition not met, sleeping 60
18:53:15 INFO Wait for condition not met, sleeping 60
18:54:15 INFO Wait for condition not met, sleeping 60
18:55:15 INFO Wait for condition not met, sleeping 60
18:56:16 INFO Waiting for model:
  test-fwqxxrr2/0 [idle] active: 
18:56:46 INFO Waiting for model:
  test-fwqxxrr2/0 [idle] active: 
18:56:49 INFO Current reconcile ID: 25c55498-1f4c-4a85-a3d9-ba9eadcd2ad1
18:56:49 INFO Waiting for reconcile ID: 25c55498-1f4c-4a85-a3d9-ba9eadcd2ad1
18:57:50 INFO Current reconcile ID: 25c55498-1f4c-4a85-a3d9-ba9eadcd2ad1
18:57:50 INFO Current reconcile ID: 25c55498-1f4c-4a85-a3d9-ba9eadcd2ad1, expected reconcile ID: 25c55498-1f4c-4a85-a3d9-ba9eadcd2ad1
18:57:50 INFO Waiting for reconcile ID: 25c55498-1f4c-4a85-a3d9-ba9eadcd2ad1
18:58:51 INFO Current reconcile ID: 10d973c4-e851-48b9-8a96-2452962672a4
18:58:51 INFO Current reconcile ID: 10d973c4-e851-48b9-8a96-2452962672a4, expected reconcile ID: 25c55498-1f4c-4a85-a3d9-ba9eadcd2ad1
18:58:52 INFO Model status:

Model                   Controller           Cloud/Region         Version  SLA          Timestamp
test-charm-runner-c9un  github-pr-bbd2f-lxd  localhost/localhost  3.6.12   unsupported  18:58:52Z

App                                   Version  Status  Scale  Charm          Channel      Rev  Exposed  Message
github-runner-image-builder-fwqxxrr2           active      1  any-charm      latest/beta  124  no       
test-fwqxxrr2                                  active      1  github-runner                 0  yes      

Unit                                     Workload  Agent  Machine  Public address  Ports     Message
github-runner-image-builder-fwqxxrr2/0*  active    idle   0        10.176.145.51             
test-fwqxxrr2/0*                         active    idle   1        10.176.145.193  8080/tcp  

Machine  State    Address         Inst id        Base          AZ             Message
0        started  10.176.145.51   juju-b31b79-0  ubuntu@24.04  github-runner  Running
1        started  10.176.145.193  juju-b31b79-1  ubuntu@22.04  github-runner  Running

18:58:53 INFO Juju error logs:

machine-0: 18:23:21 ERROR juju.worker.dependency "kvm-container-provisioner" manifold worker returned unexpected error: container types not yet available
machine-0: 18:23:21 ERROR juju.worker.dependency "lxd-container-provisioner" manifold worker returned unexpected error: container types not yet available
machine-1: 18:25:12 ERROR juju.worker.dependency "kvm-container-provisioner" manifold worker returned unexpected error: container types not yet available
machine-1: 18:25:12 ERROR juju.worker.dependency "lxd-container-provisioner" manifold worker returned unexpected error: container types not yet available
unit-test-fwqxxrr2-0: 18:26:07 ERROR unit.test-fwqxxrr2/0.juju-log Missing image integration.
Traceback (most recent call last):
  File "/var/lib/juju/agents/unit-test-fwqxxrr2-0/charm/./src/charm.py", line 119, in func_with_catch_errors
    func(self, event)
  File "/var/lib/juju/agents/unit-test-fwqxxrr2-0/charm/./src/charm.py", line 354, in _on_config_changed
    self._check_image_ready()
  File "/var/lib/juju/agents/unit-test-fwqxxrr2-0/charm/./src/charm.py", line 524, in _check_image_ready
    raise ImageIntegrationMissingError("No image integration found")
errors.ImageIntegrationMissingError: No image integration found
unit-test-fwqxxrr2-0: 18:26:08 ERROR unit.test-fwqxxrr2/0.juju-log Missing image integration.
Traceback (most recent call last):
  File "/var/lib/juju/agents/unit-test-fwqxxrr2-0/charm/./src/charm.py", line 119, in func_with_catch_errors
    func(self, event)
  File "/var/lib/juju/agents/unit-test-fwqxxrr2-0/charm/./src/charm.py", line 317, in _on_start
    self._check_image_ready()
  File "/var/lib/juju/agents/unit-test-fwqxxrr2-0/charm/./src/charm.py", line 524, in _check_image_ready
    raise ImageIntegrationMissingError("No image integration found")
errors.ImageIntegrationMissingError: No image integration found

18:58:53 INFO Forgetting model main...