06:55:37 INFO Waiting for model:
  test-f0e13s7z/0 [idle] active: 
06:56:07 INFO Waiting for model:
  test-f0e13s7z/0 [idle] active: 
06:56:10 INFO Current reconcile ID: 0b4eb357-c150-410f-b5b0-c581aa34ce21
06:56:10 INFO Waiting for reconcile ID: 0b4eb357-c150-410f-b5b0-c581aa34ce21
06:57:11 INFO Current reconcile ID: 0b4eb357-c150-410f-b5b0-c581aa34ce21
06:57:11 INFO Current reconcile ID: 0b4eb357-c150-410f-b5b0-c581aa34ce21, expected reconcile ID: 0b4eb357-c150-410f-b5b0-c581aa34ce21
06:57:11 INFO Waiting for reconcile ID: 0b4eb357-c150-410f-b5b0-c581aa34ce21
06:58:12 INFO Current reconcile ID: e8b25d7d-3080-4d99-890d-ba0d5ea6ea89
06:58:12 INFO Current reconcile ID: e8b25d7d-3080-4d99-890d-ba0d5ea6ea89, expected reconcile ID: 0b4eb357-c150-410f-b5b0-c581aa34ce21
06:58:12 INFO Waiting for model:
  test-f0e13s7z/0 [idle] active: 
06:58:43 INFO Waiting for model:
  test-f0e13s7z/0 [idle] active: 
06:58:53 INFO Current reconcile ID: 778ba136-97b6-4f2e-9ccb-972e02952e85
06:58:53 INFO Waiting for reconcile ID: 778ba136-97b6-4f2e-9ccb-972e02952e85
06:59:54 INFO Current reconcile ID: 778ba136-97b6-4f2e-9ccb-972e02952e85
06:59:54 INFO Current reconcile ID: 778ba136-97b6-4f2e-9ccb-972e02952e85, expected reconcile ID: 778ba136-97b6-4f2e-9ccb-972e02952e85
06:59:54 INFO Waiting for reconcile ID: 778ba136-97b6-4f2e-9ccb-972e02952e85
07:00:55 INFO Current reconcile ID: ed79435c-49b7-441c-bbba-b966944b568d
07:00:55 INFO Current reconcile ID: ed79435c-49b7-441c-bbba-b966944b568d, expected reconcile ID: 778ba136-97b6-4f2e-9ccb-972e02952e85
07:01:05 INFO Wait for condition not met, sleeping 30
07:01:50 INFO [TEST SETUP] Run command pkill -9 run.sh on test-f0e13s7z-0-n-eb4487bd3859
07:01:50 WARNING dict_values([[{'version': 4, 'addr': '10.145.193.14', 'OS-EXT-IPS:type': 'fixed', 'OS-EXT-IPS-MAC:mac_addr': 'fa:16:3e:7c:d2:6c'}]])
07:01:51 WARNING ssh_cmd: su - ubuntu -c 'ssh -i /home/runner-manager/.ssh/test-f0e13s7z-0-n-eb4487bd3859.key -o "StrictHostKeyChecking no" ubuntu@10.145.193.14 pkill -9 run.sh'
07:01:53 INFO Run command 'pkill -9 run.sh' in runner with result 0: 'None' 'Warning: Permanently added '10.145.193.14' (ED25519) to the list of known hosts.
'
07:01:57 INFO Runner test-f0e13s7z-0-n-eb4487bd3859 status: online
07:01:57 INFO Runner still marked as online, waiting for it to be marked offline
07:02:59 INFO Waiting for model:
  test-f0e13s7z/0 [idle] active: 
07:03:30 INFO Waiting for model:
  test-f0e13s7z/0 [idle] active: 
07:03:33 INFO Current reconcile ID: 7a0102a2-9e5f-4bd4-a837-c8daf8a17163
07:03:33 INFO Waiting for reconcile ID: 7a0102a2-9e5f-4bd4-a837-c8daf8a17163
07:04:34 INFO Current reconcile ID: 7a0102a2-9e5f-4bd4-a837-c8daf8a17163
07:04:34 INFO Current reconcile ID: 7a0102a2-9e5f-4bd4-a837-c8daf8a17163, expected reconcile ID: 7a0102a2-9e5f-4bd4-a837-c8daf8a17163
07:04:34 INFO Waiting for reconcile ID: 7a0102a2-9e5f-4bd4-a837-c8daf8a17163
07:05:35 INFO Current reconcile ID: c5b99ac0-cba0-4b81-9b4c-be621a2cb439
07:05:35 INFO Current reconcile ID: c5b99ac0-cba0-4b81-9b4c-be621a2cb439, expected reconcile ID: 7a0102a2-9e5f-4bd4-a837-c8daf8a17163
07:05:36 INFO File content of /var/log/github-runner-metrics.log: {"timestamp": 1756364148.3617923, "event": "reconciliation", "flavor": "test-f0e13s7z", "crashed_runners": 0, "idle_runners": 0, "active_runners": 0, "expected_runners": 0, "duration": 8.888567924499512}
{"timestamp": 1756364277.061532, "event": "reconciliation", "flavor": "test-f0e13s7z", "crashed_runners": 0, "idle_runners": 0, "active_runners": 0, "expected_runners": 0, "duration": 8.546790838241577}
{"timestamp": 1756364309.1848834, "event": "reconciliation", "flavor": "test-f0e13s7z", "crashed_runners": 0, "idle_runners": 0, "active_runners": 0, "expected_runners": 1, "duration": 13.74950623512268}
{"timestamp": 1756364440.9794796, "event": "reconciliation", "flavor": "test-f0e13s7z", "crashed_runners": 0, "idle_runners": 1, "active_runners": 0, "expected_runners": 1, "duration": 11.66677451133728}
{"timestamp": 1756364403.0, "event": "runner_installed", "flavor": "test-f0e13s7z", "duration": 97.0}
{"timestamp": 1756364468.0, "event": "runner_start", "flavor": "test-f0e13s7z", "workflow": "Workflow Dispatch Crash Tests", "repo": "canonical/github-runner-operator", "github_event": "workflow_dispatch", "idle": 65.0, "queue_duration": 1.0}
{"timestamp": 1756364512.0, "event": "runner_stop", "flavor": "test-f0e13s7z", "workflow": "Workflow Dispatch Crash Tests", "repo": "canonical/github-runner-operator", "github_event": "workflow_dispatch", "status": "abnormal", "status_info": {"code": 137}, "job_duration": 44.0, "job_conclusion": "cancelled"}
{"timestamp": 1756364575.094211, "event": "reconciliation", "flavor": "test-f0e13s7z", "crashed_runners": 0, "idle_runners": 0, "active_runners": 0, "expected_runners": 1, "duration": 13.974548101425171}
{"timestamp": 1756364592.5711524, "event": "reconciliation", "flavor": "test-f0e13s7z", "crashed_runners": 0, "idle_runners": 0, "active_runners": 0, "expected_runners": 0, "duration": 10.176304578781128}
{"timestamp": 1756364723.980154, "event": "reconciliation", "flavor": "test-f0e13s7z", "crashed_runners": 0, "idle_runners": 0, "active_runners": 0, "expected_runners": 0, "duration": 11.2538743019104}
07:05:37 INFO Model status:

Model                            Controller           Cloud/Region         Version  SLA          Timestamp
test-charm-metrics-failure-8fws  github-pr-bc1fc-lxd  localhost/localhost  3.6.9    unsupported  07:05:37Z

App                                   Version  Status  Scale  Charm                        Channel      Rev  Exposed  Message
github-runner-image-builder-f0e13s7z           active      1  github-runner-image-builder  latest/edge  108  no       
test-f0e13s7z                                  active      1  github-runner                               0  yes      

Unit                                     Workload  Agent  Machine  Public address  Ports     Message
github-runner-image-builder-f0e13s7z/0*  active    idle   0        10.84.136.209             
test-f0e13s7z/0*                         active    idle   1        10.84.136.200   8080/tcp  

Machine  State    Address        Inst id        Base          AZ             Message
0        started  10.84.136.209  juju-5e539c-0  ubuntu@22.04  github-runner  Running
1        started  10.84.136.200  juju-5e539c-1  ubuntu@22.04  github-runner  Running

07:05:38 INFO Juju error logs:

machine-0: 06:27:51 ERROR juju.worker.dependency "kvm-container-provisioner" manifold worker returned unexpected error: container types not yet available
machine-0: 06:27:51 ERROR juju.worker.dependency "lxd-container-provisioner" manifold worker returned unexpected error: container types not yet available
unit-github-runner-image-builder-f0e13s7z-0: 06:27:51 ERROR juju.worker.meterstatus error running "meter-status-changed": charm missing from disk
machine-1: 06:28:13 ERROR juju.worker.dependency "kvm-container-provisioner" manifold worker returned unexpected error: container types not yet available
machine-1: 06:28:13 ERROR juju.worker.dependency "lxd-container-provisioner" manifold worker returned unexpected error: container types not yet available
unit-test-f0e13s7z-0: 06:28:14 ERROR juju.worker.meterstatus error running "meter-status-changed": charm missing from disk
unit-github-runner-image-builder-f0e13s7z-0: 06:28:42 ERROR unit.github-runner-image-builder-f0e13s7z/0.juju-log Pipx command failed, code: 1, out: None, err: None
unit-test-f0e13s7z-0: 06:29:36 ERROR unit.test-f0e13s7z/0.juju-log Missing image integration.
Traceback (most recent call last):
  File "/var/lib/juju/agents/unit-test-f0e13s7z-0/charm/./src/charm.py", line 118, in func_with_catch_errors
    func(self, event)
  File "/var/lib/juju/agents/unit-test-f0e13s7z-0/charm/./src/charm.py", line 342, in _on_config_changed
    self._check_image_ready()
  File "/var/lib/juju/agents/unit-test-f0e13s7z-0/charm/./src/charm.py", line 512, in _check_image_ready
    raise ImageIntegrationMissingError("No image integration found")
errors.ImageIntegrationMissingError: No image integration found
unit-test-f0e13s7z-0: 06:29:39 ERROR unit.test-f0e13s7z/0.juju-log Missing image integration.
Traceback (most recent call last):
  File "/var/lib/juju/agents/unit-test-f0e13s7z-0/charm/./src/charm.py", line 118, in func_with_catch_errors
    func(self, event)
  File "/var/lib/juju/agents/unit-test-f0e13s7z-0/charm/./src/charm.py", line 313, in _on_start
    self._check_image_ready()
  File "/var/lib/juju/agents/unit-test-f0e13s7z-0/charm/./src/charm.py", line 512, in _check_image_ready
    raise ImageIntegrationMissingError("No image integration found")
errors.ImageIntegrationMissingError: No image integration found
unit-test-f0e13s7z-0: 06:31:06 ERROR unit.test-f0e13s7z/0.juju-log image:0: Missing image in image integration.
Traceback (most recent call last):
  File "/var/lib/juju/agents/unit-test-f0e13s7z-0/charm/./src/charm.py", line 118, in func_with_catch_errors
    func(self, event)
  File "/var/lib/juju/agents/unit-test-f0e13s7z-0/charm/./src/charm.py", line 477, in _on_image_relation_changed
    self._check_image_ready()
  File "/var/lib/juju/agents/unit-test-f0e13s7z-0/charm/./src/charm.py", line 514, in _check_image_ready
    raise ImageNotFoundError("No image found in the image integration")
errors.ImageNotFoundError: No image found in the image integration

07:05:38 INFO Forgetting model main...