06:25:22 WARNING unexpected facade SSHServer received from the controller
06:25:22 INFO Adding model github-pr-bc1fc-lxd:test-charm-fork-repo-s6b7 on cloud localhost
06:25:22 WARNING unexpected facade SSHServer received from the controller
06:25:22 WARNING unexpected facade SSHSession received from the controller
06:25:22 WARNING unexpected facade SSHTunneler received from the controller
06:25:24 INFO Deploying ch:amd64/jammy/github-runner-image-builder-108
06:25:43 INFO Deploying local:jammy/github-runner-0
06:25:44 INFO Waiting for model:
  test-vt41zuhg/0 [allocating] waiting: waiting for machine
  github-runner-image-builder-vt41zuhg/0 [allocating] waiting: waiting for machine
06:26:14 INFO Waiting for model:
  test-vt41zuhg/0 [allocating] waiting: waiting for machine
  github-runner-image-builder-vt41zuhg/0 [allocating] waiting: waiting for machine
06:26:44 INFO Waiting for model:
  test-vt41zuhg/0 [allocating] waiting: waiting for machine
  github-runner-image-builder-vt41zuhg/0 [allocating] waiting: waiting for machine
06:27:14 INFO Waiting for model:
  test-vt41zuhg/0 [allocating] waiting: agent initialising
  github-runner-image-builder-vt41zuhg/0 [executing] maintenance: Setting up Builder.
06:27:45 INFO Waiting for model:
  test-vt41zuhg/0 [executing] maintenance: installing charm software
  github-runner-image-builder-vt41zuhg/0 [executing] maintenance: Setting up Builder.
06:28:15 INFO Waiting for model:
  test-vt41zuhg/0 [executing] blocked: Please provide image integration.
  github-runner-image-builder-vt41zuhg/0 [executing] maintenance: Setting up Builder.
06:28:45 INFO Waiting for model:
  test-vt41zuhg/0 [idle] blocked: Please provide image integration.
  github-runner-image-builder-vt41zuhg/0 [executing] maintenance: Setting up Builder.
06:29:15 INFO Waiting for model:
  test-vt41zuhg/0 [idle] blocked: Please provide image integration.
  github-runner-image-builder-vt41zuhg/0 [executing] maintenance: Setting up Builder.
06:29:46 INFO Waiting for model:
  test-vt41zuhg/0 [idle] waiting: Waiting for image over integration.
  github-runner-image-builder-vt41zuhg/0 [executing] active: Building image.
06:30:16 INFO Waiting for model:
  test-vt41zuhg/0 [idle] waiting: Waiting for image over integration.
  github-runner-image-builder-vt41zuhg/0 [executing] active: Building image.
06:30:46 INFO Waiting for model:
  test-vt41zuhg/0 [idle] waiting: Waiting for image over integration.
  github-runner-image-builder-vt41zuhg/0 [executing] active: Building image.
06:31:17 INFO Waiting for model:
  test-vt41zuhg/0 [idle] waiting: Waiting for image over integration.
  github-runner-image-builder-vt41zuhg/0 [executing] active: Building image.
06:31:47 INFO Waiting for model:
  test-vt41zuhg/0 [idle] waiting: Waiting for image over integration.
  github-runner-image-builder-vt41zuhg/0 [executing] active: Building image.
06:32:18 INFO Waiting for model:
  test-vt41zuhg/0 [idle] waiting: Waiting for image over integration.
  github-runner-image-builder-vt41zuhg/0 [executing] active: Building image.
06:32:48 INFO Waiting for model:
  test-vt41zuhg/0 [idle] waiting: Waiting for image over integration.
  github-runner-image-builder-vt41zuhg/0 [executing] active: Building image.
06:33:18 INFO Waiting for model:
  test-vt41zuhg/0 [idle] waiting: Waiting for image over integration.
  github-runner-image-builder-vt41zuhg/0 [executing] active: Building image.
06:33:49 INFO Waiting for model:
  test-vt41zuhg/0 [idle] waiting: Waiting for image over integration.
  github-runner-image-builder-vt41zuhg/0 [executing] active: Building image.
06:34:19 INFO Waiting for model:
  test-vt41zuhg/0 [idle] waiting: Waiting for image over integration.
  github-runner-image-builder-vt41zuhg/0 [executing] active: Building image.
06:34:50 INFO Waiting for model:
  test-vt41zuhg/0 [idle] waiting: Waiting for image over integration.
  github-runner-image-builder-vt41zuhg/0 [executing] active: Building image.
06:35:20 INFO Waiting for model:
  test-vt41zuhg/0 [idle] waiting: Waiting for image over integration.
  github-runner-image-builder-vt41zuhg/0 [executing] active: Building image.
06:35:50 INFO Waiting for model:
  test-vt41zuhg/0 [idle] waiting: Waiting for image over integration.
  github-runner-image-builder-vt41zuhg/0 [executing] active: Building image.
06:36:20 INFO Waiting for model:
  test-vt41zuhg/0 [idle] waiting: Waiting for image over integration.
  github-runner-image-builder-vt41zuhg/0 [executing] active: Building image.
06:36:50 INFO Waiting for model:
  test-vt41zuhg/0 [idle] waiting: Waiting for image over integration.
  github-runner-image-builder-vt41zuhg/0 [executing] active: Building image.
06:37:21 INFO Waiting for model:
  test-vt41zuhg/0 [idle] waiting: Waiting for image over integration.
  github-runner-image-builder-vt41zuhg/0 [executing] active: Building image.
06:37:51 INFO Waiting for model:
  test-vt41zuhg/0 [idle] waiting: Waiting for image over integration.
  github-runner-image-builder-vt41zuhg/0 [executing] active: Building image.
06:38:21 INFO Waiting for model:
  test-vt41zuhg/0 [idle] waiting: Waiting for image over integration.
  github-runner-image-builder-vt41zuhg/0 [executing] active: Building image.
06:38:51 INFO Waiting for model:
  test-vt41zuhg/0 [idle] waiting: Waiting for image over integration.
  github-runner-image-builder-vt41zuhg/0 [executing] active: Building image.
06:39:22 INFO Waiting for model:
  test-vt41zuhg/0 [idle] waiting: Waiting for image over integration.
  github-runner-image-builder-vt41zuhg/0 [executing] active: Building image.
06:39:52 INFO Waiting for model:
  test-vt41zuhg/0 [idle] waiting: Waiting for image over integration.
  github-runner-image-builder-vt41zuhg/0 [executing] active: Building image.
06:40:22 INFO Waiting for model:
  test-vt41zuhg/0 [idle] waiting: Waiting for image over integration.
  github-runner-image-builder-vt41zuhg/0 [executing] active: Building image.
06:40:52 INFO Waiting for model:
  test-vt41zuhg/0 [idle] waiting: Waiting for image over integration.
  github-runner-image-builder-vt41zuhg/0 [executing] active: Building image.
06:41:22 INFO Waiting for model:
  test-vt41zuhg/0 [idle] waiting: Waiting for image over integration.
  github-runner-image-builder-vt41zuhg/0 [executing] active: Building image.
06:41:53 INFO Waiting for model:
  test-vt41zuhg/0 [idle] waiting: Waiting for image over integration.
  github-runner-image-builder-vt41zuhg/0 [executing] active: Building image.
06:42:23 INFO Waiting for model:
  test-vt41zuhg/0 [idle] waiting: Waiting for image over integration.
  github-runner-image-builder-vt41zuhg/0 [executing] active: Building image.
06:42:53 INFO Waiting for model:
  test-vt41zuhg/0 [idle] waiting: Waiting for image over integration.
  github-runner-image-builder-vt41zuhg/0 [executing] active: Building image.
06:43:23 INFO Waiting for model:
  test-vt41zuhg/0 [idle] waiting: Waiting for image over integration.
  github-runner-image-builder-vt41zuhg/0 [executing] active: Building image.
06:43:53 INFO Waiting for model:
  test-vt41zuhg/0 [executing] maintenance: Update image for runners
  github-runner-image-builder-vt41zuhg/0 [idle] active: 
06:44:24 INFO Waiting for model:
  test-vt41zuhg/0 [idle] active: 
06:44:29 INFO GitHub token rate limit: Rate(reset=2025-08-28 07:43:06+00:00, remaining=4943, limit=5000)
06:45:32 INFO Waiting for model:
  test-vt41zuhg/0 [idle] active: 
06:46:02 INFO Waiting for model:
  test-vt41zuhg/0 [idle] active: 
06:46:05 INFO Current reconcile ID: c636d1d8-b867-446d-8c82-8969fdaebf4e
06:46:05 INFO Waiting for reconcile ID: c636d1d8-b867-446d-8c82-8969fdaebf4e
06:47:06 INFO Current reconcile ID: c636d1d8-b867-446d-8c82-8969fdaebf4e
06:47:06 INFO Current reconcile ID: c636d1d8-b867-446d-8c82-8969fdaebf4e, expected reconcile ID: c636d1d8-b867-446d-8c82-8969fdaebf4e
06:47:06 INFO Waiting for reconcile ID: c636d1d8-b867-446d-8c82-8969fdaebf4e
06:48:07 INFO Current reconcile ID: 98e1228c-cbe8-43ca-81e6-080796e8af95
06:48:07 INFO Current reconcile ID: 98e1228c-cbe8-43ca-81e6-080796e8af95, expected reconcile ID: c636d1d8-b867-446d-8c82-8969fdaebf4e
06:48:16 INFO [TEST SETUP] Exposing port 8080 on test-vt41zuhg-0-n-4b2fbfc91929
06:48:16 WARNING dict_values([[{'version': 4, 'addr': '10.145.193.66', 'OS-EXT-IPS:type': 'fixed', 'OS-EXT-IPS-MAC:mac_addr': 'fa:16:3e:13:17:a1'}]])
06:48:17 INFO ssh tunnel command ssh -fNT -R 8080:localhost:8080 -i /home/runner-manager/.ssh/test-vt41zuhg-0-n-4b2fbfc91929.key -o "StrictHostKeyChecking no" -o "ControlPersist yes" ubuntu@10.145.193.66 &
06:48:18 INFO ssh tunnel result 0 None Warning: Permanently added '10.145.193.66' (ED25519) to the list of known hosts.

06:48:19 INFO [TEST SETUP] Run command nc -z localhost 8080 on test-vt41zuhg-0-n-4b2fbfc91929
06:48:19 WARNING dict_values([[{'version': 4, 'addr': '10.145.193.66', 'OS-EXT-IPS:type': 'fixed', 'OS-EXT-IPS-MAC:mac_addr': 'fa:16:3e:13:17:a1'}]])
06:48:20 WARNING ssh_cmd: su - ubuntu -c 'ssh -i /home/runner-manager/.ssh/test-vt41zuhg-0-n-4b2fbfc91929.key -o "StrictHostKeyChecking no" ubuntu@10.145.193.66 nc -z localhost 8080'
06:48:21 INFO Run command 'nc -z localhost 8080' in runner with result 0: 'None' 'Connection to localhost (127.0.0.1) 8080 port [tcp/http-alt] succeeded!
'
06:48:22 INFO [TEST SETUP] Run command curl http://localhost:8080 on test-vt41zuhg-0-n-4b2fbfc91929
06:48:22 WARNING dict_values([[{'version': 4, 'addr': '10.145.193.66', 'OS-EXT-IPS:type': 'fixed', 'OS-EXT-IPS-MAC:mac_addr': 'fa:16:3e:13:17:a1'}]])
06:48:23 WARNING ssh_cmd: su - ubuntu -c 'ssh -i /home/runner-manager/.ssh/test-vt41zuhg-0-n-4b2fbfc91929.key -o "StrictHostKeyChecking no" ubuntu@10.145.193.66 curl http://localhost:8080'
06:48:24 INFO Run command 'curl http://localhost:8080' in runner with result 0: '<!doctype html>
<html lang=en>
<title>404 Not Found</title>
<h1>Not Found</h1>
<p>The requested URL was not found on the server. If you entered the URL manually please check your spelling and try again.</p>
' '  % Total    % Received % Xferd  Average Speed   Time    Time     Time  Current
                                 Dload  Upload   Total   Spent    Left  Speed
  0     0    0     0    0     0      0      0 --:--:-- --:--:-- --:--:--     0100   207  100   207    0     0  58856      0 --:--:-- --:--:-- --:--:-- 69000
'
06:48:27 INFO Wait for condition not met, sleeping 10
06:48:42 INFO Model status:

Model                      Controller           Cloud/Region         Version  SLA          Timestamp
test-charm-fork-repo-s6b7  github-pr-bc1fc-lxd  localhost/localhost  3.6.9    unsupported  06:48:42Z

App                                   Version  Status  Scale  Charm                        Channel      Rev  Exposed  Message
github-runner-image-builder-vt41zuhg           active      1  github-runner-image-builder  latest/edge  108  no       
test-vt41zuhg                                  active      1  github-runner                               0  yes      

Unit                                     Workload  Agent  Machine  Public address  Ports     Message
github-runner-image-builder-vt41zuhg/0*  active    idle   0        10.207.60.254             
test-vt41zuhg/0*                         active    idle   1        10.207.60.116   8080/tcp  

Machine  State    Address        Inst id        Base          AZ             Message
0        started  10.207.60.254  juju-6a439f-0  ubuntu@22.04  github-runner  Running
1        started  10.207.60.116  juju-6a439f-1  ubuntu@22.04  github-runner  Running

06:48:42 INFO Juju error logs:

machine-0: 06:26:51 ERROR juju.worker.dependency "lxd-container-provisioner" manifold worker returned unexpected error: container types not yet available
machine-0: 06:26:51 ERROR juju.worker.dependency "kvm-container-provisioner" manifold worker returned unexpected error: container types not yet available
unit-github-runner-image-builder-vt41zuhg-0: 06:26:51 ERROR juju.worker.meterstatus error running "meter-status-changed": charm missing from disk
machine-1: 06:27:03 ERROR juju.worker.dependency "kvm-container-provisioner" manifold worker returned unexpected error: container types not yet available
machine-1: 06:27:03 ERROR juju.worker.dependency "lxd-container-provisioner" manifold worker returned unexpected error: container types not yet available
unit-test-vt41zuhg-0: 06:27:03 ERROR juju.worker.meterstatus error running "meter-status-changed": charm missing from disk
unit-github-runner-image-builder-vt41zuhg-0: 06:27:37 ERROR unit.github-runner-image-builder-vt41zuhg/0.juju-log Pipx command failed, code: 1, out: None, err: None
unit-test-vt41zuhg-0: 06:28:13 ERROR unit.test-vt41zuhg/0.juju-log Missing image integration.
Traceback (most recent call last):
  File "/var/lib/juju/agents/unit-test-vt41zuhg-0/charm/./src/charm.py", line 118, in func_with_catch_errors
    func(self, event)
  File "/var/lib/juju/agents/unit-test-vt41zuhg-0/charm/./src/charm.py", line 342, in _on_config_changed
    self._check_image_ready()
  File "/var/lib/juju/agents/unit-test-vt41zuhg-0/charm/./src/charm.py", line 512, in _check_image_ready
    raise ImageIntegrationMissingError("No image integration found")
errors.ImageIntegrationMissingError: No image integration found
unit-test-vt41zuhg-0: 06:28:15 ERROR unit.test-vt41zuhg/0.juju-log Missing image integration.
Traceback (most recent call last):
  File "/var/lib/juju/agents/unit-test-vt41zuhg-0/charm/./src/charm.py", line 118, in func_with_catch_errors
    func(self, event)
  File "/var/lib/juju/agents/unit-test-vt41zuhg-0/charm/./src/charm.py", line 313, in _on_start
    self._check_image_ready()
  File "/var/lib/juju/agents/unit-test-vt41zuhg-0/charm/./src/charm.py", line 512, in _check_image_ready
    raise ImageIntegrationMissingError("No image integration found")
errors.ImageIntegrationMissingError: No image integration found
unit-test-vt41zuhg-0: 06:29:30 ERROR unit.test-vt41zuhg/0.juju-log image:0: Missing image in image integration.
Traceback (most recent call last):
  File "/var/lib/juju/agents/unit-test-vt41zuhg-0/charm/./src/charm.py", line 118, in func_with_catch_errors
    func(self, event)
  File "/var/lib/juju/agents/unit-test-vt41zuhg-0/charm/./src/charm.py", line 477, in _on_image_relation_changed
    self._check_image_ready()
  File "/var/lib/juju/agents/unit-test-vt41zuhg-0/charm/./src/charm.py", line 514, in _check_image_ready
    raise ImageNotFoundError("No image found in the image integration")
errors.ImageNotFoundError: No image found in the image integration

06:48:42 INFO Forgetting model main...