06:24:21 INFO Adding model github-pr-b51b1-lxd:test-charm-upgrade-9bve on cloud localhost
06:24:22 WARNING unexpected facade AgentLifeFlag received from the controller
06:24:22 WARNING unknown common facade version for AgentLifeFlag,
versions known to client : [2, 3]
versions known to controller : [1]
06:24:22 WARNING unexpected facade SecretsDrain received from the controller
06:24:23 INFO Deploying ch:amd64/github-runner-image-builder-68
06:24:54 INFO Deploying local:jammy/github-runner-0
06:24:54 INFO Waiting for model:
  test-a2du4u2b/0 [allocating] waiting: waiting for machine
  github-runner-image-builder-a2du4u2b/0 [allocating] waiting: waiting for machine
06:25:24 INFO Waiting for model:
  test-a2du4u2b/0 [allocating] waiting: waiting for machine
  github-runner-image-builder-a2du4u2b/0 [allocating] waiting: agent initialising
06:25:54 INFO Waiting for model:
  test-a2du4u2b/0 [allocating] waiting: waiting for machine
  github-runner-image-builder-a2du4u2b/0 [executing] maintenance: Setting up Builder.
06:26:24 INFO Waiting for model:
  test-a2du4u2b/0 [allocating] waiting: agent initialising
  github-runner-image-builder-a2du4u2b/0 [executing] maintenance: Setting up Builder.
06:26:54 INFO Waiting for model:
  test-a2du4u2b/0 [executing] maintenance: installing charm software
  github-runner-image-builder-a2du4u2b/0 [executing] maintenance: Setting up Builder.
06:27:24 INFO Waiting for model:
  test-a2du4u2b/0 [executing] maintenance: installing charm software
  github-runner-image-builder-a2du4u2b/0 [executing] maintenance: Setting up Builder.
06:27:54 INFO Waiting for model:
  test-a2du4u2b/0 [idle] blocked: Please provide image integration.
  github-runner-image-builder-a2du4u2b/0 [executing] maintenance: Setting up Builder.
06:28:24 INFO Waiting for model:
  test-a2du4u2b/0 [idle] waiting: Waiting for image over integration.
  github-runner-image-builder-a2du4u2b/0 [executing] active: Building image.
06:28:54 INFO Waiting for model:
  test-a2du4u2b/0 [idle] waiting: Waiting for image over integration.
  github-runner-image-builder-a2du4u2b/0 [executing] active: Building image.
06:29:24 INFO Waiting for model:
  test-a2du4u2b/0 [idle] waiting: Waiting for image over integration.
  github-runner-image-builder-a2du4u2b/0 [executing] active: Building image.
06:29:54 INFO Waiting for model:
  test-a2du4u2b/0 [idle] waiting: Waiting for image over integration.
  github-runner-image-builder-a2du4u2b/0 [executing] active: Building image.
06:30:24 INFO Waiting for model:
  test-a2du4u2b/0 [idle] waiting: Waiting for image over integration.
  github-runner-image-builder-a2du4u2b/0 [executing] active: Building image.
06:30:54 INFO Waiting for model:
  test-a2du4u2b/0 [idle] waiting: Waiting for image over integration.
  github-runner-image-builder-a2du4u2b/0 [executing] active: Building image.
06:31:24 INFO Waiting for model:
  test-a2du4u2b/0 [idle] waiting: Waiting for image over integration.
  github-runner-image-builder-a2du4u2b/0 [executing] active: Building image.
06:31:54 INFO Waiting for model:
  test-a2du4u2b/0 [idle] waiting: Waiting for image over integration.
  github-runner-image-builder-a2du4u2b/0 [executing] active: Building image.
06:32:24 INFO Waiting for model:
  test-a2du4u2b/0 [idle] waiting: Waiting for image over integration.
  github-runner-image-builder-a2du4u2b/0 [executing] active: Building image.
06:32:54 INFO Waiting for model:
  test-a2du4u2b/0 [idle] waiting: Waiting for image over integration.
  github-runner-image-builder-a2du4u2b/0 [executing] active: Building image.
06:33:24 INFO Waiting for model:
  test-a2du4u2b/0 [idle] waiting: Waiting for image over integration.
  github-runner-image-builder-a2du4u2b/0 [executing] active: Building image.
06:33:54 INFO Waiting for model:
  test-a2du4u2b/0 [idle] waiting: Waiting for image over integration.
  github-runner-image-builder-a2du4u2b/0 [executing] active: Building image.
06:34:24 INFO Waiting for model:
  test-a2du4u2b/0 [idle] waiting: Waiting for image over integration.
  github-runner-image-builder-a2du4u2b/0 [executing] active: Building image.
06:34:54 INFO Waiting for model:
  test-a2du4u2b/0 [idle] waiting: Waiting for image over integration.
  github-runner-image-builder-a2du4u2b/0 [executing] active: Building image.
06:35:24 INFO Waiting for model:
  test-a2du4u2b/0 [idle] waiting: Waiting for image over integration.
  github-runner-image-builder-a2du4u2b/0 [executing] active: Building image.
06:35:54 INFO Waiting for model:
  test-a2du4u2b/0 [idle] waiting: Waiting for image over integration.
  github-runner-image-builder-a2du4u2b/0 [executing] active: Building image.
06:36:24 INFO Waiting for model:
  test-a2du4u2b/0 [idle] waiting: Waiting for image over integration.
  github-runner-image-builder-a2du4u2b/0 [executing] active: Building image.
06:36:54 INFO Waiting for model:
  test-a2du4u2b/0 [idle] waiting: Waiting for image over integration.
  github-runner-image-builder-a2du4u2b/0 [executing] active: Building image.
06:37:24 INFO Waiting for model:
  test-a2du4u2b/0 [idle] waiting: Waiting for image over integration.
  github-runner-image-builder-a2du4u2b/0 [executing] active: Building image.
06:37:54 INFO Waiting for model:
  test-a2du4u2b/0 [executing] maintenance: Update image for runners
  github-runner-image-builder-a2du4u2b/0 [idle] active: 
06:38:24 INFO Waiting for model:
  test-a2du4u2b/0 [executing] maintenance: Reconciling runners
06:38:54 INFO Waiting for model:
  test-a2du4u2b/0 [executing] maintenance: Reconciling runners
06:39:24 INFO Waiting for model:
  test-a2du4u2b/0 [executing] maintenance: Reconciling runners
06:39:54 INFO Waiting for model:
  test-a2du4u2b/0 [executing] maintenance: Reconciling runners
06:40:24 INFO Waiting for model:
  test-a2du4u2b/0 [executing] maintenance: Reconciling runners
06:40:54 INFO Waiting for model:
  test-a2du4u2b/0 [executing] maintenance: Reconciling runners
06:41:24 INFO Waiting for model:
  test-a2du4u2b/0 [executing] maintenance: Reconciling runners
06:41:54 INFO Waiting for model:
  test-a2du4u2b/0 [executing] maintenance: Reconciling runners
06:42:24 INFO Waiting for model:
  test-a2du4u2b/0 [idle] active: 
06:43:56 INFO Waiting for model:
  test-a2du4u2b/0 [executing] active: 
06:44:26 INFO Waiting for model:
  test-a2du4u2b/0 [idle] active:
06:44:59 INFO Model status:

Model                    Controller           Cloud/Region         Version  SLA          Timestamp
test-charm-upgrade-9bve  github-pr-b51b1-lxd  localhost/localhost  3.1.10   unsupported  06:44:59Z

App                                   Version  Status  Scale  Charm                        Channel      Rev  Exposed  Message
github-runner-image-builder-a2du4u2b           active      1  github-runner-image-builder  latest/edge   68  no       
test-a2du4u2b                                  active      1  github-runner                               1  no       

Unit                                     Workload  Agent  Machine  Public address  Ports  Message
github-runner-image-builder-a2du4u2b/0*  active    idle   0        10.139.42.203          
test-a2du4u2b/0*                         active    idle   1        10.139.42.90           

Machine  State    Address        Inst id        Base          AZ  Message
0        started  10.139.42.203  juju-1e9d51-0  ubuntu@22.04      Running
1        started  10.139.42.90   juju-1e9d51-1  ubuntu@22.04      Running

06:44:59 INFO Juju error logs:

machine-0: 06:25:23 ERROR juju.worker.dependency "lxd-container-provisioner" manifold worker returned unexpected error: container types not yet available
machine-0: 06:25:23 ERROR juju.worker.dependency "broker-tracker" manifold worker returned unexpected error: no container types determined
machine-0: 06:25:23 ERROR juju.worker.dependency "kvm-container-provisioner" manifold worker returned unexpected error: container types not yet available
unit-github-runner-image-builder-a2du4u2b-0: 06:25:23 ERROR juju.worker.meterstatus error running "meter-status-changed": charm missing from disk
unit-github-runner-image-builder-a2du4u2b-0: 06:26:04 ERROR unit.github-runner-image-builder-a2du4u2b/0.juju-log Pipx command failed, code: 1, out: None, err: None
machine-1: 06:26:19 ERROR juju.worker.dependency "broker-tracker" manifold worker returned unexpected error: no container types determined
machine-1: 06:26:19 ERROR juju.worker.dependency "kvm-container-provisioner" manifold worker returned unexpected error: container types not yet available
machine-1: 06:26:19 ERROR juju.worker.dependency "lxd-container-provisioner" manifold worker returned unexpected error: container types not yet available
unit-test-a2du4u2b-0: 06:26:19 ERROR juju.worker.meterstatus error running "meter-status-changed": charm missing from disk
unit-test-a2du4u2b-0: 06:27:02 ERROR unit.test-a2du4u2b/0.juju-log Command python3 -m pip uninstall github_runner_manager failed with code 2: b'ERROR: Exception:\nTraceback (most recent call last):\n  File "/usr/local/lib/python3.10/dist-packages/pip/_internal/cli/base_command.py", line 105, in _run_wrapper\n    status = _inner_run()\n  File "/usr/local/lib/python3.10/dist-packages/pip/_internal/cli/base_command.py", line 96, in _inner_run\n    return self.run(options, args)\n  File "/usr/local/lib/python3.10/dist-packages/pip/_internal/commands/uninstall.py", line 106, in run\n    uninstall_pathset = req.uninstall(\n  File "/usr/local/lib/python3.10/dist-packages/pip/_internal/req/req_install.py", line 723, in uninstall\n    uninstalled_pathset.remove(auto_confirm, verbose)\n  File "/usr/local/lib/python3.10/dist-packages/pip/_internal/req/req_uninstall.py", line 364, in remove\n    if auto_confirm or self._allowed_to_proceed(verbose):\n  File "/usr/local/lib/python3.10/dist-packages/pip/_internal/req/req_uninstall.py", line 404, in _allowed_to_proceed\n    return ask("Proceed (Y/n)? ", ("y", "n", "")) != "n"\n  File "/usr/local/lib/python3.10/dist-packages/pip/_internal/utils/misc.py", line 229, in ask\n    response = input(message)\nEOFError: EOF when reading a line\n'
unit-test-a2du4u2b-0: 06:43:38 ERROR unit.test-a2du4u2b/0.juju-log Command python3 -m pip uninstall github_runner_manager failed with code 2: b'ERROR: Exception:\nTraceback (most recent call last):\n  File "/usr/local/lib/python3.10/dist-packages/pip/_internal/cli/base_command.py", line 105, in _run_wrapper\n    status = _inner_run()\n  File "/usr/local/lib/python3.10/dist-packages/pip/_internal/cli/base_command.py", line 96, in _inner_run\n    return self.run(options, args)\n  File "/usr/local/lib/python3.10/dist-packages/pip/_internal/commands/uninstall.py", line 106, in run\n    uninstall_pathset = req.uninstall(\n  File "/usr/local/lib/python3.10/dist-packages/pip/_internal/req/req_install.py", line 723, in uninstall\n    uninstalled_pathset.remove(auto_confirm, verbose)\n  File "/usr/local/lib/python3.10/dist-packages/pip/_internal/req/req_uninstall.py", line 364, in remove\n    if auto_confirm or self._allowed_to_proceed(verbose):\n  File "/usr/local/lib/python3.10/dist-packages/pip/_internal/req/req_uninstall.py", line 404, in _allowed_to_proceed\n    return ask("Proceed (Y/n)? ", ("y", "n", "")) != "n"\n  File "/usr/local/lib/python3.10/dist-packages/pip/_internal/utils/misc.py", line 229, in ask\n    response = input(message)\nEOFError: EOF when reading a line\n'

06:45:00 INFO Forgetting model main...