06:28:34 INFO GitHub token rate limit: Rate(reset=2025-05-03 07:24:32+00:00, remaining=4976, limit=5000)
06:28:37 INFO Creating 1 runners
06:28:38 INFO Creating openstack server with test-zen25ryn-0-n-87f434e448df
06:28:56 INFO Runner test-zen25ryn-0-n-87f434e448df created successfully
06:30:57 INFO Getting runners...
06:30:58 INFO Getting all openstack servers managed by the charm
06:31:00 INFO Connected (version 2.0, client OpenSSH_9.6p1)
06:31:00 INFO Authentication (publickey) successful!
06:31:02 INFO Found following runners: {'test-zen25ryn-0-n-87f434e448df'}
06:31:02 INFO Getting runners...
06:31:03 INFO Getting all openstack servers managed by the charm
06:31:05 INFO Connected (version 2.0, client OpenSSH_9.6p1)
06:31:05 INFO Authentication (publickey) successful!
06:31:06 INFO Found following runners: {'test-zen25ryn-0-n-87f434e448df'}
06:31:06 INFO Getting runners...
06:31:07 INFO Getting all openstack servers managed by the charm
06:31:09 INFO Connected (version 2.0, client OpenSSH_9.6p1)
06:31:09 INFO Authentication (publickey) successful!
06:31:10 INFO Found following runners: {'test-zen25ryn-0-n-87f434e448df'}
06:31:12 INFO Wait for condition not met, sleeping 10
06:31:23 INFO Getting runners...
06:31:24 INFO Getting all openstack servers managed by the charm
06:31:26 INFO Connected (version 2.0, client OpenSSH_9.6p1)
06:31:27 INFO Authentication (publickey) successful!
06:31:27 INFO Found following runners: {'test-zen25ryn-0-n-87f434e448df'}
06:31:27 INFO Getting runners...
06:31:29 INFO Getting all openstack servers managed by the charm
06:31:31 INFO Connected (version 2.0, client OpenSSH_9.6p1)
06:31:31 INFO Authentication (publickey) successful!
06:31:32 INFO Found following runners: {'test-zen25ryn-0-n-87f434e448df'}
06:31:33 INFO Offline github runners to delete: []:
06:31:33 INFO Getting all openstack servers managed by the charm
06:31:36 INFO Connected (version 2.0, client OpenSSH_9.6p1)
06:31:36 INFO Authentication (publickey) successful!
06:31:41 INFO Cleaning up SSH key files
06:31:41 INFO Found 1 key files, clean up 0 key files
06:31:41 INFO Cleaning up openstack keypairs
06:31:41 INFO Getting runners...
06:31:42 INFO Getting all openstack servers managed by the charm
06:31:45 INFO Connected (version 2.0, client OpenSSH_9.6p1)
06:31:45 INFO Authentication (publickey) successful!
06:31:46 INFO Found following runners: {'test-zen25ryn-0-n-87f434e448df'}
06:31:46 INFO Flushing idle runners...
06:31:47 INFO Getting all openstack servers managed by the charm
06:31:49 INFO Connected (version 2.0, client OpenSSH_9.6p1)
06:31:49 INFO Authentication (publickey) successful!
06:31:49 INFO Attempting to kill runner process on test-zen25ryn-0-n-87f434e448df if not busy
06:31:49 INFO Running kill process command: ! pgrep -x Runner.Worker && pgrep -x Runner.Listener && kill $(pgrep -x Runner.Listener)
06:31:49 INFO Kill process command output, ok: False code 1, out: 2497
, err: 
06:31:49 INFO Getting all openstack servers managed by the charm
06:31:52 INFO Connected (version 2.0, client OpenSSH_9.6p1)
06:31:52 INFO Authentication (publickey) successful!
06:32:00 INFO Cleaning up SSH key files
06:32:00 INFO Found 1 key files, clean up 0 key files
06:32:00 INFO Cleaning up openstack keypairs
06:32:00 INFO Getting runners...
06:32:01 INFO Getting all openstack servers managed by the charm
06:32:04 INFO Connected (version 2.0, client OpenSSH_9.6p1)
06:32:04 INFO Authentication (publickey) successful!
06:32:05 INFO Found following runners: {'test-zen25ryn-0-n-87f434e448df'}
06:32:05 INFO Flushing idle and busy runners...
06:32:06 INFO Getting all openstack servers managed by the charm
06:32:09 INFO Connected (version 2.0, client OpenSSH_9.6p1)
06:32:09 INFO Authentication (publickey) successful!
06:32:09 INFO Attempting to kill all runner process on test-zen25ryn-0-n-87f434e448df
06:32:09 INFO Running kill process command: pgrep -x Runner.Listener && kill $(pgrep -x Runner.Listener);pgrep -x Runner.Worker && kill $(pgrep -x Runner.Worker);
06:32:10 INFO Kill process command output, ok: True code 0, out: 2198
2497
, err: 
06:32:10 INFO Getting all openstack servers managed by the charm
06:32:14 INFO Connected (version 2.0, client OpenSSH_9.6p1)
06:32:14 INFO Authentication (publickey) successful!
06:32:15 INFO Connected (version 2.0, client OpenSSH_9.6p1)
06:32:15 INFO Authentication (publickey) successful!
06:32:15 INFO [chan 2] Opened sftp connection (server version 3)
06:32:15 INFO Running runner removal script for test-zen25ryn-0-n-87f434e448df
06:32:17 WARNING Unable to run removal script on instance test-zen25ryn-0-n-87f434e448df, exit code: 1, stdout: 
# Runner removal

, stderr: ldd: ./bin/libcoreclr.so: No such file or directory
ldd: ./bin/libSystem.Security.Cryptography.Native.OpenSsl.so: No such file or directory
ldd: ./bin/libSystem.IO.Compression.Native.so: No such file or directory
Failed: Removing runner from the server
Runner test-zen25ryn-0-n-87f434e448df is currently running a job and cannot be deleted.

06:32:17 WARNING Unable to run github runner removal script for test-zen25ryn-0-n-87f434e448df
Stack (most recent call last):
  File "/home/ubuntu/actions-runner/_work/github-runner-operator/github-runner-operator/.tox/integration-juju3.6/bin/pytest", line 8, in <module>
    sys.exit(console_main())
  File "/home/ubuntu/actions-runner/_work/github-runner-operator/github-runner-operator/.tox/integration-juju3.6/lib/python3.10/site-packages/_pytest/config/__init__.py", line 201, in console_main
    code = main()
  File "/home/ubuntu/actions-runner/_work/github-runner-operator/github-runner-operator/.tox/integration-juju3.6/lib/python3.10/site-packages/_pytest/config/__init__.py", line 175, in main
    ret: ExitCode | int = config.hook.pytest_cmdline_main(config=config)
  File "/home/ubuntu/actions-runner/_work/github-runner-operator/github-runner-operator/.tox/integration-juju3.6/lib/python3.10/site-packages/pluggy/_hooks.py", line 513, in __call__
    return self._hookexec(self.name, self._hookimpls.copy(), kwargs, firstresult)
  File "/home/ubuntu/actions-runner/_work/github-runner-operator/github-runner-operator/.tox/integration-juju3.6/lib/python3.10/site-packages/pluggy/_manager.py", line 120, in _hookexec
    return self._inner_hookexec(hook_name, methods, kwargs, firstresult)
  File "/home/ubuntu/actions-runner/_work/github-runner-operator/github-runner-operator/.tox/integration-juju3.6/lib/python3.10/site-packages/pluggy/_callers.py", line 103, in _multicall
    res = hook_impl.function(*args)
  File "/home/ubuntu/actions-runner/_work/github-runner-operator/github-runner-operator/.tox/integration-juju3.6/lib/python3.10/site-packages/_pytest/main.py", line 330, in pytest_cmdline_main
    return wrap_session(config, _main)
  File "/home/ubuntu/actions-runner/_work/github-runner-operator/github-runner-operator/.tox/integration-juju3.6/lib/python3.10/site-packages/_pytest/main.py", line 283, in wrap_session
    session.exitstatus = doit(config, session) or 0
  File "/home/ubuntu/actions-runner/_work/github-runner-operator/github-runner-operator/.tox/integration-juju3.6/lib/python3.10/site-packages/_pytest/main.py", line 337, in _main
    config.hook.pytest_runtestloop(session=session)
  File "/home/ubuntu/actions-runner/_work/github-runner-operator/github-runner-operator/.tox/integration-juju3.6/lib/python3.10/site-packages/pluggy/_hooks.py", line 513, in __call__
    return self._hookexec(self.name, self._hookimpls.copy(), kwargs, firstresult)
  File "/home/ubuntu/actions-runner/_work/github-runner-operator/github-runner-operator/.tox/integration-juju3.6/lib/python3.10/site-packages/pluggy/_manager.py", line 120, in _hookexec
    return self._inner_hookexec(hook_name, methods, kwargs, firstresult)
  File "/home/ubuntu/actions-runner/_work/github-runner-operator/github-runner-operator/.tox/integration-juju3.6/lib/python3.10/site-packages/pluggy/_callers.py", line 103, in _multicall
    res = hook_impl.function(*args)
  File "/home/ubuntu/actions-runner/_work/github-runner-operator/github-runner-operator/.tox/integration-juju3.6/lib/python3.10/site-packages/_pytest/main.py", line 362, in pytest_runtestloop
    item.config.hook.pytest_runtest_protocol(item=item, nextitem=nextitem)
  File "/home/ubuntu/actions-runner/_work/github-runner-operator/github-runner-operator/.tox/integration-juju3.6/lib/python3.10/site-packages/pluggy/_hooks.py", line 513, in __call__
    return self._hookexec(self.name, self._hookimpls.copy(), kwargs, firstresult)
  File "/home/ubuntu/actions-runner/_work/github-runner-operator/github-runner-operator/.tox/integration-juju3.6/lib/python3.10/site-packages/pluggy/_manager.py", line 120, in _hookexec
    return self._inner_hookexec(hook_name, methods, kwargs, firstresult)
  File "/home/ubuntu/actions-runner/_work/github-runner-operator/github-runner-operator/.tox/integration-juju3.6/lib/python3.10/site-packages/pluggy/_callers.py", line 103, in _multicall
    res = hook_impl.function(*args)
  File "/home/ubuntu/actions-runner/_work/github-runner-operator/github-runner-operator/.tox/integration-juju3.6/lib/python3.10/site-packages/_pytest/runner.py", line 113, in pytest_runtest_protocol
    runtestprotocol(item, nextitem=nextitem)
  File "/home/ubuntu/actions-runner/_work/github-runner-operator/github-runner-operator/.tox/integration-juju3.6/lib/python3.10/site-packages/_pytest/runner.py", line 132, in runtestprotocol
    reports.append(call_and_report(item, "call", log))
  File "/home/ubuntu/actions-runner/_work/github-runner-operator/github-runner-operator/.tox/integration-juju3.6/lib/python3.10/site-packages/_pytest/runner.py", line 241, in call_and_report
    call = CallInfo.from_call(
  File "/home/ubuntu/actions-runner/_work/github-runner-operator/github-runner-operator/.tox/integration-juju3.6/lib/python3.10/site-packages/_pytest/runner.py", line 341, in from_call
    result: TResult | None = func()
  File "/home/ubuntu/actions-runner/_work/github-runner-operator/github-runner-operator/.tox/integration-juju3.6/lib/python3.10/site-packages/_pytest/runner.py", line 242, in <lambda>
    lambda: runtest_hook(item=item, **kwds), when=when, reraise=reraise
  File "/home/ubuntu/actions-runner/_work/github-runner-operator/github-runner-operator/.tox/integration-juju3.6/lib/python3.10/site-packages/pluggy/_hooks.py", line 513, in __call__
    return self._hookexec(self.name, self._hookimpls.copy(), kwargs, firstresult)
  File "/home/ubuntu/actions-runner/_work/github-runner-operator/github-runner-operator/.tox/integration-juju3.6/lib/python3.10/site-packages/pluggy/_manager.py", line 120, in _hookexec
    return self._inner_hookexec(hook_name, methods, kwargs, firstresult)
  File "/home/ubuntu/actions-runner/_work/github-runner-operator/github-runner-operator/.tox/integration-juju3.6/lib/python3.10/site-packages/pluggy/_callers.py", line 103, in _multicall
    res = hook_impl.function(*args)
  File "/home/ubuntu/actions-runner/_work/github-runner-operator/github-runner-operator/.tox/integration-juju3.6/lib/python3.10/site-packages/_pytest/runner.py", line 174, in pytest_runtest_call
    item.runtest()
  File "/home/ubuntu/actions-runner/_work/github-runner-operator/github-runner-operator/.tox/integration-juju3.6/lib/python3.10/site-packages/_pytest/python.py", line 1627, in runtest
    self.ihook.pytest_pyfunc_call(pyfuncitem=self)
  File "/home/ubuntu/actions-runner/_work/github-runner-operator/github-runner-operator/.tox/integration-juju3.6/lib/python3.10/site-packages/pluggy/_hooks.py", line 513, in __call__
    return self._hookexec(self.name, self._hookimpls.copy(), kwargs, firstresult)
  File "/home/ubuntu/actions-runner/_work/github-runner-operator/github-runner-operator/.tox/integration-juju3.6/lib/python3.10/site-packages/pluggy/_manager.py", line 120, in _hookexec
    return self._inner_hookexec(hook_name, methods, kwargs, firstresult)
  File "/home/ubuntu/actions-runner/_work/github-runner-operator/github-runner-operator/.tox/integration-juju3.6/lib/python3.10/site-packages/pluggy/_callers.py", line 103, in _multicall
    res = hook_impl.function(*args)
  File "/home/ubuntu/actions-runner/_work/github-runner-operator/github-runner-operator/.tox/integration-juju3.6/lib/python3.10/site-packages/_pytest/python.py", line 159, in pytest_pyfunc_call
    result = testfunction(**testargs)
  File "/home/ubuntu/actions-runner/_work/github-runner-operator/github-runner-operator/.tox/integration-juju3.6/lib/python3.10/site-packages/pytest_asyncio/plugin.py", line 529, in inner
    _loop.run_until_complete(task)
  File "/home/ubuntu/actions-runner/_work/github-runner-operator/github-runner-operator/.tox/integration-juju3.6/lib/python3.10/site-packages/nest_asyncio.py", line 92, in run_until_complete
    self._run_once()
  File "/home/ubuntu/actions-runner/_work/github-runner-operator/github-runner-operator/.tox/integration-juju3.6/lib/python3.10/site-packages/nest_asyncio.py", line 133, in _run_once
    handle._run()
  File "/usr/lib/python3.10/asyncio/events.py", line 80, in _run
    self._context.run(self._callback, *self._args)
  File "/usr/lib/python3.10/asyncio/tasks.py", line 232, in __step
    result = coro.send(None)
  File "/home/ubuntu/actions-runner/_work/github-runner-operator/github-runner-operator/tests/integration/test_runner_manager_openstack.py", line 410, in test_runner_flush_busy_lifecycle
    runner_manager_with_one_runner.flush_runners(flush_mode=FlushMode.FLUSH_BUSY)
  File "/home/ubuntu/actions-runner/_work/github-runner-operator/github-runner-operator/.tox/integration-juju3.6/lib/python3.10/site-packages/github_runner_manager/manager/runner_manager.py", line 253, in flush_runners
    stats = self._cloud.flush_runners(remove_token, busy)
  File "/home/ubuntu/actions-runner/_work/github-runner-operator/github-runner-operator/.tox/integration-juju3.6/lib/python3.10/site-packages/github_runner_manager/openstack_cloud/openstack_runner_manager.py", line 262, in flush_runners
    return self.cleanup(remove_token)
  File "/home/ubuntu/actions-runner/_work/github-runner-operator/github-runner-operator/.tox/integration-juju3.6/lib/python3.10/site-packages/github_runner_manager/openstack_cloud/openstack_runner_manager.py", line 286, in cleanup
    pulled_metrics = self._delete_runner(runner, remove_token)
  File "/home/ubuntu/actions-runner/_work/github-runner-operator/github-runner-operator/.tox/integration-juju3.6/lib/python3.10/site-packages/github_runner_manager/openstack_cloud/openstack_runner_manager.py", line 320, in _delete_runner
    logger.warning(
06:32:17 INFO Deleting openstack server with test-zen25ryn-0-n-87f434e448df
06:32:23 INFO Cleaning up SSH key files
06:32:23 INFO Found 0 key files, clean up 0 key files
06:32:23 INFO Cleaning up openstack keypairs
06:32:33 INFO Flushing idle and busy runners...
06:32:34 INFO Getting all openstack servers managed by the charm
06:32:37 ERROR Health check failed due to unable to find keyfile for test-zen25ryn-0-n-87f434e448df
Traceback (most recent call last):
  File "/home/ubuntu/actions-runner/_work/github-runner-operator/github-runner-operator/.tox/integration-juju3.6/lib/python3.10/site-packages/github_runner_manager/openstack_cloud/openstack_runner_manager.py", line 460, in _check_state_and_flush
    ssh_conn = self._openstack_cloud.get_ssh_connection(instance)
  File "/home/ubuntu/actions-runner/_work/github-runner-operator/github-runner-operator/.tox/integration-juju3.6/lib/python3.10/site-packages/github_runner_manager/openstack_cloud/openstack_cloud.py", line 142, in exception_handling_wrapper
    return func(*args, **kwargs)
  File "/home/ubuntu/actions-runner/_work/github-runner-operator/github-runner-operator/.tox/integration-juju3.6/lib/python3.10/site-packages/github_runner_manager/openstack_cloud/openstack_cloud.py", line 341, in get_ssh_connection
    raise KeyfileError(
github_runner_manager.errors.KeyfileError: Missing keyfile for server: test-zen25ryn-0-n-87f434e448df, key path: /home/ubuntu/.ssh/test-zen25ryn-0-n-87f434e448df.key
06:32:37 INFO Getting all openstack servers managed by the charm
06:32:39 ERROR Failed to get SSH connection while removing test-zen25ryn-0-n-87f434e448df
Traceback (most recent call last):
  File "/home/ubuntu/actions-runner/_work/github-runner-operator/github-runner-operator/.tox/integration-juju3.6/lib/python3.10/site-packages/github_runner_manager/openstack_cloud/openstack_runner_manager.py", line 311, in _delete_runner
    ssh_conn = self._openstack_cloud.get_ssh_connection(instance)
  File "/home/ubuntu/actions-runner/_work/github-runner-operator/github-runner-operator/.tox/integration-juju3.6/lib/python3.10/site-packages/github_runner_manager/openstack_cloud/openstack_cloud.py", line 142, in exception_handling_wrapper
    return func(*args, **kwargs)
  File "/home/ubuntu/actions-runner/_work/github-runner-operator/github-runner-operator/.tox/integration-juju3.6/lib/python3.10/site-packages/github_runner_manager/openstack_cloud/openstack_cloud.py", line 341, in get_ssh_connection
    raise KeyfileError(
github_runner_manager.errors.KeyfileError: Missing keyfile for server: test-zen25ryn-0-n-87f434e448df, key path: /home/ubuntu/.ssh/test-zen25ryn-0-n-87f434e448df.key
06:32:39 WARNING Skipping runner remove script for test-zen25ryn-0-n-87f434e448df due to SSH issues
06:32:39 INFO Deleting openstack server with test-zen25ryn-0-n-87f434e448df
06:32:42 WARNING Unable to delete keypair for test-zen25ryn-0-n-87f434e448df
06:32:42 ERROR Invalid pulled metrics. No runner_installed information for test-zen25ryn-0-n-87f434e448df.
06:32:42 ERROR No metrics returned after deleting test-zen25ryn-0-n-87f434e448df
06:32:44 INFO Cleaning up SSH key files
06:32:44 INFO Found 0 key files, clean up 0 key files
06:32:44 INFO Cleaning up openstack keypairs
06:32:44 INFO Getting runners...
06:32:46 INFO Getting all openstack servers managed by the charm
06:32:47 INFO Found following runners: {'test-zen25ryn-0-n-87f434e448df'}
06:32:47 INFO Getting runners...
06:32:49 INFO Getting all openstack servers managed by the charm
06:32:51 INFO Found following runners: {'test-zen25ryn-0-n-87f434e448df'}
06:32:51 WARNING Found self-hosted runner on GitHub but no matching runner instance on cloud: {'test-zen25ryn-0-n-87f434e448df'}