06:27:34 WARNING unexpected facade SSHServer received from the controller
06:27:34 INFO Adding model github-pr-587b7-lxd:test-debug-ssh-g554 on cloud localhost
06:27:34 WARNING unexpected facade SSHServer received from the controller
06:27:34 WARNING unexpected facade SSHSession received from the controller
06:27:34 WARNING unexpected facade SSHTunneler received from the controller
06:27:35 INFO Deploying ch:amd64/jammy/github-runner-image-builder-126
06:27:47 INFO Deploying local:jammy/github-runner-0
06:27:48 INFO Waiting for model:
  test-h5ln3oud/0 [allocating] waiting: waiting for machine
  github-runner-image-builder-h5ln3oud/0 [allocating] waiting: waiting for machine
06:28:18 INFO Waiting for model:
  test-h5ln3oud/0 [allocating] waiting: waiting for machine
  github-runner-image-builder-h5ln3oud/0 [allocating] waiting: waiting for machine
06:28:48 INFO Waiting for model:
  test-h5ln3oud/0 [allocating] waiting: waiting for machine
  github-runner-image-builder-h5ln3oud/0 [allocating] waiting: agent initialising
06:29:19 INFO Waiting for model:
  test-h5ln3oud/0 [executing] maintenance: installing charm software
  github-runner-image-builder-h5ln3oud/0 [executing] maintenance: Setting up Builder.
06:29:49 INFO Waiting for model:
  test-h5ln3oud/0 [executing] maintenance: installing charm software
  github-runner-image-builder-h5ln3oud/0 [executing] maintenance: Setting up Builder.
06:30:19 INFO Waiting for model:
  test-h5ln3oud/0 [idle] blocked: Please provide image integration.
  github-runner-image-builder-h5ln3oud/0 [executing] maintenance: Setting up Builder.
06:30:49 INFO Waiting for model:
  test-h5ln3oud/0 [idle] blocked: Please provide image integration.
  github-runner-image-builder-h5ln3oud/0 [executing] maintenance: Setting up Builder.
06:31:20 INFO Waiting for model:
  test-h5ln3oud/0 [idle] blocked: Please provide image integration.
  github-runner-image-builder-h5ln3oud/0 [executing] maintenance: Setting up Builder.
06:31:50 INFO Waiting for model:
  test-h5ln3oud/0 [idle] blocked: Please provide image integration.
  github-runner-image-builder-h5ln3oud/0 [executing] maintenance: Setting up Builder.
06:32:21 INFO Waiting for model:
  test-h5ln3oud/0 [idle] blocked: Please provide image integration.
  github-runner-image-builder-h5ln3oud/0 [executing] maintenance: Setting up Builder.
06:32:51 INFO Waiting for model:
  test-h5ln3oud/0 [idle] waiting: Waiting for image over integration.
  github-runner-image-builder-h5ln3oud/0 [executing] blocked: image integration required.
06:33:21 INFO Waiting for model:
  test-h5ln3oud/0 [idle] waiting: Waiting for image over integration.
  github-runner-image-builder-h5ln3oud/0 [executing] blocked: image integration required.
06:33:52 INFO Waiting for model:
  test-h5ln3oud/0 [idle] waiting: Waiting for image over integration.
  github-runner-image-builder-h5ln3oud/0 [executing] blocked: image integration required.
06:34:22 INFO Waiting for model:
  test-h5ln3oud/0 [idle] waiting: Waiting for image over integration.
  github-runner-image-builder-h5ln3oud/0 [executing] active: Building image.
06:34:49 INFO OpenStack servers: []
06:34:49 INFO Model status:

Model                Controller           Cloud/Region         Version  SLA          Timestamp
test-debug-ssh-g554  github-pr-587b7-lxd  localhost/localhost  3.6.9    unsupported  06:34:49Z

App                                   Version  Status   Scale  Charm                        Channel      Rev  Exposed  Message
github-runner-image-builder-h5ln3oud           error        1  github-runner-image-builder  latest/edge  126  no       hook failed: "image-relation-changed"
test-h5ln3oud                                  waiting      1  github-runner                               0  no       Waiting for image over integration.

Unit                                     Workload  Agent  Machine  Public address  Ports  Message
github-runner-image-builder-h5ln3oud/0*  error     idle   0        10.196.111.88          hook failed: "image-relation-changed"
test-h5ln3oud/0*                         waiting   idle   1        10.196.111.173         Waiting for image over integration.

Machine  State    Address         Inst id        Base          AZ             Message
0        started  10.196.111.88   juju-09a322-0  ubuntu@22.04  github-runner  Running
1        started  10.196.111.173  juju-09a322-1  ubuntu@22.04  github-runner  Running

06:34:49 INFO Juju error logs:

machine-0: 06:28:42 ERROR juju.worker.dependency "lxd-container-provisioner" manifold worker returned unexpected error: container types not yet available
machine-0: 06:28:42 ERROR juju.worker.dependency "kvm-container-provisioner" manifold worker returned unexpected error: container types not yet available
unit-github-runner-image-builder-h5ln3oud-0: 06:28:43 ERROR juju.worker.meterstatus error running "meter-status-changed": charm missing from disk
machine-1: 06:29:00 ERROR juju.worker.dependency "kvm-container-provisioner" manifold worker returned unexpected error: container types not yet available
machine-1: 06:29:00 ERROR juju.worker.dependency "lxd-container-provisioner" manifold worker returned unexpected error: container types not yet available
unit-test-h5ln3oud-0: 06:29:00 ERROR juju.worker.meterstatus error running "meter-status-changed": charm missing from disk
unit-github-runner-image-builder-h5ln3oud-0: 06:29:33 ERROR unit.github-runner-image-builder-h5ln3oud/0.juju-log Pipx command failed, code: 1, out: None, err: None
unit-test-h5ln3oud-0: 06:29:50 ERROR unit.test-h5ln3oud/0.juju-log Missing image integration.
Traceback (most recent call last):
  File "/var/lib/juju/agents/unit-test-h5ln3oud-0/charm/./src/charm.py", line 118, in func_with_catch_errors
    func(self, event)
  File "/var/lib/juju/agents/unit-test-h5ln3oud-0/charm/./src/charm.py", line 342, in _on_config_changed
    self._check_image_ready()
  File "/var/lib/juju/agents/unit-test-h5ln3oud-0/charm/./src/charm.py", line 512, in _check_image_ready
    raise ImageIntegrationMissingError("No image integration found")
errors.ImageIntegrationMissingError: No image integration found
unit-test-h5ln3oud-0: 06:29:51 ERROR unit.test-h5ln3oud/0.juju-log Missing image integration.
Traceback (most recent call last):
  File "/var/lib/juju/agents/unit-test-h5ln3oud-0/charm/./src/charm.py", line 118, in func_with_catch_errors
    func(self, event)
  File "/var/lib/juju/agents/unit-test-h5ln3oud-0/charm/./src/charm.py", line 313, in _on_start
    self._check_image_ready()
  File "/var/lib/juju/agents/unit-test-h5ln3oud-0/charm/./src/charm.py", line 512, in _check_image_ready
    raise ImageIntegrationMissingError("No image integration found")
errors.ImageIntegrationMissingError: No image integration found
unit-test-h5ln3oud-0: 06:32:44 ERROR unit.test-h5ln3oud/0.juju-log image:0: Missing image in image integration.
Traceback (most recent call last):
  File "/var/lib/juju/agents/unit-test-h5ln3oud-0/charm/./src/charm.py", line 118, in func_with_catch_errors
    func(self, event)
  File "/var/lib/juju/agents/unit-test-h5ln3oud-0/charm/./src/charm.py", line 477, in _on_image_relation_changed
    self._check_image_ready()
  File "/var/lib/juju/agents/unit-test-h5ln3oud-0/charm/./src/charm.py", line 514, in _check_image_ready
    raise ImageNotFoundError("No image found in the image integration")
errors.ImageNotFoundError: No image found in the image integration
unit-github-runner-image-builder-h5ln3oud-0: 06:34:03 ERROR unit.github-runner-image-builder-h5ln3oud/0.juju-log image:0: Image build failed, code: 1, out: , err: None, stdout: 
unit-github-runner-image-builder-h5ln3oud-0: 06:34:11 ERROR unit.github-runner-image-builder-h5ln3oud/0.juju-log image:0: Image build failed, code: 1, out: , err: None, stdout: 
unit-github-runner-image-builder-h5ln3oud-0: 06:34:18 ERROR unit.github-runner-image-builder-h5ln3oud/0.juju-log image:0: Image build failed, code: 1, out: , err: None, stdout: 
unit-github-runner-image-builder-h5ln3oud-0: 06:34:30 ERROR unit.github-runner-image-builder-h5ln3oud/0.juju-log image:0: Image build failed, code: 1, out: , err: None, stdout: 

06:34:49 INFO Forgetting model main...