18:24:56 INFO Adding model github-pr-e884d-lxd:test-debug-ssh-tw5m on cloud localhost
18:24:56 WARNING unexpected facade AgentLifeFlag received from the controller
18:24:56 WARNING unknown common facade version for AgentLifeFlag,
versions known to client : [2, 3]
versions known to controller : [1]
18:24:56 WARNING unexpected facade SecretsDrain received from the controller
18:24:59 INFO Deploying ch:amd64/github-runner-image-builder-68
18:24:59 INFO Waiting for model:
  github-runner-image-builder-pdh2i98i (not enough units yet - 0/1)
18:25:29 INFO Waiting for model:
  github-runner-image-builder-pdh2i98i/0 [allocating] waiting: waiting for machine
18:25:59 INFO Waiting for model:
  github-runner-image-builder-pdh2i98i/0 [allocating] waiting: agent initialising
18:26:29 INFO Waiting for model:
  github-runner-image-builder-pdh2i98i/0 [executing] maintenance: Setting up Builder.
18:26:59 INFO Waiting for model:
  github-runner-image-builder-pdh2i98i/0 [executing] maintenance: Setting up Builder.
18:27:29 INFO Waiting for model:
  github-runner-image-builder-pdh2i98i/0 [executing] maintenance: Setting up Builder.
18:27:59 INFO Waiting for model:
  github-runner-image-builder-pdh2i98i/0 [executing] maintenance: Setting up Builder.
18:28:29 INFO Waiting for model:
  github-runner-image-builder-pdh2i98i/0 [executing] maintenance: Setting up Builder.
18:28:59 INFO Waiting for model:
  github-runner-image-builder-pdh2i98i/0 [idle] blocked: image integration required.
18:29:21 INFO Deploying local:jammy/github-runner-0
18:29:22 INFO Waiting for model:
  test-pdh2i98i/0 [allocating] waiting: waiting for machine
  github-runner-image-builder-pdh2i98i/0 [idle] blocked: image integration required.
18:29:52 INFO Waiting for model:
  test-pdh2i98i/0 [allocating] waiting: waiting for machine
  github-runner-image-builder-pdh2i98i/0 [idle] blocked: image integration required.
18:30:22 INFO Waiting for model:
  test-pdh2i98i/0 [allocating] waiting: agent initialising
  github-runner-image-builder-pdh2i98i/0 [idle] blocked: image integration required.
18:30:52 INFO Waiting for model:
  test-pdh2i98i/0 [idle] waiting: Waiting for image over integration.
  github-runner-image-builder-pdh2i98i/0 [executing] active: Building image.
18:31:22 INFO Waiting for model:
  test-pdh2i98i/0 [idle] waiting: Waiting for image over integration.
  github-runner-image-builder-pdh2i98i/0 [executing] active: Building image.
18:31:52 INFO Waiting for model:
  test-pdh2i98i/0 [idle] waiting: Waiting for image over integration.
  github-runner-image-builder-pdh2i98i/0 [executing] active: Building image.
18:32:22 INFO Waiting for model:
  test-pdh2i98i/0 [idle] waiting: Waiting for image over integration.
  github-runner-image-builder-pdh2i98i/0 [executing] active: Building image.
18:32:52 INFO Waiting for model:
  test-pdh2i98i/0 [idle] waiting: Waiting for image over integration.
  github-runner-image-builder-pdh2i98i/0 [executing] active: Building image.
18:33:22 INFO Waiting for model:
  test-pdh2i98i/0 [idle] waiting: Waiting for image over integration.
  github-runner-image-builder-pdh2i98i/0 [executing] active: Building image.
18:33:52 INFO Waiting for model:
  test-pdh2i98i/0 [idle] waiting: Waiting for image over integration.
  github-runner-image-builder-pdh2i98i/0 [executing] active: Building image.
18:34:22 INFO Waiting for model:
  test-pdh2i98i/0 [idle] waiting: Waiting for image over integration.
  github-runner-image-builder-pdh2i98i/0 [executing] active: Building image.
18:34:52 INFO Waiting for model:
  test-pdh2i98i/0 [idle] waiting: Waiting for image over integration.
  github-runner-image-builder-pdh2i98i/0 [executing] active: Building image.
18:35:23 INFO Waiting for model:
  test-pdh2i98i/0 [idle] waiting: Waiting for image over integration.
  github-runner-image-builder-pdh2i98i/0 [executing] active: Building image.
18:35:53 INFO Waiting for model:
  test-pdh2i98i/0 [idle] waiting: Waiting for image over integration.
  github-runner-image-builder-pdh2i98i/0 [executing] active: Building image.
18:36:23 INFO Waiting for model:
  test-pdh2i98i/0 [idle] waiting: Waiting for image over integration.
  github-runner-image-builder-pdh2i98i/0 [executing] active: Building image.
18:36:53 INFO Waiting for model:
  test-pdh2i98i/0 [idle] waiting: Waiting for image over integration.
  github-runner-image-builder-pdh2i98i/0 [executing] active: Building image.
18:37:23 INFO Waiting for model:
  test-pdh2i98i/0 [idle] waiting: Waiting for image over integration.
  github-runner-image-builder-pdh2i98i/0 [executing] active: Building image.
18:37:53 INFO Waiting for model:
  test-pdh2i98i/0 [idle] waiting: Waiting for image over integration.
  github-runner-image-builder-pdh2i98i/0 [executing] active: Building image.
18:38:23 INFO Waiting for model:
  test-pdh2i98i/0 [idle] waiting: Waiting for image over integration.
  github-runner-image-builder-pdh2i98i/0 [executing] active: Building image.
18:38:53 INFO Waiting for model:
  test-pdh2i98i/0 [idle] waiting: Waiting for image over integration.
  github-runner-image-builder-pdh2i98i/0 [executing] active: Building image.
18:39:23 INFO Waiting for model:
  test-pdh2i98i/0 [idle] waiting: Waiting for image over integration.
  github-runner-image-builder-pdh2i98i/0 [executing] active: Building image.
18:39:53 INFO Waiting for model:
  test-pdh2i98i/0 [executing] maintenance: Update image for runners
  github-runner-image-builder-pdh2i98i/0 [idle] active: 
18:40:23 INFO GitHub token rate limit: Rate(reset=2025-04-03 19:01:54+00:00, remaining=4966, limit=5000)
18:40:28 INFO Deploying ch:amd64/jammy/tmate-ssh-server-10
18:40:28 WARNING relate is deprecated and will be removed. Use integrate instead.
18:40:28 INFO Waiting for model:
  tmate-ssh-server/0 [allocating] waiting: waiting for machine
18:40:58 INFO Waiting for model:
  tmate-ssh-server/0 [allocating] waiting: waiting for machine
18:41:28 INFO Waiting for model:
  tmate-ssh-server/0 [executing] maintenance: Installing packages.
18:41:54 INFO Waiting for model:
  github-runner-image-builder-pdh2i98i/0 [idle] active: 
  test-pdh2i98i/0 [executing] maintenance: Reconciling runners
  tmate-ssh-server/0 [idle] active: 
18:42:24 INFO Waiting for model:
  test-pdh2i98i/0 [executing] maintenance: Reconciling runners
18:42:54 INFO Waiting for model:
  test-pdh2i98i/0 [executing] maintenance: Reconciling runners
18:43:24 INFO Waiting for model:
  test-pdh2i98i/0 [executing] maintenance: Added debug-ssh relation
  tmate-ssh-server/0 [idle] active: 
18:43:54 INFO Waiting for model:
  test-pdh2i98i/0 [executing] maintenance: Reconciling runners
18:44:24 INFO Waiting for model:
  test-pdh2i98i/0 [idle] active:
18:44:34 INFO Model status:

Model                Controller           Cloud/Region         Version  SLA          Timestamp
test-debug-ssh-tw5m  github-pr-e884d-lxd  localhost/localhost  3.1.10   unsupported  18:44:34Z

App                                   Version  Status  Scale  Charm                        Channel      Rev  Exposed  Message
github-runner-image-builder-pdh2i98i           active      1  github-runner-image-builder  latest/edge   68  no       
test-pdh2i98i                                  active      1  github-runner                               0  no       
tmate-ssh-server                               active      1  tmate-ssh-server             edge          10  no       

Unit                                     Workload  Agent  Machine  Public address  Ports      Message
github-runner-image-builder-pdh2i98i/0*  active    idle   0        10.124.86.208              
test-pdh2i98i/0*                         active    idle   1        10.124.86.253              
tmate-ssh-server/0*                      active    idle   2        10.124.86.16    10022/tcp  

Machine  State    Address        Inst id        Base          AZ  Message
0        started  10.124.86.208  juju-75bf52-0  ubuntu@22.04      Running
1        started  10.124.86.253  juju-75bf52-1  ubuntu@22.04      Running
2        started  10.124.86.16   juju-75bf52-2  ubuntu@22.04      Running

18:44:34 INFO Juju error logs:

machine-0: 18:25:47 ERROR juju.worker.dependency "kvm-container-provisioner" manifold worker returned unexpected error: container types not yet available
machine-0: 18:25:47 ERROR juju.worker.dependency "lxd-container-provisioner" manifold worker returned unexpected error: container types not yet available
machine-0: 18:25:47 ERROR juju.worker.dependency "broker-tracker" manifold worker returned unexpected error: no container types determined
unit-github-runner-image-builder-pdh2i98i-0: 18:25:47 ERROR juju.worker.meterstatus error running "meter-status-changed": charm missing from disk
unit-github-runner-image-builder-pdh2i98i-0: 18:26:38 ERROR unit.github-runner-image-builder-pdh2i98i/0.juju-log Pipx command failed, code: 1, out: None, err: None
machine-1: 18:30:05 ERROR juju.worker.dependency "kvm-container-provisioner" manifold worker returned unexpected error: container types not yet available
machine-1: 18:30:05 ERROR juju.worker.dependency "broker-tracker" manifold worker returned unexpected error: no container types determined
machine-1: 18:30:05 ERROR juju.worker.dependency "lxd-container-provisioner" manifold worker returned unexpected error: container types not yet available
unit-test-pdh2i98i-0: 18:30:05 ERROR juju.worker.meterstatus error running "meter-status-changed": charm missing from disk
machine-2: 18:41:15 ERROR juju.worker.dependency "lxd-container-provisioner" manifold worker returned unexpected error: container types not yet available
machine-2: 18:41:15 ERROR juju.worker.dependency "broker-tracker" manifold worker returned unexpected error: no container types determined
machine-2: 18:41:15 ERROR juju.worker.dependency "kvm-container-provisioner" manifold worker returned unexpected error: container types not yet available
unit-tmate-ssh-server-0: 18:41:16 ERROR juju.worker.meterstatus error running "meter-status-changed": charm missing from disk
unit-test-pdh2i98i-0: 18:43:55 ERROR unit.test-pdh2i98i/0.juju-log debug-ssh:1: Unable to get SSH connection for instance test-pdh2i98i-0-n-ef385f8fce28, marking as unhealthy.
Traceback (most recent call last):
  File "/var/lib/juju/agents/unit-test-pdh2i98i-0/charm/venv/github_runner_manager/openstack_cloud/health_checks.py", line 132, in _get_ssh_connection
    ssh_conn = openstack_cloud.get_ssh_connection(instance)
  File "/var/lib/juju/agents/unit-test-pdh2i98i-0/charm/venv/github_runner_manager/openstack_cloud/openstack_cloud.py", line 106, in exception_handling_wrapper
    return func(*args, **kwargs)
  File "/var/lib/juju/agents/unit-test-pdh2i98i-0/charm/venv/github_runner_manager/openstack_cloud/openstack_cloud.py", line 297, in get_ssh_connection
    raise KeyfileError(
github_runner_manager.errors.KeyfileError: Missing keyfile for server: test-pdh2i98i-0-n-ef385f8fce28, key path: /home/runner-manager/.ssh/test-pdh2i98i-0-n-ef385f8fce28.key

The above exception was the direct cause of the following exception:

Traceback (most recent call last):
  File "/var/lib/juju/agents/unit-test-pdh2i98i-0/charm/venv/github_runner_manager/openstack_cloud/health_checks.py", line 49, in check_runner
    ssh_conn = _get_ssh_connection(openstack_cloud=openstack_cloud, instance=instance)
  File "/var/lib/juju/agents/unit-test-pdh2i98i-0/charm/venv/github_runner_manager/utilities.py", line 77, in fn_with_retry
    return func(*args, **kwargs)
  File "/var/lib/juju/agents/unit-test-pdh2i98i-0/charm/venv/github_runner_manager/openstack_cloud/health_checks.py", line 135, in _get_ssh_connection
    raise _SSHError(f"Unable to get SSH connection to {instance.instance_id}") from exc
github_runner_manager.openstack_cloud.health_checks._SSHError: Unable to get SSH connection to test-pdh2i98i-0-n-ef385f8fce28
unit-test-pdh2i98i-0: 18:44:01 ERROR unit.test-pdh2i98i/0.juju-log debug-ssh:1: Unable to get SSH connection for instance test-pdh2i98i-0-n-ef385f8fce28, marking as unhealthy.
Traceback (most recent call last):
  File "/var/lib/juju/agents/unit-test-pdh2i98i-0/charm/venv/github_runner_manager/openstack_cloud/health_checks.py", line 132, in _get_ssh_connection
    ssh_conn = openstack_cloud.get_ssh_connection(instance)
  File "/var/lib/juju/agents/unit-test-pdh2i98i-0/charm/venv/github_runner_manager/openstack_cloud/openstack_cloud.py", line 106, in exception_handling_wrapper
    return func(*args, **kwargs)
  File "/var/lib/juju/agents/unit-test-pdh2i98i-0/charm/venv/github_runner_manager/openstack_cloud/openstack_cloud.py", line 297, in get_ssh_connection
    raise KeyfileError(
github_runner_manager.errors.KeyfileError: Missing keyfile for server: test-pdh2i98i-0-n-ef385f8fce28, key path: /home/runner-manager/.ssh/test-pdh2i98i-0-n-ef385f8fce28.key

The above exception was the direct cause of the following exception:

Traceback (most recent call last):
  File "/var/lib/juju/agents/unit-test-pdh2i98i-0/charm/venv/github_runner_manager/openstack_cloud/health_checks.py", line 49, in check_runner
    ssh_conn = _get_ssh_connection(openstack_cloud=openstack_cloud, instance=instance)
  File "/var/lib/juju/agents/unit-test-pdh2i98i-0/charm/venv/github_runner_manager/utilities.py", line 77, in fn_with_retry
    return func(*args, **kwargs)
  File "/var/lib/juju/agents/unit-test-pdh2i98i-0/charm/venv/github_runner_manager/openstack_cloud/health_checks.py", line 135, in _get_ssh_connection
    raise _SSHError(f"Unable to get SSH connection to {instance.instance_id}") from exc
github_runner_manager.openstack_cloud.health_checks._SSHError: Unable to get SSH connection to test-pdh2i98i-0-n-ef385f8fce28
unit-test-pdh2i98i-0: 18:44:01 ERROR unit.test-pdh2i98i/0.juju-log debug-ssh:1: Failed to get SSH connection while removing test-pdh2i98i-0-n-ef385f8fce28
Traceback (most recent call last):
  File "/var/lib/juju/agents/unit-test-pdh2i98i-0/charm/venv/github_runner_manager/openstack_cloud/openstack_runner_manager.py", line 335, in _delete_runner
    ssh_conn = self._openstack_cloud.get_ssh_connection(instance)
  File "/var/lib/juju/agents/unit-test-pdh2i98i-0/charm/venv/github_runner_manager/openstack_cloud/openstack_cloud.py", line 106, in exception_handling_wrapper
    return func(*args, **kwargs)
  File "/var/lib/juju/agents/unit-test-pdh2i98i-0/charm/venv/github_runner_manager/openstack_cloud/openstack_cloud.py", line 297, in get_ssh_connection
    raise KeyfileError(
github_runner_manager.errors.KeyfileError: Missing keyfile for server: test-pdh2i98i-0-n-ef385f8fce28, key path: /home/runner-manager/.ssh/test-pdh2i98i-0-n-ef385f8fce28.key
unit-test-pdh2i98i-0: 18:44:04 ERROR unit.test-pdh2i98i/0.juju-log debug-ssh:1: Invalid pulled metrics. No runner_installed information for test-pdh2i98i-0-n-ef385f8fce28.
unit-test-pdh2i98i-0: 18:44:04 ERROR unit.test-pdh2i98i/0.juju-log debug-ssh:1: No metrics returned after deleting test-pdh2i98i-0-n-ef385f8fce28
unit-test-pdh2i98i-0: 18:44:11 ERROR unit.test-pdh2i98i/0.juju-log debug-ssh:1: Unable to get SSH connection for instance test-pdh2i98i-0-n-ef385f8fce28, marking as unhealthy.
Traceback (most recent call last):
  File "/var/lib/juju/agents/unit-test-pdh2i98i-0/charm/venv/github_runner_manager/openstack_cloud/health_checks.py", line 132, in _get_ssh_connection
    ssh_conn = openstack_cloud.get_ssh_connection(instance)
  File "/var/lib/juju/agents/unit-test-pdh2i98i-0/charm/venv/github_runner_manager/openstack_cloud/openstack_cloud.py", line 106, in exception_handling_wrapper
    return func(*args, **kwargs)
  File "/var/lib/juju/agents/unit-test-pdh2i98i-0/charm/venv/github_runner_manager/openstack_cloud/openstack_cloud.py", line 297, in get_ssh_connection
    raise KeyfileError(
github_runner_manager.errors.KeyfileError: Missing keyfile for server: test-pdh2i98i-0-n-ef385f8fce28, key path: /home/runner-manager/.ssh/test-pdh2i98i-0-n-ef385f8fce28.key

The above exception was the direct cause of the following exception:

Traceback (most recent call last):
  File "/var/lib/juju/agents/unit-test-pdh2i98i-0/charm/venv/github_runner_manager/openstack_cloud/health_checks.py", line 49, in check_runner
    ssh_conn = _get_ssh_connection(openstack_cloud=openstack_cloud, instance=instance)
  File "/var/lib/juju/agents/unit-test-pdh2i98i-0/charm/venv/github_runner_manager/utilities.py", line 77, in fn_with_retry
    return func(*args, **kwargs)
  File "/var/lib/juju/agents/unit-test-pdh2i98i-0/charm/venv/github_runner_manager/openstack_cloud/health_checks.py", line 135, in _get_ssh_connection
    raise _SSHError(f"Unable to get SSH connection to {instance.instance_id}") from exc
github_runner_manager.openstack_cloud.health_checks._SSHError: Unable to get SSH connection to test-pdh2i98i-0-n-ef385f8fce28

18:44:35 INFO Forgetting model main...