06:19:42 WARNING unexpected facade SSHServer received from the controller
06:19:42 INFO Adding model github-pr-71e3b-lxd:test-charm-upgrade-ths1 on cloud localhost
06:19:42 WARNING unexpected facade SSHServer received from the controller
06:19:42 WARNING unexpected facade SSHSession received from the controller
06:19:42 WARNING unexpected facade SSHTunneler received from the controller
06:19:42 INFO Deploying fake image builder via any-charm for image ID 1ad6e456-fa35-47ef-988f-1e793a60f258
06:19:44 INFO Deploying ch:amd64/noble/any-charm-124
06:20:05 INFO Deploying local:jammy/github-runner-0
06:20:05 INFO Waiting for model:
  test-h7whw7zp/0 [allocating] waiting: waiting for machine
  github-runner-image-builder-h7whw7zp/0 [allocating] waiting: waiting for machine
06:20:35 INFO Waiting for model:
  test-h7whw7zp/0 [allocating] waiting: waiting for machine
  github-runner-image-builder-h7whw7zp/0 [idle] active: 
06:21:05 INFO Waiting for model:
  test-h7whw7zp/0 [allocating] waiting: waiting for machine
06:21:35 INFO Waiting for model:
  test-h7whw7zp/0 [allocating] waiting: agent initialising
06:22:05 INFO Waiting for model:
  test-h7whw7zp/0 [executing] maintenance: installing charm software
06:22:35 INFO Waiting for model:
  test-h7whw7zp/0 [executing] maintenance: installing charm software
06:23:05 INFO Waiting for model:
  test-h7whw7zp/0 [executing] maintenance: Update image for runners
06:23:35 INFO Waiting for model:
  test-h7whw7zp/0 [idle] active: 
06:25:32 INFO Waiting for model:
  test-h7whw7zp/0 [idle] active:
06:26:02 INFO Model status:

Model                    Controller           Cloud/Region         Version  SLA          Timestamp
test-charm-upgrade-ths1  github-pr-71e3b-lxd  localhost/localhost  3.6.12   unsupported  06:26:02Z

App                                   Version  Status  Scale  Charm          Channel      Rev  Exposed  Message
github-runner-image-builder-h7whw7zp           active      1  any-charm      latest/beta  124  no       
test-h7whw7zp                                  active      1  github-runner                 1  no       

Unit                                     Workload  Agent  Machine  Public address  Ports  Message
github-runner-image-builder-h7whw7zp/0*  active    idle   0        10.36.246.231          
test-h7whw7zp/0*                         active    idle   1        10.36.246.31           

Machine  State    Address        Inst id        Base          AZ             Message
0        started  10.36.246.231  juju-d58188-0  ubuntu@24.04  github-runner  Running
1        started  10.36.246.31   juju-d58188-1  ubuntu@22.04  github-runner  Running

06:26:03 INFO Juju error logs:

machine-0: 06:20:24 ERROR juju.worker.dependency "kvm-container-provisioner" manifold worker returned unexpected error: container types not yet available
machine-0: 06:20:24 ERROR juju.worker.dependency "lxd-container-provisioner" manifold worker returned unexpected error: container types not yet available
machine-1: 06:21:29 ERROR juju.worker.dependency "lxd-container-provisioner" manifold worker returned unexpected error: container types not yet available
machine-1: 06:21:29 ERROR juju.worker.dependency "kvm-container-provisioner" manifold worker returned unexpected error: container types not yet available
unit-test-h7whw7zp-0: 06:22:50 ERROR unit.test-h7whw7zp/0.juju-log Missing image integration.
Traceback (most recent call last):
  File "/var/lib/juju/agents/unit-test-h7whw7zp-0/charm/./src/charm.py", line 119, in func_with_catch_errors
    func(self, event)
  File "/var/lib/juju/agents/unit-test-h7whw7zp-0/charm/./src/charm.py", line 354, in _on_config_changed
    self._check_image_ready()
  File "/var/lib/juju/agents/unit-test-h7whw7zp-0/charm/./src/charm.py", line 524, in _check_image_ready
    raise ImageIntegrationMissingError("No image integration found")
errors.ImageIntegrationMissingError: No image integration found
unit-test-h7whw7zp-0: 06:22:51 ERROR unit.test-h7whw7zp/0.juju-log Missing image integration.
Traceback (most recent call last):
  File "/var/lib/juju/agents/unit-test-h7whw7zp-0/charm/./src/charm.py", line 119, in func_with_catch_errors
    func(self, event)
  File "/var/lib/juju/agents/unit-test-h7whw7zp-0/charm/./src/charm.py", line 317, in _on_start
    self._check_image_ready()
  File "/var/lib/juju/agents/unit-test-h7whw7zp-0/charm/./src/charm.py", line 524, in _check_image_ready
    raise ImageIntegrationMissingError("No image integration found")
errors.ImageIntegrationMissingError: No image integration found

06:26:03 INFO Forgetting model main...