18:24:04 WARNING unexpected facade SSHServer received from the controller
18:24:04 INFO Adding model github-pr-43d35-lxd:test-charm-fork-repo-ptyo on cloud localhost
18:24:04 WARNING unexpected facade SSHServer received from the controller
18:24:04 WARNING unexpected facade SSHSession received from the controller
18:24:04 WARNING unexpected facade SSHTunneler received from the controller
18:24:06 INFO Deploying ch:amd64/jammy/github-runner-image-builder-81
18:24:29 INFO Deploying local:jammy/github-runner-0
18:24:29 INFO Waiting for model:
  test-jv8az280/0 [allocating] waiting: waiting for machine
  github-runner-image-builder-jv8az280/0 [allocating] waiting: waiting for machine
18:24:59 INFO Waiting for model:
  test-jv8az280/0 [allocating] waiting: waiting for machine
  github-runner-image-builder-jv8az280/0 [allocating] waiting: waiting for machine
18:25:30 INFO Waiting for model:
  test-jv8az280/0 [allocating] waiting: agent initialising
  github-runner-image-builder-jv8az280/0 [executing] maintenance: Setting up Builder.
18:26:00 INFO Waiting for model:
  test-jv8az280/0 [executing] maintenance: installing charm software
  github-runner-image-builder-jv8az280/0 [executing] maintenance: Setting up Builder.
18:26:30 INFO Waiting for model:
  test-jv8az280/0 [idle] blocked: Please provide image integration.
  github-runner-image-builder-jv8az280/0 [executing] maintenance: Setting up Builder.
18:27:00 INFO Waiting for model:
  test-jv8az280/0 [idle] blocked: Please provide image integration.
  github-runner-image-builder-jv8az280/0 [executing] maintenance: Setting up Builder.
18:27:30 INFO Waiting for model:
  test-jv8az280/0 [idle] blocked: Please provide image integration.
  github-runner-image-builder-jv8az280/0 [executing] maintenance: Setting up Builder.
18:28:00 INFO Waiting for model:
  test-jv8az280/0 [idle] waiting: Waiting for image over integration.
  github-runner-image-builder-jv8az280/0 [executing] active: Building image.
18:28:31 INFO Waiting for model:
  test-jv8az280/0 [idle] waiting: Waiting for image over integration.
  github-runner-image-builder-jv8az280/0 [executing] active: Building image.
18:29:01 INFO Waiting for model:
  test-jv8az280/0 [idle] waiting: Waiting for image over integration.
  github-runner-image-builder-jv8az280/0 [executing] active: Building image.
18:29:31 INFO Waiting for model:
  test-jv8az280/0 [idle] waiting: Waiting for image over integration.
  github-runner-image-builder-jv8az280/0 [executing] active: Building image.
18:30:01 INFO Waiting for model:
  test-jv8az280/0 [idle] waiting: Waiting for image over integration.
  github-runner-image-builder-jv8az280/0 [executing] active: Building image.
18:30:31 INFO Waiting for model:
  test-jv8az280/0 [idle] waiting: Waiting for image over integration.
  github-runner-image-builder-jv8az280/0 [executing] active: Building image.
18:31:02 INFO Waiting for model:
  test-jv8az280/0 [idle] waiting: Waiting for image over integration.
  github-runner-image-builder-jv8az280/0 [executing] active: Building image.
18:31:32 INFO Waiting for model:
  test-jv8az280/0 [idle] waiting: Waiting for image over integration.
  github-runner-image-builder-jv8az280/0 [executing] active: Building image.
18:32:02 INFO Waiting for model:
  test-jv8az280/0 [idle] waiting: Waiting for image over integration.
  github-runner-image-builder-jv8az280/0 [executing] active: Building image.
18:32:32 INFO Waiting for model:
  test-jv8az280/0 [idle] waiting: Waiting for image over integration.
  github-runner-image-builder-jv8az280/0 [executing] active: Building image.
18:33:03 INFO Waiting for model:
  test-jv8az280/0 [idle] waiting: Waiting for image over integration.
  github-runner-image-builder-jv8az280/0 [executing] active: Building image.
18:33:33 INFO Waiting for model:
  test-jv8az280/0 [idle] waiting: Waiting for image over integration.
  github-runner-image-builder-jv8az280/0 [executing] active: Building image.
18:34:03 INFO Waiting for model:
  test-jv8az280/0 [idle] waiting: Waiting for image over integration.
  github-runner-image-builder-jv8az280/0 [executing] active: Building image.
18:34:33 INFO Waiting for model:
  test-jv8az280/0 [idle] waiting: Waiting for image over integration.
  github-runner-image-builder-jv8az280/0 [executing] active: Building image.
18:35:04 INFO Waiting for model:
  test-jv8az280/0 [idle] waiting: Waiting for image over integration.
  github-runner-image-builder-jv8az280/0 [executing] active: Building image.
18:35:34 INFO Waiting for model:
  test-jv8az280/0 [idle] waiting: Waiting for image over integration.
  github-runner-image-builder-jv8az280/0 [executing] active: Building image.
18:36:04 INFO Waiting for model:
  test-jv8az280/0 [idle] waiting: Waiting for image over integration.
  github-runner-image-builder-jv8az280/0 [executing] active: Building image.
18:36:34 INFO Waiting for model:
  test-jv8az280/0 [idle] blocked: Invalid token.
  github-runner-image-builder-jv8az280/0 [idle] active: 
18:37:05 INFO Waiting for model:
  test-jv8az280/0 [idle] blocked: Invalid token.
18:37:35 INFO Waiting for model:
  test-jv8az280/0 [idle] blocked: Invalid token.
18:38:05 INFO Waiting for model:
  test-jv8az280/0 [idle] blocked: Invalid token.
18:38:35 INFO Waiting for model:
  test-jv8az280/0 [idle] blocked: Invalid token.
18:39:05 INFO Waiting for model:
  test-jv8az280/0 [idle] blocked: Invalid token.
18:39:36 INFO Waiting for model:
  test-jv8az280/0 [idle] blocked: Invalid token.
18:40:06 INFO Waiting for model:
  test-jv8az280/0 [idle] blocked: Invalid token.
18:40:37 INFO Waiting for model:
  test-jv8az280/0 [idle] blocked: Invalid token.
18:41:07 INFO Waiting for model:
  test-jv8az280/0 [idle] blocked: Invalid token.
18:41:38 INFO Waiting for model:
  test-jv8az280/0 [idle] blocked: Invalid token.
18:42:08 INFO Waiting for model:
  test-jv8az280/0 [idle] blocked: Invalid token.
18:42:39 INFO Waiting for model:
  test-jv8az280/0 [idle] blocked: Invalid token.
18:43:09 INFO Waiting for model:
  test-jv8az280/0 [idle] blocked: Invalid token.
18:43:40 INFO Waiting for model:
  test-jv8az280/0 [idle] blocked: Invalid token.
18:44:10 INFO Waiting for model:
  test-jv8az280/0 [idle] blocked: Invalid token.
18:44:40 INFO Waiting for model:
  test-jv8az280/0 [idle] blocked: Invalid token.
18:45:10 INFO Waiting for model:
  test-jv8az280/0 [idle] blocked: Invalid token.
18:45:40 INFO Waiting for model:
  test-jv8az280/0 [idle] blocked: Invalid token.
18:46:10 INFO Waiting for model:
  test-jv8az280/0 [idle] blocked: Invalid token.
18:46:41 INFO Waiting for model:
  test-jv8az280/0 [idle] blocked: Invalid token.
18:47:11 INFO Waiting for model:
  test-jv8az280/0 [idle] blocked: Invalid token.
18:47:42 INFO Waiting for model:
  test-jv8az280/0 [idle] blocked: Invalid token.
18:48:12 INFO Waiting for model:
  test-jv8az280/0 [idle] blocked: Invalid token.
18:48:43 INFO Waiting for model:
  test-jv8az280/0 [idle] blocked: Invalid token.
18:49:13 INFO Waiting for model:
  test-jv8az280/0 [idle] blocked: Invalid token.
18:49:44 INFO Waiting for model:
  test-jv8az280/0 [idle] blocked: Invalid token.
18:50:14 INFO Waiting for model:
  test-jv8az280/0 [idle] blocked: Invalid token.
18:50:44 INFO Waiting for model:
  test-jv8az280/0 [idle] blocked: Invalid token.
18:51:15 INFO Waiting for model:
  test-jv8az280/0 [idle] blocked: Invalid token.
18:51:45 INFO Waiting for model:
  test-jv8az280/0 [idle] blocked: Invalid token.
18:52:15 INFO Waiting for model:
  test-jv8az280/0 [idle] blocked: Invalid token.
18:52:46 INFO Waiting for model:
  test-jv8az280/0 [idle] blocked: Invalid token.
18:53:16 INFO Waiting for model:
  test-jv8az280/0 [idle] blocked: Invalid token.
18:53:47 INFO Waiting for model:
  test-jv8az280/0 [idle] blocked: Invalid token.
18:54:17 INFO Waiting for model:
  test-jv8az280/0 [idle] blocked: Invalid token.
18:54:33 INFO Model status:

Model                      Controller           Cloud/Region         Version  SLA          Timestamp
test-charm-fork-repo-ptyo  github-pr-43d35-lxd  localhost/localhost  3.6.5    unsupported  18:54:33Z

App                                   Version  Status   Scale  Charm                        Channel      Rev  Exposed  Message
github-runner-image-builder-jv8az280           active       1  github-runner-image-builder  latest/edge   81  no       
test-jv8az280                                  blocked      1  github-runner                               0  no       Invalid token.

Unit                                     Workload  Agent  Machine  Public address  Ports  Message
github-runner-image-builder-jv8az280/0*  active    idle   0        10.111.41.54           
test-jv8az280/0*                         blocked   idle   1        10.111.41.203          Invalid token.

Machine  State    Address        Inst id        Base          AZ  Message
0        started  10.111.41.54   juju-5c9309-0  ubuntu@22.04      Running
1        started  10.111.41.203  juju-5c9309-1  ubuntu@22.04      Running

18:54:33 INFO Juju error logs:

machine-0: 18:25:08 ERROR juju.worker.dependency "lxd-container-provisioner" manifold worker returned unexpected error: container types not yet available
machine-0: 18:25:08 ERROR juju.worker.dependency "kvm-container-provisioner" manifold worker returned unexpected error: container types not yet available
unit-github-runner-image-builder-jv8az280-0: 18:25:08 ERROR juju.worker.meterstatus error running "meter-status-changed": charm missing from disk
machine-1: 18:25:13 ERROR juju.worker.dependency "lxd-container-provisioner" manifold worker returned unexpected error: container types not yet available
machine-1: 18:25:13 ERROR juju.worker.dependency "kvm-container-provisioner" manifold worker returned unexpected error: container types not yet available
unit-test-jv8az280-0: 18:25:13 ERROR juju.worker.meterstatus error running "meter-status-changed": charm missing from disk
unit-github-runner-image-builder-jv8az280-0: 18:25:48 ERROR unit.github-runner-image-builder-jv8az280/0.juju-log Pipx command failed, code: 1, out: None, err: None
unit-test-jv8az280-0: 18:36:25 ERROR unit.test-jv8az280/0.juju-log image:0: Issue with GitHub token
Traceback (most recent call last):
  File "/var/lib/juju/agents/unit-test-jv8az280-0/charm/venv/github_runner_manager/github_client.py", line 79, in wrapper
    return func(*args, **kwargs)
  File "/var/lib/juju/agents/unit-test-jv8az280-0/charm/venv/github_runner_manager/github_client.py", line 155, in list_runners
    self._client.actions.list_self_hosted_runners_for_repo(
  File "/var/lib/juju/agents/unit-test-jv8az280-0/charm/venv/ghapi/core.py", line 74, in __call__
    return self.client(self.path, self.verb, headers=headers, decode=self.decode, route=route_p, query=query_p, data=data_p)
  File "/var/lib/juju/agents/unit-test-jv8az280-0/charm/venv/ghapi/core.py", line 133, in __call__
    res,self.recv_hdrs = urlsend(path, verb, headers=headers or None, decode=decode, debug=debug, return_headers=True,
  File "/var/lib/juju/agents/unit-test-jv8az280-0/charm/venv/fastcore/net.py", line 221, in urlsend
    return urlread(req, decode=decode, return_json=return_json, return_headers=return_headers, timeout=timeout)
  File "/var/lib/juju/agents/unit-test-jv8az280-0/charm/venv/fastcore/net.py", line 122, in urlread
    if 400 <= e.code < 500: raise ExceptionsHTTP[e.code](e.url, e.hdrs, e.fp, msg=e.msg) from None
fastcore.net.HTTP401UnauthorizedError: HTTP Error 401: Unauthorized
====Error Body====
{
  "message": "Bad credentials",
  "documentation_url": "https://docs.github.com/rest",
  "status": "401"
}


The above exception was the direct cause of the following exception:

Traceback (most recent call last):
  File "/var/lib/juju/agents/unit-test-jv8az280-0/charm/./src/charm.py", line 121, in func_with_catch_errors
    func(self, event)
  File "/var/lib/juju/agents/unit-test-jv8az280-0/charm/./src/charm.py", line 592, in _on_image_relation_changed
    runner_scaler.flush(flush_mode=FlushMode.FLUSH_IDLE)
  File "/var/lib/juju/agents/unit-test-jv8az280-0/charm/venv/github_runner_manager/manager/runner_scaler.py", line 249, in flush
    metric_stats = self._manager.cleanup()
  File "/var/lib/juju/agents/unit-test-jv8az280-0/charm/venv/github_runner_manager/manager/runner_manager.py", line 254, in cleanup
    deleted_runner_metrics = self._cleanup_resources()
  File "/var/lib/juju/agents/unit-test-jv8az280-0/charm/venv/github_runner_manager/manager/runner_manager.py", line 271, in _cleanup_resources
    runners_health_response = self._platform.get_runners_health(cloud_runners)
  File "/var/lib/juju/agents/unit-test-jv8az280-0/charm/venv/github_runner_manager/platform/multiplexer_provider.py", line 104, in get_runners_health
    provider_health_response = self._providers[platform_name].get_runners_health(
  File "/var/lib/juju/agents/unit-test-jv8az280-0/charm/venv/github_runner_manager/platform/github_provider.py", line 108, in get_runners_health
    github_runners = self._client.list_runners(self._path, self._prefix)
  File "/var/lib/juju/agents/unit-test-jv8az280-0/charm/venv/github_runner_manager/github_client.py", line 86, in wrapper
    raise TokenError(msg) from exc
github_runner_manager.platform.platform_provider.TokenError: Invalid token.

18:54:33 INFO Forgetting model main...