18:26:47 WARNING unexpected facade SSHServer received from the controller
18:26:47 INFO Adding model github-pr-a94c6-lxd:test-charm-upgrade-rwks on cloud localhost
18:26:47 WARNING unexpected facade SSHServer received from the controller
18:26:47 WARNING unexpected facade SSHSession received from the controller
18:26:47 WARNING unexpected facade SSHTunneler received from the controller
18:26:48 INFO Deploying ch:amd64/jammy/github-runner-image-builder-128
18:27:07 INFO Deploying local:jammy/github-runner-0
18:27:08 INFO Waiting for model:
  test-qq2a3wgs/0 [allocating] waiting: waiting for machine
  github-runner-image-builder-qq2a3wgs/0 [allocating] waiting: waiting for machine
18:27:38 INFO Waiting for model:
  test-qq2a3wgs/0 [allocating] waiting: waiting for machine
  github-runner-image-builder-qq2a3wgs/0 [allocating] waiting: waiting for machine
18:28:08 INFO Waiting for model:
  test-qq2a3wgs/0 [executing] maintenance: installing charm software
  github-runner-image-builder-qq2a3wgs/0 [executing] maintenance: Setting up Builder.
18:28:38 INFO Waiting for model:
  test-qq2a3wgs/0 [executing] maintenance: installing charm software
  github-runner-image-builder-qq2a3wgs/0 [executing] maintenance: Setting up Builder.
18:29:08 INFO Waiting for model:
  test-qq2a3wgs/0 [idle] blocked: Please provide image integration.
  github-runner-image-builder-qq2a3wgs/0 [executing] maintenance: Setting up Builder.
18:29:38 INFO Waiting for model:
  test-qq2a3wgs/0 [idle] blocked: Please provide image integration.
  github-runner-image-builder-qq2a3wgs/0 [executing] maintenance: Setting up Builder.
18:30:08 INFO Waiting for model:
  test-qq2a3wgs/0 [idle] waiting: Waiting for image over integration.
  github-runner-image-builder-qq2a3wgs/0 [executing] blocked: image integration required.
18:30:38 INFO Waiting for model:
  test-qq2a3wgs/0 [idle] waiting: Waiting for image over integration.
  github-runner-image-builder-qq2a3wgs/0 [executing] active: Building image.
18:31:08 INFO Waiting for model:
  test-qq2a3wgs/0 [idle] waiting: Waiting for image over integration.
  github-runner-image-builder-qq2a3wgs/0 [executing] active: Building image.
18:31:38 INFO Waiting for model:
  test-qq2a3wgs/0 [idle] waiting: Waiting for image over integration.
  github-runner-image-builder-qq2a3wgs/0 [executing] active: Building image.
18:32:08 INFO Waiting for model:
  test-qq2a3wgs/0 [idle] waiting: Waiting for image over integration.
  github-runner-image-builder-qq2a3wgs/0 [executing] active: Building image.
18:32:38 INFO Waiting for model:
  test-qq2a3wgs/0 [idle] waiting: Waiting for image over integration.
  github-runner-image-builder-qq2a3wgs/0 [executing] active: Building image.
18:33:08 INFO Waiting for model:
  test-qq2a3wgs/0 [idle] waiting: Waiting for image over integration.
  github-runner-image-builder-qq2a3wgs/0 [executing] active: Building image.
18:33:38 INFO Waiting for model:
  test-qq2a3wgs/0 [idle] waiting: Waiting for image over integration.
  github-runner-image-builder-qq2a3wgs/0 [executing] active: Building image.
18:34:08 INFO Waiting for model:
  test-qq2a3wgs/0 [idle] waiting: Waiting for image over integration.
  github-runner-image-builder-qq2a3wgs/0 [executing] active: Building image.
18:34:38 INFO Waiting for model:
  test-qq2a3wgs/0 [idle] waiting: Waiting for image over integration.
  github-runner-image-builder-qq2a3wgs/0 [executing] active: Building image.
18:35:08 INFO Waiting for model:
  test-qq2a3wgs/0 [idle] waiting: Waiting for image over integration.
  github-runner-image-builder-qq2a3wgs/0 [executing] active: Building image.
18:35:38 INFO Waiting for model:
  test-qq2a3wgs/0 [idle] waiting: Waiting for image over integration.
  github-runner-image-builder-qq2a3wgs/0 [executing] active: Building image.
18:36:08 INFO Waiting for model:
  test-qq2a3wgs/0 [idle] waiting: Waiting for image over integration.
  github-runner-image-builder-qq2a3wgs/0 [executing] active: Building image.
18:36:38 INFO Waiting for model:
  test-qq2a3wgs/0 [idle] waiting: Waiting for image over integration.
  github-runner-image-builder-qq2a3wgs/0 [executing] active: Building image.
18:37:08 INFO Waiting for model:
  test-qq2a3wgs/0 [idle] waiting: Waiting for image over integration.
  github-runner-image-builder-qq2a3wgs/0 [executing] active: Building image.
18:37:38 INFO Waiting for model:
  test-qq2a3wgs/0 [idle] waiting: Waiting for image over integration.
  github-runner-image-builder-qq2a3wgs/0 [executing] active: Building image.
18:38:08 INFO Waiting for model:
  test-qq2a3wgs/0 [idle] waiting: Waiting for image over integration.
  github-runner-image-builder-qq2a3wgs/0 [executing] active: Building image.
18:38:38 INFO Waiting for model:
  test-qq2a3wgs/0 [idle] waiting: Waiting for image over integration.
  github-runner-image-builder-qq2a3wgs/0 [executing] active: Building image.
18:39:08 INFO Waiting for model:
  test-qq2a3wgs/0 [idle] waiting: Waiting for image over integration.
  github-runner-image-builder-qq2a3wgs/0 [executing] active: Building image.
18:39:38 INFO Waiting for model:
  test-qq2a3wgs/0 [idle] waiting: Waiting for image over integration.
  github-runner-image-builder-qq2a3wgs/0 [executing] active: Building image.
18:40:08 INFO Waiting for model:
  test-qq2a3wgs/0 [idle] waiting: Waiting for image over integration.
  github-runner-image-builder-qq2a3wgs/0 [executing] active: Building image.
18:40:38 INFO Waiting for model:
  test-qq2a3wgs/0 [idle] waiting: Waiting for image over integration.
  github-runner-image-builder-qq2a3wgs/0 [executing] active: Building image.
18:41:08 INFO Waiting for model:
  test-qq2a3wgs/0 [idle] waiting: Waiting for image over integration.
  github-runner-image-builder-qq2a3wgs/0 [executing] active: Building image.
18:41:38 INFO Waiting for model:
  test-qq2a3wgs/0 [idle] waiting: Waiting for image over integration.
  github-runner-image-builder-qq2a3wgs/0 [executing] active: Building image.
18:42:08 INFO Waiting for model:
  test-qq2a3wgs/0 [idle] waiting: Waiting for image over integration.
  github-runner-image-builder-qq2a3wgs/0 [executing] active: Building image.
18:42:39 INFO Waiting for model:
  test-qq2a3wgs/0 [idle] waiting: Waiting for image over integration.
  github-runner-image-builder-qq2a3wgs/0 [executing] active: Building image.
18:43:09 INFO Waiting for model:
  test-qq2a3wgs/0 [idle] waiting: Waiting for image over integration.
  github-runner-image-builder-qq2a3wgs/0 [executing] active: Building image.
18:43:39 INFO Waiting for model:
  test-qq2a3wgs/0 [idle] waiting: Waiting for image over integration.
  github-runner-image-builder-qq2a3wgs/0 [executing] active: Building image.
18:44:09 INFO Waiting for model:
  test-qq2a3wgs/0 [idle] waiting: Waiting for image over integration.
  github-runner-image-builder-qq2a3wgs/0 [executing] active: Building image.
18:44:39 INFO Waiting for model:
  test-qq2a3wgs/0 [idle] waiting: Waiting for image over integration.
  github-runner-image-builder-qq2a3wgs/0 [executing] active: Building image.
18:45:09 INFO Waiting for model:
  test-qq2a3wgs/0 [idle] waiting: Waiting for image over integration.
  github-runner-image-builder-qq2a3wgs/0 [executing] active: Building image.
18:45:39 INFO Waiting for model:
  test-qq2a3wgs/0 [idle] waiting: Waiting for image over integration.
  github-runner-image-builder-qq2a3wgs/0 [executing] active: Building image.
18:46:09 INFO Waiting for model:
  test-qq2a3wgs/0 [idle] waiting: Waiting for image over integration.
  github-runner-image-builder-qq2a3wgs/0 [executing] active: Building image.
18:46:39 INFO Waiting for model:
  test-qq2a3wgs/0 [executing] maintenance: Update image for runners
  github-runner-image-builder-qq2a3wgs/0 [idle] active: 
18:47:09 INFO Waiting for model:
  test-qq2a3wgs/0 [idle] active: 
18:48:56 INFO Waiting for model:
  test-qq2a3wgs/0 [idle] active:
18:49:29 INFO Model status:

Model                    Controller           Cloud/Region         Version  SLA          Timestamp
test-charm-upgrade-rwks  github-pr-a94c6-lxd  localhost/localhost  3.6.11   unsupported  18:49:29Z

App                                   Version  Status  Scale  Charm                        Channel      Rev  Exposed  Message
github-runner-image-builder-qq2a3wgs           active      1  github-runner-image-builder  latest/edge  128  no       
test-qq2a3wgs                                  active      1  github-runner                               1  no       

Unit                                     Workload  Agent  Machine  Public address  Ports  Message
github-runner-image-builder-qq2a3wgs/0*  active    idle   0        10.62.218.61           
test-qq2a3wgs/0*                         active    idle   1        10.62.218.113          

Machine  State    Address        Inst id        Base          AZ             Message
0        started  10.62.218.61   juju-3001fe-0  ubuntu@22.04  github-runner  Running
1        started  10.62.218.113  juju-3001fe-1  ubuntu@22.04  github-runner  Running

18:49:30 INFO Juju error logs:

machine-1: 18:27:42 ERROR juju.worker.dependency "kvm-container-provisioner" manifold worker returned unexpected error: container types not yet available
machine-1: 18:27:42 ERROR juju.worker.dependency "lxd-container-provisioner" manifold worker returned unexpected error: container types not yet available
machine-0: 18:27:50 ERROR juju.worker.dependency "kvm-container-provisioner" manifold worker returned unexpected error: container types not yet available
machine-0: 18:27:50 ERROR juju.worker.dependency "lxd-container-provisioner" manifold worker returned unexpected error: container types not yet available
unit-github-runner-image-builder-qq2a3wgs-0: 18:28:34 ERROR unit.github-runner-image-builder-qq2a3wgs/0.juju-log Pipx command failed, code: 1, out: None, err: None
unit-test-qq2a3wgs-0: 18:28:44 ERROR unit.test-qq2a3wgs/0.juju-log Missing image integration.
Traceback (most recent call last):
  File "/var/lib/juju/agents/unit-test-qq2a3wgs-0/charm/./src/charm.py", line 118, in func_with_catch_errors
    func(self, event)
  File "/var/lib/juju/agents/unit-test-qq2a3wgs-0/charm/./src/charm.py", line 342, in _on_config_changed
    self._check_image_ready()
  File "/var/lib/juju/agents/unit-test-qq2a3wgs-0/charm/./src/charm.py", line 512, in _check_image_ready
    raise ImageIntegrationMissingError("No image integration found")
errors.ImageIntegrationMissingError: No image integration found
unit-test-qq2a3wgs-0: 18:28:45 ERROR unit.test-qq2a3wgs/0.juju-log Missing image integration.
Traceback (most recent call last):
  File "/var/lib/juju/agents/unit-test-qq2a3wgs-0/charm/./src/charm.py", line 118, in func_with_catch_errors
    func(self, event)
  File "/var/lib/juju/agents/unit-test-qq2a3wgs-0/charm/./src/charm.py", line 313, in _on_start
    self._check_image_ready()
  File "/var/lib/juju/agents/unit-test-qq2a3wgs-0/charm/./src/charm.py", line 512, in _check_image_ready
    raise ImageIntegrationMissingError("No image integration found")
errors.ImageIntegrationMissingError: No image integration found
unit-test-qq2a3wgs-0: 18:30:02 ERROR unit.test-qq2a3wgs/0.juju-log image:0: Missing image in image integration.
Traceback (most recent call last):
  File "/var/lib/juju/agents/unit-test-qq2a3wgs-0/charm/./src/charm.py", line 118, in func_with_catch_errors
    func(self, event)
  File "/var/lib/juju/agents/unit-test-qq2a3wgs-0/charm/./src/charm.py", line 477, in _on_image_relation_changed
    self._check_image_ready()
  File "/var/lib/juju/agents/unit-test-qq2a3wgs-0/charm/./src/charm.py", line 514, in _check_image_ready
    raise ImageNotFoundError("No image found in the image integration")
errors.ImageNotFoundError: No image found in the image integration

18:49:30 INFO Forgetting model main...