18:26:23 WARNING unexpected facade SSHServer received from the controller
18:26:23 INFO Adding model github-pr-a94c6-lxd:test-charm-fork-repo-1tbp on cloud localhost
18:26:23 WARNING unexpected facade SSHServer received from the controller
18:26:23 WARNING unexpected facade SSHSession received from the controller
18:26:23 WARNING unexpected facade SSHTunneler received from the controller
18:26:24 INFO Deploying ch:amd64/jammy/github-runner-image-builder-128
18:26:36 INFO Deploying local:jammy/github-runner-0
18:26:36 INFO Waiting for model:
  test-ym5yfqms/0 [allocating] waiting: waiting for machine
  github-runner-image-builder-ym5yfqms/0 [allocating] waiting: waiting for machine
18:27:06 INFO Waiting for model:
  test-ym5yfqms/0 [allocating] waiting: waiting for machine
  github-runner-image-builder-ym5yfqms/0 [allocating] waiting: waiting for machine
18:27:37 INFO Waiting for model:
  test-ym5yfqms/0 [executing] maintenance: installing charm software
  github-runner-image-builder-ym5yfqms/0 [executing] maintenance: Setting up Builder.
18:28:07 INFO Waiting for model:
  test-ym5yfqms/0 [executing] maintenance: installing charm software
  github-runner-image-builder-ym5yfqms/0 [executing] maintenance: Setting up Builder.
18:28:37 INFO Waiting for model:
  test-ym5yfqms/0 [idle] blocked: Please provide image integration.
  github-runner-image-builder-ym5yfqms/0 [executing] maintenance: Setting up Builder.
18:29:08 INFO Waiting for model:
  test-ym5yfqms/0 [idle] blocked: Please provide image integration.
  github-runner-image-builder-ym5yfqms/0 [executing] maintenance: Setting up Builder.
18:29:38 INFO Waiting for model:
  test-ym5yfqms/0 [idle] blocked: Please provide image integration.
  github-runner-image-builder-ym5yfqms/0 [executing] maintenance: Setting up Builder.
18:30:09 INFO Waiting for model:
  test-ym5yfqms/0 [idle] waiting: Waiting for image over integration.
  github-runner-image-builder-ym5yfqms/0 [executing] active: Building image.
18:30:39 INFO Waiting for model:
  test-ym5yfqms/0 [idle] waiting: Waiting for image over integration.
  github-runner-image-builder-ym5yfqms/0 [executing] active: Building image.
18:31:10 INFO Waiting for model:
  test-ym5yfqms/0 [idle] waiting: Waiting for image over integration.
  github-runner-image-builder-ym5yfqms/0 [executing] active: Building image.
18:31:40 INFO Waiting for model:
  test-ym5yfqms/0 [idle] waiting: Waiting for image over integration.
  github-runner-image-builder-ym5yfqms/0 [executing] active: Building image.
18:32:10 INFO Waiting for model:
  test-ym5yfqms/0 [idle] waiting: Waiting for image over integration.
  github-runner-image-builder-ym5yfqms/0 [executing] active: Building image.
18:32:41 INFO Waiting for model:
  test-ym5yfqms/0 [idle] waiting: Waiting for image over integration.
  github-runner-image-builder-ym5yfqms/0 [executing] active: Building image.
18:33:11 INFO Waiting for model:
  test-ym5yfqms/0 [idle] waiting: Waiting for image over integration.
  github-runner-image-builder-ym5yfqms/0 [executing] active: Building image.
18:33:41 INFO Waiting for model:
  test-ym5yfqms/0 [idle] waiting: Waiting for image over integration.
  github-runner-image-builder-ym5yfqms/0 [executing] active: Building image.
18:34:12 INFO Waiting for model:
  test-ym5yfqms/0 [idle] waiting: Waiting for image over integration.
  github-runner-image-builder-ym5yfqms/0 [executing] active: Building image.
18:34:42 INFO Waiting for model:
  test-ym5yfqms/0 [idle] waiting: Waiting for image over integration.
  github-runner-image-builder-ym5yfqms/0 [executing] active: Building image.
18:35:13 INFO Waiting for model:
  test-ym5yfqms/0 [idle] waiting: Waiting for image over integration.
  github-runner-image-builder-ym5yfqms/0 [executing] active: Building image.
18:35:43 INFO Waiting for model:
  test-ym5yfqms/0 [idle] waiting: Waiting for image over integration.
  github-runner-image-builder-ym5yfqms/0 [executing] active: Building image.
18:36:14 INFO Waiting for model:
  test-ym5yfqms/0 [idle] waiting: Waiting for image over integration.
  github-runner-image-builder-ym5yfqms/0 [executing] active: Building image.
18:36:44 INFO Waiting for model:
  test-ym5yfqms/0 [idle] waiting: Waiting for image over integration.
  github-runner-image-builder-ym5yfqms/0 [executing] active: Building image.
18:37:14 INFO Waiting for model:
  test-ym5yfqms/0 [idle] waiting: Waiting for image over integration.
  github-runner-image-builder-ym5yfqms/0 [executing] active: Building image.
18:37:45 INFO Waiting for model:
  test-ym5yfqms/0 [idle] waiting: Waiting for image over integration.
  github-runner-image-builder-ym5yfqms/0 [executing] active: Building image.
18:38:15 INFO Waiting for model:
  test-ym5yfqms/0 [idle] waiting: Waiting for image over integration.
  github-runner-image-builder-ym5yfqms/0 [executing] active: Building image.
18:38:45 INFO Waiting for model:
  test-ym5yfqms/0 [idle] waiting: Waiting for image over integration.
  github-runner-image-builder-ym5yfqms/0 [executing] active: Building image.
18:39:16 INFO Waiting for model:
  test-ym5yfqms/0 [idle] waiting: Waiting for image over integration.
  github-runner-image-builder-ym5yfqms/0 [executing] active: Building image.
18:39:46 INFO Waiting for model:
  test-ym5yfqms/0 [idle] waiting: Waiting for image over integration.
  github-runner-image-builder-ym5yfqms/0 [executing] active: Building image.
18:40:17 INFO Waiting for model:
  test-ym5yfqms/0 [idle] waiting: Waiting for image over integration.
  github-runner-image-builder-ym5yfqms/0 [executing] active: Building image.
18:40:47 INFO Waiting for model:
  test-ym5yfqms/0 [idle] waiting: Waiting for image over integration.
  github-runner-image-builder-ym5yfqms/0 [executing] active: Building image.
18:41:18 INFO Waiting for model:
  test-ym5yfqms/0 [idle] waiting: Waiting for image over integration.
  github-runner-image-builder-ym5yfqms/0 [executing] active: Building image.
18:41:48 INFO Waiting for model:
  test-ym5yfqms/0 [idle] waiting: Waiting for image over integration.
  github-runner-image-builder-ym5yfqms/0 [executing] active: Building image.
18:42:18 INFO Waiting for model:
  test-ym5yfqms/0 [idle] waiting: Waiting for image over integration.
  github-runner-image-builder-ym5yfqms/0 [executing] active: Building image.
18:42:49 INFO Waiting for model:
  test-ym5yfqms/0 [idle] waiting: Waiting for image over integration.
  github-runner-image-builder-ym5yfqms/0 [executing] active: Building image.
18:43:19 INFO Waiting for model:
  test-ym5yfqms/0 [idle] waiting: Waiting for image over integration.
  github-runner-image-builder-ym5yfqms/0 [executing] active: Building image.
18:43:50 INFO Waiting for model:
  test-ym5yfqms/0 [idle] waiting: Waiting for image over integration.
  github-runner-image-builder-ym5yfqms/0 [executing] active: Building image.
18:44:20 INFO Waiting for model:
  test-ym5yfqms/0 [executing] maintenance: Update image for runners
  github-runner-image-builder-ym5yfqms/0 [idle] active: 
18:44:51 INFO Waiting for model:
  test-ym5yfqms/0 [idle] active: 
18:44:55 INFO GitHub token rate limit: Rate(reset=2025-11-07 19:26:45+00:00, remaining=4968, limit=5000)
18:45:46 INFO Waiting for model:
  test-ym5yfqms/0 [idle] active: 
18:46:16 INFO Waiting for model:
  test-ym5yfqms/0 [idle] active: 
18:46:19 INFO Current reconcile ID: 0e667fce-bf6c-450e-8622-18d0d75e6d90
18:46:19 INFO Waiting for reconcile ID: 0e667fce-bf6c-450e-8622-18d0d75e6d90
18:47:20 INFO Current reconcile ID: 0e667fce-bf6c-450e-8622-18d0d75e6d90
18:47:20 INFO Current reconcile ID: 0e667fce-bf6c-450e-8622-18d0d75e6d90, expected reconcile ID: 0e667fce-bf6c-450e-8622-18d0d75e6d90
18:47:20 INFO Waiting for reconcile ID: 0e667fce-bf6c-450e-8622-18d0d75e6d90
18:48:21 INFO Current reconcile ID: e5b469f9-8036-465a-a769-d98df4a5debd
18:48:21 INFO Current reconcile ID: e5b469f9-8036-465a-a769-d98df4a5debd, expected reconcile ID: 0e667fce-bf6c-450e-8622-18d0d75e6d90
18:48:25 INFO [TEST SETUP] Exposing port 8080 on test-ym5yfqms-0-n-222a0fa87406
18:48:25 WARNING dict_values([[{'version': 4, 'addr': '10.151.122.87', 'OS-EXT-IPS:type': 'fixed', 'OS-EXT-IPS-MAC:mac_addr': 'fa:16:3e:d6:34:21'}]])
18:48:26 INFO ssh tunnel command ssh -fNT -R 8080:localhost:8080 -i /home/runner-manager/.ssh/test-ym5yfqms-0-n-222a0fa87406.key -o "StrictHostKeyChecking no" -o "ControlPersist yes" ubuntu@10.151.122.87 &
18:48:27 INFO ssh tunnel result 0 None Warning: Permanently added '10.151.122.87' (ED25519) to the list of known hosts.

18:48:28 INFO [TEST SETUP] Run command nc -z localhost 8080 on test-ym5yfqms-0-n-222a0fa87406
18:48:28 WARNING dict_values([[{'version': 4, 'addr': '10.151.122.87', 'OS-EXT-IPS:type': 'fixed', 'OS-EXT-IPS-MAC:mac_addr': 'fa:16:3e:d6:34:21'}]])
18:48:29 WARNING ssh_cmd: su - ubuntu -c 'ssh -i /home/runner-manager/.ssh/test-ym5yfqms-0-n-222a0fa87406.key -o "StrictHostKeyChecking no" ubuntu@10.151.122.87 nc -z localhost 8080'
18:48:30 INFO Run command 'nc -z localhost 8080' in runner with result 0: 'None' 'Connection to localhost (127.0.0.1) 8080 port [tcp/http-alt] succeeded!
'
18:48:30 INFO [TEST SETUP] Run command curl http://localhost:8080 on test-ym5yfqms-0-n-222a0fa87406
18:48:30 WARNING dict_values([[{'version': 4, 'addr': '10.151.122.87', 'OS-EXT-IPS:type': 'fixed', 'OS-EXT-IPS-MAC:mac_addr': 'fa:16:3e:d6:34:21'}]])
18:48:31 WARNING ssh_cmd: su - ubuntu -c 'ssh -i /home/runner-manager/.ssh/test-ym5yfqms-0-n-222a0fa87406.key -o "StrictHostKeyChecking no" ubuntu@10.151.122.87 curl http://localhost:8080'
18:48:32 INFO Run command 'curl http://localhost:8080' in runner with result 0: '<!doctype html>
<html lang=en>
<title>404 Not Found</title>
<h1>Not Found</h1>
<p>The requested URL was not found on the server. If you entered the URL manually please check your spelling and try again.</p>
' '  % Total    % Received % Xferd  Average Speed   Time    Time     Time  Current
                                 Dload  Upload   Total   Spent    Left  Speed
  0     0    0     0    0     0      0      0 --:--:-- --:--:-- --:--:--     0100   207  100   207    0     0   117k      0 --:--:-- --:--:-- --:--:--  202k
'
18:48:34 INFO Wait for condition not met, sleeping 10
18:48:45 INFO Wait for condition not met, sleeping 60
18:49:50 INFO Model status:

Model                      Controller           Cloud/Region         Version  SLA          Timestamp
test-charm-fork-repo-1tbp  github-pr-a94c6-lxd  localhost/localhost  3.6.11   unsupported  18:49:50Z

App                                   Version  Status  Scale  Charm                        Channel      Rev  Exposed  Message
github-runner-image-builder-ym5yfqms           active      1  github-runner-image-builder  latest/edge  128  no       
test-ym5yfqms                                  active      1  github-runner                               0  yes      

Unit                                     Workload  Agent  Machine  Public address  Ports     Message
github-runner-image-builder-ym5yfqms/0*  active    idle   0        10.78.161.42              
test-ym5yfqms/0*                         active    idle   1        10.78.161.17    8080/tcp  

Machine  State    Address       Inst id        Base          AZ             Message
0        started  10.78.161.42  juju-2bfbf0-0  ubuntu@22.04  github-runner  Running
1        started  10.78.161.17  juju-2bfbf0-1  ubuntu@22.04  github-runner  Running

18:49:50 INFO Juju error logs:

machine-1: 18:27:17 ERROR juju.worker.dependency "kvm-container-provisioner" manifold worker returned unexpected error: container types not yet available
machine-1: 18:27:17 ERROR juju.worker.dependency "lxd-container-provisioner" manifold worker returned unexpected error: container types not yet available
machine-0: 18:27:19 ERROR juju.worker.dependency "lxd-container-provisioner" manifold worker returned unexpected error: container types not yet available
machine-0: 18:27:19 ERROR juju.worker.dependency "kvm-container-provisioner" manifold worker returned unexpected error: container types not yet available
unit-github-runner-image-builder-ym5yfqms-0: 18:28:05 ERROR unit.github-runner-image-builder-ym5yfqms/0.juju-log Pipx command failed, code: 1, out: None, err: None
unit-test-ym5yfqms-0: 18:28:13 ERROR unit.test-ym5yfqms/0.juju-log Missing image integration.
Traceback (most recent call last):
  File "/var/lib/juju/agents/unit-test-ym5yfqms-0/charm/./src/charm.py", line 118, in func_with_catch_errors
    func(self, event)
  File "/var/lib/juju/agents/unit-test-ym5yfqms-0/charm/./src/charm.py", line 342, in _on_config_changed
    self._check_image_ready()
  File "/var/lib/juju/agents/unit-test-ym5yfqms-0/charm/./src/charm.py", line 512, in _check_image_ready
    raise ImageIntegrationMissingError("No image integration found")
errors.ImageIntegrationMissingError: No image integration found
unit-test-ym5yfqms-0: 18:28:15 ERROR unit.test-ym5yfqms/0.juju-log Missing image integration.
Traceback (most recent call last):
  File "/var/lib/juju/agents/unit-test-ym5yfqms-0/charm/./src/charm.py", line 118, in func_with_catch_errors
    func(self, event)
  File "/var/lib/juju/agents/unit-test-ym5yfqms-0/charm/./src/charm.py", line 313, in _on_start
    self._check_image_ready()
  File "/var/lib/juju/agents/unit-test-ym5yfqms-0/charm/./src/charm.py", line 512, in _check_image_ready
    raise ImageIntegrationMissingError("No image integration found")
errors.ImageIntegrationMissingError: No image integration found
unit-test-ym5yfqms-0: 18:29:43 ERROR unit.test-ym5yfqms/0.juju-log image:0: Missing image in image integration.
Traceback (most recent call last):
  File "/var/lib/juju/agents/unit-test-ym5yfqms-0/charm/./src/charm.py", line 118, in func_with_catch_errors
    func(self, event)
  File "/var/lib/juju/agents/unit-test-ym5yfqms-0/charm/./src/charm.py", line 477, in _on_image_relation_changed
    self._check_image_ready()
  File "/var/lib/juju/agents/unit-test-ym5yfqms-0/charm/./src/charm.py", line 514, in _check_image_ready
    raise ImageNotFoundError("No image found in the image integration")
errors.ImageNotFoundError: No image found in the image integration

18:49:50 INFO Forgetting model main...