18:41:32 INFO Model status:

Model                   Controller           Cloud/Region         Version  SLA          Timestamp
test-charm-runner-qu8p  github-pr-b0a58-lxd  localhost/localhost  3.6.7    unsupported  18:41:32Z

App                                   Version  Status  Scale  Charm                        Channel      Rev  Exposed  Message
github-runner-image-builder-d4ocyo3u           active      1  github-runner-image-builder  latest/edge   86  no       
test-d4ocyo3u                                  active      1  github-runner                               0  no       

Unit                                     Workload  Agent  Machine  Public address  Ports  Message
github-runner-image-builder-d4ocyo3u/0*  active    idle   0        10.83.138.253          
test-d4ocyo3u/0*                         active    idle   1        10.83.138.240          

Machine  State    Address        Inst id        Base          AZ  Message
0        started  10.83.138.253  juju-c945fc-0  ubuntu@22.04      Running
1        started  10.83.138.240  juju-c945fc-1  ubuntu@22.04      Running

18:41:32 INFO Juju error logs:

machine-0: 18:26:27 ERROR juju.worker.dependency "lxd-container-provisioner" manifold worker returned unexpected error: container types not yet available
machine-0: 18:26:27 ERROR juju.worker.dependency "kvm-container-provisioner" manifold worker returned unexpected error: container types not yet available
unit-github-runner-image-builder-d4ocyo3u-0: 18:26:27 ERROR juju.worker.meterstatus error running "meter-status-changed": charm missing from disk
machine-1: 18:26:34 ERROR juju.worker.dependency "kvm-container-provisioner" manifold worker returned unexpected error: container types not yet available
machine-1: 18:26:34 ERROR juju.worker.dependency "lxd-container-provisioner" manifold worker returned unexpected error: container types not yet available
unit-test-d4ocyo3u-0: 18:26:34 ERROR juju.worker.meterstatus error running "meter-status-changed": charm missing from disk
unit-github-runner-image-builder-d4ocyo3u-0: 18:27:09 ERROR unit.github-runner-image-builder-d4ocyo3u/0.juju-log Pipx command failed, code: 1, out: None, err: None
unit-test-d4ocyo3u-0: 18:27:45 ERROR unit.test-d4ocyo3u/0.juju-log Missing image integration.
Traceback (most recent call last):
  File "/var/lib/juju/agents/unit-test-d4ocyo3u-0/charm/./src/charm.py", line 117, in func_with_catch_errors
    func(self, event)
  File "/var/lib/juju/agents/unit-test-d4ocyo3u-0/charm/./src/charm.py", line 327, in _on_config_changed
    self._check_image_ready()
  File "/var/lib/juju/agents/unit-test-d4ocyo3u-0/charm/./src/charm.py", line 479, in _check_image_ready
    raise ImageIntegrationMissingError("No image integration found")
errors.ImageIntegrationMissingError: No image integration found
unit-test-d4ocyo3u-0: 18:27:48 ERROR unit.test-d4ocyo3u/0.juju-log Missing image integration.
Traceback (most recent call last):
  File "/var/lib/juju/agents/unit-test-d4ocyo3u-0/charm/./src/charm.py", line 117, in func_with_catch_errors
    func(self, event)
  File "/var/lib/juju/agents/unit-test-d4ocyo3u-0/charm/./src/charm.py", line 302, in _on_start
    self._check_image_ready()
  File "/var/lib/juju/agents/unit-test-d4ocyo3u-0/charm/./src/charm.py", line 479, in _check_image_ready
    raise ImageIntegrationMissingError("No image integration found")
errors.ImageIntegrationMissingError: No image integration found
unit-test-d4ocyo3u-0: 18:29:01 ERROR unit.test-d4ocyo3u/0.juju-log image:0: Missing image in image integration.
Traceback (most recent call last):
  File "/var/lib/juju/agents/unit-test-d4ocyo3u-0/charm/./src/charm.py", line 117, in func_with_catch_errors
    func(self, event)
  File "/var/lib/juju/agents/unit-test-d4ocyo3u-0/charm/./src/charm.py", line 462, in _on_image_relation_changed
    self._check_image_ready()
  File "/var/lib/juju/agents/unit-test-d4ocyo3u-0/charm/./src/charm.py", line 481, in _check_image_ready
    raise ImageNotFoundError("No image found in the image integration")
errors.ImageNotFoundError: No image found in the image integration

18:41:32 INFO Forgetting model main...