18:24:39 WARNING unexpected facade SSHServer received from the controller
18:24:39 INFO Adding model github-pr-b0a58-lxd:test-charm-fork-path-change-kh9e on cloud localhost
18:24:39 WARNING unexpected facade SSHServer received from the controller
18:24:39 WARNING unexpected facade SSHSession received from the controller
18:24:39 WARNING unexpected facade SSHTunneler received from the controller
18:24:40 INFO Deploying ch:amd64/jammy/github-runner-image-builder-86
18:24:58 INFO Deploying local:jammy/github-runner-0
18:24:58 INFO Waiting for model:
  test-egjq4vki/0 [allocating] waiting: waiting for machine
  github-runner-image-builder-egjq4vki/0 [allocating] waiting: waiting for machine
18:25:28 INFO Waiting for model:
  test-egjq4vki/0 [allocating] waiting: waiting for machine
  github-runner-image-builder-egjq4vki/0 [allocating] waiting: waiting for machine
18:25:59 INFO Waiting for model:
  test-egjq4vki/0 [allocating] waiting: waiting for machine
  github-runner-image-builder-egjq4vki/0 [allocating] waiting: agent initialising
18:26:29 INFO Waiting for model:
  test-egjq4vki/0 [executing] maintenance: installing charm software
  github-runner-image-builder-egjq4vki/0 [executing] maintenance: Setting up Builder.
18:26:59 INFO Waiting for model:
  test-egjq4vki/0 [executing] maintenance: installing charm software
  github-runner-image-builder-egjq4vki/0 [executing] maintenance: Setting up Builder.
18:27:29 INFO Waiting for model:
  test-egjq4vki/0 [idle] blocked: Please provide image integration.
  github-runner-image-builder-egjq4vki/0 [executing] maintenance: Setting up Builder.
18:28:00 INFO Waiting for model:
  test-egjq4vki/0 [idle] blocked: Please provide image integration.
  github-runner-image-builder-egjq4vki/0 [executing] maintenance: Setting up Builder.
18:28:30 INFO Waiting for model:
  test-egjq4vki/0 [idle] blocked: Please provide image integration.
  github-runner-image-builder-egjq4vki/0 [executing] maintenance: Setting up Builder.
18:29:01 INFO Waiting for model:
  test-egjq4vki/0 [idle] waiting: Waiting for image over integration.
  github-runner-image-builder-egjq4vki/0 [executing] active: Building image.
18:29:31 INFO Waiting for model:
  test-egjq4vki/0 [idle] waiting: Waiting for image over integration.
  github-runner-image-builder-egjq4vki/0 [executing] active: Building image.
18:30:01 INFO Waiting for model:
  test-egjq4vki/0 [idle] waiting: Waiting for image over integration.
  github-runner-image-builder-egjq4vki/0 [executing] active: Building image.
18:30:31 INFO Waiting for model:
  test-egjq4vki/0 [idle] waiting: Waiting for image over integration.
  github-runner-image-builder-egjq4vki/0 [executing] active: Building image.
18:31:02 INFO Waiting for model:
  test-egjq4vki/0 [idle] waiting: Waiting for image over integration.
  github-runner-image-builder-egjq4vki/0 [executing] active: Building image.
18:31:32 INFO Waiting for model:
  test-egjq4vki/0 [idle] waiting: Waiting for image over integration.
  github-runner-image-builder-egjq4vki/0 [executing] active: Building image.
18:32:02 INFO Waiting for model:
  test-egjq4vki/0 [idle] waiting: Waiting for image over integration.
  github-runner-image-builder-egjq4vki/0 [executing] active: Building image.
18:32:32 INFO Waiting for model:
  test-egjq4vki/0 [idle] waiting: Waiting for image over integration.
  github-runner-image-builder-egjq4vki/0 [executing] active: Building image.
18:33:03 INFO Waiting for model:
  test-egjq4vki/0 [idle] waiting: Waiting for image over integration.
  github-runner-image-builder-egjq4vki/0 [executing] active: Building image.
18:33:33 INFO Waiting for model:
  test-egjq4vki/0 [idle] waiting: Waiting for image over integration.
  github-runner-image-builder-egjq4vki/0 [executing] active: Building image.
18:34:03 INFO Waiting for model:
  test-egjq4vki/0 [idle] waiting: Waiting for image over integration.
  github-runner-image-builder-egjq4vki/0 [executing] active: Building image.
18:34:34 INFO Waiting for model:
  test-egjq4vki/0 [idle] waiting: Waiting for image over integration.
  github-runner-image-builder-egjq4vki/0 [executing] active: Building image.
18:35:04 INFO Waiting for model:
  test-egjq4vki/0 [idle] waiting: Waiting for image over integration.
  github-runner-image-builder-egjq4vki/0 [executing] active: Building image.
18:35:34 INFO Waiting for model:
  test-egjq4vki/0 [idle] waiting: Waiting for image over integration.
  github-runner-image-builder-egjq4vki/0 [executing] active: Building image.
18:36:05 INFO Waiting for model:
  test-egjq4vki/0 [idle] waiting: Waiting for image over integration.
  github-runner-image-builder-egjq4vki/0 [executing] active: Building image.
18:36:35 INFO Waiting for model:
  test-egjq4vki/0 [idle] waiting: Waiting for image over integration.
  github-runner-image-builder-egjq4vki/0 [executing] active: Building image.
18:37:05 INFO Waiting for model:
  test-egjq4vki/0 [idle] waiting: Waiting for image over integration.
  github-runner-image-builder-egjq4vki/0 [executing] active: Building image.
18:37:35 INFO Waiting for model:
  test-egjq4vki/0 [idle] waiting: Waiting for image over integration.
  github-runner-image-builder-egjq4vki/0 [executing] active: Building image.
18:38:06 INFO Waiting for model:
  test-egjq4vki/0 [idle] waiting: Waiting for image over integration.
  github-runner-image-builder-egjq4vki/0 [executing] active: Building image.
18:38:36 INFO Waiting for model:
  test-egjq4vki/0 [idle] waiting: Waiting for image over integration.
  github-runner-image-builder-egjq4vki/0 [executing] active: Building image.
18:39:06 INFO Waiting for model:
  test-egjq4vki/0 [idle] waiting: Waiting for image over integration.
  github-runner-image-builder-egjq4vki/0 [executing] active: Building image.
18:39:37 INFO Waiting for model:
  test-egjq4vki/0 [idle] active: 
18:39:51 INFO GitHub token rate limit: Rate(reset=2025-06-10 19:21:41+00:00, remaining=4802, limit=5000)
18:40:03 INFO test_path_config_change
18:40:03 INFO Waiting for model:
  test-egjq4vki/0 [idle] active: 
18:40:33 INFO Waiting for model:
  test-egjq4vki/0 [idle] active: 
18:40:57 INFO Ensure there is a runner (this calls reconcile)
18:40:57 INFO Waiting for model:
  test-egjq4vki/0 [idle] active: 
18:41:27 INFO Waiting for model:
  test-egjq4vki/0 [idle] active:
18:41:31 INFO Model status:

Model                             Controller           Cloud/Region         Version  SLA          Timestamp
test-charm-fork-path-change-kh9e  github-pr-b0a58-lxd  localhost/localhost  3.6.7    unsupported  18:41:31Z

App                                   Version  Status  Scale  Charm                        Channel      Rev  Exposed  Message
github-runner-image-builder-egjq4vki           active      1  github-runner-image-builder  latest/edge   86  no       
test-egjq4vki                                  active      1  github-runner                               0  no       

Unit                                     Workload  Agent  Machine  Public address  Ports  Message
github-runner-image-builder-egjq4vki/0*  active    idle   0        10.153.147.51          
test-egjq4vki/0*                         active    idle   1        10.153.147.80          

Machine  State    Address        Inst id        Base          AZ  Message
0        started  10.153.147.51  juju-c23190-0  ubuntu@22.04      Running
1        started  10.153.147.80  juju-c23190-1  ubuntu@22.04      Running

18:41:31 INFO Juju error logs:

machine-0: 18:25:55 ERROR juju.worker.dependency "lxd-container-provisioner" manifold worker returned unexpected error: container types not yet available
machine-0: 18:25:55 ERROR juju.worker.dependency "kvm-container-provisioner" manifold worker returned unexpected error: container types not yet available
unit-github-runner-image-builder-egjq4vki-0: 18:25:55 ERROR juju.worker.meterstatus error running "meter-status-changed": charm missing from disk
machine-1: 18:26:02 ERROR juju.worker.dependency "kvm-container-provisioner" manifold worker returned unexpected error: container types not yet available
machine-1: 18:26:02 ERROR juju.worker.dependency "lxd-container-provisioner" manifold worker returned unexpected error: container types not yet available
unit-test-egjq4vki-0: 18:26:02 ERROR juju.worker.meterstatus error running "meter-status-changed": charm missing from disk
unit-github-runner-image-builder-egjq4vki-0: 18:26:34 ERROR unit.github-runner-image-builder-egjq4vki/0.juju-log Pipx command failed, code: 1, out: None, err: None
unit-test-egjq4vki-0: 18:27:04 ERROR unit.test-egjq4vki/0.juju-log Missing image integration.
Traceback (most recent call last):
  File "/var/lib/juju/agents/unit-test-egjq4vki-0/charm/./src/charm.py", line 117, in func_with_catch_errors
    func(self, event)
  File "/var/lib/juju/agents/unit-test-egjq4vki-0/charm/./src/charm.py", line 327, in _on_config_changed
    self._check_image_ready()
  File "/var/lib/juju/agents/unit-test-egjq4vki-0/charm/./src/charm.py", line 479, in _check_image_ready
    raise ImageIntegrationMissingError("No image integration found")
errors.ImageIntegrationMissingError: No image integration found
unit-test-egjq4vki-0: 18:27:07 ERROR unit.test-egjq4vki/0.juju-log Missing image integration.
Traceback (most recent call last):
  File "/var/lib/juju/agents/unit-test-egjq4vki-0/charm/./src/charm.py", line 117, in func_with_catch_errors
    func(self, event)
  File "/var/lib/juju/agents/unit-test-egjq4vki-0/charm/./src/charm.py", line 302, in _on_start
    self._check_image_ready()
  File "/var/lib/juju/agents/unit-test-egjq4vki-0/charm/./src/charm.py", line 479, in _check_image_ready
    raise ImageIntegrationMissingError("No image integration found")
errors.ImageIntegrationMissingError: No image integration found
unit-test-egjq4vki-0: 18:28:33 ERROR unit.test-egjq4vki/0.juju-log image:0: Missing image in image integration.
Traceback (most recent call last):
  File "/var/lib/juju/agents/unit-test-egjq4vki-0/charm/./src/charm.py", line 117, in func_with_catch_errors
    func(self, event)
  File "/var/lib/juju/agents/unit-test-egjq4vki-0/charm/./src/charm.py", line 462, in _on_image_relation_changed
    self._check_image_ready()
  File "/var/lib/juju/agents/unit-test-egjq4vki-0/charm/./src/charm.py", line 481, in _check_image_ready
    raise ImageNotFoundError("No image found in the image integration")
errors.ImageNotFoundError: No image found in the image integration

18:41:31 INFO Forgetting model main...