18:43:24 INFO Waiting for model:
  test-yis350s3/0 [idle] active: 
18:43:54 INFO Waiting for model:
  test-yis350s3/0 [idle] active: 
18:43:57 INFO Current reconcile ID: fb7ed62a-ecb4-4a34-8e23-894d8130fcba
18:43:57 INFO Waiting for reconcile ID: fb7ed62a-ecb4-4a34-8e23-894d8130fcba
18:44:58 INFO Current reconcile ID: fb7ed62a-ecb4-4a34-8e23-894d8130fcba
18:44:58 INFO Current reconcile ID: fb7ed62a-ecb4-4a34-8e23-894d8130fcba, expected reconcile ID: fb7ed62a-ecb4-4a34-8e23-894d8130fcba
18:44:58 INFO Waiting for reconcile ID: fb7ed62a-ecb4-4a34-8e23-894d8130fcba
18:45:59 INFO Current reconcile ID: 957535e0-8811-493f-bd1a-625cb37cc16d
18:45:59 INFO Current reconcile ID: 957535e0-8811-493f-bd1a-625cb37cc16d, expected reconcile ID: fb7ed62a-ecb4-4a34-8e23-894d8130fcba
18:47:41 INFO [TEST SETUP] Exposing port 8080 on test-yis350s3-0-n-28aed79b017d
18:47:41 WARNING dict_values([[{'version': 4, 'addr': '10.151.122.246', 'OS-EXT-IPS:type': 'fixed', 'OS-EXT-IPS-MAC:mac_addr': 'fa:16:3e:8f:4e:6a'}]])
18:47:42 INFO ssh tunnel command ssh -fNT -R 8080:localhost:8080 -i /home/runner-manager/.ssh/test-yis350s3-0-n-28aed79b017d.key -o "StrictHostKeyChecking no" -o "ControlPersist yes" ubuntu@10.151.122.246 &
18:47:44 INFO ssh tunnel result 0 None Warning: Permanently added '10.151.122.246' (ED25519) to the list of known hosts.

18:47:45 INFO [TEST SETUP] Run command nc -z localhost 8080 on test-yis350s3-0-n-28aed79b017d
18:47:45 WARNING dict_values([[{'version': 4, 'addr': '10.151.122.246', 'OS-EXT-IPS:type': 'fixed', 'OS-EXT-IPS-MAC:mac_addr': 'fa:16:3e:8f:4e:6a'}]])
18:47:46 WARNING ssh_cmd: su - ubuntu -c 'ssh -i /home/runner-manager/.ssh/test-yis350s3-0-n-28aed79b017d.key -o "StrictHostKeyChecking no" ubuntu@10.151.122.246 nc -z localhost 8080'
18:47:47 INFO Run command 'nc -z localhost 8080' in runner with result 0: 'None' 'Connection to localhost (127.0.0.1) 8080 port [tcp/http-alt] succeeded!
'
18:47:47 INFO [TEST SETUP] Run command curl http://localhost:8080 on test-yis350s3-0-n-28aed79b017d
18:47:47 WARNING dict_values([[{'version': 4, 'addr': '10.151.122.246', 'OS-EXT-IPS:type': 'fixed', 'OS-EXT-IPS-MAC:mac_addr': 'fa:16:3e:8f:4e:6a'}]])
18:47:48 WARNING ssh_cmd: su - ubuntu -c 'ssh -i /home/runner-manager/.ssh/test-yis350s3-0-n-28aed79b017d.key -o "StrictHostKeyChecking no" ubuntu@10.151.122.246 curl http://localhost:8080'
18:47:49 INFO Run command 'curl http://localhost:8080' in runner with result 0: '<!doctype html>
<html lang=en>
<title>404 Not Found</title>
<h1>Not Found</h1>
<p>The requested URL was not found on the server. If you entered the URL manually please check your spelling and try again.</p>
' '  % Total    % Received % Xferd  Average Speed   Time    Time     Time  Current
                                 Dload  Upload   Total   Spent    Left  Speed
  0     0    0     0    0     0      0      0 --:--:-- --:--:-- --:--:--     0100   207  100   207    0     0  90432      0 --:--:-- --:--:-- --:--:--  101k
'
18:47:51 INFO Wait for condition not met, sleeping 10
18:48:02 INFO Waiting for model:
  test-yis350s3/0 [idle] active: 
18:48:32 INFO Waiting for model:
  test-yis350s3/0 [idle] active: 
18:48:35 INFO Current reconcile ID: b6e1521a-d788-403a-8d88-68aa6c867e35
18:48:35 INFO Waiting for reconcile ID: b6e1521a-d788-403a-8d88-68aa6c867e35
18:49:36 INFO Current reconcile ID: b6e1521a-d788-403a-8d88-68aa6c867e35
18:49:36 INFO Current reconcile ID: b6e1521a-d788-403a-8d88-68aa6c867e35, expected reconcile ID: b6e1521a-d788-403a-8d88-68aa6c867e35
18:49:36 INFO Waiting for reconcile ID: b6e1521a-d788-403a-8d88-68aa6c867e35
18:50:37 INFO Current reconcile ID: fbe9a58b-5cf6-4bd0-b842-d97f9662cb4d
18:50:37 INFO Current reconcile ID: fbe9a58b-5cf6-4bd0-b842-d97f9662cb4d, expected reconcile ID: b6e1521a-d788-403a-8d88-68aa6c867e35
18:50:38 INFO Model status:

Model                   Controller           Cloud/Region         Version  SLA          Timestamp
test-charm-runner-dhde  github-pr-71e3b-lxd  localhost/localhost  3.6.12   unsupported  18:50:38Z

App                                   Version  Status  Scale  Charm          Channel      Rev  Exposed  Message
github-runner-image-builder-yis350s3           active      1  any-charm      latest/beta  124  no       
test-yis350s3                                  active      1  github-runner                 0  yes      

Unit                                     Workload  Agent  Machine  Public address  Ports     Message
github-runner-image-builder-yis350s3/0*  active    idle   0        10.252.162.87             
test-yis350s3/0*                         active    idle   1        10.252.162.6    8080/tcp  

Machine  State    Address        Inst id        Base          AZ             Message
0        started  10.252.162.87  juju-d825ed-0  ubuntu@24.04  github-runner  Running
1        started  10.252.162.6   juju-d825ed-1  ubuntu@22.04  github-runner  Running

18:50:38 INFO Juju error logs:

machine-0: 18:19:29 ERROR juju.worker.dependency "kvm-container-provisioner" manifold worker returned unexpected error: container types not yet available
machine-0: 18:19:29 ERROR juju.worker.dependency "lxd-container-provisioner" manifold worker returned unexpected error: container types not yet available
machine-1: 18:20:30 ERROR juju.worker.dependency "lxd-container-provisioner" manifold worker returned unexpected error: container types not yet available
machine-1: 18:20:30 ERROR juju.worker.dependency "kvm-container-provisioner" manifold worker returned unexpected error: container types not yet available
unit-test-yis350s3-0: 18:21:57 ERROR unit.test-yis350s3/0.juju-log Missing image integration.
Traceback (most recent call last):
  File "/var/lib/juju/agents/unit-test-yis350s3-0/charm/./src/charm.py", line 119, in func_with_catch_errors
    func(self, event)
  File "/var/lib/juju/agents/unit-test-yis350s3-0/charm/./src/charm.py", line 354, in _on_config_changed
    self._check_image_ready()
  File "/var/lib/juju/agents/unit-test-yis350s3-0/charm/./src/charm.py", line 524, in _check_image_ready
    raise ImageIntegrationMissingError("No image integration found")
errors.ImageIntegrationMissingError: No image integration found
unit-test-yis350s3-0: 18:21:58 ERROR unit.test-yis350s3/0.juju-log Missing image integration.
Traceback (most recent call last):
  File "/var/lib/juju/agents/unit-test-yis350s3-0/charm/./src/charm.py", line 119, in func_with_catch_errors
    func(self, event)
  File "/var/lib/juju/agents/unit-test-yis350s3-0/charm/./src/charm.py", line 317, in _on_start
    self._check_image_ready()
  File "/var/lib/juju/agents/unit-test-yis350s3-0/charm/./src/charm.py", line 524, in _check_image_ready
    raise ImageIntegrationMissingError("No image integration found")
errors.ImageIntegrationMissingError: No image integration found

18:50:38 INFO Forgetting model main...