06:24:54 WARNING unexpected facade SSHServer received from the controller
06:24:54 INFO Adding model github-pr-f6dab-lxd:test-charm-fork-repo-y09w on cloud localhost
06:24:54 WARNING unexpected facade SSHServer received from the controller
06:24:54 WARNING unexpected facade SSHSession received from the controller
06:24:54 WARNING unexpected facade SSHTunneler received from the controller
06:24:56 INFO Deploying ch:amd64/jammy/github-runner-image-builder-108
06:25:14 INFO Deploying local:jammy/github-runner-0
06:25:14 INFO Waiting for model:
  test-lsqpl6uq/0 [allocating] waiting: waiting for machine
  github-runner-image-builder-lsqpl6uq/0 [allocating] waiting: waiting for machine
06:25:45 INFO Waiting for model:
  test-lsqpl6uq/0 [allocating] waiting: waiting for machine
  github-runner-image-builder-lsqpl6uq/0 [allocating] waiting: waiting for machine
06:26:15 INFO Waiting for model:
  test-lsqpl6uq/0 [allocating] waiting: waiting for machine
  github-runner-image-builder-lsqpl6uq/0 [allocating] waiting: waiting for machine
06:26:45 INFO Waiting for model:
  test-lsqpl6uq/0 [executing] waiting: agent initialising
  github-runner-image-builder-lsqpl6uq/0 [executing] maintenance: Setting up Builder.
06:27:16 INFO Waiting for model:
  test-lsqpl6uq/0 [executing] maintenance: installing charm software
  github-runner-image-builder-lsqpl6uq/0 [executing] maintenance: Setting up Builder.
06:27:46 INFO Waiting for model:
  test-lsqpl6uq/0 [idle] blocked: Please provide image integration.
  github-runner-image-builder-lsqpl6uq/0 [executing] maintenance: Setting up Builder.
06:28:16 INFO Waiting for model:
  test-lsqpl6uq/0 [idle] blocked: Please provide image integration.
  github-runner-image-builder-lsqpl6uq/0 [executing] maintenance: Setting up Builder.
06:28:46 INFO Waiting for model:
  test-lsqpl6uq/0 [idle] blocked: Please provide image integration.
  github-runner-image-builder-lsqpl6uq/0 [executing] maintenance: Setting up Builder.
06:29:16 INFO Waiting for model:
  test-lsqpl6uq/0 [idle] waiting: Waiting for image over integration.
  github-runner-image-builder-lsqpl6uq/0 [executing] active: Building image.
06:29:47 INFO Waiting for model:
  test-lsqpl6uq/0 [idle] waiting: Waiting for image over integration.
  github-runner-image-builder-lsqpl6uq/0 [executing] active: Building image.
06:30:17 INFO Waiting for model:
  test-lsqpl6uq/0 [idle] waiting: Waiting for image over integration.
  github-runner-image-builder-lsqpl6uq/0 [executing] active: Building image.
06:30:48 INFO Waiting for model:
  test-lsqpl6uq/0 [idle] waiting: Waiting for image over integration.
  github-runner-image-builder-lsqpl6uq/0 [executing] active: Building image.
06:31:18 INFO Waiting for model:
  test-lsqpl6uq/0 [idle] waiting: Waiting for image over integration.
  github-runner-image-builder-lsqpl6uq/0 [executing] active: Building image.
06:31:48 INFO Waiting for model:
  test-lsqpl6uq/0 [idle] waiting: Waiting for image over integration.
  github-runner-image-builder-lsqpl6uq/0 [executing] active: Building image.
06:32:19 INFO Waiting for model:
  test-lsqpl6uq/0 [idle] waiting: Waiting for image over integration.
  github-runner-image-builder-lsqpl6uq/0 [executing] active: Building image.
06:32:49 INFO Waiting for model:
  test-lsqpl6uq/0 [idle] waiting: Waiting for image over integration.
  github-runner-image-builder-lsqpl6uq/0 [executing] active: Building image.
06:33:20 INFO Waiting for model:
  test-lsqpl6uq/0 [idle] waiting: Waiting for image over integration.
  github-runner-image-builder-lsqpl6uq/0 [executing] active: Building image.
06:33:50 INFO Waiting for model:
  test-lsqpl6uq/0 [idle] waiting: Waiting for image over integration.
  github-runner-image-builder-lsqpl6uq/0 [executing] active: Building image.
06:34:21 INFO Waiting for model:
  test-lsqpl6uq/0 [idle] waiting: Waiting for image over integration.
  github-runner-image-builder-lsqpl6uq/0 [executing] active: Building image.
06:34:51 INFO Waiting for model:
  test-lsqpl6uq/0 [idle] waiting: Waiting for image over integration.
  github-runner-image-builder-lsqpl6uq/0 [executing] active: Building image.
06:35:22 INFO Waiting for model:
  test-lsqpl6uq/0 [idle] waiting: Waiting for image over integration.
  github-runner-image-builder-lsqpl6uq/0 [executing] active: Building image.
06:35:52 INFO Waiting for model:
  test-lsqpl6uq/0 [idle] waiting: Waiting for image over integration.
  github-runner-image-builder-lsqpl6uq/0 [executing] active: Building image.
06:36:23 INFO Waiting for model:
  test-lsqpl6uq/0 [idle] waiting: Waiting for image over integration.
  github-runner-image-builder-lsqpl6uq/0 [executing] active: Building image.
06:36:53 INFO Waiting for model:
  test-lsqpl6uq/0 [idle] waiting: Waiting for image over integration.
  github-runner-image-builder-lsqpl6uq/0 [executing] active: Building image.
06:37:24 INFO Waiting for model:
  test-lsqpl6uq/0 [idle] waiting: Waiting for image over integration.
  github-runner-image-builder-lsqpl6uq/0 [executing] active: Building image.
06:37:54 INFO Waiting for model:
  test-lsqpl6uq/0 [idle] waiting: Waiting for image over integration.
  github-runner-image-builder-lsqpl6uq/0 [executing] active: Building image.
06:38:24 INFO Waiting for model:
  test-lsqpl6uq/0 [idle] waiting: Waiting for image over integration.
  github-runner-image-builder-lsqpl6uq/0 [executing] active: Building image.
06:38:54 INFO Waiting for model:
  test-lsqpl6uq/0 [idle] waiting: Waiting for image over integration.
  github-runner-image-builder-lsqpl6uq/0 [executing] active: Building image.
06:39:24 INFO Waiting for model:
  test-lsqpl6uq/0 [idle] waiting: Waiting for image over integration.
  github-runner-image-builder-lsqpl6uq/0 [executing] active: Building image.
06:39:54 INFO Waiting for model:
  test-lsqpl6uq/0 [idle] waiting: Waiting for image over integration.
  github-runner-image-builder-lsqpl6uq/0 [executing] active: Building image.
06:40:24 INFO Waiting for model:
  test-lsqpl6uq/0 [idle] waiting: Waiting for image over integration.
  github-runner-image-builder-lsqpl6uq/0 [executing] active: Building image.
06:40:54 INFO Waiting for model:
  test-lsqpl6uq/0 [idle] waiting: Waiting for image over integration.
  github-runner-image-builder-lsqpl6uq/0 [executing] active: Building image.
06:41:25 INFO Waiting for model:
  test-lsqpl6uq/0 [executing] maintenance: Update image for runners
06:41:44 INFO GitHub token rate limit: Rate(reset=2025-08-31 06:44:25+00:00, remaining=4877, limit=5000)
06:42:45 INFO Waiting for model:
  test-lsqpl6uq/0 [idle] active: 
06:43:15 INFO Waiting for model:
  test-lsqpl6uq/0 [idle] active: 
06:43:18 INFO Current reconcile ID: 0a5cc75e-9991-4fba-8378-ea328cf8cd98
06:43:18 INFO Waiting for reconcile ID: 0a5cc75e-9991-4fba-8378-ea328cf8cd98
06:44:19 INFO Current reconcile ID: 0a5cc75e-9991-4fba-8378-ea328cf8cd98
06:44:19 INFO Current reconcile ID: 0a5cc75e-9991-4fba-8378-ea328cf8cd98, expected reconcile ID: 0a5cc75e-9991-4fba-8378-ea328cf8cd98
06:44:19 INFO Waiting for reconcile ID: 0a5cc75e-9991-4fba-8378-ea328cf8cd98
06:45:20 INFO Current reconcile ID: 4aa1c009-9c3f-4ab7-9967-0e2177871425
06:45:20 INFO Current reconcile ID: 4aa1c009-9c3f-4ab7-9967-0e2177871425, expected reconcile ID: 0a5cc75e-9991-4fba-8378-ea328cf8cd98
06:45:28 INFO [TEST SETUP] Exposing port 8080 on test-lsqpl6uq-0-n-c28a3e7e5885
06:45:28 WARNING dict_values([[{'version': 4, 'addr': '10.145.193.56', 'OS-EXT-IPS:type': 'fixed', 'OS-EXT-IPS-MAC:mac_addr': 'fa:16:3e:d2:b3:5e'}]])
06:45:29 INFO ssh tunnel command ssh -fNT -R 8080:localhost:8080 -i /home/runner-manager/.ssh/test-lsqpl6uq-0-n-c28a3e7e5885.key -o "StrictHostKeyChecking no" -o "ControlPersist yes" ubuntu@10.145.193.56 &
06:45:30 INFO ssh tunnel result 0 None Warning: Permanently added '10.145.193.56' (ED25519) to the list of known hosts.

06:45:32 INFO [TEST SETUP] Run command nc -z localhost 8080 on test-lsqpl6uq-0-n-c28a3e7e5885
06:45:32 WARNING dict_values([[{'version': 4, 'addr': '10.145.193.56', 'OS-EXT-IPS:type': 'fixed', 'OS-EXT-IPS-MAC:mac_addr': 'fa:16:3e:d2:b3:5e'}]])
06:45:33 WARNING ssh_cmd: su - ubuntu -c 'ssh -i /home/runner-manager/.ssh/test-lsqpl6uq-0-n-c28a3e7e5885.key -o "StrictHostKeyChecking no" ubuntu@10.145.193.56 nc -z localhost 8080'
06:45:34 INFO Run command 'nc -z localhost 8080' in runner with result 0: 'None' 'Connection to localhost (127.0.0.1) 8080 port [tcp/http-alt] succeeded!
'
06:45:35 INFO [TEST SETUP] Run command curl http://localhost:8080 on test-lsqpl6uq-0-n-c28a3e7e5885
06:45:35 WARNING dict_values([[{'version': 4, 'addr': '10.145.193.56', 'OS-EXT-IPS:type': 'fixed', 'OS-EXT-IPS-MAC:mac_addr': 'fa:16:3e:d2:b3:5e'}]])
06:45:36 WARNING ssh_cmd: su - ubuntu -c 'ssh -i /home/runner-manager/.ssh/test-lsqpl6uq-0-n-c28a3e7e5885.key -o "StrictHostKeyChecking no" ubuntu@10.145.193.56 curl http://localhost:8080'
06:45:37 INFO Run command 'curl http://localhost:8080' in runner with result 0: '<!doctype html>
<html lang=en>
<title>404 Not Found</title>
<h1>Not Found</h1>
<p>The requested URL was not found on the server. If you entered the URL manually please check your spelling and try again.</p>
' '  % Total    % Received % Xferd  Average Speed   Time    Time     Time  Current
                                 Dload  Upload   Total   Spent    Left  Speed
  0     0    0     0    0     0      0      0 --:--:-- --:--:-- --:--:--     0100   207  100   207    0     0  77848      0 --:--:-- --:--:-- --:--:--  101k
'
06:45:39 INFO Wait for condition not met, sleeping 10
06:45:55 INFO Model status:

Model                      Controller           Cloud/Region         Version  SLA          Timestamp
test-charm-fork-repo-y09w  github-pr-f6dab-lxd  localhost/localhost  3.6.9    unsupported  06:45:55Z

App                                   Version  Status  Scale  Charm                        Channel      Rev  Exposed  Message
github-runner-image-builder-lsqpl6uq           active      1  github-runner-image-builder  latest/edge  108  no       
test-lsqpl6uq                                  active      1  github-runner                               0  yes      

Unit                                     Workload  Agent  Machine  Public address  Ports     Message
github-runner-image-builder-lsqpl6uq/0*  active    idle   0        10.210.217.146            
test-lsqpl6uq/0*                         active    idle   1        10.210.217.237  8080/tcp  

Machine  State    Address         Inst id        Base          AZ             Message
0        started  10.210.217.146  juju-f88eab-0  ubuntu@22.04  github-runner  Running
1        started  10.210.217.237  juju-f88eab-1  ubuntu@22.04  github-runner  Running

06:45:55 INFO Juju error logs:

machine-0: 06:26:21 ERROR juju.worker.dependency "kvm-container-provisioner" manifold worker returned unexpected error: container types not yet available
machine-0: 06:26:21 ERROR juju.worker.dependency "lxd-container-provisioner" manifold worker returned unexpected error: container types not yet available
unit-github-runner-image-builder-lsqpl6uq-0: 06:26:21 ERROR juju.worker.meterstatus error running "meter-status-changed": charm missing from disk
machine-1: 06:26:29 ERROR juju.worker.dependency "kvm-container-provisioner" manifold worker returned unexpected error: container types not yet available
machine-1: 06:26:29 ERROR juju.worker.dependency "lxd-container-provisioner" manifold worker returned unexpected error: container types not yet available
unit-test-lsqpl6uq-0: 06:26:29 ERROR juju.worker.meterstatus error running "meter-status-changed": charm missing from disk
unit-github-runner-image-builder-lsqpl6uq-0: 06:27:03 ERROR unit.github-runner-image-builder-lsqpl6uq/0.juju-log Pipx command failed, code: 1, out: None, err: None
unit-test-lsqpl6uq-0: 06:27:38 ERROR unit.test-lsqpl6uq/0.juju-log Missing image integration.
Traceback (most recent call last):
  File "/var/lib/juju/agents/unit-test-lsqpl6uq-0/charm/./src/charm.py", line 118, in func_with_catch_errors
    func(self, event)
  File "/var/lib/juju/agents/unit-test-lsqpl6uq-0/charm/./src/charm.py", line 342, in _on_config_changed
    self._check_image_ready()
  File "/var/lib/juju/agents/unit-test-lsqpl6uq-0/charm/./src/charm.py", line 512, in _check_image_ready
    raise ImageIntegrationMissingError("No image integration found")
errors.ImageIntegrationMissingError: No image integration found
unit-test-lsqpl6uq-0: 06:27:41 ERROR unit.test-lsqpl6uq/0.juju-log Missing image integration.
Traceback (most recent call last):
  File "/var/lib/juju/agents/unit-test-lsqpl6uq-0/charm/./src/charm.py", line 118, in func_with_catch_errors
    func(self, event)
  File "/var/lib/juju/agents/unit-test-lsqpl6uq-0/charm/./src/charm.py", line 313, in _on_start
    self._check_image_ready()
  File "/var/lib/juju/agents/unit-test-lsqpl6uq-0/charm/./src/charm.py", line 512, in _check_image_ready
    raise ImageIntegrationMissingError("No image integration found")
errors.ImageIntegrationMissingError: No image integration found
unit-test-lsqpl6uq-0: 06:29:05 ERROR unit.test-lsqpl6uq/0.juju-log image:0: Missing image in image integration.
Traceback (most recent call last):
  File "/var/lib/juju/agents/unit-test-lsqpl6uq-0/charm/./src/charm.py", line 118, in func_with_catch_errors
    func(self, event)
  File "/var/lib/juju/agents/unit-test-lsqpl6uq-0/charm/./src/charm.py", line 477, in _on_image_relation_changed
    self._check_image_ready()
  File "/var/lib/juju/agents/unit-test-lsqpl6uq-0/charm/./src/charm.py", line 514, in _check_image_ready
    raise ImageNotFoundError("No image found in the image integration")
errors.ImageNotFoundError: No image found in the image integration

06:45:55 INFO Forgetting model main...