{"uid":"9cf93af001d008aa","name":"test_ssh_debug","fullName":"tests.integration.test_debug_ssh#test_ssh_debug","historyId":"4f16d0ceae44b92b8c4e82e7e2774aa1","time":{"start":1734539785142,"stop":1734540879596,"duration":1094454},"description":"\n    arrange: given an integrated GitHub-Runner charm and tmate-ssh-server charm.\n    act: when canonical/action-tmate is triggered.\n    assert: the ssh connection info from action-log and tmate-ssh-server matches.\n    ","descriptionHtml":"<pre><code>arrange: given an integrated GitHub-Runner charm and tmate-ssh-server charm.\nact: when canonical/action-tmate is triggered.\nassert: the ssh connection info from action-log and tmate-ssh-server matches.\n</code></pre>\n","status":"failed","statusMessage":"AssertionError: Tmate ssh server IP not found in action logs.\nassert '10.7.20.120' in '2024-12-18T16:39:21.6736950Z Requested labels: self-hosted, linux, test-bqxf2sw2\\n2024-12-18T16:39:21.6737316Z Job defined at: canonical/github-runner-operator/.github/workflows/workflow_dispatch_ssh_debug.yaml@refs/heads/test-c65031e8\\n2024-12-18T16:39:21.6737455Z Waiting for a runner to pick up this job...\\n2024-12-18T16:39:22.0379881Z Job is about to start running on the runner: test-bqxf2sw2-0-95c6e5725c2a (repository)\\n'","statusTrace":"Traceback (most recent call last):\n  File \"/home/ubuntu/actions-runner/_work/github-runner-operator/github-runner-operator/.tox/integration-juju3.1/lib/python3.10/site-packages/_pytest/runner.py\", line 341, in from_call\n    result: TResult | None = func()\n  File \"/home/ubuntu/actions-runner/_work/github-runner-operator/github-runner-operator/.tox/integration-juju3.1/lib/python3.10/site-packages/_pytest/runner.py\", line 242, in <lambda>\n    lambda: runtest_hook(item=item, **kwds), when=when, reraise=reraise\n  File \"/home/ubuntu/actions-runner/_work/github-runner-operator/github-runner-operator/.tox/integration-juju3.1/lib/python3.10/site-packages/pluggy/_hooks.py\", line 513, in __call__\n    return self._hookexec(self.name, self._hookimpls.copy(), kwargs, firstresult)\n  File \"/home/ubuntu/actions-runner/_work/github-runner-operator/github-runner-operator/.tox/integration-juju3.1/lib/python3.10/site-packages/pluggy/_manager.py\", line 120, in _hookexec\n    return self._inner_hookexec(hook_name, methods, kwargs, firstresult)\n  File \"/home/ubuntu/actions-runner/_work/github-runner-operator/github-runner-operator/.tox/integration-juju3.1/lib/python3.10/site-packages/pluggy/_callers.py\", line 182, in _multicall\n    return outcome.get_result()\n  File \"/home/ubuntu/actions-runner/_work/github-runner-operator/github-runner-operator/.tox/integration-juju3.1/lib/python3.10/site-packages/pluggy/_result.py\", line 100, in get_result\n    raise exc.with_traceback(exc.__traceback__)\n  File \"/home/ubuntu/actions-runner/_work/github-runner-operator/github-runner-operator/.tox/integration-juju3.1/lib/python3.10/site-packages/pluggy/_callers.py\", line 167, in _multicall\n    teardown.throw(outcome._exception)\n  File \"/home/ubuntu/actions-runner/_work/github-runner-operator/github-runner-operator/.tox/integration-juju3.1/lib/python3.10/site-packages/_pytest/threadexception.py\", line 92, in pytest_runtest_call\n    yield from thread_exception_runtest_hook()\n  File \"/home/ubuntu/actions-runner/_work/github-runner-operator/github-runner-operator/.tox/integration-juju3.1/lib/python3.10/site-packages/_pytest/threadexception.py\", line 68, in thread_exception_runtest_hook\n    yield\n  File \"/home/ubuntu/actions-runner/_work/github-runner-operator/github-runner-operator/.tox/integration-juju3.1/lib/python3.10/site-packages/pluggy/_callers.py\", line 167, in _multicall\n    teardown.throw(outcome._exception)\n  File \"/home/ubuntu/actions-runner/_work/github-runner-operator/github-runner-operator/.tox/integration-juju3.1/lib/python3.10/site-packages/_pytest/unraisableexception.py\", line 95, in pytest_runtest_call\n    yield from unraisable_exception_runtest_hook()\n  File \"/home/ubuntu/actions-runner/_work/github-runner-operator/github-runner-operator/.tox/integration-juju3.1/lib/python3.10/site-packages/_pytest/unraisableexception.py\", line 70, in unraisable_exception_runtest_hook\n    yield\n  File \"/home/ubuntu/actions-runner/_work/github-runner-operator/github-runner-operator/.tox/integration-juju3.1/lib/python3.10/site-packages/pluggy/_callers.py\", line 167, in _multicall\n    teardown.throw(outcome._exception)\n  File \"/home/ubuntu/actions-runner/_work/github-runner-operator/github-runner-operator/.tox/integration-juju3.1/lib/python3.10/site-packages/_pytest/logging.py\", line 846, in pytest_runtest_call\n    yield from self._runtest_for(item, \"call\")\n  File \"/home/ubuntu/actions-runner/_work/github-runner-operator/github-runner-operator/.tox/integration-juju3.1/lib/python3.10/site-packages/_pytest/logging.py\", line 829, in _runtest_for\n    yield\n  File \"/home/ubuntu/actions-runner/_work/github-runner-operator/github-runner-operator/.tox/integration-juju3.1/lib/python3.10/site-packages/pluggy/_callers.py\", line 167, in _multicall\n    teardown.throw(outcome._exception)\n  File \"/home/ubuntu/actions-runner/_work/github-runner-operator/github-runner-operator/.tox/integration-juju3.1/lib/python3.10/site-packages/_pytest/capture.py\", line 880, in pytest_runtest_call\n    return (yield)\n  File \"/home/ubuntu/actions-runner/_work/github-runner-operator/github-runner-operator/.tox/integration-juju3.1/lib/python3.10/site-packages/pluggy/_callers.py\", line 167, in _multicall\n    teardown.throw(outcome._exception)\n  File \"/home/ubuntu/actions-runner/_work/github-runner-operator/github-runner-operator/.tox/integration-juju3.1/lib/python3.10/site-packages/_pytest/skipping.py\", line 257, in pytest_runtest_call\n    return (yield)\n  File \"/home/ubuntu/actions-runner/_work/github-runner-operator/github-runner-operator/.tox/integration-juju3.1/lib/python3.10/site-packages/pluggy/_callers.py\", line 103, in _multicall\n    res = hook_impl.function(*args)\n  File \"/home/ubuntu/actions-runner/_work/github-runner-operator/github-runner-operator/.tox/integration-juju3.1/lib/python3.10/site-packages/_pytest/runner.py\", line 174, in pytest_runtest_call\n    item.runtest()\n  File \"/home/ubuntu/actions-runner/_work/github-runner-operator/github-runner-operator/.tox/integration-juju3.1/lib/python3.10/site-packages/_pytest/python.py\", line 1627, in runtest\n    self.ihook.pytest_pyfunc_call(pyfuncitem=self)\n  File \"/home/ubuntu/actions-runner/_work/github-runner-operator/github-runner-operator/.tox/integration-juju3.1/lib/python3.10/site-packages/pluggy/_hooks.py\", line 513, in __call__\n    return self._hookexec(self.name, self._hookimpls.copy(), kwargs, firstresult)\n  File \"/home/ubuntu/actions-runner/_work/github-runner-operator/github-runner-operator/.tox/integration-juju3.1/lib/python3.10/site-packages/pluggy/_manager.py\", line 120, in _hookexec\n    return self._inner_hookexec(hook_name, methods, kwargs, firstresult)\n  File \"/home/ubuntu/actions-runner/_work/github-runner-operator/github-runner-operator/.tox/integration-juju3.1/lib/python3.10/site-packages/pluggy/_callers.py\", line 182, in _multicall\n    return outcome.get_result()\n  File \"/home/ubuntu/actions-runner/_work/github-runner-operator/github-runner-operator/.tox/integration-juju3.1/lib/python3.10/site-packages/pluggy/_result.py\", line 100, in get_result\n    raise exc.with_traceback(exc.__traceback__)\n  File \"/home/ubuntu/actions-runner/_work/github-runner-operator/github-runner-operator/.tox/integration-juju3.1/lib/python3.10/site-packages/pluggy/_callers.py\", line 103, in _multicall\n    res = hook_impl.function(*args)\n  File \"/home/ubuntu/actions-runner/_work/github-runner-operator/github-runner-operator/.tox/integration-juju3.1/lib/python3.10/site-packages/_pytest/python.py\", line 159, in pytest_pyfunc_call\n    result = testfunction(**testargs)\n  File \"/home/ubuntu/actions-runner/_work/github-runner-operator/github-runner-operator/.tox/integration-juju3.1/lib/python3.10/site-packages/pytest_asyncio/plugin.py\", line 529, in inner\n    _loop.run_until_complete(task)\n  File \"/home/ubuntu/actions-runner/_work/github-runner-operator/github-runner-operator/.tox/integration-juju3.1/lib/python3.10/site-packages/nest_asyncio.py\", line 98, in run_until_complete\n    return f.result()\n  File \"/usr/lib/python3.10/asyncio/futures.py\", line 201, in result\n    raise self._exception.with_traceback(self._exception_tb)\n  File \"/usr/lib/python3.10/asyncio/tasks.py\", line 232, in __step\n    result = coro.send(None)\n  File \"/home/ubuntu/actions-runner/_work/github-runner-operator/github-runner-operator/tests/integration/test_debug_ssh.py\", line 65, in test_ssh_debug\n    assert tmate_ssh_server_unit_ip in logs, \"Tmate ssh server IP not found in action logs.\"\nAssertionError: Tmate ssh server IP not found in action logs.\nassert '10.7.20.120' in '2024-12-18T16:39:21.6736950Z Requested labels: self-hosted, linux, test-bqxf2sw2\\n2024-12-18T16:39:21.6737316Z Job defined at: canonical/github-runner-operator/.github/workflows/workflow_dispatch_ssh_debug.yaml@refs/heads/test-c65031e8\\n2024-12-18T16:39:21.6737455Z Waiting for a runner to pick up this job...\\n2024-12-18T16:39:22.0379881Z Job is about to start running on the runner: test-bqxf2sw2-0-95c6e5725c2a (repository)\\n'","flaky":true,"newFailed":false,"newBroken":false,"newPassed":false,"retriesCount":1,"retriesStatusChange":true,"beforeStages":[{"name":"event_loop","time":{"start":1734539272690,"stop":1734539272691,"duration":1},"status":"passed","steps":[],"attachments":[],"parameters":[],"stepsCount":0,"shouldDisplayMessage":false,"attachmentsCount":0,"hasContent":false,"attachmentStep":false},{"name":"pytestconfig","time":{"start":1734539272691,"stop":1734539272691,"duration":0},"status":"passed","steps":[],"attachments":[],"parameters":[],"stepsCount":0,"shouldDisplayMessage":false,"attachmentsCount":0,"hasContent":false,"attachmentStep":false},{"name":"tmp_path_factory","time":{"start":1734539272691,"stop":1734539272691,"duration":0},"status":"passed","steps":[],"attachments":[],"parameters":[],"stepsCount":0,"shouldDisplayMessage":false,"attachmentsCount":0,"hasContent":false,"attachmentStep":false},{"name":"ops_test","time":{"start":1734539272691,"stop":1734539273144,"duration":453},"status":"passed","steps":[],"attachments":[],"parameters":[],"stepsCount":0,"shouldDisplayMessage":false,"attachmentsCount":0,"hasContent":false,"attachmentStep":false},{"name":"model","time":{"start":1734539273144,"stop":1734539273144,"duration":0},"status":"passed","steps":[],"attachments":[],"parameters":[],"stepsCount":0,"shouldDisplayMessage":false,"attachmentsCount":0,"hasContent":false,"attachmentStep":false},{"name":"existing_app","time":{"start":1734539273144,"stop":1734539273144,"duration":0},"status":"passed","steps":[],"attachments":[],"parameters":[],"stepsCount":0,"shouldDisplayMessage":false,"attachmentsCount":0,"hasContent":false,"attachmentStep":false},{"name":"openstack_clouds_yaml","time":{"start":1734539273144,"stop":1734539273144,"duration":0},"status":"passed","steps":[],"attachments":[],"parameters":[],"stepsCount":0,"shouldDisplayMessage":false,"attachmentsCount":0,"hasContent":false,"attachmentStep":false},{"name":"charm_file","time":{"start":1734539273144,"stop":1734539273144,"duration":0},"status":"passed","steps":[],"attachments":[],"parameters":[],"stepsCount":0,"shouldDisplayMessage":false,"attachmentsCount":0,"hasContent":false,"attachmentStep":false},{"name":"clouds_yaml_contents","time":{"start":1734539273145,"stop":1734539273145,"duration":0},"status":"passed","steps":[],"attachments":[],"parameters":[],"stepsCount":0,"shouldDisplayMessage":false,"attachmentsCount":0,"hasContent":false,"attachmentStep":false},{"name":"network_name","time":{"start":1734539273145,"stop":1734539273145,"duration":0},"status":"passed","steps":[],"attachments":[],"parameters":[],"stepsCount":0,"shouldDisplayMessage":false,"attachmentsCount":0,"hasContent":false,"attachmentStep":false},{"name":"private_endpoint_config","time":{"start":1734539273145,"stop":1734539273145,"duration":0},"status":"passed","steps":[],"attachments":[],"parameters":[],"stepsCount":0,"shouldDisplayMessage":false,"attachmentsCount":0,"hasContent":false,"attachmentStep":false},{"name":"private_endpoint_clouds_yaml","time":{"start":1734539273145,"stop":1734539273145,"duration":0},"status":"passed","steps":[],"attachments":[],"parameters":[],"stepsCount":0,"shouldDisplayMessage":false,"attachmentsCount":0,"hasContent":false,"attachmentStep":false},{"name":"path","time":{"start":1734539273145,"stop":1734539273145,"duration":0},"status":"passed","steps":[],"attachments":[],"parameters":[],"stepsCount":0,"shouldDisplayMessage":false,"attachmentsCount":0,"hasContent":false,"attachmentStep":false},{"name":"app_name","time":{"start":1734539273145,"stop":1734539273145,"duration":0},"status":"passed","steps":[],"attachments":[],"parameters":[],"stepsCount":0,"shouldDisplayMessage":false,"attachmentsCount":0,"hasContent":false,"attachmentStep":false},{"name":"openstack_no_proxy","time":{"start":1734539273145,"stop":1734539273145,"duration":0},"status":"passed","steps":[],"attachments":[],"parameters":[],"stepsCount":0,"shouldDisplayMessage":false,"attachmentsCount":0,"hasContent":false,"attachmentStep":false},{"name":"openstack_https_proxy","time":{"start":1734539273145,"stop":1734539273145,"duration":0},"status":"passed","steps":[],"attachments":[],"parameters":[],"stepsCount":0,"shouldDisplayMessage":false,"attachmentsCount":0,"hasContent":false,"attachmentStep":false},{"name":"openstack_http_proxy","time":{"start":1734539273145,"stop":1734539273145,"duration":0},"status":"passed","steps":[],"attachments":[],"parameters":[],"stepsCount":0,"shouldDisplayMessage":false,"attachmentsCount":0,"hasContent":false,"attachmentStep":false},{"name":"token","time":{"start":1734539273145,"stop":1734539273145,"duration":0},"status":"passed","steps":[],"attachments":[],"parameters":[],"stepsCount":0,"shouldDisplayMessage":false,"attachmentsCount":0,"hasContent":false,"attachmentStep":false},{"name":"image_builder","time":{"start":1734539273146,"stop":1734539553008,"duration":279862},"status":"passed","steps":[],"attachments":[],"parameters":[],"stepsCount":0,"shouldDisplayMessage":false,"attachmentsCount":0,"hasContent":false,"attachmentStep":false},{"name":"flavor_name","time":{"start":1734539273146,"stop":1734539273146,"duration":0},"status":"passed","steps":[],"attachments":[],"parameters":[],"stepsCount":0,"shouldDisplayMessage":false,"attachmentsCount":0,"hasContent":false,"attachmentStep":false},{"name":"app_openstack_runner","time":{"start":1734539553008,"stop":1734539701481,"duration":148473},"status":"passed","steps":[],"attachments":[],"parameters":[],"stepsCount":0,"shouldDisplayMessage":false,"attachmentsCount":0,"hasContent":false,"attachmentStep":false},{"name":"app_no_wait_tmate","time":{"start":1734539701481,"stop":1734539701492,"duration":11},"status":"passed","steps":[],"attachments":[],"parameters":[],"stepsCount":0,"shouldDisplayMessage":false,"attachmentsCount":0,"hasContent":false,"attachmentStep":false},{"name":"github_client","time":{"start":1734539701492,"stop":1734539702205,"duration":713},"status":"passed","steps":[],"attachments":[],"parameters":[],"stepsCount":0,"shouldDisplayMessage":false,"attachmentsCount":0,"hasContent":false,"attachmentStep":false},{"name":"github_repository","time":{"start":1734539702205,"stop":1734539702894,"duration":689},"status":"passed","steps":[],"attachments":[],"parameters":[],"stepsCount":0,"shouldDisplayMessage":false,"attachmentsCount":0,"hasContent":false,"attachmentStep":false},{"name":"test_github_branch","time":{"start":1734539702894,"stop":1734539704613,"duration":1719},"status":"passed","steps":[],"attachments":[],"parameters":[],"stepsCount":0,"shouldDisplayMessage":false,"attachmentsCount":0,"hasContent":false,"attachmentStep":false},{"name":"tmate_ssh_server_app","time":{"start":1734539704614,"stop":1734539785067,"duration":80453},"status":"passed","steps":[],"attachments":[],"parameters":[],"stepsCount":0,"shouldDisplayMessage":false,"attachmentsCount":0,"hasContent":false,"attachmentStep":false},{"name":"tmate_ssh_server_unit_ip","time":{"start":1734539785067,"stop":1734539785109,"duration":42},"status":"passed","steps":[],"attachments":[],"parameters":[],"stepsCount":0,"shouldDisplayMessage":false,"attachmentsCount":0,"hasContent":false,"attachmentStep":false},{"name":"abort_on_fail","time":{"start":1734539785109,"stop":1734539785110,"duration":1},"status":"passed","steps":[],"attachments":[],"parameters":[],"stepsCount":0,"shouldDisplayMessage":false,"attachmentsCount":0,"hasContent":false,"attachmentStep":false},{"name":"instance_helper","time":{"start":1734539785110,"stop":1734539785142,"duration":32},"status":"passed","steps":[],"attachments":[],"parameters":[],"stepsCount":0,"shouldDisplayMessage":false,"attachmentsCount":0,"hasContent":false,"attachmentStep":false},{"name":"openstack_connection","time":{"start":1734539785110,"stop":1734539785141,"duration":31},"status":"passed","steps":[],"attachments":[],"parameters":[],"stepsCount":0,"shouldDisplayMessage":false,"attachmentsCount":0,"hasContent":false,"attachmentStep":false}],"testStage":{"description":"\n    arrange: given an integrated GitHub-Runner charm and tmate-ssh-server charm.\n    act: when canonical/action-tmate is triggered.\n    assert: the ssh connection info from action-log and tmate-ssh-server matches.\n    ","status":"failed","statusMessage":"AssertionError: Tmate ssh server IP not found in action logs.\nassert '10.7.20.120' in '2024-12-18T16:39:21.6736950Z Requested labels: self-hosted, linux, test-bqxf2sw2\\n2024-12-18T16:39:21.6737316Z Job defined at: canonical/github-runner-operator/.github/workflows/workflow_dispatch_ssh_debug.yaml@refs/heads/test-c65031e8\\n2024-12-18T16:39:21.6737455Z Waiting for a runner to pick up this job...\\n2024-12-18T16:39:22.0379881Z Job is about to start running on the runner: test-bqxf2sw2-0-95c6e5725c2a (repository)\\n'","statusTrace":"Traceback (most recent call last):\n  File \"/home/ubuntu/actions-runner/_work/github-runner-operator/github-runner-operator/.tox/integration-juju3.1/lib/python3.10/site-packages/_pytest/runner.py\", line 341, in from_call\n    result: TResult | None = func()\n  File \"/home/ubuntu/actions-runner/_work/github-runner-operator/github-runner-operator/.tox/integration-juju3.1/lib/python3.10/site-packages/_pytest/runner.py\", line 242, in <lambda>\n    lambda: runtest_hook(item=item, **kwds), when=when, reraise=reraise\n  File \"/home/ubuntu/actions-runner/_work/github-runner-operator/github-runner-operator/.tox/integration-juju3.1/lib/python3.10/site-packages/pluggy/_hooks.py\", line 513, in __call__\n    return self._hookexec(self.name, self._hookimpls.copy(), kwargs, firstresult)\n  File \"/home/ubuntu/actions-runner/_work/github-runner-operator/github-runner-operator/.tox/integration-juju3.1/lib/python3.10/site-packages/pluggy/_manager.py\", line 120, in _hookexec\n    return self._inner_hookexec(hook_name, methods, kwargs, firstresult)\n  File \"/home/ubuntu/actions-runner/_work/github-runner-operator/github-runner-operator/.tox/integration-juju3.1/lib/python3.10/site-packages/pluggy/_callers.py\", line 182, in _multicall\n    return outcome.get_result()\n  File \"/home/ubuntu/actions-runner/_work/github-runner-operator/github-runner-operator/.tox/integration-juju3.1/lib/python3.10/site-packages/pluggy/_result.py\", line 100, in get_result\n    raise exc.with_traceback(exc.__traceback__)\n  File \"/home/ubuntu/actions-runner/_work/github-runner-operator/github-runner-operator/.tox/integration-juju3.1/lib/python3.10/site-packages/pluggy/_callers.py\", line 167, in _multicall\n    teardown.throw(outcome._exception)\n  File \"/home/ubuntu/actions-runner/_work/github-runner-operator/github-runner-operator/.tox/integration-juju3.1/lib/python3.10/site-packages/_pytest/threadexception.py\", line 92, in pytest_runtest_call\n    yield from thread_exception_runtest_hook()\n  File \"/home/ubuntu/actions-runner/_work/github-runner-operator/github-runner-operator/.tox/integration-juju3.1/lib/python3.10/site-packages/_pytest/threadexception.py\", line 68, in thread_exception_runtest_hook\n    yield\n  File \"/home/ubuntu/actions-runner/_work/github-runner-operator/github-runner-operator/.tox/integration-juju3.1/lib/python3.10/site-packages/pluggy/_callers.py\", line 167, in _multicall\n    teardown.throw(outcome._exception)\n  File \"/home/ubuntu/actions-runner/_work/github-runner-operator/github-runner-operator/.tox/integration-juju3.1/lib/python3.10/site-packages/_pytest/unraisableexception.py\", line 95, in pytest_runtest_call\n    yield from unraisable_exception_runtest_hook()\n  File \"/home/ubuntu/actions-runner/_work/github-runner-operator/github-runner-operator/.tox/integration-juju3.1/lib/python3.10/site-packages/_pytest/unraisableexception.py\", line 70, in unraisable_exception_runtest_hook\n    yield\n  File \"/home/ubuntu/actions-runner/_work/github-runner-operator/github-runner-operator/.tox/integration-juju3.1/lib/python3.10/site-packages/pluggy/_callers.py\", line 167, in _multicall\n    teardown.throw(outcome._exception)\n  File \"/home/ubuntu/actions-runner/_work/github-runner-operator/github-runner-operator/.tox/integration-juju3.1/lib/python3.10/site-packages/_pytest/logging.py\", line 846, in pytest_runtest_call\n    yield from self._runtest_for(item, \"call\")\n  File \"/home/ubuntu/actions-runner/_work/github-runner-operator/github-runner-operator/.tox/integration-juju3.1/lib/python3.10/site-packages/_pytest/logging.py\", line 829, in _runtest_for\n    yield\n  File \"/home/ubuntu/actions-runner/_work/github-runner-operator/github-runner-operator/.tox/integration-juju3.1/lib/python3.10/site-packages/pluggy/_callers.py\", line 167, in _multicall\n    teardown.throw(outcome._exception)\n  File \"/home/ubuntu/actions-runner/_work/github-runner-operator/github-runner-operator/.tox/integration-juju3.1/lib/python3.10/site-packages/_pytest/capture.py\", line 880, in pytest_runtest_call\n    return (yield)\n  File \"/home/ubuntu/actions-runner/_work/github-runner-operator/github-runner-operator/.tox/integration-juju3.1/lib/python3.10/site-packages/pluggy/_callers.py\", line 167, in _multicall\n    teardown.throw(outcome._exception)\n  File \"/home/ubuntu/actions-runner/_work/github-runner-operator/github-runner-operator/.tox/integration-juju3.1/lib/python3.10/site-packages/_pytest/skipping.py\", line 257, in pytest_runtest_call\n    return (yield)\n  File \"/home/ubuntu/actions-runner/_work/github-runner-operator/github-runner-operator/.tox/integration-juju3.1/lib/python3.10/site-packages/pluggy/_callers.py\", line 103, in _multicall\n    res = hook_impl.function(*args)\n  File \"/home/ubuntu/actions-runner/_work/github-runner-operator/github-runner-operator/.tox/integration-juju3.1/lib/python3.10/site-packages/_pytest/runner.py\", line 174, in pytest_runtest_call\n    item.runtest()\n  File \"/home/ubuntu/actions-runner/_work/github-runner-operator/github-runner-operator/.tox/integration-juju3.1/lib/python3.10/site-packages/_pytest/python.py\", line 1627, in runtest\n    self.ihook.pytest_pyfunc_call(pyfuncitem=self)\n  File \"/home/ubuntu/actions-runner/_work/github-runner-operator/github-runner-operator/.tox/integration-juju3.1/lib/python3.10/site-packages/pluggy/_hooks.py\", line 513, in __call__\n    return self._hookexec(self.name, self._hookimpls.copy(), kwargs, firstresult)\n  File \"/home/ubuntu/actions-runner/_work/github-runner-operator/github-runner-operator/.tox/integration-juju3.1/lib/python3.10/site-packages/pluggy/_manager.py\", line 120, in _hookexec\n    return self._inner_hookexec(hook_name, methods, kwargs, firstresult)\n  File \"/home/ubuntu/actions-runner/_work/github-runner-operator/github-runner-operator/.tox/integration-juju3.1/lib/python3.10/site-packages/pluggy/_callers.py\", line 182, in _multicall\n    return outcome.get_result()\n  File \"/home/ubuntu/actions-runner/_work/github-runner-operator/github-runner-operator/.tox/integration-juju3.1/lib/python3.10/site-packages/pluggy/_result.py\", line 100, in get_result\n    raise exc.with_traceback(exc.__traceback__)\n  File \"/home/ubuntu/actions-runner/_work/github-runner-operator/github-runner-operator/.tox/integration-juju3.1/lib/python3.10/site-packages/pluggy/_callers.py\", line 103, in _multicall\n    res = hook_impl.function(*args)\n  File \"/home/ubuntu/actions-runner/_work/github-runner-operator/github-runner-operator/.tox/integration-juju3.1/lib/python3.10/site-packages/_pytest/python.py\", line 159, in pytest_pyfunc_call\n    result = testfunction(**testargs)\n  File \"/home/ubuntu/actions-runner/_work/github-runner-operator/github-runner-operator/.tox/integration-juju3.1/lib/python3.10/site-packages/pytest_asyncio/plugin.py\", line 529, in inner\n    _loop.run_until_complete(task)\n  File \"/home/ubuntu/actions-runner/_work/github-runner-operator/github-runner-operator/.tox/integration-juju3.1/lib/python3.10/site-packages/nest_asyncio.py\", line 98, in run_until_complete\n    return f.result()\n  File \"/usr/lib/python3.10/asyncio/futures.py\", line 201, in result\n    raise self._exception.with_traceback(self._exception_tb)\n  File \"/usr/lib/python3.10/asyncio/tasks.py\", line 232, in __step\n    result = coro.send(None)\n  File \"/home/ubuntu/actions-runner/_work/github-runner-operator/github-runner-operator/tests/integration/test_debug_ssh.py\", line 65, in test_ssh_debug\n    assert tmate_ssh_server_unit_ip in logs, \"Tmate ssh server IP not found in action logs.\"\nAssertionError: Tmate ssh server IP not found in action logs.\nassert '10.7.20.120' in '2024-12-18T16:39:21.6736950Z Requested labels: self-hosted, linux, test-bqxf2sw2\\n2024-12-18T16:39:21.6737316Z Job defined at: canonical/github-runner-operator/.github/workflows/workflow_dispatch_ssh_debug.yaml@refs/heads/test-c65031e8\\n2024-12-18T16:39:21.6737455Z Waiting for a runner to pick up this job...\\n2024-12-18T16:39:22.0379881Z Job is about to start running on the runner: test-bqxf2sw2-0-95c6e5725c2a (repository)\\n'","steps":[],"attachments":[{"uid":"ba31e3e53fa50cfa","name":"log","source":"ba31e3e53fa50cfa.txt","type":"text/plain","size":15359}],"parameters":[],"stepsCount":0,"shouldDisplayMessage":true,"attachmentsCount":1,"hasContent":true,"attachmentStep":false},"afterStages":[{"name":"abort_on_fail::0","time":{"start":1734540879600,"stop":1734540879600,"duration":0},"status":"passed","steps":[],"attachments":[],"parameters":[],"stepsCount":0,"shouldDisplayMessage":false,"attachmentsCount":0,"hasContent":false,"attachmentStep":false},{"name":"openstack_connection::0","time":{"start":1734540879601,"stop":1734540881262,"duration":1661},"status":"passed","steps":[],"attachments":[],"parameters":[],"stepsCount":0,"shouldDisplayMessage":false,"attachmentsCount":0,"hasContent":false,"attachmentStep":false},{"name":"test_github_branch::finalizer","time":{"start":1734540881263,"stop":1734540881634,"duration":371},"status":"passed","steps":[],"attachments":[],"parameters":[],"stepsCount":0,"shouldDisplayMessage":false,"attachmentsCount":0,"hasContent":false,"attachmentStep":false},{"name":"ops_test::finalizer","time":{"start":1734540881638,"stop":1734540884052,"duration":2414},"status":"passed","steps":[],"attachments":[],"parameters":[],"stepsCount":0,"shouldDisplayMessage":false,"attachmentsCount":0,"hasContent":false,"attachmentStep":false},{"name":"event_loop::2","time":{"start":1734540884053,"stop":1734540884053,"duration":0},"status":"passed","steps":[],"attachments":[],"parameters":[],"stepsCount":0,"shouldDisplayMessage":false,"attachmentsCount":0,"hasContent":false,"attachmentStep":false},{"name":"event_loop::_close_event_loop","time":{"start":1734540884053,"stop":1734540884053,"duration":0},"status":"passed","steps":[],"attachments":[],"parameters":[],"stepsCount":0,"shouldDisplayMessage":false,"attachmentsCount":0,"hasContent":false,"attachmentStep":false},{"name":"event_loop::_provide_clean_event_loop","time":{"start":1734540884053,"stop":1734540884053,"duration":0},"status":"passed","steps":[],"attachments":[],"parameters":[],"stepsCount":0,"shouldDisplayMessage":false,"attachmentsCount":0,"hasContent":false,"attachmentStep":false}],"labels":[{"name":"tag","value":"asyncio"},{"name":"tag","value":"openstack"},{"name":"parentSuite","value":"tests.integration"},{"name":"suite","value":"test_debug_ssh"},{"name":"host","value":"github-runner"},{"name":"thread","value":"14499-MainThread"},{"name":"framework","value":"pytest"},{"name":"language","value":"cpython3"},{"name":"package","value":"tests.integration.test_debug_ssh"},{"name":"resultFormat","value":"allure2"}],"parameters":[],"links":[],"hidden":false,"retry":false,"extra":{"severity":"normal","retries":[{"uid":"945d392491843f","status":"unknown","time":{}}],"categories":[{"name":"Product defects","matchedStatuses":[],"flaky":false}],"history":{"statistic":{"failed":6,"broken":1,"skipped":0,"passed":11,"unknown":0,"total":18},"items":[{"uid":"1b9d7f770f7b628d","reportUrl":"../1635//#testresult/1b9d7f770f7b628d","status":"failed","statusDetails":"AssertionError: Tmate ssh server IP not found in action logs.\nassert '10.167.133.155' in '2024-12-18T11:31:18.4992172Z Requested labels: self-hosted, linux, test-e0g2z2lm\\n2024-12-18T11:31:18.4992454Z Job defined at: canonical/github-runner-operator/.github/workflows/workflow_dispatch_ssh_debug.yaml@refs/heads/test-96dcd09b\\n2024-12-18T11:31:18.4992592Z Waiting for a runner to pick up this job...\\n2024-12-18T11:31:18.6974513Z Job is about to start running on the runner: test-e0g2z2lm-0-628c870538a1 (repository)\\n'","time":{"start":1734521272457,"stop":1734522396295,"duration":1123838}},{"uid":"dce8fb7491bdccda","reportUrl":"../1634//#testresult/dce8fb7491bdccda","status":"failed","statusDetails":"AssertionError: Tmate ssh server IP not found in action logs.\nassert '10.191.52.170' in '2024-12-18T11:05:08.6804135Z Requested labels: self-hosted, linux, test-bq05yf5z\\n2024-12-18T11:05:08.6804492Z Job defined at: canonical/github-runner-operator/.github/workflows/workflow_dispatch_ssh_debug.yaml@refs/heads/test-709df6c5\\n2024-12-18T11:05:08.6804630Z Waiting for a runner to pick up this job...\\n2024-12-18T11:05:08.8818105Z Job is about to start running on the runner: test-bq05yf5z-0-7560c47cc13e (repository)\\n'","time":{"start":1734519679796,"stop":1734520887681,"duration":1207885}},{"uid":"68860662fe574fd7","reportUrl":"../1628//#testresult/68860662fe574fd7","status":"passed","time":{"start":1734458781146,"stop":1734459409544,"duration":628398}},{"uid":"3c79903aab6b9d7","reportUrl":"../1626//#testresult/3c79903aab6b9d7","status":"passed","time":{"start":1734449019033,"stop":1734449877695,"duration":858662}},{"uid":"dd33b163e15930c","reportUrl":"../1627//#testresult/dd33b163e15930c","status":"failed","statusDetails":"AssertionError: Tmate ssh server IP not found in action logs.\nassert '10.17.20.10' in '2024-12-17T14:59:05.9190952Z Requested labels: self-hosted, linux, test-k5spbt9e\\n2024-12-17T14:59:05.9191299Z Job defined at: canonical/github-runner-operator/.github/workflows/workflow_dispatch_ssh_debug.yaml@refs/heads/test-5ce52aac\\n2024-12-17T14:59:05.9191385Z Waiting for a runner to pick up this job...\\n2024-12-17T14:59:06.1117719Z Job is about to start running on the runner: test-k5spbt9e-0-846b805681a4 (repository)\\n'","time":{"start":1734447269432,"stop":1734448403988,"duration":1134556}},{"uid":"306959e34d223ca8","reportUrl":"../1624//#testresult/306959e34d223ca8","status":"passed","time":{"start":1734435078236,"stop":1734435705289,"duration":627053}},{"uid":"ef3ddf2fa12ae731","reportUrl":"../1618//#testresult/ef3ddf2fa12ae731","status":"failed","statusDetails":"AssertionError: Tmate ssh server IP not found in action logs.\nassert '10.165.29.85' in '2024-12-16T18:13:17.0496525Z Requested labels: self-hosted, linux, test-evmv9933\\n2024-12-16T18:13:17.0496992Z Job defined at: canonical/github-runner-operator/.github/workflows/workflow_dispatch_ssh_debug.yaml@refs/heads/test-1f5ede93\\n2024-12-16T18:13:17.0497138Z Waiting for a runner to pick up this job...\\n2024-12-16T18:13:17.6465255Z Job is about to start running on the runner: test-evmv9933-0-da5a4ebefa4d (repository)\\n'","time":{"start":1734372559063,"stop":1734373537476,"duration":978413}},{"uid":"d04d856aef61a6fb","reportUrl":"../1614//#testresult/d04d856aef61a6fb","status":"passed","time":{"start":1734354744306,"stop":1734355374078,"duration":629772}},{"uid":"76d70dc22cab2a50","reportUrl":"../1613//#testresult/76d70dc22cab2a50","status":"passed","time":{"start":1734348527768,"stop":1734349130050,"duration":602282}},{"uid":"763ad15bb2917bb9","reportUrl":"../1612//#testresult/763ad15bb2917bb9","status":"failed","statusDetails":"AssertionError: Tmate ssh server IP not found in action logs.\nassert '10.74.32.25' in '2024-12-16T10:14:07.6481790Z Requested labels: self-hosted, linux, test-m5x538sa\\n2024-12-16T10:14:07.6482071Z Job defined at: canonical/github-runner-operator/.github/workflows/workflow_dispatch_ssh_debug.yaml@refs/heads/test-6457c2a0\\n2024-12-16T10:14:07.6482150Z Waiting for a runner to pick up this job...\\n2024-12-16T10:14:07.8326215Z Job is about to start running on the runner: test-m5x538sa-0-9bb37c1086f3 (repository)\\n'","time":{"start":1734343814594,"stop":1734344844923,"duration":1030329}},{"uid":"deb35bd296c4f379","reportUrl":"../1609//#testresult/deb35bd296c4f379","status":"passed","time":{"start":1734083549947,"stop":1734085269461,"duration":1719514}},{"uid":"c7d1562ad6810808","reportUrl":"../1606//#testresult/c7d1562ad6810808","status":"passed","time":{"start":1734067066987,"stop":1734068835105,"duration":1768118}},{"uid":"41b705a956810b9c","reportUrl":"../1605//#testresult/41b705a956810b9c","status":"passed","time":{"start":1733922984184,"stop":1733924770692,"duration":1786508}},{"uid":"b35d4e373a6282d6","reportUrl":"../1603//#testresult/b35d4e373a6282d6","status":"passed","time":{"start":1733911059549,"stop":1733912710609,"duration":1651060}},{"uid":"4b4f84ef38ca4911","reportUrl":"../1593//#testresult/4b4f84ef38ca4911","status":"passed","time":{"start":1733761275267,"stop":1733763107934,"duration":1832667}},{"uid":"a178be13c158dbe5","reportUrl":"../1571//#testresult/a178be13c158dbe5","status":"broken","statusDetails":"github.GithubException.UnknownObjectException: 404 {\"message\": \"Not Found\", \"documentation_url\": \"https://docs.github.com/rest/git/refs#create-a-reference\", \"status\": \"404\"}","time":{"start":1733330589239,"stop":1733330589239,"duration":0}},{"uid":"a58f8ae808080cac","reportUrl":"../1563//#testresult/a58f8ae808080cac","status":"passed","time":{"start":1733308966237,"stop":1733310602841,"duration":1636604}}]},"tags":["asyncio","openstack"]},"source":"9cf93af001d008aa.json","parameterValues":[]}