INFO     github_runner_manager.manager.runner_manager:runner_manager.py:132 Creating 2 runners
ERROR    github_runner_manager.manager.runner_manager:runner_manager.py:308 Failed to spawn a runner.
multiprocessing.pool.RemoteTraceback: 
"""
Traceback (most recent call last):
  File "/home/ubuntu/actions-runner/_work/github-runner-operator/github-runner-operator/.tox/integration-juju3.6/lib/python3.10/site-packages/github_runner_manager/openstack_cloud/openstack_cloud.py", line 227, in launch_instance
    server = conn.create_server(
  File "/home/ubuntu/actions-runner/_work/github-runner-operator/github-runner-operator/.tox/integration-juju3.6/lib/python3.10/site-packages/decorator.py", line 232, in fun
    return caller(func, *(extras + args), **kw)
  File "/home/ubuntu/actions-runner/_work/github-runner-operator/github-runner-operator/.tox/integration-juju3.6/lib/python3.10/site-packages/openstack/cloud/_utils.py", line 224, in func_wrapper
    return func(*args, **kwargs)
  File "/home/ubuntu/actions-runner/_work/github-runner-operator/github-runner-operator/.tox/integration-juju3.6/lib/python3.10/site-packages/openstack/cloud/_compute.py", line 1021, in create_server
    server = self.wait_for_server(
  File "/home/ubuntu/actions-runner/_work/github-runner-operator/github-runner-operator/.tox/integration-juju3.6/lib/python3.10/site-packages/openstack/cloud/_compute.py", line 1142, in wait_for_server
    for count in utils.iterate_timeout(
  File "/home/ubuntu/actions-runner/_work/github-runner-operator/github-runner-operator/.tox/integration-juju3.6/lib/python3.10/site-packages/openstack/utils.py", line 73, in iterate_timeout
    raise exceptions.ResourceTimeout(message)
openstack.exceptions.ResourceTimeout: Timeout waiting for the server to come up.

The above exception was the direct cause of the following exception:

Traceback (most recent call last):
  File "/home/ubuntu/actions-runner/_work/github-runner-operator/github-runner-operator/.tox/integration-juju3.6/lib/python3.10/site-packages/github_runner_manager/openstack_cloud/openstack_runner_manager.py", line 209, in create_runner
    instance = self._openstack_cloud.launch_instance(
  File "/home/ubuntu/actions-runner/_work/github-runner-operator/github-runner-operator/.tox/integration-juju3.6/lib/python3.10/site-packages/github_runner_manager/openstack_cloud/openstack_cloud.py", line 138, in exception_handling_wrapper
    return func(*args, **kwargs)
  File "/home/ubuntu/actions-runner/_work/github-runner-operator/github-runner-operator/.tox/integration-juju3.6/lib/python3.10/site-packages/github_runner_manager/openstack_cloud/openstack_cloud.py", line 246, in launch_instance
    raise OpenStackError(f"Timeout creating openstack server {full_name}") from err
github_runner_manager.errors.OpenStackError: Timeout creating openstack server test-j7bfl78y-0-1d7517078cc3

The above exception was the direct cause of the following exception:

Traceback (most recent call last):
  File "/usr/lib/python3.10/multiprocessing/pool.py", line 125, in worker
    result = (True, func(*args, **kwds))
  File "/home/ubuntu/actions-runner/_work/github-runner-operator/github-runner-operator/.tox/integration-juju3.6/lib/python3.10/site-packages/github_runner_manager/manager/runner_manager.py", line 404, in _create_runner
    return args.cloud_runner_manager.create_runner(registration_token=args.registration_token)
  File "/home/ubuntu/actions-runner/_work/github-runner-operator/github-runner-operator/.tox/integration-juju3.6/lib/python3.10/site-packages/github_runner_manager/openstack_cloud/openstack_runner_manager.py", line 217, in create_runner
    raise RunnerCreateError(f"Failed to create {instance_name} openstack runner") from err
github_runner_manager.errors.RunnerCreateError: Failed to create test-j7bfl78y-0-1d7517078cc3 openstack runner
"""

The above exception was the direct cause of the following exception:

Traceback (most recent call last):
  File "/home/ubuntu/actions-runner/_work/github-runner-operator/github-runner-operator/.tox/integration-juju3.6/lib/python3.10/site-packages/github_runner_manager/manager/runner_manager.py", line 306, in _spawn_runners_using_multiprocessing
    instance_id = next(jobs)
  File "/usr/lib/python3.10/multiprocessing/pool.py", line 873, in next
    raise value
github_runner_manager.errors.RunnerCreateError: Failed to create test-j7bfl78y-0-1d7517078cc3 openstack runner