23:12:20 INFO Model status:

Model                            Controller  Cloud/Region         Version  SLA          Timestamp
test-charm-metrics-failure-11au  lxd         localhost/localhost  3.6.1    unsupported  23:12:20Z

App                          Version  Status   Scale  Charm                        Channel      Rev  Exposed  Message
github-runner-image-builder           blocked      1  github-runner-image-builder  latest/edge    2  no       Build interval must not be smaller than 1 or greater than 24

Unit                            Workload  Agent  Machine  Public address  Ports  Message
github-runner-image-builder/0*  blocked   idle   0        10.156.75.200          Build interval must not be smaller than 1 or greater than 24

Machine  State    Address        Inst id        Base          AZ  Message
0        started  10.156.75.200  juju-e2d435-0  ubuntu@22.04      Running

23:12:20 INFO Juju error logs:

machine-0: 22:45:03 ERROR juju.worker.dependency "lxd-container-provisioner" manifold worker returned unexpected error: container types not yet available
machine-0: 22:45:03 ERROR juju.worker.dependency "kvm-container-provisioner" manifold worker returned unexpected error: container types not yet available
unit-github-runner-image-builder-0: 22:45:03 ERROR juju.worker.meterstatus error running "meter-status-changed": charm missing from disk
unit-github-runner-image-builder-0: 22:45:18 ERROR unit.github-runner-image-builder/0.juju-log Wrong Charm Configuration
Traceback (most recent call last):
  File "/var/lib/juju/agents/unit-github-runner-image-builder-0/charm/src/state.py", line 396, in from_charm
    build_interval = _parse_build_interval(charm)
  File "/var/lib/juju/agents/unit-github-runner-image-builder-0/charm/src/state.py", line 259, in _parse_build_interval
    raise ValueError("Build interval must not be smaller than 1 or greater than 24")
ValueError: Build interval must not be smaller than 1 or greater than 24

The above exception was the direct cause of the following exception:

Traceback (most recent call last):
  File "/var/lib/juju/agents/unit-github-runner-image-builder-0/charm/src/charm_utils.py", line 68, in wrapper
    return method(instance, event)
  File "/var/lib/juju/agents/unit-github-runner-image-builder-0/charm/./src/charm.py", line 81, in _on_install
    init_config = state.BuilderInitConfig.from_charm(self)
  File "/var/lib/juju/agents/unit-github-runner-image-builder-0/charm/src/state.py", line 398, in from_charm
    raise BuilderSetupConfigInvalidError(msg=str(exc)) from exc
state.BuilderSetupConfigInvalidError
unit-github-runner-image-builder-0: 22:45:19 ERROR unit.github-runner-image-builder/0.juju-log Wrong Charm Configuration
Traceback (most recent call last):
  File "/var/lib/juju/agents/unit-github-runner-image-builder-0/charm/src/state.py", line 396, in from_charm
    build_interval = _parse_build_interval(charm)
  File "/var/lib/juju/agents/unit-github-runner-image-builder-0/charm/src/state.py", line 259, in _parse_build_interval
    raise ValueError("Build interval must not be smaller than 1 or greater than 24")
ValueError: Build interval must not be smaller than 1 or greater than 24

The above exception was the direct cause of the following exception:

Traceback (most recent call last):
  File "/var/lib/juju/agents/unit-github-runner-image-builder-0/charm/src/charm_utils.py", line 68, in wrapper
    return method(instance, event)
  File "/var/lib/juju/agents/unit-github-runner-image-builder-0/charm/./src/charm.py", line 81, in _on_install
    init_config = state.BuilderInitConfig.from_charm(self)
  File "/var/lib/juju/agents/unit-github-runner-image-builder-0/charm/src/state.py", line 398, in from_charm
    raise BuilderSetupConfigInvalidError(msg=str(exc)) from exc
state.BuilderSetupConfigInvalidError
unit-github-runner-image-builder-0: 22:45:19 ERROR unit.github-runner-image-builder/0.juju-log Wrong Charm Configuration
Traceback (most recent call last):
  File "/var/lib/juju/agents/unit-github-runner-image-builder-0/charm/src/state.py", line 396, in from_charm
    build_interval = _parse_build_interval(charm)
  File "/var/lib/juju/agents/unit-github-runner-image-builder-0/charm/src/state.py", line 259, in _parse_build_interval
    raise ValueError("Build interval must not be smaller than 1 or greater than 24")
ValueError: Build interval must not be smaller than 1 or greater than 24

The above exception was the direct cause of the following exception:

Traceback (most recent call last):
  File "/var/lib/juju/agents/unit-github-runner-image-builder-0/charm/src/charm_utils.py", line 68, in wrapper
    return method(instance, event)
  File "/var/lib/juju/agents/unit-github-runner-image-builder-0/charm/./src/charm.py", line 81, in _on_install
    init_config = state.BuilderInitConfig.from_charm(self)
  File "/var/lib/juju/agents/unit-github-runner-image-builder-0/charm/src/state.py", line 398, in from_charm
    raise BuilderSetupConfigInvalidError(msg=str(exc)) from exc
state.BuilderSetupConfigInvalidError
unit-github-runner-image-builder-0: 22:45:19 ERROR unit.github-runner-image-builder/0.juju-log Wrong Charm Configuration
Traceback (most recent call last):
  File "/var/lib/juju/agents/unit-github-runner-image-builder-0/charm/src/state.py", line 396, in from_charm
    build_interval = _parse_build_interval(charm)
  File "/var/lib/juju/agents/unit-github-runner-image-builder-0/charm/src/state.py", line 259, in _parse_build_interval
    raise ValueError("Build interval must not be smaller than 1 or greater than 24")
ValueError: Build interval must not be smaller than 1 or greater than 24

The above exception was the direct cause of the following exception:

Traceback (most recent call last):
  File "/var/lib/juju/agents/unit-github-runner-image-builder-0/charm/src/charm_utils.py", line 68, in wrapper
    return method(instance, event)
  File "/var/lib/juju/agents/unit-github-runner-image-builder-0/charm/./src/charm.py", line 125, in _on_config_changed
    init_config = state.BuilderInitConfig.from_charm(self)
  File "/var/lib/juju/agents/unit-github-runner-image-builder-0/charm/src/state.py", line 398, in from_charm
    raise BuilderSetupConfigInvalidError(msg=str(exc)) from exc
state.BuilderSetupConfigInvalidError
unit-github-runner-image-builder-0: 22:45:20 ERROR unit.github-runner-image-builder/0.juju-log Wrong Charm Configuration
Traceback (most recent call last):
  File "/var/lib/juju/agents/unit-github-runner-image-builder-0/charm/src/state.py", line 396, in from_charm
    build_interval = _parse_build_interval(charm)
  File "/var/lib/juju/agents/unit-github-runner-image-builder-0/charm/src/state.py", line 259, in _parse_build_interval
    raise ValueError("Build interval must not be smaller than 1 or greater than 24")
ValueError: Build interval must not be smaller than 1 or greater than 24

The above exception was the direct cause of the following exception:

Traceback (most recent call last):
  File "/var/lib/juju/agents/unit-github-runner-image-builder-0/charm/src/charm_utils.py", line 68, in wrapper
    return method(instance, event)
  File "/var/lib/juju/agents/unit-github-runner-image-builder-0/charm/./src/charm.py", line 81, in _on_install
    init_config = state.BuilderInitConfig.from_charm(self)
  File "/var/lib/juju/agents/unit-github-runner-image-builder-0/charm/src/state.py", line 398, in from_charm
    raise BuilderSetupConfigInvalidError(msg=str(exc)) from exc
state.BuilderSetupConfigInvalidError
unit-github-runner-image-builder-0: 22:50:48 ERROR unit.github-runner-image-builder/0.juju-log Wrong Charm Configuration
Traceback (most recent call last):
  File "/var/lib/juju/agents/unit-github-runner-image-builder-0/charm/src/state.py", line 396, in from_charm
    build_interval = _parse_build_interval(charm)
  File "/var/lib/juju/agents/unit-github-runner-image-builder-0/charm/src/state.py", line 259, in _parse_build_interval
    raise ValueError("Build interval must not be smaller than 1 or greater than 24")
ValueError: Build interval must not be smaller than 1 or greater than 24

The above exception was the direct cause of the following exception:

Traceback (most recent call last):
  File "/var/lib/juju/agents/unit-github-runner-image-builder-0/charm/src/charm_utils.py", line 68, in wrapper
    return method(instance, event)
  File "/var/lib/juju/agents/unit-github-runner-image-builder-0/charm/./src/charm.py", line 81, in _on_install
    init_config = state.BuilderInitConfig.from_charm(self)
  File "/var/lib/juju/agents/unit-github-runner-image-builder-0/charm/src/state.py", line 398, in from_charm
    raise BuilderSetupConfigInvalidError(msg=str(exc)) from exc
state.BuilderSetupConfigInvalidError
unit-github-runner-image-builder-0: 22:56:03 ERROR unit.github-runner-image-builder/0.juju-log Wrong Charm Configuration
Traceback (most recent call last):
  File "/var/lib/juju/agents/unit-github-runner-image-builder-0/charm/src/state.py", line 396, in from_charm
    build_interval = _parse_build_interval(charm)
  File "/var/lib/juju/agents/unit-github-runner-image-builder-0/charm/src/state.py", line 259, in _parse_build_interval
    raise ValueError("Build interval must not be smaller than 1 or greater than 24")
ValueError: Build interval must not be smaller than 1 or greater than 24

The above exception was the direct cause of the following exception:

Traceback (most recent call last):
  File "/var/lib/juju/agents/unit-github-runner-image-builder-0/charm/src/charm_utils.py", line 68, in wrapper
    return method(instance, event)
  File "/var/lib/juju/agents/unit-github-runner-image-builder-0/charm/./src/charm.py", line 81, in _on_install
    init_config = state.BuilderInitConfig.from_charm(self)
  File "/var/lib/juju/agents/unit-github-runner-image-builder-0/charm/src/state.py", line 398, in from_charm
    raise BuilderSetupConfigInvalidError(msg=str(exc)) from exc
state.BuilderSetupConfigInvalidError
unit-github-runner-image-builder-0: 23:01:42 ERROR unit.github-runner-image-builder/0.juju-log Wrong Charm Configuration
Traceback (most recent call last):
  File "/var/lib/juju/agents/unit-github-runner-image-builder-0/charm/src/state.py", line 396, in from_charm
    build_interval = _parse_build_interval(charm)
  File "/var/lib/juju/agents/unit-github-runner-image-builder-0/charm/src/state.py", line 259, in _parse_build_interval
    raise ValueError("Build interval must not be smaller than 1 or greater than 24")
ValueError: Build interval must not be smaller than 1 or greater than 24

The above exception was the direct cause of the following exception:

Traceback (most recent call last):
  File "/var/lib/juju/agents/unit-github-runner-image-builder-0/charm/src/charm_utils.py", line 68, in wrapper
    return method(instance, event)
  File "/var/lib/juju/agents/unit-github-runner-image-builder-0/charm/./src/charm.py", line 81, in _on_install
    init_config = state.BuilderInitConfig.from_charm(self)
  File "/var/lib/juju/agents/unit-github-runner-image-builder-0/charm/src/state.py", line 398, in from_charm
    raise BuilderSetupConfigInvalidError(msg=str(exc)) from exc
state.BuilderSetupConfigInvalidError
unit-github-runner-image-builder-0: 23:07:11 ERROR unit.github-runner-image-builder/0.juju-log Wrong Charm Configuration
Traceback (most recent call last):
  File "/var/lib/juju/agents/unit-github-runner-image-builder-0/charm/src/state.py", line 396, in from_charm
    build_interval = _parse_build_interval(charm)
  File "/var/lib/juju/agents/unit-github-runner-image-builder-0/charm/src/state.py", line 259, in _parse_build_interval
    raise ValueError("Build interval must not be smaller than 1 or greater than 24")
ValueError: Build interval must not be smaller than 1 or greater than 24

The above exception was the direct cause of the following exception:

Traceback (most recent call last):
  File "/var/lib/juju/agents/unit-github-runner-image-builder-0/charm/src/charm_utils.py", line 68, in wrapper
    return method(instance, event)
  File "/var/lib/juju/agents/unit-github-runner-image-builder-0/charm/./src/charm.py", line 81, in _on_install
    init_config = state.BuilderInitConfig.from_charm(self)
  File "/var/lib/juju/agents/unit-github-runner-image-builder-0/charm/src/state.py", line 398, in from_charm
    raise BuilderSetupConfigInvalidError(msg=str(exc)) from exc
state.BuilderSetupConfigInvalidError
unit-github-runner-image-builder-0: 23:11:19 ERROR unit.github-runner-image-builder/0.juju-log Wrong Charm Configuration
Traceback (most recent call last):
  File "/var/lib/juju/agents/unit-github-runner-image-builder-0/charm/src/state.py", line 396, in from_charm
    build_interval = _parse_build_interval(charm)
  File "/var/lib/juju/agents/unit-github-runner-image-builder-0/charm/src/state.py", line 259, in _parse_build_interval
    raise ValueError("Build interval must not be smaller than 1 or greater than 24")
ValueError: Build interval must not be smaller than 1 or greater than 24

The above exception was the direct cause of the following exception:

Traceback (most recent call last):
  File "/var/lib/juju/agents/unit-github-runner-image-builder-0/charm/src/charm_utils.py", line 68, in wrapper
    return method(instance, event)
  File "/var/lib/juju/agents/unit-github-runner-image-builder-0/charm/./src/charm.py", line 81, in _on_install
    init_config = state.BuilderInitConfig.from_charm(self)
  File "/var/lib/juju/agents/unit-github-runner-image-builder-0/charm/src/state.py", line 398, in from_charm
    raise BuilderSetupConfigInvalidError(msg=str(exc)) from exc
state.BuilderSetupConfigInvalidError

23:12:20 INFO Forgetting model main...