23:48:54 INFO Adding model lxd:test-charm-scheduled-events-9wb9 on cloud localhost
23:48:54 WARNING unexpected facade AgentLifeFlag received from the controller
23:48:54 WARNING unknown common facade version for AgentLifeFlag,
versions known to client : [2, 3]
versions known to controller : [1]
23:48:54 WARNING unexpected facade SecretsDrain received from the controller
23:48:55 INFO Deploying ch:amd64/github-runner-image-builder-2
23:48:55 INFO Waiting for model:
  github-runner-image-builder (not enough units yet - 0/1)
23:49:25 INFO Waiting for model:
  github-runner-image-builder/0 [allocating] waiting: waiting for machine
23:49:55 INFO Waiting for model:
  github-runner-image-builder/0 [allocating] waiting: waiting for machine
23:50:26 INFO Waiting for model:
  github-runner-image-builder/0 [allocating] waiting: waiting for machine
23:50:56 INFO Waiting for model:
  github-runner-image-builder/0 [idle] blocked: Build interval must not be smaller than 1 or greater than 24
23:51:26 INFO Waiting for model:
  github-runner-image-builder/0 [idle] blocked: Build interval must not be smaller than 1 or greater than 24
23:51:56 INFO Waiting for model:
  github-runner-image-builder/0 [idle] blocked: Build interval must not be smaller than 1 or greater than 24
23:52:26 INFO Waiting for model:
  github-runner-image-builder/0 [idle] blocked: Build interval must not be smaller than 1 or greater than 24
23:52:56 INFO Waiting for model:
  github-runner-image-builder/0 [idle] blocked: Build interval must not be smaller than 1 or greater than 24
23:53:26 INFO Waiting for model:
  github-runner-image-builder/0 [idle] blocked: Build interval must not be smaller than 1 or greater than 24
23:53:56 INFO Waiting for model:
  github-runner-image-builder/0 [idle] blocked: Build interval must not be smaller than 1 or greater than 24
23:54:26 INFO Waiting for model:
  github-runner-image-builder/0 [idle] blocked: Build interval must not be smaller than 1 or greater than 24
23:54:56 INFO Waiting for model:
  github-runner-image-builder/0 [idle] blocked: Build interval must not be smaller than 1 or greater than 24
23:55:26 INFO Waiting for model:
  github-runner-image-builder/0 [idle] blocked: Build interval must not be smaller than 1 or greater than 24
23:55:56 INFO Waiting for model:
  github-runner-image-builder/0 [idle] blocked: Build interval must not be smaller than 1 or greater than 24
23:56:26 INFO Waiting for model:
  github-runner-image-builder/0 [idle] blocked: Build interval must not be smaller than 1 or greater than 24
23:56:56 INFO Waiting for model:
  github-runner-image-builder/0 [idle] blocked: Build interval must not be smaller than 1 or greater than 24
23:57:26 INFO Waiting for model:
  github-runner-image-builder/0 [idle] blocked: Build interval must not be smaller than 1 or greater than 24
23:57:56 INFO Waiting for model:
  github-runner-image-builder/0 [idle] blocked: Build interval must not be smaller than 1 or greater than 24
23:58:26 INFO Waiting for model:
  github-runner-image-builder/0 [idle] blocked: Build interval must not be smaller than 1 or greater than 24
23:58:56 INFO Waiting for model:
  github-runner-image-builder/0 [idle] blocked: Build interval must not be smaller than 1 or greater than 24
23:59:27 INFO Waiting for model:
  github-runner-image-builder/0 [idle] blocked: Build interval must not be smaller than 1 or greater than 24
23:59:57 INFO Waiting for model:
  github-runner-image-builder/0 [idle] blocked: Build interval must not be smaller than 1 or greater than 24
00:00:27 INFO Waiting for model:
  github-runner-image-builder/0 [idle] blocked: Build interval must not be smaller than 1 or greater than 24
00:00:57 INFO Waiting for model:
  github-runner-image-builder/0 [idle] blocked: Build interval must not be smaller than 1 or greater than 24
00:01:27 INFO Waiting for model:
  github-runner-image-builder/0 [idle] blocked: Build interval must not be smaller than 1 or greater than 24
00:01:57 INFO Waiting for model:
  github-runner-image-builder/0 [idle] blocked: Build interval must not be smaller than 1 or greater than 24
00:02:27 INFO Waiting for model:
  github-runner-image-builder/0 [idle] blocked: Build interval must not be smaller than 1 or greater than 24
00:02:57 INFO Waiting for model:
  github-runner-image-builder/0 [idle] blocked: Build interval must not be smaller than 1 or greater than 24
00:03:27 INFO Waiting for model:
  github-runner-image-builder/0 [idle] blocked: Build interval must not be smaller than 1 or greater than 24
00:03:57 INFO Waiting for model:
  github-runner-image-builder/0 [idle] blocked: Build interval must not be smaller than 1 or greater than 24
00:04:27 INFO Waiting for model:
  github-runner-image-builder/0 [idle] blocked: Build interval must not be smaller than 1 or greater than 24
00:04:57 INFO Waiting for model:
  github-runner-image-builder/0 [idle] blocked: Build interval must not be smaller than 1 or greater than 24
00:05:27 INFO Waiting for model:
  github-runner-image-builder/0 [idle] blocked: Build interval must not be smaller than 1 or greater than 24
00:05:57 INFO Waiting for model:
  github-runner-image-builder/0 [idle] blocked: Build interval must not be smaller than 1 or greater than 24
00:06:27 INFO Waiting for model:
  github-runner-image-builder/0 [idle] blocked: Build interval must not be smaller than 1 or greater than 24
00:06:57 INFO Waiting for model:
  github-runner-image-builder/0 [idle] blocked: Build interval must not be smaller than 1 or greater than 24
00:07:27 INFO Waiting for model:
  github-runner-image-builder/0 [idle] blocked: Build interval must not be smaller than 1 or greater than 24
00:07:57 INFO Waiting for model:
  github-runner-image-builder/0 [idle] blocked: Build interval must not be smaller than 1 or greater than 24
00:08:27 INFO Waiting for model:
  github-runner-image-builder/0 [idle] blocked: Build interval must not be smaller than 1 or greater than 24
00:08:58 INFO Waiting for model:
  github-runner-image-builder/0 [idle] blocked: Build interval must not be smaller than 1 or greater than 24
00:09:28 INFO Waiting for model:
  github-runner-image-builder/0 [idle] blocked: Build interval must not be smaller than 1 or greater than 24
00:09:58 INFO Waiting for model:
  github-runner-image-builder/0 [idle] blocked: Build interval must not be smaller than 1 or greater than 24
00:10:28 INFO Waiting for model:
  github-runner-image-builder/0 [idle] blocked: Build interval must not be smaller than 1 or greater than 24
00:10:58 INFO Waiting for model:
  github-runner-image-builder/0 [idle] blocked: Build interval must not be smaller than 1 or greater than 24
00:11:28 INFO Waiting for model:
  github-runner-image-builder/0 [idle] blocked: Build interval must not be smaller than 1 or greater than 24
00:11:58 INFO Waiting for model:
  github-runner-image-builder/0 [idle] blocked: Build interval must not be smaller than 1 or greater than 24
00:12:28 INFO Waiting for model:
  github-runner-image-builder/0 [idle] blocked: Build interval must not be smaller than 1 or greater than 24
00:12:58 INFO Waiting for model:
  github-runner-image-builder/0 [idle] blocked: Build interval must not be smaller than 1 or greater than 24
00:13:28 INFO Waiting for model:
  github-runner-image-builder/0 [idle] blocked: Build interval must not be smaller than 1 or greater than 24
00:13:58 INFO Waiting for model:
  github-runner-image-builder/0 [idle] blocked: Build interval must not be smaller than 1 or greater than 24
00:14:28 INFO Waiting for model:
  github-runner-image-builder/0 [idle] blocked: Build interval must not be smaller than 1 or greater than 24
00:14:58 INFO Waiting for model:
  github-runner-image-builder/0 [idle] blocked: Build interval must not be smaller than 1 or greater than 24
00:15:28 INFO Waiting for model:
  github-runner-image-builder/0 [idle] blocked: Build interval must not be smaller than 1 or greater than 24
00:15:58 INFO Waiting for model:
  github-runner-image-builder/0 [idle] blocked: Build interval must not be smaller than 1 or greater than 24
00:16:28 INFO Waiting for model:
  github-runner-image-builder/0 [idle] blocked: Build interval must not be smaller than 1 or greater than 24
00:16:58 INFO Waiting for model:
  github-runner-image-builder/0 [idle] blocked: Build interval must not be smaller than 1 or greater than 24
00:17:28 INFO Waiting for model:
  github-runner-image-builder/0 [idle] blocked: Build interval must not be smaller than 1 or greater than 24
00:17:58 INFO Waiting for model:
  github-runner-image-builder/0 [idle] blocked: Build interval must not be smaller than 1 or greater than 24
00:18:29 INFO Waiting for model:
  github-runner-image-builder/0 [idle] blocked: Build interval must not be smaller than 1 or greater than 24
00:18:56 INFO Model status:

Model                             Controller  Cloud/Region         Version  SLA          Timestamp
test-charm-scheduled-events-9wb9  lxd         localhost/localhost  3.1.10   unsupported  00:18:56Z

App                          Version  Status   Scale  Charm                        Channel      Rev  Exposed  Message
github-runner-image-builder           blocked      1  github-runner-image-builder  latest/edge    2  no       Build interval must not be smaller than 1 or greater than 24

Unit                            Workload  Agent  Machine  Public address  Ports  Message
github-runner-image-builder/0*  blocked   idle   0        10.245.134.81          Build interval must not be smaller than 1 or greater than 24

Machine  State    Address        Inst id        Base          AZ  Message
0        started  10.245.134.81  juju-748f3c-0  ubuntu@22.04      Running

00:18:56 INFO Juju error logs:

machine-0: 23:50:32 ERROR juju.worker.dependency "broker-tracker" manifold worker returned unexpected error: no container types determined
machine-0: 23:50:32 ERROR juju.worker.dependency "lxd-container-provisioner" manifold worker returned unexpected error: container types not yet available
machine-0: 23:50:32 ERROR juju.worker.dependency "kvm-container-provisioner" manifold worker returned unexpected error: container types not yet available
unit-github-runner-image-builder-0: 23:50:32 ERROR juju.worker.meterstatus error running "meter-status-changed": charm missing from disk
unit-github-runner-image-builder-0: 23:50:50 ERROR unit.github-runner-image-builder/0.juju-log Wrong Charm Configuration
Traceback (most recent call last):
  File "/var/lib/juju/agents/unit-github-runner-image-builder-0/charm/src/state.py", line 396, in from_charm
    build_interval = _parse_build_interval(charm)
  File "/var/lib/juju/agents/unit-github-runner-image-builder-0/charm/src/state.py", line 259, in _parse_build_interval
    raise ValueError("Build interval must not be smaller than 1 or greater than 24")
ValueError: Build interval must not be smaller than 1 or greater than 24

The above exception was the direct cause of the following exception:

Traceback (most recent call last):
  File "/var/lib/juju/agents/unit-github-runner-image-builder-0/charm/src/charm_utils.py", line 68, in wrapper
    return method(instance, event)
  File "/var/lib/juju/agents/unit-github-runner-image-builder-0/charm/./src/charm.py", line 81, in _on_install
    init_config = state.BuilderInitConfig.from_charm(self)
  File "/var/lib/juju/agents/unit-github-runner-image-builder-0/charm/src/state.py", line 398, in from_charm
    raise BuilderSetupConfigInvalidError(msg=str(exc)) from exc
state.BuilderSetupConfigInvalidError
unit-github-runner-image-builder-0: 23:50:50 ERROR unit.github-runner-image-builder/0.juju-log Wrong Charm Configuration
Traceback (most recent call last):
  File "/var/lib/juju/agents/unit-github-runner-image-builder-0/charm/src/state.py", line 396, in from_charm
    build_interval = _parse_build_interval(charm)
  File "/var/lib/juju/agents/unit-github-runner-image-builder-0/charm/src/state.py", line 259, in _parse_build_interval
    raise ValueError("Build interval must not be smaller than 1 or greater than 24")
ValueError: Build interval must not be smaller than 1 or greater than 24

The above exception was the direct cause of the following exception:

Traceback (most recent call last):
  File "/var/lib/juju/agents/unit-github-runner-image-builder-0/charm/src/charm_utils.py", line 68, in wrapper
    return method(instance, event)
  File "/var/lib/juju/agents/unit-github-runner-image-builder-0/charm/./src/charm.py", line 81, in _on_install
    init_config = state.BuilderInitConfig.from_charm(self)
  File "/var/lib/juju/agents/unit-github-runner-image-builder-0/charm/src/state.py", line 398, in from_charm
    raise BuilderSetupConfigInvalidError(msg=str(exc)) from exc
state.BuilderSetupConfigInvalidError
unit-github-runner-image-builder-0: 23:50:51 ERROR unit.github-runner-image-builder/0.juju-log Wrong Charm Configuration
Traceback (most recent call last):
  File "/var/lib/juju/agents/unit-github-runner-image-builder-0/charm/src/state.py", line 396, in from_charm
    build_interval = _parse_build_interval(charm)
  File "/var/lib/juju/agents/unit-github-runner-image-builder-0/charm/src/state.py", line 259, in _parse_build_interval
    raise ValueError("Build interval must not be smaller than 1 or greater than 24")
ValueError: Build interval must not be smaller than 1 or greater than 24

The above exception was the direct cause of the following exception:

Traceback (most recent call last):
  File "/var/lib/juju/agents/unit-github-runner-image-builder-0/charm/src/charm_utils.py", line 68, in wrapper
    return method(instance, event)
  File "/var/lib/juju/agents/unit-github-runner-image-builder-0/charm/./src/charm.py", line 81, in _on_install
    init_config = state.BuilderInitConfig.from_charm(self)
  File "/var/lib/juju/agents/unit-github-runner-image-builder-0/charm/src/state.py", line 398, in from_charm
    raise BuilderSetupConfigInvalidError(msg=str(exc)) from exc
state.BuilderSetupConfigInvalidError
unit-github-runner-image-builder-0: 23:50:51 ERROR unit.github-runner-image-builder/0.juju-log Wrong Charm Configuration
Traceback (most recent call last):
  File "/var/lib/juju/agents/unit-github-runner-image-builder-0/charm/src/state.py", line 396, in from_charm
    build_interval = _parse_build_interval(charm)
  File "/var/lib/juju/agents/unit-github-runner-image-builder-0/charm/src/state.py", line 259, in _parse_build_interval
    raise ValueError("Build interval must not be smaller than 1 or greater than 24")
ValueError: Build interval must not be smaller than 1 or greater than 24

The above exception was the direct cause of the following exception:

Traceback (most recent call last):
  File "/var/lib/juju/agents/unit-github-runner-image-builder-0/charm/src/charm_utils.py", line 68, in wrapper
    return method(instance, event)
  File "/var/lib/juju/agents/unit-github-runner-image-builder-0/charm/./src/charm.py", line 125, in _on_config_changed
    init_config = state.BuilderInitConfig.from_charm(self)
  File "/var/lib/juju/agents/unit-github-runner-image-builder-0/charm/src/state.py", line 398, in from_charm
    raise BuilderSetupConfigInvalidError(msg=str(exc)) from exc
state.BuilderSetupConfigInvalidError
unit-github-runner-image-builder-0: 23:50:51 ERROR unit.github-runner-image-builder/0.juju-log Wrong Charm Configuration
Traceback (most recent call last):
  File "/var/lib/juju/agents/unit-github-runner-image-builder-0/charm/src/state.py", line 396, in from_charm
    build_interval = _parse_build_interval(charm)
  File "/var/lib/juju/agents/unit-github-runner-image-builder-0/charm/src/state.py", line 259, in _parse_build_interval
    raise ValueError("Build interval must not be smaller than 1 or greater than 24")
ValueError: Build interval must not be smaller than 1 or greater than 24

The above exception was the direct cause of the following exception:

Traceback (most recent call last):
  File "/var/lib/juju/agents/unit-github-runner-image-builder-0/charm/src/charm_utils.py", line 68, in wrapper
    return method(instance, event)
  File "/var/lib/juju/agents/unit-github-runner-image-builder-0/charm/./src/charm.py", line 81, in _on_install
    init_config = state.BuilderInitConfig.from_charm(self)
  File "/var/lib/juju/agents/unit-github-runner-image-builder-0/charm/src/state.py", line 398, in from_charm
    raise BuilderSetupConfigInvalidError(msg=str(exc)) from exc
state.BuilderSetupConfigInvalidError
unit-github-runner-image-builder-0: 23:55:21 ERROR unit.github-runner-image-builder/0.juju-log Wrong Charm Configuration
Traceback (most recent call last):
  File "/var/lib/juju/agents/unit-github-runner-image-builder-0/charm/src/state.py", line 396, in from_charm
    build_interval = _parse_build_interval(charm)
  File "/var/lib/juju/agents/unit-github-runner-image-builder-0/charm/src/state.py", line 259, in _parse_build_interval
    raise ValueError("Build interval must not be smaller than 1 or greater than 24")
ValueError: Build interval must not be smaller than 1 or greater than 24

The above exception was the direct cause of the following exception:

Traceback (most recent call last):
  File "/var/lib/juju/agents/unit-github-runner-image-builder-0/charm/src/charm_utils.py", line 68, in wrapper
    return method(instance, event)
  File "/var/lib/juju/agents/unit-github-runner-image-builder-0/charm/./src/charm.py", line 81, in _on_install
    init_config = state.BuilderInitConfig.from_charm(self)
  File "/var/lib/juju/agents/unit-github-runner-image-builder-0/charm/src/state.py", line 398, in from_charm
    raise BuilderSetupConfigInvalidError(msg=str(exc)) from exc
state.BuilderSetupConfigInvalidError
unit-github-runner-image-builder-0: 23:59:51 ERROR unit.github-runner-image-builder/0.juju-log Wrong Charm Configuration
Traceback (most recent call last):
  File "/var/lib/juju/agents/unit-github-runner-image-builder-0/charm/src/state.py", line 396, in from_charm
    build_interval = _parse_build_interval(charm)
  File "/var/lib/juju/agents/unit-github-runner-image-builder-0/charm/src/state.py", line 259, in _parse_build_interval
    raise ValueError("Build interval must not be smaller than 1 or greater than 24")
ValueError: Build interval must not be smaller than 1 or greater than 24

The above exception was the direct cause of the following exception:

Traceback (most recent call last):
  File "/var/lib/juju/agents/unit-github-runner-image-builder-0/charm/src/charm_utils.py", line 68, in wrapper
    return method(instance, event)
  File "/var/lib/juju/agents/unit-github-runner-image-builder-0/charm/./src/charm.py", line 81, in _on_install
    init_config = state.BuilderInitConfig.from_charm(self)
  File "/var/lib/juju/agents/unit-github-runner-image-builder-0/charm/src/state.py", line 398, in from_charm
    raise BuilderSetupConfigInvalidError(msg=str(exc)) from exc
state.BuilderSetupConfigInvalidError
unit-github-runner-image-builder-0: 00:05:44 ERROR unit.github-runner-image-builder/0.juju-log Wrong Charm Configuration
Traceback (most recent call last):
  File "/var/lib/juju/agents/unit-github-runner-image-builder-0/charm/src/state.py", line 396, in from_charm
    build_interval = _parse_build_interval(charm)
  File "/var/lib/juju/agents/unit-github-runner-image-builder-0/charm/src/state.py", line 259, in _parse_build_interval
    raise ValueError("Build interval must not be smaller than 1 or greater than 24")
ValueError: Build interval must not be smaller than 1 or greater than 24

The above exception was the direct cause of the following exception:

Traceback (most recent call last):
  File "/var/lib/juju/agents/unit-github-runner-image-builder-0/charm/src/charm_utils.py", line 68, in wrapper
    return method(instance, event)
  File "/var/lib/juju/agents/unit-github-runner-image-builder-0/charm/./src/charm.py", line 81, in _on_install
    init_config = state.BuilderInitConfig.from_charm(self)
  File "/var/lib/juju/agents/unit-github-runner-image-builder-0/charm/src/state.py", line 398, in from_charm
    raise BuilderSetupConfigInvalidError(msg=str(exc)) from exc
state.BuilderSetupConfigInvalidError
unit-github-runner-image-builder-0: 00:09:55 ERROR unit.github-runner-image-builder/0.juju-log Wrong Charm Configuration
Traceback (most recent call last):
  File "/var/lib/juju/agents/unit-github-runner-image-builder-0/charm/src/state.py", line 396, in from_charm
    build_interval = _parse_build_interval(charm)
  File "/var/lib/juju/agents/unit-github-runner-image-builder-0/charm/src/state.py", line 259, in _parse_build_interval
    raise ValueError("Build interval must not be smaller than 1 or greater than 24")
ValueError: Build interval must not be smaller than 1 or greater than 24

The above exception was the direct cause of the following exception:

Traceback (most recent call last):
  File "/var/lib/juju/agents/unit-github-runner-image-builder-0/charm/src/charm_utils.py", line 68, in wrapper
    return method(instance, event)
  File "/var/lib/juju/agents/unit-github-runner-image-builder-0/charm/./src/charm.py", line 81, in _on_install
    init_config = state.BuilderInitConfig.from_charm(self)
  File "/var/lib/juju/agents/unit-github-runner-image-builder-0/charm/src/state.py", line 398, in from_charm
    raise BuilderSetupConfigInvalidError(msg=str(exc)) from exc
state.BuilderSetupConfigInvalidError
unit-github-runner-image-builder-0: 00:15:03 ERROR unit.github-runner-image-builder/0.juju-log Wrong Charm Configuration
Traceback (most recent call last):
  File "/var/lib/juju/agents/unit-github-runner-image-builder-0/charm/src/state.py", line 396, in from_charm
    build_interval = _parse_build_interval(charm)
  File "/var/lib/juju/agents/unit-github-runner-image-builder-0/charm/src/state.py", line 259, in _parse_build_interval
    raise ValueError("Build interval must not be smaller than 1 or greater than 24")
ValueError: Build interval must not be smaller than 1 or greater than 24

The above exception was the direct cause of the following exception:

Traceback (most recent call last):
  File "/var/lib/juju/agents/unit-github-runner-image-builder-0/charm/src/charm_utils.py", line 68, in wrapper
    return method(instance, event)
  File "/var/lib/juju/agents/unit-github-runner-image-builder-0/charm/./src/charm.py", line 81, in _on_install
    init_config = state.BuilderInitConfig.from_charm(self)
  File "/var/lib/juju/agents/unit-github-runner-image-builder-0/charm/src/state.py", line 398, in from_charm
    raise BuilderSetupConfigInvalidError(msg=str(exc)) from exc
state.BuilderSetupConfigInvalidError

00:18:57 INFO Forgetting model main...