22:42:00 INFO Adding model lxd:test-charm-fork-path-change-t362 on cloud localhost
22:42:02 INFO Deploying ch:amd64/jammy/github-runner-image-builder-2
22:42:03 INFO Waiting for model:
  github-runner-image-builder/0 [allocating] waiting: waiting for machine
22:42:33 INFO Waiting for model:
  github-runner-image-builder/0 [allocating] waiting: waiting for machine
22:43:04 INFO Waiting for model:
  github-runner-image-builder/0 [allocating] waiting: waiting for machine
22:43:34 INFO Waiting for model:
  github-runner-image-builder/0 [allocating] waiting: waiting for machine
22:44:04 INFO Waiting for model:
  github-runner-image-builder/0 [allocating] waiting: waiting for machine
22:44:34 INFO Waiting for model:
  github-runner-image-builder/0 [allocating] waiting: agent initialising
22:45:04 INFO Waiting for model:
  github-runner-image-builder/0 [idle] blocked: Build interval must not be smaller than 1 or greater than 24
22:45:35 INFO Waiting for model:
  github-runner-image-builder/0 [idle] blocked: Build interval must not be smaller than 1 or greater than 24
22:46:05 INFO Waiting for model:
  github-runner-image-builder/0 [idle] blocked: Build interval must not be smaller than 1 or greater than 24
22:46:35 INFO Waiting for model:
  github-runner-image-builder/0 [idle] blocked: Build interval must not be smaller than 1 or greater than 24
22:47:06 INFO Waiting for model:
  github-runner-image-builder/0 [idle] blocked: Build interval must not be smaller than 1 or greater than 24
22:47:36 INFO Waiting for model:
  github-runner-image-builder/0 [idle] blocked: Build interval must not be smaller than 1 or greater than 24
22:48:06 INFO Waiting for model:
  github-runner-image-builder/0 [idle] blocked: Build interval must not be smaller than 1 or greater than 24
22:48:37 INFO Waiting for model:
  github-runner-image-builder/0 [idle] blocked: Build interval must not be smaller than 1 or greater than 24
22:49:07 INFO Waiting for model:
  github-runner-image-builder/0 [idle] blocked: Build interval must not be smaller than 1 or greater than 24
22:49:37 INFO Waiting for model:
  github-runner-image-builder/0 [idle] blocked: Build interval must not be smaller than 1 or greater than 24
22:50:08 INFO Waiting for model:
  github-runner-image-builder/0 [idle] blocked: Build interval must not be smaller than 1 or greater than 24
22:50:38 INFO Waiting for model:
  github-runner-image-builder/0 [idle] blocked: Build interval must not be smaller than 1 or greater than 24
22:51:08 INFO Waiting for model:
  github-runner-image-builder/0 [idle] blocked: Build interval must not be smaller than 1 or greater than 24
22:51:39 INFO Waiting for model:
  github-runner-image-builder/0 [idle] blocked: Build interval must not be smaller than 1 or greater than 24
22:52:09 INFO Waiting for model:
  github-runner-image-builder/0 [idle] blocked: Build interval must not be smaller than 1 or greater than 24
22:52:39 INFO Waiting for model:
  github-runner-image-builder/0 [idle] blocked: Build interval must not be smaller than 1 or greater than 24
22:53:10 INFO Waiting for model:
  github-runner-image-builder/0 [idle] blocked: Build interval must not be smaller than 1 or greater than 24
22:53:40 INFO Waiting for model:
  github-runner-image-builder/0 [idle] blocked: Build interval must not be smaller than 1 or greater than 24
22:54:10 INFO Waiting for model:
  github-runner-image-builder/0 [idle] blocked: Build interval must not be smaller than 1 or greater than 24
22:54:41 INFO Waiting for model:
  github-runner-image-builder/0 [idle] blocked: Build interval must not be smaller than 1 or greater than 24
22:55:11 INFO Waiting for model:
  github-runner-image-builder/0 [idle] blocked: Build interval must not be smaller than 1 or greater than 24
22:55:41 INFO Waiting for model:
  github-runner-image-builder/0 [idle] blocked: Build interval must not be smaller than 1 or greater than 24
22:56:12 INFO Waiting for model:
  github-runner-image-builder/0 [idle] blocked: Build interval must not be smaller than 1 or greater than 24
22:56:42 INFO Waiting for model:
  github-runner-image-builder/0 [idle] blocked: Build interval must not be smaller than 1 or greater than 24
22:57:12 INFO Waiting for model:
  github-runner-image-builder/0 [idle] blocked: Build interval must not be smaller than 1 or greater than 24
22:57:43 INFO Waiting for model:
  github-runner-image-builder/0 [idle] blocked: Build interval must not be smaller than 1 or greater than 24
22:58:13 INFO Waiting for model:
  github-runner-image-builder/0 [idle] blocked: Build interval must not be smaller than 1 or greater than 24
22:58:43 INFO Waiting for model:
  github-runner-image-builder/0 [idle] blocked: Build interval must not be smaller than 1 or greater than 24
22:59:14 INFO Waiting for model:
  github-runner-image-builder/0 [idle] blocked: Build interval must not be smaller than 1 or greater than 24
22:59:44 INFO Waiting for model:
  github-runner-image-builder/0 [idle] blocked: Build interval must not be smaller than 1 or greater than 24
23:00:14 INFO Waiting for model:
  github-runner-image-builder/0 [idle] blocked: Build interval must not be smaller than 1 or greater than 24
23:00:45 INFO Waiting for model:
  github-runner-image-builder/0 [idle] blocked: Build interval must not be smaller than 1 or greater than 24
23:01:15 INFO Waiting for model:
  github-runner-image-builder/0 [idle] blocked: Build interval must not be smaller than 1 or greater than 24
23:01:45 INFO Waiting for model:
  github-runner-image-builder/0 [idle] blocked: Build interval must not be smaller than 1 or greater than 24
23:02:16 INFO Waiting for model:
  github-runner-image-builder/0 [idle] blocked: Build interval must not be smaller than 1 or greater than 24
23:02:46 INFO Waiting for model:
  github-runner-image-builder/0 [idle] blocked: Build interval must not be smaller than 1 or greater than 24
23:03:16 INFO Waiting for model:
  github-runner-image-builder/0 [idle] blocked: Build interval must not be smaller than 1 or greater than 24
23:03:47 INFO Waiting for model:
  github-runner-image-builder/0 [idle] blocked: Build interval must not be smaller than 1 or greater than 24
23:04:17 INFO Waiting for model:
  github-runner-image-builder/0 [idle] blocked: Build interval must not be smaller than 1 or greater than 24
23:04:47 INFO Waiting for model:
  github-runner-image-builder/0 [idle] blocked: Build interval must not be smaller than 1 or greater than 24
23:05:17 INFO Waiting for model:
  github-runner-image-builder/0 [idle] blocked: Build interval must not be smaller than 1 or greater than 24
23:05:48 INFO Waiting for model:
  github-runner-image-builder/0 [idle] blocked: Build interval must not be smaller than 1 or greater than 24
23:06:18 INFO Waiting for model:
  github-runner-image-builder/0 [idle] blocked: Build interval must not be smaller than 1 or greater than 24
23:06:48 INFO Waiting for model:
  github-runner-image-builder/0 [idle] blocked: Build interval must not be smaller than 1 or greater than 24
23:07:19 INFO Waiting for model:
  github-runner-image-builder/0 [idle] blocked: Build interval must not be smaller than 1 or greater than 24
23:07:49 INFO Waiting for model:
  github-runner-image-builder/0 [idle] blocked: Build interval must not be smaller than 1 or greater than 24
23:08:19 INFO Waiting for model:
  github-runner-image-builder/0 [idle] blocked: Build interval must not be smaller than 1 or greater than 24
23:08:50 INFO Waiting for model:
  github-runner-image-builder/0 [idle] blocked: Build interval must not be smaller than 1 or greater than 24
23:09:20 INFO Waiting for model:
  github-runner-image-builder/0 [idle] blocked: Build interval must not be smaller than 1 or greater than 24
23:09:50 INFO Waiting for model:
  github-runner-image-builder/0 [idle] blocked: Build interval must not be smaller than 1 or greater than 24
23:10:21 INFO Waiting for model:
  github-runner-image-builder/0 [idle] blocked: Build interval must not be smaller than 1 or greater than 24
23:10:51 INFO Waiting for model:
  github-runner-image-builder/0 [idle] blocked: Build interval must not be smaller than 1 or greater than 24
23:11:21 INFO Waiting for model:
  github-runner-image-builder/0 [idle] blocked: Build interval must not be smaller than 1 or greater than 24
23:11:51 INFO Waiting for model:
  github-runner-image-builder/0 [idle] blocked: Build interval must not be smaller than 1 or greater than 24
23:12:03 INFO Model status:

Model                             Controller  Cloud/Region         Version  SLA          Timestamp
test-charm-fork-path-change-t362  lxd         localhost/localhost  3.6.1    unsupported  23:12:03Z

App                          Version  Status   Scale  Charm                        Channel      Rev  Exposed  Message
github-runner-image-builder           blocked      1  github-runner-image-builder  latest/edge    2  no       Build interval must not be smaller than 1 or greater than 24

Unit                            Workload  Agent  Machine  Public address  Ports  Message
github-runner-image-builder/0*  blocked   idle   0        10.167.75.99           Build interval must not be smaller than 1 or greater than 24

Machine  State    Address       Inst id        Base          AZ  Message
0        started  10.167.75.99  juju-795d7e-0  ubuntu@22.04      Running

23:12:03 INFO Juju error logs:

machine-0: 22:44:19 ERROR juju.worker.dependency "lxd-container-provisioner" manifold worker returned unexpected error: container types not yet available
machine-0: 22:44:19 ERROR juju.worker.dependency "kvm-container-provisioner" manifold worker returned unexpected error: container types not yet available
unit-github-runner-image-builder-0: 22:44:19 ERROR juju.worker.meterstatus error running "meter-status-changed": charm missing from disk
unit-github-runner-image-builder-0: 22:44:36 ERROR unit.github-runner-image-builder/0.juju-log Wrong Charm Configuration
Traceback (most recent call last):
  File "/var/lib/juju/agents/unit-github-runner-image-builder-0/charm/src/state.py", line 396, in from_charm
    build_interval = _parse_build_interval(charm)
  File "/var/lib/juju/agents/unit-github-runner-image-builder-0/charm/src/state.py", line 259, in _parse_build_interval
    raise ValueError("Build interval must not be smaller than 1 or greater than 24")
ValueError: Build interval must not be smaller than 1 or greater than 24

The above exception was the direct cause of the following exception:

Traceback (most recent call last):
  File "/var/lib/juju/agents/unit-github-runner-image-builder-0/charm/src/charm_utils.py", line 68, in wrapper
    return method(instance, event)
  File "/var/lib/juju/agents/unit-github-runner-image-builder-0/charm/./src/charm.py", line 81, in _on_install
    init_config = state.BuilderInitConfig.from_charm(self)
  File "/var/lib/juju/agents/unit-github-runner-image-builder-0/charm/src/state.py", line 398, in from_charm
    raise BuilderSetupConfigInvalidError(msg=str(exc)) from exc
state.BuilderSetupConfigInvalidError
unit-github-runner-image-builder-0: 22:44:36 ERROR unit.github-runner-image-builder/0.juju-log Wrong Charm Configuration
Traceback (most recent call last):
  File "/var/lib/juju/agents/unit-github-runner-image-builder-0/charm/src/state.py", line 396, in from_charm
    build_interval = _parse_build_interval(charm)
  File "/var/lib/juju/agents/unit-github-runner-image-builder-0/charm/src/state.py", line 259, in _parse_build_interval
    raise ValueError("Build interval must not be smaller than 1 or greater than 24")
ValueError: Build interval must not be smaller than 1 or greater than 24

The above exception was the direct cause of the following exception:

Traceback (most recent call last):
  File "/var/lib/juju/agents/unit-github-runner-image-builder-0/charm/src/charm_utils.py", line 68, in wrapper
    return method(instance, event)
  File "/var/lib/juju/agents/unit-github-runner-image-builder-0/charm/./src/charm.py", line 81, in _on_install
    init_config = state.BuilderInitConfig.from_charm(self)
  File "/var/lib/juju/agents/unit-github-runner-image-builder-0/charm/src/state.py", line 398, in from_charm
    raise BuilderSetupConfigInvalidError(msg=str(exc)) from exc
state.BuilderSetupConfigInvalidError
unit-github-runner-image-builder-0: 22:44:36 ERROR unit.github-runner-image-builder/0.juju-log Wrong Charm Configuration
Traceback (most recent call last):
  File "/var/lib/juju/agents/unit-github-runner-image-builder-0/charm/src/state.py", line 396, in from_charm
    build_interval = _parse_build_interval(charm)
  File "/var/lib/juju/agents/unit-github-runner-image-builder-0/charm/src/state.py", line 259, in _parse_build_interval
    raise ValueError("Build interval must not be smaller than 1 or greater than 24")
ValueError: Build interval must not be smaller than 1 or greater than 24

The above exception was the direct cause of the following exception:

Traceback (most recent call last):
  File "/var/lib/juju/agents/unit-github-runner-image-builder-0/charm/src/charm_utils.py", line 68, in wrapper
    return method(instance, event)
  File "/var/lib/juju/agents/unit-github-runner-image-builder-0/charm/./src/charm.py", line 81, in _on_install
    init_config = state.BuilderInitConfig.from_charm(self)
  File "/var/lib/juju/agents/unit-github-runner-image-builder-0/charm/src/state.py", line 398, in from_charm
    raise BuilderSetupConfigInvalidError(msg=str(exc)) from exc
state.BuilderSetupConfigInvalidError
unit-github-runner-image-builder-0: 22:44:36 ERROR unit.github-runner-image-builder/0.juju-log Wrong Charm Configuration
Traceback (most recent call last):
  File "/var/lib/juju/agents/unit-github-runner-image-builder-0/charm/src/state.py", line 396, in from_charm
    build_interval = _parse_build_interval(charm)
  File "/var/lib/juju/agents/unit-github-runner-image-builder-0/charm/src/state.py", line 259, in _parse_build_interval
    raise ValueError("Build interval must not be smaller than 1 or greater than 24")
ValueError: Build interval must not be smaller than 1 or greater than 24

The above exception was the direct cause of the following exception:

Traceback (most recent call last):
  File "/var/lib/juju/agents/unit-github-runner-image-builder-0/charm/src/charm_utils.py", line 68, in wrapper
    return method(instance, event)
  File "/var/lib/juju/agents/unit-github-runner-image-builder-0/charm/./src/charm.py", line 125, in _on_config_changed
    init_config = state.BuilderInitConfig.from_charm(self)
  File "/var/lib/juju/agents/unit-github-runner-image-builder-0/charm/src/state.py", line 398, in from_charm
    raise BuilderSetupConfigInvalidError(msg=str(exc)) from exc
state.BuilderSetupConfigInvalidError
unit-github-runner-image-builder-0: 22:44:37 ERROR unit.github-runner-image-builder/0.juju-log Wrong Charm Configuration
Traceback (most recent call last):
  File "/var/lib/juju/agents/unit-github-runner-image-builder-0/charm/src/state.py", line 396, in from_charm
    build_interval = _parse_build_interval(charm)
  File "/var/lib/juju/agents/unit-github-runner-image-builder-0/charm/src/state.py", line 259, in _parse_build_interval
    raise ValueError("Build interval must not be smaller than 1 or greater than 24")
ValueError: Build interval must not be smaller than 1 or greater than 24

The above exception was the direct cause of the following exception:

Traceback (most recent call last):
  File "/var/lib/juju/agents/unit-github-runner-image-builder-0/charm/src/charm_utils.py", line 68, in wrapper
    return method(instance, event)
  File "/var/lib/juju/agents/unit-github-runner-image-builder-0/charm/./src/charm.py", line 81, in _on_install
    init_config = state.BuilderInitConfig.from_charm(self)
  File "/var/lib/juju/agents/unit-github-runner-image-builder-0/charm/src/state.py", line 398, in from_charm
    raise BuilderSetupConfigInvalidError(msg=str(exc)) from exc
state.BuilderSetupConfigInvalidError
unit-github-runner-image-builder-0: 22:50:21 ERROR unit.github-runner-image-builder/0.juju-log Wrong Charm Configuration
Traceback (most recent call last):
  File "/var/lib/juju/agents/unit-github-runner-image-builder-0/charm/src/state.py", line 396, in from_charm
    build_interval = _parse_build_interval(charm)
  File "/var/lib/juju/agents/unit-github-runner-image-builder-0/charm/src/state.py", line 259, in _parse_build_interval
    raise ValueError("Build interval must not be smaller than 1 or greater than 24")
ValueError: Build interval must not be smaller than 1 or greater than 24

The above exception was the direct cause of the following exception:

Traceback (most recent call last):
  File "/var/lib/juju/agents/unit-github-runner-image-builder-0/charm/src/charm_utils.py", line 68, in wrapper
    return method(instance, event)
  File "/var/lib/juju/agents/unit-github-runner-image-builder-0/charm/./src/charm.py", line 81, in _on_install
    init_config = state.BuilderInitConfig.from_charm(self)
  File "/var/lib/juju/agents/unit-github-runner-image-builder-0/charm/src/state.py", line 398, in from_charm
    raise BuilderSetupConfigInvalidError(msg=str(exc)) from exc
state.BuilderSetupConfigInvalidError
unit-github-runner-image-builder-0: 22:55:01 ERROR unit.github-runner-image-builder/0.juju-log Wrong Charm Configuration
Traceback (most recent call last):
  File "/var/lib/juju/agents/unit-github-runner-image-builder-0/charm/src/state.py", line 396, in from_charm
    build_interval = _parse_build_interval(charm)
  File "/var/lib/juju/agents/unit-github-runner-image-builder-0/charm/src/state.py", line 259, in _parse_build_interval
    raise ValueError("Build interval must not be smaller than 1 or greater than 24")
ValueError: Build interval must not be smaller than 1 or greater than 24

The above exception was the direct cause of the following exception:

Traceback (most recent call last):
  File "/var/lib/juju/agents/unit-github-runner-image-builder-0/charm/src/charm_utils.py", line 68, in wrapper
    return method(instance, event)
  File "/var/lib/juju/agents/unit-github-runner-image-builder-0/charm/./src/charm.py", line 81, in _on_install
    init_config = state.BuilderInitConfig.from_charm(self)
  File "/var/lib/juju/agents/unit-github-runner-image-builder-0/charm/src/state.py", line 398, in from_charm
    raise BuilderSetupConfigInvalidError(msg=str(exc)) from exc
state.BuilderSetupConfigInvalidError
unit-github-runner-image-builder-0: 22:59:27 ERROR unit.github-runner-image-builder/0.juju-log Wrong Charm Configuration
Traceback (most recent call last):
  File "/var/lib/juju/agents/unit-github-runner-image-builder-0/charm/src/state.py", line 396, in from_charm
    build_interval = _parse_build_interval(charm)
  File "/var/lib/juju/agents/unit-github-runner-image-builder-0/charm/src/state.py", line 259, in _parse_build_interval
    raise ValueError("Build interval must not be smaller than 1 or greater than 24")
ValueError: Build interval must not be smaller than 1 or greater than 24

The above exception was the direct cause of the following exception:

Traceback (most recent call last):
  File "/var/lib/juju/agents/unit-github-runner-image-builder-0/charm/src/charm_utils.py", line 68, in wrapper
    return method(instance, event)
  File "/var/lib/juju/agents/unit-github-runner-image-builder-0/charm/./src/charm.py", line 81, in _on_install
    init_config = state.BuilderInitConfig.from_charm(self)
  File "/var/lib/juju/agents/unit-github-runner-image-builder-0/charm/src/state.py", line 398, in from_charm
    raise BuilderSetupConfigInvalidError(msg=str(exc)) from exc
state.BuilderSetupConfigInvalidError
unit-github-runner-image-builder-0: 23:04:53 ERROR unit.github-runner-image-builder/0.juju-log Wrong Charm Configuration
Traceback (most recent call last):
  File "/var/lib/juju/agents/unit-github-runner-image-builder-0/charm/src/state.py", line 396, in from_charm
    build_interval = _parse_build_interval(charm)
  File "/var/lib/juju/agents/unit-github-runner-image-builder-0/charm/src/state.py", line 259, in _parse_build_interval
    raise ValueError("Build interval must not be smaller than 1 or greater than 24")
ValueError: Build interval must not be smaller than 1 or greater than 24

The above exception was the direct cause of the following exception:

Traceback (most recent call last):
  File "/var/lib/juju/agents/unit-github-runner-image-builder-0/charm/src/charm_utils.py", line 68, in wrapper
    return method(instance, event)
  File "/var/lib/juju/agents/unit-github-runner-image-builder-0/charm/./src/charm.py", line 81, in _on_install
    init_config = state.BuilderInitConfig.from_charm(self)
  File "/var/lib/juju/agents/unit-github-runner-image-builder-0/charm/src/state.py", line 398, in from_charm
    raise BuilderSetupConfigInvalidError(msg=str(exc)) from exc
state.BuilderSetupConfigInvalidError
unit-github-runner-image-builder-0: 23:09:56 ERROR unit.github-runner-image-builder/0.juju-log Wrong Charm Configuration
Traceback (most recent call last):
  File "/var/lib/juju/agents/unit-github-runner-image-builder-0/charm/src/state.py", line 396, in from_charm
    build_interval = _parse_build_interval(charm)
  File "/var/lib/juju/agents/unit-github-runner-image-builder-0/charm/src/state.py", line 259, in _parse_build_interval
    raise ValueError("Build interval must not be smaller than 1 or greater than 24")
ValueError: Build interval must not be smaller than 1 or greater than 24

The above exception was the direct cause of the following exception:

Traceback (most recent call last):
  File "/var/lib/juju/agents/unit-github-runner-image-builder-0/charm/src/charm_utils.py", line 68, in wrapper
    return method(instance, event)
  File "/var/lib/juju/agents/unit-github-runner-image-builder-0/charm/./src/charm.py", line 81, in _on_install
    init_config = state.BuilderInitConfig.from_charm(self)
  File "/var/lib/juju/agents/unit-github-runner-image-builder-0/charm/src/state.py", line 398, in from_charm
    raise BuilderSetupConfigInvalidError(msg=str(exc)) from exc
state.BuilderSetupConfigInvalidError

23:12:03 INFO Forgetting model main...