06:41:19 INFO Waiting for model:
  test-etnqc5fz/0 [idle] active: 
06:41:49 INFO Waiting for model:
  test-etnqc5fz/0 [idle] active: 
06:41:52 INFO Current reconcile ID: 57bae4e7-6f1b-457f-802c-adf6c9d25fe4
06:41:52 INFO Waiting for reconcile ID: 57bae4e7-6f1b-457f-802c-adf6c9d25fe4
06:42:53 INFO Current reconcile ID: 57bae4e7-6f1b-457f-802c-adf6c9d25fe4
06:42:53 INFO Current reconcile ID: 57bae4e7-6f1b-457f-802c-adf6c9d25fe4, expected reconcile ID: 57bae4e7-6f1b-457f-802c-adf6c9d25fe4
06:42:53 INFO Waiting for reconcile ID: 57bae4e7-6f1b-457f-802c-adf6c9d25fe4
06:43:54 INFO Current reconcile ID: 3d6414ce-e7f7-4a02-a972-86872d74b3da
06:43:54 INFO Current reconcile ID: 3d6414ce-e7f7-4a02-a972-86872d74b3da, expected reconcile ID: 57bae4e7-6f1b-457f-802c-adf6c9d25fe4
06:43:58 INFO [TEST SETUP] Exposing port 8080 on test-etnqc5fz-0-n-babb17bd95fb
06:43:58 WARNING dict_values([[{'version': 4, 'addr': '10.151.122.40', 'OS-EXT-IPS:type': 'fixed', 'OS-EXT-IPS-MAC:mac_addr': 'fa:16:3e:aa:e2:60'}]])
06:43:59 INFO ssh tunnel command ssh -fNT -R 8080:localhost:8080 -i /home/runner-manager/.ssh/test-etnqc5fz-0-n-babb17bd95fb.key -o "StrictHostKeyChecking no" -o "ControlPersist yes" ubuntu@10.151.122.40 &
06:44:00 INFO ssh tunnel result 0 None Warning: Permanently added '10.151.122.40' (ED25519) to the list of known hosts.

06:44:01 INFO [TEST SETUP] Run command nc -z localhost 8080 on test-etnqc5fz-0-n-babb17bd95fb
06:44:01 WARNING dict_values([[{'version': 4, 'addr': '10.151.122.40', 'OS-EXT-IPS:type': 'fixed', 'OS-EXT-IPS-MAC:mac_addr': 'fa:16:3e:aa:e2:60'}]])
06:44:02 WARNING ssh_cmd: su - ubuntu -c 'ssh -i /home/runner-manager/.ssh/test-etnqc5fz-0-n-babb17bd95fb.key -o "StrictHostKeyChecking no" ubuntu@10.151.122.40 nc -z localhost 8080'
06:44:03 INFO Run command 'nc -z localhost 8080' in runner with result 0: 'None' 'Connection to localhost (127.0.0.1) 8080 port [tcp/http-alt] succeeded!
'
06:44:04 INFO [TEST SETUP] Run command curl http://localhost:8080 on test-etnqc5fz-0-n-babb17bd95fb
06:44:04 WARNING dict_values([[{'version': 4, 'addr': '10.151.122.40', 'OS-EXT-IPS:type': 'fixed', 'OS-EXT-IPS-MAC:mac_addr': 'fa:16:3e:aa:e2:60'}]])
06:44:05 WARNING ssh_cmd: su - ubuntu -c 'ssh -i /home/runner-manager/.ssh/test-etnqc5fz-0-n-babb17bd95fb.key -o "StrictHostKeyChecking no" ubuntu@10.151.122.40 curl http://localhost:8080'
06:44:06 INFO Run command 'curl http://localhost:8080' in runner with result 0: '<!doctype html>
<html lang=en>
<title>404 Not Found</title>
<h1>Not Found</h1>
<p>The requested URL was not found on the server. If you entered the URL manually please check your spelling and try again.</p>
' '  % Total    % Received % Xferd  Average Speed   Time    Time     Time  Current
                                 Dload  Upload   Total   Spent    Left  Speed
  0     0    0     0    0     0      0      0 --:--:-- --:--:-- --:--:--     0100   207  100   207    0     0  68092      0 --:--:-- --:--:-- --:--:-- 69000
'
06:44:07 INFO Wait for condition not met, sleeping 10
06:44:18 INFO Waiting for model:
  test-etnqc5fz/0 [idle] active: 
06:44:48 INFO Waiting for model:
  test-etnqc5fz/0 [idle] active: 
06:44:51 INFO Current reconcile ID: 13758184-1d38-489b-a940-769abc7201ba
06:44:51 INFO Waiting for reconcile ID: 13758184-1d38-489b-a940-769abc7201ba
06:45:52 INFO Current reconcile ID: 13758184-1d38-489b-a940-769abc7201ba
06:45:52 INFO Current reconcile ID: 13758184-1d38-489b-a940-769abc7201ba, expected reconcile ID: 13758184-1d38-489b-a940-769abc7201ba
06:45:52 INFO Waiting for reconcile ID: 13758184-1d38-489b-a940-769abc7201ba
06:46:53 INFO Current reconcile ID: 49441b75-29a4-4b1b-92ab-b00997d14198
06:46:53 INFO Current reconcile ID: 49441b75-29a4-4b1b-92ab-b00997d14198, expected reconcile ID: 13758184-1d38-489b-a940-769abc7201ba
06:46:53 INFO Model status:

Model                   Controller           Cloud/Region         Version  SLA          Timestamp
test-charm-runner-8hgv  github-pr-dfddc-lxd  localhost/localhost  3.6.12   unsupported  06:46:53Z

App                                   Version  Status  Scale  Charm          Channel      Rev  Exposed  Message
github-runner-image-builder-etnqc5fz           active      1  any-charm      latest/beta  124  no       
test-etnqc5fz                                  active      1  github-runner                 0  yes      

Unit                                     Workload  Agent  Machine  Public address  Ports     Message
github-runner-image-builder-etnqc5fz/0*  active    idle   0        10.90.122.162             
test-etnqc5fz/0*                         active    idle   1        10.90.122.126   8080/tcp  

Machine  State    Address        Inst id        Base          AZ             Message
0        started  10.90.122.162  juju-ec040a-0  ubuntu@24.04  github-runner  Running
1        started  10.90.122.126  juju-ec040a-1  ubuntu@22.04  github-runner  Running

06:46:54 INFO Juju error logs:

machine-0: 06:18:03 ERROR juju.worker.dependency "kvm-container-provisioner" manifold worker returned unexpected error: container types not yet available
machine-0: 06:18:03 ERROR juju.worker.dependency "lxd-container-provisioner" manifold worker returned unexpected error: container types not yet available
machine-1: 06:19:13 ERROR juju.worker.dependency "lxd-container-provisioner" manifold worker returned unexpected error: container types not yet available
machine-1: 06:19:13 ERROR juju.worker.dependency "kvm-container-provisioner" manifold worker returned unexpected error: container types not yet available
unit-test-etnqc5fz-0: 06:20:17 ERROR unit.test-etnqc5fz/0.juju-log Missing image integration.
Traceback (most recent call last):
  File "/var/lib/juju/agents/unit-test-etnqc5fz-0/charm/./src/charm.py", line 119, in func_with_catch_errors
    func(self, event)
  File "/var/lib/juju/agents/unit-test-etnqc5fz-0/charm/./src/charm.py", line 354, in _on_config_changed
    self._check_image_ready()
  File "/var/lib/juju/agents/unit-test-etnqc5fz-0/charm/./src/charm.py", line 524, in _check_image_ready
    raise ImageIntegrationMissingError("No image integration found")
errors.ImageIntegrationMissingError: No image integration found
unit-test-etnqc5fz-0: 06:20:19 ERROR unit.test-etnqc5fz/0.juju-log Missing image integration.
Traceback (most recent call last):
  File "/var/lib/juju/agents/unit-test-etnqc5fz-0/charm/./src/charm.py", line 119, in func_with_catch_errors
    func(self, event)
  File "/var/lib/juju/agents/unit-test-etnqc5fz-0/charm/./src/charm.py", line 317, in _on_start
    self._check_image_ready()
  File "/var/lib/juju/agents/unit-test-etnqc5fz-0/charm/./src/charm.py", line 524, in _check_image_ready
    raise ImageIntegrationMissingError("No image integration found")
errors.ImageIntegrationMissingError: No image integration found

06:46:54 INFO Forgetting model main...