18:19:13 WARNING unexpected facade SSHServer received from the controller
18:19:13 INFO Adding model github-pr-71e3b-lxd:test-charm-fork-repo-6clm on cloud localhost
18:19:13 WARNING unexpected facade SSHServer received from the controller
18:19:13 WARNING unexpected facade SSHSession received from the controller
18:19:13 WARNING unexpected facade SSHTunneler received from the controller
18:19:14 INFO Deploying fake image builder via any-charm for image ID 1ad6e456-fa35-47ef-988f-1e793a60f258
18:19:15 INFO Deploying ch:amd64/noble/any-charm-124
18:19:29 INFO Deploying local:jammy/github-runner-0
18:19:29 INFO Waiting for model:
  test-w7fqn5wu/0 [allocating] waiting: waiting for machine
  github-runner-image-builder-w7fqn5wu/0 [allocating] waiting: waiting for machine
18:20:00 INFO Waiting for model:
  test-w7fqn5wu/0 [allocating] waiting: waiting for machine
  github-runner-image-builder-w7fqn5wu/0 [idle] active: 
18:20:30 INFO Waiting for model:
  test-w7fqn5wu/0 [allocating] waiting: waiting for machine
18:21:01 INFO Waiting for model:
  test-w7fqn5wu/0 [allocating] waiting: agent initialising
18:21:31 INFO Waiting for model:
  test-w7fqn5wu/0 [executing] maintenance: installing charm software
18:22:01 INFO Waiting for model:
  test-w7fqn5wu/0 [executing] maintenance: installing charm software
18:22:32 INFO Waiting for model:
  test-w7fqn5wu/0 [executing] maintenance: Update image for runners
18:22:49 INFO GitHub token rate limit: Rate(reset=2026-01-02 19:13:14+00:00, remaining=4900, limit=5000)
18:23:39 INFO Waiting for model:
  test-w7fqn5wu/0 [idle] active: 
18:24:09 INFO Waiting for model:
  test-w7fqn5wu/0 [idle] active: 
18:24:12 INFO Current reconcile ID: 8c315af5-b909-4e35-b8d4-ba8578907e1c
18:24:12 INFO Waiting for reconcile ID: 8c315af5-b909-4e35-b8d4-ba8578907e1c
18:25:13 INFO Current reconcile ID: 8c315af5-b909-4e35-b8d4-ba8578907e1c
18:25:13 INFO Current reconcile ID: 8c315af5-b909-4e35-b8d4-ba8578907e1c, expected reconcile ID: 8c315af5-b909-4e35-b8d4-ba8578907e1c
18:25:13 INFO Waiting for reconcile ID: 8c315af5-b909-4e35-b8d4-ba8578907e1c
18:26:14 INFO Current reconcile ID: a0049ca9-60f2-479b-911d-55f71d0a0159
18:26:14 INFO Current reconcile ID: a0049ca9-60f2-479b-911d-55f71d0a0159, expected reconcile ID: 8c315af5-b909-4e35-b8d4-ba8578907e1c
18:26:18 INFO [TEST SETUP] Exposing port 8080 on test-w7fqn5wu-0-n-6796b8e073d4
18:26:18 WARNING dict_values([[{'version': 4, 'addr': '10.151.122.18', 'OS-EXT-IPS:type': 'fixed', 'OS-EXT-IPS-MAC:mac_addr': 'fa:16:3e:c1:6d:61'}]])
18:26:19 INFO ssh tunnel command ssh -fNT -R 8080:localhost:8080 -i /home/runner-manager/.ssh/test-w7fqn5wu-0-n-6796b8e073d4.key -o "StrictHostKeyChecking no" -o "ControlPersist yes" ubuntu@10.151.122.18 &
18:26:20 INFO ssh tunnel result 0 None Warning: Permanently added '10.151.122.18' (ED25519) to the list of known hosts.

18:26:21 INFO [TEST SETUP] Run command nc -z localhost 8080 on test-w7fqn5wu-0-n-6796b8e073d4
18:26:21 WARNING dict_values([[{'version': 4, 'addr': '10.151.122.18', 'OS-EXT-IPS:type': 'fixed', 'OS-EXT-IPS-MAC:mac_addr': 'fa:16:3e:c1:6d:61'}]])
18:26:22 WARNING ssh_cmd: su - ubuntu -c 'ssh -i /home/runner-manager/.ssh/test-w7fqn5wu-0-n-6796b8e073d4.key -o "StrictHostKeyChecking no" ubuntu@10.151.122.18 nc -z localhost 8080'
18:26:23 INFO Run command 'nc -z localhost 8080' in runner with result 0: 'None' 'Connection to localhost (127.0.0.1) 8080 port [tcp/http-alt] succeeded!
'
18:26:24 INFO [TEST SETUP] Run command curl http://localhost:8080 on test-w7fqn5wu-0-n-6796b8e073d4
18:26:24 WARNING dict_values([[{'version': 4, 'addr': '10.151.122.18', 'OS-EXT-IPS:type': 'fixed', 'OS-EXT-IPS-MAC:mac_addr': 'fa:16:3e:c1:6d:61'}]])
18:26:25 WARNING ssh_cmd: su - ubuntu -c 'ssh -i /home/runner-manager/.ssh/test-w7fqn5wu-0-n-6796b8e073d4.key -o "StrictHostKeyChecking no" ubuntu@10.151.122.18 curl http://localhost:8080'
18:26:26 INFO Run command 'curl http://localhost:8080' in runner with result 0: '<!doctype html>
<html lang=en>
<title>404 Not Found</title>
<h1>Not Found</h1>
<p>The requested URL was not found on the server. If you entered the URL manually please check your spelling and try again.</p>
' '  % Total    % Received % Xferd  Average Speed   Time    Time     Time  Current
                                 Dload  Upload   Total   Spent    Left  Speed
  0     0    0     0    0     0      0      0 --:--:-- --:--:-- --:--:--     0100   207  100   207    0     0  82866      0 --:--:-- --:--:-- --:--:--  101k
'
18:26:28 INFO Wait for condition not met, sleeping 10
18:26:39 INFO Wait for condition not met, sleeping 60
18:27:42 INFO Model status:

Model                      Controller           Cloud/Region         Version  SLA          Timestamp
test-charm-fork-repo-6clm  github-pr-71e3b-lxd  localhost/localhost  3.6.12   unsupported  18:27:42Z

App                                   Version  Status  Scale  Charm          Channel      Rev  Exposed  Message
github-runner-image-builder-w7fqn5wu           active      1  any-charm      latest/beta  124  no       
test-w7fqn5wu                                  active      1  github-runner                 0  yes      

Unit                                     Workload  Agent  Machine  Public address  Ports     Message
github-runner-image-builder-w7fqn5wu/0*  active    idle   0        10.80.120.213             
test-w7fqn5wu/0*                         active    idle   1        10.80.120.217   8080/tcp  

Machine  State    Address        Inst id        Base          AZ             Message
0        started  10.80.120.213  juju-a0f3f3-0  ubuntu@24.04  github-runner  Running
1        started  10.80.120.217  juju-a0f3f3-1  ubuntu@22.04  github-runner  Running

18:27:43 INFO Juju error logs:

machine-0: 18:19:50 ERROR juju.worker.dependency "kvm-container-provisioner" manifold worker returned unexpected error: container types not yet available
machine-0: 18:19:50 ERROR juju.worker.dependency "lxd-container-provisioner" manifold worker returned unexpected error: container types not yet available
machine-1: 18:20:58 ERROR juju.worker.dependency "kvm-container-provisioner" manifold worker returned unexpected error: container types not yet available
machine-1: 18:20:58 ERROR juju.worker.dependency "lxd-container-provisioner" manifold worker returned unexpected error: container types not yet available
unit-test-w7fqn5wu-0: 18:22:10 ERROR unit.test-w7fqn5wu/0.juju-log Missing image integration.
Traceback (most recent call last):
  File "/var/lib/juju/agents/unit-test-w7fqn5wu-0/charm/./src/charm.py", line 119, in func_with_catch_errors
    func(self, event)
  File "/var/lib/juju/agents/unit-test-w7fqn5wu-0/charm/./src/charm.py", line 354, in _on_config_changed
    self._check_image_ready()
  File "/var/lib/juju/agents/unit-test-w7fqn5wu-0/charm/./src/charm.py", line 524, in _check_image_ready
    raise ImageIntegrationMissingError("No image integration found")
errors.ImageIntegrationMissingError: No image integration found
unit-test-w7fqn5wu-0: 18:22:12 ERROR unit.test-w7fqn5wu/0.juju-log Missing image integration.
Traceback (most recent call last):
  File "/var/lib/juju/agents/unit-test-w7fqn5wu-0/charm/./src/charm.py", line 119, in func_with_catch_errors
    func(self, event)
  File "/var/lib/juju/agents/unit-test-w7fqn5wu-0/charm/./src/charm.py", line 317, in _on_start
    self._check_image_ready()
  File "/var/lib/juju/agents/unit-test-w7fqn5wu-0/charm/./src/charm.py", line 524, in _check_image_ready
    raise ImageIntegrationMissingError("No image integration found")
errors.ImageIntegrationMissingError: No image integration found

18:27:43 INFO Forgetting model main...