06:20:01 WARNING unexpected facade SSHServer received from the controller
06:20:01 INFO Adding model github-pr-71e3b-lxd:test-charm-upgrade-i2yj on cloud localhost
06:20:01 WARNING unexpected facade SSHServer received from the controller
06:20:01 WARNING unexpected facade SSHSession received from the controller
06:20:01 WARNING unexpected facade SSHTunneler received from the controller
06:20:01 INFO Deploying fake image builder via any-charm for image ID 1ad6e456-fa35-47ef-988f-1e793a60f258
06:20:03 INFO Deploying ch:amd64/noble/any-charm-124
06:20:20 INFO Deploying local:jammy/github-runner-0
06:20:20 INFO Waiting for model:
  test-gfyq3dgo/0 [allocating] waiting: waiting for machine
  github-runner-image-builder-gfyq3dgo/0 [allocating] waiting: waiting for machine
06:20:50 INFO Waiting for model:
  test-gfyq3dgo/0 [allocating] waiting: waiting for machine
  github-runner-image-builder-gfyq3dgo/0 [executing] maintenance: installing charm software
06:21:20 INFO Waiting for model:
  test-gfyq3dgo/0 [allocating] waiting: waiting for machine
  github-runner-image-builder-gfyq3dgo/0 [idle] active: 
06:21:50 INFO Waiting for model:
  test-gfyq3dgo/0 [allocating] waiting: agent initialising
06:22:20 INFO Waiting for model:
  test-gfyq3dgo/0 [executing] maintenance: installing charm software
06:22:50 INFO Waiting for model:
  test-gfyq3dgo/0 [executing] maintenance: Update image for runners
06:23:20 INFO Waiting for model:
  test-gfyq3dgo/0 [idle] active: 
06:25:15 INFO Waiting for model:
  test-gfyq3dgo/0 [idle] active:
06:25:46 INFO Model status:

Model                    Controller           Cloud/Region         Version  SLA          Timestamp
test-charm-upgrade-i2yj  github-pr-71e3b-lxd  localhost/localhost  3.6.12   unsupported  06:25:46Z

App                                   Version  Status  Scale  Charm          Channel      Rev  Exposed  Message
github-runner-image-builder-gfyq3dgo           active      1  any-charm      latest/beta  124  no       
test-gfyq3dgo                                  active      1  github-runner                 1  no       

Unit                                     Workload  Agent  Machine  Public address  Ports  Message
github-runner-image-builder-gfyq3dgo/0*  active    idle   0        10.67.25.135           
test-gfyq3dgo/0*                         active    idle   1        10.67.25.240           

Machine  State    Address       Inst id        Base          AZ             Message
0        started  10.67.25.135  juju-140919-0  ubuntu@24.04  github-runner  Running
1        started  10.67.25.240  juju-140919-1  ubuntu@22.04  github-runner  Running

06:25:46 INFO Juju error logs:

machine-0: 06:20:43 ERROR juju.worker.dependency "kvm-container-provisioner" manifold worker returned unexpected error: container types not yet available
machine-0: 06:20:43 ERROR juju.worker.dependency "lxd-container-provisioner" manifold worker returned unexpected error: container types not yet available
machine-1: 06:21:44 ERROR juju.worker.dependency "lxd-container-provisioner" manifold worker returned unexpected error: container types not yet available
machine-1: 06:21:44 ERROR juju.worker.dependency "kvm-container-provisioner" manifold worker returned unexpected error: container types not yet available
unit-test-gfyq3dgo-0: 06:22:39 ERROR unit.test-gfyq3dgo/0.juju-log Missing image integration.
Traceback (most recent call last):
  File "/var/lib/juju/agents/unit-test-gfyq3dgo-0/charm/./src/charm.py", line 119, in func_with_catch_errors
    func(self, event)
  File "/var/lib/juju/agents/unit-test-gfyq3dgo-0/charm/./src/charm.py", line 354, in _on_config_changed
    self._check_image_ready()
  File "/var/lib/juju/agents/unit-test-gfyq3dgo-0/charm/./src/charm.py", line 524, in _check_image_ready
    raise ImageIntegrationMissingError("No image integration found")
errors.ImageIntegrationMissingError: No image integration found
unit-test-gfyq3dgo-0: 06:22:41 ERROR unit.test-gfyq3dgo/0.juju-log Missing image integration.
Traceback (most recent call last):
  File "/var/lib/juju/agents/unit-test-gfyq3dgo-0/charm/./src/charm.py", line 119, in func_with_catch_errors
    func(self, event)
  File "/var/lib/juju/agents/unit-test-gfyq3dgo-0/charm/./src/charm.py", line 317, in _on_start
    self._check_image_ready()
  File "/var/lib/juju/agents/unit-test-gfyq3dgo-0/charm/./src/charm.py", line 524, in _check_image_ready
    raise ImageIntegrationMissingError("No image integration found")
errors.ImageIntegrationMissingError: No image integration found

06:25:46 INFO Forgetting model main...