18:48:47 INFO Waiting for model:
  test-goyxsgow/0 [idle] active: 
18:49:04 INFO Current reconcile ID: b888399c-b33d-455b-9ce5-0f995bac2407
18:50:05 INFO Current reconcile ID: 09ead587-fb45-4c4d-b2e4-66c5a1f51103
18:50:07 INFO Model status:

Model                      Controller           Cloud/Region         Version  SLA          Timestamp
test-charm-no-runner-7581  github-pr-15abe-lxd  localhost/localhost  3.6.8    unsupported  18:50:06Z

App                                   Version  Status  Scale  Charm                        Channel      Rev  Exposed  Message
github-runner-image-builder-goyxsgow           active      1  github-runner-image-builder  latest/edge  100  no       
test-goyxsgow                                  active      1  github-runner                               0  no       

Unit                                     Workload  Agent  Machine  Public address  Ports  Message
github-runner-image-builder-goyxsgow/0*  active    idle   0        10.242.113.151         
test-goyxsgow/0*                         active    idle   1        10.242.113.121         

Machine  State    Address         Inst id        Base          AZ  Message
0        started  10.242.113.151  juju-dd1847-0  ubuntu@22.04      Running
1        started  10.242.113.121  juju-dd1847-1  ubuntu@22.04      Running

18:50:07 INFO Juju error logs:

machine-0: 18:26:39 ERROR juju.worker.dependency "lxd-container-provisioner" manifold worker returned unexpected error: container types not yet available
machine-0: 18:26:39 ERROR juju.worker.dependency "kvm-container-provisioner" manifold worker returned unexpected error: container types not yet available
unit-github-runner-image-builder-goyxsgow-0: 18:26:40 ERROR juju.worker.meterstatus error running "meter-status-changed": charm missing from disk
machine-1: 18:26:48 ERROR juju.worker.dependency "lxd-container-provisioner" manifold worker returned unexpected error: container types not yet available
machine-1: 18:26:48 ERROR juju.worker.dependency "kvm-container-provisioner" manifold worker returned unexpected error: container types not yet available
unit-test-goyxsgow-0: 18:26:49 ERROR juju.worker.meterstatus error running "meter-status-changed": charm missing from disk
unit-github-runner-image-builder-goyxsgow-0: 18:27:33 ERROR unit.github-runner-image-builder-goyxsgow/0.juju-log Pipx command failed, code: 1, out: None, err: None
unit-test-goyxsgow-0: 18:28:17 ERROR unit.test-goyxsgow/0.juju-log Missing image integration.
Traceback (most recent call last):
  File "/var/lib/juju/agents/unit-test-goyxsgow-0/charm/./src/charm.py", line 118, in func_with_catch_errors
    func(self, event)
  File "/var/lib/juju/agents/unit-test-goyxsgow-0/charm/./src/charm.py", line 342, in _on_config_changed
    self._check_image_ready()
  File "/var/lib/juju/agents/unit-test-goyxsgow-0/charm/./src/charm.py", line 512, in _check_image_ready
    raise ImageIntegrationMissingError("No image integration found")
errors.ImageIntegrationMissingError: No image integration found
unit-test-goyxsgow-0: 18:28:21 ERROR unit.test-goyxsgow/0.juju-log Missing image integration.
Traceback (most recent call last):
  File "/var/lib/juju/agents/unit-test-goyxsgow-0/charm/./src/charm.py", line 118, in func_with_catch_errors
    func(self, event)
  File "/var/lib/juju/agents/unit-test-goyxsgow-0/charm/./src/charm.py", line 313, in _on_start
    self._check_image_ready()
  File "/var/lib/juju/agents/unit-test-goyxsgow-0/charm/./src/charm.py", line 512, in _check_image_ready
    raise ImageIntegrationMissingError("No image integration found")
errors.ImageIntegrationMissingError: No image integration found
unit-test-goyxsgow-0: 18:29:34 ERROR unit.test-goyxsgow/0.juju-log image:0: Missing image in image integration.
Traceback (most recent call last):
  File "/var/lib/juju/agents/unit-test-goyxsgow-0/charm/./src/charm.py", line 118, in func_with_catch_errors
    func(self, event)
  File "/var/lib/juju/agents/unit-test-goyxsgow-0/charm/./src/charm.py", line 477, in _on_image_relation_changed
    self._check_image_ready()
  File "/var/lib/juju/agents/unit-test-goyxsgow-0/charm/./src/charm.py", line 514, in _check_image_ready
    raise ImageNotFoundError("No image found in the image integration")
errors.ImageNotFoundError: No image found in the image integration

18:50:07 INFO Forgetting model main...