18:27:03 INFO IP Address to use as the fake jobmanager: 10.145.216.244
18:27:03 WARNING unexpected facade SSHServer received from the controller
18:27:03 INFO Adding model github-pr-15abe-lxd:test-jobmanager-reactive-7kej on cloud localhost
18:27:04 WARNING unexpected facade SSHServer received from the controller
18:27:04 WARNING unexpected facade SSHSession received from the controller
18:27:04 WARNING unexpected facade SSHTunneler received from the controller
18:27:04 WARNING unexpected facade SSHServer received from the controller
18:27:06 INFO Deploying ch:amd64/jammy/mongodb-224
18:27:08 INFO Deploying ch:amd64/jammy/github-runner-image-builder-100
18:28:41 INFO Deploying local:jammy/github-runner-0
18:28:42 INFO Waiting for model:
  test-bj9qzvyk/0 [allocating] waiting: waiting for machine
  github-runner-image-builder-bj9qzvyk/0 [allocating] waiting: waiting for machine
18:29:12 INFO Waiting for model:
  test-bj9qzvyk/0 [allocating] waiting: waiting for machine
  github-runner-image-builder-bj9qzvyk/0 [allocating] waiting: waiting for machine
18:29:42 INFO Waiting for model:
  test-bj9qzvyk/0 [allocating] waiting: waiting for machine
  github-runner-image-builder-bj9qzvyk/0 [allocating] waiting: waiting for machine
18:30:12 INFO Waiting for model:
  test-bj9qzvyk/0 [allocating] waiting: waiting for machine
  github-runner-image-builder-bj9qzvyk/0 [allocating] waiting: agent initialising
18:30:43 INFO Waiting for model:
  test-bj9qzvyk/0 [allocating] waiting: agent initialising
  github-runner-image-builder-bj9qzvyk/0 [allocating] waiting: agent initialising
18:31:13 INFO Waiting for model:
  test-bj9qzvyk/0 [allocating] waiting: agent initialising
  github-runner-image-builder-bj9qzvyk/0 [executing] maintenance: Setting up Builder.
18:31:43 INFO Waiting for model:
  test-bj9qzvyk/0 [executing] maintenance: installing charm software
  github-runner-image-builder-bj9qzvyk/0 [executing] maintenance: Setting up Builder.
18:32:14 INFO Waiting for model:
  test-bj9qzvyk/0 [executing] maintenance: installing charm software
  github-runner-image-builder-bj9qzvyk/0 [executing] maintenance: Setting up Builder.
18:32:44 INFO Waiting for model:
  test-bj9qzvyk/0 [executing] maintenance: installing charm software
  github-runner-image-builder-bj9qzvyk/0 [executing] maintenance: Setting up Builder.
18:33:15 INFO Waiting for model:
  test-bj9qzvyk/0 [executing] blocked: Please provide image integration.
  github-runner-image-builder-bj9qzvyk/0 [executing] maintenance: Setting up Builder.
18:33:45 INFO Waiting for model:
  test-bj9qzvyk/0 [idle] blocked: Please provide image integration.
  github-runner-image-builder-bj9qzvyk/0 [executing] maintenance: Setting up Builder.
18:34:15 INFO Waiting for model:
  test-bj9qzvyk/0 [idle] waiting: Waiting for image over integration.
  github-runner-image-builder-bj9qzvyk/0 [executing] blocked: image integration required.
18:34:45 INFO Waiting for model:
  test-bj9qzvyk/0 [idle] waiting: Waiting for image over integration.
  github-runner-image-builder-bj9qzvyk/0 [executing] active: Building image.
18:35:15 INFO Waiting for model:
  test-bj9qzvyk/0 [idle] waiting: Waiting for image over integration.
  github-runner-image-builder-bj9qzvyk/0 [executing] active: Building image.
18:35:23 INFO OpenStack servers: []
18:35:23 INFO cli: juju debug-log --model github-pr-15abe-lxd:test-jobmanager-reactive-7kej --limit 1000
18:35:24 INFO Model status:

Model                          Controller           Cloud/Region         Version  SLA          Timestamp
test-jobmanager-reactive-7kej  github-pr-15abe-lxd  localhost/localhost  3.6.8    unsupported  18:35:24Z

App                                   Version  Status   Scale  Charm                        Channel      Rev  Exposed  Message
github-runner-image-builder-bj9qzvyk           error        1  github-runner-image-builder  latest/edge  100  no       hook failed: "image-relation-changed"
mongodb                               6.0.24   active       1  mongodb                      6/edge       224  no       
test-bj9qzvyk                                  waiting      1  github-runner                               0  no       Waiting for image over integration.

Unit                                     Workload  Agent  Machine  Public address  Ports      Message
github-runner-image-builder-bj9qzvyk/0*  error     idle   1        10.196.28.164              hook failed: "image-relation-changed"
mongodb/0*                               active    idle   0        10.196.28.170   27017/tcp  Primary.
test-bj9qzvyk/0*                         waiting   idle   2        10.196.28.163              Waiting for image over integration.

Machine  State    Address        Inst id        Base          AZ  Message
0        started  10.196.28.170  juju-f1223d-0  ubuntu@22.04      Running
1        started  10.196.28.164  juju-f1223d-1  ubuntu@22.04      Running
2        started  10.196.28.163  juju-f1223d-2  ubuntu@22.04      Running

18:35:24 INFO Juju error logs:

machine-0: 18:28:50 ERROR juju.worker.dependency "kvm-container-provisioner" manifold worker returned unexpected error: container types not yet available
machine-0: 18:28:50 ERROR juju.worker.dependency "lxd-container-provisioner" manifold worker returned unexpected error: container types not yet available
unit-mongodb-0: 18:28:50 ERROR juju.worker.meterstatus error running "meter-status-changed": charm missing from disk
machine-1: 18:29:57 ERROR juju.worker.dependency "lxd-container-provisioner" manifold worker returned unexpected error: container types not yet available
machine-1: 18:29:57 ERROR juju.worker.dependency "kvm-container-provisioner" manifold worker returned unexpected error: container types not yet available
unit-github-runner-image-builder-bj9qzvyk-0: 18:29:58 ERROR juju.worker.meterstatus error running "meter-status-changed": charm missing from disk
machine-2: 18:30:15 ERROR juju.worker.dependency "kvm-container-provisioner" manifold worker returned unexpected error: container types not yet available
machine-2: 18:30:15 ERROR juju.worker.dependency "lxd-container-provisioner" manifold worker returned unexpected error: container types not yet available
unit-test-bj9qzvyk-0: 18:30:15 ERROR juju.worker.meterstatus error running "meter-status-changed": charm missing from disk
unit-mongodb-0: 18:30:38 ERROR unit.mongodb/0.juju-log Unable to set params: ['vm.max_map_count']
unit-mongodb-0: 18:30:39 ERROR unit.mongodb/0.juju-log Error setting values on sysctl: Unable to set params: ['vm.max_map_count']
unit-github-runner-image-builder-bj9qzvyk-0: 18:31:57 ERROR unit.github-runner-image-builder-bj9qzvyk/0.juju-log Pipx command failed, code: 1, out: None, err: None
unit-test-bj9qzvyk-0: 18:33:13 ERROR unit.test-bj9qzvyk/0.juju-log Missing image integration.
Traceback (most recent call last):
  File "/var/lib/juju/agents/unit-test-bj9qzvyk-0/charm/./src/charm.py", line 118, in func_with_catch_errors
    func(self, event)
  File "/var/lib/juju/agents/unit-test-bj9qzvyk-0/charm/./src/charm.py", line 342, in _on_config_changed
    self._check_image_ready()
  File "/var/lib/juju/agents/unit-test-bj9qzvyk-0/charm/./src/charm.py", line 512, in _check_image_ready
    raise ImageIntegrationMissingError("No image integration found")
errors.ImageIntegrationMissingError: No image integration found
unit-test-bj9qzvyk-0: 18:33:17 ERROR unit.test-bj9qzvyk/0.juju-log Missing image integration.
Traceback (most recent call last):
  File "/var/lib/juju/agents/unit-test-bj9qzvyk-0/charm/./src/charm.py", line 118, in func_with_catch_errors
    func(self, event)
  File "/var/lib/juju/agents/unit-test-bj9qzvyk-0/charm/./src/charm.py", line 313, in _on_start
    self._check_image_ready()
  File "/var/lib/juju/agents/unit-test-bj9qzvyk-0/charm/./src/charm.py", line 512, in _check_image_ready
    raise ImageIntegrationMissingError("No image integration found")
errors.ImageIntegrationMissingError: No image integration found
unit-test-bj9qzvyk-0: 18:34:07 ERROR unit.test-bj9qzvyk/0.juju-log image:4: Missing image in image integration.
Traceback (most recent call last):
  File "/var/lib/juju/agents/unit-test-bj9qzvyk-0/charm/./src/charm.py", line 118, in func_with_catch_errors
    func(self, event)
  File "/var/lib/juju/agents/unit-test-bj9qzvyk-0/charm/./src/charm.py", line 477, in _on_image_relation_changed
    self._check_image_ready()
  File "/var/lib/juju/agents/unit-test-bj9qzvyk-0/charm/./src/charm.py", line 514, in _check_image_ready
    raise ImageNotFoundError("No image found in the image integration")
errors.ImageNotFoundError: No image found in the image integration
unit-github-runner-image-builder-bj9qzvyk-0: 18:34:22 ERROR unit.github-runner-image-builder-bj9qzvyk/0.juju-log image:4: Image build failed, code: 1, out: , err: None, stdout: 
unit-github-runner-image-builder-bj9qzvyk-0: 18:34:33 ERROR unit.github-runner-image-builder-bj9qzvyk/0.juju-log image:4: Image build failed, code: 1, out: , err: None, stdout: 
unit-github-runner-image-builder-bj9qzvyk-0: 18:34:43 ERROR unit.github-runner-image-builder-bj9qzvyk/0.juju-log image:4: Image build failed, code: 1, out: , err: None, stdout: 
unit-github-runner-image-builder-bj9qzvyk-0: 18:35:01 ERROR unit.github-runner-image-builder-bj9qzvyk/0.juju-log image:4: Image build failed, code: 1, out: , err: None, stdout: 
unit-github-runner-image-builder-bj9qzvyk-0: 18:35:22 ERROR unit.github-runner-image-builder-bj9qzvyk/0.juju-log image:4: Image build failed, code: 1, out: , err: None, stdout: 
unit-github-runner-image-builder-bj9qzvyk-0: 18:35:22 ERROR unit.github-runner-image-builder-bj9qzvyk/0.juju-log image:4: Uncaught exception while in charm code:
multiprocessing.pool.RemoteTraceback: 
"""
Traceback (most recent call last):
  File "/var/lib/juju/agents/unit-github-runner-image-builder-bj9qzvyk-0/charm/src/builder.py", line 523, in _run
    stdout = subprocess.check_output(  # pylint: disable=unexpected-keyword-arg # nosec:B603
  File "/usr/lib/python3.10/subprocess.py", line 421, in check_output
    return run(*popenargs, stdout=PIPE, timeout=timeout, check=True,
  File "/usr/lib/python3.10/subprocess.py", line 526, in run
    raise CalledProcessError(retcode, process.args,
subprocess.CalledProcessError: Command '['/usr/bin/run-one', '/usr/bin/sudo', '--preserve-env', '/home/ubuntu/.local/bin/github-runner-image-builder', '--os-cloud', 'builder', 'run', 'github-runner-image-builder-bj9qzvyk-noble-x64', '--flavor', 'builder-cpu2-ram4-disk50', '--keep-revisions', '2', '--network', 'net_stg-github-runner-test', '--prefix', 'github-runner-image-builder-bj9qzvyk', '--upload-clouds', 'stg-github-runner-test_project_stg-github-runner-test', '--arch', 'x64', '--base-image', 'noble', '--script-url', 'https://git.launchpad.net/job-manager/plain/scripts/post-image-build.sh?h=main', '--proxy', 'squid.ps6.internal:3128']' returned non-zero exit status 1.

The above exception was the direct cause of the following exception:

Traceback (most recent call last):
  File "/usr/lib/python3.10/multiprocessing/pool.py", line 125, in worker
    result = (True, func(*args, **kwds))
  File "/usr/lib/python3.10/multiprocessing/pool.py", line 48, in mapstar
    return list(map(*args))
  File "/var/lib/juju/agents/unit-github-runner-image-builder-bj9qzvyk-0/charm/venv/tenacity/__init__.py", line 338, in wrapped_f
    return copy(f, *args, **kw)
  File "/var/lib/juju/agents/unit-github-runner-image-builder-bj9qzvyk-0/charm/venv/tenacity/__init__.py", line 477, in __call__
    do = self.iter(retry_state=retry_state)
  File "/var/lib/juju/agents/unit-github-runner-image-builder-bj9qzvyk-0/charm/venv/tenacity/__init__.py", line 378, in iter
    result = action(retry_state)
  File "/var/lib/juju/agents/unit-github-runner-image-builder-bj9qzvyk-0/charm/venv/tenacity/__init__.py", line 420, in exc_check
    raise retry_exc.reraise()
  File "/var/lib/juju/agents/unit-github-runner-image-builder-bj9qzvyk-0/charm/venv/tenacity/__init__.py", line 187, in reraise
    raise self.last_attempt.result()
  File "/usr/lib/python3.10/concurrent/futures/_base.py", line 451, in result
    return self.__get_result()
  File "/usr/lib/python3.10/concurrent/futures/_base.py", line 403, in __get_result
    raise self._exception
  File "/var/lib/juju/agents/unit-github-runner-image-builder-bj9qzvyk-0/charm/venv/tenacity/__init__.py", line 480, in __call__
    result = fn(*args, **kwargs)
  File "/var/lib/juju/agents/unit-github-runner-image-builder-bj9qzvyk-0/charm/src/builder.py", line 553, in _run
    raise BuilderRunError from exc
exceptions.BuilderRunError
"""

The above exception was the direct cause of the following exception:

Traceback (most recent call last):
  File "/var/lib/juju/agents/unit-github-runner-image-builder-bj9qzvyk-0/charm/./src/charm.py", line 339, in <module>
    ops.main.main(GithubRunnerImageBuilderCharm)
  File "/var/lib/juju/agents/unit-github-runner-image-builder-bj9qzvyk-0/charm/venv/ops/__init__.py", line 359, in main
    return _legacy_main.main(
  File "/var/lib/juju/agents/unit-github-runner-image-builder-bj9qzvyk-0/charm/venv/ops/main.py", line 39, in main
    return _main.main(charm_class=charm_class, use_juju_for_storage=use_juju_for_storage)
  File "/var/lib/juju/agents/unit-github-runner-image-builder-bj9qzvyk-0/charm/venv/ops/_main.py", line 496, in main
    manager.run()
  File "/var/lib/juju/agents/unit-github-runner-image-builder-bj9qzvyk-0/charm/venv/ops/_main.py", line 480, in run
    self._emit()
  File "/var/lib/juju/agents/unit-github-runner-image-builder-bj9qzvyk-0/charm/venv/ops/_main.py", line 415, in _emit
    self._emit_charm_event(self.dispatcher.event_name)
  File "/var/lib/juju/agents/unit-github-runner-image-builder-bj9qzvyk-0/charm/venv/ops/_main.py", line 459, in _emit_charm_event
    event_to_emit.emit(*args, **kwargs)
  File "/var/lib/juju/agents/unit-github-runner-image-builder-bj9qzvyk-0/charm/venv/ops/framework.py", line 351, in emit
    framework._emit(event)
  File "/var/lib/juju/agents/unit-github-runner-image-builder-bj9qzvyk-0/charm/venv/ops/framework.py", line 924, in _emit
    self._reemit(event_path)
  File "/var/lib/juju/agents/unit-github-runner-image-builder-bj9qzvyk-0/charm/venv/ops/framework.py", line 1030, in _reemit
    custom_handler(event)
  File "/var/lib/juju/agents/unit-github-runner-image-builder-bj9qzvyk-0/charm/src/charm_utils.py", line 68, in wrapper
    return method(instance, event)
  File "/var/lib/juju/agents/unit-github-runner-image-builder-bj9qzvyk-0/charm/./src/charm.py", line 153, in _on_image_relation_changed
    self._run(cloud_id=cloud_id)
  File "/var/lib/juju/agents/unit-github-runner-image-builder-bj9qzvyk-0/charm/./src/charm.py", line 253, in _run
    cloud_images = builder.run(
  File "/var/lib/juju/agents/unit-github-runner-image-builder-bj9qzvyk-0/charm/src/builder.py", line 435, in run
    build_results = pool.map(_run, build_configs)
  File "/usr/lib/python3.10/multiprocessing/pool.py", line 367, in map
    return self._map_async(func, iterable, mapstar, chunksize).get()
  File "/usr/lib/python3.10/multiprocessing/pool.py", line 774, in get
    raise self._value
exceptions.BuilderRunError
unit-github-runner-image-builder-bj9qzvyk-0: 18:35:22 ERROR juju.worker.uniter.operation hook "image-relation-changed" (via hook dispatching script: dispatch) failed: exit status 1

18:35:24 INFO Forgetting model main...