06:26:23 WARNING unexpected facade SSHServer received from the controller
06:26:23 INFO Adding model github-pr-b2250-lxd:test-charm-fork-path-change-yyg3 on cloud localhost
06:26:24 WARNING unexpected facade SSHServer received from the controller
06:26:24 WARNING unexpected facade SSHSession received from the controller
06:26:24 WARNING unexpected facade SSHTunneler received from the controller
06:26:26 INFO Deploying ch:amd64/jammy/github-runner-image-builder-100
06:26:51 INFO Deploying local:jammy/github-runner-0
06:26:51 INFO Waiting for model:
  test-smencctq/0 [allocating] waiting: waiting for machine
  github-runner-image-builder-smencctq/0 [allocating] waiting: waiting for machine
06:27:22 INFO Waiting for model:
  test-smencctq/0 [allocating] waiting: waiting for machine
  github-runner-image-builder-smencctq/0 [allocating] waiting: waiting for machine
06:27:52 INFO Waiting for model:
  test-smencctq/0 [allocating] waiting: agent initialising
  github-runner-image-builder-smencctq/0 [executing] maintenance: installing charm software
06:28:22 INFO Waiting for model:
  test-smencctq/0 [executing] maintenance: installing charm software
  github-runner-image-builder-smencctq/0 [executing] maintenance: Setting up Builder.
06:28:53 INFO Waiting for model:
  test-smencctq/0 [executing] maintenance: installing charm software
  github-runner-image-builder-smencctq/0 [executing] maintenance: Setting up Builder.
06:29:23 INFO Waiting for model:
  test-smencctq/0 [idle] blocked: Please provide image integration.
  github-runner-image-builder-smencctq/0 [executing] maintenance: Setting up Builder.
06:29:53 INFO Waiting for model:
  test-smencctq/0 [idle] blocked: Please provide image integration.
  github-runner-image-builder-smencctq/0 [executing] maintenance: Setting up Builder.
06:30:23 INFO Waiting for model:
  test-smencctq/0 [idle] blocked: Please provide image integration.
  github-runner-image-builder-smencctq/0 [executing] maintenance: Setting up Builder.
06:30:53 INFO Waiting for model:
  test-smencctq/0 [idle] waiting: Waiting for image over integration.
  github-runner-image-builder-smencctq/0 [executing] active: Building image.
06:31:23 INFO Waiting for model:
  test-smencctq/0 [idle] waiting: Waiting for image over integration.
  github-runner-image-builder-smencctq/0 [executing] active: Building image.
06:31:53 INFO Waiting for model:
  test-smencctq/0 [idle] waiting: Waiting for image over integration.
  github-runner-image-builder-smencctq/0 [executing] active: Building image.
06:32:24 INFO Waiting for model:
  test-smencctq/0 [idle] waiting: Waiting for image over integration.
  github-runner-image-builder-smencctq/0 [executing] active: Building image.
06:32:54 INFO Waiting for model:
  test-smencctq/0 [idle] waiting: Waiting for image over integration.
  github-runner-image-builder-smencctq/0 [executing] active: Building image.
06:33:24 INFO Waiting for model:
  test-smencctq/0 [idle] waiting: Waiting for image over integration.
  github-runner-image-builder-smencctq/0 [executing] active: Building image.
06:33:55 INFO Waiting for model:
  test-smencctq/0 [idle] waiting: Waiting for image over integration.
  github-runner-image-builder-smencctq/0 [executing] active: Building image.
06:34:25 INFO Waiting for model:
  test-smencctq/0 [idle] waiting: Waiting for image over integration.
  github-runner-image-builder-smencctq/0 [executing] active: Building image.
06:34:55 INFO Waiting for model:
  test-smencctq/0 [idle] waiting: Waiting for image over integration.
  github-runner-image-builder-smencctq/0 [executing] active: Building image.
06:35:26 INFO Waiting for model:
  test-smencctq/0 [idle] waiting: Waiting for image over integration.
  github-runner-image-builder-smencctq/0 [executing] active: Building image.
06:35:56 INFO Waiting for model:
  test-smencctq/0 [idle] waiting: Waiting for image over integration.
  github-runner-image-builder-smencctq/0 [executing] active: Building image.
06:36:26 INFO Waiting for model:
  test-smencctq/0 [idle] waiting: Waiting for image over integration.
  github-runner-image-builder-smencctq/0 [executing] active: Building image.
06:36:57 INFO Waiting for model:
  test-smencctq/0 [idle] waiting: Waiting for image over integration.
  github-runner-image-builder-smencctq/0 [executing] active: Building image.
06:37:27 INFO Waiting for model:
  test-smencctq/0 [idle] waiting: Waiting for image over integration.
  github-runner-image-builder-smencctq/0 [executing] active: Building image.
06:37:58 INFO Waiting for model:
  test-smencctq/0 [idle] waiting: Waiting for image over integration.
  github-runner-image-builder-smencctq/0 [executing] active: Building image.
06:38:28 INFO Waiting for model:
  test-smencctq/0 [idle] waiting: Waiting for image over integration.
  github-runner-image-builder-smencctq/0 [executing] active: Building image.
06:38:58 INFO Waiting for model:
  test-smencctq/0 [idle] waiting: Waiting for image over integration.
  github-runner-image-builder-smencctq/0 [executing] active: Building image.
06:39:29 INFO Waiting for model:
  test-smencctq/0 [idle] waiting: Waiting for image over integration.
  github-runner-image-builder-smencctq/0 [executing] active: Building image.
06:39:59 INFO Waiting for model:
  test-smencctq/0 [idle] waiting: Waiting for image over integration.
  github-runner-image-builder-smencctq/0 [executing] active: Building image.
06:40:29 INFO Waiting for model:
  test-smencctq/0 [idle] waiting: Waiting for image over integration.
  github-runner-image-builder-smencctq/0 [executing] active: Building image.
06:40:59 INFO Waiting for model:
  test-smencctq/0 [idle] waiting: Waiting for image over integration.
  github-runner-image-builder-smencctq/0 [executing] active: Building image.
06:41:30 INFO Waiting for model:
  test-smencctq/0 [idle] waiting: Waiting for image over integration.
  github-runner-image-builder-smencctq/0 [executing] active: Building image.
06:42:00 INFO Waiting for model:
  test-smencctq/0 [idle] waiting: Waiting for image over integration.
  github-runner-image-builder-smencctq/0 [executing] active: Building image.
06:42:31 INFO Waiting for model:
  test-smencctq/0 [executing] maintenance: Update image for runners
06:42:51 INFO GitHub token rate limit: Rate(reset=2025-08-08 06:47:13+00:00, remaining=4915, limit=5000)
06:43:03 INFO test_path_config_change
06:43:03 INFO Waiting for model:
  test-smencctq/0 [idle] active: 
06:43:33 INFO Waiting for model:
  test-smencctq/0 [idle] active: 
06:44:01 INFO Ensure there is a runner (this calls reconcile)
06:44:01 INFO Waiting for model:
  test-smencctq/0 [idle] active: 
06:44:32 INFO Waiting for model:
  test-smencctq/0 [idle] active: 
06:44:35 INFO Current reconcile ID: c68aa282-cd34-40b3-896c-efd22a1aa728
06:45:36 INFO Current reconcile ID: c68aa282-cd34-40b3-896c-efd22a1aa728
06:46:37 INFO Current reconcile ID: 750ef03f-4bc8-4b1c-bdc4-ca801ac1f6b3
06:46:42 INFO Reconciling (again)
06:46:42 INFO Waiting for model:
  test-smencctq/0 [idle] active: 
06:47:12 INFO Waiting for model:
  test-smencctq/0 [executing] active: 
06:47:31 INFO Current reconcile ID: 812a30a3-5993-45bb-9571-fa55b0e894b8
06:48:32 INFO Current reconcile ID: 812a30a3-5993-45bb-9571-fa55b0e894b8
06:49:33 INFO Current reconcile ID: c0ed99c1-5cc6-4570-a6ee-1a2a8ca14da6
06:50:19 INFO runners: ['test-smencctq-0-n-4c61ba994f23']
06:50:20 INFO runners in github repo: [SelfHostedActionsRunner(name="amd-jammy-stg-private-endpoint-ps7-0-n-dcc254cab91e"), SelfHostedActionsRunner(name="os-amd-jammy-staging-ps6-4-n-14bf4b07c378"), SelfHostedActionsRunner(name="os-amd-jammy-staging-ps6-4-n-33aea998bd3f"), SelfHostedActionsRunner(name="os-amd-jammy-staging-ps6-4-n-3eddd5e1cc38"), SelfHostedActionsRunner(name="os-amd-jammy-staging-ps6-4-n-3fcb850642e7"), SelfHostedActionsRunner(name="os-amd-jammy-staging-ps6-4-n-5ea3439b9be6"), SelfHostedActionsRunner(name="os-amd-jammy-staging-ps6-4-n-6768f4c11c35"), SelfHostedActionsRunner(name="os-amd-jammy-staging-ps6-4-n-711888d7cee0"), SelfHostedActionsRunner(name="os-amd-jammy-staging-ps6-4-n-c0cbfe179589"), SelfHostedActionsRunner(name="os-amd-jammy-staging-ps6-4-n-d3841ee5ba2c"), SelfHostedActionsRunner(name="os-amd-jammy-staging-ps6-4-n-e20ee188b0cc"), SelfHostedActionsRunner(name="os-amd-jammy-staging-ps7-0-n-5aefa44a4c33"), SelfHostedActionsRunner(name="test-a7sywwmg-0-n-ecb6410f651e"), SelfHostedActionsRunner(name="test-aiqt3kbk-0-n-d5b413962bdb"), SelfHostedActionsRunner(name="test-ewfbw34j-0-n-19f900f4dc33"), SelfHostedActionsRunner(name="test-f9o86qcx-0-n-aef9b1871232"), SelfHostedActionsRunner(name="test-favt1l0j-0-n-5f88c6a11444"), SelfHostedActionsRunner(name="test-fbykhf72-0-n-b519f8d5ebba"), SelfHostedActionsRunner(name="test-i0fgv3ra-0-n-8d8e134a9e5c"), SelfHostedActionsRunner(name="test-ic7g1dxu-0-n-3d1fc22fcef3"), SelfHostedActionsRunner(name="test-j37smu88-0-n-77cccd408042"), SelfHostedActionsRunner(name="test-jiqg5txm-0-n-13b41e6d49db"), SelfHostedActionsRunner(name="test-kin8wzk2-0-n-68a9366c639a"), SelfHostedActionsRunner(name="test-l6v9wdhj-0-n-1def0fd2323f"), SelfHostedActionsRunner(name="test-lbymyr73-0-n-8cf6af972e2e"), SelfHostedActionsRunner(name="test-nmk1fxze-0-n-c1d00459d403"), SelfHostedActionsRunner(name="test-puybu9f3-0-n-3e76bd8f7cae"), SelfHostedActionsRunner(name="test-qbn7t4sn-0-n-b7b13aacd1c0"), SelfHostedActionsRunner(name="test-qn7vw8r7-0-n-ed523d26adb2"), SelfHostedActionsRunner(name="test-r724iau6-0-n-f7dd9116e039"), SelfHostedActionsRunner(name="test-rr8fbvqh-0-n-2c23f41c229a"), SelfHostedActionsRunner(name="test-rzi77bej-0-n-c2693bdf1f29"), SelfHostedActionsRunner(name="test-s5wpficn-0-n-6f66a9ac218c"), SelfHostedActionsRunner(name="test-smencctq-0-n-4c61ba994f23"), SelfHostedActionsRunner(name="test-tx8tw5wb-0-n-b83ba9df4850"), SelfHostedActionsRunner(name="test-uwt6wd2r-0-n-2238a7f48cd5"), SelfHostedActionsRunner(name="test-voc169uw-0-n-e9824e172322")]
06:50:23 INFO Model status:

Model                             Controller           Cloud/Region         Version  SLA          Timestamp
test-charm-fork-path-change-yyg3  github-pr-b2250-lxd  localhost/localhost  3.6.8    unsupported  06:50:23Z

App                                   Version  Status  Scale  Charm                        Channel      Rev  Exposed  Message
github-runner-image-builder-smencctq           active      1  github-runner-image-builder  latest/edge  100  no       
test-smencctq                                  active      1  github-runner                               0  no       

Unit                                     Workload  Agent  Machine  Public address  Ports  Message
github-runner-image-builder-smencctq/0*  active    idle   0        10.234.235.235         
test-smencctq/0*                         active    idle   1        10.234.235.172         

Machine  State    Address         Inst id        Base          AZ  Message
0        started  10.234.235.235  juju-0c9ce3-0  ubuntu@22.04      Running
1        started  10.234.235.172  juju-0c9ce3-1  ubuntu@22.04      Running

06:50:23 INFO Juju error logs:

machine-0: 06:27:37 ERROR juju.worker.dependency "kvm-container-provisioner" manifold worker returned unexpected error: container types not yet available
machine-0: 06:27:37 ERROR juju.worker.dependency "lxd-container-provisioner" manifold worker returned unexpected error: container types not yet available
unit-github-runner-image-builder-smencctq-0: 06:27:37 ERROR juju.worker.meterstatus error running "meter-status-changed": charm missing from disk
machine-1: 06:27:43 ERROR juju.worker.dependency "lxd-container-provisioner" manifold worker returned unexpected error: container types not yet available
machine-1: 06:27:43 ERROR juju.worker.dependency "kvm-container-provisioner" manifold worker returned unexpected error: container types not yet available
unit-test-smencctq-0: 06:27:43 ERROR juju.worker.meterstatus error running "meter-status-changed": charm missing from disk
unit-github-runner-image-builder-smencctq-0: 06:28:25 ERROR unit.github-runner-image-builder-smencctq/0.juju-log Pipx command failed, code: 1, out: None, err: None
unit-test-smencctq-0: 06:29:03 ERROR unit.test-smencctq/0.juju-log Missing image integration.
Traceback (most recent call last):
  File "/var/lib/juju/agents/unit-test-smencctq-0/charm/./src/charm.py", line 118, in func_with_catch_errors
    func(self, event)
  File "/var/lib/juju/agents/unit-test-smencctq-0/charm/./src/charm.py", line 342, in _on_config_changed
    self._check_image_ready()
  File "/var/lib/juju/agents/unit-test-smencctq-0/charm/./src/charm.py", line 512, in _check_image_ready
    raise ImageIntegrationMissingError("No image integration found")
errors.ImageIntegrationMissingError: No image integration found
unit-test-smencctq-0: 06:29:05 ERROR unit.test-smencctq/0.juju-log Missing image integration.
Traceback (most recent call last):
  File "/var/lib/juju/agents/unit-test-smencctq-0/charm/./src/charm.py", line 118, in func_with_catch_errors
    func(self, event)
  File "/var/lib/juju/agents/unit-test-smencctq-0/charm/./src/charm.py", line 313, in _on_start
    self._check_image_ready()
  File "/var/lib/juju/agents/unit-test-smencctq-0/charm/./src/charm.py", line 512, in _check_image_ready
    raise ImageIntegrationMissingError("No image integration found")
errors.ImageIntegrationMissingError: No image integration found
unit-test-smencctq-0: 06:30:36 ERROR unit.test-smencctq/0.juju-log image:0: Missing image in image integration.
Traceback (most recent call last):
  File "/var/lib/juju/agents/unit-test-smencctq-0/charm/./src/charm.py", line 118, in func_with_catch_errors
    func(self, event)
  File "/var/lib/juju/agents/unit-test-smencctq-0/charm/./src/charm.py", line 477, in _on_image_relation_changed
    self._check_image_ready()
  File "/var/lib/juju/agents/unit-test-smencctq-0/charm/./src/charm.py", line 514, in _check_image_ready
    raise ImageNotFoundError("No image found in the image integration")
errors.ImageNotFoundError: No image found in the image integration

06:50:23 INFO Forgetting model main...