06:26:23 WARNING unexpected facade SSHServer received from the controller
06:26:23 INFO Adding model github-pr-b2250-lxd:test-charm-fork-repo-0i7k on cloud localhost
06:26:23 WARNING unexpected facade SSHServer received from the controller
06:26:23 WARNING unexpected facade SSHSession received from the controller
06:26:23 WARNING unexpected facade SSHTunneler received from the controller
06:26:25 INFO Deploying ch:amd64/jammy/github-runner-image-builder-100
06:26:50 INFO Deploying local:jammy/github-runner-0
06:26:50 INFO Waiting for model:
  test-w4n28w4h/0 [allocating] waiting: waiting for machine
  github-runner-image-builder-w4n28w4h/0 [allocating] waiting: waiting for machine
06:27:20 INFO Waiting for model:
  test-w4n28w4h/0 [allocating] waiting: waiting for machine
  github-runner-image-builder-w4n28w4h/0 [allocating] waiting: waiting for machine
06:27:50 INFO Waiting for model:
  test-w4n28w4h/0 [allocating] waiting: agent initialising
  github-runner-image-builder-w4n28w4h/0 [executing] maintenance: Setting up Builder.
06:28:20 INFO Waiting for model:
  test-w4n28w4h/0 [executing] maintenance: installing charm software
  github-runner-image-builder-w4n28w4h/0 [executing] maintenance: Setting up Builder.
06:28:50 INFO Waiting for model:
  test-w4n28w4h/0 [executing] maintenance: installing charm software
  github-runner-image-builder-w4n28w4h/0 [executing] maintenance: Setting up Builder.
06:29:21 INFO Waiting for model:
  test-w4n28w4h/0 [idle] blocked: Please provide image integration.
  github-runner-image-builder-w4n28w4h/0 [executing] maintenance: Setting up Builder.
06:29:51 INFO Waiting for model:
  test-w4n28w4h/0 [idle] blocked: Please provide image integration.
  github-runner-image-builder-w4n28w4h/0 [executing] maintenance: Setting up Builder.
06:30:21 INFO Waiting for model:
  test-w4n28w4h/0 [idle] blocked: Please provide image integration.
  github-runner-image-builder-w4n28w4h/0 [executing] maintenance: Setting up Builder.
06:30:51 INFO Waiting for model:
  test-w4n28w4h/0 [idle] blocked: Please provide image integration.
  github-runner-image-builder-w4n28w4h/0 [executing] maintenance: Setting up Builder.
06:31:22 INFO Waiting for model:
  test-w4n28w4h/0 [idle] blocked: Please provide image integration.
  github-runner-image-builder-w4n28w4h/0 [executing] maintenance: Setting up Builder.
06:31:52 INFO Waiting for model:
  test-w4n28w4h/0 [executing] maintenance: Update image for runners
  github-runner-image-builder-w4n28w4h/0 [executing] blocked: image integration required.
06:32:22 INFO Waiting for model:
  test-w4n28w4h/0 [idle] waiting: Waiting for image over integration.
  github-runner-image-builder-w4n28w4h/0 [executing] active: Building image.
06:32:53 INFO Waiting for model:
  test-w4n28w4h/0 [idle] waiting: Waiting for image over integration.
  github-runner-image-builder-w4n28w4h/0 [executing] active: Building image.
06:33:23 INFO Waiting for model:
  test-w4n28w4h/0 [idle] waiting: Waiting for image over integration.
  github-runner-image-builder-w4n28w4h/0 [executing] active: Building image.
06:33:53 INFO Waiting for model:
  test-w4n28w4h/0 [idle] waiting: Waiting for image over integration.
  github-runner-image-builder-w4n28w4h/0 [executing] active: Building image.
06:34:24 INFO Waiting for model:
  test-w4n28w4h/0 [idle] waiting: Waiting for image over integration.
  github-runner-image-builder-w4n28w4h/0 [executing] active: Building image.
06:34:54 INFO Waiting for model:
  test-w4n28w4h/0 [idle] waiting: Waiting for image over integration.
  github-runner-image-builder-w4n28w4h/0 [executing] active: Building image.
06:35:24 INFO Waiting for model:
  test-w4n28w4h/0 [idle] waiting: Waiting for image over integration.
  github-runner-image-builder-w4n28w4h/0 [executing] active: Building image.
06:35:54 INFO Waiting for model:
  test-w4n28w4h/0 [idle] waiting: Waiting for image over integration.
  github-runner-image-builder-w4n28w4h/0 [executing] active: Building image.
06:36:25 INFO Waiting for model:
  test-w4n28w4h/0 [idle] waiting: Waiting for image over integration.
  github-runner-image-builder-w4n28w4h/0 [executing] active: Building image.
06:36:55 INFO Waiting for model:
  test-w4n28w4h/0 [idle] waiting: Waiting for image over integration.
  github-runner-image-builder-w4n28w4h/0 [executing] active: Building image.
06:37:25 INFO Waiting for model:
  test-w4n28w4h/0 [idle] waiting: Waiting for image over integration.
  github-runner-image-builder-w4n28w4h/0 [executing] active: Building image.
06:37:56 INFO Waiting for model:
  test-w4n28w4h/0 [idle] waiting: Waiting for image over integration.
  github-runner-image-builder-w4n28w4h/0 [executing] active: Building image.
06:38:26 INFO Waiting for model:
  test-w4n28w4h/0 [idle] waiting: Waiting for image over integration.
  github-runner-image-builder-w4n28w4h/0 [executing] active: Building image.
06:38:56 INFO Waiting for model:
  test-w4n28w4h/0 [idle] waiting: Waiting for image over integration.
  github-runner-image-builder-w4n28w4h/0 [executing] active: Building image.
06:39:26 INFO Waiting for model:
  test-w4n28w4h/0 [idle] waiting: Waiting for image over integration.
  github-runner-image-builder-w4n28w4h/0 [executing] active: Building image.
06:39:57 INFO Waiting for model:
  test-w4n28w4h/0 [idle] waiting: Waiting for image over integration.
  github-runner-image-builder-w4n28w4h/0 [executing] active: Building image.
06:40:27 INFO Waiting for model:
  test-w4n28w4h/0 [idle] waiting: Waiting for image over integration.
  github-runner-image-builder-w4n28w4h/0 [executing] active: Building image.
06:40:58 INFO Waiting for model:
  test-w4n28w4h/0 [idle] waiting: Waiting for image over integration.
  github-runner-image-builder-w4n28w4h/0 [executing] active: Building image.
06:41:28 INFO Waiting for model:
  test-w4n28w4h/0 [idle] waiting: Waiting for image over integration.
  github-runner-image-builder-w4n28w4h/0 [executing] active: Building image.
06:41:59 INFO Waiting for model:
  test-w4n28w4h/0 [idle] waiting: Waiting for image over integration.
  github-runner-image-builder-w4n28w4h/0 [executing] active: Building image.
06:42:29 INFO Waiting for model:
  test-w4n28w4h/0 [idle] waiting: Waiting for image over integration.
  github-runner-image-builder-w4n28w4h/0 [executing] active: Building image.
06:42:59 INFO Waiting for model:
  test-w4n28w4h/0 [idle] waiting: Waiting for image over integration.
  github-runner-image-builder-w4n28w4h/0 [executing] active: Building image.
06:43:29 INFO Waiting for model:
  test-w4n28w4h/0 [idle] waiting: Waiting for image over integration.
  github-runner-image-builder-w4n28w4h/0 [executing] active: Building image.
06:44:00 INFO Waiting for model:
  test-w4n28w4h/0 [idle] waiting: Waiting for image over integration.
  github-runner-image-builder-w4n28w4h/0 [executing] active: Building image.
06:44:30 INFO Waiting for model:
  test-w4n28w4h/0 [idle] waiting: Waiting for image over integration.
  github-runner-image-builder-w4n28w4h/0 [executing] active: Building image.
06:45:00 INFO Waiting for model:
  test-w4n28w4h/0 [idle] waiting: Waiting for image over integration.
  github-runner-image-builder-w4n28w4h/0 [executing] active: Building image.
06:45:31 INFO Waiting for model:
  test-w4n28w4h/0 [executing] maintenance: Update image for runners
  github-runner-image-builder-w4n28w4h/0 [idle] active: 
06:46:01 INFO Waiting for model:
  test-w4n28w4h/0 [idle] active: 
06:46:03 INFO GitHub token rate limit: Rate(reset=2025-08-08 06:47:13+00:00, remaining=4824, limit=5000)
06:47:10 INFO Waiting for model:
  test-w4n28w4h/0 [idle] active: 
06:47:41 INFO Waiting for model:
  test-w4n28w4h/0 [idle] active: 
06:47:44 INFO Current reconcile ID: 4ed0527f-d0c5-4c6b-acea-d9d15e24b93d
06:48:45 INFO Current reconcile ID: 4ed0527f-d0c5-4c6b-acea-d9d15e24b93d
06:49:46 INFO Current reconcile ID: 6fff7adc-5056-48f7-a97b-a8ddeb280bfc
06:49:54 INFO [TEST SETUP] Exposing port 8080 on test-w4n28w4h-0-n-2aef2e179cb8
06:49:54 WARNING dict_values([[{'version': 4, 'addr': '10.145.193.206', 'OS-EXT-IPS:type': 'fixed', 'OS-EXT-IPS-MAC:mac_addr': 'fa:16:3e:75:34:5d'}]])
06:49:55 INFO ssh tunnel command ssh -fNT -R 8080:localhost:8080 -i /home/runner-manager/.ssh/test-w4n28w4h-0-n-2aef2e179cb8.key -o "StrictHostKeyChecking no" -o "ControlPersist yes" ubuntu@10.145.193.206 &
06:49:57 INFO ssh tunnel result 0 None Warning: Permanently added '10.145.193.206' (ED25519) to the list of known hosts.

06:49:59 INFO [TEST SETUP] Run command nc -z localhost 8080 on test-w4n28w4h-0-n-2aef2e179cb8
06:49:59 WARNING dict_values([[{'version': 4, 'addr': '10.145.193.206', 'OS-EXT-IPS:type': 'fixed', 'OS-EXT-IPS-MAC:mac_addr': 'fa:16:3e:75:34:5d'}]])
06:50:00 WARNING ssh_cmd: su - ubuntu -c 'ssh -i /home/runner-manager/.ssh/test-w4n28w4h-0-n-2aef2e179cb8.key -o "StrictHostKeyChecking no" ubuntu@10.145.193.206 nc -z localhost 8080'
06:50:01 INFO Run command 'nc -z localhost 8080' in runner with result 0: 'None' 'Connection to localhost (127.0.0.1) 8080 port [tcp/http-alt] succeeded!
'
06:50:03 INFO [TEST SETUP] Run command curl http://localhost:8080 on test-w4n28w4h-0-n-2aef2e179cb8
06:50:03 WARNING dict_values([[{'version': 4, 'addr': '10.145.193.206', 'OS-EXT-IPS:type': 'fixed', 'OS-EXT-IPS-MAC:mac_addr': 'fa:16:3e:75:34:5d'}]])
06:50:04 WARNING ssh_cmd: su - ubuntu -c 'ssh -i /home/runner-manager/.ssh/test-w4n28w4h-0-n-2aef2e179cb8.key -o "StrictHostKeyChecking no" ubuntu@10.145.193.206 curl http://localhost:8080'
06:50:05 INFO Run command 'curl http://localhost:8080' in runner with result 0: '<!doctype html>
<html lang=en>
<title>404 Not Found</title>
<h1>Not Found</h1>
<p>The requested URL was not found on the server. If you entered the URL manually please check your spelling and try again.</p>
' '  % Total    % Received % Xferd  Average Speed   Time    Time     Time  Current
                                 Dload  Upload   Total   Spent    Left  Speed
  0     0    0     0    0     0      0      0 --:--:-- --:--:-- --:--:--     0100   207  100   207    0     0  58326      0 --:--:-- --:--:-- --:--:-- 69000
'
06:50:07 INFO Wait for condition not met, sleeping 10
06:50:23 INFO Model status:

Model                      Controller           Cloud/Region         Version  SLA          Timestamp
test-charm-fork-repo-0i7k  github-pr-b2250-lxd  localhost/localhost  3.6.8    unsupported  06:50:23Z

App                                   Version  Status  Scale  Charm                        Channel      Rev  Exposed  Message
github-runner-image-builder-w4n28w4h           active      1  github-runner-image-builder  latest/edge  100  no       
test-w4n28w4h                                  active      1  github-runner                               0  yes      

Unit                                     Workload  Agent  Machine  Public address  Ports     Message
github-runner-image-builder-w4n28w4h/0*  active    idle   0        10.93.22.148              
test-w4n28w4h/0*                         active    idle   1        10.93.22.113    8080/tcp  

Machine  State    Address       Inst id        Base          AZ  Message
0        started  10.93.22.148  juju-2fc4d3-0  ubuntu@22.04      Running
1        started  10.93.22.113  juju-2fc4d3-1  ubuntu@22.04      Running

06:50:24 INFO Juju error logs:

machine-0: 06:27:33 ERROR juju.worker.dependency "lxd-container-provisioner" manifold worker returned unexpected error: container types not yet available
machine-0: 06:27:33 ERROR juju.worker.dependency "kvm-container-provisioner" manifold worker returned unexpected error: container types not yet available
unit-github-runner-image-builder-w4n28w4h-0: 06:27:33 ERROR juju.worker.meterstatus error running "meter-status-changed": charm missing from disk
machine-1: 06:27:43 ERROR juju.worker.dependency "lxd-container-provisioner" manifold worker returned unexpected error: container types not yet available
machine-1: 06:27:43 ERROR juju.worker.dependency "kvm-container-provisioner" manifold worker returned unexpected error: container types not yet available
unit-test-w4n28w4h-0: 06:27:43 ERROR juju.worker.meterstatus error running "meter-status-changed": charm missing from disk
unit-github-runner-image-builder-w4n28w4h-0: 06:28:23 ERROR unit.github-runner-image-builder-w4n28w4h/0.juju-log Pipx command failed, code: 1, out: None, err: None
unit-test-w4n28w4h-0: 06:29:02 ERROR unit.test-w4n28w4h/0.juju-log Missing image integration.
Traceback (most recent call last):
  File "/var/lib/juju/agents/unit-test-w4n28w4h-0/charm/./src/charm.py", line 118, in func_with_catch_errors
    func(self, event)
  File "/var/lib/juju/agents/unit-test-w4n28w4h-0/charm/./src/charm.py", line 342, in _on_config_changed
    self._check_image_ready()
  File "/var/lib/juju/agents/unit-test-w4n28w4h-0/charm/./src/charm.py", line 512, in _check_image_ready
    raise ImageIntegrationMissingError("No image integration found")
errors.ImageIntegrationMissingError: No image integration found
unit-test-w4n28w4h-0: 06:29:05 ERROR unit.test-w4n28w4h/0.juju-log Missing image integration.
Traceback (most recent call last):
  File "/var/lib/juju/agents/unit-test-w4n28w4h-0/charm/./src/charm.py", line 118, in func_with_catch_errors
    func(self, event)
  File "/var/lib/juju/agents/unit-test-w4n28w4h-0/charm/./src/charm.py", line 313, in _on_start
    self._check_image_ready()
  File "/var/lib/juju/agents/unit-test-w4n28w4h-0/charm/./src/charm.py", line 512, in _check_image_ready
    raise ImageIntegrationMissingError("No image integration found")
errors.ImageIntegrationMissingError: No image integration found
unit-test-w4n28w4h-0: 06:31:52 ERROR unit.test-w4n28w4h/0.juju-log image:0: Missing image in image integration.
Traceback (most recent call last):
  File "/var/lib/juju/agents/unit-test-w4n28w4h-0/charm/./src/charm.py", line 118, in func_with_catch_errors
    func(self, event)
  File "/var/lib/juju/agents/unit-test-w4n28w4h-0/charm/./src/charm.py", line 477, in _on_image_relation_changed
    self._check_image_ready()
  File "/var/lib/juju/agents/unit-test-w4n28w4h-0/charm/./src/charm.py", line 514, in _check_image_ready
    raise ImageNotFoundError("No image found in the image integration")
errors.ImageNotFoundError: No image found in the image integration

06:50:24 INFO Forgetting model main...