06:24:58 WARNING unexpected facade SSHServer received from the controller
06:24:58 INFO Adding model github-pr-a94c6-lxd:test-charm-fork-repo-3us3 on cloud localhost
06:24:58 WARNING unexpected facade SSHServer received from the controller
06:24:58 WARNING unexpected facade SSHSession received from the controller
06:24:58 WARNING unexpected facade SSHTunneler received from the controller
06:24:59 INFO Deploying ch:amd64/jammy/github-runner-image-builder-128
06:25:11 INFO Deploying local:jammy/github-runner-0
06:25:11 INFO Waiting for model:
  test-vjgnmi8n/0 [allocating] waiting: waiting for machine
  github-runner-image-builder-vjgnmi8n/0 [allocating] waiting: waiting for machine
06:25:41 INFO Waiting for model:
  test-vjgnmi8n/0 [allocating] waiting: waiting for machine
  github-runner-image-builder-vjgnmi8n/0 [allocating] waiting: waiting for machine
06:26:11 INFO Waiting for model:
  test-vjgnmi8n/0 [executing] maintenance: installing charm software
  github-runner-image-builder-vjgnmi8n/0 [executing] maintenance: Setting up Builder.
06:26:42 INFO Waiting for model:
  test-vjgnmi8n/0 [executing] maintenance: installing charm software
  github-runner-image-builder-vjgnmi8n/0 [executing] maintenance: Setting up Builder.
06:27:12 INFO Waiting for model:
  test-vjgnmi8n/0 [idle] blocked: Please provide image integration.
  github-runner-image-builder-vjgnmi8n/0 [executing] maintenance: Setting up Builder.
06:27:42 INFO Waiting for model:
  test-vjgnmi8n/0 [idle] blocked: Please provide image integration.
  github-runner-image-builder-vjgnmi8n/0 [executing] maintenance: Setting up Builder.
06:28:13 INFO Waiting for model:
  test-vjgnmi8n/0 [idle] waiting: Waiting for image over integration.
  github-runner-image-builder-vjgnmi8n/0 [executing] blocked: image integration required.
06:28:43 INFO Waiting for model:
  test-vjgnmi8n/0 [idle] waiting: Waiting for image over integration.
  github-runner-image-builder-vjgnmi8n/0 [executing] active: Building image.
06:29:14 INFO Waiting for model:
  test-vjgnmi8n/0 [idle] waiting: Waiting for image over integration.
  github-runner-image-builder-vjgnmi8n/0 [executing] active: Building image.
06:29:44 INFO Waiting for model:
  test-vjgnmi8n/0 [idle] waiting: Waiting for image over integration.
  github-runner-image-builder-vjgnmi8n/0 [executing] active: Building image.
06:30:14 INFO Waiting for model:
  test-vjgnmi8n/0 [idle] waiting: Waiting for image over integration.
  github-runner-image-builder-vjgnmi8n/0 [executing] active: Building image.
06:30:45 INFO Waiting for model:
  test-vjgnmi8n/0 [idle] waiting: Waiting for image over integration.
  github-runner-image-builder-vjgnmi8n/0 [executing] active: Building image.
06:31:15 INFO Waiting for model:
  test-vjgnmi8n/0 [idle] waiting: Waiting for image over integration.
  github-runner-image-builder-vjgnmi8n/0 [executing] active: Building image.
06:31:46 INFO Waiting for model:
  test-vjgnmi8n/0 [idle] waiting: Waiting for image over integration.
  github-runner-image-builder-vjgnmi8n/0 [executing] active: Building image.
06:32:16 INFO Waiting for model:
  test-vjgnmi8n/0 [idle] waiting: Waiting for image over integration.
  github-runner-image-builder-vjgnmi8n/0 [executing] active: Building image.
06:32:46 INFO Waiting for model:
  test-vjgnmi8n/0 [idle] waiting: Waiting for image over integration.
  github-runner-image-builder-vjgnmi8n/0 [executing] active: Building image.
06:33:17 INFO Waiting for model:
  test-vjgnmi8n/0 [idle] waiting: Waiting for image over integration.
  github-runner-image-builder-vjgnmi8n/0 [executing] active: Building image.
06:33:47 INFO Waiting for model:
  test-vjgnmi8n/0 [idle] waiting: Waiting for image over integration.
  github-runner-image-builder-vjgnmi8n/0 [executing] active: Building image.
06:34:17 INFO Waiting for model:
  test-vjgnmi8n/0 [idle] waiting: Waiting for image over integration.
  github-runner-image-builder-vjgnmi8n/0 [executing] active: Building image.
06:34:48 INFO Waiting for model:
  test-vjgnmi8n/0 [idle] waiting: Waiting for image over integration.
  github-runner-image-builder-vjgnmi8n/0 [executing] active: Building image.
06:35:18 INFO Waiting for model:
  test-vjgnmi8n/0 [idle] waiting: Waiting for image over integration.
  github-runner-image-builder-vjgnmi8n/0 [executing] active: Building image.
06:35:49 INFO Waiting for model:
  test-vjgnmi8n/0 [idle] waiting: Waiting for image over integration.
  github-runner-image-builder-vjgnmi8n/0 [executing] active: Building image.
06:36:19 INFO Waiting for model:
  test-vjgnmi8n/0 [idle] waiting: Waiting for image over integration.
  github-runner-image-builder-vjgnmi8n/0 [executing] active: Building image.
06:36:50 INFO Waiting for model:
  test-vjgnmi8n/0 [idle] waiting: Waiting for image over integration.
  github-runner-image-builder-vjgnmi8n/0 [executing] active: Building image.
06:37:20 INFO Waiting for model:
  test-vjgnmi8n/0 [idle] waiting: Waiting for image over integration.
  github-runner-image-builder-vjgnmi8n/0 [executing] active: Building image.
06:37:51 INFO Waiting for model:
  test-vjgnmi8n/0 [idle] waiting: Waiting for image over integration.
  github-runner-image-builder-vjgnmi8n/0 [executing] active: Building image.
06:38:21 INFO Waiting for model:
  test-vjgnmi8n/0 [idle] waiting: Waiting for image over integration.
  github-runner-image-builder-vjgnmi8n/0 [executing] active: Building image.
06:38:52 INFO Waiting for model:
  test-vjgnmi8n/0 [idle] waiting: Waiting for image over integration.
  github-runner-image-builder-vjgnmi8n/0 [executing] active: Building image.
06:39:22 INFO Waiting for model:
  test-vjgnmi8n/0 [idle] waiting: Waiting for image over integration.
  github-runner-image-builder-vjgnmi8n/0 [executing] active: Building image.
06:39:52 INFO Waiting for model:
  test-vjgnmi8n/0 [idle] waiting: Waiting for image over integration.
  github-runner-image-builder-vjgnmi8n/0 [executing] active: Building image.
06:40:23 INFO Waiting for model:
  test-vjgnmi8n/0 [idle] waiting: Waiting for image over integration.
  github-runner-image-builder-vjgnmi8n/0 [executing] active: Building image.
06:40:53 INFO Waiting for model:
  test-vjgnmi8n/0 [idle] waiting: Waiting for image over integration.
  github-runner-image-builder-vjgnmi8n/0 [executing] active: Building image.
06:41:23 INFO Waiting for model:
  test-vjgnmi8n/0 [idle] waiting: Waiting for image over integration.
  github-runner-image-builder-vjgnmi8n/0 [executing] active: Building image.
06:41:53 INFO Waiting for model:
  test-vjgnmi8n/0 [idle] waiting: Waiting for image over integration.
  github-runner-image-builder-vjgnmi8n/0 [executing] active: Building image.
06:42:23 INFO Waiting for model:
  test-vjgnmi8n/0 [idle] waiting: Waiting for image over integration.
  github-runner-image-builder-vjgnmi8n/0 [executing] active: Building image.
06:42:53 INFO Waiting for model:
  test-vjgnmi8n/0 [idle] waiting: Waiting for image over integration.
  github-runner-image-builder-vjgnmi8n/0 [executing] active: Building image.
06:43:24 INFO Waiting for model:
  test-vjgnmi8n/0 [idle] waiting: Waiting for image over integration.
  github-runner-image-builder-vjgnmi8n/0 [executing] active: Building image.
06:43:54 INFO Waiting for model:
  test-vjgnmi8n/0 [executing] maintenance: Update image for runners
  github-runner-image-builder-vjgnmi8n/0 [idle] active: 
06:44:17 INFO GitHub token rate limit: Rate(reset=2025-11-09 07:25:05+00:00, remaining=4891, limit=5000)
06:45:07 INFO Waiting for model:
  test-vjgnmi8n/0 [idle] active: 
06:45:37 INFO Waiting for model:
  test-vjgnmi8n/0 [idle] active: 
06:45:40 INFO Current reconcile ID: 3b37fca0-f3de-44fe-83af-2e8c584f9472
06:45:40 INFO Waiting for reconcile ID: 3b37fca0-f3de-44fe-83af-2e8c584f9472
06:46:41 INFO Current reconcile ID: 3b37fca0-f3de-44fe-83af-2e8c584f9472
06:46:41 INFO Current reconcile ID: 3b37fca0-f3de-44fe-83af-2e8c584f9472, expected reconcile ID: 3b37fca0-f3de-44fe-83af-2e8c584f9472
06:46:41 INFO Waiting for reconcile ID: 3b37fca0-f3de-44fe-83af-2e8c584f9472
06:47:42 INFO Current reconcile ID: ec4ad27a-11b1-48b5-9495-01464b81e997
06:47:42 INFO Current reconcile ID: ec4ad27a-11b1-48b5-9495-01464b81e997, expected reconcile ID: 3b37fca0-f3de-44fe-83af-2e8c584f9472
06:48:19 INFO [TEST SETUP] Exposing port 8080 on test-vjgnmi8n-0-n-748756f71e95
06:48:19 WARNING dict_values([[{'version': 4, 'addr': '10.151.122.241', 'OS-EXT-IPS:type': 'fixed', 'OS-EXT-IPS-MAC:mac_addr': 'fa:16:3e:ac:7c:0f'}]])
06:48:20 INFO ssh tunnel command ssh -fNT -R 8080:localhost:8080 -i /home/runner-manager/.ssh/test-vjgnmi8n-0-n-748756f71e95.key -o "StrictHostKeyChecking no" -o "ControlPersist yes" ubuntu@10.151.122.241 &
06:48:21 INFO ssh tunnel result 0 None Warning: Permanently added '10.151.122.241' (ED25519) to the list of known hosts.

06:48:22 INFO [TEST SETUP] Run command nc -z localhost 8080 on test-vjgnmi8n-0-n-748756f71e95
06:48:22 WARNING dict_values([[{'version': 4, 'addr': '10.151.122.241', 'OS-EXT-IPS:type': 'fixed', 'OS-EXT-IPS-MAC:mac_addr': 'fa:16:3e:ac:7c:0f'}]])
06:48:23 WARNING ssh_cmd: su - ubuntu -c 'ssh -i /home/runner-manager/.ssh/test-vjgnmi8n-0-n-748756f71e95.key -o "StrictHostKeyChecking no" ubuntu@10.151.122.241 nc -z localhost 8080'
06:48:24 INFO Run command 'nc -z localhost 8080' in runner with result 0: 'None' 'Connection to localhost (127.0.0.1) 8080 port [tcp/http-alt] succeeded!
'
06:48:24 INFO [TEST SETUP] Run command curl http://localhost:8080 on test-vjgnmi8n-0-n-748756f71e95
06:48:24 WARNING dict_values([[{'version': 4, 'addr': '10.151.122.241', 'OS-EXT-IPS:type': 'fixed', 'OS-EXT-IPS-MAC:mac_addr': 'fa:16:3e:ac:7c:0f'}]])
06:48:25 WARNING ssh_cmd: su - ubuntu -c 'ssh -i /home/runner-manager/.ssh/test-vjgnmi8n-0-n-748756f71e95.key -o "StrictHostKeyChecking no" ubuntu@10.151.122.241 curl http://localhost:8080'
06:48:26 INFO Run command 'curl http://localhost:8080' in runner with result 0: '<!doctype html>
<html lang=en>
<title>404 Not Found</title>
<h1>Not Found</h1>
<p>The requested URL was not found on the server. If you entered the URL manually please check your spelling and try again.</p>
' '  % Total    % Received % Xferd  Average Speed   Time    Time     Time  Current
                                 Dload  Upload   Total   Spent    Left  Speed
  0     0    0     0    0     0      0      0 --:--:-- --:--:-- --:--:--     0100   207  100   207    0     0   113k      0 --:--:-- --:--:-- --:--:--  202k
'
06:48:28 INFO Wait for condition not met, sleeping 10
06:48:39 INFO Wait for condition not met, sleeping 60
06:49:43 INFO Model status:

Model                      Controller           Cloud/Region         Version  SLA          Timestamp
test-charm-fork-repo-3us3  github-pr-a94c6-lxd  localhost/localhost  3.6.11   unsupported  06:49:43Z

App                                   Version  Status  Scale  Charm                        Channel      Rev  Exposed  Message
github-runner-image-builder-vjgnmi8n           active      1  github-runner-image-builder  latest/edge  128  no       
test-vjgnmi8n                                  active      1  github-runner                               0  yes      

Unit                                     Workload  Agent  Machine  Public address  Ports     Message
github-runner-image-builder-vjgnmi8n/0*  active    idle   0        10.209.44.65              
test-vjgnmi8n/0*                         active    idle   1        10.209.44.26    8080/tcp  

Machine  State    Address       Inst id        Base          AZ             Message
0        started  10.209.44.65  juju-a0b6c9-0  ubuntu@22.04  github-runner  Running
1        started  10.209.44.26  juju-a0b6c9-1  ubuntu@22.04  github-runner  Running

06:49:43 INFO Juju error logs:

machine-0: 06:25:45 ERROR juju.worker.dependency "kvm-container-provisioner" manifold worker returned unexpected error: container types not yet available
machine-0: 06:25:45 ERROR juju.worker.dependency "lxd-container-provisioner" manifold worker returned unexpected error: container types not yet available
machine-1: 06:25:56 ERROR juju.worker.dependency "kvm-container-provisioner" manifold worker returned unexpected error: container types not yet available
machine-1: 06:25:56 ERROR juju.worker.dependency "lxd-container-provisioner" manifold worker returned unexpected error: container types not yet available
unit-github-runner-image-builder-vjgnmi8n-0: 06:26:24 ERROR unit.github-runner-image-builder-vjgnmi8n/0.juju-log Pipx command failed, code: 1, out: None, err: None
unit-test-vjgnmi8n-0: 06:26:52 ERROR unit.test-vjgnmi8n/0.juju-log Missing image integration.
Traceback (most recent call last):
  File "/var/lib/juju/agents/unit-test-vjgnmi8n-0/charm/./src/charm.py", line 118, in func_with_catch_errors
    func(self, event)
  File "/var/lib/juju/agents/unit-test-vjgnmi8n-0/charm/./src/charm.py", line 342, in _on_config_changed
    self._check_image_ready()
  File "/var/lib/juju/agents/unit-test-vjgnmi8n-0/charm/./src/charm.py", line 512, in _check_image_ready
    raise ImageIntegrationMissingError("No image integration found")
errors.ImageIntegrationMissingError: No image integration found
unit-test-vjgnmi8n-0: 06:26:54 ERROR unit.test-vjgnmi8n/0.juju-log Missing image integration.
Traceback (most recent call last):
  File "/var/lib/juju/agents/unit-test-vjgnmi8n-0/charm/./src/charm.py", line 118, in func_with_catch_errors
    func(self, event)
  File "/var/lib/juju/agents/unit-test-vjgnmi8n-0/charm/./src/charm.py", line 313, in _on_start
    self._check_image_ready()
  File "/var/lib/juju/agents/unit-test-vjgnmi8n-0/charm/./src/charm.py", line 512, in _check_image_ready
    raise ImageIntegrationMissingError("No image integration found")
errors.ImageIntegrationMissingError: No image integration found
unit-test-vjgnmi8n-0: 06:28:08 ERROR unit.test-vjgnmi8n/0.juju-log image:0: Missing image in image integration.
Traceback (most recent call last):
  File "/var/lib/juju/agents/unit-test-vjgnmi8n-0/charm/./src/charm.py", line 118, in func_with_catch_errors
    func(self, event)
  File "/var/lib/juju/agents/unit-test-vjgnmi8n-0/charm/./src/charm.py", line 477, in _on_image_relation_changed
    self._check_image_ready()
  File "/var/lib/juju/agents/unit-test-vjgnmi8n-0/charm/./src/charm.py", line 514, in _check_image_ready
    raise ImageNotFoundError("No image found in the image integration")
errors.ImageNotFoundError: No image found in the image integration

06:49:43 INFO Forgetting model main...