06:43:43 INFO Waiting for model:
  test-gkfknina/0 [idle] active:
06:45:03 INFO Model status:

Model                      Controller           Cloud/Region         Version  SLA          Timestamp
test-charm-no-runner-3d65  github-pr-7a194-lxd  localhost/localhost  3.6.7    unsupported  06:45:03Z

App                                   Version  Status  Scale  Charm                        Channel      Rev  Exposed  Message
github-runner-image-builder-gkfknina           active      1  github-runner-image-builder  latest/edge   86  no       
test-gkfknina                                  active      1  github-runner                               0  no       

Unit                                     Workload  Agent  Machine  Public address  Ports  Message
github-runner-image-builder-gkfknina/0*  active    idle   0        10.94.52.165           
test-gkfknina/0*                         active    idle   1        10.94.52.236           

Machine  State    Address       Inst id        Base          AZ  Message
0        started  10.94.52.165  juju-19b5be-0  ubuntu@22.04      Running
1        started  10.94.52.236  juju-19b5be-1  ubuntu@22.04      Running

06:45:03 INFO Juju error logs:

machine-1: 06:25:33 ERROR juju.worker.dependency "lxd-container-provisioner" manifold worker returned unexpected error: container types not yet available
machine-1: 06:25:33 ERROR juju.worker.dependency "kvm-container-provisioner" manifold worker returned unexpected error: container types not yet available
unit-test-gkfknina-0: 06:25:33 ERROR juju.worker.meterstatus error running "meter-status-changed": charm missing from disk
machine-0: 06:25:35 ERROR juju.worker.dependency "kvm-container-provisioner" manifold worker returned unexpected error: container types not yet available
machine-0: 06:25:35 ERROR juju.worker.dependency "lxd-container-provisioner" manifold worker returned unexpected error: container types not yet available
unit-github-runner-image-builder-gkfknina-0: 06:25:35 ERROR juju.worker.meterstatus error running "meter-status-changed": charm missing from disk
unit-github-runner-image-builder-gkfknina-0: 06:26:13 ERROR unit.github-runner-image-builder-gkfknina/0.juju-log Pipx command failed, code: 1, out: None, err: None
unit-test-gkfknina-0: 06:26:33 ERROR unit.test-gkfknina/0.juju-log Missing image integration.
Traceback (most recent call last):
  File "/var/lib/juju/agents/unit-test-gkfknina-0/charm/./src/charm.py", line 119, in func_with_catch_errors
    func(self, event)
  File "/var/lib/juju/agents/unit-test-gkfknina-0/charm/./src/charm.py", line 329, in _on_config_changed
    self._check_image_ready()
  File "/var/lib/juju/agents/unit-test-gkfknina-0/charm/./src/charm.py", line 481, in _check_image_ready
    raise ImageIntegrationMissingError("No image integration found")
errors.ImageIntegrationMissingError: No image integration found
unit-test-gkfknina-0: 06:26:35 ERROR unit.test-gkfknina/0.juju-log Missing image integration.
Traceback (most recent call last):
  File "/var/lib/juju/agents/unit-test-gkfknina-0/charm/./src/charm.py", line 119, in func_with_catch_errors
    func(self, event)
  File "/var/lib/juju/agents/unit-test-gkfknina-0/charm/./src/charm.py", line 304, in _on_start
    self._check_image_ready()
  File "/var/lib/juju/agents/unit-test-gkfknina-0/charm/./src/charm.py", line 481, in _check_image_ready
    raise ImageIntegrationMissingError("No image integration found")
errors.ImageIntegrationMissingError: No image integration found
unit-test-gkfknina-0: 06:28:12 ERROR unit.test-gkfknina/0.juju-log image:0: Missing image in image integration.
Traceback (most recent call last):
  File "/var/lib/juju/agents/unit-test-gkfknina-0/charm/./src/charm.py", line 119, in func_with_catch_errors
    func(self, event)
  File "/var/lib/juju/agents/unit-test-gkfknina-0/charm/./src/charm.py", line 464, in _on_image_relation_changed
    self._check_image_ready()
  File "/var/lib/juju/agents/unit-test-gkfknina-0/charm/./src/charm.py", line 483, in _check_image_ready
    raise ImageNotFoundError("No image found in the image integration")
errors.ImageNotFoundError: No image found in the image integration

06:45:03 INFO Forgetting model main...